host: phoenix-17.prism
Building DAG of jobs...
Using shell: /usr/bin/bash
Provided remote nodes: 1
Provided resources: mem_mb=100000, mem_mib=95368, disk_mb=1000, disk_mib=954
Conda environments: ignored
Select jobs to execute...
Execute 1 jobs...

[Fri Mar  7 16:51:40 2025]
rule BUSCO_polished:
    input: /private/groups/russelllab/jodie/merrill_23_wRi_genome/polished/merrill_23_all_basecalled/wRi/polished.fasta
    output: busco/merrill_23_all_basecalled/polished/wRi/short_summary.specific.fasta
    jobid: 0
    reason: Forced execution
    wildcards: sample=merrill_23_all_basecalled
    threads: 16
    resources: mem_mb=100000, mem_mib=95368, disk_mb=1000, disk_mib=954, tmpdir=<TBD>, slurm_partition=medium, runtime=60

host: phoenix-17.prism
Building DAG of jobs...
Using shell: /usr/bin/bash
Provided cores: 16
Rules claiming more threads will be scaled down.
Provided resources: mem_mb=100000, mem_mib=95368, disk_mb=1000, disk_mib=954
Conda environments: ignored
Select jobs to execute...
Execute 1 jobs...

[Fri Mar  7 16:51:41 2025]
localrule BUSCO_polished:
    input: /private/groups/russelllab/jodie/merrill_23_wRi_genome/polished/merrill_23_all_basecalled/wRi/polished.fasta
    output: busco/merrill_23_all_basecalled/polished/wRi/short_summary.specific.fasta
    jobid: 0
    reason: Forced execution
    wildcards: sample=merrill_23_all_basecalled
    threads: 16
    resources: mem_mb=100000, mem_mib=95368, disk_mb=1000, disk_mib=954, tmpdir=/data/tmp, slurm_partition=medium, runtime=60

/usr/bin/bash: line 3: busco: command not found
[Fri Mar  7 16:51:41 2025]
Error in rule BUSCO_polished:
    jobid: 0
    input: /private/groups/russelllab/jodie/merrill_23_wRi_genome/polished/merrill_23_all_basecalled/wRi/polished.fasta
    output: busco/merrill_23_all_basecalled/polished/wRi/short_summary.specific.fasta
    conda-env: busco
    shell:
         
            mkdir -p busco/merrill_23_all_basecalled/polished/wRi/
            busco -i /private/groups/russelllab/jodie/merrill_23_wRi_genome/polished/merrill_23_all_basecalled/wRi/polished.fasta -o busco/merrill_23_all_basecalled/polished/wRi/ -l rickettsiales_odb10 -m genome --cpu 16
        
        (one of the commands exited with non-zero exit code; note that snakemake uses bash strict mode!)

Shutting down, this might take some time.
Exiting because a job execution failed. Look above for error message
Storing output in storage.
WorkflowError:
At least one job did not complete successfully.
srun: error: phoenix-17: task 0: Exited with exit code 1
[Fri Mar  7 16:51:41 2025]
Error in rule BUSCO_polished:
    jobid: 0
    input: /private/groups/russelllab/jodie/merrill_23_wRi_genome/polished/merrill_23_all_basecalled/wRi/polished.fasta
    output: busco/merrill_23_all_basecalled/polished/wRi/short_summary.specific.fasta
    conda-env: busco
    shell:
         
            mkdir -p busco/merrill_23_all_basecalled/polished/wRi/
            busco -i /private/groups/russelllab/jodie/merrill_23_wRi_genome/polished/merrill_23_all_basecalled/wRi/polished.fasta -o busco/merrill_23_all_basecalled/polished/wRi/ -l rickettsiales_odb10 -m genome --cpu 16
        
        (one of the commands exited with non-zero exit code; note that snakemake uses bash strict mode!)

Shutting down, this might take some time.
Exiting because a job execution failed. Look above for error message
Storing output in storage.
WorkflowError:
At least one job did not complete successfully.
