host: phoenix-10.prism
Building DAG of jobs...
Using shell: /usr/bin/bash
Provided remote nodes: 1
Provided resources: mem_mb=100000, mem_mib=95368, disk_mb=1000, disk_mib=954
Select jobs to execute...
Execute 1 jobs...

[Fri Mar  7 21:01:14 2025]
rule BUSCO_polished:
    input: /private/groups/russelllab/jodie/merrill_23_wRi_genome/polished/merrill_23_all_basecalled/wRi/polished.fasta
    output: busco/merrill_23_all_basecalled/polished/wRi/short_summary.specific.fasta
    jobid: 0
    reason: Forced execution
    wildcards: sample=merrill_23_all_basecalled
    threads: 16
    resources: mem_mb=100000, mem_mib=95368, disk_mb=1000, disk_mib=954, tmpdir=<TBD>, slurm_partition=medium, runtime=60

host: phoenix-10.prism
Building DAG of jobs...
Using shell: /usr/bin/bash
Provided cores: 16
Rules claiming more threads will be scaled down.
Provided resources: mem_mb=100000, mem_mib=95368, disk_mb=1000, disk_mib=954
Select jobs to execute...
Execute 1 jobs...

[Fri Mar  7 21:01:15 2025]
localrule BUSCO_polished:
    input: /private/groups/russelllab/jodie/merrill_23_wRi_genome/polished/merrill_23_all_basecalled/wRi/polished.fasta
    output: busco/merrill_23_all_basecalled/polished/wRi/short_summary.specific.fasta
    jobid: 0
    reason: Forced execution
    wildcards: sample=merrill_23_all_basecalled
    threads: 16
    resources: mem_mb=100000, mem_mib=95368, disk_mb=1000, disk_mib=954, tmpdir=/data/tmp, slurm_partition=medium, runtime=60

Activating conda environment: busco
2025-03-07 21:01:18 INFO:	***** Start a BUSCO v5.8.2 analysis, current time: 03/07/2025 21:01:18 *****
2025-03-07 21:01:18 INFO:	Configuring BUSCO with local environment
2025-03-07 21:01:18 INFO:	Running genome mode
2025-03-07 21:01:18 ERROR:	A run with the name busco/merrill_23_all_basecalled/polished/wRi already exists...
	If you are sure you wish to overwrite existing files, please use the -f (force) option
2025-03-07 21:01:18 ERROR:	BUSCO analysis failed!
2025-03-07 21:01:18 ERROR:	Check the logs, read the user guide (https://busco.ezlab.org/busco_userguide.html), and check the BUSCO issue board on https://gitlab.com/ezlab/busco/issues

[Fri Mar  7 21:01:19 2025]
Error in rule BUSCO_polished:
    jobid: 0
    input: /private/groups/russelllab/jodie/merrill_23_wRi_genome/polished/merrill_23_all_basecalled/wRi/polished.fasta
    output: busco/merrill_23_all_basecalled/polished/wRi/short_summary.specific.fasta
    conda-env: busco
    shell:
         
            mkdir -p busco/merrill_23_all_basecalled/polished/wRi/
            busco -i /private/groups/russelllab/jodie/merrill_23_wRi_genome/polished/merrill_23_all_basecalled/wRi/polished.fasta -o busco/merrill_23_all_basecalled/polished/wRi/ -l rickettsiales_odb10 -m genome --cpu 16
        
        (one of the commands exited with non-zero exit code; note that snakemake uses bash strict mode!)

Shutting down, this might take some time.
Exiting because a job execution failed. Look above for error message
Storing output in storage.
WorkflowError:
At least one job did not complete successfully.
srun: error: phoenix-10: task 0: Exited with exit code 1
[Fri Mar  7 21:01:19 2025]
Error in rule BUSCO_polished:
    jobid: 0
    input: /private/groups/russelllab/jodie/merrill_23_wRi_genome/polished/merrill_23_all_basecalled/wRi/polished.fasta
    output: busco/merrill_23_all_basecalled/polished/wRi/short_summary.specific.fasta
    conda-env: busco
    shell:
         
            mkdir -p busco/merrill_23_all_basecalled/polished/wRi/
            busco -i /private/groups/russelllab/jodie/merrill_23_wRi_genome/polished/merrill_23_all_basecalled/wRi/polished.fasta -o busco/merrill_23_all_basecalled/polished/wRi/ -l rickettsiales_odb10 -m genome --cpu 16
        
        (one of the commands exited with non-zero exit code; note that snakemake uses bash strict mode!)

Shutting down, this might take some time.
Exiting because a job execution failed. Look above for error message
Storing output in storage.
WorkflowError:
At least one job did not complete successfully.
