host: phoenix-06.prism
Building DAG of jobs...
Using shell: /usr/bin/bash
Provided remote nodes: 1
Provided resources: mem_mb=100000, mem_mib=95368, disk_mb=1000, disk_mib=954
Select jobs to execute...
Execute 1 jobs...

[Fri Mar  7 21:03:16 2025]
rule bam2fastq_illumina:
    input: /private/groups/russelllab/jodie/merrill_23_wRi_genome/short_reads/wRi.bam
    output: /private/groups/russelllab/jodie/merrill_23_wRi_genome/short_reads/wRi_R1.fastq.gz, /private/groups/russelllab/jodie/merrill_23_wRi_genome/short_reads/wRi_R2.fastq.gz, /private/groups/russelllab/jodie/merrill_23_wRi_genome/short_reads/wRi_singleton.fastq.gz
    jobid: 0
    reason: Forced execution
    threads: 8
    resources: mem_mb=100000, mem_mib=95368, disk_mb=1000, disk_mib=954, tmpdir=<TBD>, slurm_partition=medium, runtime=200

host: phoenix-06.prism
Building DAG of jobs...
Using shell: /usr/bin/bash
Provided cores: 8
Rules claiming more threads will be scaled down.
Provided resources: mem_mb=100000, mem_mib=95368, disk_mb=1000, disk_mib=954
Select jobs to execute...
Execute 1 jobs...

[Fri Mar  7 21:03:17 2025]
localrule bam2fastq_illumina:
    input: /private/groups/russelllab/jodie/merrill_23_wRi_genome/short_reads/wRi.bam
    output: /private/groups/russelllab/jodie/merrill_23_wRi_genome/short_reads/wRi_R1.fastq.gz, /private/groups/russelllab/jodie/merrill_23_wRi_genome/short_reads/wRi_R2.fastq.gz, /private/groups/russelllab/jodie/merrill_23_wRi_genome/short_reads/wRi_singleton.fastq.gz
    jobid: 0
    reason: Forced execution
    threads: 8
    resources: mem_mb=100000, mem_mib=95368, disk_mb=1000, disk_mib=954, tmpdir=/data/tmp, slurm_partition=medium, runtime=200

[M::bam2fq_mainloop] discarded 148314 singletons
[M::bam2fq_mainloop] processed 1847530 reads
[Fri Mar  7 21:03:22 2025]
Finished job 0.
1 of 1 steps (100%) done
Storing output in storage.
[Fri Mar  7 21:03:22 2025]
Finished job 0.
1 of 1 steps (100%) done
Storing output in storage.
