host: phoenix-06.prism
Building DAG of jobs...
Using shell: /usr/bin/bash
Provided remote nodes: 1
Provided resources: mem_mb=100000, mem_mib=95368, disk_mb=1000, disk_mib=954
Conda environments: ignored
Select jobs to execute...
Execute 1 jobs...

[Tue Mar 11 09:38:19 2025]
rule polish_merged_short_reads:
    input: /private/groups/russelllab/jodie/merrill_23_wRi_genome/merged_assembly/wRi/merged.fasta, /private/groups/russelllab/jodie/merrill_23_wRi_genome/short_reads/wRi_R1.fastq.gz, /private/groups/russelllab/jodie/merrill_23_wRi_genome/short_reads/wRi_R2.fastq.gz
    output: /private/groups/russelllab/jodie/merrill_23_wRi_genome/merged_polished/wRi/merged_pilon.fasta
    jobid: 0
    reason: Forced execution
    threads: 16
    resources: mem_mb=100000, mem_mib=95368, disk_mb=1000, disk_mib=954, tmpdir=<TBD>, slurm_partition=medium, runtime=360

host: phoenix-06.prism
Building DAG of jobs...
Using shell: /usr/bin/bash
Provided cores: 16
Rules claiming more threads will be scaled down.
Provided resources: mem_mb=100000, mem_mib=95368, disk_mb=1000, disk_mib=954
Conda environments: ignored
Select jobs to execute...
Execute 1 jobs...

[Tue Mar 11 09:38:21 2025]
localrule polish_merged_short_reads:
    input: /private/groups/russelllab/jodie/merrill_23_wRi_genome/merged_assembly/wRi/merged.fasta, /private/groups/russelllab/jodie/merrill_23_wRi_genome/short_reads/wRi_R1.fastq.gz, /private/groups/russelllab/jodie/merrill_23_wRi_genome/short_reads/wRi_R2.fastq.gz
    output: /private/groups/russelllab/jodie/merrill_23_wRi_genome/merged_polished/wRi/merged_pilon.fasta
    jobid: 0
    reason: Forced execution
    threads: 16
    resources: mem_mb=100000, mem_mib=95368, disk_mb=1000, disk_mib=954, tmpdir=/data/tmp, slurm_partition=medium, runtime=360

[bwa_index] Pack FASTA... 0.01 sec
[bwa_index] Construct BWT for the packed sequence...
[bwa_index] 0.29 seconds elapse.
[bwa_index] Update BWT... 0.01 sec
[bwa_index] Pack forward-only FASTA... 0.00 sec
[bwa_index] Construct SA from BWT and Occ... 0.13 sec
[main] Version: 0.7.18-r1243-dirty
[main] CMD: bwa index /private/groups/russelllab/jodie/merrill_23_wRi_genome/merged_polished/wRi//renamed.fasta
[main] Real time: 1.382 sec; CPU: 0.444 sec
[M::bwa_idx_load_from_disk] read 0 ALT contigs
[M::process] read 1067714 sequences (160000067 bp)...
[M::process] read 631502 sequences (94666914 bp)...
[M::mem_pestat] # candidate unique pairs for (FF, FR, RF, RR): (4851, 328658, 82, 4669)
[M::mem_pestat] analyzing insert size distribution for orientation FF...
[M::mem_pestat] (25, 50, 75) percentile: (246, 415, 982)
[M::mem_pestat] low and high boundaries for computing mean and std.dev: (1, 2454)
[M::mem_pestat] mean and std.dev: (558.21, 487.71)
[M::mem_pestat] low and high boundaries for proper pairs: (1, 3190)
[M::mem_pestat] analyzing insert size distribution for orientation FR...
[M::mem_pestat] (25, 50, 75) percentile: (263, 324, 402)
[M::mem_pestat] low and high boundaries for computing mean and std.dev: (1, 680)
[M::mem_pestat] mean and std.dev: (336.18, 96.85)
[M::mem_pestat] low and high boundaries for proper pairs: (1, 819)
[M::mem_pestat] analyzing insert size distribution for orientation RF...
[M::mem_pestat] (25, 50, 75) percentile: (104, 445, 2141)
[M::mem_pestat] low and high boundaries for computing mean and std.dev: (1, 6215)
[M::mem_pestat] mean and std.dev: (1132.88, 1620.51)
[M::mem_pestat] low and high boundaries for proper pairs: (1, 8252)
[M::mem_pestat] analyzing insert size distribution for orientation RR...
[M::mem_pestat] (25, 50, 75) percentile: (246, 416, 1000)
[M::mem_pestat] low and high boundaries for computing mean and std.dev: (1, 2508)
[M::mem_pestat] mean and std.dev: (570.48, 494.19)
[M::mem_pestat] low and high boundaries for proper pairs: (1, 3262)
[M::mem_pestat] skip orientation FF
[M::mem_pestat] skip orientation RF
[M::mem_pestat] skip orientation RR
[M::mem_process_seqs] Processed 1067714 reads in 167.363 CPU sec, 12.040 real sec
[M::mem_pestat] # candidate unique pairs for (FF, FR, RF, RR): (2914, 194283, 62, 2794)
[M::mem_pestat] analyzing insert size distribution for orientation FF...
[M::mem_pestat] (25, 50, 75) percentile: (249, 413, 1034)
[M::mem_pestat] low and high boundaries for computing mean and std.dev: (1, 2604)
[M::mem_pestat] mean and std.dev: (578.58, 524.94)
[M::mem_pestat] low and high boundaries for proper pairs: (1, 3389)
[M::mem_pestat] analyzing insert size distribution for orientation FR...
[M::mem_pestat] (25, 50, 75) percentile: (263, 324, 402)
[M::mem_pestat] low and high boundaries for computing mean and std.dev: (1, 680)
[M::mem_pestat] mean and std.dev: (336.17, 96.78)
[M::mem_pestat] low and high boundaries for proper pairs: (1, 819)
[M::mem_pestat] analyzing insert size distribution for orientation RF...
[M::mem_pestat] (25, 50, 75) percentile: (104, 614, 2122)
[M::mem_pestat] low and high boundaries for computing mean and std.dev: (1, 6158)
[M::mem_pestat] mean and std.dev: (1285.53, 1738.71)
[M::mem_pestat] low and high boundaries for proper pairs: (1, 8240)
[M::mem_pestat] analyzing insert size distribution for orientation RR...
[M::mem_pestat] (25, 50, 75) percentile: (246, 408, 973)
[M::mem_pestat] low and high boundaries for computing mean and std.dev: (1, 2427)
[M::mem_pestat] mean and std.dev: (555.52, 465.73)
[M::mem_pestat] low and high boundaries for proper pairs: (1, 3154)
[M::mem_pestat] skip orientation FF
[M::mem_pestat] skip orientation RF
[M::mem_pestat] skip orientation RR
[M::mem_process_seqs] Processed 631502 reads in 102.192 CPU sec, 6.644 real sec
[main] Version: 0.7.18-r1243-dirty
[main] CMD: bwa mem -t 16 /private/groups/russelllab/jodie/merrill_23_wRi_genome/merged_polished/wRi//renamed.fasta /private/groups/russelllab/jodie/merrill_23_wRi_genome/short_reads/wRi_R1.fastq.gz /private/groups/russelllab/jodie/merrill_23_wRi_genome/short_reads/wRi_R2.fastq.gz
[main] Real time: 29.427 sec; CPU: 272.176 sec
[bam_sort_core] merging from 0 files and 16 in-memory blocks...
Pilon version 1.24 Thu Jan 28 13:00:45 2021 -0500
--threads argument no longer supported; ignoring!
Genome: /private/groups/russelllab/jodie/merrill_23_wRi_genome/merged_polished/wRi//renamed.fasta
Fixing snps, indels, gaps, local
Input genome size: 1423279
Scanning BAMs
/private/groups/russelllab/jodie/merrill_23_wRi_genome/merged_polished/wRi/merged_sorted.bam: 1733448 reads, 0 filtered, 1511154 mapped, 1417711 proper, 72096 stray, FR 100% 339+/-101, max 1774
Processing wRi_contig_1:1-2655
frags /private/groups/russelllab/jodie/merrill_23_wRi_genome/merged_polished/wRi/merged_sorted.bam: coverage 707
Total Reads: 15801, Coverage: 707, minDepth: 71
Confirmed 2648 of 2655 bases (99.74%)
Corrected 0 snps; 0 ambiguous bases; corrected 1 small insertions totaling 1 bases, 3 small deletions totaling 6 bases
# Attempting to fix local continuity breaks
wRi_contig_1:1-2655 log:
Finished processing wRi_contig_1:1-2655
Processing wRi_contig_2:1-435167
frags /private/groups/russelllab/jodie/merrill_23_wRi_genome/merged_polished/wRi/merged_sorted.bam: coverage 121
Total Reads: 436784, Coverage: 121, minDepth: 12
Confirmed 434186 of 435167 bases (99.77%)
Corrected 0 snps; 0 ambiguous bases; corrected 2 small insertions totaling 4 bases, 151 small deletions totaling 217 bases
# Attempting to fix local continuity breaks
# fix break: wRi_contig_2:484-536 0 -0 +0 NoSolution
# fix break: wRi_contig_2:952-1030 0 -0 +0 NoSolution
# fix break: wRi_contig_2:1972-2062 0 -0 +0 NoSolution
fix break: wRi_contig_2:2499-3065 2504 -502 +489 BreakFix
# fix break: wRi_contig_2:3490-3517 0 -0 +0 NoSolution
# fix break: wRi_contig_2:3979-4022 0 -0 +0 NoSolution
# fix break: wRi_contig_2:4265-4523 0 -0 +0 NoSolution
# fix break: wRi_contig_2:5979-6023 0 -0 +0 NoSolution
# fix break: wRi_contig_2:36415-36998 0 -0 +0 NoSolution TandemRepeat 93
# fix break: wRi_contig_2:37483-37518 0 -0 +0 NoSolution TandemRepeat 93
# fix break: wRi_contig_2:37768-38558 0 -0 +0 NoSolution TandemRepeat 93
# fix break: wRi_contig_2:39129-39288 0 -0 +0 NoSolution TandemRepeat 93
fix break: wRi_contig_2:97479-98751 97998 -502 +500 BreakFix
# fix break: wRi_contig_2:98969-99055 0 -0 +0 NoSolution TandemRepeat 2002
# fix break: wRi_contig_2:109540-110553 0 -0 +0 NoSolution TandemRepeat 70
fix break: wRi_contig_2:132256-133000 131995 -1003 +998 BreakFix
# fix break: wRi_contig_2:149465-149520 0 -0 +0 NoSolution
# fix break: wRi_contig_2:154532-154672 0 -0 +0 NoSolution
# fix break: wRi_contig_2:161425-161437 0 -0 +0 NoSolution TandemRepeat 213
# fix break: wRi_contig_2:162306-162521 0 -0 +0 NoSolution TandemRepeat 213
# fix break: wRi_contig_2:163327-163645 0 -0 +0 NoSolution TandemRepeat 213
# fix break: wRi_contig_2:226533-226728 0 -0 +0 NoSolution TandemRepeat 3343
# fix break: wRi_contig_2:227493 0 -0 +0 NoSolution TandemRepeat 3343
# fix break: wRi_contig_2:228105-228239 0 -0 +0 NoSolution TandemRepeat 3343
# fix break: wRi_contig_2:228494-228684 0 -0 +0 NoSolution TandemRepeat 3343
# fix break: wRi_contig_2:242312-242380 0 -0 +0 NoSolution
# fix break: wRi_contig_2:249448-249544 0 -0 +0 NoSolution
# fix break: wRi_contig_2:344498 0 -0 +0 NoSolution TandemRepeat 140
# fix break: wRi_contig_2:344803-344868 0 -0 +0 NoSolution TandemRepeat 140
# fix break: wRi_contig_2:346323-346517 0 -0 +0 NoSolution TandemRepeat 140
# fix break: wRi_contig_2:346955-346957 0 -0 +0 NoSolution TandemRepeat 140
# fix break: wRi_contig_2:367741-367763 0 -0 +0 NoSolution TandemRepeat 112
# fix break: wRi_contig_2:394566-394744 0 -0 +0 NoSolution TandemRepeat 499
fix break: wRi_contig_2:417764-417768 417498 -502 +498 BreakFix
# fix break: wRi_contig_2:421623-422239 0 -0 +0 NoSolution TandemRepeat 99
wRi_contig_2:1-435167 log:
Finished processing wRi_contig_2:1-435167
Processing wRi_contig_3:1-1656
frags /private/groups/russelllab/jodie/merrill_23_wRi_genome/merged_polished/wRi/merged_sorted.bam: coverage 62
Total Reads: 843, Coverage: 62, minDepth: 6
Confirmed 1580 of 1656 bases (95.41%)
Corrected 0 snps; 0 ambiguous bases; corrected 0 small insertions totaling 0 bases, 0 small deletions totaling 0 bases
wRi_contig_3:1-1656 log:
Finished processing wRi_contig_3:1-1656
Processing wRi_contig_4:1-3536
frags /private/groups/russelllab/jodie/merrill_23_wRi_genome/merged_polished/wRi/merged_sorted.bam: coverage 43
Total Reads: 1354, Coverage: 43, minDepth: 5
Confirmed 3509 of 3536 bases (99.24%)
Corrected 0 snps; 0 ambiguous bases; corrected 0 small insertions totaling 0 bases, 0 small deletions totaling 0 bases
# Attempting to fix local continuity breaks
wRi_contig_4:1-3536 log:
Finished processing wRi_contig_4:1-3536
Processing wRi_contig_5:1-2295
frags /private/groups/russelllab/jodie/merrill_23_wRi_genome/merged_polished/wRi/merged_sorted.bam: coverage 587
Total Reads: 12109, Coverage: 587, minDepth: 59
Confirmed 2269 of 2295 bases (98.87%)
Corrected 0 snps; 0 ambiguous bases; corrected 0 small insertions totaling 0 bases, 3 small deletions totaling 5 bases
# Attempting to fix local continuity breaks
# fix break: wRi_contig_5:442-502 0 -0 +0 NoSolution
wRi_contig_5:1-2295 log:
Finished processing wRi_contig_5:1-2295
Processing wRi_contig_6:1-3462
frags /private/groups/russelllab/jodie/merrill_23_wRi_genome/merged_polished/wRi/merged_sorted.bam: coverage 36
Total Reads: 1043, Coverage: 36, minDepth: 5
Confirmed 3377 of 3462 bases (97.54%)
Corrected 0 snps; 0 ambiguous bases; corrected 0 small insertions totaling 0 bases, 0 small deletions totaling 0 bases
# Attempting to fix local continuity breaks
# fix break: wRi_contig_6:1617-1646 0 -0 +0 NoSolution TandemRepeat 1293
wRi_contig_6:1-3462 log:
Finished processing wRi_contig_6:1-3462
Processing wRi_contig_7:1-4418
frags /private/groups/russelllab/jodie/merrill_23_wRi_genome/merged_polished/wRi/merged_sorted.bam: coverage 79
Total Reads: 3442, Coverage: 79, minDepth: 8
Confirmed 4213 of 4418 bases (95.36%)
Corrected 0 snps; 0 ambiguous bases; corrected 0 small insertions totaling 0 bases, 0 small deletions totaling 0 bases
# Attempting to fix local continuity breaks
# fix break: wRi_contig_7:2442-2471 0 -0 +0 NoSolution TandemRepeat 678
# fix break: wRi_contig_7:2687 0 -0 +0 NoSolution TandemRepeat 678
wRi_contig_7:1-4418 log:
Finished processing wRi_contig_7:1-4418
Processing wRi_contig_8:1-2965
frags /private/groups/russelllab/jodie/merrill_23_wRi_genome/merged_polished/wRi/merged_sorted.bam: coverage 122
Total Reads: 3490, Coverage: 122, minDepth: 12
Confirmed 2964 of 2965 bases (99.97%)
Corrected 0 snps; 0 ambiguous bases; corrected 0 small insertions totaling 0 bases, 1 small deletions totaling 1 bases
wRi_contig_8:1-2965 log:
Finished processing wRi_contig_8:1-2965
Processing wRi_contig_9:1-5781
frags /private/groups/russelllab/jodie/merrill_23_wRi_genome/merged_polished/wRi/merged_sorted.bam: coverage 222
Total Reads: 10436, Coverage: 222, minDepth: 22
Confirmed 5774 of 5781 bases (99.88%)
Corrected 0 snps; 0 ambiguous bases; corrected 0 small insertions totaling 0 bases, 5 small deletions totaling 5 bases
wRi_contig_9:1-5781 log:
Finished processing wRi_contig_9:1-5781
Processing wRi_contig_10:1-2413
frags /private/groups/russelllab/jodie/merrill_23_wRi_genome/merged_polished/wRi/merged_sorted.bam: coverage 484
Total Reads: 10810, Coverage: 484, minDepth: 48
Confirmed 2411 of 2413 bases (99.92%)
Corrected 0 snps; 0 ambiguous bases; corrected 0 small insertions totaling 0 bases, 1 small deletions totaling 1 bases
wRi_contig_10:1-2413 log:
Finished processing wRi_contig_10:1-2413
Processing wRi_contig_11:1-620
frags /private/groups/russelllab/jodie/merrill_23_wRi_genome/merged_polished/wRi/merged_sorted.bam: coverage 13
Total Reads: 319, Coverage: 13, minDepth: 5
Confirmed 106 of 620 bases (17.10%)
Corrected 0 snps; 0 ambiguous bases; corrected 0 small insertions totaling 0 bases, 0 small deletions totaling 0 bases
wRi_contig_11:1-620 log:
Finished processing wRi_contig_11:1-620
Processing wRi_contig_12:1-1989
frags /private/groups/russelllab/jodie/merrill_23_wRi_genome/merged_polished/wRi/merged_sorted.bam: coverage 0
Total Reads: 0, Coverage: 0, minDepth: 5
Confirmed 0 of 1989 bases (0.00%)
Corrected 0 snps; 0 ambiguous bases; corrected 0 small insertions totaling 0 bases, 0 small deletions totaling 0 bases
wRi_contig_12:1-1989 log:
Finished processing wRi_contig_12:1-1989
Processing wRi_contig_13:1-3580
frags /private/groups/russelllab/jodie/merrill_23_wRi_genome/merged_polished/wRi/merged_sorted.bam: coverage 0
Total Reads: 0, Coverage: 0, minDepth: 5
Confirmed 0 of 3580 bases (0.00%)
Corrected 0 snps; 0 ambiguous bases; corrected 0 small insertions totaling 0 bases, 0 small deletions totaling 0 bases
wRi_contig_13:1-3580 log:
Finished processing wRi_contig_13:1-3580
Processing wRi_contig_14:1-2377
frags /private/groups/russelllab/jodie/merrill_23_wRi_genome/merged_polished/wRi/merged_sorted.bam: coverage 337
Total Reads: 6727, Coverage: 337, minDepth: 34
Confirmed 2073 of 2377 bases (87.21%)
Corrected 0 snps; 0 ambiguous bases; corrected 0 small insertions totaling 0 bases, 2 small deletions totaling 3 bases
# Attempting to fix local continuity breaks
wRi_contig_14:1-2377 log:
Finished processing wRi_contig_14:1-2377
Processing wRi_contig_15:1-1943
frags /private/groups/russelllab/jodie/merrill_23_wRi_genome/merged_polished/wRi/merged_sorted.bam: coverage 671
Total Reads: 11872, Coverage: 671, minDepth: 67
Confirmed 1935 of 1943 bases (99.59%)
Corrected 0 snps; 0 ambiguous bases; corrected 0 small insertions totaling 0 bases, 3 small deletions totaling 6 bases
# Attempting to fix local continuity breaks
wRi_contig_15:1-1943 log:
Finished processing wRi_contig_15:1-1943
Processing wRi_contig_16:1-9869
frags /private/groups/russelllab/jodie/merrill_23_wRi_genome/merged_polished/wRi/merged_sorted.bam: coverage 553
Total Reads: 44455, Coverage: 553, minDepth: 55
Confirmed 9298 of 9869 bases (94.21%)
Corrected 2 snps; 0 ambiguous bases; corrected 1 small insertions totaling 1 bases, 17 small deletions totaling 40 bases
# Attempting to fix local continuity breaks
# fix break: wRi_contig_16:4380-4425 0 -0 +0 NoSolution
# fix break: wRi_contig_16:8601-8679 0 -0 +0 NoSolution
wRi_contig_16:1-9869 log:
Finished processing wRi_contig_16:1-9869
Processing wRi_contig_17:1-38046
frags /private/groups/russelllab/jodie/merrill_23_wRi_genome/merged_polished/wRi/merged_sorted.bam: coverage 202
Total Reads: 63029, Coverage: 202, minDepth: 20
Confirmed 37985 of 38046 bases (99.84%)
Corrected 0 snps; 0 ambiguous bases; corrected 0 small insertions totaling 0 bases, 27 small deletions totaling 34 bases
# Attempting to fix local continuity breaks
wRi_contig_17:1-38046 log:
Finished processing wRi_contig_17:1-38046
Processing wRi_contig_18:1-501
frags /private/groups/russelllab/jodie/merrill_23_wRi_genome/merged_polished/wRi/merged_sorted.bam: coverage 35
Total Reads: 181, Coverage: 35, minDepth: 5
Confirmed 409 of 501 bases (81.64%)
Corrected 0 snps; 0 ambiguous bases; corrected 0 small insertions totaling 0 bases, 0 small deletions totaling 0 bases
wRi_contig_18:1-501 log:
Finished processing wRi_contig_18:1-501
Processing wRi_contig_19:1-1144
frags /private/groups/russelllab/jodie/merrill_23_wRi_genome/merged_polished/wRi/merged_sorted.bam: coverage 86
Total Reads: 890, Coverage: 86, minDepth: 9
Confirmed 942 of 1144 bases (82.34%)
Corrected 3 snps; 0 ambiguous bases; corrected 0 small insertions totaling 0 bases, 0 small deletions totaling 0 bases
wRi_contig_19:1-1144 log:
Finished processing wRi_contig_19:1-1144
Processing wRi_contig_20:1-607258
frags /private/groups/russelllab/jodie/merrill_23_wRi_genome/merged_polished/wRi/merged_sorted.bam: coverage 115
Total Reads: 580494, Coverage: 115, minDepth: 12
Confirmed 606707 of 607258 bases (99.91%)
Corrected 1 snps; 0 ambiguous bases; corrected 1 small insertions totaling 3 bases, 235 small deletions totaling 299 bases
Large collapsed region: wRi_contig_20:462-26810 size 26349
# Attempting to fix local continuity breaks
# fix break: wRi_contig_20:11788-11994 0 -0 +0 NoSolution
# fix break: wRi_contig_20:17320-17522 0 -0 +0 NoSolution
# fix break: wRi_contig_20:34932-35028 0 -0 +0 NoSolution TandemRepeat 678
# fix break: wRi_contig_20:35241-35264 0 -0 +0 NoSolution TandemRepeat 678
# fix break: wRi_contig_20:37120-37124 0 -0 +0 NoSolution TandemRepeat 678
# fix break: wRi_contig_20:41149-41177 0 -0 +0 NoSolution
# fix break: wRi_contig_20:44716-44976 0 -0 +0 NoSolution TandemRepeat 150
# fix break: wRi_contig_20:46102-46138 0 -0 +0 NoSolution TandemRepeat 150
# fix break: wRi_contig_20:47348-47864 0 -0 +0 NoSolution TandemRepeat 150
# fix break: wRi_contig_20:77150-77159 0 -0 +0 NoSolution
# fix break: wRi_contig_20:158759-159170 0 -0 +0 NoSolution
# fix break: wRi_contig_20:211782-211905 0 -0 +0 NoSolution
# fix break: wRi_contig_20:243922-244181 0 -0 +0 NoSolution
# fix break: wRi_contig_20:288966-289240 0 -0 +0 NoSolution TandemRepeat 335
# fix break: wRi_contig_20:290359-290382 0 -0 +0 NoSolution TandemRepeat 3846
# fix break: wRi_contig_20:292010-292543 0 -0 +0 NoSolution TandemRepeat 3846
# fix break: wRi_contig_20:315629-315649 0 -0 +0 NoSolution TandemRepeat 1341
# fix break: wRi_contig_20:316024-316027 0 -0 +0 NoSolution TandemRepeat 1341
# fix break: wRi_contig_20:317164-317421 0 -0 +0 NoSolution TandemRepeat 1341
# fix break: wRi_contig_20:364984 0 -0 +0 NoSolution TandemRepeat 144
# fix break: wRi_contig_20:384631-385178 0 -0 +0 NoSolution TandemRepeat 4589
# fix break: wRi_contig_20:388970-389012 0 -0 +0 NoSolution
# fix break: wRi_contig_20:393484-393859 0 -0 +0 NoSolution TandemRepeat 81
# fix break: wRi_contig_20:394942-394943 0 -0 +0 NoSolution TandemRepeat 81
# fix break: wRi_contig_20:397315-397532 0 -0 +0 NoSolution TandemRepeat 81
# fix break: wRi_contig_20:401799-401947 0 -0 +0 NoSolution
# fix break: wRi_contig_20:403963-403991 0 -0 +0 NoSolution
# fix break: wRi_contig_20:431086-431117 0 -0 +0 NoSolution TandemRepeat 747
# fix break: wRi_contig_20:440980-441255 0 -0 +0 NoSolution TandemRepeat 76
# fix break: wRi_contig_20:441592-441629 0 -0 +0 NoSolution TandemRepeat 76
# fix break: wRi_contig_20:441944-442030 0 -0 +0 NoSolution TandemRepeat 76
# fix break: wRi_contig_20:442876-442938 0 -0 +0 NoSolution TandemRepeat 76
# fix break: wRi_contig_20:468316-468749 0 -0 +0 NoSolution TandemRepeat 2777
# fix break: wRi_contig_20:469181-469806 0 -0 +0 NoSolution TandemRepeat 2777
# fix break: wRi_contig_20:517964-518165 0 -0 +0 NoSolution
# fix break: wRi_contig_20:587801-587831 0 -0 +0 NoSolution
wRi_contig_20:1-607258 log:
Finished processing wRi_contig_20:1-607258
Processing wRi_contig_21:1-291604
frags /private/groups/russelllab/jodie/merrill_23_wRi_genome/merged_polished/wRi/merged_sorted.bam: coverage 128
Total Reads: 309373, Coverage: 128, minDepth: 13
Confirmed 291106 of 291604 bases (99.83%)
Corrected 0 snps; 0 ambiguous bases; corrected 1 small insertions totaling 1 bases, 105 small deletions totaling 138 bases
Large collapsed region: wRi_contig_21:142595-161156 size 18562
# Attempting to fix local continuity breaks
fix break: wRi_contig_21:37211-37341 37009 -497 +495 BreakFix
# fix break: wRi_contig_21:39265-40022 0 -0 +0 NoSolution TandemRepeat 3273
fix break: wRi_contig_21:40229-40678 40441 -26 +26 BreakFix
# fix break: wRi_contig_21:50785-51671 0 -0 +0 NoSolution TandemRepeat 266
# fix break: wRi_contig_21:75802-76362 0 -0 +0 NoSolution TandemRepeat 2284
# fix break: wRi_contig_21:116703-116713 0 -0 +0 NoSolution
# fix break: wRi_contig_21:133974-134551 0 -0 +0 NoSolution TandemRepeat 2008
# fix break: wRi_contig_21:135218-135259 0 -0 +0 NoSolution TandemRepeat 1167
# fix break: wRi_contig_21:136452-136541 0 -0 +0 NoSolution TandemRepeat 204
# fix break: wRi_contig_21:138514 0 -0 +0 NoSolution TandemRepeat 204
# fix break: wRi_contig_21:139016 0 -0 +0 NoSolution TandemRepeat 204
# fix break: wRi_contig_21:149997-149999 0 -0 +0 NoSolution TandemRepeat 80
# fix break: wRi_contig_21:150327-150944 0 -0 +0 NoSolution TandemRepeat 80
# fix break: wRi_contig_21:151267-151670 0 -0 +0 NoSolution TandemRepeat 80
# fix break: wRi_contig_21:152049-152283 0 -0 +0 NoSolution TandemRepeat 80
# fix break: wRi_contig_21:152575-152582 0 -0 +0 NoSolution TandemRepeat 80
# fix break: wRi_contig_21:152886-153110 0 -0 +0 NoSolution TandemRepeat 141
# fix break: wRi_contig_21:153440-153483 0 -0 +0 NoSolution TandemRepeat 141
# fix break: wRi_contig_21:153979-154303 0 -0 +0 NoSolution TandemRepeat 141
# fix break: wRi_contig_21:154512 0 -0 +0 NoSolution TandemRepeat 141
# fix break: wRi_contig_21:155490-155531 0 -0 +0 NoSolution TandemRepeat 72
# fix break: wRi_contig_21:157004-157031 0 -0 +0 NoSolution TandemRepeat 72
# fix break: wRi_contig_21:158275-158279 0 -0 +0 NoSolution TandemRepeat 72
# fix break: wRi_contig_21:167296-167758 0 -0 +0 NoSolution TandemRepeat 400
# fix break: wRi_contig_21:168203-168237 0 -0 +0 NoSolution TandemRepeat 400
# fix break: wRi_contig_21:171473-171586 0 -0 +0 NoSolution
# fix break: wRi_contig_21:173987-174061 0 -0 +0 NoSolution
# fix break: wRi_contig_21:177485-177565 0 -0 +0 NoSolution
# fix break: wRi_contig_21:194013-194063 0 -0 +0 NoSolution
# fix break: wRi_contig_21:216490-217228 0 -0 +0 NoSolution TandemRepeat 372
# fix break: wRi_contig_21:241917-241923 0 -0 +0 NoSolution TandemRepeat 255
# fix break: wRi_contig_21:253984-254068 0 -0 +0 NoSolution
# fix break: wRi_contig_21:255494-255621 0 -0 +0 NoSolution TandemRepeat 3440
fix break: wRi_contig_21:268612-269033 268543 -501 +499 BreakFix
wRi_contig_21:1-291604 log:
Finished processing wRi_contig_21:1-291604
Writing wRi_contig_1:1-2655 VCF to /private/groups/russelllab/jodie/merrill_23_wRi_genome/merged_polished/wRi/merged_pilon_1.vcf
Writing wRi_contig_1:1-2655 changes to /private/groups/russelllab/jodie/merrill_23_wRi_genome/merged_polished/wRi/merged_pilon_1.changes
Writing updated wRi_contig_1_pilon to /private/groups/russelllab/jodie/merrill_23_wRi_genome/merged_polished/wRi/merged_pilon_1.fasta
Writing wRi_contig_2:1-435167 VCF to /private/groups/russelllab/jodie/merrill_23_wRi_genome/merged_polished/wRi/merged_pilon_1.vcf
Writing wRi_contig_2:1-435167 changes to /private/groups/russelllab/jodie/merrill_23_wRi_genome/merged_polished/wRi/merged_pilon_1.changes
Writing updated wRi_contig_2_pilon to /private/groups/russelllab/jodie/merrill_23_wRi_genome/merged_polished/wRi/merged_pilon_1.fasta
Writing wRi_contig_3:1-1656 VCF to /private/groups/russelllab/jodie/merrill_23_wRi_genome/merged_polished/wRi/merged_pilon_1.vcf
Writing wRi_contig_3:1-1656 changes to /private/groups/russelllab/jodie/merrill_23_wRi_genome/merged_polished/wRi/merged_pilon_1.changes
Writing updated wRi_contig_3_pilon to /private/groups/russelllab/jodie/merrill_23_wRi_genome/merged_polished/wRi/merged_pilon_1.fasta
Writing wRi_contig_4:1-3536 VCF to /private/groups/russelllab/jodie/merrill_23_wRi_genome/merged_polished/wRi/merged_pilon_1.vcf
Writing wRi_contig_4:1-3536 changes to /private/groups/russelllab/jodie/merrill_23_wRi_genome/merged_polished/wRi/merged_pilon_1.changes
Writing updated wRi_contig_4_pilon to /private/groups/russelllab/jodie/merrill_23_wRi_genome/merged_polished/wRi/merged_pilon_1.fasta
Writing wRi_contig_5:1-2295 VCF to /private/groups/russelllab/jodie/merrill_23_wRi_genome/merged_polished/wRi/merged_pilon_1.vcf
Writing wRi_contig_5:1-2295 changes to /private/groups/russelllab/jodie/merrill_23_wRi_genome/merged_polished/wRi/merged_pilon_1.changes
Writing updated wRi_contig_5_pilon to /private/groups/russelllab/jodie/merrill_23_wRi_genome/merged_polished/wRi/merged_pilon_1.fasta
Writing wRi_contig_6:1-3462 VCF to /private/groups/russelllab/jodie/merrill_23_wRi_genome/merged_polished/wRi/merged_pilon_1.vcf
Writing wRi_contig_6:1-3462 changes to /private/groups/russelllab/jodie/merrill_23_wRi_genome/merged_polished/wRi/merged_pilon_1.changes
Writing updated wRi_contig_6_pilon to /private/groups/russelllab/jodie/merrill_23_wRi_genome/merged_polished/wRi/merged_pilon_1.fasta
Writing wRi_contig_7:1-4418 VCF to /private/groups/russelllab/jodie/merrill_23_wRi_genome/merged_polished/wRi/merged_pilon_1.vcf
Writing wRi_contig_7:1-4418 changes to /private/groups/russelllab/jodie/merrill_23_wRi_genome/merged_polished/wRi/merged_pilon_1.changes
Writing updated wRi_contig_7_pilon to /private/groups/russelllab/jodie/merrill_23_wRi_genome/merged_polished/wRi/merged_pilon_1.fasta
Writing wRi_contig_8:1-2965 VCF to /private/groups/russelllab/jodie/merrill_23_wRi_genome/merged_polished/wRi/merged_pilon_1.vcf
Writing wRi_contig_8:1-2965 changes to /private/groups/russelllab/jodie/merrill_23_wRi_genome/merged_polished/wRi/merged_pilon_1.changes
Writing updated wRi_contig_8_pilon to /private/groups/russelllab/jodie/merrill_23_wRi_genome/merged_polished/wRi/merged_pilon_1.fasta
Writing wRi_contig_9:1-5781 VCF to /private/groups/russelllab/jodie/merrill_23_wRi_genome/merged_polished/wRi/merged_pilon_1.vcf
Writing wRi_contig_9:1-5781 changes to /private/groups/russelllab/jodie/merrill_23_wRi_genome/merged_polished/wRi/merged_pilon_1.changes
Writing updated wRi_contig_9_pilon to /private/groups/russelllab/jodie/merrill_23_wRi_genome/merged_polished/wRi/merged_pilon_1.fasta
Writing wRi_contig_10:1-2413 VCF to /private/groups/russelllab/jodie/merrill_23_wRi_genome/merged_polished/wRi/merged_pilon_1.vcf
Writing wRi_contig_10:1-2413 changes to /private/groups/russelllab/jodie/merrill_23_wRi_genome/merged_polished/wRi/merged_pilon_1.changes
Writing updated wRi_contig_10_pilon to /private/groups/russelllab/jodie/merrill_23_wRi_genome/merged_polished/wRi/merged_pilon_1.fasta
Writing wRi_contig_11:1-620 VCF to /private/groups/russelllab/jodie/merrill_23_wRi_genome/merged_polished/wRi/merged_pilon_1.vcf
Writing wRi_contig_11:1-620 changes to /private/groups/russelllab/jodie/merrill_23_wRi_genome/merged_polished/wRi/merged_pilon_1.changes
Writing updated wRi_contig_11_pilon to /private/groups/russelllab/jodie/merrill_23_wRi_genome/merged_polished/wRi/merged_pilon_1.fasta
Writing wRi_contig_12:1-1989 VCF to /private/groups/russelllab/jodie/merrill_23_wRi_genome/merged_polished/wRi/merged_pilon_1.vcf
Writing wRi_contig_12:1-1989 changes to /private/groups/russelllab/jodie/merrill_23_wRi_genome/merged_polished/wRi/merged_pilon_1.changes
Writing updated wRi_contig_12_pilon to /private/groups/russelllab/jodie/merrill_23_wRi_genome/merged_polished/wRi/merged_pilon_1.fasta
Writing wRi_contig_13:1-3580 VCF to /private/groups/russelllab/jodie/merrill_23_wRi_genome/merged_polished/wRi/merged_pilon_1.vcf
Writing wRi_contig_13:1-3580 changes to /private/groups/russelllab/jodie/merrill_23_wRi_genome/merged_polished/wRi/merged_pilon_1.changes
Writing updated wRi_contig_13_pilon to /private/groups/russelllab/jodie/merrill_23_wRi_genome/merged_polished/wRi/merged_pilon_1.fasta
Writing wRi_contig_14:1-2377 VCF to /private/groups/russelllab/jodie/merrill_23_wRi_genome/merged_polished/wRi/merged_pilon_1.vcf
Writing wRi_contig_14:1-2377 changes to /private/groups/russelllab/jodie/merrill_23_wRi_genome/merged_polished/wRi/merged_pilon_1.changes
Writing updated wRi_contig_14_pilon to /private/groups/russelllab/jodie/merrill_23_wRi_genome/merged_polished/wRi/merged_pilon_1.fasta
Writing wRi_contig_15:1-1943 VCF to /private/groups/russelllab/jodie/merrill_23_wRi_genome/merged_polished/wRi/merged_pilon_1.vcf
Writing wRi_contig_15:1-1943 changes to /private/groups/russelllab/jodie/merrill_23_wRi_genome/merged_polished/wRi/merged_pilon_1.changes
Writing updated wRi_contig_15_pilon to /private/groups/russelllab/jodie/merrill_23_wRi_genome/merged_polished/wRi/merged_pilon_1.fasta
Writing wRi_contig_16:1-9869 VCF to /private/groups/russelllab/jodie/merrill_23_wRi_genome/merged_polished/wRi/merged_pilon_1.vcf
Writing wRi_contig_16:1-9869 changes to /private/groups/russelllab/jodie/merrill_23_wRi_genome/merged_polished/wRi/merged_pilon_1.changes
Writing updated wRi_contig_16_pilon to /private/groups/russelllab/jodie/merrill_23_wRi_genome/merged_polished/wRi/merged_pilon_1.fasta
Writing wRi_contig_17:1-38046 VCF to /private/groups/russelllab/jodie/merrill_23_wRi_genome/merged_polished/wRi/merged_pilon_1.vcf
Writing wRi_contig_17:1-38046 changes to /private/groups/russelllab/jodie/merrill_23_wRi_genome/merged_polished/wRi/merged_pilon_1.changes
Writing updated wRi_contig_17_pilon to /private/groups/russelllab/jodie/merrill_23_wRi_genome/merged_polished/wRi/merged_pilon_1.fasta
Writing wRi_contig_18:1-501 VCF to /private/groups/russelllab/jodie/merrill_23_wRi_genome/merged_polished/wRi/merged_pilon_1.vcf
Writing wRi_contig_18:1-501 changes to /private/groups/russelllab/jodie/merrill_23_wRi_genome/merged_polished/wRi/merged_pilon_1.changes
Writing updated wRi_contig_18_pilon to /private/groups/russelllab/jodie/merrill_23_wRi_genome/merged_polished/wRi/merged_pilon_1.fasta
Writing wRi_contig_19:1-1144 VCF to /private/groups/russelllab/jodie/merrill_23_wRi_genome/merged_polished/wRi/merged_pilon_1.vcf
Writing wRi_contig_19:1-1144 changes to /private/groups/russelllab/jodie/merrill_23_wRi_genome/merged_polished/wRi/merged_pilon_1.changes
Writing updated wRi_contig_19_pilon to /private/groups/russelllab/jodie/merrill_23_wRi_genome/merged_polished/wRi/merged_pilon_1.fasta
Writing wRi_contig_20:1-607258 VCF to /private/groups/russelllab/jodie/merrill_23_wRi_genome/merged_polished/wRi/merged_pilon_1.vcf
Writing wRi_contig_20:1-607258 changes to /private/groups/russelllab/jodie/merrill_23_wRi_genome/merged_polished/wRi/merged_pilon_1.changes
Writing updated wRi_contig_20_pilon to /private/groups/russelllab/jodie/merrill_23_wRi_genome/merged_polished/wRi/merged_pilon_1.fasta
Writing wRi_contig_21:1-291604 VCF to /private/groups/russelllab/jodie/merrill_23_wRi_genome/merged_polished/wRi/merged_pilon_1.vcf
Writing wRi_contig_21:1-291604 changes to /private/groups/russelllab/jodie/merrill_23_wRi_genome/merged_polished/wRi/merged_pilon_1.changes
Writing updated wRi_contig_21_pilon to /private/groups/russelllab/jodie/merrill_23_wRi_genome/merged_polished/wRi/merged_pilon_1.fasta
Mean frags coverage: 128
Mean total coverage: 128
[bwa_index] Pack FASTA... 0.01 sec
[bwa_index] Construct BWT for the packed sequence...
[bwa_index] 0.29 seconds elapse.
[bwa_index] Update BWT... 0.01 sec
[bwa_index] Pack forward-only FASTA... 0.00 sec
[bwa_index] Construct SA from BWT and Occ... 0.10 sec
[main] Version: 0.7.18-r1243-dirty
[main] CMD: bwa index /private/groups/russelllab/jodie/merrill_23_wRi_genome/merged_polished/wRi//merged_pilon_1.fasta
[main] Real time: 1.019 sec; CPU: 0.411 sec
[M::bwa_idx_load_from_disk] read 0 ALT contigs
[M::process] read 1067714 sequences (160000067 bp)...
[M::process] read 631502 sequences (94666914 bp)...
[M::mem_pestat] # candidate unique pairs for (FF, FR, RF, RR): (4853, 328734, 82, 4673)
[M::mem_pestat] analyzing insert size distribution for orientation FF...
[M::mem_pestat] (25, 50, 75) percentile: (246, 415, 984)
[M::mem_pestat] low and high boundaries for computing mean and std.dev: (1, 2460)
[M::mem_pestat] mean and std.dev: (559.21, 488.93)
[M::mem_pestat] low and high boundaries for proper pairs: (1, 3198)
[M::mem_pestat] analyzing insert size distribution for orientation FR...
[M::mem_pestat] (25, 50, 75) percentile: (263, 324, 402)
[M::mem_pestat] low and high boundaries for computing mean and std.dev: (1, 680)
[M::mem_pestat] mean and std.dev: (335.94, 96.76)
[M::mem_pestat] low and high boundaries for proper pairs: (1, 819)
[M::mem_pestat] analyzing insert size distribution for orientation RF...
[M::mem_pestat] (25, 50, 75) percentile: (104, 445, 2140)
[M::mem_pestat] low and high boundaries for computing mean and std.dev: (1, 6212)
[M::mem_pestat] mean and std.dev: (1131.89, 1619.26)
[M::mem_pestat] low and high boundaries for proper pairs: (1, 8248)
[M::mem_pestat] analyzing insert size distribution for orientation RR...
[M::mem_pestat] (25, 50, 75) percentile: (246, 415, 999)
[M::mem_pestat] low and high boundaries for computing mean and std.dev: (1, 2505)
[M::mem_pestat] mean and std.dev: (570.17, 494.57)
[M::mem_pestat] low and high boundaries for proper pairs: (1, 3258)
[M::mem_pestat] skip orientation FF
[M::mem_pestat] skip orientation RF
[M::mem_pestat] skip orientation RR
[M::mem_process_seqs] Processed 1067714 reads in 156.695 CPU sec, 11.442 real sec
[M::mem_pestat] # candidate unique pairs for (FF, FR, RF, RR): (2917, 194335, 62, 2795)
[M::mem_pestat] analyzing insert size distribution for orientation FF...
[M::mem_pestat] (25, 50, 75) percentile: (250, 413, 1024)
[M::mem_pestat] low and high boundaries for computing mean and std.dev: (1, 2572)
[M::mem_pestat] mean and std.dev: (573.86, 516.23)
[M::mem_pestat] low and high boundaries for proper pairs: (1, 3346)
[M::mem_pestat] analyzing insert size distribution for orientation FR...
[M::mem_pestat] (25, 50, 75) percentile: (263, 324, 402)
[M::mem_pestat] low and high boundaries for computing mean and std.dev: (1, 680)
[M::mem_pestat] mean and std.dev: (335.93, 96.69)
[M::mem_pestat] low and high boundaries for proper pairs: (1, 819)
[M::mem_pestat] analyzing insert size distribution for orientation RF...
[M::mem_pestat] (25, 50, 75) percentile: (104, 613, 2121)
[M::mem_pestat] low and high boundaries for computing mean and std.dev: (1, 6155)
[M::mem_pestat] mean and std.dev: (1284.54, 1737.30)
[M::mem_pestat] low and high boundaries for proper pairs: (1, 8234)
[M::mem_pestat] analyzing insert size distribution for orientation RR...
[M::mem_pestat] (25, 50, 75) percentile: (246, 410, 973)
[M::mem_pestat] low and high boundaries for computing mean and std.dev: (1, 2427)
[M::mem_pestat] mean and std.dev: (556.33, 466.37)
[M::mem_pestat] low and high boundaries for proper pairs: (1, 3154)
[M::mem_pestat] skip orientation FF
[M::mem_pestat] skip orientation RF
[M::mem_pestat] skip orientation RR
[M::mem_process_seqs] Processed 631502 reads in 92.352 CPU sec, 6.533 real sec
[main] Version: 0.7.18-r1243-dirty
[main] CMD: bwa mem -t 16 /private/groups/russelllab/jodie/merrill_23_wRi_genome/merged_polished/wRi//merged_pilon_1.fasta /private/groups/russelllab/jodie/merrill_23_wRi_genome/short_reads/wRi_R1.fastq.gz /private/groups/russelllab/jodie/merrill_23_wRi_genome/short_reads/wRi_R2.fastq.gz
[main] Real time: 22.616 sec; CPU: 251.595 sec
[bam_sort_core] merging from 0 files and 16 in-memory blocks...
Pilon version 1.24 Thu Jan 28 13:00:45 2021 -0500
--threads argument no longer supported; ignoring!
Genome: /private/groups/russelllab/jodie/merrill_23_wRi_genome/merged_polished/wRi//merged_pilon_1.fasta
Fixing snps, indels, gaps, local
Input genome size: 1422515
Scanning BAMs
/private/groups/russelllab/jodie/merrill_23_wRi_genome/merged_polished/wRi/merged_sorted_2.bam: 1733217 reads, 0 filtered, 1510934 mapped, 1417788 proper, 71800 stray, FR 100% 338+/-101, max 1795
Processing wRi_contig_1_pilon:1-2650
frags /private/groups/russelllab/jodie/merrill_23_wRi_genome/merged_polished/wRi/merged_sorted_2.bam: coverage 709
Total Reads: 15805, Coverage: 709, minDepth: 71
Confirmed 2650 of 2650 bases (100.00%)
Corrected 0 snps; 0 ambiguous bases; corrected 0 small insertions totaling 0 bases, 0 small deletions totaling 0 bases
wRi_contig_1_pilon:1-2650 log:
Finished processing wRi_contig_1_pilon:1-2650
Processing wRi_contig_2_pilon:1-434936
frags /private/groups/russelllab/jodie/merrill_23_wRi_genome/merged_polished/wRi/merged_sorted_2.bam: coverage 121
Total Reads: 436154, Coverage: 121, minDepth: 12
Confirmed 434240 of 434936 bases (99.84%)
Corrected 0 snps; 0 ambiguous bases; corrected 1 small insertions totaling 2 bases, 0 small deletions totaling 0 bases
# Attempting to fix local continuity breaks
# fix break: wRi_contig_2_pilon:484-536 0 -0 +0 NoSolution
# fix break: wRi_contig_2_pilon:952-1030 0 -0 +0 NoSolution
# fix break: wRi_contig_2_pilon:1972-2062 0 -0 +0 NoSolution
# fix break: wRi_contig_2_pilon:3477-3504 0 -0 +0 NoSolution
# fix break: wRi_contig_2_pilon:4252-4510 0 -0 +0 NoSolution
# fix break: wRi_contig_2_pilon:5966-6010 0 -0 +0 NoSolution
# fix break: wRi_contig_2_pilon:36386-36966 0 -0 +0 NoSolution TandemRepeat 93
# fix break: wRi_contig_2_pilon:37458-37489 0 -0 +0 NoSolution TandemRepeat 93
# fix break: wRi_contig_2_pilon:37746-38239 0 -0 +0 NoSolution TandemRepeat 93
# fix break: wRi_contig_2_pilon:38491-38522 0 -0 +0 NoSolution TandemRepeat 93
# fix break: wRi_contig_2_pilon:39099-39258 0 -0 +0 NoSolution TandemRepeat 93
# fix break: wRi_contig_2_pilon:98909-98995 0 -0 +0 NoSolution TandemRepeat 2002
# fix break: wRi_contig_2_pilon:109479-110492 0 -0 +0 NoSolution TandemRepeat 70
# fix break: wRi_contig_2_pilon:149380-149435 0 -0 +0 NoSolution
# fix break: wRi_contig_2_pilon:161329-161339 0 -0 +0 NoSolution TandemRepeat 213
# fix break: wRi_contig_2_pilon:162210-162424 0 -0 +0 NoSolution TandemRepeat 213
# fix break: wRi_contig_2_pilon:163230-163548 0 -0 +0 NoSolution TandemRepeat 213
# fix break: wRi_contig_2_pilon:226408-226603 0 -0 +0 NoSolution TandemRepeat 3343
# fix break: wRi_contig_2_pilon:227978-228112 0 -0 +0 NoSolution TandemRepeat 3343
# fix break: wRi_contig_2_pilon:228375-228556 0 -0 +0 NoSolution TandemRepeat 3343
# fix break: wRi_contig_2_pilon:344621-344677 0 -0 +0 NoSolution TandemRepeat 140
# fix break: wRi_contig_2_pilon:346135-346329 0 -0 +0 NoSolution TandemRepeat 140
# fix break: wRi_contig_2_pilon:346767-346769 0 -0 +0 NoSolution TandemRepeat 140
# fix break: wRi_contig_2_pilon:367538-367561 0 -0 +0 NoSolution TandemRepeat 112
# fix break: wRi_contig_2_pilon:394354-394532 0 -0 +0 NoSolution TandemRepeat 499
# fix break: wRi_contig_2_pilon:421396-422012 0 -0 +0 NoSolution TandemRepeat 99
wRi_contig_2_pilon:1-434936 log:
Finished processing wRi_contig_2_pilon:1-434936
Processing wRi_contig_3_pilon:1-1656
frags /private/groups/russelllab/jodie/merrill_23_wRi_genome/merged_polished/wRi/merged_sorted_2.bam: coverage 62
Total Reads: 843, Coverage: 62, minDepth: 6
Confirmed 1580 of 1656 bases (95.41%)
Corrected 0 snps; 0 ambiguous bases; corrected 0 small insertions totaling 0 bases, 0 small deletions totaling 0 bases
wRi_contig_3_pilon:1-1656 log:
Finished processing wRi_contig_3_pilon:1-1656
Processing wRi_contig_4_pilon:1-3536
frags /private/groups/russelllab/jodie/merrill_23_wRi_genome/merged_polished/wRi/merged_sorted_2.bam: coverage 43
Total Reads: 1356, Coverage: 43, minDepth: 5
Confirmed 3509 of 3536 bases (99.24%)
Corrected 0 snps; 0 ambiguous bases; corrected 0 small insertions totaling 0 bases, 0 small deletions totaling 0 bases
# Attempting to fix local continuity breaks
wRi_contig_4_pilon:1-3536 log:
Finished processing wRi_contig_4_pilon:1-3536
Processing wRi_contig_5_pilon:1-2290
frags /private/groups/russelllab/jodie/merrill_23_wRi_genome/merged_polished/wRi/merged_sorted_2.bam: coverage 589
Total Reads: 12110, Coverage: 589, minDepth: 59
Confirmed 2269 of 2290 bases (99.08%)
Corrected 0 snps; 0 ambiguous bases; corrected 0 small insertions totaling 0 bases, 0 small deletions totaling 0 bases
# Attempting to fix local continuity breaks
# fix break: wRi_contig_5_pilon:440-464 0 -0 +0 NoSolution
wRi_contig_5_pilon:1-2290 log:
Finished processing wRi_contig_5_pilon:1-2290
Processing wRi_contig_6_pilon:1-3462
frags /private/groups/russelllab/jodie/merrill_23_wRi_genome/merged_polished/wRi/merged_sorted_2.bam: coverage 35
Total Reads: 1019, Coverage: 35, minDepth: 5
Confirmed 3339 of 3462 bases (96.45%)
Corrected 0 snps; 0 ambiguous bases; corrected 0 small insertions totaling 0 bases, 0 small deletions totaling 0 bases
# Attempting to fix local continuity breaks
# fix break: wRi_contig_6_pilon:1617-1646 0 -0 +0 NoSolution TandemRepeat 1293
wRi_contig_6_pilon:1-3462 log:
Finished processing wRi_contig_6_pilon:1-3462
Processing wRi_contig_7_pilon:1-4418
frags /private/groups/russelllab/jodie/merrill_23_wRi_genome/merged_polished/wRi/merged_sorted_2.bam: coverage 79
Total Reads: 3434, Coverage: 79, minDepth: 8
Confirmed 4213 of 4418 bases (95.36%)
Corrected 0 snps; 0 ambiguous bases; corrected 0 small insertions totaling 0 bases, 0 small deletions totaling 0 bases
# Attempting to fix local continuity breaks
# fix break: wRi_contig_7_pilon:2442-2471 0 -0 +0 NoSolution TandemRepeat 678
# fix break: wRi_contig_7_pilon:2687 0 -0 +0 NoSolution TandemRepeat 678
wRi_contig_7_pilon:1-4418 log:
Finished processing wRi_contig_7_pilon:1-4418
Processing wRi_contig_8_pilon:1-2964
frags /private/groups/russelllab/jodie/merrill_23_wRi_genome/merged_polished/wRi/merged_sorted_2.bam: coverage 122
Total Reads: 3490, Coverage: 122, minDepth: 12
Confirmed 2964 of 2964 bases (100.00%)
Corrected 0 snps; 0 ambiguous bases; corrected 0 small insertions totaling 0 bases, 0 small deletions totaling 0 bases
wRi_contig_8_pilon:1-2964 log:
Finished processing wRi_contig_8_pilon:1-2964
Processing wRi_contig_9_pilon:1-5776
frags /private/groups/russelllab/jodie/merrill_23_wRi_genome/merged_polished/wRi/merged_sorted_2.bam: coverage 222
Total Reads: 10436, Coverage: 222, minDepth: 22
Confirmed 5774 of 5776 bases (99.97%)
Corrected 0 snps; 0 ambiguous bases; corrected 0 small insertions totaling 0 bases, 0 small deletions totaling 0 bases
wRi_contig_9_pilon:1-5776 log:
Finished processing wRi_contig_9_pilon:1-5776
Processing wRi_contig_10_pilon:1-2412
frags /private/groups/russelllab/jodie/merrill_23_wRi_genome/merged_polished/wRi/merged_sorted_2.bam: coverage 484
Total Reads: 10810, Coverage: 484, minDepth: 48
Confirmed 2411 of 2412 bases (99.96%)
Corrected 0 snps; 0 ambiguous bases; corrected 0 small insertions totaling 0 bases, 0 small deletions totaling 0 bases
wRi_contig_10_pilon:1-2412 log:
Finished processing wRi_contig_10_pilon:1-2412
Processing wRi_contig_11_pilon:1-620
frags /private/groups/russelllab/jodie/merrill_23_wRi_genome/merged_polished/wRi/merged_sorted_2.bam: coverage 13
Total Reads: 319, Coverage: 13, minDepth: 5
Confirmed 106 of 620 bases (17.10%)
Corrected 0 snps; 0 ambiguous bases; corrected 0 small insertions totaling 0 bases, 0 small deletions totaling 0 bases
wRi_contig_11_pilon:1-620 log:
Finished processing wRi_contig_11_pilon:1-620
Processing wRi_contig_12_pilon:1-1989
frags /private/groups/russelllab/jodie/merrill_23_wRi_genome/merged_polished/wRi/merged_sorted_2.bam: coverage 0
Total Reads: 0, Coverage: 0, minDepth: 5
Confirmed 0 of 1989 bases (0.00%)
Corrected 0 snps; 0 ambiguous bases; corrected 0 small insertions totaling 0 bases, 0 small deletions totaling 0 bases
wRi_contig_12_pilon:1-1989 log:
Finished processing wRi_contig_12_pilon:1-1989
Processing wRi_contig_13_pilon:1-3580
frags /private/groups/russelllab/jodie/merrill_23_wRi_genome/merged_polished/wRi/merged_sorted_2.bam: coverage 0
Total Reads: 0, Coverage: 0, minDepth: 5
Confirmed 0 of 3580 bases (0.00%)
Corrected 0 snps; 0 ambiguous bases; corrected 0 small insertions totaling 0 bases, 0 small deletions totaling 0 bases
wRi_contig_13_pilon:1-3580 log:
Finished processing wRi_contig_13_pilon:1-3580
Processing wRi_contig_14_pilon:1-2374
frags /private/groups/russelllab/jodie/merrill_23_wRi_genome/merged_polished/wRi/merged_sorted_2.bam: coverage 338
Total Reads: 6728, Coverage: 338, minDepth: 34
Confirmed 2073 of 2374 bases (87.32%)
Corrected 0 snps; 0 ambiguous bases; corrected 0 small insertions totaling 0 bases, 0 small deletions totaling 0 bases
# Attempting to fix local continuity breaks
wRi_contig_14_pilon:1-2374 log:
Finished processing wRi_contig_14_pilon:1-2374
Processing wRi_contig_15_pilon:1-1937
frags /private/groups/russelllab/jodie/merrill_23_wRi_genome/merged_polished/wRi/merged_sorted_2.bam: coverage 673
Total Reads: 11875, Coverage: 673, minDepth: 67
Confirmed 1935 of 1937 bases (99.90%)
Corrected 0 snps; 0 ambiguous bases; corrected 0 small insertions totaling 0 bases, 0 small deletions totaling 0 bases
wRi_contig_15_pilon:1-1937 log:
Finished processing wRi_contig_15_pilon:1-1937
Processing wRi_contig_16_pilon:1-9830
frags /private/groups/russelllab/jodie/merrill_23_wRi_genome/merged_polished/wRi/merged_sorted_2.bam: coverage 555
Total Reads: 44455, Coverage: 555, minDepth: 56
Confirmed 9302 of 9830 bases (94.63%)
Corrected 0 snps; 0 ambiguous bases; corrected 0 small insertions totaling 0 bases, 0 small deletions totaling 0 bases
# Attempting to fix local continuity breaks
# fix break: wRi_contig_16_pilon:4358-4403 0 -0 +0 NoSolution
# fix break: wRi_contig_16_pilon:8566-8644 0 -0 +0 NoSolution TandemRepeat 293
wRi_contig_16_pilon:1-9830 log:
Finished processing wRi_contig_16_pilon:1-9830
Processing wRi_contig_17_pilon:1-38012
frags /private/groups/russelllab/jodie/merrill_23_wRi_genome/merged_polished/wRi/merged_sorted_2.bam: coverage 202
Total Reads: 62933, Coverage: 202, minDepth: 20
Confirmed 37933 of 38012 bases (99.79%)
Corrected 0 snps; 0 ambiguous bases; corrected 0 small insertions totaling 0 bases, 0 small deletions totaling 0 bases
# Attempting to fix local continuity breaks
# fix break: wRi_contig_17_pilon:9109-9637 0 -0 +0 NoSolution TandemRepeat 4279
wRi_contig_17_pilon:1-38012 log:
Finished processing wRi_contig_17_pilon:1-38012
Processing wRi_contig_18_pilon:1-501
frags /private/groups/russelllab/jodie/merrill_23_wRi_genome/merged_polished/wRi/merged_sorted_2.bam: coverage 34
Total Reads: 159, Coverage: 34, minDepth: 5
Confirmed 409 of 501 bases (81.64%)
Corrected 0 snps; 0 ambiguous bases; corrected 0 small insertions totaling 0 bases, 0 small deletions totaling 0 bases
wRi_contig_18_pilon:1-501 log:
Finished processing wRi_contig_18_pilon:1-501
Processing wRi_contig_19_pilon:1-1144
frags /private/groups/russelllab/jodie/merrill_23_wRi_genome/merged_polished/wRi/merged_sorted_2.bam: coverage 86
Total Reads: 925, Coverage: 86, minDepth: 9
Confirmed 964 of 1144 bases (84.27%)
Corrected 0 snps; 0 ambiguous bases; corrected 0 small insertions totaling 0 bases, 0 small deletions totaling 0 bases
# Attempting to fix local continuity breaks
# fix break: wRi_contig_19_pilon:373-463 0 -0 +0 NoSolution TandemRepeat 467
wRi_contig_19_pilon:1-1144 log:
Finished processing wRi_contig_19_pilon:1-1144
Processing wRi_contig_20_pilon:1-606962
frags /private/groups/russelllab/jodie/merrill_23_wRi_genome/merged_polished/wRi/merged_sorted_2.bam: coverage 115
Total Reads: 579952, Coverage: 115, minDepth: 12
Confirmed 606691 of 606962 bases (99.96%)
Corrected 1 snps; 0 ambiguous bases; corrected 0 small insertions totaling 0 bases, 0 small deletions totaling 0 bases
Large collapsed region: wRi_contig_20_pilon:462-26785 size 26324
# Attempting to fix local continuity breaks
# fix break: wRi_contig_20_pilon:34913-34988 0 -0 +0 NoSolution TandemRepeat 678
# fix break: wRi_contig_20_pilon:35208-35233 0 -0 +0 NoSolution TandemRepeat 678
# fix break: wRi_contig_20_pilon:37089-37093 0 -0 +0 NoSolution TandemRepeat 678
# fix break: wRi_contig_20_pilon:44684-44937 0 -0 +0 NoSolution TandemRepeat 150
# fix break: wRi_contig_20_pilon:46070-46106 0 -0 +0 NoSolution TandemRepeat 150
# fix break: wRi_contig_20_pilon:47316-47832 0 -0 +0 NoSolution TandemRepeat 150
# fix break: wRi_contig_20_pilon:288807-289072 0 -0 +0 NoSolution TandemRepeat 335
# fix break: wRi_contig_20_pilon:290200-290223 0 -0 +0 NoSolution TandemRepeat 3846
# fix break: wRi_contig_20_pilon:291850-292383 0 -0 +0 NoSolution TandemRepeat 3846
# fix break: wRi_contig_20_pilon:315646-315685 0 -0 +0 NoSolution TandemRepeat 1341
# fix break: wRi_contig_20_pilon:316995-317026 0 -0 +0 NoSolution TandemRepeat 1341
# fix break: wRi_contig_20_pilon:317240 0 -0 +0 NoSolution TandemRepeat 1341
# fix break: wRi_contig_20_pilon:384427-384974 0 -0 +0 NoSolution TandemRepeat 4589
# fix break: wRi_contig_20_pilon:388317-388472 0 -0 +0 NoSolution
# fix break: wRi_contig_20_pilon:388761-388803 0 -0 +0 NoSolution
# fix break: wRi_contig_20_pilon:393272-393647 0 -0 +0 NoSolution TandemRepeat 81
# fix break: wRi_contig_20_pilon:397101-397318 0 -0 +0 NoSolution TandemRepeat 81
# fix break: wRi_contig_20_pilon:403747-403775 0 -0 +0 NoSolution
# fix break: wRi_contig_20_pilon:430867-430898 0 -0 +0 NoSolution TandemRepeat 747
# fix break: wRi_contig_20_pilon:440788-441024 0 -0 +0 NoSolution TandemRepeat 76
# fix break: wRi_contig_20_pilon:441361-441398 0 -0 +0 NoSolution TandemRepeat 76
# fix break: wRi_contig_20_pilon:441717-441797 0 -0 +0 NoSolution TandemRepeat 76
# fix break: wRi_contig_20_pilon:442645-442878 0 -0 +0 NoSolution TandemRepeat 76
# fix break: wRi_contig_20_pilon:467101-467151 0 -0 +0 NoSolution TandemRepeat 2777
# fix break: wRi_contig_20_pilon:468102-468510 0 -0 +0 NoSolution TandemRepeat 2777
# fix break: wRi_contig_20_pilon:468942-469567 0 -0 +0 NoSolution TandemRepeat 2777
# fix break: wRi_contig_20_pilon:517705-517906 0 -0 +0 NoSolution
# fix break: wRi_contig_20_pilon:578971-578982 0 -0 +0 NoSolution
# fix break: wRi_contig_20_pilon:579202-579246 0 -0 +0 NoSolution
wRi_contig_20_pilon:1-606962 log:
Finished processing wRi_contig_20_pilon:1-606962
Processing wRi_contig_21_pilon:1-291466
frags /private/groups/russelllab/jodie/merrill_23_wRi_genome/merged_polished/wRi/merged_sorted_2.bam: coverage 129
Total Reads: 310430, Coverage: 129, minDepth: 13
Confirmed 291074 of 291466 bases (99.87%)
Corrected 0 snps; 0 ambiguous bases; corrected 1 small insertions totaling 1 bases, 0 small deletions totaling 0 bases
Large collapsed region: wRi_contig_21_pilon:142523-161071 size 18549
# Attempting to fix local continuity breaks
# fix break: wRi_contig_21_pilon:39239-39996 0 -0 +0 NoSolution
# fix break: wRi_contig_21_pilon:50754-51640 0 -0 +0 NoSolution TandemRepeat 266
# fix break: wRi_contig_21_pilon:75763-76323 0 -0 +0 NoSolution TandemRepeat 2284
# fix break: wRi_contig_21_pilon:135149-135190 0 -0 +0 NoSolution TandemRepeat 2008
# fix break: wRi_contig_21_pilon:136331-136467 0 -0 +0 NoSolution TandemRepeat 204
# fix break: wRi_contig_21_pilon:149919-149924 0 -0 +0 NoSolution TandemRepeat 80
# fix break: wRi_contig_21_pilon:150252-150869 0 -0 +0 NoSolution TandemRepeat 80
# fix break: wRi_contig_21_pilon:151192-151595 0 -0 +0 NoSolution TandemRepeat 80
# fix break: wRi_contig_21_pilon:151974-152208 0 -0 +0 NoSolution TandemRepeat 80
# fix break: wRi_contig_21_pilon:152500-152507 0 -0 +0 NoSolution TandemRepeat 80
# fix break: wRi_contig_21_pilon:152811-153035 0 -0 +0 NoSolution TandemRepeat 141
# fix break: wRi_contig_21_pilon:153364-153407 0 -0 +0 NoSolution TandemRepeat 141
# fix break: wRi_contig_21_pilon:153986-153991 0 -0 +0 NoSolution TandemRepeat 141
# fix break: wRi_contig_21_pilon:155410-155451 0 -0 +0 NoSolution TandemRepeat 72
# fix break: wRi_contig_21_pilon:156924-156951 0 -0 +0 NoSolution TandemRepeat 72
# fix break: wRi_contig_21_pilon:158195-158199 0 -0 +0 NoSolution TandemRepeat 72
# fix break: wRi_contig_21_pilon:167212-167443 0 -0 +0 NoSolution TandemRepeat 400
# fix break: wRi_contig_21_pilon:167662-167674 0 -0 +0 NoSolution TandemRepeat 400
# fix break: wRi_contig_21_pilon:167904-167914 0 -0 +0 NoSolution TandemRepeat 400
# fix break: wRi_contig_21_pilon:168120-168145 0 -0 +0 NoSolution TandemRepeat 400
# fix break: wRi_contig_21_pilon:171387-171500 0 -0 +0 NoSolution
# fix break: wRi_contig_21_pilon:173931-173968 0 -0 +0 NoSolution
# fix break: wRi_contig_21_pilon:177395-177476 0 -0 +0 NoSolution
# fix break: wRi_contig_21_pilon:193914-193964 0 -0 +0 NoSolution
# fix break: wRi_contig_21_pilon:216380-217117 0 -0 +0 NoSolution TandemRepeat 372
# fix break: wRi_contig_21_pilon:241797-241803 0 -0 +0 NoSolution TandemRepeat 255
# fix break: wRi_contig_21_pilon:253859-253941 0 -0 +0 NoSolution
# fix break: wRi_contig_21_pilon:255349-255496 0 -0 +0 NoSolution TandemRepeat 3440
wRi_contig_21_pilon:1-291466 log:
Finished processing wRi_contig_21_pilon:1-291466
Writing wRi_contig_1_pilon:1-2650 VCF to /private/groups/russelllab/jodie/merrill_23_wRi_genome/merged_polished/wRi/merged_pilon.vcf
Writing wRi_contig_1_pilon:1-2650 changes to /private/groups/russelllab/jodie/merrill_23_wRi_genome/merged_polished/wRi/merged_pilon.changes
Writing updated wRi_contig_1_pilon_pilon to /private/groups/russelllab/jodie/merrill_23_wRi_genome/merged_polished/wRi/merged_pilon.fasta
Writing wRi_contig_2_pilon:1-434936 VCF to /private/groups/russelllab/jodie/merrill_23_wRi_genome/merged_polished/wRi/merged_pilon.vcf
Writing wRi_contig_2_pilon:1-434936 changes to /private/groups/russelllab/jodie/merrill_23_wRi_genome/merged_polished/wRi/merged_pilon.changes
Writing updated wRi_contig_2_pilon_pilon to /private/groups/russelllab/jodie/merrill_23_wRi_genome/merged_polished/wRi/merged_pilon.fasta
Writing wRi_contig_3_pilon:1-1656 VCF to /private/groups/russelllab/jodie/merrill_23_wRi_genome/merged_polished/wRi/merged_pilon.vcf
Writing wRi_contig_3_pilon:1-1656 changes to /private/groups/russelllab/jodie/merrill_23_wRi_genome/merged_polished/wRi/merged_pilon.changes
Writing updated wRi_contig_3_pilon_pilon to /private/groups/russelllab/jodie/merrill_23_wRi_genome/merged_polished/wRi/merged_pilon.fasta
Writing wRi_contig_4_pilon:1-3536 VCF to /private/groups/russelllab/jodie/merrill_23_wRi_genome/merged_polished/wRi/merged_pilon.vcf
Writing wRi_contig_4_pilon:1-3536 changes to /private/groups/russelllab/jodie/merrill_23_wRi_genome/merged_polished/wRi/merged_pilon.changes
Writing updated wRi_contig_4_pilon_pilon to /private/groups/russelllab/jodie/merrill_23_wRi_genome/merged_polished/wRi/merged_pilon.fasta
Writing wRi_contig_5_pilon:1-2290 VCF to /private/groups/russelllab/jodie/merrill_23_wRi_genome/merged_polished/wRi/merged_pilon.vcf
Writing wRi_contig_5_pilon:1-2290 changes to /private/groups/russelllab/jodie/merrill_23_wRi_genome/merged_polished/wRi/merged_pilon.changes
Writing updated wRi_contig_5_pilon_pilon to /private/groups/russelllab/jodie/merrill_23_wRi_genome/merged_polished/wRi/merged_pilon.fasta
Writing wRi_contig_6_pilon:1-3462 VCF to /private/groups/russelllab/jodie/merrill_23_wRi_genome/merged_polished/wRi/merged_pilon.vcf
Writing wRi_contig_6_pilon:1-3462 changes to /private/groups/russelllab/jodie/merrill_23_wRi_genome/merged_polished/wRi/merged_pilon.changes
Writing updated wRi_contig_6_pilon_pilon to /private/groups/russelllab/jodie/merrill_23_wRi_genome/merged_polished/wRi/merged_pilon.fasta
Writing wRi_contig_7_pilon:1-4418 VCF to /private/groups/russelllab/jodie/merrill_23_wRi_genome/merged_polished/wRi/merged_pilon.vcf
Writing wRi_contig_7_pilon:1-4418 changes to /private/groups/russelllab/jodie/merrill_23_wRi_genome/merged_polished/wRi/merged_pilon.changes
Writing updated wRi_contig_7_pilon_pilon to /private/groups/russelllab/jodie/merrill_23_wRi_genome/merged_polished/wRi/merged_pilon.fasta
Writing wRi_contig_8_pilon:1-2964 VCF to /private/groups/russelllab/jodie/merrill_23_wRi_genome/merged_polished/wRi/merged_pilon.vcf
Writing wRi_contig_8_pilon:1-2964 changes to /private/groups/russelllab/jodie/merrill_23_wRi_genome/merged_polished/wRi/merged_pilon.changes
Writing updated wRi_contig_8_pilon_pilon to /private/groups/russelllab/jodie/merrill_23_wRi_genome/merged_polished/wRi/merged_pilon.fasta
Writing wRi_contig_9_pilon:1-5776 VCF to /private/groups/russelllab/jodie/merrill_23_wRi_genome/merged_polished/wRi/merged_pilon.vcf
Writing wRi_contig_9_pilon:1-5776 changes to /private/groups/russelllab/jodie/merrill_23_wRi_genome/merged_polished/wRi/merged_pilon.changes
Writing updated wRi_contig_9_pilon_pilon to /private/groups/russelllab/jodie/merrill_23_wRi_genome/merged_polished/wRi/merged_pilon.fasta
Writing wRi_contig_10_pilon:1-2412 VCF to /private/groups/russelllab/jodie/merrill_23_wRi_genome/merged_polished/wRi/merged_pilon.vcf
Writing wRi_contig_10_pilon:1-2412 changes to /private/groups/russelllab/jodie/merrill_23_wRi_genome/merged_polished/wRi/merged_pilon.changes
Writing updated wRi_contig_10_pilon_pilon to /private/groups/russelllab/jodie/merrill_23_wRi_genome/merged_polished/wRi/merged_pilon.fasta
Writing wRi_contig_11_pilon:1-620 VCF to /private/groups/russelllab/jodie/merrill_23_wRi_genome/merged_polished/wRi/merged_pilon.vcf
Writing wRi_contig_11_pilon:1-620 changes to /private/groups/russelllab/jodie/merrill_23_wRi_genome/merged_polished/wRi/merged_pilon.changes
Writing updated wRi_contig_11_pilon_pilon to /private/groups/russelllab/jodie/merrill_23_wRi_genome/merged_polished/wRi/merged_pilon.fasta
Writing wRi_contig_12_pilon:1-1989 VCF to /private/groups/russelllab/jodie/merrill_23_wRi_genome/merged_polished/wRi/merged_pilon.vcf
Writing wRi_contig_12_pilon:1-1989 changes to /private/groups/russelllab/jodie/merrill_23_wRi_genome/merged_polished/wRi/merged_pilon.changes
Writing updated wRi_contig_12_pilon_pilon to /private/groups/russelllab/jodie/merrill_23_wRi_genome/merged_polished/wRi/merged_pilon.fasta
Writing wRi_contig_13_pilon:1-3580 VCF to /private/groups/russelllab/jodie/merrill_23_wRi_genome/merged_polished/wRi/merged_pilon.vcf
Writing wRi_contig_13_pilon:1-3580 changes to /private/groups/russelllab/jodie/merrill_23_wRi_genome/merged_polished/wRi/merged_pilon.changes
Writing updated wRi_contig_13_pilon_pilon to /private/groups/russelllab/jodie/merrill_23_wRi_genome/merged_polished/wRi/merged_pilon.fasta
Writing wRi_contig_14_pilon:1-2374 VCF to /private/groups/russelllab/jodie/merrill_23_wRi_genome/merged_polished/wRi/merged_pilon.vcf
Writing wRi_contig_14_pilon:1-2374 changes to /private/groups/russelllab/jodie/merrill_23_wRi_genome/merged_polished/wRi/merged_pilon.changes
Writing updated wRi_contig_14_pilon_pilon to /private/groups/russelllab/jodie/merrill_23_wRi_genome/merged_polished/wRi/merged_pilon.fasta
Writing wRi_contig_15_pilon:1-1937 VCF to /private/groups/russelllab/jodie/merrill_23_wRi_genome/merged_polished/wRi/merged_pilon.vcf
Writing wRi_contig_15_pilon:1-1937 changes to /private/groups/russelllab/jodie/merrill_23_wRi_genome/merged_polished/wRi/merged_pilon.changes
Writing updated wRi_contig_15_pilon_pilon to /private/groups/russelllab/jodie/merrill_23_wRi_genome/merged_polished/wRi/merged_pilon.fasta
Writing wRi_contig_16_pilon:1-9830 VCF to /private/groups/russelllab/jodie/merrill_23_wRi_genome/merged_polished/wRi/merged_pilon.vcf
Writing wRi_contig_16_pilon:1-9830 changes to /private/groups/russelllab/jodie/merrill_23_wRi_genome/merged_polished/wRi/merged_pilon.changes
Writing updated wRi_contig_16_pilon_pilon to /private/groups/russelllab/jodie/merrill_23_wRi_genome/merged_polished/wRi/merged_pilon.fasta
Writing wRi_contig_17_pilon:1-38012 VCF to /private/groups/russelllab/jodie/merrill_23_wRi_genome/merged_polished/wRi/merged_pilon.vcf
Writing wRi_contig_17_pilon:1-38012 changes to /private/groups/russelllab/jodie/merrill_23_wRi_genome/merged_polished/wRi/merged_pilon.changes
Writing updated wRi_contig_17_pilon_pilon to /private/groups/russelllab/jodie/merrill_23_wRi_genome/merged_polished/wRi/merged_pilon.fasta
Writing wRi_contig_18_pilon:1-501 VCF to /private/groups/russelllab/jodie/merrill_23_wRi_genome/merged_polished/wRi/merged_pilon.vcf
Writing wRi_contig_18_pilon:1-501 changes to /private/groups/russelllab/jodie/merrill_23_wRi_genome/merged_polished/wRi/merged_pilon.changes
Writing updated wRi_contig_18_pilon_pilon to /private/groups/russelllab/jodie/merrill_23_wRi_genome/merged_polished/wRi/merged_pilon.fasta
Writing wRi_contig_19_pilon:1-1144 VCF to /private/groups/russelllab/jodie/merrill_23_wRi_genome/merged_polished/wRi/merged_pilon.vcf
Writing wRi_contig_19_pilon:1-1144 changes to /private/groups/russelllab/jodie/merrill_23_wRi_genome/merged_polished/wRi/merged_pilon.changes
Writing updated wRi_contig_19_pilon_pilon to /private/groups/russelllab/jodie/merrill_23_wRi_genome/merged_polished/wRi/merged_pilon.fasta
Writing wRi_contig_20_pilon:1-606962 VCF to /private/groups/russelllab/jodie/merrill_23_wRi_genome/merged_polished/wRi/merged_pilon.vcf
Writing wRi_contig_20_pilon:1-606962 changes to /private/groups/russelllab/jodie/merrill_23_wRi_genome/merged_polished/wRi/merged_pilon.changes
Writing updated wRi_contig_20_pilon_pilon to /private/groups/russelllab/jodie/merrill_23_wRi_genome/merged_polished/wRi/merged_pilon.fasta
Writing wRi_contig_21_pilon:1-291466 VCF to /private/groups/russelllab/jodie/merrill_23_wRi_genome/merged_polished/wRi/merged_pilon.vcf
Writing wRi_contig_21_pilon:1-291466 changes to /private/groups/russelllab/jodie/merrill_23_wRi_genome/merged_polished/wRi/merged_pilon.changes
Writing updated wRi_contig_21_pilon_pilon to /private/groups/russelllab/jodie/merrill_23_wRi_genome/merged_polished/wRi/merged_pilon.fasta
Mean frags coverage: 128
Mean total coverage: 128
[Tue Mar 11 09:43:28 2025]
Finished job 0.
1 of 1 steps (100%) done
Storing output in storage.
[Tue Mar 11 09:43:28 2025]
Finished job 0.
1 of 1 steps (100%) done
Storing output in storage.
