[2025-12-08 15:41:02] root: INFO: Starting Flye 2.9.6-b1802
[2025-12-08 15:41:02] root: DEBUG: Cmd: /private/home/jomojaco/miniforge3/envs/assembly/bin/flye --nano-hq /private/groups/russelllab/jodie/Jacobs_et_al_2026_de_novo_wRi_merrill_23_assembly/polish_reads/data/polished/merrill_23_all_basecalled_polished.wRiM23.fastq.gz -t 16 --out-dir /private/groups/russelllab/jodie/Jacobs_et_al_2026_de_novo_wRi_merrill_23_assembly/polish_reads/results/flye/20250828_Nanopore/wRi/ --genome-size 1.3m
[2025-12-08 15:41:02] root: DEBUG: Python version: 3.12.11 | packaged by conda-forge | (main, Jun  4 2025, 14:45:31) [GCC 13.3.0]
[2025-12-08 15:41:02] root: INFO: >>>STAGE: configure
[2025-12-08 15:41:02] root: INFO: Configuring run
[2025-12-08 15:41:04] root: INFO: Total read length: 125369495
[2025-12-08 15:41:04] root: INFO: Input genome size: 1300000
[2025-12-08 15:41:04] root: INFO: Estimated coverage: 96
[2025-12-08 15:41:04] root: INFO: Reads N50/N90: 3557 / 3366
[2025-12-08 15:41:04] root: INFO: Minimum overlap set to 3000
[2025-12-08 15:41:04] root: INFO: >>>STAGE: assembly
[2025-12-08 15:41:04] root: INFO: Assembling disjointigs
[2025-12-08 15:41:04] root: DEBUG: -----Begin assembly log------
[2025-12-08 15:41:04] root: DEBUG: Running: flye-modules assemble --reads /private/groups/russelllab/jodie/Jacobs_et_al_2026_de_novo_wRi_merrill_23_assembly/polish_reads/data/polished/merrill_23_all_basecalled_polished.wRiM23.fastq.gz --out-asm /private/groups/russelllab/jodie/Jacobs_et_al_2026_de_novo_wRi_merrill_23_assembly/polish_reads/results/flye/20250828_Nanopore/wRi/00-assembly/draft_assembly.fasta --config /private/home/jomojaco/miniforge3/envs/assembly/lib/python3.12/site-packages/flye/config/bin_cfg/asm_nano_hq.cfg --log /private/groups/russelllab/jodie/Jacobs_et_al_2026_de_novo_wRi_merrill_23_assembly/polish_reads/results/flye/20250828_Nanopore/wRi/flye.log --threads 16 --genome-size 1300000 --min-ovlp 3000
[2025-12-08 15:41:04] DEBUG: Build date: May  4 2025 23:17:52
[2025-12-08 15:41:04] DEBUG: Total RAM: 2003 Gb
[2025-12-08 15:41:04] DEBUG: Available RAM: 1724 Gb
[2025-12-08 15:41:04] DEBUG: Total CPUs: 256
[2025-12-08 15:41:04] DEBUG: Loading /private/home/jomojaco/miniforge3/envs/assembly/lib/python3.12/site-packages/flye/config/bin_cfg/asm_nano_hq.cfg
[2025-12-08 15:41:04] DEBUG: Loading /private/home/jomojaco/miniforge3/envs/assembly/lib/python3.12/site-packages/flye/config/bin_cfg/asm_defaults.cfg
[2025-12-08 15:41:04] DEBUG: 	big_genome_threshold=29000000
[2025-12-08 15:41:04] DEBUG: 	meta_read_filter_kmer_freq=100
[2025-12-08 15:41:04] DEBUG: 	chain_large_gap_penalty=2
[2025-12-08 15:41:04] DEBUG: 	chain_small_gap_penalty=0.5
[2025-12-08 15:41:04] DEBUG: 	chain_gap_jump_threshold=100
[2025-12-08 15:41:04] DEBUG: 	max_jump_gap=500
[2025-12-08 15:41:04] DEBUG: 	max_coverage_drop_rate=5
[2025-12-08 15:41:04] DEBUG: 	max_extensions_drop_rate=5
[2025-12-08 15:41:04] DEBUG: 	chimera_window=100
[2025-12-08 15:41:04] DEBUG: 	chimera_overhang=1000
[2025-12-08 15:41:04] DEBUG: 	min_reads_in_disjointig=4
[2025-12-08 15:41:04] DEBUG: 	max_inner_reads=10
[2025-12-08 15:41:04] DEBUG: 	max_inner_fraction=0.25
[2025-12-08 15:41:04] DEBUG: 	aggressive_dup_filter=1
[2025-12-08 15:41:04] DEBUG: 	max_separation=500
[2025-12-08 15:41:04] DEBUG: 	unique_edge_length=50000
[2025-12-08 15:41:04] DEBUG: 	min_repeat_res_support=0.51
[2025-12-08 15:41:04] DEBUG: 	out_paths_ratio=5
[2025-12-08 15:41:04] DEBUG: 	graph_cov_drop_rate=5
[2025-12-08 15:41:04] DEBUG: 	coverage_estimate_window=100
[2025-12-08 15:41:04] DEBUG: 	max_bubble_length=50000
[2025-12-08 15:41:04] DEBUG: 	loop_coverage_rate=1.5
[2025-12-08 15:41:04] DEBUG: 	repeat_edge_cov_mult=1.75
[2025-12-08 15:41:04] DEBUG: 	weak_detach_rate=5
[2025-12-08 15:41:04] DEBUG: 	tip_coverage_rate=2
[2025-12-08 15:41:04] DEBUG: 	tip_length_rate=2
[2025-12-08 15:41:04] DEBUG: 	output_gfa_before_rr=1
[2025-12-08 15:41:04] DEBUG: 	remove_alt_edges=0
[2025-12-08 15:41:04] DEBUG: 	low_cutoff_warning=0
[2025-12-08 15:41:04] DEBUG: 	kmer_size=17
[2025-12-08 15:41:04] DEBUG: 	use_minimizers=1
[2025-12-08 15:41:04] DEBUG: 	minimizer_window=10
[2025-12-08 15:41:04] DEBUG: 	reads_base_alignment=1
[2025-12-08 15:41:04] DEBUG: 	meta_read_top_kmer_rate=0.75
[2025-12-08 15:41:04] DEBUG: 	maximum_jump=1500
[2025-12-08 15:41:04] DEBUG: 	maximum_overhang=1500
[2025-12-08 15:41:04] DEBUG: 	repeat_kmer_rate=100
[2025-12-08 15:41:04] DEBUG: 	assemble_ovlp_divergence=0.03
[2025-12-08 15:41:04] DEBUG: 	assemble_divergence_relative=1
[2025-12-08 15:41:04] DEBUG: 	repeat_graph_ovlp_divergence=0.03
[2025-12-08 15:41:04] DEBUG: 	read_align_ovlp_divergence=0.10
[2025-12-08 15:41:04] DEBUG: 	hpc_scoring_on=1
[2025-12-08 15:41:04] DEBUG: 	add_unassembled_reads=0
[2025-12-08 15:41:04] DEBUG: 	extend_contigs_with_repeats=0
[2025-12-08 15:41:04] DEBUG: 	min_read_cov_cutoff=3
[2025-12-08 15:41:04] DEBUG: 	short_tip_length=20000
[2025-12-08 15:41:04] DEBUG: 	long_tip_length=100000
[2025-12-08 15:41:04] DEBUG: Running with k-mer size: 17
[2025-12-08 15:41:04] DEBUG: Running with minimum overlap 3000
[2025-12-08 15:41:04] DEBUG: Metagenome mode: N
[2025-12-08 15:41:04] DEBUG: Short mode: N
[2025-12-08 15:41:04] INFO: Reading sequences
[2025-12-08 15:41:05] DEBUG: Building positional index
[2025-12-08 15:41:05] DEBUG: Total sequence: 125345495 bp
[2025-12-08 15:41:05] INFO: Building minimizer index
[2025-12-08 15:41:05] INFO: Pre-calculating index storage
[2025-12-08 15:41:06] DEBUG: Mean k-mer frequency: 7.41024
[2025-12-08 15:41:06] DEBUG: Repetitive k-mer frequency: 741
[2025-12-08 15:41:06] DEBUG: Filtered 10127893 repetitive k-mers (0.448455)
[2025-12-08 15:41:06] INFO: Filling index
[2025-12-08 15:41:08] DEBUG: Sorting k-mer index
[2025-12-08 15:41:08] DEBUG: Selected k-mers: 3046684
[2025-12-08 15:41:08] DEBUG: K-mer index size: 12456054
[2025-12-08 15:41:08] DEBUG: Mean k-mer frequency: 4.0884
[2025-12-08 15:41:08] DEBUG: Minimizer rate: 10.063
[2025-12-08 15:41:08] DEBUG: Peak RAM usage: 0 Gb
[2025-12-08 15:41:08] DEBUG: Estimating k-mer identity bias
[2025-12-08 15:41:25] DEBUG: Initial divergence estimate : 0.0255517
[2025-12-08 15:41:25] DEBUG: Relative threshold: Y
[2025-12-08 15:41:25] DEBUG: Max divergence threshold set to 0.0555517
[2025-12-08 15:41:25] INFO: Extending reads
[2025-12-08 15:41:25] DEBUG: Estimating overlap coverage
[2025-12-08 15:43:31] INFO: Overlap-based coverage: 242
[2025-12-08 15:43:32] INFO: Median overlap divergence: 0.0271493
[2025-12-08 15:43:32] DEBUG: Sequence divergence distribution: 

    |   *       |                                                                                        
    |   *       |                                                                                        
    |   *       |                                                                                        
    |   **      |                                                                                        
    |   **      |                                                                                        
    |   **      |                                                                                        
    |  ***      |                                                                                        
    |  ***      |                                                                                        
    |  ***      |                                                                                        
    |  ****     |                                                                                        
    |  ****     |                                                                                        
    |  ****     |                                                                                        
    |  ****     |                                                                                        
    |  ****    *|                                                                                        
    |  *****   *|                                                                                        
    | ******* ***                                                                                        
    | ******* ****                                                                                       
    | ************                                                                                       
    | *************** *  *                                                                               
    |***************************************** **** ****  **  *   *   **  **    * ** *  ***  ******   ** 
    ----------------------------------------------------------------------------------------------------
    0%        5%        10%       15%       20%       25%       30%       35%       40%       45%       

    Q25 = 0.018, Q50 = 0.027, Q75 = 0.055

[2025-12-08 15:43:34] DEBUG: Assembled disjointig 1
	With 1 reads
	Start read: +240caeb1-2e12-494c-ad89-e2db579490ea
	At position: 1
	leftTip: 1 rightTip: 1
	Suspicious: 0
	Short ext: 0
	Mean extensions: 1
	Avg overlap len: 0
	Min overlap len: 0
	Inner reads: 0
	Length: 3515
[2025-12-08 15:43:34] DEBUG: Inner: 508 covered: 208 total: 60226
[2025-12-08 15:43:34] DEBUG: Assembled disjointig 2
	With 1 reads
	Start read: +865d22f5-103f-4de8-9c68-f7f2a33a06f4
	At position: 1
	leftTip: 1 rightTip: 1
	Suspicious: 0
	Short ext: 0
	Mean extensions: 3
	Avg overlap len: 0
	Min overlap len: 0
	Inner reads: 0
	Length: 3369
[2025-12-08 15:43:34] DEBUG: Inner: 1658 covered: 340 total: 60226
[2025-12-08 15:43:35] DEBUG: Assembled disjointig 3
	With 1 reads
	Start read: +b4ab46a5-e1b4-4f81-aacc-6c04de7c03a3
	At position: 1
	leftTip: 1 rightTip: 1
	Suspicious: 0
	Short ext: 0
	Mean extensions: 5
	Avg overlap len: 0
	Min overlap len: 0
	Inner reads: 0
	Length: 3538
[2025-12-08 15:43:35] DEBUG: Inner: 2244 covered: 610 total: 60226
[2025-12-08 15:43:35] DEBUG: Assembled disjointig 4
	With 1 reads
	Start read: +6b36a488-033f-4ebd-b9b3-25efbb6de2b7
	At position: 1
	leftTip: 1 rightTip: 1
	Suspicious: 0
	Short ext: 0
	Mean extensions: 3
	Avg overlap len: 0
	Min overlap len: 0
	Inner reads: 0
	Length: 3344
[2025-12-08 15:43:35] DEBUG: Inner: 2572 covered: 740 total: 60226
[2025-12-08 15:43:35] DEBUG: Assembled disjointig 5
	With 1 reads
	Start read: +c5df8495-b40c-4667-9c3b-4ef04a6c798e
	At position: 1
	leftTip: 1 rightTip: 1
	Suspicious: 0
	Short ext: 0
	Mean extensions: 4
	Avg overlap len: 0
	Min overlap len: 0
	Inner reads: 0
	Length: 3537
[2025-12-08 15:43:35] DEBUG: Inner: 2796 covered: 830 total: 60226
[2025-12-08 15:43:35] DEBUG: Assembled disjointig 6
	With 1 reads
	Start read: +b20f3e33-9328-4083-ab42-a90cf780ab44
	At position: 1
	leftTip: 1 rightTip: 1
	Suspicious: 0
	Short ext: 0
	Mean extensions: 5
	Avg overlap len: 0
	Min overlap len: 0
	Inner reads: 0
	Length: 3541
[2025-12-08 15:43:35] DEBUG: Inner: 3026 covered: 920 total: 60226
[2025-12-08 15:43:35] DEBUG: Assembled disjointig 7
	With 1 reads
	Start read: +d1d4ba6e-ea6e-413f-9175-f80a7e149043
	At position: 1
	leftTip: 1 rightTip: 1
	Suspicious: 0
	Short ext: 0
	Mean extensions: 6
	Avg overlap len: 0
	Min overlap len: 0
	Inner reads: 0
	Length: 3534
[2025-12-08 15:43:35] DEBUG: Inner: 3136 covered: 1032 total: 60226
[2025-12-08 15:43:35] DEBUG: Assembled disjointig 8
	With 1 reads
	Start read: +9f8db92a-150d-48f3-83df-09afa3bfd32b
	At position: 1
	leftTip: 1 rightTip: 1
	Suspicious: 0
	Short ext: 0
	Mean extensions: 7
	Avg overlap len: 0
	Min overlap len: 0
	Inner reads: 0
	Length: 3545
[2025-12-08 15:43:35] DEBUG: Inner: 3262 covered: 1128 total: 60226
[2025-12-08 15:43:35] DEBUG: Assembled disjointig 9
	With 1 reads
	Start read: +f493850d-0199-4c40-be66-3e11b8e4eacc
	At position: 1
	leftTip: 1 rightTip: 1
	Suspicious: 0
	Short ext: 0
	Mean extensions: 4
	Avg overlap len: 0
	Min overlap len: 0
	Inner reads: 0
	Length: 3545
[2025-12-08 15:43:35] DEBUG: Inner: 3326 covered: 1166 total: 60226
[2025-12-08 15:43:35] DEBUG: Assembled disjointig 10
	With 1 reads
	Start read: +7e23bc4c-d80f-4510-b7b4-7218f13045c9
	At position: 1
	leftTip: 1 rightTip: 1
	Suspicious: 0
	Short ext: 0
	Mean extensions: 6
	Avg overlap len: 0
	Min overlap len: 0
	Inner reads: 0
	Length: 3549
[2025-12-08 15:43:35] DEBUG: Inner: 3416 covered: 1212 total: 60226
[2025-12-08 15:43:36] DEBUG: Assembled disjointig 11
	With 1 reads
	Start read: +84cbaa4c-0402-46ea-93b2-473f61edc8b2
	At position: 1
	leftTip: 1 rightTip: 1
	Suspicious: 0
	Short ext: 0
	Mean extensions: 4
	Avg overlap len: 0
	Min overlap len: 0
	Inner reads: 0
	Length: 3561
[2025-12-08 15:43:36] DEBUG: Inner: 3586 covered: 1400 total: 60226
[2025-12-08 15:43:36] DEBUG: Assembled disjointig 12
	With 1 reads
	Start read: +238c9c48-f09c-4119-b85a-d3ddd8eb448b
	At position: 1
	leftTip: 1 rightTip: 1
	Suspicious: 0
	Short ext: 0
	Mean extensions: 5
	Avg overlap len: 0
	Min overlap len: 0
	Inner reads: 0
	Length: 3524
[2025-12-08 15:43:36] DEBUG: Inner: 3852 covered: 1450 total: 60226
[2025-12-08 15:43:36] DEBUG: Assembled disjointig 13
	With 1 reads
	Start read: +33598355-bb56-43d4-8aee-8cb7fa23891e
	At position: 1
	leftTip: 1 rightTip: 1
	Suspicious: 0
	Short ext: 0
	Mean extensions: 5
	Avg overlap len: 0
	Min overlap len: 0
	Inner reads: 0
	Length: 3314
[2025-12-08 15:43:36] DEBUG: Inner: 3922 covered: 1510 total: 60226
[2025-12-08 15:43:36] DEBUG: Assembled disjointig 14
	With 1 reads
	Start read: +78e4ace1-9682-4eeb-aa45-eaee6c95e681
	At position: 1
	leftTip: 1 rightTip: 1
	Suspicious: 0
	Short ext: 0
	Mean extensions: 3
	Avg overlap len: 0
	Min overlap len: 0
	Inner reads: 0
	Length: 3549
[2025-12-08 15:43:36] DEBUG: Inner: 4094 covered: 1638 total: 60226
[2025-12-08 15:43:37] DEBUG: Assembled disjointig 15
	With 1 reads
	Start read: +f909324d-1855-494e-a3f1-b21ca06bb842
	At position: 1
	leftTip: 1 rightTip: 1
	Suspicious: 0
	Short ext: 0
	Mean extensions: 8
	Avg overlap len: 0
	Min overlap len: 0
	Inner reads: 0
	Length: 3557
[2025-12-08 15:43:37] DEBUG: Inner: 4302 covered: 1836 total: 60226
[2025-12-08 15:43:37] DEBUG: Assembled disjointig 16
	With 1 reads
	Start read: +64d98bc2-5113-4e9e-a608-285ede7f6e1f
	At position: 1
	leftTip: 1 rightTip: 1
	Suspicious: 0
	Short ext: 0
	Mean extensions: 6
	Avg overlap len: 0
	Min overlap len: 0
	Inner reads: 0
	Length: 3357
[2025-12-08 15:43:37] DEBUG: Inner: 4360 covered: 1872 total: 60226
[2025-12-08 15:43:37] DEBUG: Assembled disjointig 17
	With 1 reads
	Start read: +5e11b185-9d71-4b40-a32a-ee68fd4c3525
	At position: 1
	leftTip: 1 rightTip: 1
	Suspicious: 0
	Short ext: 0
	Mean extensions: 7
	Avg overlap len: 0
	Min overlap len: 0
	Inner reads: 0
	Length: 3546
[2025-12-08 15:43:37] DEBUG: Inner: 4412 covered: 1908 total: 60226
[2025-12-08 15:43:40] DEBUG: Assembled disjointig 18
	With 9 reads
	Start read: +d1d717dd-1a2e-4d60-a41a-16d7652badeb
	At position: 8
	leftTip: 1 rightTip: 0
	Suspicious: 2
	Short ext: 0
	Mean extensions: 23
	Avg overlap len: 5458
	Min overlap len: 3010
	Inner reads: 0
	Length: 22754
[2025-12-08 15:43:40] DEBUG: Inner: 6822 covered: 4404 total: 60226
[2025-12-08 15:43:40] DEBUG: Discarded disjointig with 5 reads and 3 inner overlaps
[2025-12-08 15:43:40] DEBUG: Discarded disjointig with 3 reads and 1 inner overlaps
[2025-12-08 15:43:40] DEBUG: Discarded disjointig with 5 reads and 3 inner overlaps
[2025-12-08 15:43:41] DEBUG: Discarded disjointig with 3 reads and 1 inner overlaps
[2025-12-08 15:43:42] DEBUG: Assembled disjointig 19
	With 2 reads
	Start read: +c0a58d70-c107-4b6d-88be-5db46d0e182b
	At position: 1
	leftTip: 1 rightTip: 0
	Suspicious: 0
	Short ext: 0
	Mean extensions: 287
	Avg overlap len: 3485
	Min overlap len: 3485
	Inner reads: 0
	Length: 5454
[2025-12-08 15:43:42] DEBUG: Inner: 6822 covered: 4822 total: 60226
[2025-12-08 15:43:44] DEBUG: Discarded disjointig with 5 reads and 3 inner overlaps
[2025-12-08 15:43:46] DEBUG: Discarded disjointig with 4 reads and 2 inner overlaps
[2025-12-08 15:43:46] DEBUG: Discarded disjointig with 9 reads and 7 inner overlaps
[2025-12-08 15:44:09] DEBUG: Assembled disjointig 20
	With 168 reads
	Start read: +c5ed4274-cce9-43b5-a3ed-22bcd680903f
	At position: 81
	leftTip: 1 rightTip: 0
	Suspicious: 152
	Short ext: 3
	Mean extensions: 16
	Avg overlap len: 7671
	Min overlap len: 2282
	Inner reads: 0
	Length: 860654
[2025-12-08 15:44:09] DEBUG: Inner: 17382 covered: 15608 total: 60226
[2025-12-08 15:44:09] DEBUG: Discarded disjointig with 93 reads and 91 inner overlaps
[2025-12-08 15:44:09] DEBUG: Discarded disjointig with 92 reads and 90 inner overlaps
[2025-12-08 15:44:09] DEBUG: Discarded disjointig with 88 reads and 86 inner overlaps
[2025-12-08 15:44:09] DEBUG: Discarded disjointig with 166 reads and 164 inner overlaps
[2025-12-08 15:44:09] DEBUG: Discarded disjointig with 164 reads and 162 inner overlaps
[2025-12-08 15:44:09] DEBUG: Discarded disjointig with 167 reads and 165 inner overlaps
[2025-12-08 15:44:09] DEBUG: Discarded disjointig with 97 reads and 95 inner overlaps
[2025-12-08 15:44:09] DEBUG: Discarded disjointig with 165 reads and 163 inner overlaps
[2025-12-08 15:44:09] DEBUG: Discarded disjointig with 89 reads and 87 inner overlaps
[2025-12-08 15:44:09] DEBUG: Discarded disjointig with 97 reads and 95 inner overlaps
[2025-12-08 15:44:09] DEBUG: Discarded disjointig with 95 reads and 93 inner overlaps
[2025-12-08 15:44:09] DEBUG: Discarded disjointig with 97 reads and 95 inner overlaps
[2025-12-08 15:44:09] DEBUG: Discarded disjointig with 86 reads and 84 inner overlaps
[2025-12-08 15:44:12] DEBUG: Assembled disjointig 21
	With 110 reads
	Start read: +a11b95c8-fd46-4bcc-975c-d99b7323032e
	At position: 109
	leftTip: 1 rightTip: 0
	Suspicious: 106
	Short ext: 5
	Mean extensions: 14
	Avg overlap len: 7006
	Min overlap len: 1710
	Inner reads: 3
	Length: 545949
[2025-12-08 15:44:12] DEBUG: Inner: 23496 covered: 22870 total: 60226
[2025-12-08 15:44:26] DEBUG: Assembled disjointig 22
	With 6 reads
	Start read: +ab83b53e-b4e5-4601-8d3e-b938b7d50113
	At position: 5
	leftTip: 0 rightTip: 0
	Suspicious: 5
	Short ext: 0
	Mean extensions: 17
	Avg overlap len: 4924
	Min overlap len: 3690
	Inner reads: 0
	Length: 33895
[2025-12-08 15:44:26] DEBUG: Inner: 23602 covered: 28508 total: 60226
[2025-12-08 15:44:28] DEBUG: Discarded disjointig with 5 reads and 3 inner overlaps
[2025-12-08 15:44:31] DEBUG: Discarded disjointig with 6 reads and 2 inner overlaps
[2025-12-08 15:45:13] DEBUG: Assembled disjointig 23
	With 1 reads
	Start read: +4eaf1fcb-5d09-48d0-aacd-3063ce542c63
	At position: 1
	leftTip: 1 rightTip: 1
	Suspicious: 0
	Short ext: 0
	Mean extensions: 1
	Avg overlap len: 0
	Min overlap len: 0
	Inner reads: 0
	Length: 3566
[2025-12-08 15:45:13] DEBUG: Inner: 23812 covered: 52364 total: 60226
[2025-12-08 15:45:26] INFO: Assembled 23 disjointigs
[2025-12-08 15:45:26] INFO: Generating sequence
[2025-12-08 15:45:26] DEBUG: Building positional index
[2025-12-08 15:45:26] DEBUG: Total sequence: 1512063 bp
[2025-12-08 15:45:26] DEBUG: Mean k-mer frequency: 1.21074
[2025-12-08 15:45:26] DEBUG: Repetitive k-mer frequency: 121
[2025-12-08 15:45:26] DEBUG: Filtered 1250 repetitive k-mers (0.0045586)
[2025-12-08 15:45:26] DEBUG: Sorting k-mer index
[2025-12-08 15:45:26] DEBUG: Selected k-mers: 226477
[2025-12-08 15:45:26] DEBUG: K-mer index size: 272957
[2025-12-08 15:45:26] DEBUG: Mean k-mer frequency: 1.20523
[2025-12-08 15:45:26] DEBUG: Minimizer rate: 5.53956
[2025-12-08 15:45:26] INFO: Filtering contained disjointigs
[2025-12-08 15:45:27] DEBUG: Computing transitive closure for overlaps
[2025-12-08 15:45:27] DEBUG: Found 700 overlaps
[2025-12-08 15:45:27] DEBUG: Left 280 overlaps after filtering
[2025-12-08 15:45:27] INFO: Contained seqs: 17
[2025-12-08 15:45:27] DEBUG: Writing FASTA
[2025-12-08 15:45:27] DEBUG: Peak RAM usage: 0 Gb
-----------End assembly log------------
[2025-12-08 15:45:27] root: DEBUG: Disjointigs length: 1450740, N50: 860504
[2025-12-08 15:45:27] root: INFO: >>>STAGE: consensus
[2025-12-08 15:45:27] root: INFO: Running Minimap2
[2025-12-08 15:45:38] root: INFO: Computing consensus
[2025-12-08 15:45:52] root: INFO: Alignment error rate: 0.033575
[2025-12-08 15:45:52] root: INFO: >>>STAGE: repeat
[2025-12-08 15:45:52] root: INFO: Building and resolving repeat graph
[2025-12-08 15:45:52] root: DEBUG: -----Begin repeat analyser log------
[2025-12-08 15:45:52] root: DEBUG: Running: flye-modules repeat --disjointigs /private/groups/russelllab/jodie/Jacobs_et_al_2026_de_novo_wRi_merrill_23_assembly/polish_reads/results/flye/20250828_Nanopore/wRi/10-consensus/consensus.fasta --reads /private/groups/russelllab/jodie/Jacobs_et_al_2026_de_novo_wRi_merrill_23_assembly/polish_reads/data/polished/merrill_23_all_basecalled_polished.wRiM23.fastq.gz --out-dir /private/groups/russelllab/jodie/Jacobs_et_al_2026_de_novo_wRi_merrill_23_assembly/polish_reads/results/flye/20250828_Nanopore/wRi/20-repeat --config /private/home/jomojaco/miniforge3/envs/assembly/lib/python3.12/site-packages/flye/config/bin_cfg/asm_nano_hq.cfg --log /private/groups/russelllab/jodie/Jacobs_et_al_2026_de_novo_wRi_merrill_23_assembly/polish_reads/results/flye/20250828_Nanopore/wRi/flye.log --threads 16 --min-ovlp 3000
[2025-12-08 15:45:52] DEBUG: Build date: May  4 2025 23:18:08
[2025-12-08 15:45:52] DEBUG: Total RAM: 2003 Gb
[2025-12-08 15:45:52] DEBUG: Available RAM: 1744 Gb
[2025-12-08 15:45:52] DEBUG: Total CPUs: 256
[2025-12-08 15:45:52] DEBUG: Loading /private/home/jomojaco/miniforge3/envs/assembly/lib/python3.12/site-packages/flye/config/bin_cfg/asm_nano_hq.cfg
[2025-12-08 15:45:52] DEBUG: Loading /private/home/jomojaco/miniforge3/envs/assembly/lib/python3.12/site-packages/flye/config/bin_cfg/asm_defaults.cfg
[2025-12-08 15:45:52] DEBUG: 	big_genome_threshold=29000000
[2025-12-08 15:45:52] DEBUG: 	meta_read_filter_kmer_freq=100
[2025-12-08 15:45:52] DEBUG: 	chain_large_gap_penalty=2
[2025-12-08 15:45:52] DEBUG: 	chain_small_gap_penalty=0.5
[2025-12-08 15:45:52] DEBUG: 	chain_gap_jump_threshold=100
[2025-12-08 15:45:52] DEBUG: 	max_jump_gap=500
[2025-12-08 15:45:52] DEBUG: 	max_coverage_drop_rate=5
[2025-12-08 15:45:52] DEBUG: 	max_extensions_drop_rate=5
[2025-12-08 15:45:52] DEBUG: 	chimera_window=100
[2025-12-08 15:45:52] DEBUG: 	chimera_overhang=1000
[2025-12-08 15:45:52] DEBUG: 	min_reads_in_disjointig=4
[2025-12-08 15:45:52] DEBUG: 	max_inner_reads=10
[2025-12-08 15:45:52] DEBUG: 	max_inner_fraction=0.25
[2025-12-08 15:45:52] DEBUG: 	aggressive_dup_filter=1
[2025-12-08 15:45:52] DEBUG: 	max_separation=500
[2025-12-08 15:45:52] DEBUG: 	unique_edge_length=50000
[2025-12-08 15:45:52] DEBUG: 	min_repeat_res_support=0.51
[2025-12-08 15:45:52] DEBUG: 	out_paths_ratio=5
[2025-12-08 15:45:52] DEBUG: 	graph_cov_drop_rate=5
[2025-12-08 15:45:52] DEBUG: 	coverage_estimate_window=100
[2025-12-08 15:45:52] DEBUG: 	max_bubble_length=50000
[2025-12-08 15:45:52] DEBUG: 	loop_coverage_rate=1.5
[2025-12-08 15:45:52] DEBUG: 	repeat_edge_cov_mult=1.75
[2025-12-08 15:45:52] DEBUG: 	weak_detach_rate=5
[2025-12-08 15:45:52] DEBUG: 	tip_coverage_rate=2
[2025-12-08 15:45:52] DEBUG: 	tip_length_rate=2
[2025-12-08 15:45:52] DEBUG: 	output_gfa_before_rr=1
[2025-12-08 15:45:52] DEBUG: 	remove_alt_edges=0
[2025-12-08 15:45:52] DEBUG: 	low_cutoff_warning=0
[2025-12-08 15:45:52] DEBUG: 	kmer_size=17
[2025-12-08 15:45:52] DEBUG: 	use_minimizers=1
[2025-12-08 15:45:52] DEBUG: 	minimizer_window=10
[2025-12-08 15:45:52] DEBUG: 	reads_base_alignment=1
[2025-12-08 15:45:52] DEBUG: 	meta_read_top_kmer_rate=0.75
[2025-12-08 15:45:52] DEBUG: 	maximum_jump=1500
[2025-12-08 15:45:52] DEBUG: 	maximum_overhang=1500
[2025-12-08 15:45:52] DEBUG: 	repeat_kmer_rate=100
[2025-12-08 15:45:52] DEBUG: 	assemble_ovlp_divergence=0.03
[2025-12-08 15:45:52] DEBUG: 	assemble_divergence_relative=1
[2025-12-08 15:45:52] DEBUG: 	repeat_graph_ovlp_divergence=0.03
[2025-12-08 15:45:52] DEBUG: 	read_align_ovlp_divergence=0.10
[2025-12-08 15:45:52] DEBUG: 	hpc_scoring_on=1
[2025-12-08 15:45:52] DEBUG: 	add_unassembled_reads=0
[2025-12-08 15:45:52] DEBUG: 	extend_contigs_with_repeats=0
[2025-12-08 15:45:52] DEBUG: 	min_read_cov_cutoff=3
[2025-12-08 15:45:52] DEBUG: 	short_tip_length=20000
[2025-12-08 15:45:52] DEBUG: 	long_tip_length=100000
[2025-12-08 15:45:52] DEBUG: Running with k-mer size: 17
[2025-12-08 15:45:52] DEBUG: Selected minimum overlap 3000
[2025-12-08 15:45:52] DEBUG: Metagenome mode: N
[2025-12-08 15:45:52] INFO: Parsing disjointigs
[2025-12-08 15:45:52] DEBUG: Building positional index
[2025-12-08 15:45:52] DEBUG: Total sequence: 1452174 bp
[2025-12-08 15:45:52] INFO: Building repeat graph
[2025-12-08 15:45:52] DEBUG: Mean k-mer frequency: 1.18616
[2025-12-08 15:45:52] DEBUG: Repetitive k-mer frequency: 118
[2025-12-08 15:45:52] DEBUG: Filtered 1375 repetitive k-mers (0.00522303)
[2025-12-08 15:45:52] DEBUG: Sorting k-mer index
[2025-12-08 15:45:52] DEBUG: Selected k-mers: 221939
[2025-12-08 15:45:52] DEBUG: K-mer index size: 261882
[2025-12-08 15:45:52] DEBUG: Mean k-mer frequency: 1.17997
[2025-12-08 15:45:52] DEBUG: Minimizer rate: 5.54515
[2025-12-08 15:45:53] DEBUG: Computing transitive closure for overlaps
[2025-12-08 15:45:53] DEBUG: Found 46 overlaps
[2025-12-08 15:45:53] DEBUG: Left 20 overlaps after filtering
[2025-12-08 15:45:53] INFO: Median overlap divergence: 0.0631048
[2025-12-08 15:45:53] DEBUG: Sequence divergence distribution: 

    |*     |                                                                                             
    |*     |                                                                                             
    |*     |                                                                                             
    |*     |                                                                                             
    |*     |                                                                                             
    |*     |                                                                                             
    |*     |                                                                                             
    |*     |                                                                                             
    |*     |                                                                                             
    |*     |                                                                                             
    |*     |  *  *   *          *       *           *                                                    
    |*     |  *  *   *          *       *           *                                                    
    |*     |  *  *   *          *       *           *                                                    
    |*     |  *  *   *          *       *           *                                                    
    |*     |  *  *   *          *       *           *                                                    
    |* **  |  *  *   *          *       *           *                                                    
    |* **  |  *  *   *          *       *           *                                                    
    |* **  |  *  *   *          *       *           *                                                    
    |* **  |  *  *   *          *       *           *                                                    
    |* **  |  *  *   *          *       *           *                                                    
    ----------------------------------------------------------------------------------------------------
    0%        5%        10%       15%       20%       25%       30%       35%       40%       45%       

    Q25 = 0.012, Q50 = 0.063, Q75 = 0.14

[2025-12-08 15:45:53] DEBUG: Computing gluepoints
[2025-12-08 15:45:53] DEBUG: Added 0 gluepoint projections
[2025-12-08 15:45:53] DEBUG: Created 60 gluepoints
[2025-12-08 15:45:53] DEBUG: Artificial loops removed: 0 left, 0 right, 2 both
[2025-12-08 15:45:53] DEBUG: Initializing edges
[2025-12-08 15:45:53] DEBUG: Edges length checksum: 18446744073417803842
[2025-12-08 15:45:53] DEBUG: Filtered 0 singleton segments
[2025-12-08 15:45:53] DEBUG: Removed 0 simple and 0 double chimeric junctions
[2025-12-08 15:45:53] DEBUG: Collapsed 4 edges
[2025-12-08 15:45:53] DEBUG: *	1	+disjointig_10	0	3559	3559	
[2025-12-08 15:45:53] DEBUG: *	17	+disjointig_18	0	14600	14600	
[2025-12-08 15:45:53] DEBUG: *	4	+disjointig_18	14600	17949	3349	
[2025-12-08 15:45:53] DEBUG: *	5	+disjointig_20	0	187736	187736	
[2025-12-08 15:45:53] DEBUG:  	6	+disjointig_20	187736	189605	1869	
[2025-12-08 15:45:53] DEBUG:  	8	+disjointig_20	189605	191851	2246	
[2025-12-08 15:45:53] DEBUG: *	10	+disjointig_20	191851	332858	141007	
[2025-12-08 15:45:53] DEBUG: *	-18	+disjointig_20	332858	403277	70419	
[2025-12-08 15:45:53] DEBUG:  	6	+disjointig_20	403277	405146	1869	
[2025-12-08 15:45:53] DEBUG:  	8	+disjointig_20	405146	407392	2246	
[2025-12-08 15:45:53] DEBUG: *	11	+disjointig_20	407392	840785	433393	
[2025-12-08 15:45:53] DEBUG: *	-9	+disjointig_21	0	535420	535420	
[2025-12-08 15:45:53] DEBUG:  	-6	+disjointig_21	535420	537289	1869	
[2025-12-08 15:45:53] DEBUG: *	15	+disjointig_22	0	14001	14001	
[2025-12-08 15:45:53] DEBUG: *	16	+disjointig_23	0	3578	3578	
[2025-12-08 15:45:53] DEBUG: Total edges: 18
[2025-12-08 15:45:53] INFO: Parsing reads
[2025-12-08 15:45:54] DEBUG: Building positional index
[2025-12-08 15:45:54] DEBUG: Total sequence: 125369495 bp
[2025-12-08 15:45:54] DEBUG: Building positional index
[2025-12-08 15:45:54] DEBUG: Total sequence: 1417161 bp
[2025-12-08 15:45:54] INFO: Aligning reads to the graph
[2025-12-08 15:45:54] DEBUG: Mean k-mer frequency: 1.15819
[2025-12-08 15:45:54] DEBUG: Repetitive k-mer frequency: 115
[2025-12-08 15:45:54] DEBUG: Filtered 1375 repetitive k-mers (0.00535407)
[2025-12-08 15:45:54] DEBUG: Sorting k-mer index
[2025-12-08 15:45:54] DEBUG: Selected k-mers: 221735
[2025-12-08 15:45:54] DEBUG: K-mer index size: 255439
[2025-12-08 15:45:54] DEBUG: Mean k-mer frequency: 1.152
[2025-12-08 15:45:54] DEBUG: Minimizer rate: 5.54794
[2025-12-08 15:46:03] DEBUG: Total reads : 30113
[2025-12-08 15:46:03] DEBUG: Read with aligned parts : 26469
[2025-12-08 15:46:03] DEBUG: Aligned in one piece : 26353
[2025-12-08 15:46:03] INFO: Aligned read sequence: 107018140 / 125345495 (0.853785)
[2025-12-08 15:46:03] INFO: Median overlap divergence: 0.00891125
[2025-12-08 15:46:03] DEBUG: Sequence divergence distribution: 

    | *                  |                                                                               
    | *                  |                                                                               
    | *                  |                                                                               
    | *                  |                                                                               
    | *                  |                                                                               
    | *                  |                                                                               
    | *                  |                                                                               
    | *                  |                                                                               
    | *                  |                                                                               
    | *                  |                                                                               
    | **                 |                                                                               
    | **                 |                                                                               
    |***                 |                                                                               
    |***                 |                                                                               
    |***                 |                                                                               
    |***                 |                                                                               
    |****                |                                                                               
    |****                |                                                                               
    |******              |                                                                               
    |****************************************************** *                 **                         
    ----------------------------------------------------------------------------------------------------
    0%        5%        10%       15%       20%       25%       30%       35%       40%       45%       

    Q25 = 0.0061, Q50 = 0.0089, Q75 = 0.014

[2025-12-08 15:46:03] INFO: Mean edge coverage: 73
[2025-12-08 15:46:03] DEBUG: 1	len:3559	cov:16843	mult:230.726
[2025-12-08 15:46:03] DEBUG: -1	len:3559	cov:16843	mult:230.726
[2025-12-08 15:46:03] DEBUG: 4	len:3349	cov:109	mult:1.49315
[2025-12-08 15:46:03] DEBUG: -4	len:3349	cov:109	mult:1.49315
[2025-12-08 15:46:03] DEBUG: 5	len:187736	cov:25	mult:0.342466
[2025-12-08 15:46:03] DEBUG: -5	len:187736	cov:25	mult:0.342466
[2025-12-08 15:46:03] DEBUG: 6	len:1869	cov:84	mult:1.15068
[2025-12-08 15:46:03] DEBUG: -6	len:1869	cov:84	mult:1.15068
[2025-12-08 15:46:03] DEBUG: 8	len:2246	cov:48	mult:0.657534
[2025-12-08 15:46:03] DEBUG: -8	len:2246	cov:48	mult:0.657534
[2025-12-08 15:46:03] DEBUG: 9	len:535420	cov:29	mult:0.39726
[2025-12-08 15:46:03] DEBUG: -9	len:535420	cov:29	mult:0.39726
[2025-12-08 15:46:03] DEBUG: 10	len:141007	cov:27	mult:0.369863
[2025-12-08 15:46:03] DEBUG: -10	len:141007	cov:27	mult:0.369863
[2025-12-08 15:46:03] DEBUG: 11	len:433393	cov:31	mult:0.424658
[2025-12-08 15:46:03] DEBUG: -11	len:433393	cov:31	mult:0.424658
[2025-12-08 15:46:03] DEBUG: 15	len:14001	cov:0	mult:0
[2025-12-08 15:46:03] DEBUG: -15	len:14001	cov:0	mult:0
[2025-12-08 15:46:03] DEBUG: 16	len:3578	cov:0	mult:0
[2025-12-08 15:46:03] DEBUG: -16	len:3578	cov:0	mult:0
[2025-12-08 15:46:03] DEBUG: 17	len:14600	cov:270	mult:3.69863
[2025-12-08 15:46:03] DEBUG: -17	len:14600	cov:270	mult:3.69863
[2025-12-08 15:46:03] DEBUG: 18	len:70419	cov:61	mult:0.835616
[2025-12-08 15:46:03] DEBUG: -18	len:70419	cov:61	mult:0.835616
[2025-12-08 15:46:03] DEBUG: Unique coverage threshold 190
[2025-12-08 15:46:03] INFO: Simplifying the graph
[2025-12-08 15:46:03] DEBUG: Read coverage cutoff: 15
[2025-12-08 15:46:03] DEBUG: [SIMPL] Removed 2 paths with low coverage
[2025-12-08 15:46:03] DEBUG: [SIMPL] Masked 0 heterozygous loops
[2025-12-08 15:46:03] DEBUG: [SIMPL] Masked 0 simple bubbles
[2025-12-08 15:46:03] DEBUG: Finding repeats
[2025-12-08 15:46:03] DEBUG: Read coverage cutoff: 15
[2025-12-08 15:46:03] DEBUG: High-cov: 1	3559	16843
[2025-12-08 15:46:03] DEBUG: High-cov: 17	14600	270
[2025-12-08 15:46:03] DEBUG: Repeat detection iteration 1
[2025-12-08 15:46:03] DEBUG: Starting 6 aln:105
[2025-12-08 15:46:03] DEBUG: 	      8	num:32	flank:10778	span:10
[2025-12-08 15:46:03] DEBUG: 	    T 9	num:33	flank:10056	span:12
[2025-12-08 15:46:03] DEBUG: Starting -6 aln:105
[2025-12-08 15:46:03] DEBUG: 	    T -5	num:20	flank:5244	span:12
[2025-12-08 15:46:03] DEBUG: 	      18	num:55	flank:9758	span:4
[2025-12-08 15:46:03] DEBUG: Mult: 6	1869	84	 (1,1)
[2025-12-08 15:46:03] DEBUG: Starting 8 aln:60
[2025-12-08 15:46:03] DEBUG: 	      10	num:21	flank:3707	span:12
[2025-12-08 15:46:03] DEBUG: 	      11	num:22	flank:8535	span:8
[2025-12-08 15:46:03] DEBUG: Starting -8 aln:60
[2025-12-08 15:46:03] DEBUG: 	    T -5	num:7	flank:3383	span:1869
[2025-12-08 15:46:03] DEBUG: 	      18	num:8	flank:9758	span:1866
[2025-12-08 15:46:03] DEBUG: Mult: 8	2246	48	 (1,1)
[2025-12-08 15:46:03] DEBUG: Starting 18 aln:123
[2025-12-08 15:46:03] DEBUG: 	      -11	num:37	flank:5029	span:23
[2025-12-08 15:46:03] DEBUG: 	      -10	num:31	flank:8966	span:27
[2025-12-08 15:46:03] DEBUG: Mult: 18	70419	61	 (0,1)
[2025-12-08 15:46:03] DEBUG: Writing Dot
[2025-12-08 15:46:03] DEBUG: Writing FASTA
[2025-12-08 15:46:03] DEBUG: Writing Gfa
[2025-12-08 15:46:03] DEBUG: [SIMPL] == Iteration 1 ==
[2025-12-08 15:46:03] DEBUG: Splitting nodes
[2025-12-08 15:46:03] DEBUG: [SIMPL] Split 0 nodes
[2025-12-08 15:46:03] DEBUG: [SIMPL] Clipped 0 short and 0 long tips
[2025-12-08 15:46:03] DEBUG: [SIMPL] Masked 0 heterozygous loops
[2025-12-08 15:46:03] DEBUG: [SIMPL] Masked 0 simple bubbles
[2025-12-08 15:46:03] DEBUG: Finding repeats
[2025-12-08 15:46:03] DEBUG: Read coverage cutoff: 15
[2025-12-08 15:46:03] DEBUG: High-cov: 1	3559	16843
[2025-12-08 15:46:03] DEBUG: High-cov: 17	14600	270
[2025-12-08 15:46:03] DEBUG: Repeat detection iteration 1
[2025-12-08 15:46:03] DEBUG: Starting 6 aln:105
[2025-12-08 15:46:03] DEBUG: 	      8	num:32	flank:10778	span:10
[2025-12-08 15:46:03] DEBUG: 	    T 9	num:33	flank:10056	span:12
[2025-12-08 15:46:03] DEBUG: Starting -6 aln:105
[2025-12-08 15:46:03] DEBUG: 	    T -5	num:20	flank:5244	span:12
[2025-12-08 15:46:03] DEBUG: 	      18	num:55	flank:9758	span:4
[2025-12-08 15:46:03] DEBUG: Mult: 6	1869	84	 (1,1)
[2025-12-08 15:46:03] DEBUG: Starting 8 aln:60
[2025-12-08 15:46:03] DEBUG: 	      10	num:21	flank:3707	span:12
[2025-12-08 15:46:03] DEBUG: 	      11	num:22	flank:8535	span:8
[2025-12-08 15:46:03] DEBUG: Starting -8 aln:60
[2025-12-08 15:46:03] DEBUG: 	    T -5	num:7	flank:3383	span:1869
[2025-12-08 15:46:03] DEBUG: 	      18	num:8	flank:9758	span:1866
[2025-12-08 15:46:03] DEBUG: Mult: 8	2246	48	 (1,1)
[2025-12-08 15:46:03] DEBUG: Starting 18 aln:123
[2025-12-08 15:46:03] DEBUG: 	      -11	num:37	flank:5029	span:23
[2025-12-08 15:46:03] DEBUG: 	      -10	num:31	flank:8966	span:27
[2025-12-08 15:46:03] DEBUG: Mult: 18	70419	61	 (0,1)
[2025-12-08 15:46:03] DEBUG: Total unique edges: 5
[2025-12-08 15:46:03] DEBUG: 	Connection -10	-5	2	1
[2025-12-08 15:46:03] DEBUG: [SIMPL] Resolved repeats: 1
[2025-12-08 15:46:03] DEBUG: RR links: 4
[2025-12-08 15:46:03] DEBUG: Unresolved: 0
[2025-12-08 15:46:03] DEBUG: Removed 0 simple and 0 double chimeric junctions
[2025-12-08 15:46:03] DEBUG: [SIMPL] == Iteration 2 ==
[2025-12-08 15:46:03] DEBUG: Splitting nodes
[2025-12-08 15:46:03] DEBUG: [SIMPL] Split 0 nodes
[2025-12-08 15:46:03] DEBUG: [SIMPL] Clipped 0 short and 0 long tips
[2025-12-08 15:46:03] DEBUG: [SIMPL] Masked 0 heterozygous loops
[2025-12-08 15:46:03] DEBUG: [SIMPL] Masked 0 simple bubbles
[2025-12-08 15:46:03] DEBUG: Finding repeats
[2025-12-08 15:46:03] DEBUG: Read coverage cutoff: 15
[2025-12-08 15:46:03] DEBUG: High-cov: 1	3559	16843
[2025-12-08 15:46:03] DEBUG: High-cov: 17	14600	270
[2025-12-08 15:46:03] DEBUG: Repeat detection iteration 1
[2025-12-08 15:46:03] DEBUG: Starting 6 aln:92
[2025-12-08 15:46:03] DEBUG: 	      8	num:32	flank:10778	span:10
[2025-12-08 15:46:03] DEBUG: 	    T 9	num:33	flank:10056	span:12
[2025-12-08 15:46:03] DEBUG: Starting 18 aln:123
[2025-12-08 15:46:03] DEBUG: 	      -11	num:37	flank:5029	span:23
[2025-12-08 15:46:03] DEBUG: 	      -10	num:31	flank:8966	span:27
[2025-12-08 15:46:03] DEBUG: Mult: -18 -> 6	72288	61	 (1,1)
[2025-12-08 15:46:03] DEBUG: Total unique edges: 7
[2025-12-08 15:46:03] DEBUG: [SIMPL] Resolved repeats: 0
[2025-12-08 15:46:03] DEBUG: RR links: 0
[2025-12-08 15:46:03] DEBUG: Unresolved: 0
[2025-12-08 15:46:03] DEBUG: Removed 0 simple and 0 double chimeric junctions
[2025-12-08 15:46:03] DEBUG: [SIMPL] Collapsed 0 haplotypes
[2025-12-08 15:46:03] DEBUG: [SIMPL] Resolved 0 simple repeats
[2025-12-08 15:46:03] DEBUG: Read coverage cutoff: 15
[2025-12-08 15:46:03] DEBUG: [SIMPL] Removed 0 paths with low coverage
[2025-12-08 15:46:03] DEBUG: Finding repeats
[2025-12-08 15:46:03] DEBUG: Read coverage cutoff: 15
[2025-12-08 15:46:03] DEBUG: High-cov: 1	3559	16843
[2025-12-08 15:46:03] DEBUG: High-cov: 17	14600	270
[2025-12-08 15:46:03] DEBUG: Repeat detection iteration 1
[2025-12-08 15:46:03] DEBUG: Starting 6 aln:92
[2025-12-08 15:46:03] DEBUG: 	      8	num:32	flank:10778	span:10
[2025-12-08 15:46:03] DEBUG: 	    T 9	num:33	flank:10056	span:12
[2025-12-08 15:46:03] DEBUG: Starting 18 aln:123
[2025-12-08 15:46:03] DEBUG: 	      -11	num:37	flank:5029	span:23
[2025-12-08 15:46:03] DEBUG: 	      -10	num:31	flank:8966	span:27
[2025-12-08 15:46:03] DEBUG: Mult: -18 -> 6	72288	61	 (1,1)
[2025-12-08 15:46:03] DEBUG: Fixed: -18 -> 6	72288	61
[2025-12-08 15:46:03] DEBUG: Writing Dot
[2025-12-08 15:46:03] DEBUG: Writing FASTA
[2025-12-08 15:46:03] DEBUG: Peak RAM usage: 0 Gb
-----------End assembly log------------
[2025-12-08 15:46:04] root: INFO: >>>STAGE: contigger
[2025-12-08 15:46:04] root: INFO: Generating contigs
[2025-12-08 15:46:04] root: DEBUG: -----Begin contigger analyser log------
[2025-12-08 15:46:04] root: DEBUG: Running: flye-modules contigger --graph-edges /private/groups/russelllab/jodie/Jacobs_et_al_2026_de_novo_wRi_merrill_23_assembly/polish_reads/results/flye/20250828_Nanopore/wRi/20-repeat/repeat_graph_edges.fasta --reads /private/groups/russelllab/jodie/Jacobs_et_al_2026_de_novo_wRi_merrill_23_assembly/polish_reads/data/polished/merrill_23_all_basecalled_polished.wRiM23.fastq.gz --out-dir /private/groups/russelllab/jodie/Jacobs_et_al_2026_de_novo_wRi_merrill_23_assembly/polish_reads/results/flye/20250828_Nanopore/wRi/30-contigger --config /private/home/jomojaco/miniforge3/envs/assembly/lib/python3.12/site-packages/flye/config/bin_cfg/asm_nano_hq.cfg --repeat-graph /private/groups/russelllab/jodie/Jacobs_et_al_2026_de_novo_wRi_merrill_23_assembly/polish_reads/results/flye/20250828_Nanopore/wRi/20-repeat/repeat_graph_dump --graph-aln /private/groups/russelllab/jodie/Jacobs_et_al_2026_de_novo_wRi_merrill_23_assembly/polish_reads/results/flye/20250828_Nanopore/wRi/20-repeat/read_alignment_dump --log /private/groups/russelllab/jodie/Jacobs_et_al_2026_de_novo_wRi_merrill_23_assembly/polish_reads/results/flye/20250828_Nanopore/wRi/flye.log --threads 16 --min-ovlp 3000
[2025-12-08 15:46:04] DEBUG: Build date: May  4 2025 23:18:25
[2025-12-08 15:46:04] DEBUG: Total RAM: 2003 Gb
[2025-12-08 15:46:04] DEBUG: Available RAM: 1744 Gb
[2025-12-08 15:46:04] DEBUG: Total CPUs: 256
[2025-12-08 15:46:04] DEBUG: Loading /private/home/jomojaco/miniforge3/envs/assembly/lib/python3.12/site-packages/flye/config/bin_cfg/asm_nano_hq.cfg
[2025-12-08 15:46:04] DEBUG: Loading /private/home/jomojaco/miniforge3/envs/assembly/lib/python3.12/site-packages/flye/config/bin_cfg/asm_defaults.cfg
[2025-12-08 15:46:04] DEBUG: 	big_genome_threshold=29000000
[2025-12-08 15:46:04] DEBUG: 	meta_read_filter_kmer_freq=100
[2025-12-08 15:46:04] DEBUG: 	chain_large_gap_penalty=2
[2025-12-08 15:46:04] DEBUG: 	chain_small_gap_penalty=0.5
[2025-12-08 15:46:04] DEBUG: 	chain_gap_jump_threshold=100
[2025-12-08 15:46:04] DEBUG: 	max_jump_gap=500
[2025-12-08 15:46:04] DEBUG: 	max_coverage_drop_rate=5
[2025-12-08 15:46:04] DEBUG: 	max_extensions_drop_rate=5
[2025-12-08 15:46:04] DEBUG: 	chimera_window=100
[2025-12-08 15:46:04] DEBUG: 	chimera_overhang=1000
[2025-12-08 15:46:04] DEBUG: 	min_reads_in_disjointig=4
[2025-12-08 15:46:04] DEBUG: 	max_inner_reads=10
[2025-12-08 15:46:04] DEBUG: 	max_inner_fraction=0.25
[2025-12-08 15:46:04] DEBUG: 	aggressive_dup_filter=1
[2025-12-08 15:46:04] DEBUG: 	max_separation=500
[2025-12-08 15:46:04] DEBUG: 	unique_edge_length=50000
[2025-12-08 15:46:04] DEBUG: 	min_repeat_res_support=0.51
[2025-12-08 15:46:04] DEBUG: 	out_paths_ratio=5
[2025-12-08 15:46:04] DEBUG: 	graph_cov_drop_rate=5
[2025-12-08 15:46:04] DEBUG: 	coverage_estimate_window=100
[2025-12-08 15:46:04] DEBUG: 	max_bubble_length=50000
[2025-12-08 15:46:04] DEBUG: 	loop_coverage_rate=1.5
[2025-12-08 15:46:04] DEBUG: 	repeat_edge_cov_mult=1.75
[2025-12-08 15:46:04] DEBUG: 	weak_detach_rate=5
[2025-12-08 15:46:04] DEBUG: 	tip_coverage_rate=2
[2025-12-08 15:46:04] DEBUG: 	tip_length_rate=2
[2025-12-08 15:46:04] DEBUG: 	output_gfa_before_rr=1
[2025-12-08 15:46:04] DEBUG: 	remove_alt_edges=0
[2025-12-08 15:46:04] DEBUG: 	low_cutoff_warning=0
[2025-12-08 15:46:04] DEBUG: 	kmer_size=17
[2025-12-08 15:46:04] DEBUG: 	use_minimizers=1
[2025-12-08 15:46:04] DEBUG: 	minimizer_window=10
[2025-12-08 15:46:04] DEBUG: 	reads_base_alignment=1
[2025-12-08 15:46:04] DEBUG: 	meta_read_top_kmer_rate=0.75
[2025-12-08 15:46:04] DEBUG: 	maximum_jump=1500
[2025-12-08 15:46:04] DEBUG: 	maximum_overhang=1500
[2025-12-08 15:46:04] DEBUG: 	repeat_kmer_rate=100
[2025-12-08 15:46:04] DEBUG: 	assemble_ovlp_divergence=0.03
[2025-12-08 15:46:04] DEBUG: 	assemble_divergence_relative=1
[2025-12-08 15:46:04] DEBUG: 	repeat_graph_ovlp_divergence=0.03
[2025-12-08 15:46:04] DEBUG: 	read_align_ovlp_divergence=0.10
[2025-12-08 15:46:04] DEBUG: 	hpc_scoring_on=1
[2025-12-08 15:46:04] DEBUG: 	add_unassembled_reads=0
[2025-12-08 15:46:04] DEBUG: 	extend_contigs_with_repeats=0
[2025-12-08 15:46:04] DEBUG: 	min_read_cov_cutoff=3
[2025-12-08 15:46:04] DEBUG: 	short_tip_length=20000
[2025-12-08 15:46:04] DEBUG: 	long_tip_length=100000
[2025-12-08 15:46:04] DEBUG: Running with k-mer size: 17
[2025-12-08 15:46:04] DEBUG: Selected minimum overlap 3000
[2025-12-08 15:46:04] INFO: Reading sequences
[2025-12-08 15:46:05] DEBUG: Building positional index
[2025-12-08 15:46:05] DEBUG: Total sequence: 125369495 bp
[2025-12-08 15:46:05] DEBUG: Flipped 0
[2025-12-08 15:46:05] DEBUG: UPath 1: 1
[2025-12-08 15:46:05] DEBUG: UPath 2: 4
[2025-12-08 15:46:05] DEBUG: UPath 3: 5 -> 19 -> 10
[2025-12-08 15:46:05] DEBUG: UPath 4: -18 -> 6
[2025-12-08 15:46:05] DEBUG: UPath 5: 8 -> 11
[2025-12-08 15:46:05] DEBUG: UPath 6: 9
[2025-12-08 15:46:05] DEBUG: UPath 7: 17
[2025-12-08 15:46:05] DEBUG: Final graph contains 7 egdes
[2025-12-08 15:46:05] DEBUG: Extending contigs into repeats
[2025-12-08 15:46:05] DEBUG: Covered 0 repetitive contigs
[2025-12-08 15:46:05] INFO: Generated 7 contigs
[2025-12-08 15:46:05] DEBUG: Writing FASTA
[2025-12-08 15:46:05] DEBUG: Generating scaffold connections
[2025-12-08 15:46:05] INFO: Added 0 scaffold connections
[2025-12-08 15:46:05] DEBUG: Writing Dot
[2025-12-08 15:46:05] DEBUG: Writing FASTA
[2025-12-08 15:46:05] DEBUG: Writing Gfa
[2025-12-08 15:46:05] DEBUG: Peak RAM usage: 0 Gb
-----------End assembly log------------
[2025-12-08 15:46:06] root: INFO: >>>STAGE: polishing
[2025-12-08 15:46:06] root: INFO: Polishing genome (1/1)
[2025-12-08 15:46:06] root: INFO: Running minimap2
[2025-12-08 15:46:13] root: INFO: Separating alignment into bubbles
[2025-12-08 15:46:24] root: DEBUG: Generated 90668 bubbles
[2025-12-08 15:46:24] root: DEBUG: Split 4 long bubbles
[2025-12-08 15:46:24] root: DEBUG: Skipped 1 empty bubbles
[2025-12-08 15:46:24] root: DEBUG: Skipped 0 bubbles with long branches
[2025-12-08 15:46:25] root: INFO: Alignment error rate: 0.024198
[2025-12-08 15:46:25] root: INFO: Correcting bubbles
[2025-12-08 15:46:42] root: DEBUG: Mean contig coverage: 80, selected threshold: 16
[2025-12-08 15:46:42] root: DEBUG: Filtered 1 contigs of total length 18274
[2025-12-08 15:46:42] root: DEBUG: Generating polished GFA
[2025-12-08 15:46:44] root: DEBUG: 1 sequences remained unpolished
[2025-12-08 15:46:44] root: INFO: >>>STAGE: finalize
[2025-12-08 15:46:44] root: DEBUG: ---Output dir contents:----
[2025-12-08 15:46:44] root: DEBUG: wRi/
[2025-12-08 15:46:44] root: DEBUG:     1.0 K       assembly_graph.gv
[2025-12-08 15:46:44] root: DEBUG:     1.0 M       assembly.fasta
[2025-12-08 15:46:44] root: DEBUG:     92.0 B      params.json
[2025-12-08 15:46:44] root: DEBUG:     46.0 K      flye.log
[2025-12-08 15:46:44] root: DEBUG:     1.0 M       assembly_graph.gfa
[2025-12-08 15:46:44] root: DEBUG:     10-consensus/
[2025-12-08 15:46:44] root: DEBUG:         1.0 M       consensus.fasta
[2025-12-08 15:46:44] root: DEBUG:         6.0 K       minimap.bam.csi
[2025-12-08 15:46:44] root: DEBUG:         1.0 K       minimap.stderr
[2025-12-08 15:46:44] root: DEBUG:     30-contigger/
[2025-12-08 15:46:44] root: DEBUG:         195.0 B     contigs.fasta.fai
[2025-12-08 15:46:44] root: DEBUG:         0.0 B       scaffolds_links.txt
[2025-12-08 15:46:44] root: DEBUG:         1.0 M       graph_final.gfa
[2025-12-08 15:46:44] root: DEBUG:         1.0 M       contigs.fasta
[2025-12-08 15:46:44] root: DEBUG:         323.0 B     contigs_stats.txt
[2025-12-08 15:46:44] root: DEBUG:         1.0 K       graph_final.gv
[2025-12-08 15:46:44] root: DEBUG:         1.0 M       graph_final.fasta
[2025-12-08 15:46:44] root: DEBUG:     00-assembly/
[2025-12-08 15:46:44] root: DEBUG:         193.0 B     draft_assembly.fasta.fai
[2025-12-08 15:46:44] root: DEBUG:         1.0 M       draft_assembly.fasta
[2025-12-08 15:46:44] root: DEBUG:     40-polishing/
[2025-12-08 15:46:44] root: DEBUG:         140.0 B     filtered_stats.txt
[2025-12-08 15:46:44] root: DEBUG:         468.0 K     base_coverage.bed.gz
[2025-12-08 15:46:44] root: DEBUG:         1.0 M       polished_edges.gfa
[2025-12-08 15:46:44] root: DEBUG:         165.0 B     filtered_contigs.fasta.fai
[2025-12-08 15:46:44] root: DEBUG:         1.0 M       filtered_contigs.fasta
[2025-12-08 15:46:44] root: DEBUG:         178.0 B     edges_aln.bam.csi
[2025-12-08 15:46:44] root: DEBUG:         1.0 K       minimap.stderr
[2025-12-08 15:46:44] root: DEBUG:         157.0 B     contigs_stats.txt
[2025-12-08 15:46:44] root: DEBUG:         5.0 K       minimap_1.bam.csi
[2025-12-08 15:46:44] root: DEBUG:     20-repeat/
[2025-12-08 15:46:44] root: DEBUG:         1.0 M       graph_before_rr.gfa
[2025-12-08 15:46:44] root: DEBUG:         1.0 K       graph_after_rr.gv
[2025-12-08 15:46:44] root: DEBUG:         1.0 M       repeat_graph_edges.fasta
[2025-12-08 15:46:44] root: DEBUG:         1.0 M       graph_before_rr.fasta
[2025-12-08 15:46:44] root: DEBUG:         2.0 K       repeat_graph_dump
[2025-12-08 15:46:44] root: DEBUG:         6.0 M       read_alignment_dump
[2025-12-08 15:46:44] root: DEBUG:         1.0 K       graph_before_rr.gv
[2025-12-08 15:46:44] root: DEBUG: --------------------------
[2025-12-08 15:46:44] root: INFO: Assembly statistics:

	Total length:	1394189
	Fragments:	6
	Fragments N50:	435662
	Largest frg:	535679
	Scaffolds:	0
	Mean coverage:	81

[2025-12-08 15:46:44] root: INFO: Final assembly: /private/groups/russelllab/jodie/Jacobs_et_al_2026_de_novo_wRi_merrill_23_assembly/polish_reads/results/flye/20250828_Nanopore/wRi/assembly.fasta
