#                                                                                --- full sequence --- -------------- this domain -------------   hmm coord   ali coord   env coord
# target name            accession   tlen query name           accession   qlen   E-value  score  bias   #  of  c-Evalue  i-Evalue  score  bias  from    to  from    to  from    to  acc description of target
#    ------------------- ---------- ----- -------------------- ---------- ----- --------- ------ ----- --- --- --------- --------- ------ ----- ----- ----- ----- ----- ----- ----- ---- ---------------------
contig_69:60343-62796|+  -            818 119at766             -            681         0 1112.8  16.4   1   2   6.1e-26   8.7e-24   79.8   0.2     1    75    14   101    14   125 0.84 contig_69_71 # 60343 # 62796 # 1 # ID=62_71;partial=00;start_type=ATG;rbs_motif=GGAG/GAGG;rbs_spacer=5-10bp;gc_cont=0.363
contig_69:60343-62796|+  -            818 119at766             -            681         0 1112.8  16.4   2   2         0         0 1036.4  11.0    73   681   134   782   124   782 0.95 contig_69_71 # 60343 # 62796 # 1 # ID=62_71;partial=00;start_type=ATG;rbs_motif=GGAG/GAGG;rbs_spacer=5-10bp;gc_cont=0.363
contig_70:40939-43245|+  -            769 119at766             -            681   3.2e-10   34.9   0.4   1   3     0.055       7.9    0.6   0.0   273   288   235   250   220   261 0.86 contig_70_40 # 40939 # 43245 # 1 # ID=64_40;partial=00;start_type=ATG;rbs_motif=GGA/GAG/AGG;rbs_spacer=5-10bp;gc_cont=0.339
contig_70:40939-43245|+  -            769 119at766             -            681   3.2e-10   34.9   0.4   2   3   2.3e-12   3.2e-10   34.9   0.4   208   393   444   627   353   634 0.73 contig_70_40 # 40939 # 43245 # 1 # ID=64_40;partial=00;start_type=ATG;rbs_motif=GGA/GAG/AGG;rbs_spacer=5-10bp;gc_cont=0.339
contig_70:40939-43245|+  -            769 119at766             -            681   3.2e-10   34.9   0.4   3   3     0.036       5.2    1.2   1.7   399   486   660   748   651   767 0.62 contig_70_40 # 40939 # 43245 # 1 # ID=64_40;partial=00;start_type=ATG;rbs_motif=GGA/GAG/AGG;rbs_spacer=5-10bp;gc_cont=0.339
contig_72:93009-94352|-  -            448 119at766             -            681   5.3e-07   24.3   1.1   1   2       0.3        43   -1.9   0.1   270   291    83   104    78   109 0.77 contig_72_94 # 93009 # 94352 # -1 # ID=66_94;partial=00;start_type=ATG;rbs_motif=None;rbs_spacer=None;gc_cont=0.379
contig_72:93009-94352|-  -            448 119at766             -            681   5.3e-07   24.3   1.1   2   2   6.8e-09   9.7e-07   23.4   0.1   562   654   335   426   326   443 0.87 contig_72_94 # 93009 # 94352 # -1 # ID=66_94;partial=00;start_type=ATG;rbs_motif=None;rbs_spacer=None;gc_cont=0.379
contig_70:56815-58653|-  -            613 119at766             -            681   1.3e-05   19.7   0.4   1   2   2.5e-07   3.6e-05   18.2   0.0   232   300   145   219   134   265 0.66 contig_70_56 # 56815 # 58653 # -1 # ID=64_56;partial=00;start_type=ATG;rbs_motif=None;rbs_spacer=None;gc_cont=0.372
contig_70:56815-58653|-  -            613 119at766             -            681   1.3e-05   19.7   0.4   2   2      0.24        33   -1.5   0.1   232   257   552   577   528   587 0.82 contig_70_56 # 56815 # 58653 # -1 # ID=64_56;partial=00;start_type=ATG;rbs_motif=None;rbs_spacer=None;gc_cont=0.372
contig_89:32889-34292|-  -            468 119at766             -            681   1.6e-05   19.4   1.3   1   2   8.5e-06    0.0012   13.2   0.3   569   651    24   107     7   131 0.81 contig_89_31 # 32889 # 34292 # -1 # ID=78_31;partial=00;start_type=TTG;rbs_motif=3Base/5BMM;rbs_spacer=13-15bp;gc_cont=0.390
contig_89:32889-34292|-  -            468 119at766             -            681   1.6e-05   19.4   1.3   2   2    0.0028      0.39    4.9   0.0   267   287   176   196   157   200 0.75 contig_89_31 # 32889 # 34292 # -1 # ID=78_31;partial=00;start_type=TTG;rbs_motif=3Base/5BMM;rbs_spacer=13-15bp;gc_cont=0.390
contig_63:21449-22144|+  -            232 119at766             -            681   0.00033   15.0   0.1   1   2   4.2e-06    0.0006   14.2   0.0   266   290    32    56     3    64 0.89 contig_63_18 # 21449 # 22144 # 1 # ID=57_18;partial=00;start_type=TTG;rbs_motif=None;rbs_spacer=None;gc_cont=0.326
contig_63:21449-22144|+  -            232 119at766             -            681   0.00033   15.0   0.1   2   2      0.85   1.2e+02   -3.3   0.1   103   129    95   121    91   134 0.62 contig_63_18 # 21449 # 22144 # 1 # ID=57_18;partial=00;start_type=TTG;rbs_motif=None;rbs_spacer=None;gc_cont=0.326
contig_69:59050-60327|+  -            426 119at766             -            681   0.00048   14.5   0.0   1   1   4.7e-06   0.00067   14.0   0.0   266   351   113   196    32   253 0.83 contig_69_70 # 59050 # 60327 # 1 # ID=62_70;partial=00;start_type=ATG;rbs_motif=GGA/GAG/AGG;rbs_spacer=5-10bp;gc_cont=0.367
contig_120:25539-26636|+ -            366 119at766             -            681   0.00072   13.9   0.1   1   2     1e-05    0.0014   12.9   0.0   262   349   130   207   116   218 0.74 contig_120_27 # 25539 # 26636 # 1 # ID=16_27;partial=00;start_type=ATG;rbs_motif=GGA/GAG/AGG;rbs_spacer=5-10bp;gc_cont=0.359
contig_120:25539-26636|+ -            366 119at766             -            681   0.00072   13.9   0.1   2   2         1   1.5e+02   -3.6   0.0   165   192   300   327   288   343 0.75 contig_120_27 # 25539 # 26636 # 1 # ID=16_27;partial=00;start_type=ATG;rbs_motif=GGA/GAG/AGG;rbs_spacer=5-10bp;gc_cont=0.359
contig_89:42299-43096|-  -            266 119at766             -            681    0.0021   12.4   0.0   1   1   1.9e-05    0.0027   12.0   0.0   254   293     3    42     1    68 0.82 contig_89_38 # 42299 # 43096 # -1 # ID=78_38;partial=00;start_type=ATG;rbs_motif=GGA/GAG/AGG;rbs_spacer=5-10bp;gc_cont=0.392
contig_120:11563-12294|- -            244 119at766             -            681    0.0022   12.3   2.1   1   2    0.0035      0.49    4.6   0.1   275   301     3    29     1    84 0.88 contig_120_13 # 11563 # 12294 # -1 # ID=16_13;partial=00;start_type=TTG;rbs_motif=AGGAG/GGAGG;rbs_spacer=11-12bp;gc_cont=0.336
contig_120:11563-12294|- -            244 119at766             -            681    0.0022   12.3   2.1   2   2   0.00058     0.083    7.1   0.2    75   149   141   217    89   229 0.70 contig_120_13 # 11563 # 12294 # -1 # ID=16_13;partial=00;start_type=TTG;rbs_motif=AGGAG/GGAGG;rbs_spacer=11-12bp;gc_cont=0.336
#
# Program:         hmmsearch
# Version:         3.4 (Aug 2023)
# Pipeline mode:   SEARCH
# Query file:      /private/groups/russelllab/jodie/Jacobs_et_al_2026_de_novo_wRi_merrill_23_assembly/busco_downloads/lineages/rickettsiales_odb10/hmms/119at766.hmm
# Target file:     private/groups/russelllab/jodie/Jacobs_et_al_2026_de_novo_wRi_merrill_23_assembly/busco/20251218_Merrill23_wRi/wRi/assembly/prodigal_output/predicted_genes/predicted.faa
# Option settings: hmmsearch --domtblout private/groups/russelllab/jodie/Jacobs_et_al_2026_de_novo_wRi_merrill_23_assembly/busco/20251218_Merrill23_wRi/wRi/assembly/run_rickettsiales_odb10/hmmer_output/119at766.out --cpu 1 /private/groups/russelllab/jodie/Jacobs_et_al_2026_de_novo_wRi_merrill_23_assembly/busco_downloads/lineages/rickettsiales_odb10/hmms/119at766.hmm private/groups/russelllab/jodie/Jacobs_et_al_2026_de_novo_wRi_merrill_23_assembly/busco/20251218_Merrill23_wRi/wRi/assembly/prodigal_output/predicted_genes/predicted.faa 
# Current dir:     /private/groups/russelllab/jodie/Jacobs_et_al_2026_de_novo_wRi_merrill_23_assembly
# Date:            Fri Jan 16 13:07:58 2026
# [ok]
