#                                                                                --- full sequence --- -------------- this domain -------------   hmm coord   ali coord   env coord
# target name            accession   tlen query name           accession   qlen   E-value  score  bias   #  of  c-Evalue  i-Evalue  score  bias  from    to  from    to  from    to  acc description of target
#    ------------------- ---------- ----- -------------------- ---------- ----- --------- ------ ----- --- --- --------- --------- ------ ----- ----- ----- ----- ----- ----- ----- ---- ---------------------
contig_78:4498-5472|-    -            325 1379at766            -            278  4.6e-134  442.4   0.9   1   1  7.6e-136  9.8e-134  441.3   0.9     2   277    15   321    14   322 0.90 contig_78_5 # 4498 # 5472 # -1 # ID=71_5;partial=00;start_type=ATG;rbs_motif=AGGAG/GGAGG;rbs_spacer=11-12bp;gc_cont=0.389
contig_82:29311-30285|+  -            325 1379at766            -            278  4.6e-134  442.4   0.9   1   1  7.6e-136  9.8e-134  441.3   0.9     2   277    15   321    14   322 0.90 contig_82_34 # 29311 # 30285 # 1 # ID=75_34;partial=00;start_type=ATG;rbs_motif=AGGAG/GGAGG;rbs_spacer=11-12bp;gc_cont=0.389
contig_120:25539-26636|+ -            366 1379at766            -            278   3.9e-09   32.6   0.0   1   1   4.9e-11   6.3e-09   31.9   0.0     5    97   105   206   102   251 0.78 contig_120_27 # 25539 # 26636 # 1 # ID=16_27;partial=00;start_type=ATG;rbs_motif=GGA/GAG/AGG;rbs_spacer=5-10bp;gc_cont=0.359
contig_120:11563-12294|- -            244 1379at766            -            278   8.7e-08   28.2   0.1   1   1   8.5e-09   1.1e-06   24.5   0.1    38   204     1   169     1   181 0.76 contig_120_13 # 11563 # 12294 # -1 # ID=16_13;partial=00;start_type=TTG;rbs_motif=AGGAG/GGAGG;rbs_spacer=11-12bp;gc_cont=0.336
contig_81:70493-72094|-  -            534 1379at766            -            278   1.8e-06   23.8   0.5   1   1   7.2e-08   9.3e-06   21.5   0.5     7   235     8   254     2   295 0.66 contig_81_73 # 70493 # 72094 # -1 # ID=74_73;partial=00;start_type=ATG;rbs_motif=None;rbs_spacer=None;gc_cont=0.345
contig_70:40939-43245|+  -            769 1379at766            -            278   7.4e-06   21.8   2.2   1   2    0.0038       0.5    6.0   0.2    35    80   232   278   202   317 0.64 contig_70_40 # 40939 # 43245 # 1 # ID=64_40;partial=00;start_type=ATG;rbs_motif=GGA/GAG/AGG;rbs_spacer=5-10bp;gc_cont=0.339
contig_70:40939-43245|+  -            769 1379at766            -            278   7.4e-06   21.8   2.2   2   2   6.7e-05    0.0087   11.7   0.1    29    61   504   536   467   611 0.73 contig_70_40 # 40939 # 43245 # 1 # ID=64_40;partial=00;start_type=ATG;rbs_motif=GGA/GAG/AGG;rbs_spacer=5-10bp;gc_cont=0.339
contig_69:59050-60327|+  -            426 1379at766            -            278   9.2e-05   18.2   0.0   1   1   1.8e-06   0.00023   16.9   0.0    35   101   117   197    99   205 0.79 contig_69_70 # 59050 # 60327 # 1 # ID=62_70;partial=00;start_type=ATG;rbs_motif=GGA/GAG/AGG;rbs_spacer=5-10bp;gc_cont=0.367
contig_70:56815-58653|-  -            613 1379at766            -            278   0.00044   16.0   0.0   1   2   2.6e-05    0.0034   13.1   0.0    36    70   190   224   185   262 0.67 contig_70_56 # 56815 # 58653 # -1 # ID=64_56;partial=00;start_type=ATG;rbs_motif=None;rbs_spacer=None;gc_cont=0.372
contig_70:56815-58653|-  -            613 1379at766            -            278   0.00044   16.0   0.0   2   2      0.29        38   -0.2   0.0   135   194   295   357   290   378 0.81 contig_70_56 # 56815 # 58653 # -1 # ID=64_56;partial=00;start_type=ATG;rbs_motif=None;rbs_spacer=None;gc_cont=0.372
contig_119:14779-17340|- -            854 1379at766            -            278   0.00062   15.5   0.1   1   2    0.0085       1.1    4.8   0.2     4    60   173   228   170   288 0.54 contig_119_15 # 14779 # 17340 # -1 # ID=14_15;partial=00;start_type=ATG;rbs_motif=None;rbs_spacer=None;gc_cont=0.377
contig_119:14779-17340|- -            854 1379at766            -            278   0.00062   15.5   0.1   2   2    0.0033      0.43    6.2   0.0    30    55   594   619   580   626 0.84 contig_119_15 # 14779 # 17340 # -1 # ID=14_15;partial=00;start_type=ATG;rbs_motif=None;rbs_spacer=None;gc_cont=0.377
contig_69:60343-62796|+  -            818 1379at766            -            278   0.00092   14.9   0.0   1   2     7e-05    0.0091   11.7   0.0    36    62   364   390   340   401 0.75 contig_69_71 # 60343 # 62796 # 1 # ID=62_71;partial=00;start_type=ATG;rbs_motif=GGAG/GAGG;rbs_spacer=5-10bp;gc_cont=0.363
contig_69:60343-62796|+  -            818 1379at766            -            278   0.00092   14.9   0.0   2   2      0.23        29    0.2   0.0   129   171   474   514   469   526 0.74 contig_69_71 # 60343 # 62796 # 1 # ID=62_71;partial=00;start_type=ATG;rbs_motif=GGAG/GAGG;rbs_spacer=5-10bp;gc_cont=0.363
contig_89:32889-34292|-  -            468 1379at766            -            278    0.0014   14.4   0.0   1   2   0.00024     0.032    9.9   0.0     2    51   149   195   148   201 0.79 contig_89_31 # 32889 # 34292 # -1 # ID=78_31;partial=00;start_type=TTG;rbs_motif=3Base/5BMM;rbs_spacer=13-15bp;gc_cont=0.390
contig_89:32889-34292|-  -            468 1379at766            -            278    0.0014   14.4   0.0   2   2     0.091        12    1.5   0.0    81   115   257   291   228   323 0.82 contig_89_31 # 32889 # 34292 # -1 # ID=78_31;partial=00;start_type=TTG;rbs_motif=3Base/5BMM;rbs_spacer=13-15bp;gc_cont=0.390
#
# Program:         hmmsearch
# Version:         3.4 (Aug 2023)
# Pipeline mode:   SEARCH
# Query file:      /private/groups/russelllab/jodie/Jacobs_et_al_2026_de_novo_wRi_merrill_23_assembly/busco_downloads/lineages/rickettsiales_odb10/hmms/1379at766.hmm
# Target file:     private/groups/russelllab/jodie/Jacobs_et_al_2026_de_novo_wRi_merrill_23_assembly/busco/20251218_Merrill23_wRi/wRi/assembly/prodigal_output/predicted_genes/predicted.faa
# Option settings: hmmsearch --domtblout private/groups/russelllab/jodie/Jacobs_et_al_2026_de_novo_wRi_merrill_23_assembly/busco/20251218_Merrill23_wRi/wRi/assembly/run_rickettsiales_odb10/hmmer_output/1379at766.out --cpu 1 /private/groups/russelllab/jodie/Jacobs_et_al_2026_de_novo_wRi_merrill_23_assembly/busco_downloads/lineages/rickettsiales_odb10/hmms/1379at766.hmm private/groups/russelllab/jodie/Jacobs_et_al_2026_de_novo_wRi_merrill_23_assembly/busco/20251218_Merrill23_wRi/wRi/assembly/prodigal_output/predicted_genes/predicted.faa 
# Current dir:     /private/groups/russelllab/jodie/Jacobs_et_al_2026_de_novo_wRi_merrill_23_assembly
# Date:            Fri Jan 16 13:07:58 2026
# [ok]
