#                                                                               --- full sequence --- -------------- this domain -------------   hmm coord   ali coord   env coord
# target name           accession   tlen query name           accession   qlen   E-value  score  bias   #  of  c-Evalue  i-Evalue  score  bias  from    to  from    to  from    to  acc description of target
#   ------------------- ---------- ----- -------------------- ---------- ----- --------- ------ ----- --- --- --------- --------- ------ ----- ----- ----- ----- ----- ----- ----- ---- ---------------------
contig_68:5573-6667|+   -            365 1440at766            -            303  4.1e-149  492.1   5.8   1   2   5.4e-84   1.3e-81  270.5   0.4     1   161     1   166     1   174 0.95 contig_68_5 # 5573 # 6667 # 1 # ID=61_5;partial=00;start_type=ATG;rbs_motif=None;rbs_spacer=None;gc_cont=0.380
contig_68:5573-6667|+   -            365 1440at766            -            303  4.1e-149  492.1   5.8   2   2   1.1e-69   2.7e-67  223.5   1.0   145   303   180   363   163   363 0.90 contig_68_5 # 5573 # 6667 # 1 # ID=61_5;partial=00;start_type=ATG;rbs_motif=None;rbs_spacer=None;gc_cont=0.380
contig_85:5714-6736|+   -            341 1440at766            -            303   3.6e-14   49.0   2.0   1   1   1.3e-14   3.2e-12   42.6   1.7     4   113   161   253   158   278 0.82 contig_85_5 # 5714 # 6736 # 1 # ID=77_5;partial=00;start_type=ATG;rbs_motif=None;rbs_spacer=None;gc_cont=0.362
contig_82:40257-41582|- -            442 1440at766            -            303   7.5e-13   44.7   0.1   1   2   7.5e-10   1.8e-07   27.0   0.0     3    44     2    43     1    58 0.89 contig_82_46 # 40257 # 41582 # -1 # ID=75_46;partial=00;start_type=ATG;rbs_motif=None;rbs_spacer=None;gc_cont=0.373
contig_82:40257-41582|- -            442 1440at766            -            303   7.5e-13   44.7   0.1   2   2   1.1e-05    0.0026   13.3   0.1     3    29   176   202   174   269 0.81 contig_82_46 # 40257 # 41582 # -1 # ID=75_46;partial=00;start_type=ATG;rbs_motif=None;rbs_spacer=None;gc_cont=0.373
contig_63:62980-64308|+ -            443 1440at766            -            303   8.4e-06   21.5   0.0   1   1   7.3e-08   1.7e-05   20.5   0.0     3    38   218   253   216   265 0.88 contig_63_66 # 62980 # 64308 # 1 # ID=57_66;partial=00;start_type=ATG;rbs_motif=AGxAG;rbs_spacer=11-12bp;gc_cont=0.359
contig_64:2984-3577|-   -            198 1440at766            -            303    0.0018   13.8   0.0   1   1   1.4e-05    0.0034   13.0   0.0     8    54    32    80    28   105 0.76 contig_64_4 # 2984 # 3577 # -1 # ID=58_4;partial=00;start_type=ATG;rbs_motif=None;rbs_spacer=None;gc_cont=0.318
contig_89:10693-11577|- -            295 1440at766            -            303     0.003   13.2   0.6   1   2   2.2e-05    0.0053   12.3   0.1     5    30     9    34     5    49 0.87 contig_89_10 # 10693 # 11577 # -1 # ID=78_10;partial=00;start_type=GTG;rbs_motif=None;rbs_spacer=None;gc_cont=0.350
contig_89:10693-11577|- -            295 1440at766            -            303     0.003   13.2   0.6   2   2       1.1   2.6e+02   -3.1   0.1   161   215   228   252   214   269 0.57 contig_89_10 # 10693 # 11577 # -1 # ID=78_10;partial=00;start_type=GTG;rbs_motif=None;rbs_spacer=None;gc_cont=0.350
#
# Program:         hmmsearch
# Version:         3.4 (Aug 2023)
# Pipeline mode:   SEARCH
# Query file:      /private/groups/russelllab/jodie/Jacobs_et_al_2026_de_novo_wRi_merrill_23_assembly/busco_downloads/lineages/rickettsiales_odb10/hmms/1440at766.hmm
# Target file:     private/groups/russelllab/jodie/Jacobs_et_al_2026_de_novo_wRi_merrill_23_assembly/busco/20251218_Merrill23_wRi/wRi/assembly/prodigal_output/predicted_genes/predicted.faa
# Option settings: hmmsearch --domtblout private/groups/russelllab/jodie/Jacobs_et_al_2026_de_novo_wRi_merrill_23_assembly/busco/20251218_Merrill23_wRi/wRi/assembly/run_rickettsiales_odb10/hmmer_output/1440at766.out --cpu 1 /private/groups/russelllab/jodie/Jacobs_et_al_2026_de_novo_wRi_merrill_23_assembly/busco_downloads/lineages/rickettsiales_odb10/hmms/1440at766.hmm private/groups/russelllab/jodie/Jacobs_et_al_2026_de_novo_wRi_merrill_23_assembly/busco/20251218_Merrill23_wRi/wRi/assembly/prodigal_output/predicted_genes/predicted.faa 
# Current dir:     /private/groups/russelllab/jodie/Jacobs_et_al_2026_de_novo_wRi_merrill_23_assembly
# Date:            Fri Jan 16 13:07:58 2026
# [ok]
