#                                                                                --- full sequence --- -------------- this domain -------------   hmm coord   ali coord   env coord
# target name            accession   tlen query name           accession   qlen   E-value  score  bias   #  of  c-Evalue  i-Evalue  score  bias  from    to  from    to  from    to  acc description of target
#    ------------------- ---------- ----- -------------------- ---------- ----- --------- ------ ----- --- --- --------- --------- ------ ----- ----- ----- ----- ----- ----- ----- ---- ---------------------
contig_78:89075-91150|+  -            692 150at766             -            576         0 1040.7   9.6   1   2  1.1e-132  3.1e-130  431.8   2.7     1   240     9   286     9   290 0.92 contig_78_87 # 89075 # 91150 # 1 # ID=71_87;partial=00;start_type=ATG;rbs_motif=None;rbs_spacer=None;gc_cont=0.368
contig_78:89075-91150|+  -            692 150at766             -            576         0 1040.7   9.6   2   2  2.5e-187  7.2e-185  612.2   0.6   237   576   306   680   294   680 0.93 contig_78_87 # 89075 # 91150 # 1 # ID=71_87;partial=00;start_type=ATG;rbs_motif=None;rbs_spacer=None;gc_cont=0.368
contig_119:18618-20447|- -            610 150at766             -            576   2.3e-41  138.4   0.8   1   3   8.5e-30   2.4e-27   92.1   0.0     1   125     8   137     8   164 0.93 contig_119_18 # 18618 # 20447 # -1 # ID=14_18;partial=00;start_type=ATG;rbs_motif=None;rbs_spacer=None;gc_cont=0.402
contig_119:18618-20447|- -            610 150at766             -            576   2.3e-41  138.4   0.8   2   3   8.9e-14   2.5e-11   39.2   0.1   218   400   183   394   174   399 0.73 contig_119_18 # 18618 # 20447 # -1 # ID=14_18;partial=00;start_type=ATG;rbs_motif=None;rbs_spacer=None;gc_cont=0.402
contig_119:18618-20447|- -            610 150at766             -            576   2.3e-41  138.4   0.8   3   3    0.0033      0.94    4.3   0.0   504   534   400   430   397   478 0.69 contig_119_18 # 18618 # 20447 # -1 # ID=14_18;partial=00;start_type=ATG;rbs_motif=None;rbs_spacer=None;gc_cont=0.402
contig_52:3730-5526|+    -            599 150at766             -            576   8.8e-40  133.2   0.0   1   3   2.6e-22   7.4e-20   67.4   0.0     1   127     5   140     5   161 0.82 contig_52_5 # 3730 # 5526 # 1 # ID=48_5;partial=00;start_type=ATG;rbs_motif=None;rbs_spacer=None;gc_cont=0.378
contig_52:3730-5526|+    -            599 150at766             -            576   8.8e-40  133.2   0.0   2   3   4.2e-17   1.2e-14   50.2   0.0   213   413   162   386   143   392 0.74 contig_52_5 # 3730 # 5526 # 1 # ID=48_5;partial=00;start_type=ATG;rbs_motif=None;rbs_spacer=None;gc_cont=0.378
contig_52:3730-5526|+    -            599 150at766             -            576   8.8e-40  133.2   0.0   3   3   1.4e-05    0.0039   12.2   0.0   504   571   400   477   394   482 0.79 contig_52_5 # 3730 # 5526 # 1 # ID=48_5;partial=00;start_type=ATG;rbs_motif=None;rbs_spacer=None;gc_cont=0.378
contig_69:15748-16920|+  -            391 150at766             -            576   2.6e-12   42.5   0.3   1   1   1.4e-14   4.1e-12   41.8   0.3     2   138    14   151    13   173 0.88 contig_69_15 # 15748 # 16920 # 1 # ID=62_15;partial=00;start_type=ATG;rbs_motif=None;rbs_spacer=None;gc_cont=0.423
contig_78:91162-92334|+  -            391 150at766             -            576   2.9e-12   42.3   0.3   1   1   1.7e-14   4.7e-12   41.6   0.3     2   138    14   151    13   173 0.88 contig_78_88 # 91162 # 92334 # 1 # ID=71_88;partial=00;start_type=ATG;rbs_motif=GGA/GAG/AGG;rbs_spacer=5-10bp;gc_cont=0.431
#
# Program:         hmmsearch
# Version:         3.4 (Aug 2023)
# Pipeline mode:   SEARCH
# Query file:      /private/groups/russelllab/jodie/Jacobs_et_al_2026_de_novo_wRi_merrill_23_assembly/busco_downloads/lineages/rickettsiales_odb10/hmms/150at766.hmm
# Target file:     private/groups/russelllab/jodie/Jacobs_et_al_2026_de_novo_wRi_merrill_23_assembly/busco/20251218_Merrill23_wRi/wRi/assembly/prodigal_output/predicted_genes/predicted.faa
# Option settings: hmmsearch --domtblout private/groups/russelllab/jodie/Jacobs_et_al_2026_de_novo_wRi_merrill_23_assembly/busco/20251218_Merrill23_wRi/wRi/assembly/run_rickettsiales_odb10/hmmer_output/150at766.out --cpu 1 /private/groups/russelllab/jodie/Jacobs_et_al_2026_de_novo_wRi_merrill_23_assembly/busco_downloads/lineages/rickettsiales_odb10/hmms/150at766.hmm private/groups/russelllab/jodie/Jacobs_et_al_2026_de_novo_wRi_merrill_23_assembly/busco/20251218_Merrill23_wRi/wRi/assembly/prodigal_output/predicted_genes/predicted.faa 
# Current dir:     /private/groups/russelllab/jodie/Jacobs_et_al_2026_de_novo_wRi_merrill_23_assembly
# Date:            Fri Jan 16 13:07:58 2026
# [ok]
