#                                                                                 --- full sequence --- -------------- this domain -------------   hmm coord   ali coord   env coord
# target name             accession   tlen query name           accession   qlen   E-value  score  bias   #  of  c-Evalue  i-Evalue  score  bias  from    to  from    to  from    to  acc description of target
#     ------------------- ---------- ----- -------------------- ---------- ----- --------- ------ ----- --- --- --------- --------- ------ ----- ----- ----- ----- ----- ----- ----- ---- ---------------------
contig_78:129563-132079|+ -            839 153at766             -            695         0 1149.0  16.2   1   2         0         0 1054.2   8.8     1   591     1   671     1   684 0.89 contig_78_118 # 129563 # 132079 # 1 # ID=71_118;partial=00;start_type=ATG;rbs_motif=GGA/GAG/AGG;rbs_spacer=5-10bp;gc_cont=0.386
contig_78:129563-132079|+ -            839 153at766             -            695         0 1149.0  16.2   2   2     2e-27   5.6e-25   83.8   0.8   586   695   700   837   676   837 0.76 contig_78_118 # 129563 # 132079 # 1 # ID=71_118;partial=00;start_type=ATG;rbs_motif=GGA/GAG/AGG;rbs_spacer=5-10bp;gc_cont=0.386
contig_120:13102-15573|-  -            824 153at766             -            695   8.5e-46  152.6  13.9   1   6   9.6e-30   2.7e-27   91.5   0.1     3   153     6   184     4   200 0.74 contig_120_15 # 13102 # 15573 # -1 # ID=16_15;partial=00;start_type=ATG;rbs_motif=GGA/GAG/AGG;rbs_spacer=5-10bp;gc_cont=0.384
contig_120:13102-15573|-  -            824 153at766             -            695   8.5e-46  152.6  13.9   2   6   4.5e-07   0.00013   16.5   0.0   258   352   238   341   202   353 0.77 contig_120_15 # 13102 # 15573 # -1 # ID=16_15;partial=00;start_type=ATG;rbs_motif=GGA/GAG/AGG;rbs_spacer=5-10bp;gc_cont=0.384
contig_120:13102-15573|-  -            824 153at766             -            695   8.5e-46  152.6  13.9   3   6   4.6e-05     0.013    9.9   0.2   160   206   357   404   352   407 0.93 contig_120_15 # 13102 # 15573 # -1 # ID=16_15;partial=00;start_type=ATG;rbs_motif=GGA/GAG/AGG;rbs_spacer=5-10bp;gc_cont=0.384
contig_120:13102-15573|-  -            824 153at766             -            695   8.5e-46  152.6  13.9   4   6   7.9e-07   0.00022   15.7   0.1   363   397   409   447   406   471 0.82 contig_120_15 # 13102 # 15573 # -1 # ID=16_15;partial=00;start_type=ATG;rbs_motif=GGA/GAG/AGG;rbs_spacer=5-10bp;gc_cont=0.384
contig_120:13102-15573|-  -            824 153at766             -            695   8.5e-46  152.6  13.9   5   6   5.3e-07   0.00015   16.3   0.2   531   601   547   616   540   650 0.75 contig_120_15 # 13102 # 15573 # -1 # ID=16_15;partial=00;start_type=ATG;rbs_motif=GGA/GAG/AGG;rbs_spacer=5-10bp;gc_cont=0.384
contig_120:13102-15573|-  -            824 153at766             -            695   8.5e-46  152.6  13.9   6   6   0.00032     0.092    7.1   0.1   610   636   694   720   685   775 0.83 contig_120_15 # 13102 # 15573 # -1 # ID=16_15;partial=00;start_type=ATG;rbs_motif=GGA/GAG/AGG;rbs_spacer=5-10bp;gc_cont=0.384
contig_68:30422-33733|-   -           1104 153at766             -            695   5.9e-20   67.2  12.6   1   6   9.6e-11   2.7e-08   28.6   0.2    15   138    38   183    19   205 0.64 contig_68_24 # 30422 # 33733 # -1 # ID=61_24;partial=00;start_type=ATG;rbs_motif=None;rbs_spacer=None;gc_cont=0.368
contig_68:30422-33733|-   -           1104 153at766             -            695   5.9e-20   67.2  12.6   2   6   1.9e-05    0.0054   11.1   0.0   266   357   343   426   332   432 0.79 contig_68_24 # 30422 # 33733 # -1 # ID=61_24;partial=00;start_type=ATG;rbs_motif=None;rbs_spacer=None;gc_cont=0.368
contig_68:30422-33733|-   -           1104 153at766             -            695   5.9e-20   67.2  12.6   3   6    0.0015      0.43    4.9   0.1   157   201   434   479   423   487 0.84 contig_68_24 # 30422 # 33733 # -1 # ID=61_24;partial=00;start_type=ATG;rbs_motif=None;rbs_spacer=None;gc_cont=0.368
contig_68:30422-33733|-   -           1104 153at766             -            695   5.9e-20   67.2  12.6   4   6   1.1e-07   3.1e-05   18.5   1.2   362   445   488   577   485   633 0.66 contig_68_24 # 30422 # 33733 # -1 # ID=61_24;partial=00;start_type=ATG;rbs_motif=None;rbs_spacer=None;gc_cont=0.368
contig_68:30422-33733|-   -           1104 153at766             -            695   5.9e-20   67.2  12.6   5   6    0.0015      0.44    4.8   0.0   529   561   634   667   616   671 0.88 contig_68_24 # 30422 # 33733 # -1 # ID=61_24;partial=00;start_type=ATG;rbs_motif=None;rbs_spacer=None;gc_cont=0.368
contig_68:30422-33733|-   -           1104 153at766             -            695   5.9e-20   67.2  12.6   6   6     0.017       4.8    1.4   0.0   608   637   789   818   782   842 0.84 contig_68_24 # 30422 # 33733 # -1 # ID=61_24;partial=00;start_type=ATG;rbs_motif=None;rbs_spacer=None;gc_cont=0.368
contig_108:7045-8691|+    -            549 153at766             -            695   1.3e-17   59.4   1.3   1   3   1.2e-15   3.5e-13   44.8   0.2    20   189     6   176     2   191 0.90 contig_108_6 # 7045 # 8691 # 1 # ID=5_6;partial=00;start_type=ATG;rbs_motif=None;rbs_spacer=None;gc_cont=0.400
contig_108:7045-8691|+    -            549 153at766             -            695   1.3e-17   59.4   1.3   2   3   5.4e-06    0.0015   12.9   0.0   530   644   332   443   319   497 0.77 contig_108_6 # 7045 # 8691 # 1 # ID=5_6;partial=00;start_type=ATG;rbs_motif=None;rbs_spacer=None;gc_cont=0.400
contig_108:7045-8691|+    -            549 153at766             -            695   1.3e-17   59.4   1.3   3   3       0.2        58   -2.2   0.0   610   635   485   510   468   522 0.71 contig_108_6 # 7045 # 8691 # 1 # ID=5_6;partial=00;start_type=ATG;rbs_motif=None;rbs_spacer=None;gc_cont=0.400
contig_101:7635-9341|+    -            569 153at766             -            695   5.5e-05   17.7   0.2   1   2   7.6e-06    0.0022   12.4   0.0    28    61   129   162   103   171 0.86 contig_101_7 # 7635 # 9341 # 1 # ID=2_7;partial=00;start_type=ATG;rbs_motif=None;rbs_spacer=None;gc_cont=0.380
contig_101:7635-9341|+    -            569 153at766             -            695   5.5e-05   17.7   0.2   2   2    0.0051       1.5    3.1   0.1   526   561   385   421   374   440 0.84 contig_101_7 # 7635 # 9341 # 1 # ID=2_7;partial=00;start_type=ATG;rbs_motif=None;rbs_spacer=None;gc_cont=0.380
#
# Program:         hmmsearch
# Version:         3.4 (Aug 2023)
# Pipeline mode:   SEARCH
# Query file:      /private/groups/russelllab/jodie/Jacobs_et_al_2026_de_novo_wRi_merrill_23_assembly/busco_downloads/lineages/rickettsiales_odb10/hmms/153at766.hmm
# Target file:     private/groups/russelllab/jodie/Jacobs_et_al_2026_de_novo_wRi_merrill_23_assembly/busco/20251218_Merrill23_wRi/wRi/assembly/prodigal_output/predicted_genes/predicted.faa
# Option settings: hmmsearch --domtblout private/groups/russelllab/jodie/Jacobs_et_al_2026_de_novo_wRi_merrill_23_assembly/busco/20251218_Merrill23_wRi/wRi/assembly/run_rickettsiales_odb10/hmmer_output/153at766.out --cpu 1 /private/groups/russelllab/jodie/Jacobs_et_al_2026_de_novo_wRi_merrill_23_assembly/busco_downloads/lineages/rickettsiales_odb10/hmms/153at766.hmm private/groups/russelllab/jodie/Jacobs_et_al_2026_de_novo_wRi_merrill_23_assembly/busco/20251218_Merrill23_wRi/wRi/assembly/prodigal_output/predicted_genes/predicted.faa 
# Current dir:     /private/groups/russelllab/jodie/Jacobs_et_al_2026_de_novo_wRi_merrill_23_assembly
# Date:            Fri Jan 16 13:07:59 2026
# [ok]
