#                                                                               --- full sequence --- -------------- this domain -------------   hmm coord   ali coord   env coord
# target name           accession   tlen query name           accession   qlen   E-value  score  bias   #  of  c-Evalue  i-Evalue  score  bias  from    to  from    to  from    to  acc description of target
#   ------------------- ---------- ----- -------------------- ---------- ----- --------- ------ ----- --- --- --------- --------- ------ ----- ----- ----- ----- ----- ----- ----- ---- ---------------------
contig_72:8380-9888|+   -            503 1561at766            -            357  5.5e-126  416.9  62.4   1   3       1.3   2.6e+02   -3.0   0.8   101   117    23    39     7    69 0.53 contig_72_11 # 8380 # 9888 # 1 # ID=66_11;partial=00;start_type=ATG;rbs_motif=None;rbs_spacer=None;gc_cont=0.342
contig_72:8380-9888|+   -            503 1561at766            -            357  5.5e-126  416.9  62.4   2   3   1.5e-69   3.1e-67  223.7  28.1    11   191    82   294    75   299 0.85 contig_72_11 # 8380 # 9888 # 1 # ID=66_11;partial=00;start_type=ATG;rbs_motif=None;rbs_spacer=None;gc_cont=0.342
contig_72:8380-9888|+   -            503 1561at766            -            357  5.5e-126  416.9  62.4   3   3   1.1e-63   2.3e-61  204.4  18.7   189   357   311   496   305   496 0.90 contig_72_11 # 8380 # 9888 # 1 # ID=66_11;partial=00;start_type=ATG;rbs_motif=None;rbs_spacer=None;gc_cont=0.342
contig_63:47618-49474|+ -            619 1561at766            -            357   1.2e-47  159.2  46.8   1   4       5.3   1.1e+03   -5.0   1.2    29    65     5    42     3    50 0.57 contig_63_50 # 47618 # 49474 # 1 # ID=57_50;partial=00;start_type=ATG;rbs_motif=None;rbs_spacer=None;gc_cont=0.349
contig_63:47618-49474|+ -            619 1561at766            -            357   1.2e-47  159.2  46.8   2   4   1.1e-07   2.3e-05   20.2   9.5    13   106    67   170    57   195 0.77 contig_63_50 # 47618 # 49474 # 1 # ID=57_50;partial=00;start_type=ATG;rbs_motif=None;rbs_spacer=None;gc_cont=0.349
contig_63:47618-49474|+ -            619 1561at766            -            357   1.2e-47  159.2  46.8   3   4     4e-48   8.1e-46  153.2  20.1    86   337   179   439   172   462 0.82 contig_63_50 # 47618 # 49474 # 1 # ID=57_50;partial=00;start_type=ATG;rbs_motif=None;rbs_spacer=None;gc_cont=0.349
contig_63:47618-49474|+ -            619 1561at766            -            357   1.2e-47  159.2  46.8   4   4      0.33        66   -1.1   0.2   268   287   598   617   580   618 0.72 contig_63_50 # 47618 # 49474 # 1 # ID=57_50;partial=00;start_type=ATG;rbs_motif=None;rbs_spacer=None;gc_cont=0.349
contig_78:2-1003|+      -            334 1561at766            -            357   4.1e-36  121.3  28.0   1   2    0.0032      0.65    5.5   4.5   126   183    55   111     1   114 0.52 contig_78_1 # 2 # 1003 # 1 # ID=71_1;partial=10;start_type=Edge;rbs_motif=None;rbs_spacer=None;gc_cont=0.354
contig_78:2-1003|+      -            334 1561at766            -            357   4.1e-36  121.3  28.0   2   2   1.5e-37     3e-35  118.5  25.0   127   338    56   284    42   297 0.83 contig_78_1 # 2 # 1003 # 1 # ID=71_1;partial=10;start_type=Edge;rbs_motif=None;rbs_spacer=None;gc_cont=0.354
contig_82:33783-35249|- -            489 1561at766            -            357   6.1e-36  120.7  51.1   1   2      0.46        94   -1.6   0.7    52    83    17    47     5    63 0.52 contig_82_38 # 33783 # 35249 # -1 # ID=75_38;partial=00;start_type=ATG;rbs_motif=None;rbs_spacer=None;gc_cont=0.344
contig_82:33783-35249|- -            489 1561at766            -            357   6.1e-36  120.7  51.1   2   2   1.6e-37   3.3e-35  118.3  44.3    14   338    65   439    53   452 0.78 contig_82_38 # 33783 # 35249 # -1 # ID=75_38;partial=00;start_type=ATG;rbs_motif=None;rbs_spacer=None;gc_cont=0.344
contig_63:50917-52281|+ -            455 1561at766            -            357   8.7e-25   84.1  47.5   1   1   2.1e-26   4.3e-24   81.8  45.1    25   342    73   425    39   448 0.68 contig_63_52 # 50917 # 52281 # 1 # ID=57_52;partial=00;start_type=ATG;rbs_motif=None;rbs_spacer=None;gc_cont=0.346
contig_63:49478-50920|+ -            481 1561at766            -            357   3.1e-24   82.3  45.3   1   2      0.56   1.1e+02   -1.8   0.2    14    41    24    49    11    63 0.64 contig_63_51 # 49478 # 50920 # 1 # ID=57_51;partial=00;start_type=GTG;rbs_motif=None;rbs_spacer=None;gc_cont=0.351
contig_63:49478-50920|+ -            481 1561at766            -            357   3.1e-24   82.3  45.3   2   2   1.5e-26   3.1e-24   82.3  45.3    16   334    67   424    56   455 0.71 contig_63_51 # 49478 # 50920 # 1 # ID=57_51;partial=00;start_type=GTG;rbs_motif=None;rbs_spacer=None;gc_cont=0.351
contig_81:51857-53416|+ -            520 1561at766            -            357   6.7e-08   28.5  42.2   1   2   3.3e-10   6.7e-08   28.5  42.2    26   326    41   347    10   386 0.73 contig_81_54 # 51857 # 53416 # 1 # ID=74_54;partial=00;start_type=GTG;rbs_motif=None;rbs_spacer=None;gc_cont=0.332
contig_81:51857-53416|+ -            520 1561at766            -            357   6.7e-08   28.5  42.2   2   2      0.25        51   -0.7   0.8   192   221   477   506   446   517 0.65 contig_81_54 # 51857 # 53416 # 1 # ID=74_54;partial=00;start_type=GTG;rbs_motif=None;rbs_spacer=None;gc_cont=0.332
#
# Program:         hmmsearch
# Version:         3.4 (Aug 2023)
# Pipeline mode:   SEARCH
# Query file:      /private/groups/russelllab/jodie/Jacobs_et_al_2026_de_novo_wRi_merrill_23_assembly/busco_downloads/lineages/rickettsiales_odb10/hmms/1561at766.hmm
# Target file:     private/groups/russelllab/jodie/Jacobs_et_al_2026_de_novo_wRi_merrill_23_assembly/busco/20251218_Merrill23_wRi/wRi/assembly/prodigal_output/predicted_genes/predicted.faa
# Option settings: hmmsearch --domtblout private/groups/russelllab/jodie/Jacobs_et_al_2026_de_novo_wRi_merrill_23_assembly/busco/20251218_Merrill23_wRi/wRi/assembly/run_rickettsiales_odb10/hmmer_output/1561at766.out --cpu 1 /private/groups/russelllab/jodie/Jacobs_et_al_2026_de_novo_wRi_merrill_23_assembly/busco_downloads/lineages/rickettsiales_odb10/hmms/1561at766.hmm private/groups/russelllab/jodie/Jacobs_et_al_2026_de_novo_wRi_merrill_23_assembly/busco/20251218_Merrill23_wRi/wRi/assembly/prodigal_output/predicted_genes/predicted.faa 
# Current dir:     /private/groups/russelllab/jodie/Jacobs_et_al_2026_de_novo_wRi_merrill_23_assembly
# Date:            Fri Jan 16 13:07:58 2026
# [ok]
