#                                                                               --- full sequence --- -------------- this domain -------------   hmm coord   ali coord   env coord
# target name           accession   tlen query name           accession   qlen   E-value  score  bias   #  of  c-Evalue  i-Evalue  score  bias  from    to  from    to  from    to  acc description of target
#   ------------------- ---------- ----- -------------------- ---------- ----- --------- ------ ----- --- --- --------- --------- ------ ----- ----- ----- ----- ----- ----- ----- ---- ---------------------
contig_68:65867-67039|+ -            391 1611at766            -            306  2.6e-156  515.8  17.3   1   3   1.8e-12   8.4e-10   34.6   1.2     1    44    15    60    15    66 0.87 contig_68_60 # 65867 # 67039 # 1 # ID=61_60;partial=00;start_type=ATG;rbs_motif=GGA/GAG/AGG;rbs_spacer=5-10bp;gc_cont=0.375
contig_68:65867-67039|+ -            391 1611at766            -            306  2.6e-156  515.8  17.3   2   3   7.4e-08   3.5e-05   19.5   0.8    11    86    64   146    59   153 0.74 contig_68_60 # 65867 # 67039 # 1 # ID=61_60;partial=00;start_type=ATG;rbs_motif=GGA/GAG/AGG;rbs_spacer=5-10bp;gc_cont=0.375
contig_68:65867-67039|+ -            391 1611at766            -            306  2.6e-156  515.8  17.3   3   3  1.6e-145  7.5e-143  471.6   2.4    75   306   159   390   149   390 0.99 contig_68_60 # 65867 # 67039 # 1 # ID=61_60;partial=00;start_type=ATG;rbs_motif=GGA/GAG/AGG;rbs_spacer=5-10bp;gc_cont=0.375
contig_81:15492-16856|- -            455 1611at766            -            306     7e-53  176.1   7.8   1   2   5.2e-05     0.025   10.1   0.3    10    38    25    53    17    70 0.85 contig_81_17 # 15492 # 16856 # -1 # ID=74_17;partial=00;start_type=ATG;rbs_motif=None;rbs_spacer=None;gc_cont=0.368
contig_81:15492-16856|- -            455 1611at766            -            306     7e-53  176.1   7.8   2   2   2.7e-53   1.3e-50  168.7   2.4    43   305   175   449   164   450 0.89 contig_81_17 # 15492 # 16856 # -1 # ID=74_17;partial=00;start_type=ATG;rbs_motif=None;rbs_spacer=None;gc_cont=0.368
contig_84:10417-11781|- -            455 1611at766            -            306     7e-53  176.1   7.8   1   2   5.2e-05     0.025   10.1   0.3    10    38    25    53    17    70 0.85 contig_84_12 # 10417 # 11781 # -1 # ID=76_12;partial=00;start_type=ATG;rbs_motif=None;rbs_spacer=None;gc_cont=0.368
contig_84:10417-11781|- -            455 1611at766            -            306     7e-53  176.1   7.8   2   2   2.7e-53   1.3e-50  168.7   2.4    43   305   175   449   164   450 0.89 contig_84_12 # 10417 # 11781 # -1 # ID=76_12;partial=00;start_type=ATG;rbs_motif=None;rbs_spacer=None;gc_cont=0.368
#
# Program:         hmmsearch
# Version:         3.4 (Aug 2023)
# Pipeline mode:   SEARCH
# Query file:      /private/groups/russelllab/jodie/Jacobs_et_al_2026_de_novo_wRi_merrill_23_assembly/busco_downloads/lineages/rickettsiales_odb10/hmms/1611at766.hmm
# Target file:     private/groups/russelllab/jodie/Jacobs_et_al_2026_de_novo_wRi_merrill_23_assembly/busco/20251218_Merrill23_wRi/wRi/assembly/prodigal_output/predicted_genes/predicted.faa
# Option settings: hmmsearch --domtblout private/groups/russelllab/jodie/Jacobs_et_al_2026_de_novo_wRi_merrill_23_assembly/busco/20251218_Merrill23_wRi/wRi/assembly/run_rickettsiales_odb10/hmmer_output/1611at766.out --cpu 1 /private/groups/russelllab/jodie/Jacobs_et_al_2026_de_novo_wRi_merrill_23_assembly/busco_downloads/lineages/rickettsiales_odb10/hmms/1611at766.hmm private/groups/russelllab/jodie/Jacobs_et_al_2026_de_novo_wRi_merrill_23_assembly/busco/20251218_Merrill23_wRi/wRi/assembly/prodigal_output/predicted_genes/predicted.faa 
# Current dir:     /private/groups/russelllab/jodie/Jacobs_et_al_2026_de_novo_wRi_merrill_23_assembly
# Date:            Fri Jan 16 13:07:58 2026
# [ok]
