#                                                                                --- full sequence --- -------------- this domain -------------   hmm coord   ali coord   env coord
# target name            accession   tlen query name           accession   qlen   E-value  score  bias   #  of  c-Evalue  i-Evalue  score  bias  from    to  from    to  from    to  acc description of target
#    ------------------- ---------- ----- -------------------- ---------- ----- --------- ------ ----- --- --- --------- --------- ------ ----- ----- ----- ----- ----- ----- ----- ---- ---------------------
contig_119:14779-17340|- -            854 162at766             -            717         0 1184.4  19.4   1   2   1.3e-12   3.7e-10   34.9   0.1     1    45     1    51     1    68 0.89 contig_119_15 # 14779 # 17340 # -1 # ID=14_15;partial=00;start_type=ATG;rbs_motif=None;rbs_spacer=None;gc_cont=0.377
contig_119:14779-17340|- -            854 162at766             -            717         0 1184.4  19.4   2   2         0         0 1145.9  15.9    59   717   102   837    87   837 0.91 contig_119_15 # 14779 # 17340 # -1 # ID=14_15;partial=00;start_type=ATG;rbs_motif=None;rbs_spacer=None;gc_cont=0.377
contig_70:40939-43245|+  -            769 162at766             -            717  1.5e-168  558.6   8.8   1   3     1e-95   2.9e-93  309.6   0.6    89   333   181   433   102   437 0.93 contig_70_40 # 40939 # 43245 # 1 # ID=64_40;partial=00;start_type=ATG;rbs_motif=GGA/GAG/AGG;rbs_spacer=5-10bp;gc_cont=0.339
contig_70:40939-43245|+  -            769 162at766             -            717  1.5e-168  558.6   8.8   2   3   1.2e-72   3.4e-70  233.4   0.5   440   684   440   700   432   704 0.86 contig_70_40 # 40939 # 43245 # 1 # ID=64_40;partial=00;start_type=ATG;rbs_motif=GGA/GAG/AGG;rbs_spacer=5-10bp;gc_cont=0.339
contig_70:40939-43245|+  -            769 162at766             -            717  1.5e-168  558.6   8.8   3   3   5.4e-08   1.5e-05   19.7   0.1   673   716   706   749   702   750 0.91 contig_70_40 # 40939 # 43245 # 1 # ID=64_40;partial=00;start_type=ATG;rbs_motif=GGA/GAG/AGG;rbs_spacer=5-10bp;gc_cont=0.339
contig_69:59050-60327|+  -            426 162at766             -            717   5.6e-05   17.8   0.0   1   1   3.1e-07   8.7e-05   17.2   0.0   465   529    68   138    58   185 0.83 contig_69_70 # 59050 # 60327 # 1 # ID=62_70;partial=00;start_type=ATG;rbs_motif=GGA/GAG/AGG;rbs_spacer=5-10bp;gc_cont=0.367
contig_78:4498-5472|-    -            325 162at766             -            717    0.0025   12.4   0.1   1   1     4e-05     0.011   10.2   0.1   101   214     8   114     2   121 0.73 contig_78_5 # 4498 # 5472 # -1 # ID=71_5;partial=00;start_type=ATG;rbs_motif=AGGAG/GGAGG;rbs_spacer=11-12bp;gc_cont=0.389
contig_82:29311-30285|+  -            325 162at766             -            717    0.0025   12.4   0.1   1   1     4e-05     0.011   10.2   0.1   101   214     8   114     2   121 0.73 contig_82_34 # 29311 # 30285 # 1 # ID=75_34;partial=00;start_type=ATG;rbs_motif=AGGAG/GGAGG;rbs_spacer=11-12bp;gc_cont=0.389
#
# Program:         hmmsearch
# Version:         3.4 (Aug 2023)
# Pipeline mode:   SEARCH
# Query file:      /private/groups/russelllab/jodie/Jacobs_et_al_2026_de_novo_wRi_merrill_23_assembly/busco_downloads/lineages/rickettsiales_odb10/hmms/162at766.hmm
# Target file:     private/groups/russelllab/jodie/Jacobs_et_al_2026_de_novo_wRi_merrill_23_assembly/busco/20251218_Merrill23_wRi/wRi/assembly/prodigal_output/predicted_genes/predicted.faa
# Option settings: hmmsearch --domtblout private/groups/russelllab/jodie/Jacobs_et_al_2026_de_novo_wRi_merrill_23_assembly/busco/20251218_Merrill23_wRi/wRi/assembly/run_rickettsiales_odb10/hmmer_output/162at766.out --cpu 1 /private/groups/russelllab/jodie/Jacobs_et_al_2026_de_novo_wRi_merrill_23_assembly/busco_downloads/lineages/rickettsiales_odb10/hmms/162at766.hmm private/groups/russelllab/jodie/Jacobs_et_al_2026_de_novo_wRi_merrill_23_assembly/busco/20251218_Merrill23_wRi/wRi/assembly/prodigal_output/predicted_genes/predicted.faa 
# Current dir:     /private/groups/russelllab/jodie/Jacobs_et_al_2026_de_novo_wRi_merrill_23_assembly
# Date:            Fri Jan 16 13:07:59 2026
# [ok]
