#                                                                               --- full sequence --- -------------- this domain -------------   hmm coord   ali coord   env coord
# target name           accession   tlen query name           accession   qlen   E-value  score  bias   #  of  c-Evalue  i-Evalue  score  bias  from    to  from    to  from    to  acc description of target
#   ------------------- ---------- ----- -------------------- ---------- ----- --------- ------ ----- --- --- --------- --------- ------ ----- ----- ----- ----- ----- ----- ----- ---- ---------------------
contig_81:70493-72094|- -            534 1675at766            -            358  2.4e-132  437.6  12.4   1   3  3.9e-122  1.1e-119  396.0   3.9     2   262     1   287     1   296 0.90 contig_81_73 # 70493 # 72094 # -1 # ID=74_73;partial=00;start_type=ATG;rbs_motif=None;rbs_spacer=None;gc_cont=0.345
contig_81:70493-72094|- -            534 1675at766            -            358  2.4e-132  437.6  12.4   2   3   1.2e-15   3.5e-13   45.6   0.3   264   321   314   376   293   394 0.82 contig_81_73 # 70493 # 72094 # -1 # ID=74_73;partial=00;start_type=ATG;rbs_motif=None;rbs_spacer=None;gc_cont=0.345
contig_81:70493-72094|- -            534 1675at766            -            358  2.4e-132  437.6  12.4   3   3     0.076        22    0.3   0.0   310   327   433   450   423   527 0.89 contig_81_73 # 70493 # 72094 # -1 # ID=74_73;partial=00;start_type=ATG;rbs_motif=None;rbs_spacer=None;gc_cont=0.345
contig_72:11474-12295|- -            274 1675at766            -            358   2.1e-16   56.2   4.6   1   1   4.3e-18   1.2e-15   53.7   2.5    30   175    14   147     8   168 0.85 contig_72_14 # 11474 # 12295 # -1 # ID=66_14;partial=00;start_type=ATG;rbs_motif=AGGAG;rbs_spacer=5-10bp;gc_cont=0.309
contig_78:4498-5472|-   -            325 1675at766            -            358   9.3e-08   27.8   0.1   1   2   1.6e-09   4.7e-07   25.5   0.0     8    61    19    76    15    83 0.80 contig_78_5 # 4498 # 5472 # -1 # ID=71_5;partial=00;start_type=ATG;rbs_motif=AGGAG/GGAGG;rbs_spacer=11-12bp;gc_cont=0.389
contig_78:4498-5472|-   -            325 1675at766            -            358   9.3e-08   27.8   0.1   2   2      0.17        48   -0.9   0.0   115   137   105   127    96   132 0.80 contig_78_5 # 4498 # 5472 # -1 # ID=71_5;partial=00;start_type=ATG;rbs_motif=AGGAG/GGAGG;rbs_spacer=11-12bp;gc_cont=0.389
contig_82:29311-30285|+ -            325 1675at766            -            358   9.3e-08   27.8   0.1   1   2   1.6e-09   4.7e-07   25.5   0.0     8    61    19    76    15    83 0.80 contig_82_34 # 29311 # 30285 # 1 # ID=75_34;partial=00;start_type=ATG;rbs_motif=AGGAG/GGAGG;rbs_spacer=11-12bp;gc_cont=0.389
contig_82:29311-30285|+ -            325 1675at766            -            358   9.3e-08   27.8   0.1   2   2      0.17        48   -0.9   0.0   115   137   105   127    96   132 0.80 contig_82_34 # 29311 # 30285 # 1 # ID=75_34;partial=00;start_type=ATG;rbs_motif=AGGAG/GGAGG;rbs_spacer=11-12bp;gc_cont=0.389
contig_70:56815-58653|- -            613 1675at766            -            358    0.0027   13.1   0.0   1   1   1.7e-05    0.0049   12.2   0.0    27    58   178   209   164   214 0.83 contig_70_56 # 56815 # 58653 # -1 # ID=64_56;partial=00;start_type=ATG;rbs_motif=None;rbs_spacer=None;gc_cont=0.372
#
# Program:         hmmsearch
# Version:         3.4 (Aug 2023)
# Pipeline mode:   SEARCH
# Query file:      /private/groups/russelllab/jodie/Jacobs_et_al_2026_de_novo_wRi_merrill_23_assembly/busco_downloads/lineages/rickettsiales_odb10/hmms/1675at766.hmm
# Target file:     private/groups/russelllab/jodie/Jacobs_et_al_2026_de_novo_wRi_merrill_23_assembly/busco/20251218_Merrill23_wRi/wRi/assembly/prodigal_output/predicted_genes/predicted.faa
# Option settings: hmmsearch --domtblout private/groups/russelllab/jodie/Jacobs_et_al_2026_de_novo_wRi_merrill_23_assembly/busco/20251218_Merrill23_wRi/wRi/assembly/run_rickettsiales_odb10/hmmer_output/1675at766.out --cpu 1 /private/groups/russelllab/jodie/Jacobs_et_al_2026_de_novo_wRi_merrill_23_assembly/busco_downloads/lineages/rickettsiales_odb10/hmms/1675at766.hmm private/groups/russelllab/jodie/Jacobs_et_al_2026_de_novo_wRi_merrill_23_assembly/busco/20251218_Merrill23_wRi/wRi/assembly/prodigal_output/predicted_genes/predicted.faa 
# Current dir:     /private/groups/russelllab/jodie/Jacobs_et_al_2026_de_novo_wRi_merrill_23_assembly
# Date:            Fri Jan 16 13:07:58 2026
# [ok]
