#                                                                                --- full sequence --- -------------- this domain -------------   hmm coord   ali coord   env coord
# target name            accession   tlen query name           accession   qlen   E-value  score  bias   #  of  c-Evalue  i-Evalue  score  bias  from    to  from    to  from    to  acc description of target
#    ------------------- ---------- ----- -------------------- ---------- ----- --------- ------ ----- --- --- --------- --------- ------ ----- ----- ----- ----- ----- ----- ----- ---- ---------------------
contig_63:69667-70368|+  -            234 1817at766            -            208   1.4e-88  292.4   5.9   1   1   1.7e-90   1.9e-88  292.0   5.9     1   208     6   230     6   230 0.93 contig_63_72 # 69667 # 70368 # 1 # ID=57_72;partial=00;start_type=ATG;rbs_motif=None;rbs_spacer=None;gc_cont=0.322
contig_120:4367-5008|+   -            214 1817at766            -            208   1.8e-38  128.7   0.7   1   1   1.9e-40   2.1e-38  128.5   0.7     1   201     2   207     2   213 0.85 contig_120_7 # 4367 # 5008 # 1 # ID=16_7;partial=00;start_type=ATG;rbs_motif=GGA/GAG/AGG;rbs_spacer=5-10bp;gc_cont=0.315
contig_71:9001-9774|-    -            258 1817at766            -            208   1.4e-36  122.6   2.8   1   1   2.2e-38   2.4e-36  121.8   2.8    11   206    13   233     3   235 0.79 contig_71_8 # 9001 # 9774 # -1 # ID=65_8;partial=00;start_type=ATG;rbs_motif=None;rbs_spacer=None;gc_cont=0.335
contig_108:23803-24561|+ -            253 1817at766            -            208   2.6e-32  108.6   0.1   1   1   3.2e-33   3.5e-31  104.9   0.1     2   206     7   247     6   249 0.75 contig_108_21 # 23803 # 24561 # 1 # ID=5_21;partial=00;start_type=ATG;rbs_motif=AGGA;rbs_spacer=5-10bp;gc_cont=0.362
contig_101:1338-3047|+   -            570 1817at766            -            208   1.8e-28   96.0   2.1   1   1   7.1e-30   7.8e-28   94.0   2.1     7   200   341   559   336   565 0.81 contig_101_2 # 1338 # 3047 # 1 # ID=2_2;partial=00;start_type=ATG;rbs_motif=None;rbs_spacer=None;gc_cont=0.354
contig_69:62809-64590|-  -            594 1817at766            -            208   3.8e-26   88.5   2.3   1   2     0.023       2.5    4.1   0.0    16    59    17    62    11    85 0.79 contig_69_72 # 62809 # 64590 # -1 # ID=62_72;partial=00;start_type=ATG;rbs_motif=GGA/GAG/AGG;rbs_spacer=5-10bp;gc_cont=0.352
contig_69:62809-64590|-  -            594 1817at766            -            208   3.8e-26   88.5   2.3   2   2   3.4e-26   3.7e-24   82.0   0.6     3   200   346   569   344   574 0.77 contig_69_72 # 62809 # 64590 # -1 # ID=62_72;partial=00;start_type=ATG;rbs_motif=GGA/GAG/AGG;rbs_spacer=5-10bp;gc_cont=0.352
contig_73:31759-32433|+  -            225 1817at766            -            208   4.6e-26   88.2   1.4   1   1   1.2e-27   1.3e-25   86.7   1.4     3   174     9   209     7   219 0.76 contig_73_33 # 31759 # 32433 # 1 # ID=67_33;partial=00;start_type=ATG;rbs_motif=GGA/GAG/AGG;rbs_spacer=5-10bp;gc_cont=0.370
contig_121:11207-12982|+ -            592 1817at766            -            208   9.8e-25   83.9   4.9   1   1   3.4e-26   3.7e-24   82.0   4.9     1   198   348   571   348   578 0.76 contig_121_7 # 11207 # 12982 # 1 # ID=17_7;partial=00;start_type=ATG;rbs_motif=3Base/5BMM;rbs_spacer=13-15bp;gc_cont=0.317
contig_68:44009-44632|+  -            208 1817at766            -            208   5.9e-21   71.5   0.0   1   1   6.6e-23   7.2e-21   71.2   0.0     4   168     5   184     2   197 0.79 contig_68_33 # 44009 # 44632 # 1 # ID=61_33;partial=00;start_type=ATG;rbs_motif=3Base/5BMM;rbs_spacer=13-15bp;gc_cont=0.361
contig_63:21449-22144|+  -            232 1817at766            -            208   1.8e-20   69.9   4.2   1   1   2.2e-22   2.4e-20   69.5   4.2     2   198    10   217     9   226 0.77 contig_63_18 # 21449 # 22144 # 1 # ID=57_18;partial=00;start_type=TTG;rbs_motif=None;rbs_spacer=None;gc_cont=0.326
contig_54:13766-15511|+  -            582 1817at766            -            208   1.9e-18   63.3   0.4   1   1   1.4e-19   1.5e-17   60.3   0.4    12   196   349   560   345   565 0.78 contig_54_15 # 13766 # 15511 # 1 # ID=50_15;partial=00;start_type=GTG;rbs_motif=GGAG/GAGG;rbs_spacer=5-10bp;gc_cont=0.377
contig_63:8506-11301|+   -            932 1817at766            -            208   3.6e-18   62.4   8.6   1   5   0.00016     0.017   11.2   0.1    14    42    13    41     5    47 0.87 contig_63_7 # 8506 # 11301 # 1 # ID=57_7;partial=00;start_type=ATG;rbs_motif=None;rbs_spacer=None;gc_cont=0.379
contig_63:8506-11301|+   -            932 1817at766            -            208   3.6e-18   62.4   8.6   2   5       3.7   4.1e+02   -3.1   0.1   138   157   122   140   120   153 0.70 contig_63_7 # 8506 # 11301 # 1 # ID=57_7;partial=00;start_type=ATG;rbs_motif=None;rbs_spacer=None;gc_cont=0.379
contig_63:8506-11301|+   -            932 1817at766            -            208   3.6e-18   62.4   8.6   3   5   1.6e-07   1.7e-05   21.0   0.0    97   199   462   576   422   585 0.79 contig_63_7 # 8506 # 11301 # 1 # ID=57_7;partial=00;start_type=ATG;rbs_motif=None;rbs_spacer=None;gc_cont=0.379
contig_63:8506-11301|+   -            932 1817at766            -            208   3.6e-18   62.4   8.6   4   5    0.0019       0.2    7.7   0.1    14    43   612   641   602   654 0.87 contig_63_7 # 8506 # 11301 # 1 # ID=57_7;partial=00;start_type=ATG;rbs_motif=None;rbs_spacer=None;gc_cont=0.379
contig_63:8506-11301|+   -            932 1817at766            -            208   3.6e-18   62.4   8.6   5   5   1.2e-08   1.3e-06   24.6   0.0    84   196   790   914   761   926 0.71 contig_63_7 # 8506 # 11301 # 1 # ID=57_7;partial=00;start_type=ATG;rbs_motif=None;rbs_spacer=None;gc_cont=0.379
contig_89:32889-34292|-  -            468 1817at766            -            208   0.00064   15.9   0.4   1   2   1.3e-05    0.0015   14.7   0.1    20    63   171   214   156   224 0.79 contig_89_31 # 32889 # 34292 # -1 # ID=78_31;partial=00;start_type=TTG;rbs_motif=3Base/5BMM;rbs_spacer=13-15bp;gc_cont=0.390
contig_89:32889-34292|-  -            468 1817at766            -            208   0.00064   15.9   0.4   2   2       5.4   5.9e+02   -3.6   0.0   113   136   337   360   334   383 0.70 contig_89_31 # 32889 # 34292 # -1 # ID=78_31;partial=00;start_type=TTG;rbs_motif=3Base/5BMM;rbs_spacer=13-15bp;gc_cont=0.390
#
# Program:         hmmsearch
# Version:         3.4 (Aug 2023)
# Pipeline mode:   SEARCH
# Query file:      /private/groups/russelllab/jodie/Jacobs_et_al_2026_de_novo_wRi_merrill_23_assembly/busco_downloads/lineages/rickettsiales_odb10/hmms/1817at766.hmm
# Target file:     private/groups/russelllab/jodie/Jacobs_et_al_2026_de_novo_wRi_merrill_23_assembly/busco/20251218_Merrill23_wRi/wRi/assembly/prodigal_output/predicted_genes/predicted.faa
# Option settings: hmmsearch --domtblout private/groups/russelllab/jodie/Jacobs_et_al_2026_de_novo_wRi_merrill_23_assembly/busco/20251218_Merrill23_wRi/wRi/assembly/run_rickettsiales_odb10/hmmer_output/1817at766.out --cpu 1 /private/groups/russelllab/jodie/Jacobs_et_al_2026_de_novo_wRi_merrill_23_assembly/busco_downloads/lineages/rickettsiales_odb10/hmms/1817at766.hmm private/groups/russelllab/jodie/Jacobs_et_al_2026_de_novo_wRi_merrill_23_assembly/busco/20251218_Merrill23_wRi/wRi/assembly/prodigal_output/predicted_genes/predicted.faa 
# Current dir:     /private/groups/russelllab/jodie/Jacobs_et_al_2026_de_novo_wRi_merrill_23_assembly
# Date:            Fri Jan 16 13:07:58 2026
# [ok]
