#                                                                                --- full sequence --- -------------- this domain -------------   hmm coord   ali coord   env coord
# target name            accession   tlen query name           accession   qlen   E-value  score  bias   #  of  c-Evalue  i-Evalue  score  bias  from    to  from    to  from    to  acc description of target
#    ------------------- ---------- ----- -------------------- ---------- ----- --------- ------ ----- --- --- --------- --------- ------ ----- ----- ----- ----- ----- ----- ----- ---- ---------------------
contig_108:23803-24561|+ -            253 1882at766            -            186   2.2e-71  235.7   2.8   1   1   8.8e-71   9.7e-69  227.1   2.8     1   185    15   250    15   251 0.83 contig_108_21 # 23803 # 24561 # 1 # ID=5_21;partial=00;start_type=ATG;rbs_motif=AGGA;rbs_spacer=5-10bp;gc_cont=0.362
contig_120:4367-5008|+   -            214 1882at766            -            186   3.8e-57  189.3   0.5   1   1   1.1e-58   1.2e-56  187.7   0.5     1   181    11   211    11   213 0.80 contig_120_7 # 4367 # 5008 # 1 # ID=16_7;partial=00;start_type=ATG;rbs_motif=GGA/GAG/AGG;rbs_spacer=5-10bp;gc_cont=0.315
contig_63:69667-70368|+  -            234 1882at766            -            186   9.9e-39  129.2   2.7   1   1   1.7e-38   1.8e-36  121.8   2.7     1   184    15   230    15   232 0.75 contig_63_72 # 69667 # 70368 # 1 # ID=57_72;partial=00;start_type=ATG;rbs_motif=None;rbs_spacer=None;gc_cont=0.322
contig_71:9001-9774|-    -            258 1882at766            -            186   6.2e-37  123.4   2.9   1   1   5.9e-38   6.5e-36  120.0   2.9     3   185    14   236    10   237 0.75 contig_71_8 # 9001 # 9774 # -1 # ID=65_8;partial=00;start_type=ATG;rbs_motif=None;rbs_spacer=None;gc_cont=0.335
contig_101:1338-3047|+   -            570 1882at766            -            186   2.9e-31  104.9   0.4   1   2   2.2e-14   2.4e-12   43.2   0.0     4    78   347   432   344   452 0.79 contig_101_2 # 1338 # 3047 # 1 # ID=2_2;partial=00;start_type=ATG;rbs_motif=None;rbs_spacer=None;gc_cont=0.354
contig_101:1338-3047|+   -            570 1882at766            -            186   2.9e-31  104.9   0.4   2   2   7.5e-19   8.2e-17   57.8   0.1    94   167   469   548   456   558 0.83 contig_101_2 # 1338 # 3047 # 1 # ID=2_2;partial=00;start_type=ATG;rbs_motif=None;rbs_spacer=None;gc_cont=0.354
contig_69:62809-64590|-  -            594 1882at766            -            186   8.4e-28   93.6   1.3   1   1   1.3e-27   1.4e-25   86.4   1.3     7   168   360   559   353   574 0.74 contig_69_72 # 62809 # 64590 # -1 # ID=62_72;partial=00;start_type=ATG;rbs_motif=GGA/GAG/AGG;rbs_spacer=5-10bp;gc_cont=0.352
contig_73:31759-32433|+  -            225 1882at766            -            186   4.5e-26   88.0   2.6   1   1   1.5e-26   1.6e-24   82.9   2.6     3   160    19   216    16   223 0.68 contig_73_33 # 31759 # 32433 # 1 # ID=67_33;partial=00;start_type=ATG;rbs_motif=GGA/GAG/AGG;rbs_spacer=5-10bp;gc_cont=0.370
contig_121:11207-12982|+ -            592 1882at766            -            186   5.9e-24   81.0   1.6   1   2   1.3e-10   1.4e-08   30.9   0.2     3    82   360   450   357   463 0.81 contig_121_7 # 11207 # 12982 # 1 # ID=17_7;partial=00;start_type=ATG;rbs_motif=3Base/5BMM;rbs_spacer=13-15bp;gc_cont=0.317
contig_121:11207-12982|+ -            592 1882at766            -            186   5.9e-24   81.0   1.6   2   2   6.1e-16   6.6e-14   48.3   0.1    93   168   482   563   470   575 0.79 contig_121_7 # 11207 # 12982 # 1 # ID=17_7;partial=00;start_type=ATG;rbs_motif=3Base/5BMM;rbs_spacer=13-15bp;gc_cont=0.317
contig_63:21449-22144|+  -            232 1882at766            -            186   3.3e-19   65.6   3.2   1   1   1.1e-20   1.2e-18   63.8   3.2     1   162    18   204    18   224 0.75 contig_63_18 # 21449 # 22144 # 1 # ID=57_18;partial=00;start_type=TTG;rbs_motif=None;rbs_spacer=None;gc_cont=0.326
contig_54:13766-15511|+  -            582 1882at766            -            186   7.6e-15   51.3   0.3   1   2   0.00016     0.017   11.1   0.1     3    36   349   382   346   449 0.79 contig_54_15 # 13766 # 15511 # 1 # ID=50_15;partial=00;start_type=GTG;rbs_motif=GGAG/GAGG;rbs_spacer=5-10bp;gc_cont=0.377
contig_54:13766-15511|+  -            582 1882at766            -            186   7.6e-15   51.3   0.3   2   2   1.1e-12   1.2e-10   37.7   0.0    94   167   473   553   464   566 0.82 contig_54_15 # 13766 # 15511 # 1 # ID=50_15;partial=00;start_type=GTG;rbs_motif=GGAG/GAGG;rbs_spacer=5-10bp;gc_cont=0.377
contig_63:8506-11301|+   -            932 1882at766            -            186   1.9e-14   50.1   0.2   1   4   0.00014     0.015   11.3   0.0     5    33    13    41    10    48 0.91 contig_63_7 # 8506 # 11301 # 1 # ID=57_7;partial=00;start_type=ATG;rbs_motif=None;rbs_spacer=None;gc_cont=0.379
contig_63:8506-11301|+   -            932 1882at766            -            186   1.9e-14   50.1   0.2   2   4   0.00068     0.075    9.0   0.0    93   147   477   541   448   571 0.75 contig_63_7 # 8506 # 11301 # 1 # ID=57_7;partial=00;start_type=ATG;rbs_motif=None;rbs_spacer=None;gc_cont=0.379
contig_63:8506-11301|+   -            932 1882at766            -            186   1.9e-14   50.1   0.2   3   4    0.0041      0.45    6.4   0.0     5    37   612   642   609   662 0.81 contig_63_7 # 8506 # 11301 # 1 # ID=57_7;partial=00;start_type=ATG;rbs_motif=None;rbs_spacer=None;gc_cont=0.379
contig_63:8506-11301|+   -            932 1882at766            -            186   1.9e-14   50.1   0.2   4   4   1.5e-06   0.00016   17.7   0.0    93   158   817   892   800   927 0.77 contig_63_7 # 8506 # 11301 # 1 # ID=57_7;partial=00;start_type=ATG;rbs_motif=None;rbs_spacer=None;gc_cont=0.379
contig_68:44009-44632|+  -            208 1882at766            -            186   7.8e-13   44.8   0.0   1   1   1.3e-14   1.4e-12   43.9   0.0     3   139    13   171    11   193 0.74 contig_68_33 # 44009 # 44632 # 1 # ID=61_33;partial=00;start_type=ATG;rbs_motif=3Base/5BMM;rbs_spacer=13-15bp;gc_cont=0.361
contig_69:59050-60327|+  -            426 1882at766            -            186    0.0032   13.4   0.0   1   1   7.2e-05    0.0079   12.2   0.0     9    45   110   143   101   188 0.79 contig_69_70 # 59050 # 60327 # 1 # ID=62_70;partial=00;start_type=ATG;rbs_motif=GGA/GAG/AGG;rbs_spacer=5-10bp;gc_cont=0.367
#
# Program:         hmmsearch
# Version:         3.4 (Aug 2023)
# Pipeline mode:   SEARCH
# Query file:      /private/groups/russelllab/jodie/Jacobs_et_al_2026_de_novo_wRi_merrill_23_assembly/busco_downloads/lineages/rickettsiales_odb10/hmms/1882at766.hmm
# Target file:     private/groups/russelllab/jodie/Jacobs_et_al_2026_de_novo_wRi_merrill_23_assembly/busco/20251218_Merrill23_wRi/wRi/assembly/prodigal_output/predicted_genes/predicted.faa
# Option settings: hmmsearch --domtblout private/groups/russelllab/jodie/Jacobs_et_al_2026_de_novo_wRi_merrill_23_assembly/busco/20251218_Merrill23_wRi/wRi/assembly/run_rickettsiales_odb10/hmmer_output/1882at766.out --cpu 1 /private/groups/russelllab/jodie/Jacobs_et_al_2026_de_novo_wRi_merrill_23_assembly/busco_downloads/lineages/rickettsiales_odb10/hmms/1882at766.hmm private/groups/russelllab/jodie/Jacobs_et_al_2026_de_novo_wRi_merrill_23_assembly/busco/20251218_Merrill23_wRi/wRi/assembly/prodigal_output/predicted_genes/predicted.faa 
# Current dir:     /private/groups/russelllab/jodie/Jacobs_et_al_2026_de_novo_wRi_merrill_23_assembly
# Date:            Fri Jan 16 13:07:58 2026
# [ok]
