#                                                                               --- full sequence --- -------------- this domain -------------   hmm coord   ali coord   env coord
# target name           accession   tlen query name           accession   qlen   E-value  score  bias   #  of  c-Evalue  i-Evalue  score  bias  from    to  from    to  from    to  acc description of target
#   ------------------- ---------- ----- -------------------- ---------- ----- --------- ------ ----- --- --- --------- --------- ------ ----- ----- ----- ----- ----- ----- ----- ---- ---------------------
contig_72:15698-17719|+ -            674 197at766             -            571  2.8e-231  765.1   5.6   1   1  8.3e-232  2.4e-229  758.7   5.6     7   560    20   646    16   662 0.87 contig_72_19 # 15698 # 17719 # 1 # ID=66_19;partial=00;start_type=ATG;rbs_motif=None;rbs_spacer=None;gc_cont=0.361
contig_70:39509-40735|+ -            409 197at766             -            571   3.9e-14   48.2   1.8   1   1   7.7e-16   2.2e-13   45.7   1.8   211   495    48   341    28   361 0.68 contig_70_39 # 39509 # 40735 # 1 # ID=64_39;partial=00;start_type=GTG;rbs_motif=AGGA;rbs_spacer=5-10bp;gc_cont=0.391
contig_70:6831-9173|+   -            781 197at766             -            571   1.5e-13   46.3   8.2   1   3   4.5e-06    0.0013   13.5   0.0   174   231   119   177    96   204 0.78 contig_70_9 # 6831 # 9173 # 1 # ID=64_9;partial=00;start_type=ATG;rbs_motif=None;rbs_spacer=None;gc_cont=0.354
contig_70:6831-9173|+   -            781 197at766             -            571   1.5e-13   46.3   8.2   2   3   1.8e-10   5.1e-08   28.0   0.5   229   392   284   459   278   462 0.72 contig_70_9 # 6831 # 9173 # 1 # ID=64_9;partial=00;start_type=ATG;rbs_motif=None;rbs_spacer=None;gc_cont=0.354
contig_70:6831-9173|+   -            781 197at766             -            571   1.5e-13   46.3   8.2   3   3   0.00027     0.077    7.6   0.5   421   518   545   653   531   660 0.71 contig_70_9 # 6831 # 9173 # 1 # ID=64_9;partial=00;start_type=ATG;rbs_motif=None;rbs_spacer=None;gc_cont=0.354
contig_72:33976-35889|- -            638 197at766             -            571   9.5e-09   30.4   0.6   1   2   1.2e-06   0.00033   15.4   0.0   186   260    12    85     3    90 0.78 contig_72_40 # 33976 # 35889 # -1 # ID=66_40;partial=00;start_type=ATG;rbs_motif=None;rbs_spacer=None;gc_cont=0.382
contig_72:33976-35889|- -            638 197at766             -            571   9.5e-09   30.4   0.6   2   2   4.9e-06    0.0014   13.3   0.2   242   475   452   526   381   605 0.65 contig_72_40 # 33976 # 35889 # -1 # ID=66_40;partial=00;start_type=ATG;rbs_motif=None;rbs_spacer=None;gc_cont=0.382
contig_121:192-3719|-   -           1176 197at766             -            571   4.5e-05   18.3   0.1   1   2   2.7e-05    0.0077   10.9   0.0   153   245   680   775   625   790 0.76 contig_121_1 # 192 # 3719 # -1 # ID=17_1;partial=00;start_type=ATG;rbs_motif=None;rbs_spacer=None;gc_cont=0.342
contig_121:192-3719|-   -           1176 197at766             -            571   4.5e-05   18.3   0.1   2   2    0.0022      0.63    4.6   0.0   413   444  1036  1067  1024  1093 0.83 contig_121_1 # 192 # 3719 # -1 # ID=17_1;partial=00;start_type=ATG;rbs_motif=None;rbs_spacer=None;gc_cont=0.342
#
# Program:         hmmsearch
# Version:         3.4 (Aug 2023)
# Pipeline mode:   SEARCH
# Query file:      /private/groups/russelllab/jodie/Jacobs_et_al_2026_de_novo_wRi_merrill_23_assembly/busco_downloads/lineages/rickettsiales_odb10/hmms/197at766.hmm
# Target file:     private/groups/russelllab/jodie/Jacobs_et_al_2026_de_novo_wRi_merrill_23_assembly/busco/20251218_Merrill23_wRi/wRi/assembly/prodigal_output/predicted_genes/predicted.faa
# Option settings: hmmsearch --domtblout private/groups/russelllab/jodie/Jacobs_et_al_2026_de_novo_wRi_merrill_23_assembly/busco/20251218_Merrill23_wRi/wRi/assembly/run_rickettsiales_odb10/hmmer_output/197at766.out --cpu 1 /private/groups/russelllab/jodie/Jacobs_et_al_2026_de_novo_wRi_merrill_23_assembly/busco_downloads/lineages/rickettsiales_odb10/hmms/197at766.hmm private/groups/russelllab/jodie/Jacobs_et_al_2026_de_novo_wRi_merrill_23_assembly/busco/20251218_Merrill23_wRi/wRi/assembly/prodigal_output/predicted_genes/predicted.faa 
# Current dir:     /private/groups/russelllab/jodie/Jacobs_et_al_2026_de_novo_wRi_merrill_23_assembly
# Date:            Fri Jan 16 13:07:58 2026
# [ok]
