#                                                                               --- full sequence --- -------------- this domain -------------   hmm coord   ali coord   env coord
# target name           accession   tlen query name           accession   qlen   E-value  score  bias   #  of  c-Evalue  i-Evalue  score  bias  from    to  from    to  from    to  acc description of target
#   ------------------- ---------- ----- -------------------- ---------- ----- --------- ------ ----- --- --- --------- --------- ------ ----- ----- ----- ----- ----- ----- ----- ---- ---------------------
contig_89:10693-11577|- -            295 2000at766            -            235   6.2e-92  303.6  13.8   1   1   5.8e-92   1.4e-89  295.9  13.8     1   235     9   283     9   283 0.86 contig_89_10 # 10693 # 11577 # -1 # ID=78_10;partial=00;start_type=GTG;rbs_motif=None;rbs_spacer=None;gc_cont=0.350
contig_82:40257-41582|- -            442 2000at766            -            235   1.7e-25   86.1   0.4   1   2     3e-15   7.1e-13   44.8   0.0     1    92     4    97     4   133 0.83 contig_82_46 # 40257 # 41582 # -1 # ID=75_46;partial=00;start_type=ATG;rbs_motif=None;rbs_spacer=None;gc_cont=0.373
contig_82:40257-41582|- -            442 2000at766            -            235   1.7e-25   86.1   0.4   2   2   2.3e-13   5.4e-11   38.6   0.1     1    86   178   269   178   320 0.88 contig_82_46 # 40257 # 41582 # -1 # ID=75_46;partial=00;start_type=ATG;rbs_motif=None;rbs_spacer=None;gc_cont=0.373
contig_63:62980-64308|+ -            443 2000at766            -            235     1e-11   41.0   0.1   1   1   2.7e-13   6.4e-11   38.4   0.1     2   140   221   378   220   397 0.72 contig_63_66 # 62980 # 64308 # 1 # ID=57_66;partial=00;start_type=ATG;rbs_motif=AGxAG;rbs_spacer=11-12bp;gc_cont=0.359
contig_64:2984-3577|-   -            198 2000at766            -            235   3.7e-09   32.7   0.2   1   1   3.3e-11   7.7e-09   31.6   0.2     2   135    30   171    29   194 0.64 contig_64_4 # 2984 # 3577 # -1 # ID=58_4;partial=00;start_type=ATG;rbs_motif=None;rbs_spacer=None;gc_cont=0.318
contig_85:5714-6736|+   -            341 2000at766            -            235   4.2e-07   25.9   0.1   1   2   9.5e-09   2.2e-06   23.5   0.1     1    86   162   248   162   305 0.85 contig_85_5 # 5714 # 6736 # 1 # ID=77_5;partial=00;start_type=ATG;rbs_motif=None;rbs_spacer=None;gc_cont=0.362
contig_85:5714-6736|+   -            341 2000at766            -            235   4.2e-07   25.9   0.1   2   2       1.2   2.7e+02   -2.9   0.0   145   182   296   333   291   335 0.79 contig_85_5 # 5714 # 6736 # 1 # ID=77_5;partial=00;start_type=ATG;rbs_motif=None;rbs_spacer=None;gc_cont=0.362
contig_68:5573-6667|+   -            365 2000at766            -            235   0.00083   15.1   2.0   1   1     1e-05    0.0024   13.6   2.0     2   213     6   226     5   246 0.63 contig_68_5 # 5573 # 6667 # 1 # ID=61_5;partial=00;start_type=ATG;rbs_motif=None;rbs_spacer=None;gc_cont=0.380
#
# Program:         hmmsearch
# Version:         3.4 (Aug 2023)
# Pipeline mode:   SEARCH
# Query file:      /private/groups/russelllab/jodie/Jacobs_et_al_2026_de_novo_wRi_merrill_23_assembly/busco_downloads/lineages/rickettsiales_odb10/hmms/2000at766.hmm
# Target file:     private/groups/russelllab/jodie/Jacobs_et_al_2026_de_novo_wRi_merrill_23_assembly/busco/20251218_Merrill23_wRi/wRi/assembly/prodigal_output/predicted_genes/predicted.faa
# Option settings: hmmsearch --domtblout private/groups/russelllab/jodie/Jacobs_et_al_2026_de_novo_wRi_merrill_23_assembly/busco/20251218_Merrill23_wRi/wRi/assembly/run_rickettsiales_odb10/hmmer_output/2000at766.out --cpu 1 /private/groups/russelllab/jodie/Jacobs_et_al_2026_de_novo_wRi_merrill_23_assembly/busco_downloads/lineages/rickettsiales_odb10/hmms/2000at766.hmm private/groups/russelllab/jodie/Jacobs_et_al_2026_de_novo_wRi_merrill_23_assembly/busco/20251218_Merrill23_wRi/wRi/assembly/prodigal_output/predicted_genes/predicted.faa 
# Current dir:     /private/groups/russelllab/jodie/Jacobs_et_al_2026_de_novo_wRi_merrill_23_assembly
# Date:            Fri Jan 16 13:07:59 2026
# [ok]
