#                                                                               --- full sequence --- -------------- this domain -------------   hmm coord   ali coord   env coord
# target name           accession   tlen query name           accession   qlen   E-value  score  bias   #  of  c-Evalue  i-Evalue  score  bias  from    to  from    to  from    to  acc description of target
#   ------------------- ---------- ----- -------------------- ---------- ----- --------- ------ ----- --- --- --------- --------- ------ ----- ----- ----- ----- ----- ----- ----- ---- ---------------------
contig_63:50917-52281|+ -            455 2208at766            -            338  7.3e-111  367.0  58.5   1   2    0.0011      0.22    7.1   3.8     1    33     3    36     3    53 0.70 contig_63_52 # 50917 # 52281 # 1 # ID=57_52;partial=00;start_type=ATG;rbs_motif=None;rbs_spacer=None;gc_cont=0.346
contig_63:50917-52281|+ -            455 2208at766            -            338  7.3e-111  367.0  58.5   2   2  9.3e-112  1.9e-109  362.4  48.7     7   326    54   424    45   436 0.87 contig_63_52 # 50917 # 52281 # 1 # ID=57_52;partial=00;start_type=ATG;rbs_motif=None;rbs_spacer=None;gc_cont=0.346
contig_82:33783-35249|- -            489 2208at766            -            338   1.5e-34  116.1  44.9   1   2       1.4   2.9e+02   -3.2   2.6    29    60    11    44     3    57 0.39 contig_82_38 # 33783 # 35249 # -1 # ID=75_38;partial=00;start_type=ATG;rbs_motif=None;rbs_spacer=None;gc_cont=0.344
contig_82:33783-35249|- -            489 2208at766            -            338   1.5e-34  116.1  44.9   2   2   7.6e-37   1.5e-34  116.1  44.9    13   323    76   439    68   448 0.77 contig_82_38 # 33783 # 35249 # -1 # ID=75_38;partial=00;start_type=ATG;rbs_motif=None;rbs_spacer=None;gc_cont=0.344
contig_78:2-1003|+      -            334 2208at766            -            338   2.2e-29   99.2  33.5   1   1   6.5e-30   1.3e-27   93.3  33.5    92   323     4   284     1   296 0.79 contig_78_1 # 2 # 1003 # 1 # ID=71_1;partial=10;start_type=Edge;rbs_motif=None;rbs_spacer=None;gc_cont=0.354
contig_63:47618-49474|+ -            619 2208at766            -            338   1.6e-24   83.1  38.9   1   2      0.58   1.2e+02   -1.9   2.5    34   112    19    99     3   111 0.73 contig_63_50 # 47618 # 49474 # 1 # ID=57_50;partial=00;start_type=ATG;rbs_motif=None;rbs_spacer=None;gc_cont=0.349
contig_63:47618-49474|+ -            619 2208at766            -            338   1.6e-24   83.1  38.9   2   2   1.3e-24   2.6e-22   75.9  35.3    16   324    81   441    66   455 0.72 contig_63_50 # 47618 # 49474 # 1 # ID=57_50;partial=00;start_type=ATG;rbs_motif=None;rbs_spacer=None;gc_cont=0.349
contig_72:8380-9888|+   -            503 2208at766            -            338   7.6e-18   61.2  43.4   1   2   4.1e-05    0.0083   11.8  20.5    12   180    98   281    88   293 0.64 contig_72_11 # 8380 # 9888 # 1 # ID=66_11;partial=00;start_type=ATG;rbs_motif=None;rbs_spacer=None;gc_cont=0.342
contig_72:8380-9888|+   -            503 2208at766            -            338   7.6e-18   61.2  43.4   2   2   3.2e-18   6.4e-16   54.9  14.9   185   322   306   466   302   482 0.80 contig_72_11 # 8380 # 9888 # 1 # ID=66_11;partial=00;start_type=ATG;rbs_motif=None;rbs_spacer=None;gc_cont=0.342
contig_63:49478-50920|+ -            481 2208at766            -            338   6.1e-09   32.0  48.3   1   3       5.7   1.2e+03   -5.1   2.2    15    33    15    33     3    49 0.37 contig_63_51 # 49478 # 50920 # 1 # ID=57_51;partial=00;start_type=GTG;rbs_motif=None;rbs_spacer=None;gc_cont=0.351
contig_63:49478-50920|+ -            481 2208at766            -            338   6.1e-09   32.0  48.3   2   3     3e-11   6.1e-09   32.0  48.3    13   319    75   424    70   449 0.69 contig_63_51 # 49478 # 50920 # 1 # ID=57_51;partial=00;start_type=GTG;rbs_motif=None;rbs_spacer=None;gc_cont=0.351
contig_63:49478-50920|+ -            481 2208at766            -            338   6.1e-09   32.0  48.3   3   3      0.12        25    0.4   0.7    37    55   437   455   421   467 0.80 contig_63_51 # 49478 # 50920 # 1 # ID=57_51;partial=00;start_type=GTG;rbs_motif=None;rbs_spacer=None;gc_cont=0.351
contig_81:51857-53416|+ -            520 2208at766            -            338   1.9e-08   30.3  37.9   1   2   9.4e-11   1.9e-08   30.3  37.9    13   302    32   334    17   356 0.69 contig_81_54 # 51857 # 53416 # 1 # ID=74_54;partial=00;start_type=GTG;rbs_motif=None;rbs_spacer=None;gc_cont=0.332
contig_81:51857-53416|+ -            520 2208at766            -            338   1.9e-08   30.3  37.9   2   2       0.6   1.2e+02   -1.9   2.5   232   305   343   416   331   445 0.63 contig_81_54 # 51857 # 53416 # 1 # ID=74_54;partial=00;start_type=GTG;rbs_motif=None;rbs_spacer=None;gc_cont=0.332
#
# Program:         hmmsearch
# Version:         3.4 (Aug 2023)
# Pipeline mode:   SEARCH
# Query file:      /private/groups/russelllab/jodie/Jacobs_et_al_2026_de_novo_wRi_merrill_23_assembly/busco_downloads/lineages/rickettsiales_odb10/hmms/2208at766.hmm
# Target file:     private/groups/russelllab/jodie/Jacobs_et_al_2026_de_novo_wRi_merrill_23_assembly/busco/20251218_Merrill23_wRi/wRi/assembly/prodigal_output/predicted_genes/predicted.faa
# Option settings: hmmsearch --domtblout private/groups/russelllab/jodie/Jacobs_et_al_2026_de_novo_wRi_merrill_23_assembly/busco/20251218_Merrill23_wRi/wRi/assembly/run_rickettsiales_odb10/hmmer_output/2208at766.out --cpu 1 /private/groups/russelllab/jodie/Jacobs_et_al_2026_de_novo_wRi_merrill_23_assembly/busco_downloads/lineages/rickettsiales_odb10/hmms/2208at766.hmm private/groups/russelllab/jodie/Jacobs_et_al_2026_de_novo_wRi_merrill_23_assembly/busco/20251218_Merrill23_wRi/wRi/assembly/prodigal_output/predicted_genes/predicted.faa 
# Current dir:     /private/groups/russelllab/jodie/Jacobs_et_al_2026_de_novo_wRi_merrill_23_assembly
# Date:            Fri Jan 16 13:07:59 2026
# [ok]
