#                                                                               --- full sequence --- -------------- this domain -------------   hmm coord   ali coord   env coord
# target name           accession   tlen query name           accession   qlen   E-value  score  bias   #  of  c-Evalue  i-Evalue  score  bias  from    to  from    to  from    to  acc description of target
#   ------------------- ---------- ----- -------------------- ---------- ----- --------- ------ ----- --- --- --------- --------- ------ ----- ----- ----- ----- ----- ----- ----- ---- ---------------------
contig_78:31518-32615|+ -            366 2456at766            -            272   1.3e-89  296.2   9.7   1   2   1.6e-25   3.2e-23   78.5   0.2     1    60     6    68     6    75 0.91 contig_78_35 # 31518 # 32615 # 1 # ID=71_35;partial=00;start_type=ATG;rbs_motif=None;rbs_spacer=None;gc_cont=0.334
contig_78:31518-32615|+ -            366 2456at766            -            272   1.3e-89  296.2   9.7   2   2   6.6e-69   1.3e-66  220.8   4.5    70   272   106   340    83   340 0.85 contig_78_35 # 31518 # 32615 # 1 # ID=71_35;partial=00;start_type=ATG;rbs_motif=None;rbs_spacer=None;gc_cont=0.334
contig_82:2171-3268|-   -            366 2456at766            -            272   1.3e-89  296.2   9.7   1   2   1.6e-25   3.2e-23   78.5   0.2     1    60     6    68     6    75 0.91 contig_82_5 # 2171 # 3268 # -1 # ID=75_5;partial=00;start_type=ATG;rbs_motif=None;rbs_spacer=None;gc_cont=0.333
contig_82:2171-3268|-   -            366 2456at766            -            272   1.3e-89  296.2   9.7   2   2   6.6e-69   1.3e-66  220.8   4.5    70   272   106   340    83   340 0.85 contig_82_5 # 2171 # 3268 # -1 # ID=75_5;partial=00;start_type=ATG;rbs_motif=None;rbs_spacer=None;gc_cont=0.333
contig_68:44009-44632|+ -            208 2456at766            -            272   6.2e-07   25.1   0.1   1   2   5.7e-08   1.2e-05   20.9   0.0    11    44    18    52    13    87 0.83 contig_68_33 # 44009 # 44632 # 1 # ID=61_33;partial=00;start_type=ATG;rbs_motif=3Base/5BMM;rbs_spacer=13-15bp;gc_cont=0.361
contig_68:44009-44632|+ -            208 2456at766            -            272   6.2e-07   25.1   0.1   2   2     0.029         6    2.2   0.0   220   255   127   162   115   174 0.80 contig_68_33 # 44009 # 44632 # 1 # ID=61_33;partial=00;start_type=ATG;rbs_motif=3Base/5BMM;rbs_spacer=13-15bp;gc_cont=0.361
contig_71:9001-9774|-   -            258 2456at766            -            272   4.4e-05   19.0   0.4   1   2     0.013       2.7    3.3   0.3    22    41    31    50    14   113 0.82 contig_71_8 # 9001 # 9774 # -1 # ID=65_8;partial=00;start_type=ATG;rbs_motif=None;rbs_spacer=None;gc_cont=0.335
contig_71:9001-9774|-   -            258 2456at766            -            272   4.4e-05   19.0   0.4   2   2   8.1e-06    0.0017   13.9   0.0   214   252   128   166    94   178 0.88 contig_71_8 # 9001 # 9774 # -1 # ID=65_8;partial=00;start_type=ATG;rbs_motif=None;rbs_spacer=None;gc_cont=0.335
contig_73:31759-32433|+ -            225 2456at766            -            272   0.00012   17.6   0.3   1   2   4.4e-05    0.0089   11.5   0.2    20    50    34    65    26   100 0.72 contig_73_33 # 31759 # 32433 # 1 # ID=67_33;partial=00;start_type=ATG;rbs_motif=GGA/GAG/AGG;rbs_spacer=5-10bp;gc_cont=0.370
contig_73:31759-32433|+ -            225 2456at766            -            272   0.00012   17.6   0.3   2   2    0.0049         1    4.7   0.0   176   255    98   178    66   187 0.75 contig_73_33 # 31759 # 32433 # 1 # ID=67_33;partial=00;start_type=ATG;rbs_motif=GGA/GAG/AGG;rbs_spacer=5-10bp;gc_cont=0.370
contig_63:21449-22144|+ -            232 2456at766            -            272    0.0002   16.9   3.6   1   2   5.5e-05     0.011   11.1   0.3    21    45    36    60    23    73 0.83 contig_63_18 # 21449 # 22144 # 1 # ID=57_18;partial=00;start_type=TTG;rbs_motif=None;rbs_spacer=None;gc_cont=0.326
contig_63:21449-22144|+ -            232 2456at766            -            272    0.0002   16.9   3.6   2   2    0.0011      0.23    6.8   0.2   215   258   124   166    90   180 0.84 contig_63_18 # 21449 # 22144 # 1 # ID=57_18;partial=00;start_type=TTG;rbs_motif=None;rbs_spacer=None;gc_cont=0.326
contig_120:4367-5008|+  -            214 2456at766            -            272    0.0023   13.4   0.1   1   2    0.0053       1.1    4.6   0.1    14    42    20    49    11    59 0.84 contig_120_7 # 4367 # 5008 # 1 # ID=16_7;partial=00;start_type=ATG;rbs_motif=GGA/GAG/AGG;rbs_spacer=5-10bp;gc_cont=0.315
contig_120:4367-5008|+  -            214 2456at766            -            272    0.0023   13.4   0.1   2   2    0.0013      0.26    6.7   0.0   210   261   105   156    61   161 0.80 contig_120_7 # 4367 # 5008 # 1 # ID=16_7;partial=00;start_type=ATG;rbs_motif=GGA/GAG/AGG;rbs_spacer=5-10bp;gc_cont=0.315
#
# Program:         hmmsearch
# Version:         3.4 (Aug 2023)
# Pipeline mode:   SEARCH
# Query file:      /private/groups/russelllab/jodie/Jacobs_et_al_2026_de_novo_wRi_merrill_23_assembly/busco_downloads/lineages/rickettsiales_odb10/hmms/2456at766.hmm
# Target file:     private/groups/russelllab/jodie/Jacobs_et_al_2026_de_novo_wRi_merrill_23_assembly/busco/20251218_Merrill23_wRi/wRi/assembly/prodigal_output/predicted_genes/predicted.faa
# Option settings: hmmsearch --domtblout private/groups/russelllab/jodie/Jacobs_et_al_2026_de_novo_wRi_merrill_23_assembly/busco/20251218_Merrill23_wRi/wRi/assembly/run_rickettsiales_odb10/hmmer_output/2456at766.out --cpu 1 /private/groups/russelllab/jodie/Jacobs_et_al_2026_de_novo_wRi_merrill_23_assembly/busco_downloads/lineages/rickettsiales_odb10/hmms/2456at766.hmm private/groups/russelllab/jodie/Jacobs_et_al_2026_de_novo_wRi_merrill_23_assembly/busco/20251218_Merrill23_wRi/wRi/assembly/prodigal_output/predicted_genes/predicted.faa 
# Current dir:     /private/groups/russelllab/jodie/Jacobs_et_al_2026_de_novo_wRi_merrill_23_assembly
# Date:            Fri Jan 16 13:07:59 2026
# [ok]
