#                                                                               --- full sequence --- -------------- this domain -------------   hmm coord   ali coord   env coord
# target name           accession   tlen query name           accession   qlen   E-value  score  bias   #  of  c-Evalue  i-Evalue  score  bias  from    to  from    to  from    to  acc description of target
#   ------------------- ---------- ----- -------------------- ---------- ----- --------- ------ ----- --- --- --------- --------- ------ ----- ----- ----- ----- ----- ----- ----- ---- ---------------------
contig_68:39320-40243|+ -            308 2551at766            -            221   2.3e-77  255.9  11.1   1   3   6.2e-18   1.8e-15   53.5   0.2     1    55    16    71    16    79 0.94 contig_68_29 # 39320 # 40243 # 1 # ID=61_29;partial=00;start_type=ATG;rbs_motif=None;rbs_spacer=None;gc_cont=0.347
contig_68:39320-40243|+ -            308 2551at766            -            221   2.3e-77  255.9  11.1   2   3   5.2e-43   1.5e-40  135.5   0.2    48   153    81   189    73   202 0.89 contig_68_29 # 39320 # 40243 # 1 # ID=61_29;partial=00;start_type=ATG;rbs_motif=None;rbs_spacer=None;gc_cont=0.347
contig_68:39320-40243|+ -            308 2551at766            -            221   2.3e-77  255.9  11.1   3   3   1.3e-23   3.7e-21   72.1   2.2   142   221   205   301   189   301 0.79 contig_68_29 # 39320 # 40243 # 1 # ID=61_29;partial=00;start_type=ATG;rbs_motif=None;rbs_spacer=None;gc_cont=0.347
contig_81:29936-30766|- -            277 2551at766            -            221   1.2e-37  126.0   2.8   1   2     1e-24   2.8e-22   75.7   0.1    53   171    40   167    26   168 0.81 contig_81_32 # 29936 # 30766 # -1 # ID=74_32;partial=00;start_type=GTG;rbs_motif=None;rbs_spacer=None;gc_cont=0.356
contig_81:29936-30766|- -            277 2551at766            -            221   1.2e-37  126.0   2.8   2   2   1.7e-17   4.9e-15   52.1   0.8   143   197   165   219   158   233 0.90 contig_81_32 # 29936 # 30766 # -1 # ID=74_32;partial=00;start_type=GTG;rbs_motif=None;rbs_spacer=None;gc_cont=0.356
contig_84:24861-25691|- -            277 2551at766            -            221   1.2e-37  126.0   2.8   1   2     1e-24   2.8e-22   75.7   0.1    53   171    40   167    26   168 0.81 contig_84_27 # 24861 # 25691 # -1 # ID=76_27;partial=00;start_type=GTG;rbs_motif=None;rbs_spacer=None;gc_cont=0.356
contig_84:24861-25691|- -            277 2551at766            -            221   1.2e-37  126.0   2.8   2   2   1.7e-17   4.9e-15   52.1   0.8   143   197   165   219   158   233 0.90 contig_84_27 # 24861 # 25691 # -1 # ID=76_27;partial=00;start_type=GTG;rbs_motif=None;rbs_spacer=None;gc_cont=0.356
contig_66:24905-25573|+ -            223 2551at766            -            221    0.0032   13.4   0.1   1   2   0.00028     0.079    8.9   0.0     4    48    27    71    25    78 0.94 contig_66_26 # 24905 # 25573 # 1 # ID=59_26;partial=00;start_type=ATG;rbs_motif=GGA/GAG/AGG;rbs_spacer=5-10bp;gc_cont=0.308
contig_66:24905-25573|+ -            223 2551at766            -            221    0.0032   13.4   0.1   2   2     0.023       6.6    2.6   0.0   107   193    95   180    84   195 0.76 contig_66_26 # 24905 # 25573 # 1 # ID=59_26;partial=00;start_type=ATG;rbs_motif=GGA/GAG/AGG;rbs_spacer=5-10bp;gc_cont=0.308
contig_67:6429-7097|-   -            223 2551at766            -            221    0.0032   13.4   0.1   1   2   0.00028     0.079    8.9   0.0     4    48    27    71    25    78 0.94 contig_67_5 # 6429 # 7097 # -1 # ID=60_5;partial=00;start_type=ATG;rbs_motif=GGA/GAG/AGG;rbs_spacer=5-10bp;gc_cont=0.309
contig_67:6429-7097|-   -            223 2551at766            -            221    0.0032   13.4   0.1   2   2     0.023       6.6    2.6   0.0   107   193    95   180    84   195 0.76 contig_67_5 # 6429 # 7097 # -1 # ID=60_5;partial=00;start_type=ATG;rbs_motif=GGA/GAG/AGG;rbs_spacer=5-10bp;gc_cont=0.309
#
# Program:         hmmsearch
# Version:         3.4 (Aug 2023)
# Pipeline mode:   SEARCH
# Query file:      /private/groups/russelllab/jodie/Jacobs_et_al_2026_de_novo_wRi_merrill_23_assembly/busco_downloads/lineages/rickettsiales_odb10/hmms/2551at766.hmm
# Target file:     private/groups/russelllab/jodie/Jacobs_et_al_2026_de_novo_wRi_merrill_23_assembly/busco/20251218_Merrill23_wRi/wRi/assembly/prodigal_output/predicted_genes/predicted.faa
# Option settings: hmmsearch --domtblout private/groups/russelllab/jodie/Jacobs_et_al_2026_de_novo_wRi_merrill_23_assembly/busco/20251218_Merrill23_wRi/wRi/assembly/run_rickettsiales_odb10/hmmer_output/2551at766.out --cpu 1 /private/groups/russelllab/jodie/Jacobs_et_al_2026_de_novo_wRi_merrill_23_assembly/busco_downloads/lineages/rickettsiales_odb10/hmms/2551at766.hmm private/groups/russelllab/jodie/Jacobs_et_al_2026_de_novo_wRi_merrill_23_assembly/busco/20251218_Merrill23_wRi/wRi/assembly/prodigal_output/predicted_genes/predicted.faa 
# Current dir:     /private/groups/russelllab/jodie/Jacobs_et_al_2026_de_novo_wRi_merrill_23_assembly
# Date:            Fri Jan 16 13:07:59 2026
# [ok]
