#                                                                                --- full sequence --- -------------- this domain -------------   hmm coord   ali coord   env coord
# target name            accession   tlen query name           accession   qlen   E-value  score  bias   #  of  c-Evalue  i-Evalue  score  bias  from    to  from    to  from    to  acc description of target
#    ------------------- ---------- ----- -------------------- ---------- ----- --------- ------ ----- --- --- --------- --------- ------ ----- ----- ----- ----- ----- ----- ----- ---- ---------------------
contig_52:3730-5526|+    -            599 255at766             -            536  2.4e-296  979.8   1.1   1   1  1.3e-298  2.7e-296  979.6   1.1     1   536     4   598     4   598 0.94 contig_52_5 # 3730 # 5526 # 1 # ID=48_5;partial=00;start_type=ATG;rbs_motif=None;rbs_spacer=None;gc_cont=0.378
contig_78:89075-91150|+  -            692 255at766             -            536   1.1e-35  119.5   1.0   1   4   8.4e-23   1.7e-20   69.4   0.0     2   146     9   152     8   179 0.84 contig_78_87 # 89075 # 91150 # 1 # ID=71_87;partial=00;start_type=ATG;rbs_motif=None;rbs_spacer=None;gc_cont=0.368
contig_78:89075-91150|+  -            692 255at766             -            536   1.1e-35  119.5   1.0   2   4      0.44        89   -2.3   0.0   158   182   259   283   255   289 0.84 contig_78_87 # 89075 # 91150 # 1 # ID=71_87;partial=00;start_type=ATG;rbs_motif=None;rbs_spacer=None;gc_cont=0.368
contig_78:89075-91150|+  -            692 255at766             -            536   1.1e-35  119.5   1.0   3   4   2.1e-11   4.3e-09   31.8   0.0   184   352   312   491   298   498 0.70 contig_78_87 # 89075 # 91150 # 1 # ID=71_87;partial=00;start_type=ATG;rbs_motif=None;rbs_spacer=None;gc_cont=0.368
contig_78:89075-91150|+  -            692 255at766             -            536   1.1e-35  119.5   1.0   4   4   3.1e-06   0.00063   14.7   0.0   354   421   597   672   588   683 0.75 contig_78_87 # 89075 # 91150 # 1 # ID=71_87;partial=00;start_type=ATG;rbs_motif=None;rbs_spacer=None;gc_cont=0.368
contig_119:18618-20447|- -            610 255at766             -            536   1.4e-32  109.3   0.1   1   2   2.9e-34     6e-32  107.2   0.0     1   152     7   156     7   177 0.93 contig_119_18 # 18618 # 20447 # -1 # ID=14_18;partial=00;start_type=ATG;rbs_motif=None;rbs_spacer=None;gc_cont=0.402
contig_119:18618-20447|- -            610 255at766             -            536   1.4e-32  109.3   0.1   2   2      0.16        32   -0.8   0.0   305   384   356   427   338   432 0.73 contig_119_18 # 18618 # 20447 # -1 # ID=14_18;partial=00;start_type=ATG;rbs_motif=None;rbs_spacer=None;gc_cont=0.402
contig_69:15748-16920|+  -            391 255at766             -            536   3.8e-12   41.9   0.8   1   1   2.8e-14   5.7e-12   41.3   0.8     3   147    14   152    13   253 0.87 contig_69_15 # 15748 # 16920 # 1 # ID=62_15;partial=00;start_type=ATG;rbs_motif=None;rbs_spacer=None;gc_cont=0.423
contig_78:91162-92334|+  -            391 255at766             -            536     5e-12   41.5   0.8   1   1   3.5e-14   7.1e-12   41.0   0.8     3   147    14   152    13   251 0.88 contig_78_88 # 91162 # 92334 # 1 # ID=71_88;partial=00;start_type=ATG;rbs_motif=GGA/GAG/AGG;rbs_spacer=5-10bp;gc_cont=0.431
contig_78:65876-68200|-  -            775 255at766             -            536   2.4e-06   22.7   5.4   1   2   1.2e-08   2.4e-06   22.7   5.4    49   216   310   488   280   502 0.68 contig_78_70 # 65876 # 68200 # -1 # ID=71_70;partial=00;start_type=ATG;rbs_motif=None;rbs_spacer=None;gc_cont=0.347
contig_78:65876-68200|-  -            775 255at766             -            536   2.4e-06   22.7   5.4   2   2      0.15        30   -0.7   0.1   467   519   686   741   678   760 0.70 contig_78_70 # 65876 # 68200 # -1 # ID=71_70;partial=00;start_type=ATG;rbs_motif=None;rbs_spacer=None;gc_cont=0.347
contig_82:40257-41582|-  -            442 255at766             -            536   5.5e-05   18.2   0.1   1   2       1.1   2.3e+02   -3.6   0.0     5    24     5    24     3    28 0.79 contig_82_46 # 40257 # 41582 # -1 # ID=75_46;partial=00;start_type=ATG;rbs_motif=None;rbs_spacer=None;gc_cont=0.373
contig_82:40257-41582|-  -            442 255at766             -            536   5.5e-05   18.2   0.1   2   2   5.5e-07   0.00011   17.2   0.1    87   173   254   344   178   368 0.76 contig_82_46 # 40257 # 41582 # -1 # ID=75_46;partial=00;start_type=ATG;rbs_motif=None;rbs_spacer=None;gc_cont=0.373
#
# Program:         hmmsearch
# Version:         3.4 (Aug 2023)
# Pipeline mode:   SEARCH
# Query file:      /private/groups/russelllab/jodie/Jacobs_et_al_2026_de_novo_wRi_merrill_23_assembly/busco_downloads/lineages/rickettsiales_odb10/hmms/255at766.hmm
# Target file:     private/groups/russelllab/jodie/Jacobs_et_al_2026_de_novo_wRi_merrill_23_assembly/busco/20251218_Merrill23_wRi/wRi/assembly/prodigal_output/predicted_genes/predicted.faa
# Option settings: hmmsearch --domtblout private/groups/russelllab/jodie/Jacobs_et_al_2026_de_novo_wRi_merrill_23_assembly/busco/20251218_Merrill23_wRi/wRi/assembly/run_rickettsiales_odb10/hmmer_output/255at766.out --cpu 1 /private/groups/russelllab/jodie/Jacobs_et_al_2026_de_novo_wRi_merrill_23_assembly/busco_downloads/lineages/rickettsiales_odb10/hmms/255at766.hmm private/groups/russelllab/jodie/Jacobs_et_al_2026_de_novo_wRi_merrill_23_assembly/busco/20251218_Merrill23_wRi/wRi/assembly/prodigal_output/predicted_genes/predicted.faa 
# Current dir:     /private/groups/russelllab/jodie/Jacobs_et_al_2026_de_novo_wRi_merrill_23_assembly
# Date:            Fri Jan 16 13:07:59 2026
# [ok]
