#                                                                                --- full sequence --- -------------- this domain -------------   hmm coord   ali coord   env coord
# target name            accession   tlen query name           accession   qlen   E-value  score  bias   #  of  c-Evalue  i-Evalue  score  bias  from    to  from    to  from    to  acc description of target
#    ------------------- ---------- ----- -------------------- ---------- ----- --------- ------ ----- --- --- --------- --------- ------ ----- ----- ----- ----- ----- ----- ----- ---- ---------------------
contig_119:18618-20447|- -            610 256at766             -            534  1.6e-289  956.9   0.4   1   1  1.4e-291  2.9e-289  956.1   0.4     1   533     6   603     6   604 0.94 contig_119_18 # 18618 # 20447 # -1 # ID=14_18;partial=00;start_type=ATG;rbs_motif=None;rbs_spacer=None;gc_cont=0.402
contig_78:89075-91150|+  -            692 256at766             -            534     1e-42  142.4   3.1   1   3   4.3e-30   8.8e-28   93.2   0.0     2   136     8   147     7   156 0.92 contig_78_87 # 89075 # 91150 # 1 # ID=71_87;partial=00;start_type=ATG;rbs_motif=None;rbs_spacer=None;gc_cont=0.368
contig_78:89075-91150|+  -            692 256at766             -            534     1e-42  142.4   3.1   2   3   1.2e-11   2.5e-09   32.3   0.4   178   346   313   493   302   510 0.69 contig_78_87 # 89075 # 91150 # 1 # ID=71_87;partial=00;start_type=ATG;rbs_motif=None;rbs_spacer=None;gc_cont=0.368
contig_78:89075-91150|+  -            692 256at766             -            534     1e-42  142.4   3.1   3   3   1.2e-06   0.00024   15.8   0.0   335   410   599   675   584   682 0.86 contig_78_87 # 89075 # 91150 # 1 # ID=71_87;partial=00;start_type=ATG;rbs_motif=None;rbs_spacer=None;gc_cont=0.368
contig_52:3730-5526|+    -            599 256at766             -            534   3.9e-34  114.1   1.7   1   3   8.3e-35   1.7e-32  108.7   1.3     1   177     3   181     3   283 0.83 contig_52_5 # 3730 # 5526 # 1 # ID=48_5;partial=00;start_type=ATG;rbs_motif=None;rbs_spacer=None;gc_cont=0.378
contig_52:3730-5526|+    -            599 256at766             -            534   3.9e-34  114.1   1.7   2   3      0.05        10    0.5   0.0   290   336   326   373   318   381 0.88 contig_52_5 # 3730 # 5526 # 1 # ID=48_5;partial=00;start_type=ATG;rbs_motif=None;rbs_spacer=None;gc_cont=0.378
contig_52:3730-5526|+    -            599 256at766             -            534   3.9e-34  114.1   1.7   3   3     0.034       6.8    1.1   0.0   334   379   398   443   393   505 0.71 contig_52_5 # 3730 # 5526 # 1 # ID=48_5;partial=00;start_type=ATG;rbs_motif=None;rbs_spacer=None;gc_cont=0.378
contig_69:15748-16920|+  -            391 256at766             -            534   1.6e-19   65.9   0.2   1   1   1.3e-21   2.6e-19   65.2   0.2     4   142    14   152    12   171 0.85 contig_69_15 # 15748 # 16920 # 1 # ID=62_15;partial=00;start_type=ATG;rbs_motif=None;rbs_spacer=None;gc_cont=0.423
contig_78:91162-92334|+  -            391 256at766             -            534   1.7e-19   65.8   0.2   1   1   1.4e-21   2.8e-19   65.1   0.2     4   142    14   152    12   172 0.83 contig_78_88 # 91162 # 92334 # 1 # ID=71_88;partial=00;start_type=ATG;rbs_motif=GGA/GAG/AGG;rbs_spacer=5-10bp;gc_cont=0.431
contig_78:65876-68200|-  -            775 256at766             -            534   1.7e-11   39.4   1.3   1   1   1.7e-13   3.5e-11   38.4   1.3     6   138   281   402   279   480 0.80 contig_78_70 # 65876 # 68200 # -1 # ID=71_70;partial=00;start_type=ATG;rbs_motif=None;rbs_spacer=None;gc_cont=0.347
contig_82:40257-41582|-  -            442 256at766             -            534   0.00046   14.9   0.8   1   2     0.097        20   -0.4   0.0    64   127    51   121     2   135 0.64 contig_82_46 # 40257 # 41582 # -1 # ID=75_46;partial=00;start_type=ATG;rbs_motif=None;rbs_spacer=None;gc_cont=0.373
contig_82:40257-41582|-  -            442 256at766             -            534   0.00046   14.9   0.8   2   2   7.6e-06    0.0015   13.1   0.3     4   144   177   322   174   327 0.74 contig_82_46 # 40257 # 41582 # -1 # ID=75_46;partial=00;start_type=ATG;rbs_motif=None;rbs_spacer=None;gc_cont=0.373
#
# Program:         hmmsearch
# Version:         3.4 (Aug 2023)
# Pipeline mode:   SEARCH
# Query file:      /private/groups/russelllab/jodie/Jacobs_et_al_2026_de_novo_wRi_merrill_23_assembly/busco_downloads/lineages/rickettsiales_odb10/hmms/256at766.hmm
# Target file:     private/groups/russelllab/jodie/Jacobs_et_al_2026_de_novo_wRi_merrill_23_assembly/busco/20251218_Merrill23_wRi/wRi/assembly/prodigal_output/predicted_genes/predicted.faa
# Option settings: hmmsearch --domtblout private/groups/russelllab/jodie/Jacobs_et_al_2026_de_novo_wRi_merrill_23_assembly/busco/20251218_Merrill23_wRi/wRi/assembly/run_rickettsiales_odb10/hmmer_output/256at766.out --cpu 1 /private/groups/russelllab/jodie/Jacobs_et_al_2026_de_novo_wRi_merrill_23_assembly/busco_downloads/lineages/rickettsiales_odb10/hmms/256at766.hmm private/groups/russelllab/jodie/Jacobs_et_al_2026_de_novo_wRi_merrill_23_assembly/busco/20251218_Merrill23_wRi/wRi/assembly/prodigal_output/predicted_genes/predicted.faa 
# Current dir:     /private/groups/russelllab/jodie/Jacobs_et_al_2026_de_novo_wRi_merrill_23_assembly
# Date:            Fri Jan 16 13:07:59 2026
# [ok]
