#                                                                               --- full sequence --- -------------- this domain -------------   hmm coord   ali coord   env coord
# target name           accession   tlen query name           accession   qlen   E-value  score  bias   #  of  c-Evalue  i-Evalue  score  bias  from    to  from    to  from    to  acc description of target
#   ------------------- ---------- ----- -------------------- ---------- ----- --------- ------ ----- --- --- --------- --------- ------ ----- ----- ----- ----- ----- ----- ----- ---- ---------------------
contig_69:27120-27761|+ -            214 2736at766            -            167   6.5e-51  168.9   4.6   1   1     4e-53   1.9e-50  167.4   4.6     1   166     1   205     1   206 0.85 contig_69_37 # 27120 # 27761 # 1 # ID=62_37;partial=00;start_type=ATG;rbs_motif=GGAG/GAGG;rbs_spacer=5-10bp;gc_cont=0.318
contig_82:23990-24664|- -            225 2736at766            -            167    0.0012   15.1   0.5   1   3   1.8e-05    0.0086   12.4   0.0     3    39    25    60    23    93 0.82 contig_82_28 # 23990 # 24664 # -1 # ID=75_28;partial=00;start_type=ATG;rbs_motif=None;rbs_spacer=None;gc_cont=0.301
contig_82:23990-24664|- -            225 2736at766            -            167    0.0012   15.1   0.5   2   3      0.52   2.5e+02   -2.1   0.0   136   149   141   154   112   170 0.60 contig_82_28 # 23990 # 24664 # -1 # ID=75_28;partial=00;start_type=ATG;rbs_motif=None;rbs_spacer=None;gc_cont=0.301
contig_82:23990-24664|- -            225 2736at766            -            167    0.0012   15.1   0.5   3   3      0.12        57   -0.1   0.1    43    67   190   217   175   222 0.61 contig_82_28 # 23990 # 24664 # -1 # ID=75_28;partial=00;start_type=ATG;rbs_motif=None;rbs_spacer=None;gc_cont=0.301
contig_78:10120-10794|+ -            225 2736at766            -            167    0.0018   14.6   0.4   1   3   2.6e-05     0.012   11.9   0.0     3    39    25    60    23    93 0.82 contig_78_11 # 10120 # 10794 # 1 # ID=71_11;partial=00;start_type=ATG;rbs_motif=None;rbs_spacer=None;gc_cont=0.301
contig_78:10120-10794|+ -            225 2736at766            -            167    0.0018   14.6   0.4   2   3      0.52   2.5e+02   -2.1   0.0   136   149   141   154   112   170 0.60 contig_78_11 # 10120 # 10794 # 1 # ID=71_11;partial=00;start_type=ATG;rbs_motif=None;rbs_spacer=None;gc_cont=0.301
contig_78:10120-10794|+ -            225 2736at766            -            167    0.0018   14.6   0.4   3   3      0.12        57   -0.1   0.1    43    67   190   217   175   222 0.61 contig_78_11 # 10120 # 10794 # 1 # ID=71_11;partial=00;start_type=ATG;rbs_motif=None;rbs_spacer=None;gc_cont=0.301
#
# Program:         hmmsearch
# Version:         3.4 (Aug 2023)
# Pipeline mode:   SEARCH
# Query file:      /private/groups/russelllab/jodie/Jacobs_et_al_2026_de_novo_wRi_merrill_23_assembly/busco_downloads/lineages/rickettsiales_odb10/hmms/2736at766.hmm
# Target file:     private/groups/russelllab/jodie/Jacobs_et_al_2026_de_novo_wRi_merrill_23_assembly/busco/20251218_Merrill23_wRi/wRi/assembly/prodigal_output/predicted_genes/predicted.faa
# Option settings: hmmsearch --domtblout private/groups/russelllab/jodie/Jacobs_et_al_2026_de_novo_wRi_merrill_23_assembly/busco/20251218_Merrill23_wRi/wRi/assembly/run_rickettsiales_odb10/hmmer_output/2736at766.out --cpu 1 /private/groups/russelllab/jodie/Jacobs_et_al_2026_de_novo_wRi_merrill_23_assembly/busco_downloads/lineages/rickettsiales_odb10/hmms/2736at766.hmm private/groups/russelllab/jodie/Jacobs_et_al_2026_de_novo_wRi_merrill_23_assembly/busco/20251218_Merrill23_wRi/wRi/assembly/prodigal_output/predicted_genes/predicted.faa 
# Current dir:     /private/groups/russelllab/jodie/Jacobs_et_al_2026_de_novo_wRi_merrill_23_assembly
# Date:            Fri Jan 16 13:07:59 2026
# [ok]
