#                                                                                --- full sequence --- -------------- this domain -------------   hmm coord   ali coord   env coord
# target name            accession   tlen query name           accession   qlen   E-value  score  bias   #  of  c-Evalue  i-Evalue  score  bias  from    to  from    to  from    to  acc description of target
#    ------------------- ---------- ----- -------------------- ---------- ----- --------- ------ ----- --- --- --------- --------- ------ ----- ----- ----- ----- ----- ----- ----- ---- ---------------------
contig_68:44009-44632|+  -            208 2960at766            -            170   3.5e-63  208.8   1.1   1   1   4.6e-63   3.6e-61  202.3   1.1     1   166     1   190     1   194 0.87 contig_68_33 # 44009 # 44632 # 1 # ID=61_33;partial=00;start_type=ATG;rbs_motif=3Base/5BMM;rbs_spacer=13-15bp;gc_cont=0.361
contig_120:4367-5008|+   -            214 2960at766            -            170   5.9e-24   81.2   0.2   1   1     1e-25   7.9e-24   80.8   0.2     5   165     8   177     1   181 0.86 contig_120_7 # 4367 # 5008 # 1 # ID=16_7;partial=00;start_type=ATG;rbs_motif=GGA/GAG/AGG;rbs_spacer=5-10bp;gc_cont=0.315
contig_71:9001-9774|-    -            258 2960at766            -            170   1.3e-20   70.2   3.5   1   2   3.6e-08   2.9e-06   23.6   0.8    10    48    14    53     9    80 0.79 contig_71_8 # 9001 # 9774 # -1 # ID=65_8;partial=00;start_type=ATG;rbs_motif=None;rbs_spacer=None;gc_cont=0.335
contig_71:9001-9774|-    -            258 2960at766            -            170   1.3e-20   70.2   3.5   2   2   1.8e-15   1.4e-13   47.4   0.1    55   163    81   195    65   201 0.76 contig_71_8 # 9001 # 9774 # -1 # ID=65_8;partial=00;start_type=ATG;rbs_motif=None;rbs_spacer=None;gc_cont=0.335
contig_63:21449-22144|+  -            232 2960at766            -            170   2.2e-20   69.5   2.2   1   1   3.9e-22   3.1e-20   69.1   2.2     9   163    19   189     9   193 0.80 contig_63_18 # 21449 # 22144 # 1 # ID=57_18;partial=00;start_type=TTG;rbs_motif=None;rbs_spacer=None;gc_cont=0.326
contig_63:69667-70368|+  -            234 2960at766            -            170   3.6e-20   68.8   0.4   1   1   8.4e-22   6.7e-20   68.0   0.4     9   162    16   190     8   198 0.72 contig_63_72 # 69667 # 70368 # 1 # ID=57_72;partial=00;start_type=ATG;rbs_motif=None;rbs_spacer=None;gc_cont=0.322
contig_73:31759-32433|+  -            225 2960at766            -            170     5e-17   58.6   1.8   1   2     1e-07     8e-06   22.2   0.3     6    47    15    56    11    80 0.84 contig_73_33 # 31759 # 32433 # 1 # ID=67_33;partial=00;start_type=ATG;rbs_motif=GGA/GAG/AGG;rbs_spacer=5-10bp;gc_cont=0.370
contig_73:31759-32433|+  -            225 2960at766            -            170     5e-17   58.6   1.8   2   2   5.6e-12   4.5e-10   36.0   0.1    54   164    87   205    80   210 0.76 contig_73_33 # 31759 # 32433 # 1 # ID=67_33;partial=00;start_type=ATG;rbs_motif=GGA/GAG/AGG;rbs_spacer=5-10bp;gc_cont=0.370
contig_108:23803-24561|+ -            253 2960at766            -            170     2e-15   53.4   0.6   1   2   4.9e-06   0.00039   16.7   0.0    10    44    18    52    11    65 0.81 contig_108_21 # 23803 # 24561 # 1 # ID=5_21;partial=00;start_type=ATG;rbs_motif=AGGA;rbs_spacer=5-10bp;gc_cont=0.362
contig_108:23803-24561|+ -            253 2960at766            -            170     2e-15   53.4   0.6   2   2   1.1e-11     9e-10   35.0   0.2    97   166   143   213   114   216 0.78 contig_108_21 # 23803 # 24561 # 1 # ID=5_21;partial=00;start_type=ATG;rbs_motif=AGGA;rbs_spacer=5-10bp;gc_cont=0.362
contig_101:1338-3047|+   -            570 2960at766            -            170   4.8e-13   45.6   4.1   1   3       4.6   3.6e+02   -2.8   0.1    39    71   239   271   236   275 0.82 contig_101_2 # 1338 # 3047 # 1 # ID=2_2;partial=00;start_type=ATG;rbs_motif=None;rbs_spacer=None;gc_cont=0.354
contig_101:1338-3047|+   -            570 2960at766            -            170   4.8e-13   45.6   4.1   2   3   6.2e-06   0.00049   16.3   0.0     9    47   345   384   340   403 0.78 contig_101_2 # 1338 # 3047 # 1 # ID=2_2;partial=00;start_type=ATG;rbs_motif=None;rbs_spacer=None;gc_cont=0.354
contig_101:1338-3047|+   -            570 2960at766            -            170   4.8e-13   45.6   4.1   3   3   4.8e-10   3.8e-08   29.7   0.1   103   162   469   529   459   536 0.77 contig_101_2 # 1338 # 3047 # 1 # ID=2_2;partial=00;start_type=ATG;rbs_motif=None;rbs_spacer=None;gc_cont=0.354
contig_121:11207-12982|+ -            592 2960at766            -            170   2.3e-11   40.2   0.6   1   1   5.4e-11   4.3e-09   32.8   0.6     8   162   358   542   348   549 0.67 contig_121_7 # 11207 # 12982 # 1 # ID=17_7;partial=00;start_type=ATG;rbs_motif=3Base/5BMM;rbs_spacer=13-15bp;gc_cont=0.317
contig_69:62809-64590|-  -            594 2960at766            -            170   7.3e-11   38.5   0.7   1   2    0.0018      0.14    8.3   0.1    10    46   356   393   348   403 0.83 contig_69_72 # 62809 # 64590 # -1 # ID=62_72;partial=00;start_type=ATG;rbs_motif=GGA/GAG/AGG;rbs_spacer=5-10bp;gc_cont=0.352
contig_69:62809-64590|-  -            594 2960at766            -            170   7.3e-11   38.5   0.7   2   2   1.4e-09   1.1e-07   28.2   0.1   102   161   478   538   432   546 0.82 contig_69_72 # 62809 # 64590 # -1 # ID=62_72;partial=00;start_type=ATG;rbs_motif=GGA/GAG/AGG;rbs_spacer=5-10bp;gc_cont=0.352
contig_54:13766-15511|+  -            582 2960at766            -            170   1.1e-10   38.0   0.0   1   2    0.0092      0.73    6.0   0.0    10    46   349   386   343   396 0.84 contig_54_15 # 13766 # 15511 # 1 # ID=50_15;partial=00;start_type=GTG;rbs_motif=GGAG/GAGG;rbs_spacer=5-10bp;gc_cont=0.377
contig_54:13766-15511|+  -            582 2960at766            -            170   1.1e-10   38.0   0.0   2   2   5.9e-10   4.7e-08   29.4   0.0   104   162   474   534   471   541 0.80 contig_54_15 # 13766 # 15511 # 1 # ID=50_15;partial=00;start_type=GTG;rbs_motif=GGAG/GAGG;rbs_spacer=5-10bp;gc_cont=0.377
contig_63:8506-11301|+   -            932 2960at766            -            170   1.8e-10   37.3   6.0   1   4      0.15        12    2.1   0.0    20    39    21    41    10    57 0.75 contig_63_7 # 8506 # 11301 # 1 # ID=57_7;partial=00;start_type=ATG;rbs_motif=None;rbs_spacer=None;gc_cont=0.379
contig_63:8506-11301|+   -            932 2960at766            -            170   1.8e-10   37.3   6.0   2   4   4.2e-05    0.0033   13.6   0.1    99   165   474   543   449   547 0.74 contig_63_7 # 8506 # 11301 # 1 # ID=57_7;partial=00;start_type=ATG;rbs_motif=None;rbs_spacer=None;gc_cont=0.379
contig_63:8506-11301|+   -            932 2960at766            -            170   1.8e-10   37.3   6.0   3   4     0.075         6    3.0   0.1    12    40   612   641   604   655 0.80 contig_63_7 # 8506 # 11301 # 1 # ID=57_7;partial=00;start_type=ATG;rbs_motif=None;rbs_spacer=None;gc_cont=0.379
contig_63:8506-11301|+   -            932 2960at766            -            170   1.8e-10   37.3   6.0   4   4   1.7e-06   0.00013   18.2   0.1    65   164   779   883   766   888 0.74 contig_63_7 # 8506 # 11301 # 1 # ID=57_7;partial=00;start_type=ATG;rbs_motif=None;rbs_spacer=None;gc_cont=0.379
contig_78:31518-32615|+  -            366 2960at766            -            170   5.8e-05   19.3   3.0   1   3   1.7e-05    0.0013   14.9   0.1    15    47    19    51     9    56 0.85 contig_78_35 # 31518 # 32615 # 1 # ID=71_35;partial=00;start_type=ATG;rbs_motif=None;rbs_spacer=None;gc_cont=0.334
contig_78:31518-32615|+  -            366 2960at766            -            170   5.8e-05   19.3   3.0   2   3       4.5   3.5e+02   -2.7   0.0    52    85   151   184   137   201 0.62 contig_78_35 # 31518 # 32615 # 1 # ID=71_35;partial=00;start_type=ATG;rbs_motif=None;rbs_spacer=None;gc_cont=0.334
contig_78:31518-32615|+  -            366 2960at766            -            170   5.8e-05   19.3   3.0   3   3     0.038         3    4.0   0.1   117   151   296   333   270   339 0.76 contig_78_35 # 31518 # 32615 # 1 # ID=71_35;partial=00;start_type=ATG;rbs_motif=None;rbs_spacer=None;gc_cont=0.334
contig_82:2171-3268|-    -            366 2960at766            -            170   5.8e-05   19.3   3.0   1   3   1.7e-05    0.0013   14.9   0.1    15    47    19    51     9    56 0.85 contig_82_5 # 2171 # 3268 # -1 # ID=75_5;partial=00;start_type=ATG;rbs_motif=None;rbs_spacer=None;gc_cont=0.333
contig_82:2171-3268|-    -            366 2960at766            -            170   5.8e-05   19.3   3.0   2   3       4.5   3.5e+02   -2.7   0.0    52    85   151   184   137   201 0.62 contig_82_5 # 2171 # 3268 # -1 # ID=75_5;partial=00;start_type=ATG;rbs_motif=None;rbs_spacer=None;gc_cont=0.333
contig_82:2171-3268|-    -            366 2960at766            -            170   5.8e-05   19.3   3.0   3   3     0.038         3    4.0   0.1   117   151   296   333   270   339 0.76 contig_82_5 # 2171 # 3268 # -1 # ID=75_5;partial=00;start_type=ATG;rbs_motif=None;rbs_spacer=None;gc_cont=0.333
contig_69:59050-60327|+  -            426 2960at766            -            170    0.0017   14.6   0.2   1   2   7.2e-05    0.0057   12.9   0.0    19    46   111   138    94   145 0.83 contig_69_70 # 59050 # 60327 # 1 # ID=62_70;partial=00;start_type=ATG;rbs_motif=GGA/GAG/AGG;rbs_spacer=5-10bp;gc_cont=0.367
contig_69:59050-60327|+  -            426 2960at766            -            170    0.0017   14.6   0.2   2   2       4.9   3.9e+02   -2.9   0.1    14    49   344   379   335   400 0.65 contig_69_70 # 59050 # 60327 # 1 # ID=62_70;partial=00;start_type=ATG;rbs_motif=GGA/GAG/AGG;rbs_spacer=5-10bp;gc_cont=0.367
contig_119:14779-17340|- -            854 2960at766            -            170     0.002   14.3   0.0   1   2    0.0039      0.31    7.2   0.0    16    45   194   223   186   230 0.86 contig_119_15 # 14779 # 17340 # -1 # ID=14_15;partial=00;start_type=ATG;rbs_motif=None;rbs_spacer=None;gc_cont=0.377
contig_119:14779-17340|- -            854 2960at766            -            170     0.002   14.3   0.0   2   2     0.037         3    4.0   0.0    24    47   598   621   593   627 0.89 contig_119_15 # 14779 # 17340 # -1 # ID=14_15;partial=00;start_type=ATG;rbs_motif=None;rbs_spacer=None;gc_cont=0.377
contig_120:25539-26636|+ -            366 2960at766            -            170    0.0041   13.3   0.2   1   2   0.00015     0.012   11.8   0.1     1    60   112   178   112   190 0.71 contig_120_27 # 25539 # 26636 # 1 # ID=16_27;partial=00;start_type=ATG;rbs_motif=GGA/GAG/AGG;rbs_spacer=5-10bp;gc_cont=0.359
contig_120:25539-26636|+ -            366 2960at766            -            170    0.0041   13.3   0.2   2   2         3   2.4e+02   -2.2   0.0   101   116   314   329   307   330 0.74 contig_120_27 # 25539 # 26636 # 1 # ID=16_27;partial=00;start_type=ATG;rbs_motif=GGA/GAG/AGG;rbs_spacer=5-10bp;gc_cont=0.359
contig_89:42299-43096|-  -            266 2960at766            -            170     0.015   11.5   0.0   1   1   0.00042     0.033   10.4   0.0    21    44    15    38     4    42 0.82 contig_89_38 # 42299 # 43096 # -1 # ID=78_38;partial=00;start_type=ATG;rbs_motif=GGA/GAG/AGG;rbs_spacer=5-10bp;gc_cont=0.392
#
# Program:         hmmsearch
# Version:         3.4 (Aug 2023)
# Pipeline mode:   SEARCH
# Query file:      /private/groups/russelllab/jodie/Jacobs_et_al_2026_de_novo_wRi_merrill_23_assembly/busco_downloads/lineages/rickettsiales_odb10/hmms/2960at766.hmm
# Target file:     private/groups/russelllab/jodie/Jacobs_et_al_2026_de_novo_wRi_merrill_23_assembly/busco/20251218_Merrill23_wRi/wRi/assembly/prodigal_output/predicted_genes/predicted.faa
# Option settings: hmmsearch --domtblout private/groups/russelllab/jodie/Jacobs_et_al_2026_de_novo_wRi_merrill_23_assembly/busco/20251218_Merrill23_wRi/wRi/assembly/run_rickettsiales_odb10/hmmer_output/2960at766.out --cpu 1 /private/groups/russelllab/jodie/Jacobs_et_al_2026_de_novo_wRi_merrill_23_assembly/busco_downloads/lineages/rickettsiales_odb10/hmms/2960at766.hmm private/groups/russelllab/jodie/Jacobs_et_al_2026_de_novo_wRi_merrill_23_assembly/busco/20251218_Merrill23_wRi/wRi/assembly/prodigal_output/predicted_genes/predicted.faa 
# Current dir:     /private/groups/russelllab/jodie/Jacobs_et_al_2026_de_novo_wRi_merrill_23_assembly
# Date:            Fri Jan 16 13:07:59 2026
# [ok]
