#                                                                                 --- full sequence --- -------------- this domain -------------   hmm coord   ali coord   env coord
# target name             accession   tlen query name           accession   qlen   E-value  score  bias   #  of  c-Evalue  i-Evalue  score  bias  from    to  from    to  from    to  acc description of target
#     ------------------- ---------- ----- -------------------- ---------- ----- --------- ------ ----- --- --- --------- --------- ------ ----- ----- ----- ----- ----- ----- ----- ---- ---------------------
contig_120:13102-15573|-  -            824 311at766             -            687         0 1051.7  29.6   1   3  3.1e-139  8.9e-137  453.4   1.1     8   276    16   300     2   302 0.92 contig_120_15 # 13102 # 15573 # -1 # ID=16_15;partial=00;start_type=ATG;rbs_motif=GGA/GAG/AGG;rbs_spacer=5-10bp;gc_cont=0.384
contig_120:13102-15573|-  -            824 311at766             -            687         0 1051.7  29.6   2   3  1.7e-177  4.7e-175  579.9  11.7   273   632   319   721   308   730 0.92 contig_120_15 # 13102 # 15573 # -1 # ID=16_15;partial=00;start_type=ATG;rbs_motif=GGA/GAG/AGG;rbs_spacer=5-10bp;gc_cont=0.384
contig_120:13102-15573|-  -            824 311at766             -            687         0 1051.7  29.6   3   3   8.7e-10   2.5e-07   25.6   2.1   623   677   735   800   729   807 0.74 contig_120_15 # 13102 # 15573 # -1 # ID=16_15;partial=00;start_type=ATG;rbs_motif=GGA/GAG/AGG;rbs_spacer=5-10bp;gc_cont=0.384
contig_78:129563-132079|+ -            839 311at766             -            687   3.3e-61  203.7   9.9   1   7   1.5e-30   4.2e-28   94.3   0.0    10   166    15   167     2   170 0.85 contig_78_118 # 129563 # 132079 # 1 # ID=71_118;partial=00;start_type=ATG;rbs_motif=GGA/GAG/AGG;rbs_spacer=5-10bp;gc_cont=0.386
contig_78:129563-132079|+ -            839 311at766             -            687   3.3e-61  203.7   9.9   2   7   1.7e-09   4.8e-07   24.7   0.5   311   358   172   219   166   223 0.95 contig_78_118 # 129563 # 132079 # 1 # ID=71_118;partial=00;start_type=ATG;rbs_motif=GGA/GAG/AGG;rbs_spacer=5-10bp;gc_cont=0.386
contig_78:129563-132079|+ -            839 311at766             -            687   3.3e-61  203.7   9.9   3   7      0.31        88   -2.6   0.0   181   231   235   286   234   295 0.76 contig_78_118 # 129563 # 132079 # 1 # ID=71_118;partial=00;start_type=ATG;rbs_motif=GGA/GAG/AGG;rbs_spacer=5-10bp;gc_cont=0.386
contig_78:129563-132079|+ -            839 311at766             -            687   3.3e-61  203.7   9.9   4   7   6.5e-07   0.00018   16.1   0.0   204   268   289   354   285   364 0.86 contig_78_118 # 129563 # 132079 # 1 # ID=71_118;partial=00;start_type=ATG;rbs_motif=GGA/GAG/AGG;rbs_spacer=5-10bp;gc_cont=0.386
contig_78:129563-132079|+ -            839 311at766             -            687   3.3e-61  203.7   9.9   5   7      0.15        41   -1.6   0.0   274   295   395   416   392   423 0.86 contig_78_118 # 129563 # 132079 # 1 # ID=71_118;partial=00;start_type=ATG;rbs_motif=GGA/GAG/AGG;rbs_spacer=5-10bp;gc_cont=0.386
contig_78:129563-132079|+ -            839 311at766             -            687   3.3e-61  203.7   9.9   6   7   3.8e-08   1.1e-05   20.2   0.4   362   400   426   460   418   508 0.87 contig_78_118 # 129563 # 132079 # 1 # ID=71_118;partial=00;start_type=ATG;rbs_motif=GGA/GAG/AGG;rbs_spacer=5-10bp;gc_cont=0.386
contig_78:129563-132079|+ -            839 311at766             -            687   3.3e-61  203.7   9.9   7   7   7.5e-17   2.1e-14   49.0   0.0   480   630   610   764   595   825 0.73 contig_78_118 # 129563 # 132079 # 1 # ID=71_118;partial=00;start_type=ATG;rbs_motif=GGA/GAG/AGG;rbs_spacer=5-10bp;gc_cont=0.386
contig_68:30422-33733|-   -           1104 311at766             -            687   9.5e-60  198.9   3.2   1   2   1.7e-17   4.8e-15   51.1   0.1     7   164    22   198    17   258 0.84 contig_68_24 # 30422 # 33733 # -1 # ID=61_24;partial=00;start_type=ATG;rbs_motif=None;rbs_spacer=None;gc_cont=0.368
contig_68:30422-33733|-   -           1104 311at766             -            687   9.5e-60  198.9   3.2   2   2   9.4e-46   2.7e-43  144.5   0.5   228   637   349   824   338   847 0.74 contig_68_24 # 30422 # 33733 # -1 # ID=61_24;partial=00;start_type=ATG;rbs_motif=None;rbs_spacer=None;gc_cont=0.368
contig_108:7045-8691|+    -            549 311at766             -            687   1.2e-24   82.8   2.9   1   3   4.8e-14   1.4e-11   39.7   0.1    24   138     5   111     1   141 0.80 contig_108_6 # 7045 # 8691 # 1 # ID=5_6;partial=00;start_type=ATG;rbs_motif=None;rbs_spacer=None;gc_cont=0.400
contig_108:7045-8691|+    -            549 311at766             -            687   1.2e-24   82.8   2.9   2   3     8e-15   2.3e-12   42.3   0.1   313   524   149   378   139   396 0.70 contig_108_6 # 7045 # 8691 # 1 # ID=5_6;partial=00;start_type=ATG;rbs_motif=None;rbs_spacer=None;gc_cont=0.400
contig_108:7045-8691|+    -            549 311at766             -            687   1.2e-24   82.8   2.9   3   3      0.62   1.8e+02   -3.6   0.0   655   676   503   524   479   526 0.78 contig_108_6 # 7045 # 8691 # 1 # ID=5_6;partial=00;start_type=ATG;rbs_motif=None;rbs_spacer=None;gc_cont=0.400
contig_101:7635-9341|+    -            569 311at766             -            687   0.00034   15.3   0.0   1   2   0.00097      0.28    5.6   0.0    34    82   130   178   110   193 0.87 contig_101_7 # 7635 # 9341 # 1 # ID=2_7;partial=00;start_type=ATG;rbs_motif=None;rbs_spacer=None;gc_cont=0.380
contig_101:7635-9341|+    -            569 311at766             -            687   0.00034   15.3   0.0   2   2   0.00031     0.087    7.3   0.0   480   512   390   422   373   437 0.85 contig_101_7 # 7635 # 9341 # 1 # ID=2_7;partial=00;start_type=ATG;rbs_motif=None;rbs_spacer=None;gc_cont=0.380
#
# Program:         hmmsearch
# Version:         3.4 (Aug 2023)
# Pipeline mode:   SEARCH
# Query file:      /private/groups/russelllab/jodie/Jacobs_et_al_2026_de_novo_wRi_merrill_23_assembly/busco_downloads/lineages/rickettsiales_odb10/hmms/311at766.hmm
# Target file:     private/groups/russelllab/jodie/Jacobs_et_al_2026_de_novo_wRi_merrill_23_assembly/busco/20251218_Merrill23_wRi/wRi/assembly/prodigal_output/predicted_genes/predicted.faa
# Option settings: hmmsearch --domtblout private/groups/russelllab/jodie/Jacobs_et_al_2026_de_novo_wRi_merrill_23_assembly/busco/20251218_Merrill23_wRi/wRi/assembly/run_rickettsiales_odb10/hmmer_output/311at766.out --cpu 1 /private/groups/russelllab/jodie/Jacobs_et_al_2026_de_novo_wRi_merrill_23_assembly/busco_downloads/lineages/rickettsiales_odb10/hmms/311at766.hmm private/groups/russelllab/jodie/Jacobs_et_al_2026_de_novo_wRi_merrill_23_assembly/busco/20251218_Merrill23_wRi/wRi/assembly/prodigal_output/predicted_genes/predicted.faa 
# Current dir:     /private/groups/russelllab/jodie/Jacobs_et_al_2026_de_novo_wRi_merrill_23_assembly
# Date:            Fri Jan 16 13:08:00 2026
# [ok]
