#                                                                               --- full sequence --- -------------- this domain -------------   hmm coord   ali coord   env coord
# target name           accession   tlen query name           accession   qlen   E-value  score  bias   #  of  c-Evalue  i-Evalue  score  bias  from    to  from    to  from    to  acc description of target
#   ------------------- ---------- ----- -------------------- ---------- ----- --------- ------ ----- --- --- --------- --------- ------ ----- ----- ----- ----- ----- ----- ----- ---- ---------------------
contig_72:88946-90694|- -            583 322at766             -            435  3.7e-166  549.7  23.7   1   3   8.7e-21   4.1e-18   61.9   0.2     1    72     1    90     1   107 0.79 contig_72_89 # 88946 # 90694 # -1 # ID=66_89;partial=00;start_type=ATG;rbs_motif=AGGAGG;rbs_spacer=5-10bp;gc_cont=0.365
contig_72:88946-90694|- -            583 322at766             -            435  3.7e-166  549.7  23.7   2   3   2.8e-62   1.3e-59  198.6   0.7    67   198   106   253    99   278 0.87 contig_72_89 # 88946 # 90694 # -1 # ID=66_89;partial=00;start_type=ATG;rbs_motif=AGGAGG;rbs_spacer=5-10bp;gc_cont=0.365
contig_72:88946-90694|- -            583 322at766             -            435  3.7e-166  549.7  23.7   3   3   3.6e-90   1.7e-87  290.5  11.9   196   433   283   561   272   563 0.81 contig_72_89 # 88946 # 90694 # -1 # ID=66_89;partial=00;start_type=ATG;rbs_motif=AGGAGG;rbs_spacer=5-10bp;gc_cont=0.365
contig_63:16042-17964|- -            641 322at766             -            435  2.1e-108  359.4   8.6   1   3   4.1e-09     2e-06   23.4   0.0    12    64     4    55     2    91 0.85 contig_63_13 # 16042 # 17964 # -1 # ID=57_13;partial=00;start_type=ATG;rbs_motif=None;rbs_spacer=None;gc_cont=0.371
contig_63:16042-17964|- -            641 322at766             -            435  2.1e-108  359.4   8.6   2   3   2.4e-48   1.1e-45  152.7   0.3    81   188   130   240   101   267 0.91 contig_63_13 # 16042 # 17964 # -1 # ID=57_13;partial=00;start_type=ATG;rbs_motif=None;rbs_spacer=None;gc_cont=0.371
contig_63:16042-17964|- -            641 322at766             -            435  2.1e-108  359.4   8.6   3   3   1.6e-58   7.5e-56  186.2   1.3   195   400   292   515   283   567 0.83 contig_63_13 # 16042 # 17964 # -1 # ID=57_13;partial=00;start_type=ATG;rbs_motif=None;rbs_spacer=None;gc_cont=0.371
contig_70:62346-63422|+ -            359 322at766             -            435   3.1e-13   45.8   0.2   1   1   3.3e-15   1.5e-12   43.5   0.2    13   187    25   216    22   231 0.75 contig_70_60 # 62346 # 63422 # 1 # ID=64_60;partial=00;start_type=ATG;rbs_motif=GGA/GAG/AGG;rbs_spacer=5-10bp;gc_cont=0.379
#
# Program:         hmmsearch
# Version:         3.4 (Aug 2023)
# Pipeline mode:   SEARCH
# Query file:      /private/groups/russelllab/jodie/Jacobs_et_al_2026_de_novo_wRi_merrill_23_assembly/busco_downloads/lineages/rickettsiales_odb10/hmms/322at766.hmm
# Target file:     private/groups/russelllab/jodie/Jacobs_et_al_2026_de_novo_wRi_merrill_23_assembly/busco/20251218_Merrill23_wRi/wRi/assembly/prodigal_output/predicted_genes/predicted.faa
# Option settings: hmmsearch --domtblout private/groups/russelllab/jodie/Jacobs_et_al_2026_de_novo_wRi_merrill_23_assembly/busco/20251218_Merrill23_wRi/wRi/assembly/run_rickettsiales_odb10/hmmer_output/322at766.out --cpu 1 /private/groups/russelllab/jodie/Jacobs_et_al_2026_de_novo_wRi_merrill_23_assembly/busco_downloads/lineages/rickettsiales_odb10/hmms/322at766.hmm private/groups/russelllab/jodie/Jacobs_et_al_2026_de_novo_wRi_merrill_23_assembly/busco/20251218_Merrill23_wRi/wRi/assembly/prodigal_output/predicted_genes/predicted.faa 
# Current dir:     /private/groups/russelllab/jodie/Jacobs_et_al_2026_de_novo_wRi_merrill_23_assembly
# Date:            Fri Jan 16 13:08:00 2026
# [ok]
