#                                                                                --- full sequence --- -------------- this domain -------------   hmm coord   ali coord   env coord
# target name            accession   tlen query name           accession   qlen   E-value  score  bias   #  of  c-Evalue  i-Evalue  score  bias  from    to  from    to  from    to  acc description of target
#    ------------------- ---------- ----- -------------------- ---------- ----- --------- ------ ----- --- --- --------- --------- ------ ----- ----- ----- ----- ----- ----- ----- ---- ---------------------
contig_73:31759-32433|+  -            225 3233at766            -            175     1e-70  233.3   5.8   1   1   1.3e-70   1.6e-68  226.2   5.8     2   175     7   216     6   216 0.86 contig_73_33 # 31759 # 32433 # 1 # ID=67_33;partial=00;start_type=ATG;rbs_motif=GGA/GAG/AGG;rbs_spacer=5-10bp;gc_cont=0.370
contig_120:4367-5008|+   -            214 3233at766            -            175     5e-35  117.1   0.1   1   1   7.3e-37   8.7e-35  116.4   0.1     2   170     2   182     1   188 0.84 contig_120_7 # 4367 # 5008 # 1 # ID=16_7;partial=00;start_type=ATG;rbs_motif=GGA/GAG/AGG;rbs_spacer=5-10bp;gc_cont=0.315
contig_63:69667-70368|+  -            234 3233at766            -            175   1.9e-29   98.9   1.0   1   1     2e-30   2.4e-28   95.4   1.0     6   169    10   197     5   204 0.79 contig_63_72 # 69667 # 70368 # 1 # ID=57_72;partial=00;start_type=ATG;rbs_motif=None;rbs_spacer=None;gc_cont=0.322
contig_71:9001-9774|-    -            258 3233at766            -            175   1.3e-28   96.2   4.7   1   1   6.6e-30   7.9e-28   93.7   4.7    14   170    17   202     2   208 0.83 contig_71_8 # 9001 # 9774 # -1 # ID=65_8;partial=00;start_type=ATG;rbs_motif=None;rbs_spacer=None;gc_cont=0.335
contig_101:1338-3047|+   -            570 3233at766            -            175   1.3e-23   80.0   1.1   1   2     8e-11   9.5e-09   31.6   0.0    14    58   349   393   339   432 0.78 contig_101_2 # 1338 # 3047 # 1 # ID=2_2;partial=00;start_type=ATG;rbs_motif=None;rbs_spacer=None;gc_cont=0.354
contig_101:1338-3047|+   -            570 3233at766            -            175   1.3e-23   80.0   1.1   2   2   2.3e-15   2.8e-13   46.3   0.3   102   174   470   540   462   541 0.92 contig_101_2 # 1338 # 3047 # 1 # ID=2_2;partial=00;start_type=ATG;rbs_motif=None;rbs_spacer=None;gc_cont=0.354
contig_108:23803-24561|+ -            253 3233at766            -            175   1.6e-23   79.6   0.1   1   2     1e-07   1.2e-05   21.4   0.0    12    68    18    76     8   116 0.82 contig_108_21 # 23803 # 24561 # 1 # ID=5_21;partial=00;start_type=ATG;rbs_motif=AGGA;rbs_spacer=5-10bp;gc_cont=0.362
contig_108:23803-24561|+ -            253 3233at766            -            175   1.6e-23   79.6   0.1   2   2     2e-18   2.3e-16   56.3   0.2   101   170   149   216    67   221 0.89 contig_108_21 # 23803 # 24561 # 1 # ID=5_21;partial=00;start_type=ATG;rbs_motif=AGGA;rbs_spacer=5-10bp;gc_cont=0.362
contig_63:21449-22144|+  -            232 3233at766            -            175   6.8e-20   67.8   1.8   1   1   4.7e-21   5.6e-19   64.9   1.8     3   164    10   190     8   201 0.79 contig_63_18 # 21449 # 22144 # 1 # ID=57_18;partial=00;start_type=TTG;rbs_motif=None;rbs_spacer=None;gc_cont=0.326
contig_69:62809-64590|-  -            594 3233at766            -            175   5.2e-19   65.0   0.5   1   2   4.5e-07   5.3e-05   19.4   0.0     4    56   346   401   343   418 0.80 contig_69_72 # 62809 # 64590 # -1 # ID=62_72;partial=00;start_type=ATG;rbs_motif=GGA/GAG/AGG;rbs_spacer=5-10bp;gc_cont=0.352
contig_69:62809-64590|-  -            594 3233at766            -            175   5.2e-19   65.0   0.5   2   2   1.7e-14     2e-12   43.5   0.1   101   173   479   549   473   551 0.90 contig_69_72 # 62809 # 64590 # -1 # ID=62_72;partial=00;start_type=ATG;rbs_motif=GGA/GAG/AGG;rbs_spacer=5-10bp;gc_cont=0.352
contig_121:11207-12982|+ -            592 3233at766            -            175   2.8e-18   62.6   1.0   1   2   5.2e-07   6.2e-05   19.1   0.2     5    80   351   427   348   462 0.67 contig_121_7 # 11207 # 12982 # 1 # ID=17_7;partial=00;start_type=ATG;rbs_motif=3Base/5BMM;rbs_spacer=13-15bp;gc_cont=0.317
contig_121:11207-12982|+ -            592 3233at766            -            175   2.8e-18   62.6   1.0   2   2   8.5e-14     1e-11   41.2   0.0   102   173   484   553   475   555 0.86 contig_121_7 # 11207 # 12982 # 1 # ID=17_7;partial=00;start_type=ATG;rbs_motif=3Base/5BMM;rbs_spacer=13-15bp;gc_cont=0.317
contig_63:8506-11301|+   -            932 3233at766            -            175     1e-17   60.8   5.6   1   4    0.0015      0.18    7.8   0.0    15    41    15    41     4    47 0.90 contig_63_7 # 8506 # 11301 # 1 # ID=57_7;partial=00;start_type=ATG;rbs_motif=None;rbs_spacer=None;gc_cont=0.379
contig_63:8506-11301|+   -            932 3233at766            -            175     1e-17   60.8   5.6   2   4   8.8e-06     0.001   15.1   0.0    99   171   476   549   447   553 0.76 contig_63_7 # 8506 # 11301 # 1 # ID=57_7;partial=00;start_type=ATG;rbs_motif=None;rbs_spacer=None;gc_cont=0.379
contig_63:8506-11301|+   -            932 3233at766            -            175     1e-17   60.8   5.6   3   4   0.00014     0.016   11.3   0.1     4    42   603   641   600   655 0.84 contig_63_7 # 8506 # 11301 # 1 # ID=57_7;partial=00;start_type=ATG;rbs_motif=None;rbs_spacer=None;gc_cont=0.379
contig_63:8506-11301|+   -            932 3233at766            -            175     1e-17   60.8   5.6   4   4   3.3e-09   3.9e-07   26.3   0.0   100   174   817   893   791   894 0.86 contig_63_7 # 8506 # 11301 # 1 # ID=57_7;partial=00;start_type=ATG;rbs_motif=None;rbs_spacer=None;gc_cont=0.379
contig_54:13766-15511|+  -            582 3233at766            -            175   2.2e-16   56.4   0.9   1   2   1.1e-06   0.00013   18.0   0.2    15    57   353   395   347   399 0.90 contig_54_15 # 13766 # 15511 # 1 # ID=50_15;partial=00;start_type=GTG;rbs_motif=GGAG/GAGG;rbs_spacer=5-10bp;gc_cont=0.377
contig_54:13766-15511|+  -            582 3233at766            -            175   2.2e-16   56.4   0.9   2   2   2.5e-12     3e-10   36.4   0.0   102   173   474   544   471   546 0.91 contig_54_15 # 13766 # 15511 # 1 # ID=50_15;partial=00;start_type=GTG;rbs_motif=GGAG/GAGG;rbs_spacer=5-10bp;gc_cont=0.377
contig_68:44009-44632|+  -            208 3233at766            -            175   2.8e-14   49.6   0.0   1   1   1.8e-15   2.2e-13   46.7   0.0    12   162    14   186     3   195 0.71 contig_68_33 # 44009 # 44632 # 1 # ID=61_33;partial=00;start_type=ATG;rbs_motif=3Base/5BMM;rbs_spacer=13-15bp;gc_cont=0.361
#
# Program:         hmmsearch
# Version:         3.4 (Aug 2023)
# Pipeline mode:   SEARCH
# Query file:      /private/groups/russelllab/jodie/Jacobs_et_al_2026_de_novo_wRi_merrill_23_assembly/busco_downloads/lineages/rickettsiales_odb10/hmms/3233at766.hmm
# Target file:     private/groups/russelllab/jodie/Jacobs_et_al_2026_de_novo_wRi_merrill_23_assembly/busco/20251218_Merrill23_wRi/wRi/assembly/prodigal_output/predicted_genes/predicted.faa
# Option settings: hmmsearch --domtblout private/groups/russelllab/jodie/Jacobs_et_al_2026_de_novo_wRi_merrill_23_assembly/busco/20251218_Merrill23_wRi/wRi/assembly/run_rickettsiales_odb10/hmmer_output/3233at766.out --cpu 1 /private/groups/russelllab/jodie/Jacobs_et_al_2026_de_novo_wRi_merrill_23_assembly/busco_downloads/lineages/rickettsiales_odb10/hmms/3233at766.hmm private/groups/russelllab/jodie/Jacobs_et_al_2026_de_novo_wRi_merrill_23_assembly/busco/20251218_Merrill23_wRi/wRi/assembly/prodigal_output/predicted_genes/predicted.faa 
# Current dir:     /private/groups/russelllab/jodie/Jacobs_et_al_2026_de_novo_wRi_merrill_23_assembly
# Date:            Fri Jan 16 13:08:00 2026
# [ok]
