#                                                                                 --- full sequence --- -------------- this domain -------------   hmm coord   ali coord   env coord
# target name             accession   tlen query name           accession   qlen   E-value  score  bias   #  of  c-Evalue  i-Evalue  score  bias  from    to  from    to  from    to  acc description of target
#     ------------------- ---------- ----- -------------------- ---------- ----- --------- ------ ----- --- --- --------- --------- ------ ----- ----- ----- ----- ----- ----- ----- ---- ---------------------
contig_108:7045-8691|+    -            549 384at766             -            392  1.1e-189  626.8  12.7   1   3  1.8e-109  6.4e-107  354.4   3.6     1   213     7   243     7   253 0.90 contig_108_6 # 7045 # 8691 # 1 # ID=5_6;partial=00;start_type=ATG;rbs_motif=None;rbs_spacer=None;gc_cont=0.400
contig_108:7045-8691|+    -            549 384at766             -            392  1.1e-189  626.8  12.7   2   3     7e-67   2.5e-64  214.2   0.0   210   326   290   406   266   422 0.93 contig_108_6 # 7045 # 8691 # 1 # ID=5_6;partial=00;start_type=ATG;rbs_motif=None;rbs_spacer=None;gc_cont=0.400
contig_108:7045-8691|+    -            549 384at766             -            392  1.1e-189  626.8  12.7   3   3   8.5e-21     3e-18   62.4   0.5   328   388   449   514   427   520 0.88 contig_108_6 # 7045 # 8691 # 1 # ID=5_6;partial=00;start_type=ATG;rbs_motif=None;rbs_spacer=None;gc_cont=0.400
contig_120:13102-15573|-  -            824 384at766             -            392   1.6e-16   56.7   2.0   1   2     6e-07   0.00021   16.8   0.1     2    87    36   124    35   150 0.77 contig_120_15 # 13102 # 15573 # -1 # ID=16_15;partial=00;start_type=ATG;rbs_motif=GGA/GAG/AGG;rbs_spacer=5-10bp;gc_cont=0.384
contig_120:13102-15573|-  -            824 384at766             -            392   1.6e-16   56.7   2.0   2   2   1.2e-13   4.1e-11   38.9   0.4   218   341   510   633   498   662 0.78 contig_120_15 # 13102 # 15573 # -1 # ID=16_15;partial=00;start_type=ATG;rbs_motif=GGA/GAG/AGG;rbs_spacer=5-10bp;gc_cont=0.384
contig_78:129563-132079|+ -            839 384at766             -            392   3.6e-10   35.8   0.3   1   2   6.6e-05     0.024   10.1   0.1     9   149    37   200    29   240 0.64 contig_78_118 # 129563 # 132079 # 1 # ID=71_118;partial=00;start_type=ATG;rbs_motif=GGA/GAG/AGG;rbs_spacer=5-10bp;gc_cont=0.386
contig_78:129563-132079|+ -            839 384at766             -            392   3.6e-10   35.8   0.3   2   2   4.2e-08   1.5e-05   20.6   0.0   239   297   594   654   578   671 0.86 contig_78_118 # 129563 # 132079 # 1 # ID=71_118;partial=00;start_type=ATG;rbs_motif=GGA/GAG/AGG;rbs_spacer=5-10bp;gc_cont=0.386
contig_68:30422-33733|-   -           1104 384at766             -            392   4.5e-08   28.9   5.7   1   4   6.8e-05     0.024   10.1   0.1     9   152    53   207    48   220 0.72 contig_68_24 # 30422 # 33733 # -1 # ID=61_24;partial=00;start_type=ATG;rbs_motif=None;rbs_spacer=None;gc_cont=0.368
contig_68:30422-33733|-   -           1104 384at766             -            392   4.5e-08   28.9   5.7   2   4      0.14        49   -0.8   0.1   130   186   446   503   426   516 0.78 contig_68_24 # 30422 # 33733 # -1 # ID=61_24;partial=00;start_type=ATG;rbs_motif=None;rbs_spacer=None;gc_cont=0.368
contig_68:30422-33733|-   -           1104 384at766             -            392   4.5e-08   28.9   5.7   3   4   1.2e-07   4.3e-05   19.1   0.0   239   285   621   668   588   700 0.78 contig_68_24 # 30422 # 33733 # -1 # ID=61_24;partial=00;start_type=ATG;rbs_motif=None;rbs_spacer=None;gc_cont=0.368
contig_68:30422-33733|-   -           1104 384at766             -            392   4.5e-08   28.9   5.7   4   4      0.35   1.2e+02   -2.2   0.2   271   342   981  1055   975  1079 0.67 contig_68_24 # 30422 # 33733 # -1 # ID=61_24;partial=00;start_type=ATG;rbs_motif=None;rbs_spacer=None;gc_cont=0.368
#
# Program:         hmmsearch
# Version:         3.4 (Aug 2023)
# Pipeline mode:   SEARCH
# Query file:      /private/groups/russelllab/jodie/Jacobs_et_al_2026_de_novo_wRi_merrill_23_assembly/busco_downloads/lineages/rickettsiales_odb10/hmms/384at766.hmm
# Target file:     private/groups/russelllab/jodie/Jacobs_et_al_2026_de_novo_wRi_merrill_23_assembly/busco/20251218_Merrill23_wRi/wRi/assembly/prodigal_output/predicted_genes/predicted.faa
# Option settings: hmmsearch --domtblout private/groups/russelllab/jodie/Jacobs_et_al_2026_de_novo_wRi_merrill_23_assembly/busco/20251218_Merrill23_wRi/wRi/assembly/run_rickettsiales_odb10/hmmer_output/384at766.out --cpu 1 /private/groups/russelllab/jodie/Jacobs_et_al_2026_de_novo_wRi_merrill_23_assembly/busco_downloads/lineages/rickettsiales_odb10/hmms/384at766.hmm private/groups/russelllab/jodie/Jacobs_et_al_2026_de_novo_wRi_merrill_23_assembly/busco/20251218_Merrill23_wRi/wRi/assembly/prodigal_output/predicted_genes/predicted.faa 
# Current dir:     /private/groups/russelllab/jodie/Jacobs_et_al_2026_de_novo_wRi_merrill_23_assembly
# Date:            Fri Jan 16 13:08:00 2026
# [ok]
