#                                                                              --- full sequence --- -------------- this domain -------------   hmm coord   ali coord   env coord
# target name          accession   tlen query name           accession   qlen   E-value  score  bias   #  of  c-Evalue  i-Evalue  score  bias  from    to  from    to  from    to  acc description of target
#  ------------------- ---------- ----- -------------------- ---------- ----- --------- ------ ----- --- --- --------- --------- ------ ----- ----- ----- ----- ----- ----- ----- ---- ---------------------
contig_71:5769-7142|-  -            458 431at766             -            350  7.3e-152  501.8  15.0   1   3  1.2e-149  5.9e-147  485.6   3.7     2   288     3   324     2   339 0.90 contig_71_4 # 5769 # 7142 # -1 # ID=65_4;partial=00;start_type=ATG;rbs_motif=None;rbs_spacer=None;gc_cont=0.338
contig_71:5769-7142|-  -            458 431at766             -            350  7.3e-152  501.8  15.0   2   3   3.9e-05     0.019   10.4   0.4   276   327   334   385   322   394 0.73 contig_71_4 # 5769 # 7142 # -1 # ID=65_4;partial=00;start_type=ATG;rbs_motif=None;rbs_spacer=None;gc_cont=0.338
contig_71:5769-7142|-  -            458 431at766             -            350  7.3e-152  501.8  15.0   3   3   3.4e-06    0.0016   13.9   0.3   315   344   416   448   411   457 0.73 contig_71_4 # 5769 # 7142 # -1 # ID=65_4;partial=00;start_type=ATG;rbs_motif=None;rbs_spacer=None;gc_cont=0.338
contig_108:7045-8691|+ -            549 431at766             -            350   2.1e-07   26.7   0.1   1   2   3.6e-06    0.0017   13.8   0.0    12    87     2    77     1   125 0.82 contig_108_6 # 7045 # 8691 # 1 # ID=5_6;partial=00;start_type=ATG;rbs_motif=None;rbs_spacer=None;gc_cont=0.400
contig_108:7045-8691|+ -            549 431at766             -            350   2.1e-07   26.7   0.1   2   2   3.3e-05     0.016   10.6   0.0   179   272   281   372   268   396 0.67 contig_108_6 # 7045 # 8691 # 1 # ID=5_6;partial=00;start_type=ATG;rbs_motif=None;rbs_spacer=None;gc_cont=0.400
contig_101:7635-9341|+ -            569 431at766             -            350   1.9e-05   20.2   0.3   1   2    0.0019      0.91    4.8   0.0    28    62   135   169   119   188 0.82 contig_101_7 # 7635 # 9341 # 1 # ID=2_7;partial=00;start_type=ATG;rbs_motif=None;rbs_spacer=None;gc_cont=0.380
contig_101:7635-9341|+ -            569 431at766             -            350   1.9e-05   20.2   0.3   2   2   5.8e-06    0.0027   13.1   0.0   229   282   386   438   366   445 0.85 contig_101_7 # 7635 # 9341 # 1 # ID=2_7;partial=00;start_type=ATG;rbs_motif=None;rbs_spacer=None;gc_cont=0.380
#
# Program:         hmmsearch
# Version:         3.4 (Aug 2023)
# Pipeline mode:   SEARCH
# Query file:      /private/groups/russelllab/jodie/Jacobs_et_al_2026_de_novo_wRi_merrill_23_assembly/busco_downloads/lineages/rickettsiales_odb10/hmms/431at766.hmm
# Target file:     private/groups/russelllab/jodie/Jacobs_et_al_2026_de_novo_wRi_merrill_23_assembly/busco/20251218_Merrill23_wRi/wRi/assembly/prodigal_output/predicted_genes/predicted.faa
# Option settings: hmmsearch --domtblout private/groups/russelllab/jodie/Jacobs_et_al_2026_de_novo_wRi_merrill_23_assembly/busco/20251218_Merrill23_wRi/wRi/assembly/run_rickettsiales_odb10/hmmer_output/431at766.out --cpu 1 /private/groups/russelllab/jodie/Jacobs_et_al_2026_de_novo_wRi_merrill_23_assembly/busco_downloads/lineages/rickettsiales_odb10/hmms/431at766.hmm private/groups/russelllab/jodie/Jacobs_et_al_2026_de_novo_wRi_merrill_23_assembly/busco/20251218_Merrill23_wRi/wRi/assembly/prodigal_output/predicted_genes/predicted.faa 
# Current dir:     /private/groups/russelllab/jodie/Jacobs_et_al_2026_de_novo_wRi_merrill_23_assembly
# Date:            Fri Jan 16 13:08:00 2026
# [ok]
