#                                                                               --- full sequence --- -------------- this domain -------------   hmm coord   ali coord   env coord
# target name           accession   tlen query name           accession   qlen   E-value  score  bias   #  of  c-Evalue  i-Evalue  score  bias  from    to  from    to  from    to  acc description of target
#   ------------------- ---------- ----- -------------------- ---------- ----- --------- ------ ----- --- --- --------- --------- ------ ----- ----- ----- ----- ----- ----- ----- ---- ---------------------
contig_82:40257-41582|- -            442 452at766             -            327  3.9e-113  374.4   9.0   1   2   1.3e-79   2.7e-77  256.6   6.2     1   225     3   300     3   318 0.85 contig_82_46 # 40257 # 41582 # -1 # ID=75_46;partial=00;start_type=ATG;rbs_motif=None;rbs_spacer=None;gc_cont=0.373
contig_82:40257-41582|- -            442 452at766             -            327  3.9e-113  374.4   9.0   2   2     1e-34   2.1e-32  109.1   0.0   225   327   323   439   316   439 0.93 contig_82_46 # 40257 # 41582 # -1 # ID=75_46;partial=00;start_type=ATG;rbs_motif=None;rbs_spacer=None;gc_cont=0.373
contig_89:10693-11577|- -            295 452at766             -            327   9.5e-16   54.3   3.9   1   2   3.5e-16     7e-14   48.2   2.1   109   226     7   131     3   142 0.76 contig_89_10 # 10693 # 11577 # -1 # ID=78_10;partial=00;start_type=GTG;rbs_motif=None;rbs_spacer=None;gc_cont=0.350
contig_89:10693-11577|- -            295 452at766             -            327   9.5e-16   54.3   3.9   2   2    0.0026      0.52    5.9   0.0    85   112   144   172   133   176 0.80 contig_89_10 # 10693 # 11577 # -1 # ID=78_10;partial=00;start_type=GTG;rbs_motif=None;rbs_spacer=None;gc_cont=0.350
contig_63:62980-64308|+ -            443 452at766             -            327   6.9e-12   41.6   0.0   1   1   1.3e-13   2.7e-11   39.7   0.0     2    50   220   267   219   278 0.88 contig_63_66 # 62980 # 64308 # 1 # ID=57_66;partial=00;start_type=ATG;rbs_motif=AGxAG;rbs_spacer=11-12bp;gc_cont=0.359
contig_64:2984-3577|-   -            198 452at766             -            327   3.1e-08   29.6   1.6   1   1   6.7e-10   1.4e-07   27.5   1.6   111   248    29   175    28   195 0.55 contig_64_4 # 2984 # 3577 # -1 # ID=58_4;partial=00;start_type=ATG;rbs_motif=None;rbs_spacer=None;gc_cont=0.318
contig_68:5573-6667|+   -            365 452at766             -            327   5.4e-08   28.8   0.2   1   3   3.4e-09   6.8e-07   25.2   0.0     4    36     7    39     4    66 0.91 contig_68_5 # 5573 # 6667 # 1 # ID=61_5;partial=00;start_type=ATG;rbs_motif=None;rbs_spacer=None;gc_cont=0.380
contig_68:5573-6667|+   -            365 452at766             -            327   5.4e-08   28.8   0.2   2   3      0.74   1.5e+02   -2.2   0.0   145   165    63    83    35   100 0.58 contig_68_5 # 5573 # 6667 # 1 # ID=61_5;partial=00;start_type=ATG;rbs_motif=None;rbs_spacer=None;gc_cont=0.380
contig_68:5573-6667|+   -            365 452at766             -            327   5.4e-08   28.8   0.2   3   3      0.09        18    0.8   0.1    37   105   179   248   158   250 0.79 contig_68_5 # 5573 # 6667 # 1 # ID=61_5;partial=00;start_type=ATG;rbs_motif=None;rbs_spacer=None;gc_cont=0.380
contig_52:3730-5526|+   -            599 452at766             -            327   5.8e-05   18.9   1.9   1   2   9.1e-05     0.018   10.6   0.2   178   223    89   135     2   139 0.73 contig_52_5 # 3730 # 5526 # 1 # ID=48_5;partial=00;start_type=ATG;rbs_motif=None;rbs_spacer=None;gc_cont=0.378
contig_52:3730-5526|+   -            599 452at766             -            327   5.8e-05   18.9   1.9   2   2    0.0034      0.68    5.5   0.1    84   109   152   177   140   180 0.84 contig_52_5 # 3730 # 5526 # 1 # ID=48_5;partial=00;start_type=ATG;rbs_motif=None;rbs_spacer=None;gc_cont=0.378
contig_85:5714-6736|+   -            341 452at766             -            327    0.0042   12.8   1.0   1   1   0.00019     0.039    9.6   0.7     2    34   162   193   161   313 0.73 contig_85_5 # 5714 # 6736 # 1 # ID=77_5;partial=00;start_type=ATG;rbs_motif=None;rbs_spacer=None;gc_cont=0.362
#
# Program:         hmmsearch
# Version:         3.4 (Aug 2023)
# Pipeline mode:   SEARCH
# Query file:      /private/groups/russelllab/jodie/Jacobs_et_al_2026_de_novo_wRi_merrill_23_assembly/busco_downloads/lineages/rickettsiales_odb10/hmms/452at766.hmm
# Target file:     private/groups/russelllab/jodie/Jacobs_et_al_2026_de_novo_wRi_merrill_23_assembly/busco/20251218_Merrill23_wRi/wRi/assembly/prodigal_output/predicted_genes/predicted.faa
# Option settings: hmmsearch --domtblout private/groups/russelllab/jodie/Jacobs_et_al_2026_de_novo_wRi_merrill_23_assembly/busco/20251218_Merrill23_wRi/wRi/assembly/run_rickettsiales_odb10/hmmer_output/452at766.out --cpu 1 /private/groups/russelllab/jodie/Jacobs_et_al_2026_de_novo_wRi_merrill_23_assembly/busco_downloads/lineages/rickettsiales_odb10/hmms/452at766.hmm private/groups/russelllab/jodie/Jacobs_et_al_2026_de_novo_wRi_merrill_23_assembly/busco/20251218_Merrill23_wRi/wRi/assembly/prodigal_output/predicted_genes/predicted.faa 
# Current dir:     /private/groups/russelllab/jodie/Jacobs_et_al_2026_de_novo_wRi_merrill_23_assembly
# Date:            Fri Jan 16 13:08:01 2026
# [ok]
