#                                                                               --- full sequence --- -------------- this domain -------------   hmm coord   ali coord   env coord
# target name           accession   tlen query name           accession   qlen   E-value  score  bias   #  of  c-Evalue  i-Evalue  score  bias  from    to  from    to  from    to  acc description of target
#   ------------------- ---------- ----- -------------------- ---------- ----- --------- ------ ----- --- --- --------- --------- ------ ----- ----- ----- ----- ----- ----- ----- ---- ---------------------
contig_63:92959-94893|- -            645 538at766             -            530  2.1e-255  844.6   7.4   1   3  2.3e-229  6.4e-227  750.6   0.4     1   431     3   472     3   480 0.93 contig_63_95 # 92959 # 94893 # -1 # ID=57_95;partial=00;start_type=ATG;rbs_motif=None;rbs_spacer=None;gc_cont=0.396
contig_63:92959-94893|- -            645 538at766             -            530  2.1e-255  844.6   7.4   2   3   4.1e-09   1.2e-06   23.8   0.0   423   465   484   532   474   551 0.81 contig_63_95 # 92959 # 94893 # -1 # ID=57_95;partial=00;start_type=ATG;rbs_motif=None;rbs_spacer=None;gc_cont=0.396
contig_63:92959-94893|- -            645 538at766             -            530  2.1e-255  844.6   7.4   3   3   7.4e-24   2.1e-21   72.4   1.7   460   530   551   633   536   633 0.85 contig_63_95 # 92959 # 94893 # -1 # ID=57_95;partial=00;start_type=ATG;rbs_motif=None;rbs_spacer=None;gc_cont=0.396
contig_95:5058-6992|+   -            645 538at766             -            530  2.1e-255  844.6   7.4   1   3  2.3e-229  6.4e-227  750.6   0.4     1   431     3   472     3   480 0.93 contig_95_6 # 5058 # 6992 # 1 # ID=82_6;partial=00;start_type=ATG;rbs_motif=None;rbs_spacer=None;gc_cont=0.395
contig_95:5058-6992|+   -            645 538at766             -            530  2.1e-255  844.6   7.4   2   3   4.1e-09   1.2e-06   23.8   0.0   423   465   484   532   474   551 0.81 contig_95_6 # 5058 # 6992 # 1 # ID=82_6;partial=00;start_type=ATG;rbs_motif=None;rbs_spacer=None;gc_cont=0.395
contig_95:5058-6992|+   -            645 538at766             -            530  2.1e-255  844.6   7.4   3   3   7.4e-24   2.1e-21   72.4   1.7   460   530   551   633   536   633 0.85 contig_95_6 # 5058 # 6992 # 1 # ID=82_6;partial=00;start_type=ATG;rbs_motif=None;rbs_spacer=None;gc_cont=0.395
contig_69:52254-53627|+ -            458 538at766             -            530   6.5e-06   21.3   0.4   1   3   2.1e-06    0.0006   14.8   0.2     1    42     3    44     3    55 0.93 contig_69_62 # 52254 # 53627 # 1 # ID=62_62;partial=00;start_type=ATG;rbs_motif=None;rbs_spacer=None;gc_cont=0.370
contig_69:52254-53627|+ -            458 538at766             -            530   6.5e-06   21.3   0.4   2   3      0.26        74   -2.0   0.0   383   420    56    93    47   112 0.73 contig_69_62 # 52254 # 53627 # 1 # ID=62_62;partial=00;start_type=ATG;rbs_motif=None;rbs_spacer=None;gc_cont=0.370
contig_69:52254-53627|+ -            458 538at766             -            530   6.5e-06   21.3   0.4   3   3     0.005       1.4    3.7   0.0     4    36   175   207   173   214 0.93 contig_69_62 # 52254 # 53627 # 1 # ID=62_62;partial=00;start_type=ATG;rbs_motif=None;rbs_spacer=None;gc_cont=0.370
contig_89:2468-3838|-   -            457 538at766             -            530   6.6e-06   21.3   0.9   1   2   1.1e-06   0.00032   15.7   0.1     2    37     4    39     3    51 0.89 contig_89_3 # 2468 # 3838 # -1 # ID=78_3;partial=00;start_type=ATG;rbs_motif=GGA/GAG/AGG;rbs_spacer=5-10bp;gc_cont=0.392
contig_89:2468-3838|-   -            457 538at766             -            530   6.6e-06   21.3   0.9   2   2    0.0047       1.3    3.8   0.0     3    31   172   200   170   212 0.88 contig_89_3 # 2468 # 3838 # -1 # ID=78_3;partial=00;start_type=ATG;rbs_motif=GGA/GAG/AGG;rbs_spacer=5-10bp;gc_cont=0.392
contig_54:39-977|-      -            313 538at766             -            530    0.0068   11.3   1.8   1   2    0.0014       0.4    5.5   0.3     3    37     9    43     7    52 0.86 contig_54_1 # 39 # 977 # -1 # ID=50_1;partial=00;start_type=GTG;rbs_motif=None;rbs_spacer=None;gc_cont=0.390
contig_54:39-977|-      -            313 538at766             -            530    0.0068   11.3   1.8   2   2    0.0018      0.52    5.1   0.1     4    36   153   185   150   190 0.90 contig_54_1 # 39 # 977 # -1 # ID=50_1;partial=00;start_type=GTG;rbs_motif=None;rbs_spacer=None;gc_cont=0.390
#
# Program:         hmmsearch
# Version:         3.4 (Aug 2023)
# Pipeline mode:   SEARCH
# Query file:      /private/groups/russelllab/jodie/Jacobs_et_al_2026_de_novo_wRi_merrill_23_assembly/busco_downloads/lineages/rickettsiales_odb10/hmms/538at766.hmm
# Target file:     private/groups/russelllab/jodie/Jacobs_et_al_2026_de_novo_wRi_merrill_23_assembly/busco/20251218_Merrill23_wRi/wRi/assembly/prodigal_output/predicted_genes/predicted.faa
# Option settings: hmmsearch --domtblout private/groups/russelllab/jodie/Jacobs_et_al_2026_de_novo_wRi_merrill_23_assembly/busco/20251218_Merrill23_wRi/wRi/assembly/run_rickettsiales_odb10/hmmer_output/538at766.out --cpu 1 /private/groups/russelllab/jodie/Jacobs_et_al_2026_de_novo_wRi_merrill_23_assembly/busco_downloads/lineages/rickettsiales_odb10/hmms/538at766.hmm private/groups/russelllab/jodie/Jacobs_et_al_2026_de_novo_wRi_merrill_23_assembly/busco/20251218_Merrill23_wRi/wRi/assembly/prodigal_output/predicted_genes/predicted.faa 
# Current dir:     /private/groups/russelllab/jodie/Jacobs_et_al_2026_de_novo_wRi_merrill_23_assembly
# Date:            Fri Jan 16 13:08:01 2026
# [ok]
