#                                                                                --- full sequence --- -------------- this domain -------------   hmm coord   ali coord   env coord
# target name            accession   tlen query name           accession   qlen   E-value  score  bias   #  of  c-Evalue  i-Evalue  score  bias  from    to  from    to  from    to  acc description of target
#    ------------------- ---------- ----- -------------------- ---------- ----- --------- ------ ----- --- --- --------- --------- ------ ----- ----- ----- ----- ----- ----- ----- ---- ---------------------
contig_69:59050-60327|+  -            426 650at766             -            324  1.8e-155  513.3  13.1   1   2   2.3e-09   3.3e-07   26.1   1.1     1    37    10    53    10    68 0.83 contig_69_70 # 59050 # 60327 # 1 # ID=62_70;partial=00;start_type=ATG;rbs_motif=GGA/GAG/AGG;rbs_spacer=5-10bp;gc_cont=0.367
contig_69:59050-60327|+  -            426 650at766             -            324  1.8e-155  513.3  13.1   2   2  4.1e-150  5.8e-148  488.6   5.0    31   316    73   387    60   393 0.91 contig_69_70 # 59050 # 60327 # 1 # ID=62_70;partial=00;start_type=ATG;rbs_motif=GGA/GAG/AGG;rbs_spacer=5-10bp;gc_cont=0.367
contig_81:5150-6640|-    -            497 650at766             -            324   5.7e-45  150.2   4.1   1   3   3.3e-24   4.8e-22   74.8   0.0    29   132    67   176    58   191 0.87 contig_81_6 # 5150 # 6640 # -1 # ID=74_6;partial=00;start_type=ATG;rbs_motif=GGAG/GAGG;rbs_spacer=5-10bp;gc_cont=0.371
contig_81:5150-6640|-    -            497 650at766             -            324   5.7e-45  150.2   4.1   2   3   2.3e-09   3.3e-07   26.1   0.1   132   207   303   364   294   369 0.84 contig_81_6 # 5150 # 6640 # -1 # ID=74_6;partial=00;start_type=ATG;rbs_motif=GGAG/GAGG;rbs_spacer=5-10bp;gc_cont=0.371
contig_81:5150-6640|-    -            497 650at766             -            324   5.7e-45  150.2   4.1   3   3   3.7e-16   5.3e-14   48.4   0.4   235   320   371   466   366   469 0.83 contig_81_6 # 5150 # 6640 # -1 # ID=74_6;partial=00;start_type=ATG;rbs_motif=GGAG/GAGG;rbs_spacer=5-10bp;gc_cont=0.371
contig_84:75-1565|-      -            497 650at766             -            324   5.7e-45  150.2   4.1   1   3   3.3e-24   4.8e-22   74.8   0.0    29   132    67   176    58   191 0.87 contig_84_1 # 75 # 1565 # -1 # ID=76_1;partial=00;start_type=ATG;rbs_motif=GGAG/GAGG;rbs_spacer=5-10bp;gc_cont=0.371
contig_84:75-1565|-      -            497 650at766             -            324   5.7e-45  150.2   4.1   2   3   2.3e-09   3.3e-07   26.1   0.1   132   207   303   364   294   369 0.84 contig_84_1 # 75 # 1565 # -1 # ID=76_1;partial=00;start_type=ATG;rbs_motif=GGAG/GAGG;rbs_spacer=5-10bp;gc_cont=0.371
contig_84:75-1565|-      -            497 650at766             -            324   5.7e-45  150.2   4.1   3   3   3.7e-16   5.3e-14   48.4   0.4   235   320   371   466   366   469 0.83 contig_84_1 # 75 # 1565 # -1 # ID=76_1;partial=00;start_type=ATG;rbs_motif=GGAG/GAGG;rbs_spacer=5-10bp;gc_cont=0.371
contig_119:14779-17340|- -            854 650at766             -            324     8e-15   51.1   0.3   1   3   1.4e-05    0.0019   13.7   0.0    65   143   199   284   185   298 0.80 contig_119_15 # 14779 # 17340 # -1 # ID=14_15;partial=00;start_type=ATG;rbs_motif=None;rbs_spacer=None;gc_cont=0.377
contig_119:14779-17340|- -            854 650at766             -            324     8e-15   51.1   0.3   2   3   7.8e-08   1.1e-05   21.0   0.0    31    91   561   621   555   628 0.95 contig_119_15 # 14779 # 17340 # -1 # ID=14_15;partial=00;start_type=ATG;rbs_motif=None;rbs_spacer=None;gc_cont=0.377
contig_119:14779-17340|- -            854 650at766             -            324     8e-15   51.1   0.3   3   3   3.6e-05    0.0051   12.3   0.1   226   323   735   834   716   835 0.80 contig_119_15 # 14779 # 17340 # -1 # ID=14_15;partial=00;start_type=ATG;rbs_motif=None;rbs_spacer=None;gc_cont=0.377
contig_70:40939-43245|+  -            769 650at766             -            324   1.6e-12   43.6   2.4   1   3     0.058       8.2    1.8   0.0    66   144   229   313   189   324 0.59 contig_70_40 # 40939 # 43245 # 1 # ID=64_40;partial=00;start_type=ATG;rbs_motif=GGA/GAG/AGG;rbs_spacer=5-10bp;gc_cont=0.339
contig_70:40939-43245|+  -            769 650at766             -            324   1.6e-12   43.6   2.4   2   3   2.3e-08   3.3e-06   22.8   0.0    29   135   470   580   446   600 0.73 contig_70_40 # 40939 # 43245 # 1 # ID=64_40;partial=00;start_type=ATG;rbs_motif=GGA/GAG/AGG;rbs_spacer=5-10bp;gc_cont=0.339
contig_70:40939-43245|+  -            769 650at766             -            324   1.6e-12   43.6   2.4   3   3   1.4e-06   0.00019   17.0   0.2   194   312   615   735   607   747 0.79 contig_70_40 # 40939 # 43245 # 1 # ID=64_40;partial=00;start_type=ATG;rbs_motif=GGA/GAG/AGG;rbs_spacer=5-10bp;gc_cont=0.339
contig_70:56815-58653|-  -            613 650at766             -            324   1.7e-05   20.5   0.1   1   2   3.7e-07   5.2e-05   18.8   0.0    69   147   189   261   152   265 0.76 contig_70_56 # 56815 # 58653 # -1 # ID=64_56;partial=00;start_type=ATG;rbs_motif=None;rbs_spacer=None;gc_cont=0.372
contig_70:56815-58653|-  -            613 650at766             -            324   1.7e-05   20.5   0.1   2   2       1.5   2.2e+02   -2.9   0.0   214   266   520   569   510   585 0.63 contig_70_56 # 56815 # 58653 # -1 # ID=64_56;partial=00;start_type=ATG;rbs_motif=None;rbs_spacer=None;gc_cont=0.372
contig_120:25539-26636|+ -            366 650at766             -            324   1.8e-05   20.4   0.0   1   1   2.3e-07   3.3e-05   19.5   0.0    70   153   137   214    97   232 0.80 contig_120_27 # 25539 # 26636 # 1 # ID=16_27;partial=00;start_type=ATG;rbs_motif=GGA/GAG/AGG;rbs_spacer=5-10bp;gc_cont=0.359
contig_78:4498-5472|-    -            325 650at766             -            324   0.00011   17.8   0.0   1   1   2.1e-06   0.00029   16.4   0.0    30   109    19    93    11   126 0.76 contig_78_5 # 4498 # 5472 # -1 # ID=71_5;partial=00;start_type=ATG;rbs_motif=AGGAG/GGAGG;rbs_spacer=11-12bp;gc_cont=0.389
contig_82:29311-30285|+  -            325 650at766             -            324   0.00011   17.8   0.0   1   1   2.1e-06   0.00029   16.4   0.0    30   109    19    93    11   126 0.76 contig_82_34 # 29311 # 30285 # 1 # ID=75_34;partial=00;start_type=ATG;rbs_motif=AGGAG/GGAGG;rbs_spacer=11-12bp;gc_cont=0.389
contig_68:44009-44632|+  -            208 650at766             -            324    0.0019   13.7   0.0   1   1   2.1e-05    0.0029   13.1   0.0    60    90    20    50     7    55 0.81 contig_68_33 # 44009 # 44632 # 1 # ID=61_33;partial=00;start_type=ATG;rbs_motif=3Base/5BMM;rbs_spacer=13-15bp;gc_cont=0.361
#
# Program:         hmmsearch
# Version:         3.4 (Aug 2023)
# Pipeline mode:   SEARCH
# Query file:      /private/groups/russelllab/jodie/Jacobs_et_al_2026_de_novo_wRi_merrill_23_assembly/busco_downloads/lineages/rickettsiales_odb10/hmms/650at766.hmm
# Target file:     private/groups/russelllab/jodie/Jacobs_et_al_2026_de_novo_wRi_merrill_23_assembly/busco/20251218_Merrill23_wRi/wRi/assembly/prodigal_output/predicted_genes/predicted.faa
# Option settings: hmmsearch --domtblout private/groups/russelllab/jodie/Jacobs_et_al_2026_de_novo_wRi_merrill_23_assembly/busco/20251218_Merrill23_wRi/wRi/assembly/run_rickettsiales_odb10/hmmer_output/650at766.out --cpu 1 /private/groups/russelllab/jodie/Jacobs_et_al_2026_de_novo_wRi_merrill_23_assembly/busco_downloads/lineages/rickettsiales_odb10/hmms/650at766.hmm private/groups/russelllab/jodie/Jacobs_et_al_2026_de_novo_wRi_merrill_23_assembly/busco/20251218_Merrill23_wRi/wRi/assembly/prodigal_output/predicted_genes/predicted.faa 
# Current dir:     /private/groups/russelllab/jodie/Jacobs_et_al_2026_de_novo_wRi_merrill_23_assembly
# Date:            Fri Jan 16 13:08:01 2026
# [ok]
