#                                                                                 --- full sequence --- -------------- this domain -------------   hmm coord   ali coord   env coord
# target name             accession   tlen query name           accession   qlen   E-value  score  bias   #  of  c-Evalue  i-Evalue  score  bias  from    to  from    to  from    to  acc description of target
#     ------------------- ---------- ----- -------------------- ---------- ----- --------- ------ ----- --- --- --------- --------- ------ ----- ----- ----- ----- ----- ----- ----- ---- ---------------------
contig_101:7635-9341|+    -            569 740at766             -            464  3.4e-206  681.6   2.9   1   1  1.3e-206  3.8e-204  674.8   2.9     5   464    40   567    35   567 0.90 contig_101_7 # 7635 # 9341 # 1 # ID=2_7;partial=00;start_type=ATG;rbs_motif=None;rbs_spacer=None;gc_cont=0.380
contig_120:13102-15573|-  -            824 740at766             -            464     1e-05   20.6   0.0   1   2   4.5e-05     0.013   10.4   0.0    54   122    35   103    27   151 0.84 contig_120_15 # 13102 # 15573 # -1 # ID=16_15;partial=00;start_type=ATG;rbs_motif=GGA/GAG/AGG;rbs_spacer=5-10bp;gc_cont=0.384
contig_120:13102-15573|-  -            824 740at766             -            464     1e-05   20.6   0.0   2   2   0.00026     0.074    7.9   0.1   294   330   546   582   519   704 0.73 contig_120_15 # 13102 # 15573 # -1 # ID=16_15;partial=00;start_type=ATG;rbs_motif=GGA/GAG/AGG;rbs_spacer=5-10bp;gc_cont=0.384
contig_71:5769-7142|-     -            458 740at766             -            464   2.2e-05   19.5   0.9   1   2   4.5e-05     0.013   10.4   0.1    66   105    35    74    19   140 0.79 contig_71_4 # 5769 # 7142 # -1 # ID=65_4;partial=00;start_type=ATG;rbs_motif=None;rbs_spacer=None;gc_cont=0.338
contig_71:5769-7142|-     -            458 740at766             -            464   2.2e-05   19.5   0.9   2   2   0.00034     0.096    7.5   0.1   296   341   270   316   259   327 0.84 contig_71_4 # 5769 # 7142 # -1 # ID=65_4;partial=00;start_type=ATG;rbs_motif=None;rbs_spacer=None;gc_cont=0.338
contig_78:129563-132079|+ -            839 740at766             -            464    0.0002   16.4   0.0   1   2     3e-06   0.00086   14.3   0.0    61    93    36    68    17    71 0.84 contig_78_118 # 129563 # 132079 # 1 # ID=71_118;partial=00;start_type=ATG;rbs_motif=GGA/GAG/AGG;rbs_spacer=5-10bp;gc_cont=0.386
contig_78:129563-132079|+ -            839 740at766             -            464    0.0002   16.4   0.0   2   2      0.13        38   -1.0   0.0   291   326   606   641   597   651 0.87 contig_78_118 # 129563 # 132079 # 1 # ID=71_118;partial=00;start_type=ATG;rbs_motif=GGA/GAG/AGG;rbs_spacer=5-10bp;gc_cont=0.386
contig_108:7045-8691|+    -            549 740at766             -            464   0.00046   15.2   0.0   1   2   7.2e-05      0.02    9.7   0.0    68   120    21    73     8   141 0.84 contig_108_6 # 7045 # 8691 # 1 # ID=5_6;partial=00;start_type=ATG;rbs_motif=None;rbs_spacer=None;gc_cont=0.400
contig_108:7045-8691|+    -            549 740at766             -            464   0.00046   15.2   0.0   2   2     0.008       2.3    3.0   0.0   296   365   334   404   323   450 0.75 contig_108_6 # 7045 # 8691 # 1 # ID=5_6;partial=00;start_type=ATG;rbs_motif=None;rbs_spacer=None;gc_cont=0.400
#
# Program:         hmmsearch
# Version:         3.4 (Aug 2023)
# Pipeline mode:   SEARCH
# Query file:      /private/groups/russelllab/jodie/Jacobs_et_al_2026_de_novo_wRi_merrill_23_assembly/busco_downloads/lineages/rickettsiales_odb10/hmms/740at766.hmm
# Target file:     private/groups/russelllab/jodie/Jacobs_et_al_2026_de_novo_wRi_merrill_23_assembly/busco/20251218_Merrill23_wRi/wRi/assembly/prodigal_output/predicted_genes/predicted.faa
# Option settings: hmmsearch --domtblout private/groups/russelllab/jodie/Jacobs_et_al_2026_de_novo_wRi_merrill_23_assembly/busco/20251218_Merrill23_wRi/wRi/assembly/run_rickettsiales_odb10/hmmer_output/740at766.out --cpu 1 /private/groups/russelllab/jodie/Jacobs_et_al_2026_de_novo_wRi_merrill_23_assembly/busco_downloads/lineages/rickettsiales_odb10/hmms/740at766.hmm private/groups/russelllab/jodie/Jacobs_et_al_2026_de_novo_wRi_merrill_23_assembly/busco/20251218_Merrill23_wRi/wRi/assembly/prodigal_output/predicted_genes/predicted.faa 
# Current dir:     /private/groups/russelllab/jodie/Jacobs_et_al_2026_de_novo_wRi_merrill_23_assembly
# Date:            Fri Jan 16 13:08:01 2026
# [ok]
