#                                                                               --- full sequence --- -------------- this domain -------------   hmm coord   ali coord   env coord
# target name           accession   tlen query name           accession   qlen   E-value  score  bias   #  of  c-Evalue  i-Evalue  score  bias  from    to  from    to  from    to  acc description of target
#   ------------------- ---------- ----- -------------------- ---------- ----- --------- ------ ----- --- --- --------- --------- ------ ----- ----- ----- ----- ----- ----- ----- ---- ---------------------
contig_63:49478-50920|+ -            481 794at766             -            371  6.5e-152  502.2  64.2   1   2     1e-40   2.1e-38  128.7  24.1    11   138    50   185    25   198 0.82 contig_63_51 # 49478 # 50920 # 1 # ID=57_51;partial=00;start_type=GTG;rbs_motif=None;rbs_spacer=None;gc_cont=0.351
contig_63:49478-50920|+ -            481 794at766             -            371  6.5e-152  502.2  64.2   2   2  1.6e-115  3.3e-113  374.9  31.8   130   351   201   429   189   467 0.93 contig_63_51 # 49478 # 50920 # 1 # ID=57_51;partial=00;start_type=GTG;rbs_motif=None;rbs_spacer=None;gc_cont=0.351
contig_82:33783-35249|- -            489 794at766             -            371   2.2e-34  115.5  50.7   1   3      0.45        92   -1.7   0.6     3    26     3    26     1    57 0.47 contig_82_38 # 33783 # 35249 # -1 # ID=75_38;partial=00;start_type=ATG;rbs_motif=None;rbs_spacer=None;gc_cont=0.344
contig_82:33783-35249|- -            489 794at766             -            371   2.2e-34  115.5  50.7   2   3   0.00027     0.055    8.9  15.8    29   132    68   184    29   201 0.81 contig_82_38 # 33783 # 35249 # -1 # ID=75_38;partial=00;start_type=ATG;rbs_motif=None;rbs_spacer=None;gc_cont=0.344
contig_82:33783-35249|- -            489 794at766             -            371   2.2e-34  115.5  50.7   3   3   3.7e-36   7.4e-34  113.8  24.5   134   343   211   432   197   439 0.87 contig_82_38 # 33783 # 35249 # -1 # ID=75_38;partial=00;start_type=ATG;rbs_motif=None;rbs_spacer=None;gc_cont=0.344
contig_78:2-1003|+      -            334 794at766             -            371   2.3e-34  115.4  24.3   1   2     0.044       8.9    1.6   0.1   250   283     4    38     2    46 0.79 contig_78_1 # 2 # 1003 # 1 # ID=71_1;partial=10;start_type=Edge;rbs_motif=None;rbs_spacer=None;gc_cont=0.354
contig_78:2-1003|+      -            334 794at766             -            371   2.3e-34  115.4  24.3   2   2   1.1e-36   2.3e-34  115.4  24.3   134   343    56   277    45   284 0.87 contig_78_1 # 2 # 1003 # 1 # ID=71_1;partial=10;start_type=Edge;rbs_motif=None;rbs_spacer=None;gc_cont=0.354
contig_72:8380-9888|+   -            503 794at766             -            371   2.7e-23   79.0  54.4   1   2      0.63   1.3e+02   -2.2   0.2     8    46    27    64    21    86 0.49 contig_72_11 # 8380 # 9888 # 1 # ID=66_11;partial=00;start_type=ATG;rbs_motif=None;rbs_spacer=None;gc_cont=0.342
contig_72:8380-9888|+   -            503 794at766             -            371   2.7e-23   79.0  54.4   2   2     2e-24     4e-22   75.2  49.8    32   365    91   469    75   475 0.66 contig_72_11 # 8380 # 9888 # 1 # ID=66_11;partial=00;start_type=ATG;rbs_motif=None;rbs_spacer=None;gc_cont=0.342
contig_63:50917-52281|+ -            455 794at766             -            371   1.2e-21   73.5  20.6   1   4      0.24        48   -0.8   0.8   258   277    12    31     4    50 0.65 contig_63_52 # 50917 # 52281 # 1 # ID=57_52;partial=00;start_type=ATG;rbs_motif=None;rbs_spacer=None;gc_cont=0.346
contig_63:50917-52281|+ -            455 794at766             -            371   1.2e-21   73.5  20.6   2   4     0.068        14    1.0  17.2     8   129    43   169    33   179 0.63 contig_63_52 # 50917 # 52281 # 1 # ID=57_52;partial=00;start_type=ATG;rbs_motif=None;rbs_spacer=None;gc_cont=0.346
contig_63:50917-52281|+ -            455 794at766             -            371   1.2e-21   73.5  20.6   3   4   6.1e-24   1.2e-21   73.5  20.6   133   343   198   414   175   421 0.81 contig_63_52 # 50917 # 52281 # 1 # ID=57_52;partial=00;start_type=ATG;rbs_motif=None;rbs_spacer=None;gc_cont=0.346
contig_63:50917-52281|+ -            455 794at766             -            371   1.2e-21   73.5  20.6   4   4      0.37        74   -1.4   0.2   103   130   424   451   420   453 0.79 contig_63_52 # 50917 # 52281 # 1 # ID=57_52;partial=00;start_type=ATG;rbs_motif=None;rbs_spacer=None;gc_cont=0.346
contig_63:47618-49474|+ -            619 794at766             -            371   1.7e-19   66.5  39.9   1   2   2.9e-06   0.00058   15.4  16.2    17   136    59   189    46   195 0.75 contig_63_50 # 47618 # 49474 # 1 # ID=57_50;partial=00;start_type=ATG;rbs_motif=None;rbs_spacer=None;gc_cont=0.349
contig_63:47618-49474|+ -            619 794at766             -            371   1.7e-19   66.5  39.9   2   2     1e-18   2.1e-16   56.3  15.7   129   336   216   419   206   438 0.81 contig_63_50 # 47618 # 49474 # 1 # ID=57_50;partial=00;start_type=ATG;rbs_motif=None;rbs_spacer=None;gc_cont=0.349
contig_81:51857-53416|+ -            520 794at766             -            371   1.1e-08   30.9  39.5   1   2   5.4e-11   1.1e-08   30.9  39.5    11   320    14   321     6   361 0.71 contig_81_54 # 51857 # 53416 # 1 # ID=74_54;partial=00;start_type=GTG;rbs_motif=None;rbs_spacer=None;gc_cont=0.332
contig_81:51857-53416|+ -            520 794at766             -            371   1.1e-08   30.9  39.5   2   2      0.76   1.5e+02   -2.5   0.6   204   233   469   501   410   513 0.57 contig_81_54 # 51857 # 53416 # 1 # ID=74_54;partial=00;start_type=GTG;rbs_motif=None;rbs_spacer=None;gc_cont=0.332
#
# Program:         hmmsearch
# Version:         3.4 (Aug 2023)
# Pipeline mode:   SEARCH
# Query file:      /private/groups/russelllab/jodie/Jacobs_et_al_2026_de_novo_wRi_merrill_23_assembly/busco_downloads/lineages/rickettsiales_odb10/hmms/794at766.hmm
# Target file:     private/groups/russelllab/jodie/Jacobs_et_al_2026_de_novo_wRi_merrill_23_assembly/busco/20251218_Merrill23_wRi/wRi/assembly/prodigal_output/predicted_genes/predicted.faa
# Option settings: hmmsearch --domtblout private/groups/russelllab/jodie/Jacobs_et_al_2026_de_novo_wRi_merrill_23_assembly/busco/20251218_Merrill23_wRi/wRi/assembly/run_rickettsiales_odb10/hmmer_output/794at766.out --cpu 1 /private/groups/russelllab/jodie/Jacobs_et_al_2026_de_novo_wRi_merrill_23_assembly/busco_downloads/lineages/rickettsiales_odb10/hmms/794at766.hmm private/groups/russelllab/jodie/Jacobs_et_al_2026_de_novo_wRi_merrill_23_assembly/busco/20251218_Merrill23_wRi/wRi/assembly/prodigal_output/predicted_genes/predicted.faa 
# Current dir:     /private/groups/russelllab/jodie/Jacobs_et_al_2026_de_novo_wRi_merrill_23_assembly
# Date:            Fri Jan 16 13:08:01 2026
# [ok]
