#                                                                                --- full sequence --- -------------- this domain -------------   hmm coord   ali coord   env coord
# target name            accession   tlen query name           accession   qlen   E-value  score  bias   #  of  c-Evalue  i-Evalue  score  bias  from    to  from    to  from    to  acc description of target
#    ------------------- ---------- ----- -------------------- ---------- ----- --------- ------ ----- --- --- --------- --------- ------ ----- ----- ----- ----- ----- ----- ----- ---- ---------------------
contig_81:5150-6640|-    -            497 977at766             -            391  1.8e-202  668.7  20.3   1   2   1.8e-61   3.6e-59  197.0   1.5     1   104    64   170    64   185 0.95 contig_81_6 # 5150 # 6640 # -1 # ID=74_6;partial=00;start_type=ATG;rbs_motif=GGAG/GAGG;rbs_spacer=5-10bp;gc_cont=0.371
contig_81:5150-6640|-    -            497 977at766             -            391  1.8e-202  668.7  20.3   2   2  1.4e-146  2.9e-144  477.1  11.6   101   391   189   496   180   496 0.94 contig_81_6 # 5150 # 6640 # -1 # ID=74_6;partial=00;start_type=ATG;rbs_motif=GGAG/GAGG;rbs_spacer=5-10bp;gc_cont=0.371
contig_84:75-1565|-      -            497 977at766             -            391  1.8e-202  668.7  20.3   1   2   1.8e-61   3.6e-59  197.0   1.5     1   104    64   170    64   185 0.95 contig_84_1 # 75 # 1565 # -1 # ID=76_1;partial=00;start_type=ATG;rbs_motif=GGAG/GAGG;rbs_spacer=5-10bp;gc_cont=0.371
contig_84:75-1565|-      -            497 977at766             -            391  1.8e-202  668.7  20.3   2   2  1.4e-146  2.9e-144  477.1  11.6   101   391   189   496   180   496 0.94 contig_84_1 # 75 # 1565 # -1 # ID=76_1;partial=00;start_type=ATG;rbs_motif=GGAG/GAGG;rbs_spacer=5-10bp;gc_cont=0.371
contig_69:59050-60327|+  -            426 977at766             -            391   1.7e-56  188.2   0.3   1   3   1.3e-23   2.5e-21   72.4   0.0     2   101    69   172    68   177 0.90 contig_69_70 # 59050 # 60327 # 1 # ID=62_70;partial=00;start_type=ATG;rbs_motif=GGA/GAG/AGG;rbs_spacer=5-10bp;gc_cont=0.367
contig_69:59050-60327|+  -            426 977at766             -            391   1.7e-56  188.2   0.3   2   3   1.1e-11   2.3e-09   33.0   0.1   204   262   179   255   170   260 0.74 contig_69_70 # 59050 # 60327 # 1 # ID=62_70;partial=00;start_type=ATG;rbs_motif=GGA/GAG/AGG;rbs_spacer=5-10bp;gc_cont=0.367
contig_69:59050-60327|+  -            426 977at766             -            391   1.7e-56  188.2   0.3   3   3   8.3e-26   1.7e-23   79.5   0.1   260   377   287   406   284   416 0.88 contig_69_70 # 59050 # 60327 # 1 # ID=62_70;partial=00;start_type=ATG;rbs_motif=GGA/GAG/AGG;rbs_spacer=5-10bp;gc_cont=0.367
contig_119:14779-17340|- -            854 977at766             -            391   4.2e-08   28.9   1.1   1   4     0.025         5    2.3   0.1    44    66   201   223   183   232 0.80 contig_119_15 # 14779 # 17340 # -1 # ID=14_15;partial=00;start_type=ATG;rbs_motif=None;rbs_spacer=None;gc_cont=0.377
contig_119:14779-17340|- -            854 977at766             -            391   4.2e-08   28.9   1.1   2   4       1.9   3.9e+02   -4.0   0.0   195   221   263   289   259   293 0.76 contig_119_15 # 14779 # 17340 # -1 # ID=14_15;partial=00;start_type=ATG;rbs_motif=None;rbs_spacer=None;gc_cont=0.377
contig_119:14779-17340|- -            854 977at766             -            391   4.2e-08   28.9   1.1   3   4   1.6e-08   3.3e-06   22.6   0.0     7    67   562   620   558   640 0.84 contig_119_15 # 14779 # 17340 # -1 # ID=14_15;partial=00;start_type=ATG;rbs_motif=None;rbs_spacer=None;gc_cont=0.377
contig_119:14779-17340|- -            854 977at766             -            391   4.2e-08   28.9   1.1   4   4      0.19        39   -0.7   0.0   268   329   743   800   737   823 0.73 contig_119_15 # 14779 # 17340 # -1 # ID=14_15;partial=00;start_type=ATG;rbs_motif=None;rbs_spacer=None;gc_cont=0.377
contig_70:56815-58653|-  -            613 977at766             -            391   7.9e-07   24.7   2.5   1   3   5.1e-09     1e-06   24.3   0.0    16    99   158   240   154   244 0.73 contig_70_56 # 56815 # 58653 # -1 # ID=64_56;partial=00;start_type=ATG;rbs_motif=None;rbs_spacer=None;gc_cont=0.372
contig_70:56815-58653|-  -            613 977at766             -            391   7.9e-07   24.7   2.5   2   3      0.45        90   -1.9   0.0   207   219   248   260   244   270 0.81 contig_70_56 # 56815 # 58653 # -1 # ID=64_56;partial=00;start_type=ATG;rbs_motif=None;rbs_spacer=None;gc_cont=0.372
contig_70:56815-58653|-  -            613 977at766             -            391   7.9e-07   24.7   2.5   3   3      0.85   1.7e+02   -2.8   0.8   316   364   536   584   529   608 0.56 contig_70_56 # 56815 # 58653 # -1 # ID=64_56;partial=00;start_type=ATG;rbs_motif=None;rbs_spacer=None;gc_cont=0.372
contig_70:40939-43245|+  -            769 977at766             -            391   1.7e-06   23.6   0.4   1   3      0.42        85   -1.8   0.0    46    62   232   248   223   254 0.85 contig_70_40 # 40939 # 43245 # 1 # ID=64_40;partial=00;start_type=ATG;rbs_motif=GGA/GAG/AGG;rbs_spacer=5-10bp;gc_cont=0.339
contig_70:40939-43245|+  -            769 977at766             -            391   1.7e-06   23.6   0.4   2   3      0.15        31   -0.3   0.0   196   223   290   319   284   330 0.71 contig_70_40 # 40939 # 43245 # 1 # ID=64_40;partial=00;start_type=ATG;rbs_motif=GGA/GAG/AGG;rbs_spacer=5-10bp;gc_cont=0.339
contig_70:40939-43245|+  -            769 977at766             -            391   1.7e-06   23.6   0.4   3   3   1.8e-07   3.6e-05   19.2   0.0     5    88   471   552   467   557 0.82 contig_70_40 # 40939 # 43245 # 1 # ID=64_40;partial=00;start_type=ATG;rbs_motif=GGA/GAG/AGG;rbs_spacer=5-10bp;gc_cont=0.339
contig_120:25539-26636|+ -            366 977at766             -            391     0.006   11.9   0.1   1   2    0.0016      0.33    6.1   0.0    48    91   138   180   122   190 0.81 contig_120_27 # 25539 # 26636 # 1 # ID=16_27;partial=00;start_type=ATG;rbs_motif=GGA/GAG/AGG;rbs_spacer=5-10bp;gc_cont=0.359
contig_120:25539-26636|+ -            366 977at766             -            391     0.006   11.9   0.1   2   2    0.0069       1.4    4.1   0.1   196   221   182   209   177   218 0.73 contig_120_27 # 25539 # 26636 # 1 # ID=16_27;partial=00;start_type=ATG;rbs_motif=GGA/GAG/AGG;rbs_spacer=5-10bp;gc_cont=0.359
#
# Program:         hmmsearch
# Version:         3.4 (Aug 2023)
# Pipeline mode:   SEARCH
# Query file:      /private/groups/russelllab/jodie/Jacobs_et_al_2026_de_novo_wRi_merrill_23_assembly/busco_downloads/lineages/rickettsiales_odb10/hmms/977at766.hmm
# Target file:     private/groups/russelllab/jodie/Jacobs_et_al_2026_de_novo_wRi_merrill_23_assembly/busco/20251218_Merrill23_wRi/wRi/assembly/prodigal_output/predicted_genes/predicted.faa
# Option settings: hmmsearch --domtblout private/groups/russelllab/jodie/Jacobs_et_al_2026_de_novo_wRi_merrill_23_assembly/busco/20251218_Merrill23_wRi/wRi/assembly/run_rickettsiales_odb10/hmmer_output/977at766.out --cpu 1 /private/groups/russelllab/jodie/Jacobs_et_al_2026_de_novo_wRi_merrill_23_assembly/busco_downloads/lineages/rickettsiales_odb10/hmms/977at766.hmm private/groups/russelllab/jodie/Jacobs_et_al_2026_de_novo_wRi_merrill_23_assembly/busco/20251218_Merrill23_wRi/wRi/assembly/prodigal_output/predicted_genes/predicted.faa 
# Current dir:     /private/groups/russelllab/jodie/Jacobs_et_al_2026_de_novo_wRi_merrill_23_assembly
# Date:            Fri Jan 16 13:08:01 2026
# [ok]
