None
host: emerald.prism
Building DAG of jobs...
SLURM run ID: 1a2f87a3-572b-4ab3-8317-3d9e0b25e8f9
Using shell: /usr/bin/bash
Provided remote nodes: 10
Job stats:
job                        count
-----------------------  -------
all                            1
basecalling                    1
separate_bam                   1
sort_bam                       1
wri_assembly                   1
wri_bam2fastq                  1
wri_polish                     1
wri_prepare_short_reads        1
total                          8

Select jobs to execute...
Execute 2 jobs...
[Thu Aug 28 20:10:34 2025]
rule basecalling:
    input: /private/groups/russelllab/jodie/Jacobs_et_al_2026_de_novo_wRi_merrill_23_assembly/data/pod5
    output: /private/groups/russelllab/jodie/Jacobs_et_al_2026_de_novo_wRi_merrill_23_assembly/data/aligned/aligned_basecalled.bam
    jobid: 6
    reason: Missing output files: /private/groups/russelllab/jodie/Jacobs_et_al_2026_de_novo_wRi_merrill_23_assembly/data/aligned/aligned_basecalled.bam
    threads: 25
    resources: mem_mb=100000, mem_mib=95368, disk_mb=1000, disk_mib=954, tmpdir=<TBD>, slurm_partition=gpu, runtime=360, slurm_extra=--gpus-per-node=4 --nodes=1 --exclude=phoenix-09 --mail-user=jomojaco@ucsc.edu --mail-type=ALL --output=logs/%x.%j.log

No SLURM account given, trying to guess.
Unable to guess SLURM account. Trying to proceed without.
Job 6 has been submitted with SLURM jobid 10692508 (log: /private/groups/russelllab/jodie/Jacobs_et_al_2026_de_novo_wRi_merrill_23_assembly/.snakemake/slurm_logs/rule_basecalling/10692508.log).
[Thu Aug 28 20:10:34 2025]
rule wri_prepare_short_reads:
    input: /private/groups/russelllab/jodie/Jacobs_et_al_2026_de_novo_wRi_merrill_23_assembly/data/short_reads/wRi_R1.fastq.gz, /private/groups/russelllab/jodie/Jacobs_et_al_2026_de_novo_wRi_merrill_23_assembly/data/short_reads/wRi_R2.fastq.gz
    output: /private/groups/russelllab/jodie/merrill_23_wRi_genome/short_reads/20250828_Nanopore.wri.trimmed.filtered.fastq.gz
    jobid: 7
    reason: Missing output files: /private/groups/russelllab/jodie/merrill_23_wRi_genome/short_reads/20250828_Nanopore.wri.trimmed.filtered.fastq.gz; Code has changed since last execution
    wildcards: sample=20250828_Nanopore
    threads: 4
    resources: mem_mb=10000, mem_mib=9537, disk_mb=1000, disk_mib=954, tmpdir=<TBD>, slurm_partition=medium, runtime=30

Job 7 has been submitted with SLURM jobid 10692509 (log: /private/groups/russelllab/jodie/Jacobs_et_al_2026_de_novo_wRi_merrill_23_assembly/.snakemake/slurm_logs/rule_wri_prepare_short_reads/20250828_Nanopore/10692509.log).
[Thu Aug 28 20:12:05 2025]
Finished jobid: 7 (Rule: wri_prepare_short_reads)
1 of 8 steps (12%) done
[Thu Aug 28 21:45:51 2025]
Error in rule basecalling:
    message: SLURM-job '10692508' failed, SLURM status is: 'FAILED'. For further error details see the cluster/cloud log and the log files of the involved rule(s).
    jobid: 6
    input: /private/groups/russelllab/jodie/Jacobs_et_al_2026_de_novo_wRi_merrill_23_assembly/data/pod5
    output: /private/groups/russelllab/jodie/Jacobs_et_al_2026_de_novo_wRi_merrill_23_assembly/data/aligned/aligned_basecalled.bam
    log: /private/groups/russelllab/jodie/Jacobs_et_al_2026_de_novo_wRi_merrill_23_assembly/.snakemake/slurm_logs/rule_basecalling/10692508.log (check log file(s) for error details)
    shell:
        
        # Dorado Basecalling:
        /private/home/jomojaco/dorado-0.7.3-linux-x64/bin/dorado basecaller hac /private/groups/russelllab/jodie/Jacobs_et_al_2026_de_novo_wRi_merrill_23_assembly/data/pod5             --device cuda:all             --reference /private/groups/russelllab/jodie/Jacobs_et_al_2026_de_novo_wRi_merrill_23_assembly/data/reference/GCF_016746395.2_Prin_Dsim_3.1_genomic.fna.gz             --kit-name SQK-NBD114-24 > /private/groups/russelllab/jodie/Jacobs_et_al_2026_de_novo_wRi_merrill_23_assembly/data/aligned/aligned_basecalled.bam
        
        # Dorado Demux:
        /private/home/jomojaco/dorado-0.7.3-linux-x64/bin/dorado demux /private/groups/russelllab/jodie/Jacobs_et_al_2026_de_novo_wRi_merrill_23_assembly/data/aligned/aligned_basecalled.bam             -o /private/groups/russelllab/jodie/Jacobs_et_al_2026_de_novo_wRi_merrill_23_assembly/data/aligned//demux             --kit-name SQK-NBD114-24
        
        (command exited with non-zero exit code)
    external_jobid: 10692508
Shutting down, this might take some time.
Exiting because a job execution failed. Look below for error messages
[Thu Aug 28 21:48:52 2025]
Error in rule basecalling:
    message: None
    jobid: 6
    input: /private/groups/russelllab/jodie/Jacobs_et_al_2026_de_novo_wRi_merrill_23_assembly/data/pod5
    output: /private/groups/russelllab/jodie/Jacobs_et_al_2026_de_novo_wRi_merrill_23_assembly/data/aligned/aligned_basecalled.bam
    shell:
        
        # Dorado Basecalling:
        /private/home/jomojaco/dorado-0.7.3-linux-x64/bin/dorado basecaller hac /private/groups/russelllab/jodie/Jacobs_et_al_2026_de_novo_wRi_merrill_23_assembly/data/pod5             --device cuda:all             --reference /private/groups/russelllab/jodie/Jacobs_et_al_2026_de_novo_wRi_merrill_23_assembly/data/reference/GCF_016746395.2_Prin_Dsim_3.1_genomic.fna.gz             --kit-name SQK-NBD114-24 > /private/groups/russelllab/jodie/Jacobs_et_al_2026_de_novo_wRi_merrill_23_assembly/data/aligned/aligned_basecalled.bam
        
        # Dorado Demux:
        /private/home/jomojaco/dorado-0.7.3-linux-x64/bin/dorado demux /private/groups/russelllab/jodie/Jacobs_et_al_2026_de_novo_wRi_merrill_23_assembly/data/aligned/aligned_basecalled.bam             -o /private/groups/russelllab/jodie/Jacobs_et_al_2026_de_novo_wRi_merrill_23_assembly/data/aligned//demux             --kit-name SQK-NBD114-24
        
        (command exited with non-zero exit code)
Complete log(s): /private/groups/russelllab/jodie/Jacobs_et_al_2026_de_novo_wRi_merrill_23_assembly/.snakemake/log/2025-08-28T201034.188813.snakemake.log
WorkflowError:
At least one job did not complete successfully.
