None
host: emerald.prism
Building DAG of jobs...
SLURM run ID: faf014b7-d112-4f70-b052-82b53e43b0ac
Using shell: /usr/bin/bash
Provided remote nodes: 10
Job stats:
job              count
-------------  -------
all                  1
separate_bam         1
sort_bam             1
wri_assembly         1
wri_bam2fastq        1
wri_polish           1
total                6

Select jobs to execute...
Execute 1 jobs...
[Fri Aug 29 06:43:57 2025]
rule sort_bam:
    input: /private/groups/russelllab/jodie/Jacobs_et_al_2026_de_novo_wRi_merrill_23_assembly/data/aligned/aligned_basecalled.bam
    output: /private/groups/russelllab/jodie/Jacobs_et_al_2026_de_novo_wRi_merrill_23_assembly/data/aligned/aligned_basecalled.sorted.bam, /private/groups/russelllab/jodie/Jacobs_et_al_2026_de_novo_wRi_merrill_23_assembly/data/aligned/aligned_basecalled.sorted.bam.bai
    jobid: 5
    reason: Missing output files: /private/groups/russelllab/jodie/Jacobs_et_al_2026_de_novo_wRi_merrill_23_assembly/data/aligned/aligned_basecalled.sorted.bam
    threads: 16
    resources: mem_mb=100000, mem_mib=95368, disk_mb=1000, disk_mib=954, tmpdir=<TBD>, slurm_partition=medium, runtime=200

No SLURM account given, trying to guess.
Unable to guess SLURM account. Trying to proceed without.
Job 5 has been submitted with SLURM jobid 10705769 (log: /private/groups/russelllab/jodie/Jacobs_et_al_2026_de_novo_wRi_merrill_23_assembly/.snakemake/slurm_logs/rule_sort_bam/10705769.log).
Terminating processes on user request, this might take some time.
