host: phoenix-22.prism
Building DAG of jobs...
Using shell: /usr/bin/bash
Provided remote nodes: 1
Provided resources: mem_mb=100000, mem_mib=95368, disk_mb=6607, disk_mib=6301
Conda environments: ignored
Select jobs to execute...
Execute 1 jobs...

[Fri Mar  7 18:33:53 2025]
rule polish_scaffolded_with_short_reads:
    input: /private/groups/russelllab/jodie/merrill_23_wRi_genome/scaffolded/merrill_23_all_basecalled/wRi/links_scaffolded.fasta, /private/groups/russelllab/jodie/merrill_23_wRi_genome/scaffolded/merrill_23_all_basecalled/wRi/tgs_scaffolded.fasta, /private/groups/russelllab/jodie/merrill_23_wRi_genome/short_reads/trimmed_R1.fastq.gz, /private/groups/russelllab/jodie/merrill_23_wRi_genome/short_reads/trimmed_R2.fastq.gz
    output: /private/groups/russelllab/jodie/merrill_23_wRi_genome/polished_scaffolds/merrill_23_all_basecalled/wRi/links_pilon.fasta, /private/groups/russelllab/jodie/merrill_23_wRi_genome/polished_scaffolds/merrill_23_all_basecalled/wRi/tgs_pilon.fasta
    jobid: 0
    reason: Forced execution
    wildcards: sample=merrill_23_all_basecalled
    threads: 16
    resources: mem_mb=100000, mem_mib=95368, disk_mb=6607, disk_mib=6301, tmpdir=<TBD>, slurm_partition=medium, runtime=360

host: phoenix-22.prism
Building DAG of jobs...
Using shell: /usr/bin/bash
Provided cores: 16
Rules claiming more threads will be scaled down.
Provided resources: mem_mb=100000, mem_mib=95368, disk_mb=6607, disk_mib=6301
Conda environments: ignored
Select jobs to execute...
Execute 1 jobs...

[Fri Mar  7 18:33:54 2025]
localrule polish_scaffolded_with_short_reads:
    input: /private/groups/russelllab/jodie/merrill_23_wRi_genome/scaffolded/merrill_23_all_basecalled/wRi/links_scaffolded.fasta, /private/groups/russelllab/jodie/merrill_23_wRi_genome/scaffolded/merrill_23_all_basecalled/wRi/tgs_scaffolded.fasta, /private/groups/russelllab/jodie/merrill_23_wRi_genome/short_reads/trimmed_R1.fastq.gz, /private/groups/russelllab/jodie/merrill_23_wRi_genome/short_reads/trimmed_R2.fastq.gz
    output: /private/groups/russelllab/jodie/merrill_23_wRi_genome/polished_scaffolds/merrill_23_all_basecalled/wRi/links_pilon.fasta, /private/groups/russelllab/jodie/merrill_23_wRi_genome/polished_scaffolds/merrill_23_all_basecalled/wRi/tgs_pilon.fasta
    jobid: 0
    reason: Forced execution
    wildcards: sample=merrill_23_all_basecalled
    threads: 16
    resources: mem_mb=100000, mem_mib=95368, disk_mb=6607, disk_mib=6301, tmpdir=/data/tmp, slurm_partition=medium, runtime=360

[bwa_index] Pack FASTA... 0.01 sec
[bwa_index] Construct BWT for the packed sequence...
[bwa_index] 0.18 seconds elapse.
[bwa_index] Update BWT... 0.00 sec
[bwa_index] Pack forward-only FASTA... 0.00 sec
[bwa_index] Construct SA from BWT and Occ... 0.10 sec
[main] Version: 0.7.18-r1243-dirty
[main] CMD: bwa index /private/groups/russelllab/jodie/merrill_23_wRi_genome/scaffolded/merrill_23_all_basecalled/wRi/links_scaffolded.fasta
[main] Real time: 0.524 sec; CPU: 0.293 sec
[bwa_index] Pack FASTA... 0.01 sec
[bwa_index] Construct BWT for the packed sequence...
[bwa_index] 0.18 seconds elapse.
[bwa_index] Update BWT... 0.00 sec
[bwa_index] Pack forward-only FASTA... 0.00 sec
[bwa_index] Construct SA from BWT and Occ... 0.07 sec
[main] Version: 0.7.18-r1243-dirty
[main] CMD: bwa index /private/groups/russelllab/jodie/merrill_23_wRi_genome/scaffolded/merrill_23_all_basecalled/wRi/tgs_scaffolded.fasta
[main] Real time: 1.004 sec; CPU: 0.262 sec
[M::bwa_idx_load_from_disk] read 0 ALT contigs
[M::process] read 1068782 sequences (160000163 bp)...
[M::process] read 1068768 sequences (160000058 bp)...
[M::mem_pestat] # candidate unique pairs for (FF, FR, RF, RR): (41, 12875, 1, 40)
[M::mem_pestat] analyzing insert size distribution for orientation FF...
[M::mem_pestat] (25, 50, 75) percentile: (204, 362, 659)
[M::mem_pestat] low and high boundaries for computing mean and std.dev: (1, 1569)
[M::mem_pestat] mean and std.dev: (376.00, 243.36)
[M::mem_pestat] low and high boundaries for proper pairs: (1, 2024)
[M::mem_pestat] analyzing insert size distribution for orientation FR...
[M::mem_pestat] (25, 50, 75) percentile: (261, 329, 409)
[M::mem_pestat] low and high boundaries for computing mean and std.dev: (1, 705)
[M::mem_pestat] mean and std.dev: (338.61, 100.45)
[M::mem_pestat] low and high boundaries for proper pairs: (1, 853)
[M::mem_pestat] skip orientation RF as there are not enough pairs
[M::mem_pestat] analyzing insert size distribution for orientation RR...
[M::mem_pestat] (25, 50, 75) percentile: (229, 370, 1528)
[M::mem_pestat] low and high boundaries for computing mean and std.dev: (1, 4126)
[M::mem_pestat] mean and std.dev: (751.16, 710.17)
[M::mem_pestat] low and high boundaries for proper pairs: (1, 5425)
[M::mem_pestat] skip orientation FF
[M::mem_pestat] skip orientation RR
[M::mem_process_seqs] Processed 1068782 reads in 72.165 CPU sec, 7.034 real sec
[M::process] read 1068576 sequences (160000017 bp)...
[M::mem_pestat] # candidate unique pairs for (FF, FR, RF, RR): (46, 12759, 0, 42)
[M::mem_pestat] analyzing insert size distribution for orientation FF...
[M::mem_pestat] (25, 50, 75) percentile: (273, 647, 3289)
[M::mem_pestat] low and high boundaries for computing mean and std.dev: (1, 9321)
[M::mem_pestat] mean and std.dev: (1871.00, 2326.00)
[M::mem_pestat] low and high boundaries for proper pairs: (1, 12337)
[M::mem_pestat] analyzing insert size distribution for orientation FR...
[M::mem_pestat] (25, 50, 75) percentile: (265, 332, 414)
[M::mem_pestat] low and high boundaries for computing mean and std.dev: (1, 712)
[M::mem_pestat] mean and std.dev: (341.93, 102.08)
[M::mem_pestat] low and high boundaries for proper pairs: (1, 861)
[M::mem_pestat] skip orientation RF as there are not enough pairs
[M::mem_pestat] analyzing insert size distribution for orientation RR...
[M::mem_pestat] (25, 50, 75) percentile: (209, 556, 3406)
[M::mem_pestat] low and high boundaries for computing mean and std.dev: (1, 9800)
[M::mem_pestat] mean and std.dev: (2080.12, 2580.87)
[M::mem_pestat] low and high boundaries for proper pairs: (1, 12997)
[M::mem_pestat] skip orientation FF
[M::mem_pestat] skip orientation RR
[M::mem_process_seqs] Processed 1068768 reads in 73.460 CPU sec, 4.930 real sec
[M::process] read 1068700 sequences (160000283 bp)...
[M::mem_pestat] # candidate unique pairs for (FF, FR, RF, RR): (38, 13035, 2, 38)
[M::mem_pestat] analyzing insert size distribution for orientation FF...
[M::mem_pestat] (25, 50, 75) percentile: (211, 535, 733)
[M::mem_pestat] low and high boundaries for computing mean and std.dev: (1, 1777)
[M::mem_pestat] mean and std.dev: (490.24, 322.91)
[M::mem_pestat] low and high boundaries for proper pairs: (1, 2299)
[M::mem_pestat] analyzing insert size distribution for orientation FR...
[M::mem_pestat] (25, 50, 75) percentile: (264, 332, 416)
[M::mem_pestat] low and high boundaries for computing mean and std.dev: (1, 720)
[M::mem_pestat] mean and std.dev: (342.65, 101.99)
[M::mem_pestat] low and high boundaries for proper pairs: (1, 872)
[M::mem_pestat] skip orientation RF as there are not enough pairs
[M::mem_pestat] analyzing insert size distribution for orientation RR...
[M::mem_pestat] (25, 50, 75) percentile: (326, 955, 1240)
[M::mem_pestat] low and high boundaries for computing mean and std.dev: (1, 3068)
[M::mem_pestat] mean and std.dev: (699.35, 557.90)
[M::mem_pestat] low and high boundaries for proper pairs: (1, 3982)
[M::mem_pestat] skip orientation FF
[M::mem_pestat] skip orientation RR
[M::mem_process_seqs] Processed 1068576 reads in 72.703 CPU sec, 4.783 real sec
[M::process] read 1068458 sequences (160000289 bp)...
[M::mem_pestat] # candidate unique pairs for (FF, FR, RF, RR): (42, 12892, 0, 35)
[M::mem_pestat] analyzing insert size distribution for orientation FF...
[M::mem_pestat] (25, 50, 75) percentile: (249, 401, 1448)
[M::mem_pestat] low and high boundaries for computing mean and std.dev: (1, 3846)
[M::mem_pestat] mean and std.dev: (515.89, 446.81)
[M::mem_pestat] low and high boundaries for proper pairs: (1, 5045)
[M::mem_pestat] analyzing insert size distribution for orientation FR...
[M::mem_pestat] (25, 50, 75) percentile: (261, 329, 413)
[M::mem_pestat] low and high boundaries for computing mean and std.dev: (1, 717)
[M::mem_pestat] mean and std.dev: (339.75, 101.39)
[M::mem_pestat] low and high boundaries for proper pairs: (1, 869)
[M::mem_pestat] skip orientation RF as there are not enough pairs
[M::mem_pestat] analyzing insert size distribution for orientation RR...
[M::mem_pestat] (25, 50, 75) percentile: (294, 910, 1524)
[M::mem_pestat] low and high boundaries for computing mean and std.dev: (1, 3984)
[M::mem_pestat] mean and std.dev: (1017.36, 923.07)
[M::mem_pestat] low and high boundaries for proper pairs: (1, 5214)
[M::mem_pestat] skip orientation FF
[M::mem_pestat] skip orientation RR
[M::mem_process_seqs] Processed 1068700 reads in 65.469 CPU sec, 5.624 real sec
[M::process] read 1069052 sequences (160000119 bp)...
[M::mem_pestat] # candidate unique pairs for (FF, FR, RF, RR): (25, 12782, 4, 39)
[M::mem_pestat] analyzing insert size distribution for orientation FF...
[M::mem_pestat] (25, 50, 75) percentile: (271, 444, 3045)
[M::mem_pestat] low and high boundaries for computing mean and std.dev: (1, 8593)
[M::mem_pestat] mean and std.dev: (1718.44, 2242.11)
[M::mem_pestat] low and high boundaries for proper pairs: (1, 11367)
[M::mem_pestat] analyzing insert size distribution for orientation FR...
[M::mem_pestat] (25, 50, 75) percentile: (264, 332, 413)
[M::mem_pestat] low and high boundaries for computing mean and std.dev: (1, 711)
[M::mem_pestat] mean and std.dev: (341.79, 100.41)
[M::mem_pestat] low and high boundaries for proper pairs: (1, 860)
[M::mem_pestat] skip orientation RF as there are not enough pairs
[M::mem_pestat] analyzing insert size distribution for orientation RR...
[M::mem_pestat] (25, 50, 75) percentile: (210, 312, 748)
[M::mem_pestat] low and high boundaries for computing mean and std.dev: (1, 1824)
[M::mem_pestat] mean and std.dev: (416.74, 349.18)
[M::mem_pestat] low and high boundaries for proper pairs: (1, 2362)
[M::mem_pestat] skip orientation FF
[M::mem_pestat] skip orientation RR
[M::mem_process_seqs] Processed 1068458 reads in 73.023 CPU sec, 4.815 real sec
[M::process] read 1068574 sequences (160000062 bp)...
[M::mem_pestat] # candidate unique pairs for (FF, FR, RF, RR): (36, 13253, 2, 26)
[M::mem_pestat] analyzing insert size distribution for orientation FF...
[M::mem_pestat] (25, 50, 75) percentile: (301, 628, 2723)
[M::mem_pestat] low and high boundaries for computing mean and std.dev: (1, 7567)
[M::mem_pestat] mean and std.dev: (1390.74, 1500.34)
[M::mem_pestat] low and high boundaries for proper pairs: (1, 9989)
[M::mem_pestat] analyzing insert size distribution for orientation FR...
[M::mem_pestat] (25, 50, 75) percentile: (259, 325, 408)
[M::mem_pestat] low and high boundaries for computing mean and std.dev: (1, 706)
[M::mem_pestat] mean and std.dev: (337.32, 101.40)
[M::mem_pestat] low and high boundaries for proper pairs: (1, 855)
[M::mem_pestat] skip orientation RF as there are not enough pairs
[M::mem_pestat] analyzing insert size distribution for orientation RR...
[M::mem_pestat] (25, 50, 75) percentile: (223, 299, 892)
[M::mem_pestat] low and high boundaries for computing mean and std.dev: (1, 2230)
[M::mem_pestat] mean and std.dev: (399.74, 319.57)
[M::mem_pestat] low and high boundaries for proper pairs: (1, 2899)
[M::mem_pestat] skip orientation FF
[M::mem_pestat] skip orientation RR
[M::mem_process_seqs] Processed 1069052 reads in 72.815 CPU sec, 4.887 real sec
[M::process] read 1067224 sequences (160000050 bp)...
[M::mem_pestat] # candidate unique pairs for (FF, FR, RF, RR): (29, 8226, 3, 23)
[M::mem_pestat] analyzing insert size distribution for orientation FF...
[M::mem_pestat] (25, 50, 75) percentile: (262, 453, 844)
[M::mem_pestat] low and high boundaries for computing mean and std.dev: (1, 2008)
[M::mem_pestat] mean and std.dev: (505.00, 369.51)
[M::mem_pestat] low and high boundaries for proper pairs: (1, 2590)
[M::mem_pestat] analyzing insert size distribution for orientation FR...
[M::mem_pestat] (25, 50, 75) percentile: (261, 329, 411)
[M::mem_pestat] low and high boundaries for computing mean and std.dev: (1, 711)
[M::mem_pestat] mean and std.dev: (340.11, 102.82)
[M::mem_pestat] low and high boundaries for proper pairs: (1, 861)
[M::mem_pestat] skip orientation RF as there are not enough pairs
[M::mem_pestat] analyzing insert size distribution for orientation RR...
[M::mem_pestat] (25, 50, 75) percentile: (308, 394, 2131)
[M::mem_pestat] low and high boundaries for computing mean and std.dev: (1, 5777)
[M::mem_pestat] mean and std.dev: (1242.91, 1595.16)
[M::mem_pestat] low and high boundaries for proper pairs: (1, 7624)
[M::mem_pestat] skip orientation FF
[M::mem_pestat] skip orientation RR
[M::mem_process_seqs] Processed 1068574 reads in 70.706 CPU sec, 5.023 real sec
[M::process] read 1067714 sequences (160000294 bp)...
[M::mem_pestat] # candidate unique pairs for (FF, FR, RF, RR): (18, 2843, 5, 35)
[M::mem_pestat] analyzing insert size distribution for orientation FF...
[M::mem_pestat] (25, 50, 75) percentile: (289, 515, 2002)
[M::mem_pestat] low and high boundaries for computing mean and std.dev: (1, 5428)
[M::mem_pestat] mean and std.dev: (944.71, 825.25)
[M::mem_pestat] low and high boundaries for proper pairs: (1, 7141)
[M::mem_pestat] analyzing insert size distribution for orientation FR...
[M::mem_pestat] (25, 50, 75) percentile: (261, 328, 412)
[M::mem_pestat] low and high boundaries for computing mean and std.dev: (1, 714)
[M::mem_pestat] mean and std.dev: (338.89, 101.01)
[M::mem_pestat] low and high boundaries for proper pairs: (1, 865)
[M::mem_pestat] skip orientation RF as there are not enough pairs
[M::mem_pestat] analyzing insert size distribution for orientation RR...
[M::mem_pestat] (25, 50, 75) percentile: (350, 488, 1395)
[M::mem_pestat] low and high boundaries for computing mean and std.dev: (1, 3485)
[M::mem_pestat] mean and std.dev: (781.91, 671.23)
[M::mem_pestat] low and high boundaries for proper pairs: (1, 4530)
[M::mem_pestat] skip orientation FF
[M::mem_pestat] skip orientation RR
[M::mem_process_seqs] Processed 1067224 reads in 69.218 CPU sec, 5.084 real sec
[M::process] read 1067784 sequences (160000151 bp)...
[M::mem_pestat] # candidate unique pairs for (FF, FR, RF, RR): (37, 2866, 0, 26)
[M::mem_pestat] analyzing insert size distribution for orientation FF...
[M::mem_pestat] (25, 50, 75) percentile: (256, 515, 870)
[M::mem_pestat] low and high boundaries for computing mean and std.dev: (1, 2098)
[M::mem_pestat] mean and std.dev: (476.83, 267.13)
[M::mem_pestat] low and high boundaries for proper pairs: (1, 2712)
[M::mem_pestat] analyzing insert size distribution for orientation FR...
[M::mem_pestat] (25, 50, 75) percentile: (261, 337, 418)
[M::mem_pestat] low and high boundaries for computing mean and std.dev: (1, 732)
[M::mem_pestat] mean and std.dev: (343.48, 104.75)
[M::mem_pestat] low and high boundaries for proper pairs: (1, 889)
[M::mem_pestat] skip orientation RF as there are not enough pairs
[M::mem_pestat] analyzing insert size distribution for orientation RR...
[M::mem_pestat] (25, 50, 75) percentile: (252, 326, 4910)
[M::mem_pestat] low and high boundaries for computing mean and std.dev: (1, 14226)
[M::mem_pestat] mean and std.dev: (2179.38, 2642.69)
[M::mem_pestat] low and high boundaries for proper pairs: (1, 18884)
[M::mem_pestat] skip orientation FF
[M::mem_pestat] skip orientation RR
[M::mem_process_seqs] Processed 1067714 reads in 67.151 CPU sec, 5.182 real sec
[M::process] read 1067648 sequences (160000186 bp)...
[M::mem_pestat] # candidate unique pairs for (FF, FR, RF, RR): (20, 2881, 2, 25)
[M::mem_pestat] analyzing insert size distribution for orientation FF...
[M::mem_pestat] (25, 50, 75) percentile: (246, 428, 1524)
[M::mem_pestat] low and high boundaries for computing mean and std.dev: (1, 4080)
[M::mem_pestat] mean and std.dev: (643.94, 710.31)
[M::mem_pestat] low and high boundaries for proper pairs: (1, 5358)
[M::mem_pestat] analyzing insert size distribution for orientation FR...
[M::mem_pestat] (25, 50, 75) percentile: (259, 331, 417)
[M::mem_pestat] low and high boundaries for computing mean and std.dev: (1, 733)
[M::mem_pestat] mean and std.dev: (340.63, 103.57)
[M::mem_pestat] low and high boundaries for proper pairs: (1, 891)
[M::mem_pestat] skip orientation RF as there are not enough pairs
[M::mem_pestat] analyzing insert size distribution for orientation RR...
[M::mem_pestat] (25, 50, 75) percentile: (165, 357, 1796)
[M::mem_pestat] low and high boundaries for computing mean and std.dev: (1, 5058)
[M::mem_pestat] mean and std.dev: (620.95, 813.68)
[M::mem_pestat] low and high boundaries for proper pairs: (1, 6689)
[M::mem_pestat] skip orientation FF
[M::mem_pestat] skip orientation RR
[M::mem_process_seqs] Processed 1067784 reads in 73.338 CPU sec, 4.869 real sec
[M::process] read 1067326 sequences (160000219 bp)...
[M::mem_pestat] # candidate unique pairs for (FF, FR, RF, RR): (22, 2737, 1, 21)
[M::mem_pestat] analyzing insert size distribution for orientation FF...
[M::mem_pestat] (25, 50, 75) percentile: (279, 611, 2396)
[M::mem_pestat] low and high boundaries for computing mean and std.dev: (1, 6630)
[M::mem_pestat] mean and std.dev: (1089.95, 1089.13)
[M::mem_pestat] low and high boundaries for proper pairs: (1, 8747)
[M::mem_pestat] analyzing insert size distribution for orientation FR...
[M::mem_pestat] (25, 50, 75) percentile: (261, 323, 402)
[M::mem_pestat] low and high boundaries for computing mean and std.dev: (1, 684)
[M::mem_pestat] mean and std.dev: (334.99, 99.80)
[M::mem_pestat] low and high boundaries for proper pairs: (1, 825)
[M::mem_pestat] skip orientation RF as there are not enough pairs
[M::mem_pestat] analyzing insert size distribution for orientation RR...
[M::mem_pestat] (25, 50, 75) percentile: (252, 493, 1476)
[M::mem_pestat] low and high boundaries for computing mean and std.dev: (1, 3924)
[M::mem_pestat] mean and std.dev: (686.32, 510.89)
[M::mem_pestat] low and high boundaries for proper pairs: (1, 5148)
[M::mem_pestat] skip orientation FF
[M::mem_pestat] skip orientation RR
[M::mem_process_seqs] Processed 1067648 reads in 69.701 CPU sec, 5.001 real sec
[M::process] read 1067414 sequences (160000006 bp)...
[M::mem_pestat] # candidate unique pairs for (FF, FR, RF, RR): (20, 2974, 0, 19)
[M::mem_pestat] analyzing insert size distribution for orientation FF...
[M::mem_pestat] (25, 50, 75) percentile: (342, 773, 1426)
[M::mem_pestat] low and high boundaries for computing mean and std.dev: (1, 3594)
[M::mem_pestat] mean and std.dev: (765.58, 495.79)
[M::mem_pestat] low and high boundaries for proper pairs: (1, 4678)
[M::mem_pestat] analyzing insert size distribution for orientation FR...
[M::mem_pestat] (25, 50, 75) percentile: (261, 331, 415)
[M::mem_pestat] low and high boundaries for computing mean and std.dev: (1, 723)
[M::mem_pestat] mean and std.dev: (340.62, 102.66)
[M::mem_pestat] low and high boundaries for proper pairs: (1, 877)
[M::mem_pestat] skip orientation RF as there are not enough pairs
[M::mem_pestat] analyzing insert size distribution for orientation RR...
[M::mem_pestat] (25, 50, 75) percentile: (236, 315, 804)
[M::mem_pestat] low and high boundaries for computing mean and std.dev: (1, 1940)
[M::mem_pestat] mean and std.dev: (420.50, 277.52)
[M::mem_pestat] low and high boundaries for proper pairs: (1, 2508)
[M::mem_pestat] skip orientation FF
[M::mem_pestat] skip orientation RR
[M::mem_process_seqs] Processed 1067326 reads in 72.062 CPU sec, 4.802 real sec
[M::process] read 1067940 sequences (160000295 bp)...
[M::mem_pestat] # candidate unique pairs for (FF, FR, RF, RR): (28, 2759, 3, 23)
[M::mem_pestat] analyzing insert size distribution for orientation FF...
[M::mem_pestat] (25, 50, 75) percentile: (259, 457, 1208)
[M::mem_pestat] low and high boundaries for computing mean and std.dev: (1, 3106)
[M::mem_pestat] mean and std.dev: (684.42, 612.17)
[M::mem_pestat] low and high boundaries for proper pairs: (1, 4055)
[M::mem_pestat] analyzing insert size distribution for orientation FR...
[M::mem_pestat] (25, 50, 75) percentile: (261, 330, 407)
[M::mem_pestat] low and high boundaries for computing mean and std.dev: (1, 699)
[M::mem_pestat] mean and std.dev: (338.61, 99.86)
[M::mem_pestat] low and high boundaries for proper pairs: (1, 845)
[M::mem_pestat] skip orientation RF as there are not enough pairs
[M::mem_pestat] analyzing insert size distribution for orientation RR...
[M::mem_pestat] (25, 50, 75) percentile: (370, 1826, 6138)
[M::mem_pestat] low and high boundaries for computing mean and std.dev: (1, 17674)
[M::mem_pestat] mean and std.dev: (3082.35, 2899.49)
[M::mem_pestat] low and high boundaries for proper pairs: (1, 23442)
[M::mem_pestat] skip orientation FF
[M::mem_pestat] skip orientation RR
[M::mem_process_seqs] Processed 1067414 reads in 72.220 CPU sec, 4.756 real sec
[M::process] read 1068336 sequences (160000053 bp)...
[M::mem_pestat] # candidate unique pairs for (FF, FR, RF, RR): (22, 2772, 1, 23)
[M::mem_pestat] analyzing insert size distribution for orientation FF...
[M::mem_pestat] (25, 50, 75) percentile: (351, 991, 2050)
[M::mem_pestat] low and high boundaries for computing mean and std.dev: (1, 5448)
[M::mem_pestat] mean and std.dev: (1262.05, 1179.61)
[M::mem_pestat] low and high boundaries for proper pairs: (1, 7147)
[M::mem_pestat] analyzing insert size distribution for orientation FR...
[M::mem_pestat] (25, 50, 75) percentile: (260, 325, 414)
[M::mem_pestat] low and high boundaries for computing mean and std.dev: (1, 722)
[M::mem_pestat] mean and std.dev: (339.96, 102.28)
[M::mem_pestat] low and high boundaries for proper pairs: (1, 876)
[M::mem_pestat] skip orientation RF as there are not enough pairs
[M::mem_pestat] analyzing insert size distribution for orientation RR...
[M::mem_pestat] (25, 50, 75) percentile: (271, 369, 1304)
[M::mem_pestat] low and high boundaries for computing mean and std.dev: (1, 3370)
[M::mem_pestat] mean and std.dev: (785.27, 833.22)
[M::mem_pestat] low and high boundaries for proper pairs: (1, 4403)
[M::mem_pestat] skip orientation FF
[M::mem_pestat] skip orientation RR
[M::mem_process_seqs] Processed 1067940 reads in 71.705 CPU sec, 4.909 real sec
[M::process] read 1068472 sequences (160000048 bp)...
[M::mem_pestat] # candidate unique pairs for (FF, FR, RF, RR): (25, 5843, 3, 35)
[M::mem_pestat] analyzing insert size distribution for orientation FF...
[M::mem_pestat] (25, 50, 75) percentile: (263, 468, 1413)
[M::mem_pestat] low and high boundaries for computing mean and std.dev: (1, 3713)
[M::mem_pestat] mean and std.dev: (633.73, 649.85)
[M::mem_pestat] low and high boundaries for proper pairs: (1, 4863)
[M::mem_pestat] analyzing insert size distribution for orientation FR...
[M::mem_pestat] (25, 50, 75) percentile: (249, 312, 392)
[M::mem_pestat] low and high boundaries for computing mean and std.dev: (1, 678)
[M::mem_pestat] mean and std.dev: (325.29, 100.47)
[M::mem_pestat] low and high boundaries for proper pairs: (1, 821)
[M::mem_pestat] skip orientation RF as there are not enough pairs
[M::mem_pestat] analyzing insert size distribution for orientation RR...
[M::mem_pestat] (25, 50, 75) percentile: (240, 726, 1945)
[M::mem_pestat] low and high boundaries for computing mean and std.dev: (1, 5355)
[M::mem_pestat] mean and std.dev: (1265.38, 1314.70)
[M::mem_pestat] low and high boundaries for proper pairs: (1, 7060)
[M::mem_pestat] skip orientation FF
[M::mem_pestat] skip orientation RR
[M::mem_process_seqs] Processed 1068336 reads in 70.576 CPU sec, 4.857 real sec
[M::process] read 1068404 sequences (160000050 bp)...
[M::mem_pestat] # candidate unique pairs for (FF, FR, RF, RR): (59, 16468, 1, 53)
[M::mem_pestat] analyzing insert size distribution for orientation FF...
[M::mem_pestat] (25, 50, 75) percentile: (215, 378, 760)
[M::mem_pestat] low and high boundaries for computing mean and std.dev: (1, 1850)
[M::mem_pestat] mean and std.dev: (457.26, 356.80)
[M::mem_pestat] low and high boundaries for proper pairs: (1, 2395)
[M::mem_pestat] analyzing insert size distribution for orientation FR...
[M::mem_pestat] (25, 50, 75) percentile: (253, 316, 394)
[M::mem_pestat] low and high boundaries for computing mean and std.dev: (1, 676)
[M::mem_pestat] mean and std.dev: (327.14, 99.16)
[M::mem_pestat] low and high boundaries for proper pairs: (1, 817)
[M::mem_pestat] skip orientation RF as there are not enough pairs
[M::mem_pestat] analyzing insert size distribution for orientation RR...
[M::mem_pestat] (25, 50, 75) percentile: (308, 448, 999)
[M::mem_pestat] low and high boundaries for computing mean and std.dev: (1, 2381)
[M::mem_pestat] mean and std.dev: (624.52, 492.88)
[M::mem_pestat] low and high boundaries for proper pairs: (1, 3072)
[M::mem_pestat] skip orientation FF
[M::mem_pestat] skip orientation RR
[M::mem_process_seqs] Processed 1068472 reads in 71.862 CPU sec, 4.915 real sec
[M::process] read 1069004 sequences (160000063 bp)...
[M::mem_pestat] # candidate unique pairs for (FF, FR, RF, RR): (40, 16162, 6, 68)
[M::mem_pestat] analyzing insert size distribution for orientation FF...
[M::mem_pestat] (25, 50, 75) percentile: (270, 427, 1120)
[M::mem_pestat] low and high boundaries for computing mean and std.dev: (1, 2820)
[M::mem_pestat] mean and std.dev: (552.74, 390.90)
[M::mem_pestat] low and high boundaries for proper pairs: (1, 3670)
[M::mem_pestat] analyzing insert size distribution for orientation FR...
[M::mem_pestat] (25, 50, 75) percentile: (251, 314, 390)
[M::mem_pestat] low and high boundaries for computing mean and std.dev: (1, 668)
[M::mem_pestat] mean and std.dev: (325.39, 98.57)
[M::mem_pestat] low and high boundaries for proper pairs: (1, 807)
[M::mem_pestat] skip orientation RF as there are not enough pairs
[M::mem_pestat] analyzing insert size distribution for orientation RR...
[M::mem_pestat] (25, 50, 75) percentile: (244, 371, 1038)
[M::mem_pestat] low and high boundaries for computing mean and std.dev: (1, 2626)
[M::mem_pestat] mean and std.dev: (511.83, 499.01)
[M::mem_pestat] low and high boundaries for proper pairs: (1, 3420)
[M::mem_pestat] skip orientation FF
[M::mem_pestat] skip orientation RR
[M::mem_process_seqs] Processed 1068404 reads in 70.671 CPU sec, 5.027 real sec
[M::process] read 1068792 sequences (160000181 bp)...
[M::mem_pestat] # candidate unique pairs for (FF, FR, RF, RR): (72, 15991, 1, 60)
[M::mem_pestat] analyzing insert size distribution for orientation FF...
[M::mem_pestat] (25, 50, 75) percentile: (264, 391, 877)
[M::mem_pestat] low and high boundaries for computing mean and std.dev: (1, 2103)
[M::mem_pestat] mean and std.dev: (445.55, 358.45)
[M::mem_pestat] low and high boundaries for proper pairs: (1, 2716)
[M::mem_pestat] analyzing insert size distribution for orientation FR...
[M::mem_pestat] (25, 50, 75) percentile: (250, 312, 393)
[M::mem_pestat] low and high boundaries for computing mean and std.dev: (1, 679)
[M::mem_pestat] mean and std.dev: (325.17, 99.53)
[M::mem_pestat] low and high boundaries for proper pairs: (1, 822)
[M::mem_pestat] skip orientation RF as there are not enough pairs
[M::mem_pestat] analyzing insert size distribution for orientation RR...
[M::mem_pestat] (25, 50, 75) percentile: (227, 356, 781)
[M::mem_pestat] low and high boundaries for computing mean and std.dev: (1, 1889)
[M::mem_pestat] mean and std.dev: (470.91, 380.25)
[M::mem_pestat] low and high boundaries for proper pairs: (1, 2443)
[M::mem_pestat] skip orientation FF
[M::mem_pestat] skip orientation RR
[M::mem_process_seqs] Processed 1069004 reads in 72.178 CPU sec, 4.907 real sec
[M::process] read 1068634 sequences (160000273 bp)...
[M::mem_pestat] # candidate unique pairs for (FF, FR, RF, RR): (71, 16213, 2, 64)
[M::mem_pestat] analyzing insert size distribution for orientation FF...
[M::mem_pestat] (25, 50, 75) percentile: (239, 394, 731)
[M::mem_pestat] low and high boundaries for computing mean and std.dev: (1, 1715)
[M::mem_pestat] mean and std.dev: (386.33, 259.61)
[M::mem_pestat] low and high boundaries for proper pairs: (1, 2207)
[M::mem_pestat] analyzing insert size distribution for orientation FR...
[M::mem_pestat] (25, 50, 75) percentile: (251, 312, 391)
[M::mem_pestat] low and high boundaries for computing mean and std.dev: (1, 671)
[M::mem_pestat] mean and std.dev: (324.81, 99.84)
[M::mem_pestat] low and high boundaries for proper pairs: (1, 811)
[M::mem_pestat] skip orientation RF as there are not enough pairs
[M::mem_pestat] analyzing insert size distribution for orientation RR...
[M::mem_pestat] (25, 50, 75) percentile: (237, 374, 858)
[M::mem_pestat] low and high boundaries for computing mean and std.dev: (1, 2100)
[M::mem_pestat] mean and std.dev: (486.85, 396.05)
[M::mem_pestat] low and high boundaries for proper pairs: (1, 2721)
[M::mem_pestat] skip orientation FF
[M::mem_pestat] skip orientation RR
[M::mem_process_seqs] Processed 1068792 reads in 72.289 CPU sec, 4.856 real sec
[M::process] read 1068470 sequences (160000296 bp)...
[M::mem_pestat] # candidate unique pairs for (FF, FR, RF, RR): (68, 16170, 1, 45)
[M::mem_pestat] analyzing insert size distribution for orientation FF...
[M::mem_pestat] (25, 50, 75) percentile: (230, 361, 564)
[M::mem_pestat] low and high boundaries for computing mean and std.dev: (1, 1232)
[M::mem_pestat] mean and std.dev: (354.60, 233.42)
[M::mem_pestat] low and high boundaries for proper pairs: (1, 1566)
[M::mem_pestat] analyzing insert size distribution for orientation FR...
[M::mem_pestat] (25, 50, 75) percentile: (250, 312, 390)
[M::mem_pestat] low and high boundaries for computing mean and std.dev: (1, 670)
[M::mem_pestat] mean and std.dev: (323.66, 98.15)
[M::mem_pestat] low and high boundaries for proper pairs: (1, 810)
[M::mem_pestat] skip orientation RF as there are not enough pairs
[M::mem_pestat] analyzing insert size distribution for orientation RR...
[M::mem_pestat] (25, 50, 75) percentile: (201, 312, 739)
[M::mem_pestat] low and high boundaries for computing mean and std.dev: (1, 1815)
[M::mem_pestat] mean and std.dev: (416.50, 358.97)
[M::mem_pestat] low and high boundaries for proper pairs: (1, 2353)
[M::mem_pestat] skip orientation FF
[M::mem_pestat] skip orientation RR
[M::mem_process_seqs] Processed 1068634 reads in 70.148 CPU sec, 4.982 real sec
[M::process] read 1068644 sequences (160000243 bp)...
[M::mem_pestat] # candidate unique pairs for (FF, FR, RF, RR): (62, 16163, 3, 66)
[M::mem_pestat] analyzing insert size distribution for orientation FF...
[M::mem_pestat] (25, 50, 75) percentile: (235, 418, 798)
[M::mem_pestat] low and high boundaries for computing mean and std.dev: (1, 1924)
[M::mem_pestat] mean and std.dev: (460.71, 370.55)
[M::mem_pestat] low and high boundaries for proper pairs: (1, 2487)
[M::mem_pestat] analyzing insert size distribution for orientation FR...
[M::mem_pestat] (25, 50, 75) percentile: (250, 311, 391)
[M::mem_pestat] low and high boundaries for computing mean and std.dev: (1, 673)
[M::mem_pestat] mean and std.dev: (324.29, 99.31)
[M::mem_pestat] low and high boundaries for proper pairs: (1, 814)
[M::mem_pestat] skip orientation RF as there are not enough pairs
[M::mem_pestat] analyzing insert size distribution for orientation RR...
[M::mem_pestat] (25, 50, 75) percentile: (220, 397, 657)
[M::mem_pestat] low and high boundaries for computing mean and std.dev: (1, 1531)
[M::mem_pestat] mean and std.dev: (431.14, 326.19)
[M::mem_pestat] low and high boundaries for proper pairs: (1, 1968)
[M::mem_pestat] skip orientation FF
[M::mem_pestat] skip orientation RR
[M::mem_process_seqs] Processed 1068470 reads in 72.337 CPU sec, 4.899 real sec
[M::process] read 1068674 sequences (160000050 bp)...
[M::mem_pestat] # candidate unique pairs for (FF, FR, RF, RR): (73, 16304, 1, 54)
[M::mem_pestat] analyzing insert size distribution for orientation FF...
[M::mem_pestat] (25, 50, 75) percentile: (217, 361, 1384)
[M::mem_pestat] low and high boundaries for computing mean and std.dev: (1, 3718)
[M::mem_pestat] mean and std.dev: (484.90, 499.28)
[M::mem_pestat] low and high boundaries for proper pairs: (1, 4885)
[M::mem_pestat] analyzing insert size distribution for orientation FR...
[M::mem_pestat] (25, 50, 75) percentile: (251, 311, 392)
[M::mem_pestat] low and high boundaries for computing mean and std.dev: (1, 674)
[M::mem_pestat] mean and std.dev: (324.90, 99.36)
[M::mem_pestat] low and high boundaries for proper pairs: (1, 815)
[M::mem_pestat] skip orientation RF as there are not enough pairs
[M::mem_pestat] analyzing insert size distribution for orientation RR...
[M::mem_pestat] (25, 50, 75) percentile: (277, 542, 1279)
[M::mem_pestat] low and high boundaries for computing mean and std.dev: (1, 3283)
[M::mem_pestat] mean and std.dev: (692.82, 563.60)
[M::mem_pestat] low and high boundaries for proper pairs: (1, 4285)
[M::mem_pestat] skip orientation FF
[M::mem_pestat] skip orientation RR
[M::mem_process_seqs] Processed 1068644 reads in 70.018 CPU sec, 5.014 real sec
[M::process] read 1068800 sequences (160000172 bp)...
[M::mem_pestat] # candidate unique pairs for (FF, FR, RF, RR): (64, 16143, 5, 60)
[M::mem_pestat] analyzing insert size distribution for orientation FF...
[M::mem_pestat] (25, 50, 75) percentile: (242, 420, 1451)
[M::mem_pestat] low and high boundaries for computing mean and std.dev: (1, 3869)
[M::mem_pestat] mean and std.dev: (792.19, 835.68)
[M::mem_pestat] low and high boundaries for proper pairs: (1, 5078)
[M::mem_pestat] analyzing insert size distribution for orientation FR...
[M::mem_pestat] (25, 50, 75) percentile: (251, 311, 391)
[M::mem_pestat] low and high boundaries for computing mean and std.dev: (1, 671)
[M::mem_pestat] mean and std.dev: (324.64, 99.27)
[M::mem_pestat] low and high boundaries for proper pairs: (1, 811)
[M::mem_pestat] skip orientation RF as there are not enough pairs
[M::mem_pestat] analyzing insert size distribution for orientation RR...
[M::mem_pestat] (25, 50, 75) percentile: (226, 315, 725)
[M::mem_pestat] low and high boundaries for computing mean and std.dev: (1, 1723)
[M::mem_pestat] mean and std.dev: (419.61, 327.57)
[M::mem_pestat] low and high boundaries for proper pairs: (1, 2222)
[M::mem_pestat] skip orientation FF
[M::mem_pestat] skip orientation RR
[M::mem_process_seqs] Processed 1068674 reads in 70.162 CPU sec, 5.080 real sec
[M::process] read 1068038 sequences (160000225 bp)...
[M::mem_pestat] # candidate unique pairs for (FF, FR, RF, RR): (229, 27117, 1, 231)
[M::mem_pestat] analyzing insert size distribution for orientation FF...
[M::mem_pestat] (25, 50, 75) percentile: (270, 458, 1094)
[M::mem_pestat] low and high boundaries for computing mean and std.dev: (1, 2742)
[M::mem_pestat] mean and std.dev: (632.55, 548.85)
[M::mem_pestat] low and high boundaries for proper pairs: (1, 3566)
[M::mem_pestat] analyzing insert size distribution for orientation FR...
[M::mem_pestat] (25, 50, 75) percentile: (250, 309, 385)
[M::mem_pestat] low and high boundaries for computing mean and std.dev: (1, 655)
[M::mem_pestat] mean and std.dev: (321.98, 95.96)
[M::mem_pestat] low and high boundaries for proper pairs: (1, 790)
[M::mem_pestat] skip orientation RF as there are not enough pairs
[M::mem_pestat] analyzing insert size distribution for orientation RR...
[M::mem_pestat] (25, 50, 75) percentile: (249, 413, 871)
[M::mem_pestat] low and high boundaries for computing mean and std.dev: (1, 2115)
[M::mem_pestat] mean and std.dev: (541.01, 415.71)
[M::mem_pestat] low and high boundaries for proper pairs: (1, 2737)
[M::mem_pestat] skip orientation FF
[M::mem_pestat] skip orientation RR
[M::mem_process_seqs] Processed 1068800 reads in 72.968 CPU sec, 4.905 real sec
[M::process] read 1068694 sequences (160000056 bp)...
[M::mem_pestat] # candidate unique pairs for (FF, FR, RF, RR): (230, 29166, 6, 241)
[M::mem_pestat] analyzing insert size distribution for orientation FF...
[M::mem_pestat] (25, 50, 75) percentile: (241, 423, 860)
[M::mem_pestat] low and high boundaries for computing mean and std.dev: (1, 2098)
[M::mem_pestat] mean and std.dev: (498.52, 387.37)
[M::mem_pestat] low and high boundaries for proper pairs: (1, 2717)
[M::mem_pestat] analyzing insert size distribution for orientation FR...
[M::mem_pestat] (25, 50, 75) percentile: (253, 313, 388)
[M::mem_pestat] low and high boundaries for computing mean and std.dev: (1, 658)
[M::mem_pestat] mean and std.dev: (325.46, 97.23)
[M::mem_pestat] low and high boundaries for proper pairs: (1, 793)
[M::mem_pestat] skip orientation RF as there are not enough pairs
[M::mem_pestat] analyzing insert size distribution for orientation RR...
[M::mem_pestat] (25, 50, 75) percentile: (247, 441, 976)
[M::mem_pestat] low and high boundaries for computing mean and std.dev: (1, 2434)
[M::mem_pestat] mean and std.dev: (591.25, 476.98)
[M::mem_pestat] low and high boundaries for proper pairs: (1, 3163)
[M::mem_pestat] skip orientation FF
[M::mem_pestat] skip orientation RR
[M::mem_process_seqs] Processed 1068038 reads in 72.550 CPU sec, 4.909 real sec
[M::process] read 1068704 sequences (160000060 bp)...
[M::mem_pestat] # candidate unique pairs for (FF, FR, RF, RR): (239, 29060, 4, 292)
[M::mem_pestat] analyzing insert size distribution for orientation FF...
[M::mem_pestat] (25, 50, 75) percentile: (234, 415, 898)
[M::mem_pestat] low and high boundaries for computing mean and std.dev: (1, 2226)
[M::mem_pestat] mean and std.dev: (536.19, 436.51)
[M::mem_pestat] low and high boundaries for proper pairs: (1, 2890)
[M::mem_pestat] analyzing insert size distribution for orientation FR...
[M::mem_pestat] (25, 50, 75) percentile: (252, 312, 391)
[M::mem_pestat] low and high boundaries for computing mean and std.dev: (1, 669)
[M::mem_pestat] mean and std.dev: (325.81, 98.31)
[M::mem_pestat] low and high boundaries for proper pairs: (1, 808)
[M::mem_pestat] skip orientation RF as there are not enough pairs
[M::mem_pestat] analyzing insert size distribution for orientation RR...
[M::mem_pestat] (25, 50, 75) percentile: (262, 419, 916)
[M::mem_pestat] low and high boundaries for computing mean and std.dev: (1, 2224)
[M::mem_pestat] mean and std.dev: (567.67, 452.67)
[M::mem_pestat] low and high boundaries for proper pairs: (1, 2878)
[M::mem_pestat] skip orientation FF
[M::mem_pestat] skip orientation RR
[M::mem_process_seqs] Processed 1068694 reads in 73.156 CPU sec, 4.918 real sec
[M::process] read 1068230 sequences (160000250 bp)...
[M::mem_pestat] # candidate unique pairs for (FF, FR, RF, RR): (242, 29196, 7, 258)
[M::mem_pestat] analyzing insert size distribution for orientation FF...
[M::mem_pestat] (25, 50, 75) percentile: (239, 410, 937)
[M::mem_pestat] low and high boundaries for computing mean and std.dev: (1, 2333)
[M::mem_pestat] mean and std.dev: (542.59, 474.11)
[M::mem_pestat] low and high boundaries for proper pairs: (1, 3031)
[M::mem_pestat] analyzing insert size distribution for orientation FR...
[M::mem_pestat] (25, 50, 75) percentile: (252, 310, 387)
[M::mem_pestat] low and high boundaries for computing mean and std.dev: (1, 657)
[M::mem_pestat] mean and std.dev: (323.41, 96.79)
[M::mem_pestat] low and high boundaries for proper pairs: (1, 792)
[M::mem_pestat] skip orientation RF as there are not enough pairs
[M::mem_pestat] analyzing insert size distribution for orientation RR...
[M::mem_pestat] (25, 50, 75) percentile: (288, 504, 974)
[M::mem_pestat] low and high boundaries for computing mean and std.dev: (1, 2346)
[M::mem_pestat] mean and std.dev: (637.63, 495.59)
[M::mem_pestat] low and high boundaries for proper pairs: (1, 3032)
[M::mem_pestat] skip orientation FF
[M::mem_pestat] skip orientation RR
[M::mem_process_seqs] Processed 1068704 reads in 72.390 CPU sec, 4.842 real sec
[M::process] read 1068230 sequences (160000244 bp)...
[M::mem_pestat] # candidate unique pairs for (FF, FR, RF, RR): (259, 29176, 5, 236)
[M::mem_pestat] analyzing insert size distribution for orientation FF...
[M::mem_pestat] (25, 50, 75) percentile: (237, 431, 982)
[M::mem_pestat] low and high boundaries for computing mean and std.dev: (1, 2472)
[M::mem_pestat] mean and std.dev: (582.43, 513.02)
[M::mem_pestat] low and high boundaries for proper pairs: (1, 3217)
[M::mem_pestat] analyzing insert size distribution for orientation FR...
[M::mem_pestat] (25, 50, 75) percentile: (252, 310, 385)
[M::mem_pestat] low and high boundaries for computing mean and std.dev: (1, 651)
[M::mem_pestat] mean and std.dev: (322.52, 96.27)
[M::mem_pestat] low and high boundaries for proper pairs: (1, 784)
[M::mem_pestat] skip orientation RF as there are not enough pairs
[M::mem_pestat] analyzing insert size distribution for orientation RR...
[M::mem_pestat] (25, 50, 75) percentile: (263, 473, 1093)
[M::mem_pestat] low and high boundaries for computing mean and std.dev: (1, 2753)
[M::mem_pestat] mean and std.dev: (621.28, 562.46)
[M::mem_pestat] low and high boundaries for proper pairs: (1, 3583)
[M::mem_pestat] skip orientation FF
[M::mem_pestat] skip orientation RR
[M::mem_process_seqs] Processed 1068230 reads in 71.752 CPU sec, 4.956 real sec
[M::process] read 1068590 sequences (160000069 bp)...
[M::mem_pestat] # candidate unique pairs for (FF, FR, RF, RR): (293, 29150, 2, 200)
[M::mem_pestat] analyzing insert size distribution for orientation FF...
[M::mem_pestat] (25, 50, 75) percentile: (264, 468, 1230)
[M::mem_pestat] low and high boundaries for computing mean and std.dev: (1, 3162)
[M::mem_pestat] mean and std.dev: (646.16, 589.76)
[M::mem_pestat] low and high boundaries for proper pairs: (1, 4128)
[M::mem_pestat] analyzing insert size distribution for orientation FR...
[M::mem_pestat] (25, 50, 75) percentile: (252, 311, 389)
[M::mem_pestat] low and high boundaries for computing mean and std.dev: (1, 663)
[M::mem_pestat] mean and std.dev: (324.44, 97.02)
[M::mem_pestat] low and high boundaries for proper pairs: (1, 800)
[M::mem_pestat] skip orientation RF as there are not enough pairs
[M::mem_pestat] analyzing insert size distribution for orientation RR...
[M::mem_pestat] (25, 50, 75) percentile: (260, 462, 1186)
[M::mem_pestat] low and high boundaries for computing mean and std.dev: (1, 3038)
[M::mem_pestat] mean and std.dev: (670.05, 631.07)
[M::mem_pestat] low and high boundaries for proper pairs: (1, 3964)
[M::mem_pestat] skip orientation FF
[M::mem_pestat] skip orientation RR
[M::mem_process_seqs] Processed 1068230 reads in 71.615 CPU sec, 4.956 real sec
[M::process] read 1068564 sequences (160000118 bp)...
[M::mem_pestat] # candidate unique pairs for (FF, FR, RF, RR): (257, 29090, 3, 239)
[M::mem_pestat] analyzing insert size distribution for orientation FF...
[M::mem_pestat] (25, 50, 75) percentile: (275, 445, 1098)
[M::mem_pestat] low and high boundaries for computing mean and std.dev: (1, 2744)
[M::mem_pestat] mean and std.dev: (629.91, 550.49)
[M::mem_pestat] low and high boundaries for proper pairs: (1, 3567)
[M::mem_pestat] analyzing insert size distribution for orientation FR...
[M::mem_pestat] (25, 50, 75) percentile: (250, 309, 386)
[M::mem_pestat] low and high boundaries for computing mean and std.dev: (1, 658)
[M::mem_pestat] mean and std.dev: (322.45, 96.86)
[M::mem_pestat] low and high boundaries for proper pairs: (1, 794)
[M::mem_pestat] skip orientation RF as there are not enough pairs
[M::mem_pestat] analyzing insert size distribution for orientation RR...
[M::mem_pestat] (25, 50, 75) percentile: (229, 390, 932)
[M::mem_pestat] low and high boundaries for computing mean and std.dev: (1, 2338)
[M::mem_pestat] mean and std.dev: (548.79, 482.29)
[M::mem_pestat] low and high boundaries for proper pairs: (1, 3041)
[M::mem_pestat] skip orientation FF
[M::mem_pestat] skip orientation RR
[M::mem_process_seqs] Processed 1068590 reads in 71.402 CPU sec, 5.056 real sec
[M::process] read 1068282 sequences (160000240 bp)...
[M::mem_pestat] # candidate unique pairs for (FF, FR, RF, RR): (261, 18420, 1, 246)
[M::mem_pestat] analyzing insert size distribution for orientation FF...
[M::mem_pestat] (25, 50, 75) percentile: (231, 372, 905)
[M::mem_pestat] low and high boundaries for computing mean and std.dev: (1, 2253)
[M::mem_pestat] mean and std.dev: (508.62, 455.39)
[M::mem_pestat] low and high boundaries for proper pairs: (1, 2927)
[M::mem_pestat] analyzing insert size distribution for orientation FR...
[M::mem_pestat] (25, 50, 75) percentile: (252, 314, 391)
[M::mem_pestat] low and high boundaries for computing mean and std.dev: (1, 669)
[M::mem_pestat] mean and std.dev: (326.53, 98.84)
[M::mem_pestat] low and high boundaries for proper pairs: (1, 808)
[M::mem_pestat] skip orientation RF as there are not enough pairs
[M::mem_pestat] analyzing insert size distribution for orientation RR...
[M::mem_pestat] (25, 50, 75) percentile: (237, 406, 974)
[M::mem_pestat] low and high boundaries for computing mean and std.dev: (1, 2448)
[M::mem_pestat] mean and std.dev: (576.10, 495.48)
[M::mem_pestat] low and high boundaries for proper pairs: (1, 3185)
[M::mem_pestat] skip orientation FF
[M::mem_pestat] skip orientation RR
[M::mem_process_seqs] Processed 1068564 reads in 73.268 CPU sec, 4.916 real sec
[M::process] read 1068740 sequences (160000152 bp)...
[M::mem_pestat] # candidate unique pairs for (FF, FR, RF, RR): (336, 5962, 3, 290)
[M::mem_pestat] analyzing insert size distribution for orientation FF...
[M::mem_pestat] (25, 50, 75) percentile: (251, 429, 1065)
[M::mem_pestat] low and high boundaries for computing mean and std.dev: (1, 2693)
[M::mem_pestat] mean and std.dev: (595.89, 526.79)
[M::mem_pestat] low and high boundaries for proper pairs: (1, 3507)
[M::mem_pestat] analyzing insert size distribution for orientation FR...
[M::mem_pestat] (25, 50, 75) percentile: (251, 317, 402)
[M::mem_pestat] low and high boundaries for computing mean and std.dev: (1, 704)
[M::mem_pestat] mean and std.dev: (328.34, 101.95)
[M::mem_pestat] low and high boundaries for proper pairs: (1, 855)
[M::mem_pestat] skip orientation RF as there are not enough pairs
[M::mem_pestat] analyzing insert size distribution for orientation RR...
[M::mem_pestat] (25, 50, 75) percentile: (237, 415, 830)
[M::mem_pestat] low and high boundaries for computing mean and std.dev: (1, 2016)
[M::mem_pestat] mean and std.dev: (511.95, 382.00)
[M::mem_pestat] low and high boundaries for proper pairs: (1, 2609)
[M::mem_pestat] skip orientation RR
[M::mem_process_seqs] Processed 1068282 reads in 84.019 CPU sec, 6.569 real sec
[M::process] read 1068284 sequences (160000188 bp)...
[M::mem_pestat] # candidate unique pairs for (FF, FR, RF, RR): (272, 5998, 3, 282)
[M::mem_pestat] analyzing insert size distribution for orientation FF...
[M::mem_pestat] (25, 50, 75) percentile: (227, 383, 910)
[M::mem_pestat] low and high boundaries for computing mean and std.dev: (1, 2276)
[M::mem_pestat] mean and std.dev: (537.40, 468.32)
[M::mem_pestat] low and high boundaries for proper pairs: (1, 2959)
[M::mem_pestat] analyzing insert size distribution for orientation FR...
[M::mem_pestat] (25, 50, 75) percentile: (247, 314, 399)
[M::mem_pestat] low and high boundaries for computing mean and std.dev: (1, 703)
[M::mem_pestat] mean and std.dev: (325.67, 106.03)
[M::mem_pestat] low and high boundaries for proper pairs: (1, 855)
[M::mem_pestat] skip orientation RF as there are not enough pairs
[M::mem_pestat] analyzing insert size distribution for orientation RR...
[M::mem_pestat] (25, 50, 75) percentile: (256, 391, 885)
[M::mem_pestat] low and high boundaries for computing mean and std.dev: (1, 2143)
[M::mem_pestat] mean and std.dev: (521.06, 416.58)
[M::mem_pestat] low and high boundaries for proper pairs: (1, 2772)
[M::mem_pestat] skip orientation FF
[M::mem_pestat] skip orientation RR
[M::mem_process_seqs] Processed 1068740 reads in 73.348 CPU sec, 4.941 real sec
[M::process] read 1068676 sequences (160000228 bp)...
[M::mem_pestat] # candidate unique pairs for (FF, FR, RF, RR): (321, 6166, 5, 319)
[M::mem_pestat] analyzing insert size distribution for orientation FF...
[M::mem_pestat] (25, 50, 75) percentile: (224, 384, 1001)
[M::mem_pestat] low and high boundaries for computing mean and std.dev: (1, 2555)
[M::mem_pestat] mean and std.dev: (566.29, 522.88)
[M::mem_pestat] low and high boundaries for proper pairs: (1, 3332)
[M::mem_pestat] analyzing insert size distribution for orientation FR...
[M::mem_pestat] (25, 50, 75) percentile: (246, 312, 396)
[M::mem_pestat] low and high boundaries for computing mean and std.dev: (1, 696)
[M::mem_pestat] mean and std.dev: (323.14, 103.65)
[M::mem_pestat] low and high boundaries for proper pairs: (1, 846)
[M::mem_pestat] skip orientation RF as there are not enough pairs
[M::mem_pestat] analyzing insert size distribution for orientation RR...
[M::mem_pestat] (25, 50, 75) percentile: (246, 398, 837)
[M::mem_pestat] low and high boundaries for computing mean and std.dev: (1, 2019)
[M::mem_pestat] mean and std.dev: (519.83, 428.84)
[M::mem_pestat] low and high boundaries for proper pairs: (1, 2610)
[M::mem_process_seqs] Processed 1068284 reads in 92.676 CPU sec, 7.720 real sec
[M::mem_pestat] # candidate unique pairs for (FF, FR, RF, RR): (313, 6155, 6, 278)
[M::mem_pestat] analyzing insert size distribution for orientation FF...
[M::mem_pestat] (25, 50, 75) percentile: (226, 408, 799)
[M::mem_pestat] low and high boundaries for computing mean and std.dev: (1, 1945)
[M::mem_pestat] mean and std.dev: (489.05, 383.45)
[M::mem_pestat] low and high boundaries for proper pairs: (1, 2518)
[M::mem_pestat] analyzing insert size distribution for orientation FR...
[M::mem_pestat] (25, 50, 75) percentile: (246, 313, 394)
[M::mem_pestat] low and high boundaries for computing mean and std.dev: (1, 690)
[M::mem_pestat] mean and std.dev: (324.04, 104.01)
[M::mem_pestat] low and high boundaries for proper pairs: (1, 838)
[M::mem_pestat] skip orientation RF as there are not enough pairs
[M::mem_pestat] analyzing insert size distribution for orientation RR...
[M::mem_pestat] (25, 50, 75) percentile: (244, 407, 967)
[M::mem_pestat] low and high boundaries for computing mean and std.dev: (1, 2413)
[M::mem_pestat] mean and std.dev: (565.43, 462.44)
[M::mem_pestat] low and high boundaries for proper pairs: (1, 3136)
[M::mem_pestat] skip orientation RR
[M::mem_process_seqs] Processed 1068676 reads in 82.528 CPU sec, 6.104 real sec
[M::process] read 1069400 sequences (160000013 bp)...
[M::process] read 1068622 sequences (160000197 bp)...
[M::mem_pestat] # candidate unique pairs for (FF, FR, RF, RR): (255, 6038, 4, 279)
[M::mem_pestat] analyzing insert size distribution for orientation FF...
[M::mem_pestat] (25, 50, 75) percentile: (265, 386, 915)
[M::mem_pestat] low and high boundaries for computing mean and std.dev: (1, 2215)
[M::mem_pestat] mean and std.dev: (528.13, 449.57)
[M::mem_pestat] low and high boundaries for proper pairs: (1, 2865)
[M::mem_pestat] analyzing insert size distribution for orientation FR...
[M::mem_pestat] (25, 50, 75) percentile: (248, 315, 400)
[M::mem_pestat] low and high boundaries for computing mean and std.dev: (1, 704)
[M::mem_pestat] mean and std.dev: (327.33, 103.09)
[M::mem_pestat] low and high boundaries for proper pairs: (1, 856)
[M::mem_pestat] skip orientation RF as there are not enough pairs
[M::mem_pestat] analyzing insert size distribution for orientation RR...
[M::mem_pestat] (25, 50, 75) percentile: (222, 379, 860)
[M::mem_pestat] low and high boundaries for computing mean and std.dev: (1, 2136)
[M::mem_pestat] mean and std.dev: (516.97, 431.48)
[M::mem_pestat] low and high boundaries for proper pairs: (1, 2774)
[M::mem_pestat] skip orientation FF
[M::mem_pestat] skip orientation RR
[M::mem_process_seqs] Processed 1069400 reads in 67.459 CPU sec, 9.676 real sec
[M::process] read 1068594 sequences (160000219 bp)...
[M::mem_pestat] # candidate unique pairs for (FF, FR, RF, RR): (222, 6032, 7, 234)
[M::mem_pestat] analyzing insert size distribution for orientation FF...
[M::mem_pestat] (25, 50, 75) percentile: (230, 395, 1012)
[M::mem_pestat] low and high boundaries for computing mean and std.dev: (1, 2576)
[M::mem_pestat] mean and std.dev: (517.58, 475.09)
[M::mem_pestat] low and high boundaries for proper pairs: (1, 3358)
[M::mem_pestat] analyzing insert size distribution for orientation FR...
[M::mem_pestat] (25, 50, 75) percentile: (256, 322, 403)
[M::mem_pestat] low and high boundaries for computing mean and std.dev: (1, 697)
[M::mem_pestat] mean and std.dev: (332.34, 101.82)
[M::mem_pestat] low and high boundaries for proper pairs: (1, 844)
[M::mem_pestat] skip orientation RF as there are not enough pairs
[M::mem_pestat] analyzing insert size distribution for orientation RR...
[M::mem_pestat] (25, 50, 75) percentile: (267, 461, 1301)
[M::mem_pestat] low and high boundaries for computing mean and std.dev: (1, 3369)
[M::mem_pestat] mean and std.dev: (749.03, 758.85)
[M::mem_pestat] low and high boundaries for proper pairs: (1, 4403)
[M::mem_pestat] skip orientation FF
[M::mem_pestat] skip orientation RR
[M::mem_process_seqs] Processed 1068622 reads in 72.909 CPU sec, 4.953 real sec
[M::process] read 1069380 sequences (160000121 bp)...
[M::mem_pestat] # candidate unique pairs for (FF, FR, RF, RR): (282, 6148, 0, 274)
[M::mem_pestat] analyzing insert size distribution for orientation FF...
[M::mem_pestat] (25, 50, 75) percentile: (247, 391, 1116)
[M::mem_pestat] low and high boundaries for computing mean and std.dev: (1, 2854)
[M::mem_pestat] mean and std.dev: (553.69, 495.55)
[M::mem_pestat] low and high boundaries for proper pairs: (1, 3723)
[M::mem_pestat] analyzing insert size distribution for orientation FR...
[M::mem_pestat] (25, 50, 75) percentile: (255, 322, 403)
[M::mem_pestat] low and high boundaries for computing mean and std.dev: (1, 699)
[M::mem_pestat] mean and std.dev: (332.80, 102.11)
[M::mem_pestat] low and high boundaries for proper pairs: (1, 847)
[M::mem_pestat] skip orientation RF as there are not enough pairs
[M::mem_pestat] analyzing insert size distribution for orientation RR...
[M::mem_pestat] (25, 50, 75) percentile: (218, 424, 1012)
[M::mem_pestat] low and high boundaries for computing mean and std.dev: (1, 2600)
[M::mem_pestat] mean and std.dev: (545.26, 471.07)
[M::mem_pestat] low and high boundaries for proper pairs: (1, 3394)
[M::mem_pestat] skip orientation FF
[M::mem_pestat] skip orientation RR
[M::mem_process_seqs] Processed 1068594 reads in 72.591 CPU sec, 5.006 real sec
[M::process] read 1069102 sequences (160000234 bp)...
[M::mem_pestat] # candidate unique pairs for (FF, FR, RF, RR): (246, 6168, 8, 224)
[M::mem_pestat] analyzing insert size distribution for orientation FF...
[M::mem_pestat] (25, 50, 75) percentile: (247, 382, 1023)
[M::mem_pestat] low and high boundaries for computing mean and std.dev: (1, 2575)
[M::mem_pestat] mean and std.dev: (526.96, 473.99)
[M::mem_pestat] low and high boundaries for proper pairs: (1, 3351)
[M::mem_pestat] analyzing insert size distribution for orientation FR...
[M::mem_pestat] (25, 50, 75) percentile: (250, 314, 403)
[M::mem_pestat] low and high boundaries for computing mean and std.dev: (1, 709)
[M::mem_pestat] mean and std.dev: (329.31, 104.75)
[M::mem_pestat] low and high boundaries for proper pairs: (1, 862)
[M::mem_pestat] skip orientation RF as there are not enough pairs
[M::mem_pestat] analyzing insert size distribution for orientation RR...
[M::mem_pestat] (25, 50, 75) percentile: (239, 385, 1111)
[M::mem_pestat] low and high boundaries for computing mean and std.dev: (1, 2855)
[M::mem_pestat] mean and std.dev: (543.40, 510.01)
[M::mem_pestat] low and high boundaries for proper pairs: (1, 3727)
[M::mem_pestat] skip orientation FF
[M::mem_pestat] skip orientation RR
[M::mem_process_seqs] Processed 1069380 reads in 73.486 CPU sec, 4.950 real sec
[M::process] read 1069286 sequences (160000212 bp)...
[M::mem_pestat] # candidate unique pairs for (FF, FR, RF, RR): (282, 6159, 3, 238)
[M::mem_pestat] analyzing insert size distribution for orientation FF...
[M::mem_pestat] (25, 50, 75) percentile: (246, 405, 1284)
[M::mem_pestat] low and high boundaries for computing mean and std.dev: (1, 3360)
[M::mem_pestat] mean and std.dev: (672.36, 680.89)
[M::mem_pestat] low and high boundaries for proper pairs: (1, 4398)
[M::mem_pestat] analyzing insert size distribution for orientation FR...
[M::mem_pestat] (25, 50, 75) percentile: (249, 316, 404)
[M::mem_pestat] low and high boundaries for computing mean and std.dev: (1, 714)
[M::mem_pestat] mean and std.dev: (330.09, 104.73)
[M::mem_pestat] low and high boundaries for proper pairs: (1, 869)
[M::mem_pestat] skip orientation RF as there are not enough pairs
[M::mem_pestat] analyzing insert size distribution for orientation RR...
[M::mem_pestat] (25, 50, 75) percentile: (245, 399, 1191)
[M::mem_pestat] low and high boundaries for computing mean and std.dev: (1, 3083)
[M::mem_pestat] mean and std.dev: (619.59, 641.82)
[M::mem_pestat] low and high boundaries for proper pairs: (1, 4029)
[M::mem_pestat] skip orientation FF
[M::mem_pestat] skip orientation RR
[M::mem_process_seqs] Processed 1069102 reads in 72.579 CPU sec, 5.060 real sec
[M::process] read 1068706 sequences (160000188 bp)...
[M::mem_pestat] # candidate unique pairs for (FF, FR, RF, RR): (273, 6331, 2, 209)
[M::mem_pestat] analyzing insert size distribution for orientation FF...
[M::mem_pestat] (25, 50, 75) percentile: (262, 501, 1260)
[M::mem_pestat] low and high boundaries for computing mean and std.dev: (1, 3256)
[M::mem_pestat] mean and std.dev: (683.34, 658.12)
[M::mem_pestat] low and high boundaries for proper pairs: (1, 4254)
[M::mem_pestat] analyzing insert size distribution for orientation FR...
[M::mem_pestat] (25, 50, 75) percentile: (249, 314, 399)
[M::mem_pestat] low and high boundaries for computing mean and std.dev: (1, 699)
[M::mem_pestat] mean and std.dev: (326.48, 103.37)
[M::mem_pestat] low and high boundaries for proper pairs: (1, 849)
[M::mem_pestat] skip orientation RF as there are not enough pairs
[M::mem_pestat] analyzing insert size distribution for orientation RR...
[M::mem_pestat] (25, 50, 75) percentile: (242, 410, 1112)
[M::mem_pestat] low and high boundaries for computing mean and std.dev: (1, 2852)
[M::mem_pestat] mean and std.dev: (589.31, 540.94)
[M::mem_pestat] low and high boundaries for proper pairs: (1, 3722)
[M::mem_pestat] skip orientation FF
[M::mem_pestat] skip orientation RR
[M::mem_process_seqs] Processed 1069286 reads in 74.365 CPU sec, 4.851 real sec
[M::process] read 1068852 sequences (160000299 bp)...
[M::mem_pestat] # candidate unique pairs for (FF, FR, RF, RR): (200, 6064, 9, 260)
[M::mem_pestat] analyzing insert size distribution for orientation FF...
[M::mem_pestat] (25, 50, 75) percentile: (246, 392, 616)
[M::mem_pestat] low and high boundaries for computing mean and std.dev: (1, 1356)
[M::mem_pestat] mean and std.dev: (396.47, 257.40)
[M::mem_pestat] low and high boundaries for proper pairs: (1, 1726)
[M::mem_pestat] analyzing insert size distribution for orientation FR...
[M::mem_pestat] (25, 50, 75) percentile: (252, 319, 404)
[M::mem_pestat] low and high boundaries for computing mean and std.dev: (1, 708)
[M::mem_pestat] mean and std.dev: (330.96, 103.81)
[M::mem_pestat] low and high boundaries for proper pairs: (1, 860)
[M::mem_pestat] skip orientation RF as there are not enough pairs
[M::mem_pestat] analyzing insert size distribution for orientation RR...
[M::mem_pestat] (25, 50, 75) percentile: (272, 445, 987)
[M::mem_pestat] low and high boundaries for computing mean and std.dev: (1, 2417)
[M::mem_pestat] mean and std.dev: (573.43, 482.58)
[M::mem_pestat] low and high boundaries for proper pairs: (1, 3132)
[M::mem_pestat] skip orientation FF
[M::mem_pestat] skip orientation RR
[M::mem_process_seqs] Processed 1068706 reads in 71.903 CPU sec, 5.027 real sec
[M::process] read 1068996 sequences (160000010 bp)...
[M::mem_pestat] # candidate unique pairs for (FF, FR, RF, RR): (243, 6097, 8, 239)
[M::mem_pestat] analyzing insert size distribution for orientation FF...
[M::mem_pestat] (25, 50, 75) percentile: (268, 444, 1168)
[M::mem_pestat] low and high boundaries for computing mean and std.dev: (1, 2968)
[M::mem_pestat] mean and std.dev: (646.41, 586.23)
[M::mem_pestat] low and high boundaries for proper pairs: (1, 3868)
[M::mem_pestat] analyzing insert size distribution for orientation FR...
[M::mem_pestat] (25, 50, 75) percentile: (255, 319, 404)
[M::mem_pestat] low and high boundaries for computing mean and std.dev: (1, 702)
[M::mem_pestat] mean and std.dev: (331.00, 102.56)
[M::mem_pestat] low and high boundaries for proper pairs: (1, 851)
[M::mem_pestat] skip orientation RF as there are not enough pairs
[M::mem_pestat] analyzing insert size distribution for orientation RR...
[M::mem_pestat] (25, 50, 75) percentile: (223, 400, 1010)
[M::mem_pestat] low and high boundaries for computing mean and std.dev: (1, 2584)
[M::mem_pestat] mean and std.dev: (542.62, 468.79)
[M::mem_pestat] low and high boundaries for proper pairs: (1, 3371)
[M::mem_pestat] skip orientation FF
[M::mem_pestat] skip orientation RR
[M::mem_process_seqs] Processed 1068852 reads in 74.142 CPU sec, 4.785 real sec
[M::process] read 1068926 sequences (160000229 bp)...
[M::mem_pestat] # candidate unique pairs for (FF, FR, RF, RR): (259, 5995, 8, 242)
[M::mem_pestat] analyzing insert size distribution for orientation FF...
[M::mem_pestat] (25, 50, 75) percentile: (242, 429, 1256)
[M::mem_pestat] low and high boundaries for computing mean and std.dev: (1, 3284)
[M::mem_pestat] mean and std.dev: (646.25, 611.34)
[M::mem_pestat] low and high boundaries for proper pairs: (1, 4298)
[M::mem_pestat] analyzing insert size distribution for orientation FR...
[M::mem_pestat] (25, 50, 75) percentile: (252, 322, 405)
[M::mem_pestat] low and high boundaries for computing mean and std.dev: (1, 711)
[M::mem_pestat] mean and std.dev: (332.64, 105.46)
[M::mem_pestat] low and high boundaries for proper pairs: (1, 864)
[M::mem_pestat] skip orientation RF as there are not enough pairs
[M::mem_pestat] analyzing insert size distribution for orientation RR...
[M::mem_pestat] (25, 50, 75) percentile: (249, 414, 886)
[M::mem_pestat] low and high boundaries for computing mean and std.dev: (1, 2160)
[M::mem_pestat] mean and std.dev: (522.95, 444.45)
[M::mem_pestat] low and high boundaries for proper pairs: (1, 2797)
[M::mem_pestat] skip orientation FF
[M::mem_pestat] skip orientation RR
[M::mem_process_seqs] Processed 1068996 reads in 73.681 CPU sec, 4.954 real sec
[M::process] read 1069180 sequences (160000115 bp)...
[M::mem_pestat] # candidate unique pairs for (FF, FR, RF, RR): (242, 6094, 8, 241)
[M::mem_pestat] analyzing insert size distribution for orientation FF...
[M::mem_pestat] (25, 50, 75) percentile: (250, 393, 1133)
[M::mem_pestat] low and high boundaries for computing mean and std.dev: (1, 2899)
[M::mem_pestat] mean and std.dev: (593.61, 588.29)
[M::mem_pestat] low and high boundaries for proper pairs: (1, 3782)
[M::mem_pestat] analyzing insert size distribution for orientation FR...
[M::mem_pestat] (25, 50, 75) percentile: (250, 319, 401)
[M::mem_pestat] low and high boundaries for computing mean and std.dev: (1, 703)
[M::mem_pestat] mean and std.dev: (330.17, 104.25)
[M::mem_pestat] low and high boundaries for proper pairs: (1, 854)
[M::mem_pestat] skip orientation RF as there are not enough pairs
[M::mem_pestat] analyzing insert size distribution for orientation RR...
[M::mem_pestat] (25, 50, 75) percentile: (255, 474, 1111)
[M::mem_pestat] low and high boundaries for computing mean and std.dev: (1, 2823)
[M::mem_pestat] mean and std.dev: (601.98, 503.45)
[M::mem_pestat] low and high boundaries for proper pairs: (1, 3679)
[M::mem_pestat] skip orientation FF
[M::mem_pestat] skip orientation RR
[M::mem_process_seqs] Processed 1068926 reads in 71.799 CPU sec, 5.081 real sec
[M::process] read 1069054 sequences (160000251 bp)...
[M::mem_pestat] # candidate unique pairs for (FF, FR, RF, RR): (194, 4102, 3, 199)
[M::mem_pestat] analyzing insert size distribution for orientation FF...
[M::mem_pestat] (25, 50, 75) percentile: (300, 539, 1162)
[M::mem_pestat] low and high boundaries for computing mean and std.dev: (1, 2886)
[M::mem_pestat] mean and std.dev: (664.46, 543.99)
[M::mem_pestat] low and high boundaries for proper pairs: (1, 3748)
[M::mem_pestat] analyzing insert size distribution for orientation FR...
[M::mem_pestat] (25, 50, 75) percentile: (253, 321, 409)
[M::mem_pestat] low and high boundaries for computing mean and std.dev: (1, 721)
[M::mem_pestat] mean and std.dev: (332.18, 105.57)
[M::mem_pestat] low and high boundaries for proper pairs: (1, 877)
[M::mem_pestat] skip orientation RF as there are not enough pairs
[M::mem_pestat] analyzing insert size distribution for orientation RR...
[M::mem_pestat] (25, 50, 75) percentile: (248, 436, 1191)
[M::mem_pestat] low and high boundaries for computing mean and std.dev: (1, 3077)
[M::mem_pestat] mean and std.dev: (661.33, 638.63)
[M::mem_pestat] low and high boundaries for proper pairs: (1, 4020)
[M::mem_pestat] skip orientation FF
[M::mem_pestat] skip orientation RR
[M::mem_process_seqs] Processed 1069180 reads in 71.773 CPU sec, 5.106 real sec
[M::process] read 1069248 sequences (160000254 bp)...
[M::mem_pestat] # candidate unique pairs for (FF, FR, RF, RR): (203, 4044, 4, 205)
[M::mem_pestat] analyzing insert size distribution for orientation FF...
[M::mem_pestat] (25, 50, 75) percentile: (265, 417, 956)
[M::mem_pestat] low and high boundaries for computing mean and std.dev: (1, 2338)
[M::mem_pestat] mean and std.dev: (529.22, 414.31)
[M::mem_pestat] low and high boundaries for proper pairs: (1, 3029)
[M::mem_pestat] analyzing insert size distribution for orientation FR...
[M::mem_pestat] (25, 50, 75) percentile: (253, 325, 411)
[M::mem_pestat] low and high boundaries for computing mean and std.dev: (1, 727)
[M::mem_pestat] mean and std.dev: (335.72, 105.36)
[M::mem_pestat] low and high boundaries for proper pairs: (1, 885)
[M::mem_pestat] skip orientation RF as there are not enough pairs
[M::mem_pestat] analyzing insert size distribution for orientation RR...
[M::mem_pestat] (25, 50, 75) percentile: (246, 401, 911)
[M::mem_pestat] low and high boundaries for computing mean and std.dev: (1, 2241)
[M::mem_pestat] mean and std.dev: (535.28, 468.53)
[M::mem_pestat] low and high boundaries for proper pairs: (1, 2906)
[M::mem_process_seqs] Processed 1069054 reads in 94.290 CPU sec, 6.251 real sec
[M::process] read 1069052 sequences (160000279 bp)...
[M::mem_pestat] # candidate unique pairs for (FF, FR, RF, RR): (250, 4019, 3, 210)
[M::mem_pestat] analyzing insert size distribution for orientation FF...
[M::mem_pestat] (25, 50, 75) percentile: (238, 421, 970)
[M::mem_pestat] low and high boundaries for computing mean and std.dev: (1, 2434)
[M::mem_pestat] mean and std.dev: (521.37, 449.75)
[M::mem_pestat] low and high boundaries for proper pairs: (1, 3166)
[M::mem_pestat] analyzing insert size distribution for orientation FR...
[M::mem_pestat] (25, 50, 75) percentile: (253, 322, 409)
[M::mem_pestat] low and high boundaries for computing mean and std.dev: (1, 721)
[M::mem_pestat] mean and std.dev: (333.95, 105.26)
[M::mem_pestat] low and high boundaries for proper pairs: (1, 877)
[M::mem_pestat] skip orientation RF as there are not enough pairs
[M::mem_pestat] analyzing insert size distribution for orientation RR...
[M::mem_pestat] (25, 50, 75) percentile: (249, 411, 1029)
[M::mem_pestat] low and high boundaries for computing mean and std.dev: (1, 2589)
[M::mem_pestat] mean and std.dev: (581.59, 498.32)
[M::mem_pestat] low and high boundaries for proper pairs: (1, 3369)
[M::mem_process_seqs] Processed 1069248 reads in 92.134 CPU sec, 6.729 real sec
[M::process] read 1068996 sequences (160000023 bp)...
[M::mem_pestat] # candidate unique pairs for (FF, FR, RF, RR): (214, 3857, 5, 190)
[M::mem_pestat] analyzing insert size distribution for orientation FF...
[M::mem_pestat] (25, 50, 75) percentile: (228, 413, 1013)
[M::mem_pestat] low and high boundaries for computing mean and std.dev: (1, 2583)
[M::mem_pestat] mean and std.dev: (553.07, 515.55)
[M::mem_pestat] low and high boundaries for proper pairs: (1, 3368)
[M::mem_pestat] analyzing insert size distribution for orientation FR...
[M::mem_pestat] (25, 50, 75) percentile: (255, 322, 407)
[M::mem_pestat] low and high boundaries for computing mean and std.dev: (1, 711)
[M::mem_pestat] mean and std.dev: (334.78, 104.02)
[M::mem_pestat] low and high boundaries for proper pairs: (1, 863)
[M::mem_pestat] skip orientation RF as there are not enough pairs
[M::mem_pestat] analyzing insert size distribution for orientation RR...
[M::mem_pestat] (25, 50, 75) percentile: (228, 418, 1113)
[M::mem_pestat] low and high boundaries for computing mean and std.dev: (1, 2883)
[M::mem_pestat] mean and std.dev: (617.83, 568.57)
[M::mem_pestat] low and high boundaries for proper pairs: (1, 3768)
[M::mem_pestat] skip orientation RR
[M::mem_process_seqs] Processed 1069052 reads in 81.574 CPU sec, 5.871 real sec
[M::process] read 1063044 sequences (159020148 bp)...
[M::mem_pestat] # candidate unique pairs for (FF, FR, RF, RR): (229, 3948, 4, 205)
[M::mem_pestat] analyzing insert size distribution for orientation FF...
[M::mem_pestat] (25, 50, 75) percentile: (238, 381, 871)
[M::mem_pestat] low and high boundaries for computing mean and std.dev: (1, 2137)
[M::mem_pestat] mean and std.dev: (489.82, 396.93)
[M::mem_pestat] low and high boundaries for proper pairs: (1, 2770)
[M::mem_pestat] analyzing insert size distribution for orientation FR...
[M::mem_pestat] (25, 50, 75) percentile: (252, 320, 407)
[M::mem_pestat] low and high boundaries for computing mean and std.dev: (1, 717)
[M::mem_pestat] mean and std.dev: (331.51, 103.36)
[M::mem_pestat] low and high boundaries for proper pairs: (1, 872)
[M::mem_pestat] skip orientation RF as there are not enough pairs
[M::mem_pestat] analyzing insert size distribution for orientation RR...
[M::mem_pestat] (25, 50, 75) percentile: (253, 415, 988)
[M::mem_pestat] low and high boundaries for computing mean and std.dev: (1, 2458)
[M::mem_pestat] mean and std.dev: (579.34, 473.20)
[M::mem_pestat] low and high boundaries for proper pairs: (1, 3193)
[M::mem_process_seqs] Processed 1068996 reads in 92.145 CPU sec, 6.609 real sec
[M::mem_pestat] # candidate unique pairs for (FF, FR, RF, RR): (210, 3882, 1, 217)
[M::mem_pestat] analyzing insert size distribution for orientation FF...
[M::mem_pestat] (25, 50, 75) percentile: (294, 452, 1094)
[M::mem_pestat] low and high boundaries for computing mean and std.dev: (1, 2694)
[M::mem_pestat] mean and std.dev: (605.18, 483.05)
[M::mem_pestat] low and high boundaries for proper pairs: (1, 3494)
[M::mem_pestat] analyzing insert size distribution for orientation FR...
[M::mem_pestat] (25, 50, 75) percentile: (256, 329, 420)
[M::mem_pestat] low and high boundaries for computing mean and std.dev: (1, 748)
[M::mem_pestat] mean and std.dev: (339.47, 107.01)
[M::mem_pestat] low and high boundaries for proper pairs: (1, 912)
[M::mem_pestat] skip orientation RF as there are not enough pairs
[M::mem_pestat] analyzing insert size distribution for orientation RR...
[M::mem_pestat] (25, 50, 75) percentile: (227, 394, 995)
[M::mem_pestat] low and high boundaries for computing mean and std.dev: (1, 2531)
[M::mem_pestat] mean and std.dev: (545.32, 482.55)
[M::mem_pestat] low and high boundaries for proper pairs: (1, 3299)
[M::mem_process_seqs] Processed 1063044 reads in 86.531 CPU sec, 6.720 real sec
[main] Version: 0.7.18-r1243-dirty
[main] CMD: bwa mem -t 16 /private/groups/russelllab/jodie/merrill_23_wRi_genome/scaffolded/merrill_23_all_basecalled/wRi/links_scaffolded.fasta /private/groups/russelllab/jodie/merrill_23_wRi_genome/short_reads/trimmed_R1.fastq.gz /private/groups/russelllab/jodie/merrill_23_wRi_genome/short_reads/trimmed_R2.fastq.gz
[main] Real time: 288.572 sec; CPU: 3794.497 sec
[bam_sort_core] merging from 1 files and 16 in-memory blocks...
/usr/bin/bash: line 13: pilon: command not found
[Fri Mar  7 18:39:14 2025]
Error in rule polish_scaffolded_with_short_reads:
    jobid: 0
    input: /private/groups/russelllab/jodie/merrill_23_wRi_genome/scaffolded/merrill_23_all_basecalled/wRi/links_scaffolded.fasta, /private/groups/russelllab/jodie/merrill_23_wRi_genome/scaffolded/merrill_23_all_basecalled/wRi/tgs_scaffolded.fasta, /private/groups/russelllab/jodie/merrill_23_wRi_genome/short_reads/trimmed_R1.fastq.gz, /private/groups/russelllab/jodie/merrill_23_wRi_genome/short_reads/trimmed_R2.fastq.gz
    output: /private/groups/russelllab/jodie/merrill_23_wRi_genome/polished_scaffolds/merrill_23_all_basecalled/wRi/links_pilon.fasta, /private/groups/russelllab/jodie/merrill_23_wRi_genome/polished_scaffolds/merrill_23_all_basecalled/wRi/tgs_pilon.fasta
    shell:
        
        # Create output directory
        mkdir -p /private/groups/russelllab/jodie/merrill_23_wRi_genome/polished_scaffolds/merrill_23_all_basecalled/wRi/
        
        # Index the scaffolded assemblies
        bwa index /private/groups/russelllab/jodie/merrill_23_wRi_genome/scaffolded/merrill_23_all_basecalled/wRi/links_scaffolded.fasta
        bwa index /private/groups/russelllab/jodie/merrill_23_wRi_genome/scaffolded/merrill_23_all_basecalled/wRi/tgs_scaffolded.fasta
        
        # Map reads to LINKS scaffolds and polish
        bwa mem -t 16 /private/groups/russelllab/jodie/merrill_23_wRi_genome/scaffolded/merrill_23_all_basecalled/wRi/links_scaffolded.fasta /private/groups/russelllab/jodie/merrill_23_wRi_genome/short_reads/trimmed_R1.fastq.gz /private/groups/russelllab/jodie/merrill_23_wRi_genome/short_reads/trimmed_R2.fastq.gz |             samtools sort -@ 16 -o /private/groups/russelllab/jodie/merrill_23_wRi_genome/polished_scaffolds/merrill_23_all_basecalled/wRi//links_sorted.bam
        samtools index -@ 16 /private/groups/russelllab/jodie/merrill_23_wRi_genome/polished_scaffolds/merrill_23_all_basecalled/wRi//links_sorted.bam
        
        pilon --genome /private/groups/russelllab/jodie/merrill_23_wRi_genome/scaffolded/merrill_23_all_basecalled/wRi/links_scaffolded.fasta               --frags /private/groups/russelllab/jodie/merrill_23_wRi_genome/polished_scaffolds/merrill_23_all_basecalled/wRi//links_sorted.bam               --output links_pilon               --outdir /private/groups/russelllab/jodie/merrill_23_wRi_genome/polished_scaffolds/merrill_23_all_basecalled/wRi/               --threads 16               --changes --vcf
              
        # Map reads to TGS scaffolds and polish
        bwa mem -t 16 /private/groups/russelllab/jodie/merrill_23_wRi_genome/scaffolded/merrill_23_all_basecalled/wRi/tgs_scaffolded.fasta /private/groups/russelllab/jodie/merrill_23_wRi_genome/short_reads/trimmed_R1.fastq.gz /private/groups/russelllab/jodie/merrill_23_wRi_genome/short_reads/trimmed_R2.fastq.gz |             samtools sort -@ 16 -o /private/groups/russelllab/jodie/merrill_23_wRi_genome/polished_scaffolds/merrill_23_all_basecalled/wRi//tgs_sorted.bam
        samtools index -@ 16 /private/groups/russelllab/jodie/merrill_23_wRi_genome/polished_scaffolds/merrill_23_all_basecalled/wRi//tgs_sorted.bam
        
        pilon --genome /private/groups/russelllab/jodie/merrill_23_wRi_genome/scaffolded/merrill_23_all_basecalled/wRi/tgs_scaffolded.fasta               --frags /private/groups/russelllab/jodie/merrill_23_wRi_genome/polished_scaffolds/merrill_23_all_basecalled/wRi//tgs_sorted.bam               --output tgs_pilon               --outdir /private/groups/russelllab/jodie/merrill_23_wRi_genome/polished_scaffolds/merrill_23_all_basecalled/wRi/               --threads 16               --changes --vcf
        
        # Rename outputs to match expected paths
        mv /private/groups/russelllab/jodie/merrill_23_wRi_genome/polished_scaffolds/merrill_23_all_basecalled/wRi//links_pilon.fasta /private/groups/russelllab/jodie/merrill_23_wRi_genome/polished_scaffolds/merrill_23_all_basecalled/wRi/links_pilon.fasta
        mv /private/groups/russelllab/jodie/merrill_23_wRi_genome/polished_scaffolds/merrill_23_all_basecalled/wRi//tgs_pilon.fasta /private/groups/russelllab/jodie/merrill_23_wRi_genome/polished_scaffolds/merrill_23_all_basecalled/wRi/tgs_pilon.fasta
        
        (one of the commands exited with non-zero exit code; note that snakemake uses bash strict mode!)

Shutting down, this might take some time.
Exiting because a job execution failed. Look above for error message
Storing output in storage.
WorkflowError:
At least one job did not complete successfully.
srun: error: phoenix-22: task 0: Exited with exit code 1
[Fri Mar  7 18:39:14 2025]
Error in rule polish_scaffolded_with_short_reads:
    jobid: 0
    input: /private/groups/russelllab/jodie/merrill_23_wRi_genome/scaffolded/merrill_23_all_basecalled/wRi/links_scaffolded.fasta, /private/groups/russelllab/jodie/merrill_23_wRi_genome/scaffolded/merrill_23_all_basecalled/wRi/tgs_scaffolded.fasta, /private/groups/russelllab/jodie/merrill_23_wRi_genome/short_reads/trimmed_R1.fastq.gz, /private/groups/russelllab/jodie/merrill_23_wRi_genome/short_reads/trimmed_R2.fastq.gz
    output: /private/groups/russelllab/jodie/merrill_23_wRi_genome/polished_scaffolds/merrill_23_all_basecalled/wRi/links_pilon.fasta, /private/groups/russelllab/jodie/merrill_23_wRi_genome/polished_scaffolds/merrill_23_all_basecalled/wRi/tgs_pilon.fasta
    shell:
        
        # Create output directory
        mkdir -p /private/groups/russelllab/jodie/merrill_23_wRi_genome/polished_scaffolds/merrill_23_all_basecalled/wRi/
        
        # Index the scaffolded assemblies
        bwa index /private/groups/russelllab/jodie/merrill_23_wRi_genome/scaffolded/merrill_23_all_basecalled/wRi/links_scaffolded.fasta
        bwa index /private/groups/russelllab/jodie/merrill_23_wRi_genome/scaffolded/merrill_23_all_basecalled/wRi/tgs_scaffolded.fasta
        
        # Map reads to LINKS scaffolds and polish
        bwa mem -t 16 /private/groups/russelllab/jodie/merrill_23_wRi_genome/scaffolded/merrill_23_all_basecalled/wRi/links_scaffolded.fasta /private/groups/russelllab/jodie/merrill_23_wRi_genome/short_reads/trimmed_R1.fastq.gz /private/groups/russelllab/jodie/merrill_23_wRi_genome/short_reads/trimmed_R2.fastq.gz |             samtools sort -@ 16 -o /private/groups/russelllab/jodie/merrill_23_wRi_genome/polished_scaffolds/merrill_23_all_basecalled/wRi//links_sorted.bam
        samtools index -@ 16 /private/groups/russelllab/jodie/merrill_23_wRi_genome/polished_scaffolds/merrill_23_all_basecalled/wRi//links_sorted.bam
        
        pilon --genome /private/groups/russelllab/jodie/merrill_23_wRi_genome/scaffolded/merrill_23_all_basecalled/wRi/links_scaffolded.fasta               --frags /private/groups/russelllab/jodie/merrill_23_wRi_genome/polished_scaffolds/merrill_23_all_basecalled/wRi//links_sorted.bam               --output links_pilon               --outdir /private/groups/russelllab/jodie/merrill_23_wRi_genome/polished_scaffolds/merrill_23_all_basecalled/wRi/               --threads 16               --changes --vcf
              
        # Map reads to TGS scaffolds and polish
        bwa mem -t 16 /private/groups/russelllab/jodie/merrill_23_wRi_genome/scaffolded/merrill_23_all_basecalled/wRi/tgs_scaffolded.fasta /private/groups/russelllab/jodie/merrill_23_wRi_genome/short_reads/trimmed_R1.fastq.gz /private/groups/russelllab/jodie/merrill_23_wRi_genome/short_reads/trimmed_R2.fastq.gz |             samtools sort -@ 16 -o /private/groups/russelllab/jodie/merrill_23_wRi_genome/polished_scaffolds/merrill_23_all_basecalled/wRi//tgs_sorted.bam
        samtools index -@ 16 /private/groups/russelllab/jodie/merrill_23_wRi_genome/polished_scaffolds/merrill_23_all_basecalled/wRi//tgs_sorted.bam
        
        pilon --genome /private/groups/russelllab/jodie/merrill_23_wRi_genome/scaffolded/merrill_23_all_basecalled/wRi/tgs_scaffolded.fasta               --frags /private/groups/russelllab/jodie/merrill_23_wRi_genome/polished_scaffolds/merrill_23_all_basecalled/wRi//tgs_sorted.bam               --output tgs_pilon               --outdir /private/groups/russelllab/jodie/merrill_23_wRi_genome/polished_scaffolds/merrill_23_all_basecalled/wRi/               --threads 16               --changes --vcf
        
        # Rename outputs to match expected paths
        mv /private/groups/russelllab/jodie/merrill_23_wRi_genome/polished_scaffolds/merrill_23_all_basecalled/wRi//links_pilon.fasta /private/groups/russelllab/jodie/merrill_23_wRi_genome/polished_scaffolds/merrill_23_all_basecalled/wRi/links_pilon.fasta
        mv /private/groups/russelllab/jodie/merrill_23_wRi_genome/polished_scaffolds/merrill_23_all_basecalled/wRi//tgs_pilon.fasta /private/groups/russelllab/jodie/merrill_23_wRi_genome/polished_scaffolds/merrill_23_all_basecalled/wRi/tgs_pilon.fasta
        
        (one of the commands exited with non-zero exit code; note that snakemake uses bash strict mode!)

Shutting down, this might take some time.
Exiting because a job execution failed. Look above for error message
Storing output in storage.
WorkflowError:
At least one job did not complete successfully.
