host: phoenix-06.prism
Building DAG of jobs...
Using shell: /usr/bin/bash
Provided remote nodes: 1
Provided resources: mem_mb=100000, mem_mib=95368, disk_mb=1000, disk_mib=954
Select jobs to execute...
Execute 1 jobs...

[Fri Mar  7 21:17:57 2025]
rule polish_scaffolded_with_short_reads:
    input: /private/groups/russelllab/jodie/merrill_23_wRi_genome/scaffolded/merrill_23_all_basecalled/wRi/links_scaffolded_renamed.fasta, /private/groups/russelllab/jodie/merrill_23_wRi_genome/short_reads/wRi_R1.fastq.gz, /private/groups/russelllab/jodie/merrill_23_wRi_genome/short_reads/wRi_R2.fastq.gz
    output: /private/groups/russelllab/jodie/merrill_23_wRi_genome/polished_scaffolds/merrill_23_all_basecalled/wRi/links_pilon.fasta
    jobid: 0
    reason: Forced execution
    wildcards: sample=merrill_23_all_basecalled
    threads: 16
    resources: mem_mb=100000, mem_mib=95368, disk_mb=1000, disk_mib=954, tmpdir=<TBD>, slurm_partition=medium, runtime=360

host: phoenix-06.prism
Building DAG of jobs...
Using shell: /usr/bin/bash
Provided cores: 16
Rules claiming more threads will be scaled down.
Provided resources: mem_mb=100000, mem_mib=95368, disk_mb=1000, disk_mib=954
Select jobs to execute...
Execute 1 jobs...

[Fri Mar  7 21:17:59 2025]
localrule polish_scaffolded_with_short_reads:
    input: /private/groups/russelllab/jodie/merrill_23_wRi_genome/scaffolded/merrill_23_all_basecalled/wRi/links_scaffolded_renamed.fasta, /private/groups/russelllab/jodie/merrill_23_wRi_genome/short_reads/wRi_R1.fastq.gz, /private/groups/russelllab/jodie/merrill_23_wRi_genome/short_reads/wRi_R2.fastq.gz
    output: /private/groups/russelllab/jodie/merrill_23_wRi_genome/polished_scaffolds/merrill_23_all_basecalled/wRi/links_pilon.fasta
    jobid: 0
    reason: Forced execution
    wildcards: sample=merrill_23_all_basecalled
    threads: 16
    resources: mem_mb=100000, mem_mib=95368, disk_mb=1000, disk_mib=954, tmpdir=/data/tmp, slurm_partition=medium, runtime=360

[bwa_index] Pack FASTA... 0.02 sec
[bwa_index] Construct BWT for the packed sequence...
[bwa_index] 0.23 seconds elapse.
[bwa_index] Update BWT... 0.01 sec
[bwa_index] Pack forward-only FASTA... 0.00 sec
[bwa_index] Construct SA from BWT and Occ... 0.08 sec
[main] Version: 0.7.18-r1243-dirty
[main] CMD: bwa index /private/groups/russelllab/jodie/merrill_23_wRi_genome/scaffolded/merrill_23_all_basecalled/wRi/links_scaffolded_renamed.fasta
[main] Real time: 0.610 sec; CPU: 0.330 sec
[M::bwa_idx_load_from_disk] read 0 ALT contigs
[M::process] read 1067714 sequences (160000067 bp)...
[M::mem_pestat] # candidate unique pairs for (FF, FR, RF, RR): (4904, 329519, 82, 4709)
[M::mem_pestat] analyzing insert size distribution for orientation FF...
[M::mem_pestat] (25, 50, 75) percentile: (247, 420, 1001)
[M::mem_pestat] low and high boundaries for computing mean and std.dev: (1, 2509)
[M::mem_pestat] mean and std.dev: (564.55, 497.33)
[M::mem_pestat] low and high boundaries for proper pairs: (1, 3263)
[M::mem_pestat] analyzing insert size distribution for orientation FR...
[M::mem_pestat] (25, 50, 75) percentile: (263, 324, 402)
[M::mem_pestat] low and high boundaries for computing mean and std.dev: (1, 680)
[M::mem_pestat] mean and std.dev: (336.47, 96.90)
[M::mem_pestat] low and high boundaries for proper pairs: (1, 819)
[M::mem_pestat] analyzing insert size distribution for orientation RF...
[M::mem_pestat] (25, 50, 75) percentile: (104, 445, 2141)
[M::mem_pestat] low and high boundaries for computing mean and std.dev: (1, 6215)
[M::mem_pestat] mean and std.dev: (1132.88, 1620.51)
[M::mem_pestat] low and high boundaries for proper pairs: (1, 8252)
[M::mem_pestat] analyzing insert size distribution for orientation RR...
[M::mem_pestat] (25, 50, 75) percentile: (247, 419, 1017)
[M::mem_pestat] low and high boundaries for computing mean and std.dev: (1, 2557)
[M::mem_pestat] mean and std.dev: (574.54, 499.59)
[M::mem_pestat] low and high boundaries for proper pairs: (1, 3327)
[M::mem_pestat] skip orientation FF
[M::mem_pestat] skip orientation RF
[M::mem_pestat] skip orientation RR
[M::process] read 631502 sequences (94666914 bp)...
[M::mem_process_seqs] Processed 1067714 reads in 124.919 CPU sec, 8.848 real sec
[M::mem_pestat] # candidate unique pairs for (FF, FR, RF, RR): (2935, 194792, 63, 2816)
[M::mem_pestat] analyzing insert size distribution for orientation FF...
[M::mem_pestat] (25, 50, 75) percentile: (251, 417, 1064)
[M::mem_pestat] low and high boundaries for computing mean and std.dev: (1, 2690)
[M::mem_pestat] mean and std.dev: (587.79, 538.78)
[M::mem_pestat] low and high boundaries for proper pairs: (1, 3503)
[M::mem_pestat] analyzing insert size distribution for orientation FR...
[M::mem_pestat] (25, 50, 75) percentile: (263, 324, 402)
[M::mem_pestat] low and high boundaries for computing mean and std.dev: (1, 680)
[M::mem_pestat] mean and std.dev: (336.44, 96.82)
[M::mem_pestat] low and high boundaries for proper pairs: (1, 819)
[M::mem_pestat] analyzing insert size distribution for orientation RF...
[M::mem_pestat] (25, 50, 75) percentile: (104, 614, 2122)
[M::mem_pestat] low and high boundaries for computing mean and std.dev: (1, 6158)
[M::mem_pestat] mean and std.dev: (1298.10, 1726.86)
[M::mem_pestat] low and high boundaries for proper pairs: (1, 8206)
[M::mem_pestat] analyzing insert size distribution for orientation RR...
[M::mem_pestat] (25, 50, 75) percentile: (246, 412, 988)
[M::mem_pestat] low and high boundaries for computing mean and std.dev: (1, 2472)
[M::mem_pestat] mean and std.dev: (558.54, 469.03)
[M::mem_pestat] low and high boundaries for proper pairs: (1, 3214)
[M::mem_pestat] skip orientation FF
[M::mem_pestat] skip orientation RF
[M::mem_pestat] skip orientation RR
[M::mem_process_seqs] Processed 631502 reads in 76.884 CPU sec, 4.944 real sec
[main] Version: 0.7.18-r1243-dirty
[main] CMD: bwa mem -t 16 /private/groups/russelllab/jodie/merrill_23_wRi_genome/scaffolded/merrill_23_all_basecalled/wRi/links_scaffolded_renamed.fasta /private/groups/russelllab/jodie/merrill_23_wRi_genome/short_reads/wRi_R1.fastq.gz /private/groups/russelllab/jodie/merrill_23_wRi_genome/short_reads/wRi_R2.fastq.gz
[main] Real time: 15.857 sec; CPU: 203.837 sec
[bam_sort_core] merging from 0 files and 16 in-memory blocks...
Pilon version 1.24 Thu Jan 28 13:00:45 2021 -0500
--threads argument no longer supported; ignoring!
Genome: /private/groups/russelllab/jodie/merrill_23_wRi_genome/scaffolded/merrill_23_all_basecalled/wRi/links_scaffolded_renamed.fasta
Fixing snps, indels, gaps, local
Input genome size: 1427056
Scanning BAMs
/private/groups/russelllab/jodie/merrill_23_wRi_genome/polished_scaffolds/merrill_23_all_basecalled/wRi/links_sorted.bam: 1732050 reads, 0 filtered, 1509759 mapped, 1419864 proper, 69108 stray, FR 100% 339+/-102, max 1799
Processing scaffold1_936908_f20Z607258k3081a0m1815_r21z291604k29a0m-4_f17z38046:1-938724
frags /private/groups/russelllab/jodie/merrill_23_wRi_genome/polished_scaffolds/merrill_23_all_basecalled/wRi/links_sorted.bam: coverage 123
Total Reads: 954494, Coverage: 123, minDepth: 12
Confirmed 935855 of 936909 bases (99.89%)
Corrected 1 snps; 0 ambiguous bases; corrected 2 small insertions totaling 4 bases, 368 small deletions totaling 473 bases
Large collapsed region: scaffold1_936908_f20Z607258k3081a0m1815_r21z291604k29a0m-4_f17z38046:765-26789 size 26025
Large collapsed region: scaffold1_936908_f20Z607258k3081a0m1815_r21z291604k29a0m-4_f17z38046:739488-759620 size 20133
Large collapsed region: scaffold1_936908_f20Z607258k3081a0m1815_r21z291604k29a0m-4_f17z38046:900784-938436 size 37653
# Attempting to fill gaps
fix gap: scaffold1_936908_f20Z607258k3081a0m1815_r21z291604k29a0m-4_f17z38046:607259-609073 607259 -0 +845 PartialFill
# Attempting to fix local continuity breaks
# fix break: scaffold1_936908_f20Z607258k3081a0m1815_r21z291604k29a0m-4_f17z38046:11793-11994 0 -0 +0 NoSolution
# fix break: scaffold1_936908_f20Z607258k3081a0m1815_r21z291604k29a0m-4_f17z38046:17320-17522 0 -0 +0 NoSolution
# fix break: scaffold1_936908_f20Z607258k3081a0m1815_r21z291604k29a0m-4_f17z38046:34942-35033 0 -0 +0 NoSolution TandemRepeat 678
# fix break: scaffold1_936908_f20Z607258k3081a0m1815_r21z291604k29a0m-4_f17z38046:35241-35264 0 -0 +0 NoSolution TandemRepeat 678
# fix break: scaffold1_936908_f20Z607258k3081a0m1815_r21z291604k29a0m-4_f17z38046:37120-37124 0 -0 +0 NoSolution TandemRepeat 678
# fix break: scaffold1_936908_f20Z607258k3081a0m1815_r21z291604k29a0m-4_f17z38046:43120-43263 0 -0 +0 NoSolution TandemRepeat 1293
# fix break: scaffold1_936908_f20Z607258k3081a0m1815_r21z291604k29a0m-4_f17z38046:44714-44856 0 -0 +0 NoSolution TandemRepeat 150
# fix break: scaffold1_936908_f20Z607258k3081a0m1815_r21z291604k29a0m-4_f17z38046:46102-46125 0 -0 +0 NoSolution TandemRepeat 150
# fix break: scaffold1_936908_f20Z607258k3081a0m1815_r21z291604k29a0m-4_f17z38046:47348-47865 0 -0 +0 NoSolution TandemRepeat 150
# fix break: scaffold1_936908_f20Z607258k3081a0m1815_r21z291604k29a0m-4_f17z38046:77150-77160 0 -0 +0 NoSolution
# fix break: scaffold1_936908_f20Z607258k3081a0m1815_r21z291604k29a0m-4_f17z38046:158759-159170 0 -0 +0 NoSolution
# fix break: scaffold1_936908_f20Z607258k3081a0m1815_r21z291604k29a0m-4_f17z38046:288966-289233 0 -0 +0 NoSolution TandemRepeat 335
# fix break: scaffold1_936908_f20Z607258k3081a0m1815_r21z291604k29a0m-4_f17z38046:290359-290382 0 -0 +0 NoSolution TandemRepeat 3846
# fix break: scaffold1_936908_f20Z607258k3081a0m1815_r21z291604k29a0m-4_f17z38046:292007-292556 0 -0 +0 NoSolution TandemRepeat 3846
# fix break: scaffold1_936908_f20Z607258k3081a0m1815_r21z291604k29a0m-4_f17z38046:315644-315682 0 -0 +0 NoSolution TandemRepeat 1341
# fix break: scaffold1_936908_f20Z607258k3081a0m1815_r21z291604k29a0m-4_f17z38046:316002-316027 0 -0 +0 NoSolution TandemRepeat 1341
# fix break: scaffold1_936908_f20Z607258k3081a0m1815_r21z291604k29a0m-4_f17z38046:317163-317228 0 -0 +0 NoSolution TandemRepeat 1341
# fix break: scaffold1_936908_f20Z607258k3081a0m1815_r21z291604k29a0m-4_f17z38046:364984 0 -0 +0 NoSolution TandemRepeat 144
# fix break: scaffold1_936908_f20Z607258k3081a0m1815_r21z291604k29a0m-4_f17z38046:384652-385178 0 -0 +0 NoSolution
# fix break: scaffold1_936908_f20Z607258k3081a0m1815_r21z291604k29a0m-4_f17z38046:388970-389019 0 -0 +0 NoSolution
# fix break: scaffold1_936908_f20Z607258k3081a0m1815_r21z291604k29a0m-4_f17z38046:393484-393876 0 -0 +0 NoSolution TandemRepeat 81
# fix break: scaffold1_936908_f20Z607258k3081a0m1815_r21z291604k29a0m-4_f17z38046:394918-394954 0 -0 +0 NoSolution TandemRepeat 81
# fix break: scaffold1_936908_f20Z607258k3081a0m1815_r21z291604k29a0m-4_f17z38046:397315-397532 0 -0 +0 NoSolution TandemRepeat 81
# fix break: scaffold1_936908_f20Z607258k3081a0m1815_r21z291604k29a0m-4_f17z38046:403950-403991 0 -0 +0 NoSolution
# fix break: scaffold1_936908_f20Z607258k3081a0m1815_r21z291604k29a0m-4_f17z38046:430795-430827 0 -0 +0 NoSolution TandemRepeat 747
# fix break: scaffold1_936908_f20Z607258k3081a0m1815_r21z291604k29a0m-4_f17z38046:431067-431120 0 -0 +0 NoSolution TandemRepeat 747
# fix break: scaffold1_936908_f20Z607258k3081a0m1815_r21z291604k29a0m-4_f17z38046:440707 0 -0 +0 NoSolution TandemRepeat 76
# fix break: scaffold1_936908_f20Z607258k3081a0m1815_r21z291604k29a0m-4_f17z38046:440980-441255 0 -0 +0 NoSolution TandemRepeat 76
# fix break: scaffold1_936908_f20Z607258k3081a0m1815_r21z291604k29a0m-4_f17z38046:441592-441629 0 -0 +0 NoSolution TandemRepeat 76
# fix break: scaffold1_936908_f20Z607258k3081a0m1815_r21z291604k29a0m-4_f17z38046:441938-442020 0 -0 +0 NoSolution TandemRepeat 76
# fix break: scaffold1_936908_f20Z607258k3081a0m1815_r21z291604k29a0m-4_f17z38046:442876-443065 0 -0 +0 NoSolution TandemRepeat 76
# fix break: scaffold1_936908_f20Z607258k3081a0m1815_r21z291604k29a0m-4_f17z38046:468316-468748 0 -0 +0 NoSolution TandemRepeat 2777
# fix break: scaffold1_936908_f20Z607258k3081a0m1815_r21z291604k29a0m-4_f17z38046:469181-469810 0 -0 +0 NoSolution TandemRepeat 2777
# fix break: scaffold1_936908_f20Z607258k3081a0m1815_r21z291604k29a0m-4_f17z38046:517963-518314 0 -0 +0 NoSolution
# fix break: scaffold1_936908_f20Z607258k3081a0m1815_r21z291604k29a0m-4_f17z38046:587803-587812 0 -0 +0 NoSolution
fix break: scaffold1_936908_f20Z607258k3081a0m1815_r21z291604k29a0m-4_f17z38046:631645-632066 631635 -501 +499 BreakFix
# fix break: scaffold1_936908_f20Z607258k3081a0m1815_r21z291604k29a0m-4_f17z38046:645057-645189 0 -0 +0 NoSolution TandemRepeat 3440
# fix break: scaffold1_936908_f20Z607258k3081a0m1815_r21z291604k29a0m-4_f17z38046:646619-646709 0 -0 +0 NoSolution
# fix break: scaffold1_936908_f20Z607258k3081a0m1815_r21z291604k29a0m-4_f17z38046:658755-658761 0 -0 +0 NoSolution TandemRepeat 255
# fix break: scaffold1_936908_f20Z607258k3081a0m1815_r21z291604k29a0m-4_f17z38046:683450-684188 0 -0 +0 NoSolution TandemRepeat 372
# fix break: scaffold1_936908_f20Z607258k3081a0m1815_r21z291604k29a0m-4_f17z38046:706604-706671 0 -0 +0 NoSolution
# fix break: scaffold1_936908_f20Z607258k3081a0m1815_r21z291604k29a0m-4_f17z38046:726601-726682 0 -0 +0 NoSolution
# fix break: scaffold1_936908_f20Z607258k3081a0m1815_r21z291604k29a0m-4_f17z38046:729100-729193 0 -0 +0 NoSolution
# fix break: scaffold1_936908_f20Z607258k3081a0m1815_r21z291604k29a0m-4_f17z38046:732437-732686 0 -0 +0 NoSolution TandemRepeat 400
# fix break: scaffold1_936908_f20Z607258k3081a0m1815_r21z291604k29a0m-4_f17z38046:732922-733162 0 -0 +0 NoSolution TandemRepeat 400
# fix break: scaffold1_936908_f20Z607258k3081a0m1815_r21z291604k29a0m-4_f17z38046:733372-733382 0 -0 +0 NoSolution TandemRepeat 400
# fix break: scaffold1_936908_f20Z607258k3081a0m1815_r21z291604k29a0m-4_f17z38046:742398-742407 0 -0 +0 NoSolution TandemRepeat 72
# fix break: scaffold1_936908_f20Z607258k3081a0m1815_r21z291604k29a0m-4_f17z38046:743646-743674 0 -0 +0 NoSolution TandemRepeat 72
# fix break: scaffold1_936908_f20Z607258k3081a0m1815_r21z291604k29a0m-4_f17z38046:745147-745201 0 -0 +0 NoSolution TandemRepeat 72
# fix break: scaffold1_936908_f20Z607258k3081a0m1815_r21z291604k29a0m-4_f17z38046:746163 0 -0 +0 NoSolution TandemRepeat 141
# fix break: scaffold1_936908_f20Z607258k3081a0m1815_r21z291604k29a0m-4_f17z38046:746374-746700 0 -0 +0 NoSolution TandemRepeat 141
# fix break: scaffold1_936908_f20Z607258k3081a0m1815_r21z291604k29a0m-4_f17z38046:747195-747238 0 -0 +0 NoSolution TandemRepeat 141
# fix break: scaffold1_936908_f20Z607258k3081a0m1815_r21z291604k29a0m-4_f17z38046:747568-747793 0 -0 +0 NoSolution TandemRepeat 141
# fix break: scaffold1_936908_f20Z607258k3081a0m1815_r21z291604k29a0m-4_f17z38046:748095-748103 0 -0 +0 NoSolution TandemRepeat 80
# fix break: scaffold1_936908_f20Z607258k3081a0m1815_r21z291604k29a0m-4_f17z38046:748395-748634 0 -0 +0 NoSolution TandemRepeat 80
# fix break: scaffold1_936908_f20Z607258k3081a0m1815_r21z291604k29a0m-4_f17z38046:749008-749411 0 -0 +0 NoSolution TandemRepeat 80
# fix break: scaffold1_936908_f20Z607258k3081a0m1815_r21z291604k29a0m-4_f17z38046:749734-750350 0 -0 +0 NoSolution TandemRepeat 80
# fix break: scaffold1_936908_f20Z607258k3081a0m1815_r21z291604k29a0m-4_f17z38046:750683-750684 0 -0 +0 NoSolution TandemRepeat 80
# fix break: scaffold1_936908_f20Z607258k3081a0m1815_r21z291604k29a0m-4_f17z38046:761662 0 -0 +0 NoSolution TandemRepeat 204
# fix break: scaffold1_936908_f20Z607258k3081a0m1815_r21z291604k29a0m-4_f17z38046:762165 0 -0 +0 NoSolution TandemRepeat 204
# fix break: scaffold1_936908_f20Z607258k3081a0m1815_r21z291604k29a0m-4_f17z38046:764140-764219 0 -0 +0 NoSolution TandemRepeat 204
# fix break: scaffold1_936908_f20Z607258k3081a0m1815_r21z291604k29a0m-4_f17z38046:765419-765460 0 -0 +0 NoSolution TandemRepeat 1167
# fix break: scaffold1_936908_f20Z607258k3081a0m1815_r21z291604k29a0m-4_f17z38046:766123-766704 0 -0 +0 NoSolution TandemRepeat 2008
# fix break: scaffold1_936908_f20Z607258k3081a0m1815_r21z291604k29a0m-4_f17z38046:783965 0 -0 +0 NoSolution
# fix break: scaffold1_936908_f20Z607258k3081a0m1815_r21z291604k29a0m-4_f17z38046:824316-824876 0 -0 +0 NoSolution TandemRepeat 2284
# fix break: scaffold1_936908_f20Z607258k3081a0m1815_r21z291604k29a0m-4_f17z38046:849007-849893 0 -0 +0 NoSolution TandemRepeat 266
fix break: scaffold1_936908_f20Z607258k3081a0m1815_r21z291604k29a0m-4_f17z38046:860000-860449 860212 -26 +26 BreakFix
# fix break: scaffold1_936908_f20Z607258k3081a0m1815_r21z291604k29a0m-4_f17z38046:860656-861420 0 -0 +0 NoSolution TandemRepeat 3273
fix break: scaffold1_936908_f20Z607258k3081a0m1815_r21z291604k29a0m-4_f17z38046:863337-863467 863173 -497 +495 BreakFix
Fix mismatch: loc=900677 ref=CN was=Cn
scaffold1_936908_f20Z607258k3081a0m1815_r21z291604k29a0m-4_f17z38046:1-938724 log:
Finished processing scaffold1_936908_f20Z607258k3081a0m1815_r21z291604k29a0m-4_f17z38046:1-938724
Processing scaffold2_438132_f2Z435167k2490a0m1484_r8z2965:1-439616
frags /private/groups/russelllab/jodie/merrill_23_wRi_genome/polished_scaffolds/merrill_23_all_basecalled/wRi/links_sorted.bam: coverage 120
Total Reads: 438752, Coverage: 120, minDepth: 12
Confirmed 437126 of 438132 bases (99.77%)
Corrected 0 snps; 0 ambiguous bases; corrected 1 small insertions totaling 1 bases, 152 small deletions totaling 218 bases
# Attempting to fill gaps
fix gap: scaffold2_438132_f2Z435167k2490a0m1484_r8z2965:435168-436651 435168 -0 +590 PartialFill TandemRepeat 385
# Attempting to fix local continuity breaks
# fix break: scaffold2_438132_f2Z435167k2490a0m1484_r8z2965:484-535 0 -0 +0 NoSolution
# fix break: scaffold2_438132_f2Z435167k2490a0m1484_r8z2965:952-1012 0 -0 +0 NoSolution
# fix break: scaffold2_438132_f2Z435167k2490a0m1484_r8z2965:1974-2029 0 -0 +0 NoSolution
# fix break: scaffold2_438132_f2Z435167k2490a0m1484_r8z2965:2492-2652 0 -0 +0 NoSolution
fix break: scaffold2_438132_f2Z435167k2490a0m1484_r8z2965:2976-3065 2998 -13 +0 BreakFix
# fix break: scaffold2_438132_f2Z435167k2490a0m1484_r8z2965:3480-3516 0 -0 +0 NoSolution
# fix break: scaffold2_438132_f2Z435167k2490a0m1484_r8z2965:3985-4016 0 -0 +0 NoSolution
# fix break: scaffold2_438132_f2Z435167k2490a0m1484_r8z2965:4288-4523 0 -0 +0 NoSolution
# fix break: scaffold2_438132_f2Z435167k2490a0m1484_r8z2965:5989-6022 0 -0 +0 NoSolution
# fix break: scaffold2_438132_f2Z435167k2490a0m1484_r8z2965:36415-36942 0 -0 +0 NoSolution TandemRepeat 93
# fix break: scaffold2_438132_f2Z435167k2490a0m1484_r8z2965:37477-37507 0 -0 +0 NoSolution TandemRepeat 93
# fix break: scaffold2_438132_f2Z435167k2490a0m1484_r8z2965:37767-38557 0 -0 +0 NoSolution TandemRepeat 93
# fix break: scaffold2_438132_f2Z435167k2490a0m1484_r8z2965:38997-39288 0 -0 +0 NoSolution TandemRepeat 93
# fix break: scaffold2_438132_f2Z435167k2490a0m1484_r8z2965:98299-99017 0 -0 +0 NoSolution
# fix break: scaffold2_438132_f2Z435167k2490a0m1484_r8z2965:109588-110538 0 -0 +0 NoSolution TandemRepeat 70
fix break: scaffold2_438132_f2Z435167k2490a0m1484_r8z2965:132406-133000 132495 -503 +500 BreakFix
# fix break: scaffold2_438132_f2Z435167k2490a0m1484_r8z2965:149476-149524 0 -0 +0 NoSolution
# fix break: scaffold2_438132_f2Z435167k2490a0m1484_r8z2965:154532-154672 0 -0 +0 NoSolution
# fix break: scaffold2_438132_f2Z435167k2490a0m1484_r8z2965:161426-161432 0 -0 +0 NoSolution TandemRepeat 213
# fix break: scaffold2_438132_f2Z435167k2490a0m1484_r8z2965:162306-162521 0 -0 +0 NoSolution TandemRepeat 213
# fix break: scaffold2_438132_f2Z435167k2490a0m1484_r8z2965:163327-163645 0 -0 +0 NoSolution TandemRepeat 213
# fix break: scaffold2_438132_f2Z435167k2490a0m1484_r8z2965:226533-226714 0 -0 +0 NoSolution TandemRepeat 3343
# fix break: scaffold2_438132_f2Z435167k2490a0m1484_r8z2965:227493 0 -0 +0 NoSolution TandemRepeat 3343
# fix break: scaffold2_438132_f2Z435167k2490a0m1484_r8z2965:228105-228239 0 -0 +0 NoSolution TandemRepeat 3343
# fix break: scaffold2_438132_f2Z435167k2490a0m1484_r8z2965:228520-228684 0 -0 +0 NoSolution TandemRepeat 3343
# fix break: scaffold2_438132_f2Z435167k2490a0m1484_r8z2965:242312-242380 0 -0 +0 NoSolution
# fix break: scaffold2_438132_f2Z435167k2490a0m1484_r8z2965:249453-249543 0 -0 +0 NoSolution
# fix break: scaffold2_438132_f2Z435167k2490a0m1484_r8z2965:344498 0 -0 +0 NoSolution TandemRepeat 140
# fix break: scaffold2_438132_f2Z435167k2490a0m1484_r8z2965:344814-344864 0 -0 +0 NoSolution TandemRepeat 140
# fix break: scaffold2_438132_f2Z435167k2490a0m1484_r8z2965:346422-346506 0 -0 +0 NoSolution TandemRepeat 140
# fix break: scaffold2_438132_f2Z435167k2490a0m1484_r8z2965:367745-367762 0 -0 +0 NoSolution TandemRepeat 112
# fix break: scaffold2_438132_f2Z435167k2490a0m1484_r8z2965:394566-394744 0 -0 +0 NoSolution TandemRepeat 499
fix break: scaffold2_438132_f2Z435167k2490a0m1484_r8z2965:417763-417767 417498 -502 +498 BreakFix
# fix break: scaffold2_438132_f2Z435167k2490a0m1484_r8z2965:421623-422239 0 -0 +0 NoSolution TandemRepeat 99
scaffold2_438132_f2Z435167k2490a0m1484_r8z2965:1-439616 log:
Finished processing scaffold2_438132_f2Z435167k2490a0m1484_r8z2965:1-439616
Processing scaffold3_17906_f1z2655k5072a0.00m-12_f5z2295k2696a0.04m-17_f15z1943k19521a0.00m-23_f16Z9869k66a0.01m474_f19z1144:1-18383
frags /private/groups/russelllab/jodie/merrill_23_wRi_genome/polished_scaffolds/merrill_23_all_basecalled/wRi/links_sorted.bam: coverage 570
Total Reads: 83749, Coverage: 570, minDepth: 57
Confirmed 16819 of 17909 bases (93.91%)
Corrected 2 snps; 0 ambiguous bases; corrected 2 small insertions totaling 2 bases, 26 small deletions totaling 57 bases
# Attempting to fill gaps
# Attempting to fix local continuity breaks
# fix break: scaffold3_17906_f1z2655k5072a0.00m-12_f5z2295k2696a0.04m-17_f15z1943k19521a0.00m-23_f16Z9869k66a0.01m474_f19z1144:3093-3158 0 -0 +0 NoSolution
# fix break: scaffold3_17906_f1z2655k5072a0.00m-12_f5z2295k2696a0.04m-17_f15z1943k19521a0.00m-23_f16Z9869k66a0.01m474_f19z1144:4953 0 -0 +0 NoSolution
# fix break: scaffold3_17906_f1z2655k5072a0.00m-12_f5z2295k2696a0.04m-17_f15z1943k19521a0.00m-23_f16Z9869k66a0.01m474_f19z1144:11277-11321 0 -0 +0 NoSolution
# fix break: scaffold3_17906_f1z2655k5072a0.00m-12_f5z2295k2696a0.04m-17_f15z1943k19521a0.00m-23_f16Z9869k66a0.01m474_f19z1144:15497-15575 0 -0 +0 NoSolution
scaffold3_17906_f1z2655k5072a0.00m-12_f5z2295k2696a0.04m-17_f15z1943k19521a0.00m-23_f16Z9869k66a0.01m474_f19z1144:1-18383 log:
Finished processing scaffold3_17906_f1z2655k5072a0.00m-12_f5z2295k2696a0.04m-17_f15z1943k19521a0.00m-23_f16Z9869k66a0.01m474_f19z1144:1-18383
Processing scaffold4_5781_f9Z5781:1-5781
frags /private/groups/russelllab/jodie/merrill_23_wRi_genome/polished_scaffolds/merrill_23_all_basecalled/wRi/links_sorted.bam: coverage 222
Total Reads: 10436, Coverage: 222, minDepth: 22
Confirmed 5774 of 5781 bases (99.88%)
Corrected 0 snps; 0 ambiguous bases; corrected 0 small insertions totaling 0 bases, 5 small deletions totaling 5 bases
scaffold4_5781_f9Z5781:1-5781 log:
Finished processing scaffold4_5781_f9Z5781:1-5781
Processing scaffold5_4418_f7Z4418:1-4418
frags /private/groups/russelllab/jodie/merrill_23_wRi_genome/polished_scaffolds/merrill_23_all_basecalled/wRi/links_sorted.bam: coverage 70
Total Reads: 3113, Coverage: 70, minDepth: 7
Confirmed 4227 of 4418 bases (95.68%)
Corrected 0 snps; 0 ambiguous bases; corrected 0 small insertions totaling 0 bases, 0 small deletions totaling 0 bases
# Attempting to fix local continuity breaks
# fix break: scaffold5_4418_f7Z4418:2443-2485 0 -0 +0 NoSolution TandemRepeat 678
scaffold5_4418_f7Z4418:1-4418 log:
Finished processing scaffold5_4418_f7Z4418:1-4418
Processing scaffold6_3580_f13Z3580:1-3580
frags /private/groups/russelllab/jodie/merrill_23_wRi_genome/polished_scaffolds/merrill_23_all_basecalled/wRi/links_sorted.bam: coverage 0
Total Reads: 0, Coverage: 0, minDepth: 5
Confirmed 0 of 3580 bases (0.00%)
Corrected 0 snps; 0 ambiguous bases; corrected 0 small insertions totaling 0 bases, 0 small deletions totaling 0 bases
scaffold6_3580_f13Z3580:1-3580 log:
Finished processing scaffold6_3580_f13Z3580:1-3580
Processing scaffold7_3536_f4Z3536:1-3536
frags /private/groups/russelllab/jodie/merrill_23_wRi_genome/polished_scaffolds/merrill_23_all_basecalled/wRi/links_sorted.bam: coverage 46
Total Reads: 1412, Coverage: 46, minDepth: 5
Confirmed 3479 of 3536 bases (98.39%)
Corrected 0 snps; 0 ambiguous bases; corrected 0 small insertions totaling 0 bases, 0 small deletions totaling 0 bases
# Attempting to fix local continuity breaks
scaffold7_3536_f4Z3536:1-3536 log:
Finished processing scaffold7_3536_f4Z3536:1-3536
Processing scaffold8_3462_f6Z3462:1-3462
frags /private/groups/russelllab/jodie/merrill_23_wRi_genome/polished_scaffolds/merrill_23_all_basecalled/wRi/links_sorted.bam: coverage 42
Total Reads: 1205, Coverage: 42, minDepth: 5
Confirmed 3378 of 3462 bases (97.57%)
Corrected 0 snps; 0 ambiguous bases; corrected 0 small insertions totaling 0 bases, 0 small deletions totaling 0 bases
# Attempting to fix local continuity breaks
scaffold8_3462_f6Z3462:1-3462 log:
Finished processing scaffold8_3462_f6Z3462:1-3462
Processing scaffold9_2413_f10Z2413:1-2413
frags /private/groups/russelllab/jodie/merrill_23_wRi_genome/polished_scaffolds/merrill_23_all_basecalled/wRi/links_sorted.bam: coverage 484
Total Reads: 10810, Coverage: 484, minDepth: 48
Confirmed 2411 of 2413 bases (99.92%)
Corrected 0 snps; 0 ambiguous bases; corrected 0 small insertions totaling 0 bases, 1 small deletions totaling 1 bases
scaffold9_2413_f10Z2413:1-2413 log:
Finished processing scaffold9_2413_f10Z2413:1-2413
Processing scaffold10_2377_f14Z2377:1-2377
frags /private/groups/russelllab/jodie/merrill_23_wRi_genome/polished_scaffolds/merrill_23_all_basecalled/wRi/links_sorted.bam: coverage 337
Total Reads: 6727, Coverage: 337, minDepth: 34
Confirmed 2073 of 2377 bases (87.21%)
Corrected 0 snps; 0 ambiguous bases; corrected 0 small insertions totaling 0 bases, 2 small deletions totaling 3 bases
# Attempting to fix local continuity breaks
scaffold10_2377_f14Z2377:1-2377 log:
Finished processing scaffold10_2377_f14Z2377:1-2377
Processing scaffold11_1989_f12Z1989:1-1989
frags /private/groups/russelllab/jodie/merrill_23_wRi_genome/polished_scaffolds/merrill_23_all_basecalled/wRi/links_sorted.bam: coverage 0
Total Reads: 0, Coverage: 0, minDepth: 5
Confirmed 0 of 1989 bases (0.00%)
Corrected 0 snps; 0 ambiguous bases; corrected 0 small insertions totaling 0 bases, 0 small deletions totaling 0 bases
scaffold11_1989_f12Z1989:1-1989 log:
Finished processing scaffold11_1989_f12Z1989:1-1989
Processing scaffold12_1656_f3Z1656:1-1656
frags /private/groups/russelllab/jodie/merrill_23_wRi_genome/polished_scaffolds/merrill_23_all_basecalled/wRi/links_sorted.bam: coverage 63
Total Reads: 872, Coverage: 63, minDepth: 6
Confirmed 1589 of 1656 bases (95.95%)
Corrected 0 snps; 0 ambiguous bases; corrected 0 small insertions totaling 0 bases, 0 small deletions totaling 0 bases
scaffold12_1656_f3Z1656:1-1656 log:
Finished processing scaffold12_1656_f3Z1656:1-1656
Processing scaffold13_620_f11Z620:1-620
frags /private/groups/russelllab/jodie/merrill_23_wRi_genome/polished_scaffolds/merrill_23_all_basecalled/wRi/links_sorted.bam: coverage 13
Total Reads: 319, Coverage: 13, minDepth: 5
Confirmed 106 of 620 bases (17.10%)
Corrected 0 snps; 0 ambiguous bases; corrected 0 small insertions totaling 0 bases, 0 small deletions totaling 0 bases
scaffold13_620_f11Z620:1-620 log:
Finished processing scaffold13_620_f11Z620:1-620
Processing scaffold14_501_f18Z501:1-501
frags /private/groups/russelllab/jodie/merrill_23_wRi_genome/polished_scaffolds/merrill_23_all_basecalled/wRi/links_sorted.bam: coverage 29
Total Reads: 165, Coverage: 29, minDepth: 5
Confirmed 409 of 501 bases (81.64%)
Corrected 0 snps; 0 ambiguous bases; corrected 0 small insertions totaling 0 bases, 0 small deletions totaling 0 bases
scaffold14_501_f18Z501:1-501 log:
Finished processing scaffold14_501_f18Z501:1-501
Writing scaffold1_936908_f20Z607258k3081a0m1815_r21z291604k29a0m-4_f17z38046:1-938724 VCF to /private/groups/russelllab/jodie/merrill_23_wRi_genome/polished_scaffolds/merrill_23_all_basecalled/wRi/links_pilon.vcf
Writing scaffold1_936908_f20Z607258k3081a0m1815_r21z291604k29a0m-4_f17z38046:1-938724 changes to /private/groups/russelllab/jodie/merrill_23_wRi_genome/polished_scaffolds/merrill_23_all_basecalled/wRi/links_pilon.changes
Writing updated scaffold1_936908_f20Z607258k3081a0m1815_r21z291604k29a0m-4_f17z38046_pilon to /private/groups/russelllab/jodie/merrill_23_wRi_genome/polished_scaffolds/merrill_23_all_basecalled/wRi/links_pilon.fasta
Writing scaffold2_438132_f2Z435167k2490a0m1484_r8z2965:1-439616 VCF to /private/groups/russelllab/jodie/merrill_23_wRi_genome/polished_scaffolds/merrill_23_all_basecalled/wRi/links_pilon.vcf
Writing scaffold2_438132_f2Z435167k2490a0m1484_r8z2965:1-439616 changes to /private/groups/russelllab/jodie/merrill_23_wRi_genome/polished_scaffolds/merrill_23_all_basecalled/wRi/links_pilon.changes
Writing updated scaffold2_438132_f2Z435167k2490a0m1484_r8z2965_pilon to /private/groups/russelllab/jodie/merrill_23_wRi_genome/polished_scaffolds/merrill_23_all_basecalled/wRi/links_pilon.fasta
Writing scaffold3_17906_f1z2655k5072a0.00m-12_f5z2295k2696a0.04m-17_f15z1943k19521a0.00m-23_f16Z9869k66a0.01m474_f19z1144:1-18383 VCF to /private/groups/russelllab/jodie/merrill_23_wRi_genome/polished_scaffolds/merrill_23_all_basecalled/wRi/links_pilon.vcf
Writing scaffold3_17906_f1z2655k5072a0.00m-12_f5z2295k2696a0.04m-17_f15z1943k19521a0.00m-23_f16Z9869k66a0.01m474_f19z1144:1-18383 changes to /private/groups/russelllab/jodie/merrill_23_wRi_genome/polished_scaffolds/merrill_23_all_basecalled/wRi/links_pilon.changes
Writing updated scaffold3_17906_f1z2655k5072a0.00m-12_f5z2295k2696a0.04m-17_f15z1943k19521a0.00m-23_f16Z9869k66a0.01m474_f19z1144_pilon to /private/groups/russelllab/jodie/merrill_23_wRi_genome/polished_scaffolds/merrill_23_all_basecalled/wRi/links_pilon.fasta
Writing scaffold4_5781_f9Z5781:1-5781 VCF to /private/groups/russelllab/jodie/merrill_23_wRi_genome/polished_scaffolds/merrill_23_all_basecalled/wRi/links_pilon.vcf
Writing scaffold4_5781_f9Z5781:1-5781 changes to /private/groups/russelllab/jodie/merrill_23_wRi_genome/polished_scaffolds/merrill_23_all_basecalled/wRi/links_pilon.changes
Writing updated scaffold4_5781_f9Z5781_pilon to /private/groups/russelllab/jodie/merrill_23_wRi_genome/polished_scaffolds/merrill_23_all_basecalled/wRi/links_pilon.fasta
Writing scaffold5_4418_f7Z4418:1-4418 VCF to /private/groups/russelllab/jodie/merrill_23_wRi_genome/polished_scaffolds/merrill_23_all_basecalled/wRi/links_pilon.vcf
Writing scaffold5_4418_f7Z4418:1-4418 changes to /private/groups/russelllab/jodie/merrill_23_wRi_genome/polished_scaffolds/merrill_23_all_basecalled/wRi/links_pilon.changes
Writing updated scaffold5_4418_f7Z4418_pilon to /private/groups/russelllab/jodie/merrill_23_wRi_genome/polished_scaffolds/merrill_23_all_basecalled/wRi/links_pilon.fasta
Writing scaffold6_3580_f13Z3580:1-3580 VCF to /private/groups/russelllab/jodie/merrill_23_wRi_genome/polished_scaffolds/merrill_23_all_basecalled/wRi/links_pilon.vcf
Writing scaffold6_3580_f13Z3580:1-3580 changes to /private/groups/russelllab/jodie/merrill_23_wRi_genome/polished_scaffolds/merrill_23_all_basecalled/wRi/links_pilon.changes
Writing updated scaffold6_3580_f13Z3580_pilon to /private/groups/russelllab/jodie/merrill_23_wRi_genome/polished_scaffolds/merrill_23_all_basecalled/wRi/links_pilon.fasta
Writing scaffold7_3536_f4Z3536:1-3536 VCF to /private/groups/russelllab/jodie/merrill_23_wRi_genome/polished_scaffolds/merrill_23_all_basecalled/wRi/links_pilon.vcf
Writing scaffold7_3536_f4Z3536:1-3536 changes to /private/groups/russelllab/jodie/merrill_23_wRi_genome/polished_scaffolds/merrill_23_all_basecalled/wRi/links_pilon.changes
Writing updated scaffold7_3536_f4Z3536_pilon to /private/groups/russelllab/jodie/merrill_23_wRi_genome/polished_scaffolds/merrill_23_all_basecalled/wRi/links_pilon.fasta
Writing scaffold8_3462_f6Z3462:1-3462 VCF to /private/groups/russelllab/jodie/merrill_23_wRi_genome/polished_scaffolds/merrill_23_all_basecalled/wRi/links_pilon.vcf
Writing scaffold8_3462_f6Z3462:1-3462 changes to /private/groups/russelllab/jodie/merrill_23_wRi_genome/polished_scaffolds/merrill_23_all_basecalled/wRi/links_pilon.changes
Writing updated scaffold8_3462_f6Z3462_pilon to /private/groups/russelllab/jodie/merrill_23_wRi_genome/polished_scaffolds/merrill_23_all_basecalled/wRi/links_pilon.fasta
Writing scaffold9_2413_f10Z2413:1-2413 VCF to /private/groups/russelllab/jodie/merrill_23_wRi_genome/polished_scaffolds/merrill_23_all_basecalled/wRi/links_pilon.vcf
Writing scaffold9_2413_f10Z2413:1-2413 changes to /private/groups/russelllab/jodie/merrill_23_wRi_genome/polished_scaffolds/merrill_23_all_basecalled/wRi/links_pilon.changes
Writing updated scaffold9_2413_f10Z2413_pilon to /private/groups/russelllab/jodie/merrill_23_wRi_genome/polished_scaffolds/merrill_23_all_basecalled/wRi/links_pilon.fasta
Writing scaffold10_2377_f14Z2377:1-2377 VCF to /private/groups/russelllab/jodie/merrill_23_wRi_genome/polished_scaffolds/merrill_23_all_basecalled/wRi/links_pilon.vcf
Writing scaffold10_2377_f14Z2377:1-2377 changes to /private/groups/russelllab/jodie/merrill_23_wRi_genome/polished_scaffolds/merrill_23_all_basecalled/wRi/links_pilon.changes
Writing updated scaffold10_2377_f14Z2377_pilon to /private/groups/russelllab/jodie/merrill_23_wRi_genome/polished_scaffolds/merrill_23_all_basecalled/wRi/links_pilon.fasta
Writing scaffold11_1989_f12Z1989:1-1989 VCF to /private/groups/russelllab/jodie/merrill_23_wRi_genome/polished_scaffolds/merrill_23_all_basecalled/wRi/links_pilon.vcf
Writing scaffold11_1989_f12Z1989:1-1989 changes to /private/groups/russelllab/jodie/merrill_23_wRi_genome/polished_scaffolds/merrill_23_all_basecalled/wRi/links_pilon.changes
Writing updated scaffold11_1989_f12Z1989_pilon to /private/groups/russelllab/jodie/merrill_23_wRi_genome/polished_scaffolds/merrill_23_all_basecalled/wRi/links_pilon.fasta
Writing scaffold12_1656_f3Z1656:1-1656 VCF to /private/groups/russelllab/jodie/merrill_23_wRi_genome/polished_scaffolds/merrill_23_all_basecalled/wRi/links_pilon.vcf
Writing scaffold12_1656_f3Z1656:1-1656 changes to /private/groups/russelllab/jodie/merrill_23_wRi_genome/polished_scaffolds/merrill_23_all_basecalled/wRi/links_pilon.changes
Writing updated scaffold12_1656_f3Z1656_pilon to /private/groups/russelllab/jodie/merrill_23_wRi_genome/polished_scaffolds/merrill_23_all_basecalled/wRi/links_pilon.fasta
Writing scaffold13_620_f11Z620:1-620 VCF to /private/groups/russelllab/jodie/merrill_23_wRi_genome/polished_scaffolds/merrill_23_all_basecalled/wRi/links_pilon.vcf
Writing scaffold13_620_f11Z620:1-620 changes to /private/groups/russelllab/jodie/merrill_23_wRi_genome/polished_scaffolds/merrill_23_all_basecalled/wRi/links_pilon.changes
Writing updated scaffold13_620_f11Z620_pilon to /private/groups/russelllab/jodie/merrill_23_wRi_genome/polished_scaffolds/merrill_23_all_basecalled/wRi/links_pilon.fasta
Writing scaffold14_501_f18Z501:1-501 VCF to /private/groups/russelllab/jodie/merrill_23_wRi_genome/polished_scaffolds/merrill_23_all_basecalled/wRi/links_pilon.vcf
Writing scaffold14_501_f18Z501:1-501 changes to /private/groups/russelllab/jodie/merrill_23_wRi_genome/polished_scaffolds/merrill_23_all_basecalled/wRi/links_pilon.changes
Writing updated scaffold14_501_f18Z501_pilon to /private/groups/russelllab/jodie/merrill_23_wRi_genome/polished_scaffolds/merrill_23_all_basecalled/wRi/links_pilon.fasta
Mean frags coverage: 128
Mean total coverage: 128
mv: '/private/groups/russelllab/jodie/merrill_23_wRi_genome/polished_scaffolds/merrill_23_all_basecalled/wRi//links_pilon.fasta' and '/private/groups/russelllab/jodie/merrill_23_wRi_genome/polished_scaffolds/merrill_23_all_basecalled/wRi/links_pilon.fasta' are the same file
[Fri Mar  7 21:20:08 2025]
Error in rule polish_scaffolded_with_short_reads:
    jobid: 0
    input: /private/groups/russelllab/jodie/merrill_23_wRi_genome/scaffolded/merrill_23_all_basecalled/wRi/links_scaffolded_renamed.fasta, /private/groups/russelllab/jodie/merrill_23_wRi_genome/short_reads/wRi_R1.fastq.gz, /private/groups/russelllab/jodie/merrill_23_wRi_genome/short_reads/wRi_R2.fastq.gz
    output: /private/groups/russelllab/jodie/merrill_23_wRi_genome/polished_scaffolds/merrill_23_all_basecalled/wRi/links_pilon.fasta
    shell:
        
        # Create output directory
        mkdir -p /private/groups/russelllab/jodie/merrill_23_wRi_genome/polished_scaffolds/merrill_23_all_basecalled/wRi/
        
        # Index the renamed scaffolded assembly
        bwa index /private/groups/russelllab/jodie/merrill_23_wRi_genome/scaffolded/merrill_23_all_basecalled/wRi/links_scaffolded_renamed.fasta
        
        # Map reads to renamed LINKS scaffolds and polish
        bwa mem -t 16 /private/groups/russelllab/jodie/merrill_23_wRi_genome/scaffolded/merrill_23_all_basecalled/wRi/links_scaffolded_renamed.fasta /private/groups/russelllab/jodie/merrill_23_wRi_genome/short_reads/wRi_R1.fastq.gz /private/groups/russelllab/jodie/merrill_23_wRi_genome/short_reads/wRi_R2.fastq.gz |             samtools sort -@ 16 -o /private/groups/russelllab/jodie/merrill_23_wRi_genome/polished_scaffolds/merrill_23_all_basecalled/wRi//links_sorted.bam
        samtools index -@ 16 /private/groups/russelllab/jodie/merrill_23_wRi_genome/polished_scaffolds/merrill_23_all_basecalled/wRi//links_sorted.bam
        
        pilon --genome /private/groups/russelllab/jodie/merrill_23_wRi_genome/scaffolded/merrill_23_all_basecalled/wRi/links_scaffolded_renamed.fasta               --frags /private/groups/russelllab/jodie/merrill_23_wRi_genome/polished_scaffolds/merrill_23_all_basecalled/wRi//links_sorted.bam               --output links_pilon               --outdir /private/groups/russelllab/jodie/merrill_23_wRi_genome/polished_scaffolds/merrill_23_all_basecalled/wRi/               --threads 16               --changes --vcf
        
        # Rename output to match expected path
        mv /private/groups/russelllab/jodie/merrill_23_wRi_genome/polished_scaffolds/merrill_23_all_basecalled/wRi//links_pilon.fasta /private/groups/russelllab/jodie/merrill_23_wRi_genome/polished_scaffolds/merrill_23_all_basecalled/wRi/links_pilon.fasta
        
        (one of the commands exited with non-zero exit code; note that snakemake uses bash strict mode!)

Removing output files of failed job polish_scaffolded_with_short_reads since they might be corrupted:
/private/groups/russelllab/jodie/merrill_23_wRi_genome/polished_scaffolds/merrill_23_all_basecalled/wRi/links_pilon.fasta
Shutting down, this might take some time.
Exiting because a job execution failed. Look above for error message
Storing output in storage.
WorkflowError:
At least one job did not complete successfully.
srun: error: phoenix-06: task 0: Exited with exit code 1
[Fri Mar  7 21:20:08 2025]
Error in rule polish_scaffolded_with_short_reads:
    jobid: 0
    input: /private/groups/russelllab/jodie/merrill_23_wRi_genome/scaffolded/merrill_23_all_basecalled/wRi/links_scaffolded_renamed.fasta, /private/groups/russelllab/jodie/merrill_23_wRi_genome/short_reads/wRi_R1.fastq.gz, /private/groups/russelllab/jodie/merrill_23_wRi_genome/short_reads/wRi_R2.fastq.gz
    output: /private/groups/russelllab/jodie/merrill_23_wRi_genome/polished_scaffolds/merrill_23_all_basecalled/wRi/links_pilon.fasta
    shell:
        
        # Create output directory
        mkdir -p /private/groups/russelllab/jodie/merrill_23_wRi_genome/polished_scaffolds/merrill_23_all_basecalled/wRi/
        
        # Index the renamed scaffolded assembly
        bwa index /private/groups/russelllab/jodie/merrill_23_wRi_genome/scaffolded/merrill_23_all_basecalled/wRi/links_scaffolded_renamed.fasta
        
        # Map reads to renamed LINKS scaffolds and polish
        bwa mem -t 16 /private/groups/russelllab/jodie/merrill_23_wRi_genome/scaffolded/merrill_23_all_basecalled/wRi/links_scaffolded_renamed.fasta /private/groups/russelllab/jodie/merrill_23_wRi_genome/short_reads/wRi_R1.fastq.gz /private/groups/russelllab/jodie/merrill_23_wRi_genome/short_reads/wRi_R2.fastq.gz |             samtools sort -@ 16 -o /private/groups/russelllab/jodie/merrill_23_wRi_genome/polished_scaffolds/merrill_23_all_basecalled/wRi//links_sorted.bam
        samtools index -@ 16 /private/groups/russelllab/jodie/merrill_23_wRi_genome/polished_scaffolds/merrill_23_all_basecalled/wRi//links_sorted.bam
        
        pilon --genome /private/groups/russelllab/jodie/merrill_23_wRi_genome/scaffolded/merrill_23_all_basecalled/wRi/links_scaffolded_renamed.fasta               --frags /private/groups/russelllab/jodie/merrill_23_wRi_genome/polished_scaffolds/merrill_23_all_basecalled/wRi//links_sorted.bam               --output links_pilon               --outdir /private/groups/russelllab/jodie/merrill_23_wRi_genome/polished_scaffolds/merrill_23_all_basecalled/wRi/               --threads 16               --changes --vcf
        
        # Rename output to match expected path
        mv /private/groups/russelllab/jodie/merrill_23_wRi_genome/polished_scaffolds/merrill_23_all_basecalled/wRi//links_pilon.fasta /private/groups/russelllab/jodie/merrill_23_wRi_genome/polished_scaffolds/merrill_23_all_basecalled/wRi/links_pilon.fasta
        
        (one of the commands exited with non-zero exit code; note that snakemake uses bash strict mode!)

Shutting down, this might take some time.
Exiting because a job execution failed. Look above for error message
Storing output in storage.
WorkflowError:
At least one job did not complete successfully.
