host: phoenix-18.prism
Building DAG of jobs...
Using shell: /usr/bin/bash
Provided remote nodes: 1
Provided resources: mem_mb=10000, mem_mib=9537, disk_mb=1000, disk_mib=954
Select jobs to execute...
Execute 1 jobs...

[Thu Aug 28 20:08:53 2025]
rule wri_prepare_short_reads:
    input: /private/groups/russelllab/jodie/Jacobs_et_al_2026_de_novo_wRi_merrill_23_assembly/data/short_reads/wRi_R1.fastq.gz, /private/groups/russelllab/jodie/Jacobs_et_al_2026_de_novo_wRi_merrill_23_assembly/data/short_reads/wRi_R2.fastq.gz
    output: /private/groups/russelllab/jodie/merrill_23_wRi_genome/short_reads/20250828_Nanopore.wri.trimmed.filtered.fastq.gz
    jobid: 0
    reason: Forced execution
    wildcards: sample=20250828_Nanopore
    threads: 4
    resources: mem_mb=10000, mem_mib=9537, disk_mb=1000, disk_mib=954, tmpdir=<TBD>, slurm_partition=medium, runtime=30

host: phoenix-18.prism
Building DAG of jobs...
Using shell: /usr/bin/bash
Provided cores: 4
Rules claiming more threads will be scaled down.
Provided resources: mem_mb=10000, mem_mib=9537, disk_mb=1000, disk_mib=954
Select jobs to execute...
Execute 1 jobs...

[Thu Aug 28 20:08:54 2025]
localrule wri_prepare_short_reads:
    input: /private/groups/russelllab/jodie/Jacobs_et_al_2026_de_novo_wRi_merrill_23_assembly/data/short_reads/wRi_R1.fastq.gz, /private/groups/russelllab/jodie/Jacobs_et_al_2026_de_novo_wRi_merrill_23_assembly/data/short_reads/wRi_R2.fastq.gz
    output: /private/groups/russelllab/jodie/merrill_23_wRi_genome/short_reads/20250828_Nanopore.wri.trimmed.filtered.fastq.gz
    jobid: 0
    reason: Forced execution
    wildcards: sample=20250828_Nanopore
    threads: 4
    resources: mem_mb=10000, mem_mib=9537, disk_mb=1000, disk_mib=954, tmpdir=/data/tmp, slurm_partition=medium, runtime=30


EnvironmentNameNotFound: Could not find conda environment: flye
You can list all discoverable environments with `conda info --envs`.


RuleException:
CalledProcessError in file "/private/groups/russelllab/jodie/Jacobs_et_al_2026_de_novo_wRi_merrill_23_assembly/Snakefile", line 139:
Command 'set -euo pipefail;  
        source $(dirname $(dirname $(which conda)))/etc/profile.d/conda.sh
        conda activate flye

        # Create output directory
        mkdir -p /private/groups/russelllab/jodie/merrill_23_wRi_genome/short_reads/
        
        # Simply combine R1 and R2 for wRi without trimming
        zcat /private/groups/russelllab/jodie/Jacobs_et_al_2026_de_novo_wRi_merrill_23_assembly/data/short_reads/wRi_R1.fastq.gz /private/groups/russelllab/jodie/Jacobs_et_al_2026_de_novo_wRi_merrill_23_assembly/data/short_reads/wRi_R2.fastq.gz | gzip > /private/groups/russelllab/jodie/merrill_23_wRi_genome/short_reads/20250828_Nanopore.wri.trimmed.filtered.fastq.gz' returned non-zero exit status 1.
[Thu Aug 28 20:08:55 2025]
Error in rule wri_prepare_short_reads:
    message: None
    jobid: 0
    input: /private/groups/russelllab/jodie/Jacobs_et_al_2026_de_novo_wRi_merrill_23_assembly/data/short_reads/wRi_R1.fastq.gz, /private/groups/russelllab/jodie/Jacobs_et_al_2026_de_novo_wRi_merrill_23_assembly/data/short_reads/wRi_R2.fastq.gz
    output: /private/groups/russelllab/jodie/merrill_23_wRi_genome/short_reads/20250828_Nanopore.wri.trimmed.filtered.fastq.gz
    shell:
        
        source $(dirname $(dirname $(which conda)))/etc/profile.d/conda.sh
        conda activate flye

        # Create output directory
        mkdir -p /private/groups/russelllab/jodie/merrill_23_wRi_genome/short_reads/
        
        # Simply combine R1 and R2 for wRi without trimming
        zcat /private/groups/russelllab/jodie/Jacobs_et_al_2026_de_novo_wRi_merrill_23_assembly/data/short_reads/wRi_R1.fastq.gz /private/groups/russelllab/jodie/Jacobs_et_al_2026_de_novo_wRi_merrill_23_assembly/data/short_reads/wRi_R2.fastq.gz | gzip > /private/groups/russelllab/jodie/merrill_23_wRi_genome/short_reads/20250828_Nanopore.wri.trimmed.filtered.fastq.gz
        
        (command exited with non-zero exit code)
Shutting down, this might take some time.
Exiting because a job execution failed. Look below for error messages
[Thu Aug 28 20:08:55 2025]
Error in rule wri_prepare_short_reads:
    message: None
    jobid: 0
    input: /private/groups/russelllab/jodie/Jacobs_et_al_2026_de_novo_wRi_merrill_23_assembly/data/short_reads/wRi_R1.fastq.gz, /private/groups/russelllab/jodie/Jacobs_et_al_2026_de_novo_wRi_merrill_23_assembly/data/short_reads/wRi_R2.fastq.gz
    output: /private/groups/russelllab/jodie/merrill_23_wRi_genome/short_reads/20250828_Nanopore.wri.trimmed.filtered.fastq.gz
    shell:
        
        source $(dirname $(dirname $(which conda)))/etc/profile.d/conda.sh
        conda activate flye

        # Create output directory
        mkdir -p /private/groups/russelllab/jodie/merrill_23_wRi_genome/short_reads/
        
        # Simply combine R1 and R2 for wRi without trimming
        zcat /private/groups/russelllab/jodie/Jacobs_et_al_2026_de_novo_wRi_merrill_23_assembly/data/short_reads/wRi_R1.fastq.gz /private/groups/russelllab/jodie/Jacobs_et_al_2026_de_novo_wRi_merrill_23_assembly/data/short_reads/wRi_R2.fastq.gz | gzip > /private/groups/russelllab/jodie/merrill_23_wRi_genome/short_reads/20250828_Nanopore.wri.trimmed.filtered.fastq.gz
        
        (command exited with non-zero exit code)
Storing output in storage.
WorkflowError:
At least one job did not complete successfully.
srun: error: phoenix-18: task 0: Exited with exit code 1
[Thu Aug 28 20:08:55 2025]
Error in rule wri_prepare_short_reads:
    message: None
    jobid: 0
    input: /private/groups/russelllab/jodie/Jacobs_et_al_2026_de_novo_wRi_merrill_23_assembly/data/short_reads/wRi_R1.fastq.gz, /private/groups/russelllab/jodie/Jacobs_et_al_2026_de_novo_wRi_merrill_23_assembly/data/short_reads/wRi_R2.fastq.gz
    output: /private/groups/russelllab/jodie/merrill_23_wRi_genome/short_reads/20250828_Nanopore.wri.trimmed.filtered.fastq.gz
    shell:
        
        source $(dirname $(dirname $(which conda)))/etc/profile.d/conda.sh
        conda activate flye

        # Create output directory
        mkdir -p /private/groups/russelllab/jodie/merrill_23_wRi_genome/short_reads/
        
        # Simply combine R1 and R2 for wRi without trimming
        zcat /private/groups/russelllab/jodie/Jacobs_et_al_2026_de_novo_wRi_merrill_23_assembly/data/short_reads/wRi_R1.fastq.gz /private/groups/russelllab/jodie/Jacobs_et_al_2026_de_novo_wRi_merrill_23_assembly/data/short_reads/wRi_R2.fastq.gz | gzip > /private/groups/russelllab/jodie/merrill_23_wRi_genome/short_reads/20250828_Nanopore.wri.trimmed.filtered.fastq.gz
        
        (command exited with non-zero exit code)
Shutting down, this might take some time.
Exiting because a job execution failed. Look below for error messages
[Thu Aug 28 20:08:55 2025]
Error in rule wri_prepare_short_reads:
    message: None
    jobid: 0
    input: /private/groups/russelllab/jodie/Jacobs_et_al_2026_de_novo_wRi_merrill_23_assembly/data/short_reads/wRi_R1.fastq.gz, /private/groups/russelllab/jodie/Jacobs_et_al_2026_de_novo_wRi_merrill_23_assembly/data/short_reads/wRi_R2.fastq.gz
    output: /private/groups/russelllab/jodie/merrill_23_wRi_genome/short_reads/20250828_Nanopore.wri.trimmed.filtered.fastq.gz
    shell:
        
        source $(dirname $(dirname $(which conda)))/etc/profile.d/conda.sh
        conda activate flye

        # Create output directory
        mkdir -p /private/groups/russelllab/jodie/merrill_23_wRi_genome/short_reads/
        
        # Simply combine R1 and R2 for wRi without trimming
        zcat /private/groups/russelllab/jodie/Jacobs_et_al_2026_de_novo_wRi_merrill_23_assembly/data/short_reads/wRi_R1.fastq.gz /private/groups/russelllab/jodie/Jacobs_et_al_2026_de_novo_wRi_merrill_23_assembly/data/short_reads/wRi_R2.fastq.gz | gzip > /private/groups/russelllab/jodie/merrill_23_wRi_genome/short_reads/20250828_Nanopore.wri.trimmed.filtered.fastq.gz
        
        (command exited with non-zero exit code)
Storing output in storage.
WorkflowError:
At least one job did not complete successfully.
