host: emerald.prism
Building DAG of jobs...
SLURM run ID: 9beecd5b-25b5-4b36-b609-c3943dcab694
Using shell: /usr/bin/bash
Provided remote nodes: 10
Conda environments: ignored
Job stats:
job                          count
-------------------------  -------
all                              1
circularize_merged               1
merge_assemblies                 1
polish_merged_short_reads        1
polish_nanopore_assembly        14
total                           18

Select jobs to execute...
Execute 10 jobs...

[Tue Mar 25 11:51:04 2025]
rule polish_nanopore_assembly:
    input: /private/groups/russelllab/jodie/merrill_23_wRi_genome/de_novo_wRi_merrill_23_assembly/assembly/flye/longest_contigs_bridge.fasta, /private/groups/russelllab/jodie/merrill_23_wRi_genome/nanopore_data/basecalled/merrill_23_all_basecalled.wRi.fastq.gz
    output: /private/groups/russelllab/jodie/merrill_23_wRi_genome/polished/longest_contigs_bridge/wRi/polished.fasta
    jobid: 3
    reason: Updated input files: /private/groups/russelllab/jodie/merrill_23_wRi_genome/de_novo_wRi_merrill_23_assembly/assembly/flye/longest_contigs_bridge.fasta
    wildcards: assembly_name=longest_contigs_bridge
    threads: 16
    resources: mem_mb=100000, mem_mib=95368, disk_mb=1000, disk_mib=954, tmpdir=<TBD>, slurm_partition=medium, runtime=360

No SLURM account given, trying to guess.
Guessed SLURM account: standard
Job 3 has been submitted with SLURM jobid 7382581 (log: /private/groups/russelllab/jodie/merrill_23_wRi_genome/de_novo_wRi_merrill_23_assembly/scripts/polish/.snakemake/slurm_logs/rule_polish_nanopore_assembly/longest_contigs_bridge/7382581.log).

[Tue Mar 25 11:51:05 2025]
rule polish_nanopore_assembly:
    input: /private/groups/russelllab/jodie/merrill_23_wRi_genome/assemblies/20250205_DL_wRi_Mer23_wtdbg2_assembly2.fa, /private/groups/russelllab/jodie/merrill_23_wRi_genome/nanopore_data/basecalled/merrill_23_all_basecalled.wRi.fastq.gz
    output: /private/groups/russelllab/jodie/merrill_23_wRi_genome/polished/20250205_DL_wRi_Mer23_wtdbg2_assembly2.fa/wRi/polished.fasta
    jobid: 7
    reason: Missing output files: /private/groups/russelllab/jodie/merrill_23_wRi_genome/polished/20250205_DL_wRi_Mer23_wtdbg2_assembly2.fa/wRi/polished.fasta; Updated input files: /private/groups/russelllab/jodie/merrill_23_wRi_genome/assemblies/20250205_DL_wRi_Mer23_wtdbg2_assembly2.fa
    wildcards: assembly_name=20250205_DL_wRi_Mer23_wtdbg2_assembly2.fa
    threads: 16
    resources: mem_mb=100000, mem_mib=95368, disk_mb=1000, disk_mib=954, tmpdir=<TBD>, slurm_partition=medium, runtime=360

Job 7 has been submitted with SLURM jobid 7382582 (log: /private/groups/russelllab/jodie/merrill_23_wRi_genome/de_novo_wRi_merrill_23_assembly/scripts/polish/.snakemake/slurm_logs/rule_polish_nanopore_assembly/20250205_DL_wRi_Mer23_wtdbg2_assembly2.fa/7382582.log).

[Tue Mar 25 11:51:05 2025]
rule polish_nanopore_assembly:
    input: /private/groups/russelllab/jodie/merrill_23_wRi_genome/assemblies/20250205_DL_wRi_Mer23_wtdbg2_assembly1_filtered.fa, /private/groups/russelllab/jodie/merrill_23_wRi_genome/nanopore_data/basecalled/merrill_23_all_basecalled.wRi.fastq.gz
    output: /private/groups/russelllab/jodie/merrill_23_wRi_genome/polished/20250205_DL_wRi_Mer23_wtdbg2_assembly1_filtered.fa/wRi/polished.fasta
    jobid: 15
    reason: Missing output files: /private/groups/russelllab/jodie/merrill_23_wRi_genome/polished/20250205_DL_wRi_Mer23_wtdbg2_assembly1_filtered.fa/wRi/polished.fasta; Updated input files: /private/groups/russelllab/jodie/merrill_23_wRi_genome/assemblies/20250205_DL_wRi_Mer23_wtdbg2_assembly1_filtered.fa
    wildcards: assembly_name=20250205_DL_wRi_Mer23_wtdbg2_assembly1_filtered.fa
    threads: 16
    resources: mem_mb=100000, mem_mib=95368, disk_mb=1000, disk_mib=954, tmpdir=<TBD>, slurm_partition=medium, runtime=360

Job 15 has been submitted with SLURM jobid 7382583 (log: /private/groups/russelllab/jodie/merrill_23_wRi_genome/de_novo_wRi_merrill_23_assembly/scripts/polish/.snakemake/slurm_logs/rule_polish_nanopore_assembly/20250205_DL_wRi_Mer23_wtdbg2_assembly1_filtered.fa/7382583.log).

[Tue Mar 25 11:51:05 2025]
rule polish_nanopore_assembly:
    input: /private/groups/russelllab/jodie/merrill_23_wRi_genome/assemblies/20250314_EG_wRi_Mer23_Canu_assemblyunassembled2.fasta, /private/groups/russelllab/jodie/merrill_23_wRi_genome/nanopore_data/basecalled/merrill_23_all_basecalled.wRi.fastq.gz
    output: /private/groups/russelllab/jodie/merrill_23_wRi_genome/polished/20250314_EG_wRi_Mer23_Canu_assemblyunassembled2.fasta/wRi/polished.fasta
    jobid: 11
    reason: Missing output files: /private/groups/russelllab/jodie/merrill_23_wRi_genome/polished/20250314_EG_wRi_Mer23_Canu_assemblyunassembled2.fasta/wRi/polished.fasta; Updated input files: /private/groups/russelllab/jodie/merrill_23_wRi_genome/assemblies/20250314_EG_wRi_Mer23_Canu_assemblyunassembled2.fasta
    wildcards: assembly_name=20250314_EG_wRi_Mer23_Canu_assemblyunassembled2.fasta
    threads: 16
    resources: mem_mb=100000, mem_mib=95368, disk_mb=1000, disk_mib=954, tmpdir=<TBD>, slurm_partition=medium, runtime=360

Job 11 has been submitted with SLURM jobid 7382584 (log: /private/groups/russelllab/jodie/merrill_23_wRi_genome/de_novo_wRi_merrill_23_assembly/scripts/polish/.snakemake/slurm_logs/rule_polish_nanopore_assembly/20250314_EG_wRi_Mer23_Canu_assemblyunassembled2.fasta/7382584.log).

[Tue Mar 25 11:51:05 2025]
rule polish_nanopore_assembly:
    input: /private/groups/russelllab/jodie/merrill_23_wRi_genome/assemblies/20250310_JD_wRi_Mer23_Flye_Assembly2.fasta, /private/groups/russelllab/jodie/merrill_23_wRi_genome/nanopore_data/basecalled/merrill_23_all_basecalled.wRi.fastq.gz
    output: /private/groups/russelllab/jodie/merrill_23_wRi_genome/polished/20250310_JD_wRi_Mer23_Flye_Assembly2.fasta/wRi/polished.fasta
    jobid: 4
    reason: Missing output files: /private/groups/russelllab/jodie/merrill_23_wRi_genome/polished/20250310_JD_wRi_Mer23_Flye_Assembly2.fasta/wRi/polished.fasta; Updated input files: /private/groups/russelllab/jodie/merrill_23_wRi_genome/assemblies/20250310_JD_wRi_Mer23_Flye_Assembly2.fasta
    wildcards: assembly_name=20250310_JD_wRi_Mer23_Flye_Assembly2.fasta
    threads: 16
    resources: mem_mb=100000, mem_mib=95368, disk_mb=1000, disk_mib=954, tmpdir=<TBD>, slurm_partition=medium, runtime=360

Job 4 has been submitted with SLURM jobid 7382585 (log: /private/groups/russelllab/jodie/merrill_23_wRi_genome/de_novo_wRi_merrill_23_assembly/scripts/polish/.snakemake/slurm_logs/rule_polish_nanopore_assembly/20250310_JD_wRi_Mer23_Flye_Assembly2.fasta/7382585.log).

[Tue Mar 25 11:51:05 2025]
rule polish_nanopore_assembly:
    input: /private/groups/russelllab/jodie/merrill_23_wRi_genome/assemblies/20250314_EG_wRi_Mer23_Canu_assemblyunassembled.fasta, /private/groups/russelllab/jodie/merrill_23_wRi_genome/nanopore_data/basecalled/merrill_23_all_basecalled.wRi.fastq.gz
    output: /private/groups/russelllab/jodie/merrill_23_wRi_genome/polished/20250314_EG_wRi_Mer23_Canu_assemblyunassembled.fasta/wRi/polished.fasta
    jobid: 9
    reason: Missing output files: /private/groups/russelllab/jodie/merrill_23_wRi_genome/polished/20250314_EG_wRi_Mer23_Canu_assemblyunassembled.fasta/wRi/polished.fasta; Updated input files: /private/groups/russelllab/jodie/merrill_23_wRi_genome/assemblies/20250314_EG_wRi_Mer23_Canu_assemblyunassembled.fasta
    wildcards: assembly_name=20250314_EG_wRi_Mer23_Canu_assemblyunassembled.fasta
    threads: 16
    resources: mem_mb=100000, mem_mib=95368, disk_mb=1000, disk_mib=954, tmpdir=<TBD>, slurm_partition=medium, runtime=360

Job 9 has been submitted with SLURM jobid 7382586 (log: /private/groups/russelllab/jodie/merrill_23_wRi_genome/de_novo_wRi_merrill_23_assembly/scripts/polish/.snakemake/slurm_logs/rule_polish_nanopore_assembly/20250314_EG_wRi_Mer23_Canu_assemblyunassembled.fasta/7382586.log).

[Tue Mar 25 11:51:05 2025]
rule polish_nanopore_assembly:
    input: /private/groups/russelllab/jodie/merrill_23_wRi_genome/assemblies/20250314_EG_wRi_Mer23_Canu_assemblycontig2.fasta, /private/groups/russelllab/jodie/merrill_23_wRi_genome/nanopore_data/basecalled/merrill_23_all_basecalled.wRi.fastq.gz
    output: /private/groups/russelllab/jodie/merrill_23_wRi_genome/polished/20250314_EG_wRi_Mer23_Canu_assemblycontig2.fasta/wRi/polished.fasta
    jobid: 10
    reason: Missing output files: /private/groups/russelllab/jodie/merrill_23_wRi_genome/polished/20250314_EG_wRi_Mer23_Canu_assemblycontig2.fasta/wRi/polished.fasta; Updated input files: /private/groups/russelllab/jodie/merrill_23_wRi_genome/assemblies/20250314_EG_wRi_Mer23_Canu_assemblycontig2.fasta
    wildcards: assembly_name=20250314_EG_wRi_Mer23_Canu_assemblycontig2.fasta
    threads: 16
    resources: mem_mb=100000, mem_mib=95368, disk_mb=1000, disk_mib=954, tmpdir=<TBD>, slurm_partition=medium, runtime=360

Job 10 has been submitted with SLURM jobid 7382587 (log: /private/groups/russelllab/jodie/merrill_23_wRi_genome/de_novo_wRi_merrill_23_assembly/scripts/polish/.snakemake/slurm_logs/rule_polish_nanopore_assembly/20250314_EG_wRi_Mer23_Canu_assemblycontig2.fasta/7382587.log).

[Tue Mar 25 11:51:05 2025]
rule polish_nanopore_assembly:
    input: /private/groups/russelllab/jodie/merrill_23_wRi_genome/assemblies/20250314_EG_wRi_Mer23_Canu_assemblycontig2_filtered.fasta, /private/groups/russelllab/jodie/merrill_23_wRi_genome/nanopore_data/basecalled/merrill_23_all_basecalled.wRi.fastq.gz
    output: /private/groups/russelllab/jodie/merrill_23_wRi_genome/polished/20250314_EG_wRi_Mer23_Canu_assemblycontig2_filtered.fasta/wRi/polished.fasta
    jobid: 13
    reason: Missing output files: /private/groups/russelllab/jodie/merrill_23_wRi_genome/polished/20250314_EG_wRi_Mer23_Canu_assemblycontig2_filtered.fasta/wRi/polished.fasta; Updated input files: /private/groups/russelllab/jodie/merrill_23_wRi_genome/assemblies/20250314_EG_wRi_Mer23_Canu_assemblycontig2_filtered.fasta
    wildcards: assembly_name=20250314_EG_wRi_Mer23_Canu_assemblycontig2_filtered.fasta
    threads: 16
    resources: mem_mb=100000, mem_mib=95368, disk_mb=1000, disk_mib=954, tmpdir=<TBD>, slurm_partition=medium, runtime=360

Job 13 has been submitted with SLURM jobid 7382588 (log: /private/groups/russelllab/jodie/merrill_23_wRi_genome/de_novo_wRi_merrill_23_assembly/scripts/polish/.snakemake/slurm_logs/rule_polish_nanopore_assembly/20250314_EG_wRi_Mer23_Canu_assemblycontig2_filtered.fasta/7382588.log).

[Tue Mar 25 11:51:05 2025]
rule polish_nanopore_assembly:
    input: /private/groups/russelllab/jodie/merrill_23_wRi_genome/assemblies/20250205_DL_wRi_Mer23_wtdbg2_assembly1.fa, /private/groups/russelllab/jodie/merrill_23_wRi_genome/nanopore_data/basecalled/merrill_23_all_basecalled.wRi.fastq.gz
    output: /private/groups/russelllab/jodie/merrill_23_wRi_genome/polished/20250205_DL_wRi_Mer23_wtdbg2_assembly1.fa/wRi/polished.fasta
    jobid: 6
    reason: Missing output files: /private/groups/russelllab/jodie/merrill_23_wRi_genome/polished/20250205_DL_wRi_Mer23_wtdbg2_assembly1.fa/wRi/polished.fasta; Updated input files: /private/groups/russelllab/jodie/merrill_23_wRi_genome/assemblies/20250205_DL_wRi_Mer23_wtdbg2_assembly1.fa
    wildcards: assembly_name=20250205_DL_wRi_Mer23_wtdbg2_assembly1.fa
    threads: 16
    resources: mem_mb=100000, mem_mib=95368, disk_mb=1000, disk_mib=954, tmpdir=<TBD>, slurm_partition=medium, runtime=360

Job 6 has been submitted with SLURM jobid 7382589 (log: /private/groups/russelllab/jodie/merrill_23_wRi_genome/de_novo_wRi_merrill_23_assembly/scripts/polish/.snakemake/slurm_logs/rule_polish_nanopore_assembly/20250205_DL_wRi_Mer23_wtdbg2_assembly1.fa/7382589.log).

[Tue Mar 25 11:51:05 2025]
rule polish_nanopore_assembly:
    input: /private/groups/russelllab/jodie/merrill_23_wRi_genome/assemblies/20250310_JD_wRi_Mer23_Flye_Assembly2_filtered.fasta, /private/groups/russelllab/jodie/merrill_23_wRi_genome/nanopore_data/basecalled/merrill_23_all_basecalled.wRi.fastq.gz
    output: /private/groups/russelllab/jodie/merrill_23_wRi_genome/polished/20250310_JD_wRi_Mer23_Flye_Assembly2_filtered.fasta/wRi/polished.fasta
    jobid: 14
    reason: Missing output files: /private/groups/russelllab/jodie/merrill_23_wRi_genome/polished/20250310_JD_wRi_Mer23_Flye_Assembly2_filtered.fasta/wRi/polished.fasta; Updated input files: /private/groups/russelllab/jodie/merrill_23_wRi_genome/assemblies/20250310_JD_wRi_Mer23_Flye_Assembly2_filtered.fasta
    wildcards: assembly_name=20250310_JD_wRi_Mer23_Flye_Assembly2_filtered.fasta
    threads: 16
    resources: mem_mb=100000, mem_mib=95368, disk_mb=1000, disk_mib=954, tmpdir=<TBD>, slurm_partition=medium, runtime=360

Job 14 has been submitted with SLURM jobid 7382590 (log: /private/groups/russelllab/jodie/merrill_23_wRi_genome/de_novo_wRi_merrill_23_assembly/scripts/polish/.snakemake/slurm_logs/rule_polish_nanopore_assembly/20250310_JD_wRi_Mer23_Flye_Assembly2_filtered.fasta/7382590.log).
[Tue Mar 25 11:54:05 2025]
Finished job 3.
1 of 18 steps (6%) done
Select jobs to execute...
Execute 1 jobs...

[Tue Mar 25 11:54:05 2025]
rule polish_nanopore_assembly:
    input: /private/groups/russelllab/jodie/merrill_23_wRi_genome/assemblies/20250305_EG_wRI_Mer23_Flye_Assembly2.fasta, /private/groups/russelllab/jodie/merrill_23_wRi_genome/nanopore_data/basecalled/merrill_23_all_basecalled.wRi.fastq.gz
    output: /private/groups/russelllab/jodie/merrill_23_wRi_genome/polished/20250305_EG_wRI_Mer23_Flye_Assembly2.fasta/wRi/polished.fasta
    jobid: 5
    reason: Missing output files: /private/groups/russelllab/jodie/merrill_23_wRi_genome/polished/20250305_EG_wRI_Mer23_Flye_Assembly2.fasta/wRi/polished.fasta; Updated input files: /private/groups/russelllab/jodie/merrill_23_wRi_genome/assemblies/20250305_EG_wRI_Mer23_Flye_Assembly2.fasta
    wildcards: assembly_name=20250305_EG_wRI_Mer23_Flye_Assembly2.fasta
    threads: 16
    resources: mem_mb=100000, mem_mib=95368, disk_mb=1000, disk_mib=954, tmpdir=<TBD>, slurm_partition=medium, runtime=360

Job 5 has been submitted with SLURM jobid 7382591 (log: /private/groups/russelllab/jodie/merrill_23_wRi_genome/de_novo_wRi_merrill_23_assembly/scripts/polish/.snakemake/slurm_logs/rule_polish_nanopore_assembly/20250305_EG_wRI_Mer23_Flye_Assembly2.fasta/7382591.log).
[Tue Mar 25 11:55:05 2025]
Finished job 14.
2 of 18 steps (11%) done
Select jobs to execute...
Execute 1 jobs...

[Tue Mar 25 11:55:05 2025]
rule polish_nanopore_assembly:
    input: /private/groups/russelllab/jodie/merrill_23_wRi_genome/assemblies/20250305_EG_wRI_Mer23_Flye_Assembly2_filtered.fasta, /private/groups/russelllab/jodie/merrill_23_wRi_genome/nanopore_data/basecalled/merrill_23_all_basecalled.wRi.fastq.gz
    output: /private/groups/russelllab/jodie/merrill_23_wRi_genome/polished/20250305_EG_wRI_Mer23_Flye_Assembly2_filtered.fasta/wRi/polished.fasta
    jobid: 12
    reason: Missing output files: /private/groups/russelllab/jodie/merrill_23_wRi_genome/polished/20250305_EG_wRI_Mer23_Flye_Assembly2_filtered.fasta/wRi/polished.fasta; Updated input files: /private/groups/russelllab/jodie/merrill_23_wRi_genome/assemblies/20250305_EG_wRI_Mer23_Flye_Assembly2_filtered.fasta
    wildcards: assembly_name=20250305_EG_wRI_Mer23_Flye_Assembly2_filtered.fasta
    threads: 16
    resources: mem_mb=100000, mem_mib=95368, disk_mb=1000, disk_mib=954, tmpdir=<TBD>, slurm_partition=medium, runtime=360

Job 12 has been submitted with SLURM jobid 7382592 (log: /private/groups/russelllab/jodie/merrill_23_wRi_genome/de_novo_wRi_merrill_23_assembly/scripts/polish/.snakemake/slurm_logs/rule_polish_nanopore_assembly/20250305_EG_wRI_Mer23_Flye_Assembly2_filtered.fasta/7382592.log).
[Tue Mar 25 11:55:35 2025]
Finished job 7.
3 of 18 steps (17%) done
[Tue Mar 25 11:55:36 2025]
Finished job 15.
4 of 18 steps (22%) done
[Tue Mar 25 11:55:36 2025]
Finished job 13.
5 of 18 steps (28%) done
Select jobs to execute...
Execute 2 jobs...

[Tue Mar 25 11:55:36 2025]
rule polish_nanopore_assembly:
    input: /private/groups/russelllab/jodie/merrill_23_wRi_genome/assemblies/20250314_EG_wRi_Mer23_Canu_assemblycontig.fasta, /private/groups/russelllab/jodie/merrill_23_wRi_genome/nanopore_data/basecalled/merrill_23_all_basecalled.wRi.fastq.gz
    output: /private/groups/russelllab/jodie/merrill_23_wRi_genome/polished/20250314_EG_wRi_Mer23_Canu_assemblycontig.fasta/wRi/polished.fasta
    jobid: 8
    reason: Missing output files: /private/groups/russelllab/jodie/merrill_23_wRi_genome/polished/20250314_EG_wRi_Mer23_Canu_assemblycontig.fasta/wRi/polished.fasta; Updated input files: /private/groups/russelllab/jodie/merrill_23_wRi_genome/assemblies/20250314_EG_wRi_Mer23_Canu_assemblycontig.fasta
    wildcards: assembly_name=20250314_EG_wRi_Mer23_Canu_assemblycontig.fasta
    threads: 16
    resources: mem_mb=100000, mem_mib=95368, disk_mb=1000, disk_mib=954, tmpdir=<TBD>, slurm_partition=medium, runtime=360

Job 8 has been submitted with SLURM jobid 7382593 (log: /private/groups/russelllab/jodie/merrill_23_wRi_genome/de_novo_wRi_merrill_23_assembly/scripts/polish/.snakemake/slurm_logs/rule_polish_nanopore_assembly/20250314_EG_wRi_Mer23_Canu_assemblycontig.fasta/7382593.log).

[Tue Mar 25 11:55:36 2025]
rule polish_nanopore_assembly:
    input: /private/groups/russelllab/jodie/merrill_23_wRi_genome/assemblies/20250205_DL_wRi_Mer23_wtdbg2_assembly2_filtered.fa, /private/groups/russelllab/jodie/merrill_23_wRi_genome/nanopore_data/basecalled/merrill_23_all_basecalled.wRi.fastq.gz
    output: /private/groups/russelllab/jodie/merrill_23_wRi_genome/polished/20250205_DL_wRi_Mer23_wtdbg2_assembly2_filtered.fa/wRi/polished.fasta
    jobid: 16
    reason: Missing output files: /private/groups/russelllab/jodie/merrill_23_wRi_genome/polished/20250205_DL_wRi_Mer23_wtdbg2_assembly2_filtered.fa/wRi/polished.fasta; Updated input files: /private/groups/russelllab/jodie/merrill_23_wRi_genome/assemblies/20250205_DL_wRi_Mer23_wtdbg2_assembly2_filtered.fa
    wildcards: assembly_name=20250205_DL_wRi_Mer23_wtdbg2_assembly2_filtered.fa
    threads: 16
    resources: mem_mb=100000, mem_mib=95368, disk_mb=1000, disk_mib=954, tmpdir=<TBD>, slurm_partition=medium, runtime=360

Job 16 has been submitted with SLURM jobid 7382594 (log: /private/groups/russelllab/jodie/merrill_23_wRi_genome/de_novo_wRi_merrill_23_assembly/scripts/polish/.snakemake/slurm_logs/rule_polish_nanopore_assembly/20250205_DL_wRi_Mer23_wtdbg2_assembly2_filtered.fa/7382594.log).
[Tue Mar 25 11:57:16 2025]
Finished job 6.
6 of 18 steps (33%) done
[Tue Mar 25 11:57:26 2025]
Finished job 4.
7 of 18 steps (39%) done
[Tue Mar 25 11:57:56 2025]
Finished job 10.
8 of 18 steps (44%) done
[Tue Mar 25 11:58:56 2025]
Finished job 12.
9 of 18 steps (50%) done
[Tue Mar 25 11:59:26 2025]
Finished job 5.
10 of 18 steps (56%) done
[Tue Mar 25 12:00:26 2025]
Finished job 16.
11 of 18 steps (61%) done
[Tue Mar 25 12:06:27 2025]
Finished job 8.
12 of 18 steps (67%) done
