host: emerald.prism
Building DAG of jobs...
SLURM run ID: ca782891-e359-4455-8f3e-2edd3803be7d
Using shell: /usr/bin/bash
Provided remote nodes: 10
Conda environments: ignored
Job stats:
job                                   count
----------------------------------  -------
all                                       1
attempt_circularization                   1
close_gaps                                1
polish_scaffolded_with_short_reads        1
scaffold_assembly                         1
total                                     5

Select jobs to execute...
Execute 1 jobs...

[Fri Mar  7 18:30:02 2025]
rule scaffold_assembly:
    input: /private/groups/russelllab/jodie/merrill_23_wRi_genome/polished/merrill_23_all_basecalled/wRi/polished.fasta, /private/groups/russelllab/jodie/merrill_23_wRi_genome/nanopore_data/basecalled/merrill_23_all_basecalled.wRi.fastq.gz
    output: /private/groups/russelllab/jodie/merrill_23_wRi_genome/scaffolded/merrill_23_all_basecalled/wRi/links_scaffolded.fasta, /private/groups/russelllab/jodie/merrill_23_wRi_genome/scaffolded/merrill_23_all_basecalled/wRi/tgs_scaffolded.fasta
    jobid: 4
    reason: Missing output files: /private/groups/russelllab/jodie/merrill_23_wRi_genome/scaffolded/merrill_23_all_basecalled/wRi/links_scaffolded.fasta, /private/groups/russelllab/jodie/merrill_23_wRi_genome/scaffolded/merrill_23_all_basecalled/wRi/tgs_scaffolded.fasta
    wildcards: sample=merrill_23_all_basecalled
    threads: 16
    resources: mem_mb=100000, mem_mib=95368, disk_mb=1000, disk_mib=954, tmpdir=<TBD>, slurm_partition=medium, runtime=360

No SLURM account given, trying to guess.
Guessed SLURM account: standard
Job 4 has been submitted with SLURM jobid 6790162 (log: /private/groups/russelllab/jodie/merrill_23_wRi_genome/de_novo_wRi_merrill_23_assembly/scripts/polish/.snakemake/slurm_logs/rule_scaffold_assembly/merrill_23_all_basecalled/6790162.log).
[Fri Mar  7 18:30:42 2025]
Error in rule scaffold_assembly:
    message: SLURM-job '6790162' failed, SLURM status is: 'FAILED'. For further error details see the cluster/cloud log and the log files of the involved rule(s).
    jobid: 4
    input: /private/groups/russelllab/jodie/merrill_23_wRi_genome/polished/merrill_23_all_basecalled/wRi/polished.fasta, /private/groups/russelllab/jodie/merrill_23_wRi_genome/nanopore_data/basecalled/merrill_23_all_basecalled.wRi.fastq.gz
    output: /private/groups/russelllab/jodie/merrill_23_wRi_genome/scaffolded/merrill_23_all_basecalled/wRi/links_scaffolded.fasta, /private/groups/russelllab/jodie/merrill_23_wRi_genome/scaffolded/merrill_23_all_basecalled/wRi/tgs_scaffolded.fasta
    log: /private/groups/russelllab/jodie/merrill_23_wRi_genome/de_novo_wRi_merrill_23_assembly/scripts/polish/.snakemake/slurm_logs/rule_scaffold_assembly/merrill_23_all_basecalled/6790162.log (check log file(s) for error details)
    shell:
        
        # Create output directory
        mkdir -p /private/groups/russelllab/jodie/merrill_23_wRi_genome/scaffolded/merrill_23_all_basecalled/wRi/
        mkdir -p /private/groups/russelllab/jodie/merrill_23_wRi_genome/scaffolded/merrill_23_all_basecalled/wRi/tmp
        
        # Extract reads from gzipped file
        zcat /private/groups/russelllab/jodie/merrill_23_wRi_genome/nanopore_data/basecalled/merrill_23_all_basecalled.wRi.fastq.gz > /private/groups/russelllab/jodie/merrill_23_wRi_genome/scaffolded/merrill_23_all_basecalled/wRi//nanopore_reads.fastq
        
        # Approach 1: LINKS scaffolder
        echo /private/groups/russelllab/jodie/merrill_23_wRi_genome/nanopore_data/basecalled/merrill_23_all_basecalled.wRi.fastq.gz > /private/groups/russelllab/jodie/merrill_23_wRi_genome/nanopore_data/read_list.txt
        LINKS -f /private/groups/russelllab/jodie/merrill_23_wRi_genome/polished/merrill_23_all_basecalled/wRi/polished.fasta -s /private/groups/russelllab/jodie/merrill_23_wRi_genome/nanopore_data/read_list.txt -b /private/groups/russelllab/jodie/merrill_23_wRi_genome/scaffolded/merrill_23_all_basecalled/wRi/links -t 5 -k 19
        
        # Move the final LINKS output to expected location
        cp /private/groups/russelllab/jodie/merrill_23_wRi_genome/scaffolded/merrill_23_all_basecalled/wRi/links.scaffolds.fa /private/groups/russelllab/jodie/merrill_23_wRi_genome/scaffolded/merrill_23_all_basecalled/wRi/links_scaffolded.fasta
        
        # # Approach 2: TGS-GapCloser (replacing SSPACE)
        # tgsgapcloser         #     --scaff  /private/groups/russelllab/jodie/merrill_23_wRi_genome/polished/merrill_23_all_basecalled/wRi/polished.fasta         #     --reads /private/groups/russelllab/jodie/merrill_23_wRi_genome/scaffolded/merrill_23_all_basecalled/wRi//nanopore_reads.fastq          #     --output /private/groups/russelllab/jodie/merrill_23_wRi_genome/scaffolded/merrill_23_all_basecalled/wRi/tgs_out         #     --thread 16         #     --min_match 0.3         #     --ne         #     --tgstype ont         #     --tmp /private/groups/russelllab/jodie/merrill_23_wRi_genome/scaffolded/merrill_23_all_basecalled/wRi/tmp

        
        # Move the TGS-GapCloser output to expected location
        cp  /private/groups/russelllab/jodie/merrill_23_wRi_genome/polished/merrill_23_all_basecalled/wRi/polished.fasta/gap_filled.fasta /private/groups/russelllab/jodie/merrill_23_wRi_genome/scaffolded/merrill_23_all_basecalled/wRi/tgs_scaffolded.fasta
        
        (one of the commands exited with non-zero exit code; note that snakemake uses bash strict mode!)
    external_jobid: 6790162

Shutting down, this might take some time.
Terminating processes on user request, this might take some time.
Complete log: .snakemake/log/2025-03-07T183000.866585.snakemake.log
WorkflowError:
At least one job did not complete successfully.
