host: emerald.prism
Building DAG of jobs...
SLURM run ID: 616d76c8-dd17-40b2-a507-6f26a8fc56bb
Using shell: /usr/bin/bash
Provided remote nodes: 10
Job stats:
job                                   count
----------------------------------  -------
all                                       1
attempt_circularization                   1
close_gaps                                1
polish_scaffolded_with_short_reads        1
total                                     4

Select jobs to execute...
Execute 1 jobs...

[Fri Mar  7 21:17:47 2025]
rule polish_scaffolded_with_short_reads:
    input: /private/groups/russelllab/jodie/merrill_23_wRi_genome/scaffolded/merrill_23_all_basecalled/wRi/links_scaffolded_renamed.fasta, /private/groups/russelllab/jodie/merrill_23_wRi_genome/short_reads/wRi_R1.fastq.gz, /private/groups/russelllab/jodie/merrill_23_wRi_genome/short_reads/wRi_R2.fastq.gz
    output: /private/groups/russelllab/jodie/merrill_23_wRi_genome/polished_scaffolds/merrill_23_all_basecalled/wRi/links_pilon.fasta
    jobid: 3
    reason: Missing output files: /private/groups/russelllab/jodie/merrill_23_wRi_genome/polished_scaffolds/merrill_23_all_basecalled/wRi/links_pilon.fasta
    wildcards: sample=merrill_23_all_basecalled
    threads: 16
    resources: mem_mb=100000, mem_mib=95368, disk_mb=1000, disk_mib=954, tmpdir=<TBD>, slurm_partition=medium, runtime=360

No SLURM account given, trying to guess.
Guessed SLURM account: standard
Job 3 has been submitted with SLURM jobid 6793195 (log: /private/groups/russelllab/jodie/merrill_23_wRi_genome/de_novo_wRi_merrill_23_assembly/scripts/polish/.snakemake/slurm_logs/rule_polish_scaffolded_with_short_reads/merrill_23_all_basecalled/6793195.log).
[Fri Mar  7 21:20:47 2025]
Error in rule polish_scaffolded_with_short_reads:
    message: SLURM-job '6793195' failed, SLURM status is: 'FAILED'. For further error details see the cluster/cloud log and the log files of the involved rule(s).
    jobid: 3
    input: /private/groups/russelllab/jodie/merrill_23_wRi_genome/scaffolded/merrill_23_all_basecalled/wRi/links_scaffolded_renamed.fasta, /private/groups/russelllab/jodie/merrill_23_wRi_genome/short_reads/wRi_R1.fastq.gz, /private/groups/russelllab/jodie/merrill_23_wRi_genome/short_reads/wRi_R2.fastq.gz
    output: /private/groups/russelllab/jodie/merrill_23_wRi_genome/polished_scaffolds/merrill_23_all_basecalled/wRi/links_pilon.fasta
    log: /private/groups/russelllab/jodie/merrill_23_wRi_genome/de_novo_wRi_merrill_23_assembly/scripts/polish/.snakemake/slurm_logs/rule_polish_scaffolded_with_short_reads/merrill_23_all_basecalled/6793195.log (check log file(s) for error details)
    shell:
        
        # Create output directory
        mkdir -p /private/groups/russelllab/jodie/merrill_23_wRi_genome/polished_scaffolds/merrill_23_all_basecalled/wRi/
        
        # Index the renamed scaffolded assembly
        bwa index /private/groups/russelllab/jodie/merrill_23_wRi_genome/scaffolded/merrill_23_all_basecalled/wRi/links_scaffolded_renamed.fasta
        
        # Map reads to renamed LINKS scaffolds and polish
        bwa mem -t 16 /private/groups/russelllab/jodie/merrill_23_wRi_genome/scaffolded/merrill_23_all_basecalled/wRi/links_scaffolded_renamed.fasta /private/groups/russelllab/jodie/merrill_23_wRi_genome/short_reads/wRi_R1.fastq.gz /private/groups/russelllab/jodie/merrill_23_wRi_genome/short_reads/wRi_R2.fastq.gz |             samtools sort -@ 16 -o /private/groups/russelllab/jodie/merrill_23_wRi_genome/polished_scaffolds/merrill_23_all_basecalled/wRi//links_sorted.bam
        samtools index -@ 16 /private/groups/russelllab/jodie/merrill_23_wRi_genome/polished_scaffolds/merrill_23_all_basecalled/wRi//links_sorted.bam
        
        pilon --genome /private/groups/russelllab/jodie/merrill_23_wRi_genome/scaffolded/merrill_23_all_basecalled/wRi/links_scaffolded_renamed.fasta               --frags /private/groups/russelllab/jodie/merrill_23_wRi_genome/polished_scaffolds/merrill_23_all_basecalled/wRi//links_sorted.bam               --output links_pilon               --outdir /private/groups/russelllab/jodie/merrill_23_wRi_genome/polished_scaffolds/merrill_23_all_basecalled/wRi/               --threads 16               --changes --vcf
        
        # Rename output to match expected path
        mv /private/groups/russelllab/jodie/merrill_23_wRi_genome/polished_scaffolds/merrill_23_all_basecalled/wRi//links_pilon.fasta /private/groups/russelllab/jodie/merrill_23_wRi_genome/polished_scaffolds/merrill_23_all_basecalled/wRi/links_pilon.fasta
        
        (one of the commands exited with non-zero exit code; note that snakemake uses bash strict mode!)
    external_jobid: 6793195

Shutting down, this might take some time.
Exiting because a job execution failed. Look above for error message
Complete log: .snakemake/log/2025-03-07T211745.947264.snakemake.log
WorkflowError:
At least one job did not complete successfully.
