host: emerald.prism
Building DAG of jobs...
SLURM run ID: ae57f0c1-4bc1-4108-9240-fb6a9b42805d
Using shell: /usr/bin/bash
Provided remote nodes: 10
Conda environments: ignored
Job stats:
job                                   count
----------------------------------  -------
all                                       1
attempt_circularization                   1
close_gaps                                1
polish_scaffolded_with_short_reads        1
scaffold_assembly                         1
total                                     5

Select jobs to execute...
Execute 1 jobs...

[Fri Mar  7 18:33:08 2025]
rule scaffold_assembly:
    input: /private/groups/russelllab/jodie/merrill_23_wRi_genome/polished/merrill_23_all_basecalled/wRi/polished.fasta, /private/groups/russelllab/jodie/merrill_23_wRi_genome/nanopore_data/basecalled/merrill_23_all_basecalled.wRi.fastq.gz
    output: /private/groups/russelllab/jodie/merrill_23_wRi_genome/scaffolded/merrill_23_all_basecalled/wRi/links_scaffolded.fasta, /private/groups/russelllab/jodie/merrill_23_wRi_genome/scaffolded/merrill_23_all_basecalled/wRi/tgs_scaffolded.fasta
    jobid: 4
    reason: Missing output files: /private/groups/russelllab/jodie/merrill_23_wRi_genome/scaffolded/merrill_23_all_basecalled/wRi/tgs_scaffolded.fasta
    wildcards: sample=merrill_23_all_basecalled
    threads: 16
    resources: mem_mb=100000, mem_mib=95368, disk_mb=1000, disk_mib=954, tmpdir=<TBD>, slurm_partition=medium, runtime=360

No SLURM account given, trying to guess.
Guessed SLURM account: standard
Job 4 has been submitted with SLURM jobid 6790732 (log: /private/groups/russelllab/jodie/merrill_23_wRi_genome/de_novo_wRi_merrill_23_assembly/scripts/polish/.snakemake/slurm_logs/rule_scaffold_assembly/merrill_23_all_basecalled/6790732.log).
[Fri Mar  7 18:33:48 2025]
Finished job 4.
1 of 5 steps (20%) done
Select jobs to execute...
Execute 1 jobs...

[Fri Mar  7 18:33:48 2025]
rule polish_scaffolded_with_short_reads:
    input: /private/groups/russelllab/jodie/merrill_23_wRi_genome/scaffolded/merrill_23_all_basecalled/wRi/links_scaffolded.fasta, /private/groups/russelllab/jodie/merrill_23_wRi_genome/scaffolded/merrill_23_all_basecalled/wRi/tgs_scaffolded.fasta, /private/groups/russelllab/jodie/merrill_23_wRi_genome/short_reads/trimmed_R1.fastq.gz, /private/groups/russelllab/jodie/merrill_23_wRi_genome/short_reads/trimmed_R2.fastq.gz
    output: /private/groups/russelllab/jodie/merrill_23_wRi_genome/polished_scaffolds/merrill_23_all_basecalled/wRi/links_pilon.fasta, /private/groups/russelllab/jodie/merrill_23_wRi_genome/polished_scaffolds/merrill_23_all_basecalled/wRi/tgs_pilon.fasta
    jobid: 3
    reason: Missing output files: /private/groups/russelllab/jodie/merrill_23_wRi_genome/polished_scaffolds/merrill_23_all_basecalled/wRi/links_pilon.fasta, /private/groups/russelllab/jodie/merrill_23_wRi_genome/polished_scaffolds/merrill_23_all_basecalled/wRi/tgs_pilon.fasta; Input files updated by another job: /private/groups/russelllab/jodie/merrill_23_wRi_genome/scaffolded/merrill_23_all_basecalled/wRi/links_scaffolded.fasta, /private/groups/russelllab/jodie/merrill_23_wRi_genome/scaffolded/merrill_23_all_basecalled/wRi/tgs_scaffolded.fasta
    wildcards: sample=merrill_23_all_basecalled
    threads: 16
    resources: mem_mb=100000, mem_mib=95368, disk_mb=6607, disk_mib=6301, tmpdir=<TBD>, slurm_partition=medium, runtime=360

Job 3 has been submitted with SLURM jobid 6790735 (log: /private/groups/russelllab/jodie/merrill_23_wRi_genome/de_novo_wRi_merrill_23_assembly/scripts/polish/.snakemake/slurm_logs/rule_polish_scaffolded_with_short_reads/merrill_23_all_basecalled/6790735.log).
[Fri Mar  7 18:39:49 2025]
Error in rule polish_scaffolded_with_short_reads:
    message: SLURM-job '6790735' failed, SLURM status is: 'FAILED'. For further error details see the cluster/cloud log and the log files of the involved rule(s).
    jobid: 3
    input: /private/groups/russelllab/jodie/merrill_23_wRi_genome/scaffolded/merrill_23_all_basecalled/wRi/links_scaffolded.fasta, /private/groups/russelllab/jodie/merrill_23_wRi_genome/scaffolded/merrill_23_all_basecalled/wRi/tgs_scaffolded.fasta, /private/groups/russelllab/jodie/merrill_23_wRi_genome/short_reads/trimmed_R1.fastq.gz, /private/groups/russelllab/jodie/merrill_23_wRi_genome/short_reads/trimmed_R2.fastq.gz
    output: /private/groups/russelllab/jodie/merrill_23_wRi_genome/polished_scaffolds/merrill_23_all_basecalled/wRi/links_pilon.fasta, /private/groups/russelllab/jodie/merrill_23_wRi_genome/polished_scaffolds/merrill_23_all_basecalled/wRi/tgs_pilon.fasta
    log: /private/groups/russelllab/jodie/merrill_23_wRi_genome/de_novo_wRi_merrill_23_assembly/scripts/polish/.snakemake/slurm_logs/rule_polish_scaffolded_with_short_reads/merrill_23_all_basecalled/6790735.log (check log file(s) for error details)
    shell:
        
        # Create output directory
        mkdir -p /private/groups/russelllab/jodie/merrill_23_wRi_genome/polished_scaffolds/merrill_23_all_basecalled/wRi/
        
        # Index the scaffolded assemblies
        bwa index /private/groups/russelllab/jodie/merrill_23_wRi_genome/scaffolded/merrill_23_all_basecalled/wRi/links_scaffolded.fasta
        bwa index /private/groups/russelllab/jodie/merrill_23_wRi_genome/scaffolded/merrill_23_all_basecalled/wRi/tgs_scaffolded.fasta
        
        # Map reads to LINKS scaffolds and polish
        bwa mem -t 16 /private/groups/russelllab/jodie/merrill_23_wRi_genome/scaffolded/merrill_23_all_basecalled/wRi/links_scaffolded.fasta /private/groups/russelllab/jodie/merrill_23_wRi_genome/short_reads/trimmed_R1.fastq.gz /private/groups/russelllab/jodie/merrill_23_wRi_genome/short_reads/trimmed_R2.fastq.gz |             samtools sort -@ 16 -o /private/groups/russelllab/jodie/merrill_23_wRi_genome/polished_scaffolds/merrill_23_all_basecalled/wRi//links_sorted.bam
        samtools index -@ 16 /private/groups/russelllab/jodie/merrill_23_wRi_genome/polished_scaffolds/merrill_23_all_basecalled/wRi//links_sorted.bam
        
        pilon --genome /private/groups/russelllab/jodie/merrill_23_wRi_genome/scaffolded/merrill_23_all_basecalled/wRi/links_scaffolded.fasta               --frags /private/groups/russelllab/jodie/merrill_23_wRi_genome/polished_scaffolds/merrill_23_all_basecalled/wRi//links_sorted.bam               --output links_pilon               --outdir /private/groups/russelllab/jodie/merrill_23_wRi_genome/polished_scaffolds/merrill_23_all_basecalled/wRi/               --threads 16               --changes --vcf
              
        # Map reads to TGS scaffolds and polish
        bwa mem -t 16 /private/groups/russelllab/jodie/merrill_23_wRi_genome/scaffolded/merrill_23_all_basecalled/wRi/tgs_scaffolded.fasta /private/groups/russelllab/jodie/merrill_23_wRi_genome/short_reads/trimmed_R1.fastq.gz /private/groups/russelllab/jodie/merrill_23_wRi_genome/short_reads/trimmed_R2.fastq.gz |             samtools sort -@ 16 -o /private/groups/russelllab/jodie/merrill_23_wRi_genome/polished_scaffolds/merrill_23_all_basecalled/wRi//tgs_sorted.bam
        samtools index -@ 16 /private/groups/russelllab/jodie/merrill_23_wRi_genome/polished_scaffolds/merrill_23_all_basecalled/wRi//tgs_sorted.bam
        
        pilon --genome /private/groups/russelllab/jodie/merrill_23_wRi_genome/scaffolded/merrill_23_all_basecalled/wRi/tgs_scaffolded.fasta               --frags /private/groups/russelllab/jodie/merrill_23_wRi_genome/polished_scaffolds/merrill_23_all_basecalled/wRi//tgs_sorted.bam               --output tgs_pilon               --outdir /private/groups/russelllab/jodie/merrill_23_wRi_genome/polished_scaffolds/merrill_23_all_basecalled/wRi/               --threads 16               --changes --vcf
        
        # Rename outputs to match expected paths
        mv /private/groups/russelllab/jodie/merrill_23_wRi_genome/polished_scaffolds/merrill_23_all_basecalled/wRi//links_pilon.fasta /private/groups/russelllab/jodie/merrill_23_wRi_genome/polished_scaffolds/merrill_23_all_basecalled/wRi/links_pilon.fasta
        mv /private/groups/russelllab/jodie/merrill_23_wRi_genome/polished_scaffolds/merrill_23_all_basecalled/wRi//tgs_pilon.fasta /private/groups/russelllab/jodie/merrill_23_wRi_genome/polished_scaffolds/merrill_23_all_basecalled/wRi/tgs_pilon.fasta
        
        (one of the commands exited with non-zero exit code; note that snakemake uses bash strict mode!)
    external_jobid: 6790735

Shutting down, this might take some time.
Exiting because a job execution failed. Look above for error message
Complete log: .snakemake/log/2025-03-07T183306.210315.snakemake.log
WorkflowError:
At least one job did not complete successfully.
