host: emerald.prism
Building DAG of jobs...
SLURM run ID: b48a2e81-7ad1-4bb7-adeb-31e3f574dff7
Using shell: /usr/bin/bash
Provided remote nodes: 10
Job stats:
job                                   count
----------------------------------  -------
BUSCO_polished                            1
BUSCO_raw                                 1
all                                       1
attempt_circularization                   1
close_gaps                                1
polish_nanopore_assembly                  1
polish_scaffolded_with_short_reads        1
scaffold_assembly                         1
total                                     8

Select jobs to execute...
Execute 2 jobs...

[Thu Mar  6 16:00:27 2025]
rule BUSCO_raw:
    input: /private/groups/russelllab/jodie/merrill_23_wRi_genome/flye/merrill_23_all_basecalled/wRi/assembly.fasta
    output: /private/groups/russelllab/jodie/merrill_23_wRi_genome/busco/merrill_23_all_basecalled/raw/wRi/short_summary.specific.fasta
    jobid: 7
    reason: Missing output files: /private/groups/russelllab/jodie/merrill_23_wRi_genome/busco/merrill_23_all_basecalled/raw/wRi/short_summary.specific.fasta
    wildcards: sample=merrill_23_all_basecalled
    threads: 16
    resources: mem_mb=100000, mem_mib=95368, disk_mb=1000, disk_mib=954, tmpdir=<TBD>, slurm_partition=medium, runtime=60

No SLURM account given, trying to guess.
Guessed SLURM account: standard
Job 7 has been submitted with SLURM jobid 6761768 (log: /private/groups/russelllab/jodie/merrill_23_wRi_genome/de_novo_wRi_merrill_23_assembly/scripts/polish/.snakemake/slurm_logs/rule_BUSCO_raw/merrill_23_all_basecalled/6761768.log).

[Thu Mar  6 16:00:27 2025]
rule polish_nanopore_assembly:
    input: /private/groups/russelllab/jodie/merrill_23_wRi_genome/flye/merrill_23_all_basecalled/wRi/assembly.fasta, /private/groups/russelllab/jodie/merrill_23_wRi_genome/nanopore_data/basecalled/merrill_23_all_basecalled.wRi.fastq.gz
    output: /private/groups/russelllab/jodie/merrill_23_wRi_genome/polished/merrill_23_all_basecalled/wRi/polished.fasta
    jobid: 2
    reason: Missing output files: /private/groups/russelllab/jodie/merrill_23_wRi_genome/polished/merrill_23_all_basecalled/wRi/polished.fasta
    wildcards: sample=merrill_23_all_basecalled
    threads: 16
    resources: mem_mb=100000, mem_mib=95368, disk_mb=1000, disk_mib=954, tmpdir=<TBD>, slurm_partition=medium, runtime=360

Job 2 has been submitted with SLURM jobid 6761769 (log: /private/groups/russelllab/jodie/merrill_23_wRi_genome/de_novo_wRi_merrill_23_assembly/scripts/polish/.snakemake/slurm_logs/rule_polish_nanopore_assembly/merrill_23_all_basecalled/6761769.log).
[Thu Mar  6 16:01:07 2025]
Error in rule BUSCO_raw:
    message: SLURM-job '6761768' failed, SLURM status is: 'FAILED'. For further error details see the cluster/cloud log and the log files of the involved rule(s).
    jobid: 7
    input: /private/groups/russelllab/jodie/merrill_23_wRi_genome/flye/merrill_23_all_basecalled/wRi/assembly.fasta
    output: /private/groups/russelllab/jodie/merrill_23_wRi_genome/busco/merrill_23_all_basecalled/raw/wRi/short_summary.specific.fasta
    log: /private/groups/russelllab/jodie/merrill_23_wRi_genome/de_novo_wRi_merrill_23_assembly/scripts/polish/.snakemake/slurm_logs/rule_BUSCO_raw/merrill_23_all_basecalled/6761768.log (check log file(s) for error details)
    shell:
         
            mkdir -p /private/groups/russelllab/jodie/merrill_23_wRi_genome/busco/merrill_23_all_basecalled/raw/wRi/
            busco -i /private/groups/russelllab/jodie/merrill_23_wRi_genome/flye/merrill_23_all_basecalled/wRi/assembly.fasta -o /private/groups/russelllab/jodie/merrill_23_wRi_genome/busco/merrill_23_all_basecalled/raw/wRi/ -l rickettsiales_odb10 -m genome --cpu 16
        
        (one of the commands exited with non-zero exit code; note that snakemake uses bash strict mode!)
    external_jobid: 6761768

[Thu Mar  6 16:11:59 2025]
Finished job 2.
1 of 8 steps (12%) done
Shutting down, this might take some time.
Exiting because a job execution failed. Look above for error message
Complete log: .snakemake/log/2025-03-06T160026.188560.snakemake.log
WorkflowError:
At least one job did not complete successfully.
