host: emerald.prism
Building DAG of jobs...
SLURM run ID: 569faff9-822b-478f-92a8-f6c0a380e4f8
Using shell: /usr/bin/bash
Provided remote nodes: 10
Conda environments: ignored
Job stats:
job                          count
-------------------------  -------
BUSCO_polished                   3
all                              1
circularize_merged               1
merge_assemblies                 1
polish_merged_short_reads        1
polish_nanopore_assembly         3
total                           10

Select jobs to execute...
Execute 3 jobs...

[Mon Mar 10 15:06:37 2025]
rule polish_nanopore_assembly:
    input: /private/groups/russelllab/jodie/merrill_23_wRi_genome/anne_assembly/consensus_assembly.fasta, /private/groups/russelllab/jodie/merrill_23_wRi_genome/nanopore_data/basecalled/merrill_23_all_basecalled.wRi.fastq.gz
    output: /private/groups/russelllab/jodie/merrill_23_wRi_genome/polished/assembly_AN/wRi/polished.fasta
    jobid: 1
    reason: Missing output files: /private/groups/russelllab/jodie/merrill_23_wRi_genome/polished/assembly_AN/wRi/polished.fasta
    wildcards: assembly_name=assembly_AN
    threads: 16
    resources: mem_mb=100000, mem_mib=95368, disk_mb=1000, disk_mib=954, tmpdir=<TBD>, slurm_partition=medium, runtime=360

No SLURM account given, trying to guess.
Guessed SLURM account: standard
Job 1 has been submitted with SLURM jobid 6863409 (log: /private/groups/russelllab/jodie/merrill_23_wRi_genome/de_novo_wRi_merrill_23_assembly/scripts/polish/.snakemake/slurm_logs/rule_polish_nanopore_assembly/assembly_AN/6863409.log).

[Mon Mar 10 15:06:38 2025]
rule polish_nanopore_assembly:
    input: /private/groups/russelllab/jodie/merrill_23_wRi_genome/de_novo_wRi_merrill_23_assembly/assembly/flye/longest_contigs_bridge.fasta, /private/groups/russelllab/jodie/merrill_23_wRi_genome/nanopore_data/basecalled/merrill_23_all_basecalled.wRi.fastq.gz
    output: /private/groups/russelllab/jodie/merrill_23_wRi_genome/polished/longest_contigs_bridge/wRi/polished.fasta
    jobid: 3
    reason: Missing output files: /private/groups/russelllab/jodie/merrill_23_wRi_genome/polished/longest_contigs_bridge/wRi/polished.fasta
    wildcards: assembly_name=longest_contigs_bridge
    threads: 16
    resources: mem_mb=100000, mem_mib=95368, disk_mb=1000, disk_mib=954, tmpdir=<TBD>, slurm_partition=medium, runtime=360

Job 3 has been submitted with SLURM jobid 6863410 (log: /private/groups/russelllab/jodie/merrill_23_wRi_genome/de_novo_wRi_merrill_23_assembly/scripts/polish/.snakemake/slurm_logs/rule_polish_nanopore_assembly/longest_contigs_bridge/6863410.log).

[Mon Mar 10 15:06:38 2025]
rule polish_nanopore_assembly:
    input: /private/groups/russelllab/jodie/merrill_23_wRi_genome/flye/merrill_23_all_basecalled/wRi/assembly.fasta, /private/groups/russelllab/jodie/merrill_23_wRi_genome/nanopore_data/basecalled/merrill_23_all_basecalled.wRi.fastq.gz
    output: /private/groups/russelllab/jodie/merrill_23_wRi_genome/polished/assembly_JJ/wRi/polished.fasta
    jobid: 2
    reason: Missing output files: /private/groups/russelllab/jodie/merrill_23_wRi_genome/polished/assembly_JJ/wRi/polished.fasta
    wildcards: assembly_name=assembly_JJ
    threads: 16
    resources: mem_mb=100000, mem_mib=95368, disk_mb=1000, disk_mib=954, tmpdir=<TBD>, slurm_partition=medium, runtime=360

Job 2 has been submitted with SLURM jobid 6863411 (log: /private/groups/russelllab/jodie/merrill_23_wRi_genome/de_novo_wRi_merrill_23_assembly/scripts/polish/.snakemake/slurm_logs/rule_polish_nanopore_assembly/assembly_JJ/6863411.log).
Terminating processes on user request, this might take some time.
