host: emerald.prism
Building DAG of jobs...
SLURM run ID: 90f41dd0-99d2-49cf-ba3b-f8f3c2522b0c
Using shell: /usr/bin/bash
Provided remote nodes: 10
Job stats:
job                                   count
----------------------------------  -------
BUSCO_polished                            1
BUSCO_raw                                 1
all                                       1
attempt_circularization                   1
bam2fastq_illumina                        1
close_gaps                                1
polish_scaffolded_with_short_reads        1
separate_bam_illumina                     1
total                                     8

Select jobs to execute...
Execute 3 jobs...

[Fri Mar  7 21:00:48 2025]
rule BUSCO_raw:
    input: /private/groups/russelllab/jodie/merrill_23_wRi_genome/flye/merrill_23_all_basecalled/wRi/assembly.fasta
    output: busco/merrill_23_all_basecalled/raw/wRi/short_summary.specific.fasta
    jobid: 7
    reason: Missing output files: busco/merrill_23_all_basecalled/raw/wRi/short_summary.specific.fasta
    wildcards: sample=merrill_23_all_basecalled
    threads: 16
    resources: mem_mb=100000, mem_mib=95368, disk_mb=1000, disk_mib=954, tmpdir=<TBD>, slurm_partition=medium, runtime=60

No SLURM account given, trying to guess.
Guessed SLURM account: standard
Job 7 has been submitted with SLURM jobid 6792967 (log: /private/groups/russelllab/jodie/merrill_23_wRi_genome/de_novo_wRi_merrill_23_assembly/scripts/polish/.snakemake/slurm_logs/rule_BUSCO_raw/merrill_23_all_basecalled/6792967.log).

[Fri Mar  7 21:00:51 2025]
rule BUSCO_polished:
    input: /private/groups/russelllab/jodie/merrill_23_wRi_genome/polished/merrill_23_all_basecalled/wRi/polished.fasta
    output: busco/merrill_23_all_basecalled/polished/wRi/short_summary.specific.fasta
    jobid: 1
    reason: Missing output files: busco/merrill_23_all_basecalled/polished/wRi/short_summary.specific.fasta
    wildcards: sample=merrill_23_all_basecalled
    threads: 16
    resources: mem_mb=100000, mem_mib=95368, disk_mb=1000, disk_mib=954, tmpdir=<TBD>, slurm_partition=medium, runtime=60

Job 1 has been submitted with SLURM jobid 6792968 (log: /private/groups/russelllab/jodie/merrill_23_wRi_genome/de_novo_wRi_merrill_23_assembly/scripts/polish/.snakemake/slurm_logs/rule_BUSCO_polished/merrill_23_all_basecalled/6792968.log).

[Fri Mar  7 21:00:51 2025]
rule separate_bam_illumina:
    input: /private/groups/russelllab/jodie/merrill_23_wRi_genome/short_reads/aligned_to_dsim.bam
    output: /private/groups/russelllab/jodie/merrill_23_wRi_genome/short_reads/dsim.bam, /private/groups/russelllab/jodie/merrill_23_wRi_genome/short_reads/wRi.bam
    jobid: 13
    reason: Missing output files: /private/groups/russelllab/jodie/merrill_23_wRi_genome/short_reads/wRi.bam
    threads: 8
    resources: mem_mb=100000, mem_mib=95368, disk_mb=5148, disk_mib=4910, tmpdir=<TBD>, slurm_partition=medium, runtime=200

Job 13 has been submitted with SLURM jobid 6792969 (log: /private/groups/russelllab/jodie/merrill_23_wRi_genome/de_novo_wRi_merrill_23_assembly/scripts/polish/.snakemake/slurm_logs/rule_separate_bam_illumina/6792969.log).
[Fri Mar  7 21:01:29 2025]
Error in rule BUSCO_raw:
    message: SLURM-job '6792967' failed, SLURM status is: 'FAILED'. For further error details see the cluster/cloud log and the log files of the involved rule(s).
    jobid: 7
    input: /private/groups/russelllab/jodie/merrill_23_wRi_genome/flye/merrill_23_all_basecalled/wRi/assembly.fasta
    output: busco/merrill_23_all_basecalled/raw/wRi/short_summary.specific.fasta
    log: /private/groups/russelllab/jodie/merrill_23_wRi_genome/de_novo_wRi_merrill_23_assembly/scripts/polish/.snakemake/slurm_logs/rule_BUSCO_raw/merrill_23_all_basecalled/6792967.log (check log file(s) for error details)
    conda-env: medaka
    shell:
         
            mkdir -p busco/merrill_23_all_basecalled/raw/wRi/
            busco -i /private/groups/russelllab/jodie/merrill_23_wRi_genome/flye/merrill_23_all_basecalled/wRi/assembly.fasta -o busco/merrill_23_all_basecalled/raw/wRi/ -l rickettsiales_odb10 -m genome --cpu 16
        
        (one of the commands exited with non-zero exit code; note that snakemake uses bash strict mode!)
    external_jobid: 6792967

[Fri Mar  7 21:01:29 2025]
Error in rule BUSCO_polished:
    message: SLURM-job '6792968' failed, SLURM status is: 'FAILED'. For further error details see the cluster/cloud log and the log files of the involved rule(s).
    jobid: 1
    input: /private/groups/russelllab/jodie/merrill_23_wRi_genome/polished/merrill_23_all_basecalled/wRi/polished.fasta
    output: busco/merrill_23_all_basecalled/polished/wRi/short_summary.specific.fasta
    log: /private/groups/russelllab/jodie/merrill_23_wRi_genome/de_novo_wRi_merrill_23_assembly/scripts/polish/.snakemake/slurm_logs/rule_BUSCO_polished/merrill_23_all_basecalled/6792968.log (check log file(s) for error details)
    conda-env: busco
    shell:
         
            mkdir -p busco/merrill_23_all_basecalled/polished/wRi/
            busco -i /private/groups/russelllab/jodie/merrill_23_wRi_genome/polished/merrill_23_all_basecalled/wRi/polished.fasta -o busco/merrill_23_all_basecalled/polished/wRi/ -l rickettsiales_odb10 -m genome --cpu 16
        
        (one of the commands exited with non-zero exit code; note that snakemake uses bash strict mode!)
    external_jobid: 6792968

[Fri Mar  7 21:02:19 2025]
Finished job 13.
1 of 8 steps (12%) done
Shutting down, this might take some time.
Exiting because a job execution failed. Look above for error message
Complete log: .snakemake/log/2025-03-07T210046.667853.snakemake.log
WorkflowError:
At least one job did not complete successfully.
