#                                                                                           --- full sequence --- -------------- this domain -------------   hmm coord   ali coord   env coord
# target name                       accession   tlen query name           accession   qlen   E-value  score  bias   #  of  c-Evalue  i-Evalue  score  bias  from    to  from    to  from    to  acc description of target
#               ------------------- ---------- ----- -------------------- ---------- ----- --------- ------ ----- --- --- --------- --------- ------ ----- ----- ----- ----- ----- ----- ----- ---- ---------------------
contig_1165_pilon:192412-194865|+   -            818 119at766             -            681         0 1112.8  16.4   1   2   5.5e-26   7.6e-24   79.8   0.2     1    75    14   101    14   125 0.84 contig_1165_pilon_185 # 192412 # 194865 # 1 # ID=1_185;partial=00;start_type=ATG;rbs_motif=GGAG/GAGG;rbs_spacer=5-10bp;gc_cont=0.363
contig_1165_pilon:192412-194865|+   -            818 119at766             -            681         0 1112.8  16.4   2   2         0         0 1036.4  11.0    73   681   134   782   124   782 0.95 contig_1165_pilon_185 # 192412 # 194865 # 1 # ID=1_185;partial=00;start_type=ATG;rbs_motif=GGAG/GAGG;rbs_spacer=5-10bp;gc_cont=0.363
contig_1165_pilon:571388-573694|-   -            769 119at766             -            681   2.8e-10   34.9   0.4   1   3      0.05       6.9    0.6   0.0   273   288   235   250   220   261 0.86 contig_1165_pilon_557 # 571388 # 573694 # -1 # ID=1_557;partial=00;start_type=ATG;rbs_motif=GGA/GAG/AGG;rbs_spacer=5-10bp;gc_cont=0.340
contig_1165_pilon:571388-573694|-   -            769 119at766             -            681   2.8e-10   34.9   0.4   2   3     2e-12   2.8e-10   34.9   0.4   208   393   444   627   353   634 0.73 contig_1165_pilon_557 # 571388 # 573694 # -1 # ID=1_557;partial=00;start_type=ATG;rbs_motif=GGA/GAG/AGG;rbs_spacer=5-10bp;gc_cont=0.340
contig_1165_pilon:571388-573694|-   -            769 119at766             -            681   2.8e-10   34.9   0.4   3   3     0.033       4.5    1.2   1.7   399   486   660   748   651   767 0.62 contig_1165_pilon_557 # 571388 # 573694 # -1 # ID=1_557;partial=00;start_type=ATG;rbs_motif=GGA/GAG/AGG;rbs_spacer=5-10bp;gc_cont=0.340
contig_1165_pilon:898468-899811|-   -            448 119at766             -            681   4.6e-07   24.3   1.1   1   2      0.27        38   -1.9   0.1   270   291    83   104    78   109 0.77 contig_1165_pilon_889 # 898468 # 899811 # -1 # ID=1_889;partial=00;start_type=ATG;rbs_motif=None;rbs_spacer=None;gc_cont=0.379
contig_1165_pilon:898468-899811|-   -            448 119at766             -            681   4.6e-07   24.3   1.1   2   2   6.2e-09   8.5e-07   23.4   0.1   562   654   335   426   326   443 0.87 contig_1165_pilon_889 # 898468 # 899811 # -1 # ID=1_889;partial=00;start_type=ATG;rbs_motif=None;rbs_spacer=None;gc_cont=0.379
contig_1165_pilon:557031-558869|+   -            613 119at766             -            681   1.1e-05   19.7   0.4   1   2   2.3e-07   3.2e-05   18.2   0.0   232   300   145   219   134   265 0.66 contig_1165_pilon_542 # 557031 # 558869 # 1 # ID=1_542;partial=00;start_type=ATG;rbs_motif=None;rbs_spacer=None;gc_cont=0.372
contig_1165_pilon:557031-558869|+   -            613 119at766             -            681   1.1e-05   19.7   0.4   2   2      0.21        29   -1.5   0.1   232   257   552   577   528   587 0.82 contig_1165_pilon_542 # 557031 # 558869 # 1 # ID=1_542;partial=00;start_type=ATG;rbs_motif=None;rbs_spacer=None;gc_cont=0.372
contig_1165_pilon:1056845-1058353|- -            503 119at766             -            681   1.9e-05   18.9   1.5   1   2   8.8e-06    0.0012   13.0   0.3   569   651    59   142    41   166 0.81 contig_1165_pilon_1038 # 1056845 # 1058353 # -1 # ID=1_1038;partial=00;start_type=ATG;rbs_motif=None;rbs_spacer=None;gc_cont=0.386
contig_1165_pilon:1056845-1058353|- -            503 119at766             -            681   1.9e-05   18.9   1.5   2   2    0.0027      0.38    4.8   0.0   267   287   211   231   192   235 0.76 contig_1165_pilon_1038 # 1056845 # 1058353 # -1 # ID=1_1038;partial=00;start_type=ATG;rbs_motif=None;rbs_spacer=None;gc_cont=0.386
contig_1165_pilon:855096-855791|-   -            232 119at766             -            681   0.00029   15.0   0.1   1   2   3.8e-06   0.00053   14.2   0.0   266   290    32    56     3    64 0.89 contig_1165_pilon_841 # 855096 # 855791 # -1 # ID=1_841;partial=00;start_type=TTG;rbs_motif=None;rbs_spacer=None;gc_cont=0.326
contig_1165_pilon:855096-855791|-   -            232 119at766             -            681   0.00029   15.0   0.1   2   2      0.76   1.1e+02   -3.3   0.1   103   129    95   121    91   134 0.62 contig_1165_pilon_841 # 855096 # 855791 # -1 # ID=1_841;partial=00;start_type=TTG;rbs_motif=None;rbs_spacer=None;gc_cont=0.326
contig_1165_pilon:191119-192396|+   -            426 119at766             -            681   0.00042   14.5   0.0   1   1   4.2e-06   0.00059   14.0   0.0   266   351   113   196    32   253 0.83 contig_1165_pilon_184 # 191119 # 192396 # 1 # ID=1_184;partial=00;start_type=ATG;rbs_motif=GGA/GAG/AGG;rbs_spacer=5-10bp;gc_cont=0.367
contig_1165_pilon:38096-39193|-     -            366 119at766             -            681   0.00063   13.9   0.1   1   2   9.1e-06    0.0013   12.9   0.0   262   349   130   207   116   218 0.74 contig_1165_pilon_35 # 38096 # 39193 # -1 # ID=1_35;partial=00;start_type=ATG;rbs_motif=GGA/GAG/AGG;rbs_spacer=5-10bp;gc_cont=0.360
contig_1165_pilon:38096-39193|-     -            366 119at766             -            681   0.00063   13.9   0.1   2   2      0.92   1.3e+02   -3.6   0.0   165   192   300   327   288   343 0.75 contig_1165_pilon_35 # 38096 # 39193 # -1 # ID=1_35;partial=00;start_type=ATG;rbs_motif=GGA/GAG/AGG;rbs_spacer=5-10bp;gc_cont=0.360
contig_1165_pilon:1184389-1185210|+ -            274 119at766             -            681    0.0044   11.1   0.0   1   1   4.5e-05    0.0062   10.6   0.0   260   292     7    39     1    54 0.85 contig_1165_pilon_1168 # 1184389 # 1185210 # 1 # ID=1_1168;partial=00;start_type=ATG;rbs_motif=GGA/GAG/AGG;rbs_spacer=5-10bp;gc_cont=0.388
#
# Program:         hmmsearch
# Version:         3.4 (Aug 2023)
# Pipeline mode:   SEARCH
# Query file:      /private/groups/russelllab/jodie/Jacobs_et_al_2026_de_novo_wRi_merrill_23_assembly/busco_downloads/lineages/rickettsiales_odb10/hmms/119at766.hmm
# Target file:     private/groups/russelllab/jodie/Jacobs_et_al_2026_de_novo_wRi_merrill_23_assembly/busco/20250828_Nanopore/wRi/polished/prodigal_output/predicted_genes/predicted.faa
# Option settings: hmmsearch --domtblout private/groups/russelllab/jodie/Jacobs_et_al_2026_de_novo_wRi_merrill_23_assembly/busco/20250828_Nanopore/wRi/polished/run_rickettsiales_odb10/hmmer_output/119at766.out --cpu 1 /private/groups/russelllab/jodie/Jacobs_et_al_2026_de_novo_wRi_merrill_23_assembly/busco_downloads/lineages/rickettsiales_odb10/hmms/119at766.hmm private/groups/russelllab/jodie/Jacobs_et_al_2026_de_novo_wRi_merrill_23_assembly/busco/20250828_Nanopore/wRi/polished/prodigal_output/predicted_genes/predicted.faa 
# Current dir:     /private/groups/russelllab/jodie/Jacobs_et_al_2026_de_novo_wRi_merrill_23_assembly
# Date:            Fri Aug 29 11:49:10 2025
# [ok]
