#                                                                                           --- full sequence --- -------------- this domain -------------   hmm coord   ali coord   env coord
# target name                       accession   tlen query name           accession   qlen   E-value  score  bias   #  of  c-Evalue  i-Evalue  score  bias  from    to  from    to  from    to  acc description of target
#               ------------------- ---------- ----- -------------------- ---------- ----- --------- ------ ----- --- --- --------- --------- ------ ----- ----- ----- ----- ----- ----- ----- ---- ---------------------
contig_1165_pilon:328609-329757|+   -            383 1297at766            -            320  1.4e-108  359.0   3.1   1   1  1.6e-108  4.8e-106  350.6   3.1     1   320     3   380     3   380 0.85 contig_1165_pilon_321 # 328609 # 329757 # 1 # ID=1_321;partial=00;start_type=ATG;rbs_motif=None;rbs_spacer=None;gc_cont=0.347
contig_1165_pilon:184323-185696|+   -            458 1297at766            -            320   3.1e-06   22.7   2.8   1   2   1.6e-05    0.0049   12.2   0.0     1    34     4    37     4    90 0.88 contig_1165_pilon_176 # 184323 # 185696 # 1 # ID=1_176;partial=00;start_type=ATG;rbs_motif=None;rbs_spacer=None;gc_cont=0.370
contig_1165_pilon:184323-185696|+   -            458 1297at766            -            320   3.1e-06   22.7   2.8   2   2   8.6e-05     0.027    9.8   1.0     3    62   175   234   173   284 0.76 contig_1165_pilon_176 # 184323 # 185696 # 1 # ID=1_176;partial=00;start_type=ATG;rbs_motif=None;rbs_spacer=None;gc_cont=0.370
contig_1165_pilon:1028420-1029790|- -            457 1297at766            -            320    0.0011   14.4   1.4   1   2   2.1e-05    0.0065   11.8   0.1     1    52     4    55     4   145 0.63 contig_1165_pilon_1010 # 1028420 # 1029790 # -1 # ID=1_1010;partial=00;start_type=ATG;rbs_motif=GGA/GAG/AGG;rbs_spacer=5-10bp;gc_cont=0.392
contig_1165_pilon:1028420-1029790|- -            457 1297at766            -            320    0.0011   14.4   1.4   2   2     0.027       8.5    1.5   0.1     3    56   173   226   171   263 0.79 contig_1165_pilon_1010 # 1028420 # 1029790 # -1 # ID=1_1010;partial=00;start_type=ATG;rbs_motif=GGA/GAG/AGG;rbs_spacer=5-10bp;gc_cont=0.392
contig_1165_pilon:224607-225197|-   -            197 1297at766            -            320    0.0045   12.3   0.7   1   2      0.34   1.1e+02   -2.1   0.0    57    80    16    41     4    43 0.70 contig_1165_pilon_211 # 224607 # 225197 # -1 # ID=1_211;partial=00;start_type=ATG;rbs_motif=GGAG/GAGG;rbs_spacer=5-10bp;gc_cont=0.372
contig_1165_pilon:224607-225197|-   -            197 1297at766            -            320    0.0045   12.3   0.7   2   2   2.3e-05     0.007   11.7   0.1    42   108    95   162    80   185 0.81 contig_1165_pilon_211 # 224607 # 225197 # -1 # ID=1_211;partial=00;start_type=ATG;rbs_motif=GGAG/GAGG;rbs_spacer=5-10bp;gc_cont=0.372
#
# Program:         hmmsearch
# Version:         3.4 (Aug 2023)
# Pipeline mode:   SEARCH
# Query file:      /private/groups/russelllab/jodie/Jacobs_et_al_2026_de_novo_wRi_merrill_23_assembly/busco_downloads/lineages/rickettsiales_odb10/hmms/1297at766.hmm
# Target file:     private/groups/russelllab/jodie/Jacobs_et_al_2026_de_novo_wRi_merrill_23_assembly/busco/20250828_Nanopore/wRi/polished/prodigal_output/predicted_genes/predicted.faa
# Option settings: hmmsearch --domtblout private/groups/russelllab/jodie/Jacobs_et_al_2026_de_novo_wRi_merrill_23_assembly/busco/20250828_Nanopore/wRi/polished/run_rickettsiales_odb10/hmmer_output/1297at766.out --cpu 1 /private/groups/russelllab/jodie/Jacobs_et_al_2026_de_novo_wRi_merrill_23_assembly/busco_downloads/lineages/rickettsiales_odb10/hmms/1297at766.hmm private/groups/russelllab/jodie/Jacobs_et_al_2026_de_novo_wRi_merrill_23_assembly/busco/20250828_Nanopore/wRi/polished/prodigal_output/predicted_genes/predicted.faa 
# Current dir:     /private/groups/russelllab/jodie/Jacobs_et_al_2026_de_novo_wRi_merrill_23_assembly
# Date:            Fri Aug 29 11:49:10 2025
# [ok]
