#                                                                                           --- full sequence --- -------------- this domain -------------   hmm coord   ali coord   env coord
# target name                       accession   tlen query name           accession   qlen   E-value  score  bias   #  of  c-Evalue  i-Evalue  score  bias  from    to  from    to  from    to  acc description of target
#               ------------------- ---------- ----- -------------------- ---------- ----- --------- ------ ----- --- --- --------- --------- ------ ----- ----- ----- ----- ----- ----- ----- ---- ---------------------
contig_1165_pilon:688889-689869|+   -            327 1379at766            -            278  4.2e-134  442.3   0.9   1   1  6.3e-136  8.8e-134  441.3   0.9     2   277    15   321    14   322 0.90 contig_1165_pilon_673 # 688889 # 689869 # 1 # ID=1_673;partial=00;start_type=ATG;rbs_motif=None;rbs_spacer=None;gc_cont=0.387
contig_1165_pilon:38096-39193|-     -            366 1379at766            -            278   3.4e-09   32.6   0.0   1   1     4e-11   5.5e-09   31.9   0.0     5    97   105   206   102   251 0.78 contig_1165_pilon_35 # 38096 # 39193 # -1 # ID=1_35;partial=00;start_type=ATG;rbs_motif=GGA/GAG/AGG;rbs_spacer=5-10bp;gc_cont=0.360
contig_1165_pilon:733704-735305|-   -            534 1379at766            -            278   1.6e-06   23.8   0.5   1   1   5.9e-08   8.2e-06   21.5   0.5     7   235     8   254     2   295 0.66 contig_1165_pilon_719 # 733704 # 735305 # -1 # ID=1_719;partial=00;start_type=ATG;rbs_motif=None;rbs_spacer=None;gc_cont=0.345
contig_1165_pilon:571388-573694|-   -            769 1379at766            -            278   6.5e-06   21.8   2.2   1   2    0.0031      0.44    6.0   0.2    35    80   232   278   202   317 0.64 contig_1165_pilon_557 # 571388 # 573694 # -1 # ID=1_557;partial=00;start_type=ATG;rbs_motif=GGA/GAG/AGG;rbs_spacer=5-10bp;gc_cont=0.340
contig_1165_pilon:571388-573694|-   -            769 1379at766            -            278   6.5e-06   21.8   2.2   2   2   5.5e-05    0.0077   11.7   0.1    29    61   504   536   467   611 0.73 contig_1165_pilon_557 # 571388 # 573694 # -1 # ID=1_557;partial=00;start_type=ATG;rbs_motif=GGA/GAG/AGG;rbs_spacer=5-10bp;gc_cont=0.340
contig_1165_pilon:191119-192396|+   -            426 1379at766            -            278   8.1e-05   18.2   0.0   1   1   1.5e-06    0.0002   16.9   0.0    35   101   117   197    99   205 0.79 contig_1165_pilon_184 # 191119 # 192396 # 1 # ID=1_184;partial=00;start_type=ATG;rbs_motif=GGA/GAG/AGG;rbs_spacer=5-10bp;gc_cont=0.367
contig_1165_pilon:557031-558869|+   -            613 1379at766            -            278   0.00039   16.0   0.0   1   2   2.1e-05     0.003   13.1   0.0    36    70   190   224   185   262 0.67 contig_1165_pilon_542 # 557031 # 558869 # 1 # ID=1_542;partial=00;start_type=ATG;rbs_motif=None;rbs_spacer=None;gc_cont=0.372
contig_1165_pilon:557031-558869|+   -            613 1379at766            -            278   0.00039   16.0   0.0   2   2      0.24        33   -0.2   0.0   135   194   295   357   290   378 0.81 contig_1165_pilon_542 # 557031 # 558869 # 1 # ID=1_542;partial=00;start_type=ATG;rbs_motif=None;rbs_spacer=None;gc_cont=0.372
contig_1165_pilon:281437-283998|+   -            854 1379at766            -            278   0.00054   15.5   0.1   1   2     0.007      0.97    4.8   0.2     4    60   173   228   170   288 0.54 contig_1165_pilon_276 # 281437 # 283998 # 1 # ID=1_276;partial=00;start_type=ATG;rbs_motif=None;rbs_spacer=None;gc_cont=0.377
contig_1165_pilon:281437-283998|+   -            854 1379at766            -            278   0.00054   15.5   0.1   2   2    0.0027      0.38    6.2   0.0    30    55   594   619   580   626 0.84 contig_1165_pilon_276 # 281437 # 283998 # 1 # ID=1_276;partial=00;start_type=ATG;rbs_motif=None;rbs_spacer=None;gc_cont=0.377
contig_1165_pilon:192412-194865|+   -            818 1379at766            -            278   0.00081   14.9   0.0   1   2   5.8e-05     0.008   11.7   0.0    36    62   364   390   340   401 0.75 contig_1165_pilon_185 # 192412 # 194865 # 1 # ID=1_185;partial=00;start_type=ATG;rbs_motif=GGAG/GAGG;rbs_spacer=5-10bp;gc_cont=0.363
contig_1165_pilon:192412-194865|+   -            818 1379at766            -            278   0.00081   14.9   0.0   2   2      0.19        26    0.2   0.0   129   171   474   514   469   526 0.74 contig_1165_pilon_185 # 192412 # 194865 # 1 # ID=1_185;partial=00;start_type=ATG;rbs_motif=GGAG/GAGG;rbs_spacer=5-10bp;gc_cont=0.363
contig_1165_pilon:1056845-1058353|- -            503 1379at766            -            278    0.0015   14.1   0.0   1   2   0.00022     0.031    9.8   0.0     2    51   184   230   183   236 0.79 contig_1165_pilon_1038 # 1056845 # 1058353 # -1 # ID=1_1038;partial=00;start_type=ATG;rbs_motif=None;rbs_spacer=None;gc_cont=0.386
contig_1165_pilon:1056845-1058353|- -            503 1379at766            -            278    0.0015   14.1   0.0   2   2     0.082        11    1.3   0.0    81   115   292   326   263   358 0.82 contig_1165_pilon_1038 # 1056845 # 1058353 # -1 # ID=1_1038;partial=00;start_type=ATG;rbs_motif=None;rbs_spacer=None;gc_cont=0.386
#
# Program:         hmmsearch
# Version:         3.4 (Aug 2023)
# Pipeline mode:   SEARCH
# Query file:      /private/groups/russelllab/jodie/Jacobs_et_al_2026_de_novo_wRi_merrill_23_assembly/busco_downloads/lineages/rickettsiales_odb10/hmms/1379at766.hmm
# Target file:     private/groups/russelllab/jodie/Jacobs_et_al_2026_de_novo_wRi_merrill_23_assembly/busco/20250828_Nanopore/wRi/polished/prodigal_output/predicted_genes/predicted.faa
# Option settings: hmmsearch --domtblout private/groups/russelllab/jodie/Jacobs_et_al_2026_de_novo_wRi_merrill_23_assembly/busco/20250828_Nanopore/wRi/polished/run_rickettsiales_odb10/hmmer_output/1379at766.out --cpu 1 /private/groups/russelllab/jodie/Jacobs_et_al_2026_de_novo_wRi_merrill_23_assembly/busco_downloads/lineages/rickettsiales_odb10/hmms/1379at766.hmm private/groups/russelllab/jodie/Jacobs_et_al_2026_de_novo_wRi_merrill_23_assembly/busco/20250828_Nanopore/wRi/polished/prodigal_output/predicted_genes/predicted.faa 
# Current dir:     /private/groups/russelllab/jodie/Jacobs_et_al_2026_de_novo_wRi_merrill_23_assembly
# Date:            Fri Aug 29 11:49:10 2025
# [ok]
