#                                                                                         --- full sequence --- -------------- this domain -------------   hmm coord   ali coord   env coord
# target name                     accession   tlen query name           accession   qlen   E-value  score  bias   #  of  c-Evalue  i-Evalue  score  bias  from    to  from    to  from    to  acc description of target
#             ------------------- ---------- ----- -------------------- ---------- ----- --------- ------ ----- --- --- --------- --------- ------ ----- ----- ----- ----- ----- ----- ----- ---- ---------------------
contig_1165_pilon:694022-695488|- -            489 1476at766            -            429  4.2e-146  483.4  54.8   1   1  5.7e-148  1.2e-145  481.9  54.8     5   425     2   487     1   488 0.87 contig_1165_pilon_678 # 694022 # 695488 # -1 # ID=1_678;partial=00;start_type=ATG;rbs_motif=None;rbs_spacer=None;gc_cont=0.344
contig_1165_pilon:824488-825852|- -            455 1476at766            -            429   1.2e-33  112.9  54.3   1   1   1.9e-35   3.9e-33  111.2  54.3    15   408    13   437     2   453 0.69 contig_1165_pilon_806 # 824488 # 825852 # -1 # ID=1_806;partial=00;start_type=ATG;rbs_motif=None;rbs_spacer=None;gc_cont=0.347
contig_1165_pilon:827295-829151|- -            619 1476at766            -            429   5.4e-29   97.5  41.9   1   1   5.4e-31   1.1e-28   96.5  41.9     9   421     7   478     1   486 0.78 contig_1165_pilon_808 # 827295 # 829151 # -1 # ID=1_808;partial=00;start_type=ATG;rbs_motif=None;rbs_spacer=None;gc_cont=0.349
contig_1165_pilon:825849-827291|- -            481 1476at766            -            429   1.4e-28   96.2  52.1   1   1   1.9e-30     4e-28   94.7  52.1    11   415     7   460     1   474 0.75 contig_1165_pilon_807 # 825849 # 827291 # -1 # ID=1_807;partial=00;start_type=GTG;rbs_motif=None;rbs_spacer=None;gc_cont=0.351
contig_1165_pilon:971002-972510|- -            503 1476at766            -            429   8.2e-27   90.3  57.5   1   1   1.3e-28   2.6e-26   88.7  57.5     4   385    20   461    17   502 0.76 contig_1165_pilon_956 # 971002 # 972510 # -1 # ID=1_956;partial=00;start_type=ATG;rbs_motif=None;rbs_spacer=None;gc_cont=0.343
contig_1165_pilon:716304-717863|+ -            520 1476at766            -            429   3.8e-16   55.2  21.1   1   3       1.6   3.3e+02   -3.9   9.8    71   141    40   109     6   132 0.75 contig_1165_pilon_702 # 716304 # 717863 # 1 # ID=1_702;partial=00;start_type=GTG;rbs_motif=None;rbs_spacer=None;gc_cont=0.332
contig_1165_pilon:716304-717863|+ -            520 1476at766            -            429   3.8e-16   55.2  21.1   2   3   1.8e-18   3.8e-16   55.2  21.1   195   362   138   326   125   396 0.82 contig_1165_pilon_702 # 716304 # 717863 # 1 # ID=1_702;partial=00;start_type=GTG;rbs_motif=None;rbs_spacer=None;gc_cont=0.332
contig_1165_pilon:716304-717863|+ -            520 1476at766            -            429   3.8e-16   55.2  21.1   3   3     0.007       1.4    3.9   2.2   241   302   450   511   445   518 0.86 contig_1165_pilon_702 # 716304 # 717863 # 1 # ID=1_702;partial=00;start_type=GTG;rbs_motif=None;rbs_spacer=None;gc_cont=0.332
#
# Program:         hmmsearch
# Version:         3.4 (Aug 2023)
# Pipeline mode:   SEARCH
# Query file:      /private/groups/russelllab/jodie/Jacobs_et_al_2026_de_novo_wRi_merrill_23_assembly/busco_downloads/lineages/rickettsiales_odb10/hmms/1476at766.hmm
# Target file:     private/groups/russelllab/jodie/Jacobs_et_al_2026_de_novo_wRi_merrill_23_assembly/busco/20250828_Nanopore/wRi/polished/prodigal_output/predicted_genes/predicted.faa
# Option settings: hmmsearch --domtblout private/groups/russelllab/jodie/Jacobs_et_al_2026_de_novo_wRi_merrill_23_assembly/busco/20250828_Nanopore/wRi/polished/run_rickettsiales_odb10/hmmer_output/1476at766.out --cpu 1 /private/groups/russelllab/jodie/Jacobs_et_al_2026_de_novo_wRi_merrill_23_assembly/busco_downloads/lineages/rickettsiales_odb10/hmms/1476at766.hmm private/groups/russelllab/jodie/Jacobs_et_al_2026_de_novo_wRi_merrill_23_assembly/busco/20250828_Nanopore/wRi/polished/prodigal_output/predicted_genes/predicted.faa 
# Current dir:     /private/groups/russelllab/jodie/Jacobs_et_al_2026_de_novo_wRi_merrill_23_assembly
# Date:            Fri Aug 29 11:49:10 2025
# [ok]
