#                                                                                           --- full sequence --- -------------- this domain -------------   hmm coord   ali coord   env coord
# target name                       accession   tlen query name           accession   qlen   E-value  score  bias   #  of  c-Evalue  i-Evalue  score  bias  from    to  from    to  from    to  acc description of target
#               ------------------- ---------- ----- -------------------- ---------- ----- --------- ------ ----- --- --- --------- --------- ------ ----- ----- ----- ----- ----- ----- ----- ---- ---------------------
contig_1165_pilon:1024842-1025780|+ -            313 1528at766            -            256  4.7e-124  408.9   9.1   1   2   2.2e-36   6.8e-34  113.4   0.3     1    74     8    83     8    90 0.92 contig_1165_pilon_1007 # 1024842 # 1025780 # 1 # ID=1_1007;partial=00;start_type=GTG;rbs_motif=None;rbs_spacer=None;gc_cont=0.391
contig_1165_pilon:1024842-1025780|+ -            313 1528at766            -            256  4.7e-124  408.9   9.1   2   2   6.9e-93   2.1e-90  298.6   3.6    75   256   110   310    96   310 0.92 contig_1165_pilon_1007 # 1024842 # 1025780 # 1 # ID=1_1007;partial=00;start_type=GTG;rbs_motif=None;rbs_spacer=None;gc_cont=0.391
contig_1165_pilon:812603-813619|-   -            339 1528at766            -            256   6.4e-12   41.4   0.6   1   3   2.6e-05    0.0081   11.6   0.1     1    68     3    73     3   119 0.89 contig_1165_pilon_792 # 812603 # 813619 # -1 # ID=1_792;partial=00;start_type=ATG;rbs_motif=None;rbs_spacer=None;gc_cont=0.361
contig_1165_pilon:812603-813619|-   -            339 1528at766            -            256   6.4e-12   41.4   0.6   2   3   6.1e-09   1.9e-06   23.5   0.0   113   177   148   217   136   232 0.79 contig_1165_pilon_792 # 812603 # 813619 # -1 # ID=1_792;partial=00;start_type=ATG;rbs_motif=None;rbs_spacer=None;gc_cont=0.361
contig_1165_pilon:812603-813619|-   -            339 1528at766            -            256   6.4e-12   41.4   0.6   3   3    0.0085       2.7    3.3   0.0   207   231   265   289   245   316 0.73 contig_1165_pilon_792 # 812603 # 813619 # -1 # ID=1_792;partial=00;start_type=ATG;rbs_motif=None;rbs_spacer=None;gc_cont=0.361
contig_1165_pilon:1028420-1029790|- -            457 1528at766            -            256   1.3e-07   27.3  11.8   1   3    0.0023      0.71    5.2   0.2     2    32     5    35     4    46 0.84 contig_1165_pilon_1010 # 1028420 # 1029790 # -1 # ID=1_1010;partial=00;start_type=ATG;rbs_motif=GGA/GAG/AGG;rbs_spacer=5-10bp;gc_cont=0.392
contig_1165_pilon:1028420-1029790|- -            457 1528at766            -            256   1.3e-07   27.3  11.8   2   3   1.4e-08   4.3e-06   22.3   1.4    72   231   130   308   107   317 0.64 contig_1165_pilon_1010 # 1028420 # 1029790 # -1 # ID=1_1010;partial=00;start_type=ATG;rbs_motif=GGA/GAG/AGG;rbs_spacer=5-10bp;gc_cont=0.392
contig_1165_pilon:1028420-1029790|- -            457 1528at766            -            256   1.3e-07   27.3  11.8   3   3     0.003      0.93    4.8   0.3   166   248   343   428   335   433 0.86 contig_1165_pilon_1010 # 1028420 # 1029790 # -1 # ID=1_1010;partial=00;start_type=ATG;rbs_motif=GGA/GAG/AGG;rbs_spacer=5-10bp;gc_cont=0.392
contig_1165_pilon:184323-185696|+   -            458 1528at766            -            256    0.0021   13.5   4.6   1   2   0.00019     0.058    8.8   0.1     2    36     5    39     4    46 0.84 contig_1165_pilon_176 # 184323 # 185696 # 1 # ID=1_176;partial=00;start_type=ATG;rbs_motif=None;rbs_spacer=None;gc_cont=0.370
contig_1165_pilon:184323-185696|+   -            458 1528at766            -            256    0.0021   13.5   4.6   2   2    0.0051       1.6    4.1   1.0    44   230   107   308    84   318 0.54 contig_1165_pilon_176 # 184323 # 185696 # 1 # ID=1_176;partial=00;start_type=ATG;rbs_motif=None;rbs_spacer=None;gc_cont=0.370
#
# Program:         hmmsearch
# Version:         3.4 (Aug 2023)
# Pipeline mode:   SEARCH
# Query file:      /private/groups/russelllab/jodie/Jacobs_et_al_2026_de_novo_wRi_merrill_23_assembly/busco_downloads/lineages/rickettsiales_odb10/hmms/1528at766.hmm
# Target file:     private/groups/russelllab/jodie/Jacobs_et_al_2026_de_novo_wRi_merrill_23_assembly/busco/20250828_Nanopore/wRi/polished/prodigal_output/predicted_genes/predicted.faa
# Option settings: hmmsearch --domtblout private/groups/russelllab/jodie/Jacobs_et_al_2026_de_novo_wRi_merrill_23_assembly/busco/20250828_Nanopore/wRi/polished/run_rickettsiales_odb10/hmmer_output/1528at766.out --cpu 1 /private/groups/russelllab/jodie/Jacobs_et_al_2026_de_novo_wRi_merrill_23_assembly/busco_downloads/lineages/rickettsiales_odb10/hmms/1528at766.hmm private/groups/russelllab/jodie/Jacobs_et_al_2026_de_novo_wRi_merrill_23_assembly/busco/20250828_Nanopore/wRi/polished/prodigal_output/predicted_genes/predicted.faa 
# Current dir:     /private/groups/russelllab/jodie/Jacobs_et_al_2026_de_novo_wRi_merrill_23_assembly
# Date:            Fri Aug 29 11:49:10 2025
# [ok]
