#                                                                                           --- full sequence --- -------------- this domain -------------   hmm coord   ali coord   env coord
# target name                       accession   tlen query name           accession   qlen   E-value  score  bias   #  of  c-Evalue  i-Evalue  score  bias  from    to  from    to  from    to  acc description of target
#               ------------------- ---------- ----- -------------------- ---------- ----- --------- ------ ----- --- --- --------- --------- ------ ----- ----- ----- ----- ----- ----- ----- ---- ---------------------
contig_1165_pilon:971002-972510|-   -            503 1561at766            -            357  4.8e-126  416.9  62.4   1   3       1.3   2.2e+02   -3.0   0.8   101   117    23    39     7    69 0.53 contig_1165_pilon_956 # 971002 # 972510 # -1 # ID=1_956;partial=00;start_type=ATG;rbs_motif=None;rbs_spacer=None;gc_cont=0.343
contig_1165_pilon:971002-972510|-   -            503 1561at766            -            357  4.8e-126  416.9  62.4   2   3   1.5e-69   2.7e-67  223.7  28.1    11   191    82   294    75   299 0.85 contig_1165_pilon_956 # 971002 # 972510 # -1 # ID=1_956;partial=00;start_type=ATG;rbs_motif=None;rbs_spacer=None;gc_cont=0.343
contig_1165_pilon:971002-972510|-   -            503 1561at766            -            357  4.8e-126  416.9  62.4   3   3   1.1e-63     2e-61  204.4  18.7   189   357   311   496   305   496 0.90 contig_1165_pilon_956 # 971002 # 972510 # -1 # ID=1_956;partial=00;start_type=ATG;rbs_motif=None;rbs_spacer=None;gc_cont=0.343
contig_1165_pilon:827295-829151|-   -            619 1561at766            -            357   1.1e-47  159.2  46.8   1   4       5.3   9.4e+02   -5.0   1.2    29    65     5    42     3    50 0.57 contig_1165_pilon_808 # 827295 # 829151 # -1 # ID=1_808;partial=00;start_type=ATG;rbs_motif=None;rbs_spacer=None;gc_cont=0.349
contig_1165_pilon:827295-829151|-   -            619 1561at766            -            357   1.1e-47  159.2  46.8   2   4   1.1e-07     2e-05   20.2   9.5    13   106    67   170    57   195 0.77 contig_1165_pilon_808 # 827295 # 829151 # -1 # ID=1_808;partial=00;start_type=ATG;rbs_motif=None;rbs_spacer=None;gc_cont=0.349
contig_1165_pilon:827295-829151|-   -            619 1561at766            -            357   1.1e-47  159.2  46.8   3   4     4e-48   7.1e-46  153.2  20.1    86   337   179   439   172   462 0.82 contig_1165_pilon_808 # 827295 # 829151 # -1 # ID=1_808;partial=00;start_type=ATG;rbs_motif=None;rbs_spacer=None;gc_cont=0.349
contig_1165_pilon:827295-829151|-   -            619 1561at766            -            357   1.1e-47  159.2  46.8   4   4      0.33        58   -1.1   0.2   268   287   598   617   580   618 0.72 contig_1165_pilon_808 # 827295 # 829151 # -1 # ID=1_808;partial=00;start_type=ATG;rbs_motif=None;rbs_spacer=None;gc_cont=0.349
contig_1165_pilon:694022-695488|-   -            489 1561at766            -            357   5.4e-36  120.7  51.1   1   2      0.46        82   -1.6   0.7    52    83    17    47     5    63 0.52 contig_1165_pilon_678 # 694022 # 695488 # -1 # ID=1_678;partial=00;start_type=ATG;rbs_motif=None;rbs_spacer=None;gc_cont=0.344
contig_1165_pilon:694022-695488|-   -            489 1561at766            -            357   5.4e-36  120.7  51.1   2   2   1.6e-37   2.9e-35  118.3  44.3    14   338    65   439    53   452 0.78 contig_1165_pilon_678 # 694022 # 695488 # -1 # ID=1_678;partial=00;start_type=ATG;rbs_motif=None;rbs_spacer=None;gc_cont=0.344
contig_1165_pilon:824488-825852|-   -            455 1561at766            -            357   7.6e-25   84.1  47.5   1   1   2.1e-26   3.8e-24   81.8  45.1    25   342    73   425    39   448 0.68 contig_1165_pilon_806 # 824488 # 825852 # -1 # ID=1_806;partial=00;start_type=ATG;rbs_motif=None;rbs_spacer=None;gc_cont=0.347
contig_1165_pilon:825849-827291|-   -            481 1561at766            -            357   2.7e-24   82.3  45.3   1   2      0.56        99   -1.8   0.2    14    41    24    49    11    63 0.64 contig_1165_pilon_807 # 825849 # 827291 # -1 # ID=1_807;partial=00;start_type=GTG;rbs_motif=None;rbs_spacer=None;gc_cont=0.351
contig_1165_pilon:825849-827291|-   -            481 1561at766            -            357   2.7e-24   82.3  45.3   2   2   1.5e-26   2.7e-24   82.3  45.3    16   334    67   424    56   455 0.71 contig_1165_pilon_807 # 825849 # 827291 # -1 # ID=1_807;partial=00;start_type=GTG;rbs_motif=None;rbs_spacer=None;gc_cont=0.351
contig_1165_pilon:716304-717863|+   -            520 1561at766            -            357   5.9e-08   28.5  42.2   1   2   3.3e-10   5.9e-08   28.5  42.2    26   326    41   347    10   386 0.73 contig_1165_pilon_702 # 716304 # 717863 # 1 # ID=1_702;partial=00;start_type=GTG;rbs_motif=None;rbs_spacer=None;gc_cont=0.332
contig_1165_pilon:716304-717863|+   -            520 1561at766            -            357   5.9e-08   28.5  42.2   2   2      0.25        45   -0.7   0.8   192   221   477   506   446   517 0.65 contig_1165_pilon_702 # 716304 # 717863 # 1 # ID=1_702;partial=00;start_type=GTG;rbs_motif=None;rbs_spacer=None;gc_cont=0.332
contig_1165_pilon:1194854-1195495|+ -            214 1561at766            -            357     0.029    9.8   2.1   1   2     0.016       2.9    3.2   0.4   201   236     7    42     3    50 0.88 contig_1165_pilon_1180 # 1194854 # 1195495 # 1 # ID=1_1180;partial=00;start_type=ATG;rbs_motif=None;rbs_spacer=None;gc_cont=0.338
contig_1165_pilon:1194854-1195495|+ -            214 1561at766            -            357     0.029    9.8   2.1   2   2     0.002      0.36    6.2   0.1   197   237    52    91    42   127 0.75 contig_1165_pilon_1180 # 1194854 # 1195495 # 1 # ID=1_1180;partial=00;start_type=ATG;rbs_motif=None;rbs_spacer=None;gc_cont=0.338
#
# Program:         hmmsearch
# Version:         3.4 (Aug 2023)
# Pipeline mode:   SEARCH
# Query file:      /private/groups/russelllab/jodie/Jacobs_et_al_2026_de_novo_wRi_merrill_23_assembly/busco_downloads/lineages/rickettsiales_odb10/hmms/1561at766.hmm
# Target file:     private/groups/russelllab/jodie/Jacobs_et_al_2026_de_novo_wRi_merrill_23_assembly/busco/20250828_Nanopore/wRi/polished/prodigal_output/predicted_genes/predicted.faa
# Option settings: hmmsearch --domtblout private/groups/russelllab/jodie/Jacobs_et_al_2026_de_novo_wRi_merrill_23_assembly/busco/20250828_Nanopore/wRi/polished/run_rickettsiales_odb10/hmmer_output/1561at766.out --cpu 1 /private/groups/russelllab/jodie/Jacobs_et_al_2026_de_novo_wRi_merrill_23_assembly/busco_downloads/lineages/rickettsiales_odb10/hmms/1561at766.hmm private/groups/russelllab/jodie/Jacobs_et_al_2026_de_novo_wRi_merrill_23_assembly/busco/20250828_Nanopore/wRi/polished/prodigal_output/predicted_genes/predicted.faa 
# Current dir:     /private/groups/russelllab/jodie/Jacobs_et_al_2026_de_novo_wRi_merrill_23_assembly
# Date:            Fri Aug 29 11:49:10 2025
# [ok]
