#                                                                                           --- full sequence --- -------------- this domain -------------   hmm coord   ali coord   env coord
# target name                       accession   tlen query name           accession   qlen   E-value  score  bias   #  of  c-Evalue  i-Evalue  score  bias  from    to  from    to  from    to  acc description of target
#               ------------------- ---------- ----- -------------------- ---------- ----- --------- ------ ----- --- --- --------- --------- ------ ----- ----- ----- ----- ----- ----- ----- ---- ---------------------
contig_1165_pilon:813923-815251|-   -            443 1619at766            -            354  1.9e-148  490.3  11.1   1   1    2e-147  3.5e-145  479.5  11.1     2   354     6   442     5   442 0.83 contig_1165_pilon_793 # 813923 # 815251 # -1 # ID=1_793;partial=00;start_type=ATG;rbs_motif=None;rbs_spacer=None;gc_cont=0.358
contig_1165_pilon:700496-701821|-   -            442 1619at766            -            354   1.7e-31  105.6   1.7   1   2   2.9e-16   5.1e-14   48.1   0.0   175   261     2    90     1    94 0.84 contig_1165_pilon_686 # 700496 # 701821 # -1 # ID=1_686;partial=00;start_type=ATG;rbs_motif=None;rbs_spacer=None;gc_cont=0.373
contig_1165_pilon:700496-701821|-   -            442 1619at766            -            354   1.7e-31  105.6   1.7   2   2   7.9e-19   1.4e-16   56.5   0.4   173   259   174   266   150   334 0.78 contig_1165_pilon_686 # 700496 # 701821 # -1 # ID=1_686;partial=00;start_type=ATG;rbs_motif=None;rbs_spacer=None;gc_cont=0.373
contig_1165_pilon:1036645-1037529|- -            295 1619at766            -            354   3.1e-14   48.8   1.1   1   3   1.1e-15   1.9e-13   46.2   0.3   173   263     5    98     2   110 0.90 contig_1165_pilon_1017 # 1036645 # 1037529 # -1 # ID=1_1017;partial=00;start_type=GTG;rbs_motif=None;rbs_spacer=None;gc_cont=0.350
contig_1165_pilon:1036645-1037529|- -            295 1619at766            -            354   3.1e-14   48.8   1.1   2   3       0.1        18    0.3   0.1   261   261   137   137    99   174 0.54 contig_1165_pilon_1017 # 1036645 # 1037529 # -1 # ID=1_1017;partial=00;start_type=GTG;rbs_motif=None;rbs_spacer=None;gc_cont=0.350
contig_1165_pilon:1036645-1037529|- -            295 1619at766            -            354   3.1e-14   48.8   1.1   3   3      0.14        25   -0.2   0.0   265   293   141   170   123   203 0.72 contig_1165_pilon_1017 # 1036645 # 1037529 # -1 # ID=1_1017;partial=00;start_type=GTG;rbs_motif=None;rbs_spacer=None;gc_cont=0.350
contig_1165_pilon:260189-260782|+   -            198 1619at766            -            354   1.4e-06   23.6   0.4   1   1   1.3e-08   2.2e-06   23.0   0.4   176   212    28    65    23   189 0.70 contig_1165_pilon_254 # 260189 # 260782 # 1 # ID=1_254;partial=00;start_type=ATG;rbs_motif=None;rbs_spacer=None;gc_cont=0.320
contig_1165_pilon:66552-67646|+     -            365 1619at766            -            354   0.00011   17.4   0.2   1   1   1.1e-06    0.0002   16.5   0.2   176   217     4    45     1   177 0.88 contig_1165_pilon_65 # 66552 # 67646 # 1 # ID=1_65;partial=00;start_type=ATG;rbs_motif=None;rbs_spacer=None;gc_cont=0.380
contig_1165_pilon:559024-559692|+   -            223 1619at766            -            354    0.0013   13.9   0.4   1   1   9.8e-06    0.0017   13.5   0.4   262   351    81   163    69   166 0.78 contig_1165_pilon_543 # 559024 # 559692 # 1 # ID=1_543;partial=00;start_type=ATG;rbs_motif=GGAG/GAGG;rbs_spacer=5-10bp;gc_cont=0.317
contig_1165_pilon:20327-21349|+     -            341 1619at766            -            354    0.0056   11.8   0.1   1   2   0.00011      0.02   10.0   0.0   176   234   161   218   148   264 0.81 contig_1165_pilon_18 # 20327 # 21349 # 1 # ID=1_18;partial=00;start_type=ATG;rbs_motif=None;rbs_spacer=None;gc_cont=0.362
contig_1165_pilon:20327-21349|+     -            341 1619at766            -            354    0.0056   11.8   0.1   2   2      0.28        50   -1.2   0.0   260   280   270   290   250   304 0.79 contig_1165_pilon_18 # 20327 # 21349 # 1 # ID=1_18;partial=00;start_type=ATG;rbs_motif=None;rbs_spacer=None;gc_cont=0.362
#
# Program:         hmmsearch
# Version:         3.4 (Aug 2023)
# Pipeline mode:   SEARCH
# Query file:      /private/groups/russelllab/jodie/Jacobs_et_al_2026_de_novo_wRi_merrill_23_assembly/busco_downloads/lineages/rickettsiales_odb10/hmms/1619at766.hmm
# Target file:     private/groups/russelllab/jodie/Jacobs_et_al_2026_de_novo_wRi_merrill_23_assembly/busco/20250828_Nanopore/wRi/polished/prodigal_output/predicted_genes/predicted.faa
# Option settings: hmmsearch --domtblout private/groups/russelllab/jodie/Jacobs_et_al_2026_de_novo_wRi_merrill_23_assembly/busco/20250828_Nanopore/wRi/polished/run_rickettsiales_odb10/hmmer_output/1619at766.out --cpu 1 /private/groups/russelllab/jodie/Jacobs_et_al_2026_de_novo_wRi_merrill_23_assembly/busco_downloads/lineages/rickettsiales_odb10/hmms/1619at766.hmm private/groups/russelllab/jodie/Jacobs_et_al_2026_de_novo_wRi_merrill_23_assembly/busco/20250828_Nanopore/wRi/polished/prodigal_output/predicted_genes/predicted.faa 
# Current dir:     /private/groups/russelllab/jodie/Jacobs_et_al_2026_de_novo_wRi_merrill_23_assembly
# Date:            Fri Aug 29 11:49:10 2025
# [ok]
