#                                                                                         --- full sequence --- -------------- this domain -------------   hmm coord   ali coord   env coord
# target name                     accession   tlen query name           accession   qlen   E-value  score  bias   #  of  c-Evalue  i-Evalue  score  bias  from    to  from    to  from    to  acc description of target
#             ------------------- ---------- ----- -------------------- ---------- ----- --------- ------ ----- --- --- --------- --------- ------ ----- ----- ----- ----- ----- ----- ----- ---- ---------------------
contig_1165_pilon:281437-283998|+ -            854 162at766             -            717         0 1184.4  19.4   1   2     1e-12   3.3e-10   34.9   0.1     1    45     1    51     1    68 0.89 contig_1165_pilon_276 # 281437 # 283998 # 1 # ID=1_276;partial=00;start_type=ATG;rbs_motif=None;rbs_spacer=None;gc_cont=0.377
contig_1165_pilon:281437-283998|+ -            854 162at766             -            717         0 1184.4  19.4   2   2         0         0 1145.9  15.9    59   717   102   837    87   837 0.91 contig_1165_pilon_276 # 281437 # 283998 # 1 # ID=1_276;partial=00;start_type=ATG;rbs_motif=None;rbs_spacer=None;gc_cont=0.377
contig_1165_pilon:571388-573694|- -            769 162at766             -            717  1.3e-168  558.6   8.8   1   3   8.2e-96   2.6e-93  309.6   0.6    89   333   181   433   102   437 0.93 contig_1165_pilon_557 # 571388 # 573694 # -1 # ID=1_557;partial=00;start_type=ATG;rbs_motif=GGA/GAG/AGG;rbs_spacer=5-10bp;gc_cont=0.340
contig_1165_pilon:571388-573694|- -            769 162at766             -            717  1.3e-168  558.6   8.8   2   3   9.7e-73     3e-70  233.4   0.5   440   684   440   700   432   704 0.86 contig_1165_pilon_557 # 571388 # 573694 # -1 # ID=1_557;partial=00;start_type=ATG;rbs_motif=GGA/GAG/AGG;rbs_spacer=5-10bp;gc_cont=0.340
contig_1165_pilon:571388-573694|- -            769 162at766             -            717  1.3e-168  558.6   8.8   3   3   4.3e-08   1.3e-05   19.7   0.1   673   716   706   749   702   750 0.91 contig_1165_pilon_557 # 571388 # 573694 # -1 # ID=1_557;partial=00;start_type=ATG;rbs_motif=GGA/GAG/AGG;rbs_spacer=5-10bp;gc_cont=0.340
contig_1165_pilon:191119-192396|+ -            426 162at766             -            717   4.9e-05   17.8   0.0   1   1   2.4e-07   7.6e-05   17.2   0.0   465   529    68   138    58   185 0.83 contig_1165_pilon_184 # 191119 # 192396 # 1 # ID=1_184;partial=00;start_type=ATG;rbs_motif=GGA/GAG/AGG;rbs_spacer=5-10bp;gc_cont=0.367
contig_1165_pilon:688889-689869|+ -            327 162at766             -            717    0.0022   12.4   0.1   1   1   3.2e-05      0.01   10.2   0.1   101   214     8   114     2   121 0.73 contig_1165_pilon_673 # 688889 # 689869 # 1 # ID=1_673;partial=00;start_type=ATG;rbs_motif=None;rbs_spacer=None;gc_cont=0.387
#
# Program:         hmmsearch
# Version:         3.4 (Aug 2023)
# Pipeline mode:   SEARCH
# Query file:      /private/groups/russelllab/jodie/Jacobs_et_al_2026_de_novo_wRi_merrill_23_assembly/busco_downloads/lineages/rickettsiales_odb10/hmms/162at766.hmm
# Target file:     private/groups/russelllab/jodie/Jacobs_et_al_2026_de_novo_wRi_merrill_23_assembly/busco/20250828_Nanopore/wRi/polished/prodigal_output/predicted_genes/predicted.faa
# Option settings: hmmsearch --domtblout private/groups/russelllab/jodie/Jacobs_et_al_2026_de_novo_wRi_merrill_23_assembly/busco/20250828_Nanopore/wRi/polished/run_rickettsiales_odb10/hmmer_output/162at766.out --cpu 1 /private/groups/russelllab/jodie/Jacobs_et_al_2026_de_novo_wRi_merrill_23_assembly/busco_downloads/lineages/rickettsiales_odb10/hmms/162at766.hmm private/groups/russelllab/jodie/Jacobs_et_al_2026_de_novo_wRi_merrill_23_assembly/busco/20250828_Nanopore/wRi/polished/prodigal_output/predicted_genes/predicted.faa 
# Current dir:     /private/groups/russelllab/jodie/Jacobs_et_al_2026_de_novo_wRi_merrill_23_assembly
# Date:            Fri Aug 29 11:49:10 2025
# [ok]
