#                                                                                           --- full sequence --- -------------- this domain -------------   hmm coord   ali coord   env coord
# target name                       accession   tlen query name           accession   qlen   E-value  score  bias   #  of  c-Evalue  i-Evalue  score  bias  from    to  from    to  from    to  acc description of target
#               ------------------- ---------- ----- -------------------- ---------- ----- --------- ------ ----- --- --- --------- --------- ------ ----- ----- ----- ----- ----- ----- ----- ---- ---------------------
contig_1165_pilon:812603-813619|-   -            339 1655at766            -            269  4.2e-124  409.1   2.9   1   2   8.7e-49   2.7e-46  153.9   0.7     1    88     3    90     3    92 0.98 contig_1165_pilon_792 # 812603 # 813619 # -1 # ID=1_792;partial=00;start_type=ATG;rbs_motif=None;rbs_spacer=None;gc_cont=0.361
contig_1165_pilon:812603-813619|-   -            339 1655at766            -            269  4.2e-124  409.1   2.9   2   2   2.8e-79   8.6e-77  254.0   0.1    85   269   106   329    90   329 0.83 contig_1165_pilon_792 # 812603 # 813619 # -1 # ID=1_792;partial=00;start_type=ATG;rbs_motif=None;rbs_spacer=None;gc_cont=0.361
contig_1165_pilon:1024842-1025780|+ -            313 1655at766            -            269   3.7e-14   48.6   4.3   1   2   2.2e-14     7e-12   41.1   2.0     2   187     9   212     8   221 0.71 contig_1165_pilon_1007 # 1024842 # 1025780 # 1 # ID=1_1007;partial=00;start_type=GTG;rbs_motif=None;rbs_spacer=None;gc_cont=0.391
contig_1165_pilon:1024842-1025780|+ -            313 1655at766            -            269   3.7e-14   48.6   4.3   2   2     0.058        18    0.4   0.0    76    97   278   299   263   307 0.59 contig_1165_pilon_1007 # 1024842 # 1025780 # 1 # ID=1_1007;partial=00;start_type=GTG;rbs_motif=None;rbs_spacer=None;gc_cont=0.391
contig_1165_pilon:184323-185696|+   -            458 1655at766            -            269   7.4e-07   24.6   1.6   1   3     2e-07   6.1e-05   18.3   0.0     2    41     5    44     4    72 0.92 contig_1165_pilon_176 # 184323 # 185696 # 1 # ID=1_176;partial=00;start_type=ATG;rbs_motif=None;rbs_spacer=None;gc_cont=0.370
contig_1165_pilon:184323-185696|+   -            458 1655at766            -            269   7.4e-07   24.6   1.6   2   3     0.049        15    0.7   0.2     3    34   175   206   173   208 0.79 contig_1165_pilon_176 # 184323 # 185696 # 1 # ID=1_176;partial=00;start_type=ATG;rbs_motif=None;rbs_spacer=None;gc_cont=0.370
contig_1165_pilon:184323-185696|+   -            458 1655at766            -            269   7.4e-07   24.6   1.6   3   3     0.015       4.6    2.3   0.0   222   235   296   309   267   315 0.90 contig_1165_pilon_176 # 184323 # 185696 # 1 # ID=1_176;partial=00;start_type=ATG;rbs_motif=None;rbs_spacer=None;gc_cont=0.370
contig_1165_pilon:1028420-1029790|- -            457 1655at766            -            269   4.3e-06   22.1   7.4   1   2   4.9e-07   0.00015   17.0   2.0     2   135     5   143     4   156 0.67 contig_1165_pilon_1010 # 1028420 # 1029790 # -1 # ID=1_1010;partial=00;start_type=ATG;rbs_motif=GGA/GAG/AGG;rbs_spacer=5-10bp;gc_cont=0.392
contig_1165_pilon:1028420-1029790|- -            457 1655at766            -            269   4.3e-06   22.1   7.4   2   2   0.00064       0.2    6.8   0.9    87   235   133   308   121   318 0.58 contig_1165_pilon_1010 # 1028420 # 1029790 # -1 # ID=1_1010;partial=00;start_type=ATG;rbs_motif=GGA/GAG/AGG;rbs_spacer=5-10bp;gc_cont=0.392
#
# Program:         hmmsearch
# Version:         3.4 (Aug 2023)
# Pipeline mode:   SEARCH
# Query file:      /private/groups/russelllab/jodie/Jacobs_et_al_2026_de_novo_wRi_merrill_23_assembly/busco_downloads/lineages/rickettsiales_odb10/hmms/1655at766.hmm
# Target file:     private/groups/russelllab/jodie/Jacobs_et_al_2026_de_novo_wRi_merrill_23_assembly/busco/20250828_Nanopore/wRi/polished/prodigal_output/predicted_genes/predicted.faa
# Option settings: hmmsearch --domtblout private/groups/russelllab/jodie/Jacobs_et_al_2026_de_novo_wRi_merrill_23_assembly/busco/20250828_Nanopore/wRi/polished/run_rickettsiales_odb10/hmmer_output/1655at766.out --cpu 1 /private/groups/russelllab/jodie/Jacobs_et_al_2026_de_novo_wRi_merrill_23_assembly/busco_downloads/lineages/rickettsiales_odb10/hmms/1655at766.hmm private/groups/russelllab/jodie/Jacobs_et_al_2026_de_novo_wRi_merrill_23_assembly/busco/20250828_Nanopore/wRi/polished/prodigal_output/predicted_genes/predicted.faa 
# Current dir:     /private/groups/russelllab/jodie/Jacobs_et_al_2026_de_novo_wRi_merrill_23_assembly
# Date:            Fri Aug 29 11:49:10 2025
# [ok]
