#                                                                                         --- full sequence --- -------------- this domain -------------   hmm coord   ali coord   env coord
# target name                     accession   tlen query name           accession   qlen   E-value  score  bias   #  of  c-Evalue  i-Evalue  score  bias  from    to  from    to  from    to  acc description of target
#             ------------------- ---------- ----- -------------------- ---------- ----- --------- ------ ----- --- --- --------- --------- ------ ----- ----- ----- ----- ----- ----- ----- ---- ---------------------
contig_1165_pilon:733704-735305|- -            534 1675at766            -            358  2.1e-132  437.6  12.4   1   3  3.1e-122  9.7e-120  396.0   3.9     2   262     1   287     1   296 0.90 contig_1165_pilon_719 # 733704 # 735305 # -1 # ID=1_719;partial=00;start_type=ATG;rbs_motif=None;rbs_spacer=None;gc_cont=0.345
contig_1165_pilon:733704-735305|- -            534 1675at766            -            358  2.1e-132  437.6  12.4   2   3   9.8e-16   3.1e-13   45.6   0.3   264   321   314   376   293   394 0.82 contig_1165_pilon_719 # 733704 # 735305 # -1 # ID=1_719;partial=00;start_type=ATG;rbs_motif=None;rbs_spacer=None;gc_cont=0.345
contig_1165_pilon:733704-735305|- -            534 1675at766            -            358  2.1e-132  437.6  12.4   3   3     0.061        19    0.3   0.0   310   327   433   450   423   527 0.89 contig_1165_pilon_719 # 733704 # 735305 # -1 # ID=1_719;partial=00;start_type=ATG;rbs_motif=None;rbs_spacer=None;gc_cont=0.345
contig_1165_pilon:968597-969418|+ -            274 1675at766            -            358   1.9e-16   56.2   4.6   1   1   3.4e-18   1.1e-15   53.7   2.5    30   175    14   147     8   168 0.85 contig_1165_pilon_953 # 968597 # 969418 # 1 # ID=1_953;partial=00;start_type=ATG;rbs_motif=AGGAG;rbs_spacer=5-10bp;gc_cont=0.309
contig_1165_pilon:688889-689869|+ -            327 1675at766            -            358   8.2e-08   27.8   0.1   1   2   1.3e-09   4.1e-07   25.5   0.0     8    61    19    76    15    83 0.80 contig_1165_pilon_673 # 688889 # 689869 # 1 # ID=1_673;partial=00;start_type=ATG;rbs_motif=None;rbs_spacer=None;gc_cont=0.387
contig_1165_pilon:688889-689869|+ -            327 1675at766            -            358   8.2e-08   27.8   0.1   2   2      0.14        43   -0.9   0.0   115   137   105   127    96   132 0.80 contig_1165_pilon_673 # 688889 # 689869 # 1 # ID=1_673;partial=00;start_type=ATG;rbs_motif=None;rbs_spacer=None;gc_cont=0.387
contig_1165_pilon:557031-558869|+ -            613 1675at766            -            358    0.0023   13.1   0.0   1   1   1.4e-05    0.0043   12.2   0.0    27    58   178   209   164   214 0.83 contig_1165_pilon_542 # 557031 # 558869 # 1 # ID=1_542;partial=00;start_type=ATG;rbs_motif=None;rbs_spacer=None;gc_cont=0.372
#
# Program:         hmmsearch
# Version:         3.4 (Aug 2023)
# Pipeline mode:   SEARCH
# Query file:      /private/groups/russelllab/jodie/Jacobs_et_al_2026_de_novo_wRi_merrill_23_assembly/busco_downloads/lineages/rickettsiales_odb10/hmms/1675at766.hmm
# Target file:     private/groups/russelllab/jodie/Jacobs_et_al_2026_de_novo_wRi_merrill_23_assembly/busco/20250828_Nanopore/wRi/polished/prodigal_output/predicted_genes/predicted.faa
# Option settings: hmmsearch --domtblout private/groups/russelllab/jodie/Jacobs_et_al_2026_de_novo_wRi_merrill_23_assembly/busco/20250828_Nanopore/wRi/polished/run_rickettsiales_odb10/hmmer_output/1675at766.out --cpu 1 /private/groups/russelllab/jodie/Jacobs_et_al_2026_de_novo_wRi_merrill_23_assembly/busco_downloads/lineages/rickettsiales_odb10/hmms/1675at766.hmm private/groups/russelllab/jodie/Jacobs_et_al_2026_de_novo_wRi_merrill_23_assembly/busco/20250828_Nanopore/wRi/polished/prodigal_output/predicted_genes/predicted.faa 
# Current dir:     /private/groups/russelllab/jodie/Jacobs_et_al_2026_de_novo_wRi_merrill_23_assembly
# Date:            Fri Aug 29 11:49:10 2025
# [ok]
