#                                                                                           --- full sequence --- -------------- this domain -------------   hmm coord   ali coord   env coord
# target name                       accession   tlen query name           accession   qlen   E-value  score  bias   #  of  c-Evalue  i-Evalue  score  bias  from    to  from    to  from    to  acc description of target
#               ------------------- ---------- ----- -------------------- ---------- ----- --------- ------ ----- --- --- --------- --------- ------ ----- ----- ----- ----- ----- ----- ----- ---- ---------------------
contig_1165_pilon:807291-807992|-   -            234 1817at766            -            208   1.2e-88  292.4   5.9   1   1   1.6e-90   1.7e-88  292.0   5.9     1   208     6   230     6   230 0.93 contig_1165_pilon_787 # 807291 # 807992 # -1 # ID=1_787;partial=00;start_type=ATG;rbs_motif=None;rbs_spacer=None;gc_cont=0.323
contig_1165_pilon:56166-56807|-     -            214 1817at766            -            208   1.6e-38  128.7   0.7   1   1   1.7e-40   1.8e-38  128.5   0.7     1   201     2   207     2   213 0.85 contig_1165_pilon_54 # 56166 # 56807 # -1 # ID=1_54;partial=00;start_type=ATG;rbs_motif=GGA/GAG/AGG;rbs_spacer=5-10bp;gc_cont=0.315
contig_1165_pilon:350619-351392|+   -            258 1817at766            -            208   1.2e-36  122.6   2.8   1   1     2e-38   2.1e-36  121.8   2.8    11   206    13   233     3   235 0.79 contig_1165_pilon_341 # 350619 # 351392 # 1 # ID=1_341;partial=00;start_type=ATG;rbs_motif=None;rbs_spacer=None;gc_cont=0.336
contig_1165_pilon:140499-141257|-   -            253 1817at766            -            208   2.3e-32  108.6   0.1   1   1   2.9e-33   3.1e-31  104.9   0.1     2   206     7   247     6   249 0.75 contig_1165_pilon_130 # 140499 # 141257 # -1 # ID=1_130;partial=00;start_type=ATG;rbs_motif=AGGA;rbs_spacer=5-10bp;gc_cont=0.362
contig_1165_pilon:111190-112905|-   -            572 1817at766            -            208   1.6e-28   96.0   2.1   1   1   6.6e-30   6.9e-28   94.0   2.1     7   200   341   559   336   565 0.81 contig_1165_pilon_101 # 111190 # 112905 # -1 # ID=1_101;partial=00;start_type=ATG;rbs_motif=None;rbs_spacer=None;gc_cont=0.356
contig_1165_pilon:1072256-1072930|+ -            225 1817at766            -            208     4e-26   88.2   1.4   1   1   1.1e-27   1.1e-25   86.7   1.4     3   174     9   209     7   219 0.76 contig_1165_pilon_1054 # 1072256 # 1072930 # 1 # ID=1_1054;partial=00;start_type=ATG;rbs_motif=GGA/GAG/AGG;rbs_spacer=5-10bp;gc_cont=0.370
contig_1165_pilon:1153680-1155455|- -            592 1817at766            -            208   8.6e-25   83.9   4.9   1   1   3.1e-26   3.3e-24   82.0   4.9     1   198   348   571   348   578 0.76 contig_1165_pilon_1143 # 1153680 # 1155455 # -1 # ID=1_1143;partial=00;start_type=ATG;rbs_motif=None;rbs_spacer=None;gc_cont=0.317
contig_1165_pilon:104437-105060|+   -            208 1817at766            -            208   5.2e-21   71.5   0.0   1   1   6.1e-23   6.3e-21   71.2   0.0     4   168     5   184     2   197 0.79 contig_1165_pilon_93 # 104437 # 105060 # 1 # ID=1_93;partial=00;start_type=ATG;rbs_motif=None;rbs_spacer=None;gc_cont=0.361
contig_1165_pilon:855096-855791|-   -            232 1817at766            -            208   1.6e-20   69.9   4.2   1   1     2e-22   2.1e-20   69.5   4.2     2   198    10   217     9   226 0.77 contig_1165_pilon_841 # 855096 # 855791 # -1 # ID=1_841;partial=00;start_type=TTG;rbs_motif=None;rbs_spacer=None;gc_cont=0.326
contig_1165_pilon:1010682-1012427|- -            582 1817at766            -            208   1.7e-18   63.3   0.4   1   1   1.3e-19   1.3e-17   60.3   0.4    12   196   349   560   345   565 0.78 contig_1165_pilon_993 # 1010682 # 1012427 # -1 # ID=1_993;partial=00;start_type=GTG;rbs_motif=GGAG/GAGG;rbs_spacer=5-10bp;gc_cont=0.377
contig_1165_pilon:869647-872442|-   -            932 1817at766            -            208   3.2e-18   62.4   8.6   1   5   0.00015     0.015   11.2   0.1    14    42    13    41     5    47 0.87 contig_1165_pilon_860 # 869647 # 872442 # -1 # ID=1_860;partial=00;start_type=ATG;rbs_motif=None;rbs_spacer=None;gc_cont=0.379
contig_1165_pilon:869647-872442|-   -            932 1817at766            -            208   3.2e-18   62.4   8.6   2   5       3.4   3.6e+02   -3.1   0.1   138   157   122   140   120   153 0.70 contig_1165_pilon_860 # 869647 # 872442 # -1 # ID=1_860;partial=00;start_type=ATG;rbs_motif=None;rbs_spacer=None;gc_cont=0.379
contig_1165_pilon:869647-872442|-   -            932 1817at766            -            208   3.2e-18   62.4   8.6   3   5   1.4e-07   1.5e-05   21.0   0.0    97   199   462   576   422   585 0.79 contig_1165_pilon_860 # 869647 # 872442 # -1 # ID=1_860;partial=00;start_type=ATG;rbs_motif=None;rbs_spacer=None;gc_cont=0.379
contig_1165_pilon:869647-872442|-   -            932 1817at766            -            208   3.2e-18   62.4   8.6   4   5    0.0017      0.18    7.7   0.1    14    43   612   641   602   654 0.87 contig_1165_pilon_860 # 869647 # 872442 # -1 # ID=1_860;partial=00;start_type=ATG;rbs_motif=None;rbs_spacer=None;gc_cont=0.379
contig_1165_pilon:869647-872442|-   -            932 1817at766            -            208   3.2e-18   62.4   8.6   5   5   1.1e-08   1.2e-06   24.6   0.0    84   196   790   914   761   926 0.71 contig_1165_pilon_860 # 869647 # 872442 # -1 # ID=1_860;partial=00;start_type=ATG;rbs_motif=None;rbs_spacer=None;gc_cont=0.379
contig_1165_pilon:1056845-1058353|- -            503 1817at766            -            208    0.0006   15.8   0.3   1   2   1.4e-05    0.0014   14.6   0.1    20    63   206   249   191   259 0.79 contig_1165_pilon_1038 # 1056845 # 1058353 # -1 # ID=1_1038;partial=00;start_type=ATG;rbs_motif=None;rbs_spacer=None;gc_cont=0.386
contig_1165_pilon:1056845-1058353|- -            503 1817at766            -            208    0.0006   15.8   0.3   2   2       5.7   5.9e+02   -3.8   0.0   113   136   372   395   369   417 0.71 contig_1165_pilon_1038 # 1056845 # 1058353 # -1 # ID=1_1038;partial=00;start_type=ATG;rbs_motif=None;rbs_spacer=None;gc_cont=0.386
#
# Program:         hmmsearch
# Version:         3.4 (Aug 2023)
# Pipeline mode:   SEARCH
# Query file:      /private/groups/russelllab/jodie/Jacobs_et_al_2026_de_novo_wRi_merrill_23_assembly/busco_downloads/lineages/rickettsiales_odb10/hmms/1817at766.hmm
# Target file:     private/groups/russelllab/jodie/Jacobs_et_al_2026_de_novo_wRi_merrill_23_assembly/busco/20250828_Nanopore/wRi/polished/prodigal_output/predicted_genes/predicted.faa
# Option settings: hmmsearch --domtblout private/groups/russelllab/jodie/Jacobs_et_al_2026_de_novo_wRi_merrill_23_assembly/busco/20250828_Nanopore/wRi/polished/run_rickettsiales_odb10/hmmer_output/1817at766.out --cpu 1 /private/groups/russelllab/jodie/Jacobs_et_al_2026_de_novo_wRi_merrill_23_assembly/busco_downloads/lineages/rickettsiales_odb10/hmms/1817at766.hmm private/groups/russelllab/jodie/Jacobs_et_al_2026_de_novo_wRi_merrill_23_assembly/busco/20250828_Nanopore/wRi/polished/prodigal_output/predicted_genes/predicted.faa 
# Current dir:     /private/groups/russelllab/jodie/Jacobs_et_al_2026_de_novo_wRi_merrill_23_assembly
# Date:            Fri Aug 29 11:49:10 2025
# [ok]
