#                                                                                           --- full sequence --- -------------- this domain -------------   hmm coord   ali coord   env coord
# target name                       accession   tlen query name           accession   qlen   E-value  score  bias   #  of  c-Evalue  i-Evalue  score  bias  from    to  from    to  from    to  acc description of target
#               ------------------- ---------- ----- -------------------- ---------- ----- --------- ------ ----- --- --- --------- --------- ------ ----- ----- ----- ----- ----- ----- ----- ---- ---------------------
contig_1165_pilon:140499-141257|-   -            253 1882at766            -            186   1.9e-71  235.7   2.8   1   1   8.1e-71   8.5e-69  227.1   2.8     1   185    15   250    15   251 0.83 contig_1165_pilon_130 # 140499 # 141257 # -1 # ID=1_130;partial=00;start_type=ATG;rbs_motif=AGGA;rbs_spacer=5-10bp;gc_cont=0.362
contig_1165_pilon:56166-56807|-     -            214 1882at766            -            186   3.3e-57  189.3   0.5   1   1   9.7e-59     1e-56  187.7   0.5     1   181    11   211    11   213 0.80 contig_1165_pilon_54 # 56166 # 56807 # -1 # ID=1_54;partial=00;start_type=ATG;rbs_motif=GGA/GAG/AGG;rbs_spacer=5-10bp;gc_cont=0.315
contig_1165_pilon:807291-807992|-   -            234 1882at766            -            186   8.7e-39  129.2   2.7   1   1   1.6e-38   1.6e-36  121.8   2.7     1   184    15   230    15   232 0.75 contig_1165_pilon_787 # 807291 # 807992 # -1 # ID=1_787;partial=00;start_type=ATG;rbs_motif=None;rbs_spacer=None;gc_cont=0.323
contig_1165_pilon:350619-351392|+   -            258 1882at766            -            186   5.4e-37  123.4   2.9   1   1   5.5e-38   5.7e-36  120.0   2.9     3   185    14   236    10   237 0.75 contig_1165_pilon_341 # 350619 # 351392 # 1 # ID=1_341;partial=00;start_type=ATG;rbs_motif=None;rbs_spacer=None;gc_cont=0.336
contig_1165_pilon:111190-112905|-   -            572 1882at766            -            186   2.6e-31  104.9   0.4   1   2   2.1e-14   2.1e-12   43.2   0.0     4    78   347   432   344   452 0.79 contig_1165_pilon_101 # 111190 # 112905 # -1 # ID=1_101;partial=00;start_type=ATG;rbs_motif=None;rbs_spacer=None;gc_cont=0.356
contig_1165_pilon:111190-112905|-   -            572 1882at766            -            186   2.6e-31  104.9   0.4   2   2     7e-19   7.2e-17   57.8   0.1    94   167   469   548   456   558 0.83 contig_1165_pilon_101 # 111190 # 112905 # -1 # ID=1_101;partial=00;start_type=ATG;rbs_motif=None;rbs_spacer=None;gc_cont=0.356
contig_1165_pilon:1072256-1072930|+ -            225 1882at766            -            186   3.9e-26   88.0   2.6   1   1   1.4e-26   1.4e-24   82.9   2.6     3   160    19   216    16   223 0.68 contig_1165_pilon_1054 # 1072256 # 1072930 # 1 # ID=1_1054;partial=00;start_type=ATG;rbs_motif=GGA/GAG/AGG;rbs_spacer=5-10bp;gc_cont=0.370
contig_1165_pilon:1153680-1155455|- -            592 1882at766            -            186   5.2e-24   81.0   1.6   1   2   1.2e-10   1.2e-08   30.9   0.2     3    82   360   450   357   463 0.81 contig_1165_pilon_1143 # 1153680 # 1155455 # -1 # ID=1_1143;partial=00;start_type=ATG;rbs_motif=None;rbs_spacer=None;gc_cont=0.317
contig_1165_pilon:1153680-1155455|- -            592 1882at766            -            186   5.2e-24   81.0   1.6   2   2   5.6e-16   5.8e-14   48.3   0.1    93   168   482   563   470   575 0.79 contig_1165_pilon_1143 # 1153680 # 1155455 # -1 # ID=1_1143;partial=00;start_type=ATG;rbs_motif=None;rbs_spacer=None;gc_cont=0.317
contig_1165_pilon:855096-855791|-   -            232 1882at766            -            186   2.9e-19   65.6   3.2   1   1   9.9e-21     1e-18   63.8   3.2     1   162    18   204    18   224 0.75 contig_1165_pilon_841 # 855096 # 855791 # -1 # ID=1_841;partial=00;start_type=TTG;rbs_motif=None;rbs_spacer=None;gc_cont=0.326
contig_1165_pilon:1010682-1012427|- -            582 1882at766            -            186   6.7e-15   51.3   0.3   1   2   0.00015     0.015   11.1   0.1     3    36   349   382   346   449 0.79 contig_1165_pilon_993 # 1010682 # 1012427 # -1 # ID=1_993;partial=00;start_type=GTG;rbs_motif=GGAG/GAGG;rbs_spacer=5-10bp;gc_cont=0.377
contig_1165_pilon:1010682-1012427|- -            582 1882at766            -            186   6.7e-15   51.3   0.3   2   2     1e-12     1e-10   37.7   0.0    94   167   473   553   464   566 0.82 contig_1165_pilon_993 # 1010682 # 1012427 # -1 # ID=1_993;partial=00;start_type=GTG;rbs_motif=GGAG/GAGG;rbs_spacer=5-10bp;gc_cont=0.377
contig_1165_pilon:869647-872442|-   -            932 1882at766            -            186   1.7e-14   50.1   0.2   1   4   0.00013     0.013   11.3   0.0     5    33    13    41    10    48 0.91 contig_1165_pilon_860 # 869647 # 872442 # -1 # ID=1_860;partial=00;start_type=ATG;rbs_motif=None;rbs_spacer=None;gc_cont=0.379
contig_1165_pilon:869647-872442|-   -            932 1882at766            -            186   1.7e-14   50.1   0.2   2   4   0.00063     0.066    9.0   0.0    93   147   477   541   448   571 0.75 contig_1165_pilon_860 # 869647 # 872442 # -1 # ID=1_860;partial=00;start_type=ATG;rbs_motif=None;rbs_spacer=None;gc_cont=0.379
contig_1165_pilon:869647-872442|-   -            932 1882at766            -            186   1.7e-14   50.1   0.2   3   4    0.0038      0.39    6.4   0.0     5    37   612   642   609   662 0.81 contig_1165_pilon_860 # 869647 # 872442 # -1 # ID=1_860;partial=00;start_type=ATG;rbs_motif=None;rbs_spacer=None;gc_cont=0.379
contig_1165_pilon:869647-872442|-   -            932 1882at766            -            186   1.7e-14   50.1   0.2   4   4   1.3e-06   0.00014   17.7   0.0    93   158   817   892   800   927 0.77 contig_1165_pilon_860 # 869647 # 872442 # -1 # ID=1_860;partial=00;start_type=ATG;rbs_motif=None;rbs_spacer=None;gc_cont=0.379
contig_1165_pilon:104437-105060|+   -            208 1882at766            -            186   6.8e-13   44.8   0.0   1   1   1.2e-14   1.3e-12   43.9   0.0     3   139    13   171    11   193 0.74 contig_1165_pilon_93 # 104437 # 105060 # 1 # ID=1_93;partial=00;start_type=ATG;rbs_motif=None;rbs_spacer=None;gc_cont=0.361
contig_1165_pilon:191119-192396|+   -            426 1882at766            -            186    0.0028   13.4   0.0   1   1   6.7e-05    0.0069   12.2   0.0     9    45   110   143   101   188 0.79 contig_1165_pilon_184 # 191119 # 192396 # 1 # ID=1_184;partial=00;start_type=ATG;rbs_motif=GGA/GAG/AGG;rbs_spacer=5-10bp;gc_cont=0.367
#
# Program:         hmmsearch
# Version:         3.4 (Aug 2023)
# Pipeline mode:   SEARCH
# Query file:      /private/groups/russelllab/jodie/Jacobs_et_al_2026_de_novo_wRi_merrill_23_assembly/busco_downloads/lineages/rickettsiales_odb10/hmms/1882at766.hmm
# Target file:     private/groups/russelllab/jodie/Jacobs_et_al_2026_de_novo_wRi_merrill_23_assembly/busco/20250828_Nanopore/wRi/polished/prodigal_output/predicted_genes/predicted.faa
# Option settings: hmmsearch --domtblout private/groups/russelllab/jodie/Jacobs_et_al_2026_de_novo_wRi_merrill_23_assembly/busco/20250828_Nanopore/wRi/polished/run_rickettsiales_odb10/hmmer_output/1882at766.out --cpu 1 /private/groups/russelllab/jodie/Jacobs_et_al_2026_de_novo_wRi_merrill_23_assembly/busco_downloads/lineages/rickettsiales_odb10/hmms/1882at766.hmm private/groups/russelllab/jodie/Jacobs_et_al_2026_de_novo_wRi_merrill_23_assembly/busco/20250828_Nanopore/wRi/polished/prodigal_output/predicted_genes/predicted.faa 
# Current dir:     /private/groups/russelllab/jodie/Jacobs_et_al_2026_de_novo_wRi_merrill_23_assembly
# Date:            Fri Aug 29 11:49:10 2025
# [ok]
