#                                                                                           --- full sequence --- -------------- this domain -------------   hmm coord   ali coord   env coord
# target name                       accession   tlen query name           accession   qlen   E-value  score  bias   #  of  c-Evalue  i-Evalue  score  bias  from    to  from    to  from    to  acc description of target
#               ------------------- ---------- ----- -------------------- ---------- ----- --------- ------ ----- --- --- --------- --------- ------ ----- ----- ----- ----- ----- ----- ----- ---- ---------------------
contig_1165_pilon:963302-965323|-   -            674 197at766             -            571  2.4e-231  765.1   5.6   1   1  8.3e-232  2.1e-229  758.7   5.6     7   560    20   646    16   662 0.87 contig_1165_pilon_948 # 963302 # 965323 # -1 # ID=1_948;partial=00;start_type=ATG;rbs_motif=None;rbs_spacer=None;gc_cont=0.361
contig_1165_pilon:573898-575124|-   -            409 197at766             -            571   3.4e-14   48.2   1.8   1   1   7.7e-16   1.9e-13   45.7   1.8   211   495    48   341    28   361 0.68 contig_1165_pilon_558 # 573898 # 575124 # -1 # ID=1_558;partial=00;start_type=GTG;rbs_motif=AGGA;rbs_spacer=5-10bp;gc_cont=0.391
contig_1165_pilon:607949-610291|-   -            781 197at766             -            571   1.3e-13   46.3   8.2   1   3   4.5e-06    0.0011   13.5   0.0   174   231   119   177    96   204 0.78 contig_1165_pilon_590 # 607949 # 610291 # -1 # ID=1_590;partial=00;start_type=ATG;rbs_motif=None;rbs_spacer=None;gc_cont=0.354
contig_1165_pilon:607949-610291|-   -            781 197at766             -            571   1.3e-13   46.3   8.2   2   3   1.8e-10   4.4e-08   28.0   0.5   229   392   284   459   278   462 0.72 contig_1165_pilon_590 # 607949 # 610291 # -1 # ID=1_590;partial=00;start_type=ATG;rbs_motif=None;rbs_spacer=None;gc_cont=0.354
contig_1165_pilon:607949-610291|-   -            781 197at766             -            571   1.3e-13   46.3   8.2   3   3   0.00027     0.068    7.6   0.5   421   518   545   653   531   660 0.71 contig_1165_pilon_590 # 607949 # 610291 # -1 # ID=1_590;partial=00;start_type=ATG;rbs_motif=None;rbs_spacer=None;gc_cont=0.354
contig_1165_pilon:947526-949439|+   -            638 197at766             -            571   8.3e-09   30.4   0.6   1   2   1.2e-06   0.00029   15.4   0.0   186   260    12    85     3    90 0.78 contig_1165_pilon_933 # 947526 # 949439 # 1 # ID=1_933;partial=00;start_type=ATG;rbs_motif=None;rbs_spacer=None;gc_cont=0.382
contig_1165_pilon:947526-949439|+   -            638 197at766             -            571   8.3e-09   30.4   0.6   2   2   4.9e-06    0.0012   13.3   0.2   242   475   452   526   381   605 0.65 contig_1165_pilon_933 # 947526 # 949439 # 1 # ID=1_933;partial=00;start_type=ATG;rbs_motif=None;rbs_spacer=None;gc_cont=0.382
contig_1165_pilon:1162943-1166470|+ -           1176 197at766             -            571   3.9e-05   18.3   0.1   1   2   2.7e-05    0.0067   10.9   0.0   153   245   680   775   625   790 0.76 contig_1165_pilon_1149 # 1162943 # 1166470 # 1 # ID=1_1149;partial=00;start_type=ATG;rbs_motif=None;rbs_spacer=None;gc_cont=0.342
contig_1165_pilon:1162943-1166470|+ -           1176 197at766             -            571   3.9e-05   18.3   0.1   2   2    0.0022      0.55    4.6   0.0   413   444  1036  1067  1024  1093 0.83 contig_1165_pilon_1149 # 1162943 # 1166470 # 1 # ID=1_1149;partial=00;start_type=ATG;rbs_motif=None;rbs_spacer=None;gc_cont=0.342
#
# Program:         hmmsearch
# Version:         3.4 (Aug 2023)
# Pipeline mode:   SEARCH
# Query file:      /private/groups/russelllab/jodie/Jacobs_et_al_2026_de_novo_wRi_merrill_23_assembly/busco_downloads/lineages/rickettsiales_odb10/hmms/197at766.hmm
# Target file:     private/groups/russelllab/jodie/Jacobs_et_al_2026_de_novo_wRi_merrill_23_assembly/busco/20250828_Nanopore/wRi/polished/prodigal_output/predicted_genes/predicted.faa
# Option settings: hmmsearch --domtblout private/groups/russelllab/jodie/Jacobs_et_al_2026_de_novo_wRi_merrill_23_assembly/busco/20250828_Nanopore/wRi/polished/run_rickettsiales_odb10/hmmer_output/197at766.out --cpu 1 /private/groups/russelllab/jodie/Jacobs_et_al_2026_de_novo_wRi_merrill_23_assembly/busco_downloads/lineages/rickettsiales_odb10/hmms/197at766.hmm private/groups/russelllab/jodie/Jacobs_et_al_2026_de_novo_wRi_merrill_23_assembly/busco/20250828_Nanopore/wRi/polished/prodigal_output/predicted_genes/predicted.faa 
# Current dir:     /private/groups/russelllab/jodie/Jacobs_et_al_2026_de_novo_wRi_merrill_23_assembly
# Date:            Fri Aug 29 11:49:10 2025
# [ok]
