#                                                                                           --- full sequence --- -------------- this domain -------------   hmm coord   ali coord   env coord
# target name                       accession   tlen query name           accession   qlen   E-value  score  bias   #  of  c-Evalue  i-Evalue  score  bias  from    to  from    to  from    to  acc description of target
#               ------------------- ---------- ----- -------------------- ---------- ----- --------- ------ ----- --- --- --------- --------- ------ ----- ----- ----- ----- ----- ----- ----- ---- ---------------------
contig_1165_pilon:1036645-1037529|- -            295 2000at766            -            235   5.5e-92  303.6  13.8   1   1   5.8e-92   1.2e-89  295.9  13.8     1   235     9   283     9   283 0.86 contig_1165_pilon_1017 # 1036645 # 1037529 # -1 # ID=1_1017;partial=00;start_type=GTG;rbs_motif=None;rbs_spacer=None;gc_cont=0.350
contig_1165_pilon:700496-701821|-   -            442 2000at766            -            235   1.5e-25   86.1   0.4   1   2     3e-15   6.2e-13   44.8   0.0     1    92     4    97     4   133 0.83 contig_1165_pilon_686 # 700496 # 701821 # -1 # ID=1_686;partial=00;start_type=ATG;rbs_motif=None;rbs_spacer=None;gc_cont=0.373
contig_1165_pilon:700496-701821|-   -            442 2000at766            -            235   1.5e-25   86.1   0.4   2   2   2.3e-13   4.8e-11   38.6   0.1     1    86   178   269   178   320 0.88 contig_1165_pilon_686 # 700496 # 701821 # -1 # ID=1_686;partial=00;start_type=ATG;rbs_motif=None;rbs_spacer=None;gc_cont=0.373
contig_1165_pilon:813923-815251|-   -            443 2000at766            -            235   9.1e-12   41.0   0.1   1   1   2.7e-13   5.6e-11   38.4   0.1     2   140   221   378   220   397 0.72 contig_1165_pilon_793 # 813923 # 815251 # -1 # ID=1_793;partial=00;start_type=ATG;rbs_motif=None;rbs_spacer=None;gc_cont=0.358
contig_1165_pilon:260189-260782|+   -            198 2000at766            -            235   3.2e-09   32.7   0.2   1   1   3.3e-11   6.8e-09   31.6   0.2     2   135    30   171    29   194 0.64 contig_1165_pilon_254 # 260189 # 260782 # 1 # ID=1_254;partial=00;start_type=ATG;rbs_motif=None;rbs_spacer=None;gc_cont=0.320
contig_1165_pilon:20327-21349|+     -            341 2000at766            -            235   3.7e-07   25.9   0.1   1   2   9.5e-09     2e-06   23.5   0.1     1    86   162   248   162   305 0.85 contig_1165_pilon_18 # 20327 # 21349 # 1 # ID=1_18;partial=00;start_type=ATG;rbs_motif=None;rbs_spacer=None;gc_cont=0.362
contig_1165_pilon:20327-21349|+     -            341 2000at766            -            235   3.7e-07   25.9   0.1   2   2       1.2   2.4e+02   -2.9   0.0   145   182   296   333   291   335 0.79 contig_1165_pilon_18 # 20327 # 21349 # 1 # ID=1_18;partial=00;start_type=ATG;rbs_motif=None;rbs_spacer=None;gc_cont=0.362
contig_1165_pilon:66552-67646|+     -            365 2000at766            -            235   0.00072   15.1   2.0   1   1     1e-05    0.0021   13.6   2.0     2   213     6   226     5   246 0.63 contig_1165_pilon_65 # 66552 # 67646 # 1 # ID=1_65;partial=00;start_type=ATG;rbs_motif=None;rbs_spacer=None;gc_cont=0.380
#
# Program:         hmmsearch
# Version:         3.4 (Aug 2023)
# Pipeline mode:   SEARCH
# Query file:      /private/groups/russelllab/jodie/Jacobs_et_al_2026_de_novo_wRi_merrill_23_assembly/busco_downloads/lineages/rickettsiales_odb10/hmms/2000at766.hmm
# Target file:     private/groups/russelllab/jodie/Jacobs_et_al_2026_de_novo_wRi_merrill_23_assembly/busco/20250828_Nanopore/wRi/polished/prodigal_output/predicted_genes/predicted.faa
# Option settings: hmmsearch --domtblout private/groups/russelllab/jodie/Jacobs_et_al_2026_de_novo_wRi_merrill_23_assembly/busco/20250828_Nanopore/wRi/polished/run_rickettsiales_odb10/hmmer_output/2000at766.out --cpu 1 /private/groups/russelllab/jodie/Jacobs_et_al_2026_de_novo_wRi_merrill_23_assembly/busco_downloads/lineages/rickettsiales_odb10/hmms/2000at766.hmm private/groups/russelllab/jodie/Jacobs_et_al_2026_de_novo_wRi_merrill_23_assembly/busco/20250828_Nanopore/wRi/polished/prodigal_output/predicted_genes/predicted.faa 
# Current dir:     /private/groups/russelllab/jodie/Jacobs_et_al_2026_de_novo_wRi_merrill_23_assembly
# Date:            Fri Aug 29 11:49:10 2025
# [ok]
