#                                                                                         --- full sequence --- -------------- this domain -------------   hmm coord   ali coord   env coord
# target name                     accession   tlen query name           accession   qlen   E-value  score  bias   #  of  c-Evalue  i-Evalue  score  bias  from    to  from    to  from    to  acc description of target
#             ------------------- ---------- ----- -------------------- ---------- ----- --------- ------ ----- --- --- --------- --------- ------ ----- ----- ----- ----- ----- ----- ----- ---- ---------------------
contig_1165_pilon:824488-825852|- -            455 2208at766            -            338  6.4e-111  367.0  58.5   1   2   0.00091      0.19    7.1   3.8     1    33     3    36     3    53 0.70 contig_1165_pilon_806 # 824488 # 825852 # -1 # ID=1_806;partial=00;start_type=ATG;rbs_motif=None;rbs_spacer=None;gc_cont=0.347
contig_1165_pilon:824488-825852|- -            455 2208at766            -            338  6.4e-111  367.0  58.5   2   2  7.9e-112  1.7e-109  362.4  48.7     7   326    54   424    45   436 0.87 contig_1165_pilon_806 # 824488 # 825852 # -1 # ID=1_806;partial=00;start_type=ATG;rbs_motif=None;rbs_spacer=None;gc_cont=0.347
contig_1165_pilon:694022-695488|- -            489 2208at766            -            338   1.3e-34  116.1  44.9   1   2       1.2   2.5e+02   -3.2   2.6    29    60    11    44     3    57 0.39 contig_1165_pilon_678 # 694022 # 695488 # -1 # ID=1_678;partial=00;start_type=ATG;rbs_motif=None;rbs_spacer=None;gc_cont=0.344
contig_1165_pilon:694022-695488|- -            489 2208at766            -            338   1.3e-34  116.1  44.9   2   2   6.5e-37   1.3e-34  116.1  44.9    13   323    76   439    68   448 0.77 contig_1165_pilon_678 # 694022 # 695488 # -1 # ID=1_678;partial=00;start_type=ATG;rbs_motif=None;rbs_spacer=None;gc_cont=0.344
contig_1165_pilon:827295-829151|- -            619 2208at766            -            338   1.4e-24   83.1  38.9   1   2       0.5     1e+02   -1.9   2.5    34   112    19    99     3   111 0.73 contig_1165_pilon_808 # 827295 # 829151 # -1 # ID=1_808;partial=00;start_type=ATG;rbs_motif=None;rbs_spacer=None;gc_cont=0.349
contig_1165_pilon:827295-829151|- -            619 2208at766            -            338   1.4e-24   83.1  38.9   2   2   1.1e-24   2.3e-22   75.9  35.3    16   324    81   441    66   455 0.72 contig_1165_pilon_808 # 827295 # 829151 # -1 # ID=1_808;partial=00;start_type=ATG;rbs_motif=None;rbs_spacer=None;gc_cont=0.349
contig_1165_pilon:971002-972510|- -            503 2208at766            -            338   6.7e-18   61.2  43.4   1   2   3.5e-05    0.0073   11.8  20.5    12   180    98   281    88   293 0.64 contig_1165_pilon_956 # 971002 # 972510 # -1 # ID=1_956;partial=00;start_type=ATG;rbs_motif=None;rbs_spacer=None;gc_cont=0.343
contig_1165_pilon:971002-972510|- -            503 2208at766            -            338   6.7e-18   61.2  43.4   2   2   2.7e-18   5.7e-16   54.9  14.9   185   322   306   466   302   482 0.80 contig_1165_pilon_956 # 971002 # 972510 # -1 # ID=1_956;partial=00;start_type=ATG;rbs_motif=None;rbs_spacer=None;gc_cont=0.343
contig_1165_pilon:825849-827291|- -            481 2208at766            -            338   5.3e-09   32.0  48.3   1   3       4.9     1e+03   -5.1   2.2    15    33    15    33     3    49 0.37 contig_1165_pilon_807 # 825849 # 827291 # -1 # ID=1_807;partial=00;start_type=GTG;rbs_motif=None;rbs_spacer=None;gc_cont=0.351
contig_1165_pilon:825849-827291|- -            481 2208at766            -            338   5.3e-09   32.0  48.3   2   3   2.6e-11   5.3e-09   32.0  48.3    13   319    75   424    70   449 0.69 contig_1165_pilon_807 # 825849 # 827291 # -1 # ID=1_807;partial=00;start_type=GTG;rbs_motif=None;rbs_spacer=None;gc_cont=0.351
contig_1165_pilon:825849-827291|- -            481 2208at766            -            338   5.3e-09   32.0  48.3   3   3       0.1        22    0.4   0.7    37    55   437   455   421   467 0.80 contig_1165_pilon_807 # 825849 # 827291 # -1 # ID=1_807;partial=00;start_type=GTG;rbs_motif=None;rbs_spacer=None;gc_cont=0.351
contig_1165_pilon:716304-717863|+ -            520 2208at766            -            338   1.7e-08   30.3  37.9   1   2   8.1e-11   1.7e-08   30.3  37.9    13   302    32   334    17   356 0.69 contig_1165_pilon_702 # 716304 # 717863 # 1 # ID=1_702;partial=00;start_type=GTG;rbs_motif=None;rbs_spacer=None;gc_cont=0.332
contig_1165_pilon:716304-717863|+ -            520 2208at766            -            338   1.7e-08   30.3  37.9   2   2      0.52   1.1e+02   -1.9   2.5   232   305   343   416   331   445 0.63 contig_1165_pilon_702 # 716304 # 717863 # 1 # ID=1_702;partial=00;start_type=GTG;rbs_motif=None;rbs_spacer=None;gc_cont=0.332
#
# Program:         hmmsearch
# Version:         3.4 (Aug 2023)
# Pipeline mode:   SEARCH
# Query file:      /private/groups/russelllab/jodie/Jacobs_et_al_2026_de_novo_wRi_merrill_23_assembly/busco_downloads/lineages/rickettsiales_odb10/hmms/2208at766.hmm
# Target file:     private/groups/russelllab/jodie/Jacobs_et_al_2026_de_novo_wRi_merrill_23_assembly/busco/20250828_Nanopore/wRi/polished/prodigal_output/predicted_genes/predicted.faa
# Option settings: hmmsearch --domtblout private/groups/russelllab/jodie/Jacobs_et_al_2026_de_novo_wRi_merrill_23_assembly/busco/20250828_Nanopore/wRi/polished/run_rickettsiales_odb10/hmmer_output/2208at766.out --cpu 1 /private/groups/russelllab/jodie/Jacobs_et_al_2026_de_novo_wRi_merrill_23_assembly/busco_downloads/lineages/rickettsiales_odb10/hmms/2208at766.hmm private/groups/russelllab/jodie/Jacobs_et_al_2026_de_novo_wRi_merrill_23_assembly/busco/20250828_Nanopore/wRi/polished/prodigal_output/predicted_genes/predicted.faa 
# Current dir:     /private/groups/russelllab/jodie/Jacobs_et_al_2026_de_novo_wRi_merrill_23_assembly
# Date:            Fri Aug 29 11:49:10 2025
# [ok]
