#                                                                                           --- full sequence --- -------------- this domain -------------   hmm coord   ali coord   env coord
# target name                       accession   tlen query name           accession   qlen   E-value  score  bias   #  of  c-Evalue  i-Evalue  score  bias  from    to  from    to  from    to  acc description of target
#               ------------------- ---------- ----- -------------------- ---------- ----- --------- ------ ----- --- --- --------- --------- ------ ----- ----- ----- ----- ----- ----- ----- ---- ---------------------
contig_1165_pilon:897570-898481|+   -            304 2505at766            -            249   4.3e-98  323.8  11.0   1   2   1.4e-15   4.4e-13   45.4   1.9     1    71     2    86     2    88 0.82 contig_1165_pilon_888 # 897570 # 898481 # 1 # ID=1_888;partial=00;start_type=TTG;rbs_motif=AGGAG;rbs_spacer=5-10bp;gc_cont=0.361
contig_1165_pilon:897570-898481|+   -            304 2505at766            -            249   4.3e-98  323.8  11.0   2   2   2.3e-88   7.3e-86  283.8   4.1    47   249    78   300    68   300 0.91 contig_1165_pilon_888 # 897570 # 898481 # 1 # ID=1_888;partial=00;start_type=TTG;rbs_motif=AGGAG;rbs_spacer=5-10bp;gc_cont=0.361
contig_1165_pilon:717848-719191|+   -            448 2505at766            -            249   3.3e-39  131.0   6.5   1   4      0.17        54   -0.8   0.6    31    71    29    71     1    80 0.57 contig_1165_pilon_703 # 717848 # 719191 # 1 # ID=1_703;partial=00;start_type=ATG;rbs_motif=None;rbs_spacer=None;gc_cont=0.357
contig_1165_pilon:717848-719191|+   -            448 2505at766            -            249   3.3e-39  131.0   6.5   2   4     1e-41   3.3e-39  131.0   6.5    64   248    95   293    49   294 0.85 contig_1165_pilon_703 # 717848 # 719191 # 1 # ID=1_703;partial=00;start_type=ATG;rbs_motif=None;rbs_spacer=None;gc_cont=0.357
contig_1165_pilon:717848-719191|+   -            448 2505at766            -            249   3.3e-39  131.0   6.5   3   4      0.55   1.7e+02   -2.4   0.1   231   238   313   320   297   360 0.56 contig_1165_pilon_703 # 717848 # 719191 # 1 # ID=1_703;partial=00;start_type=ATG;rbs_motif=None;rbs_spacer=None;gc_cont=0.357
contig_1165_pilon:717848-719191|+   -            448 2505at766            -            249   3.3e-39  131.0   6.5   4   4      0.19        60   -0.9   0.2    10    35   413   437   405   445 0.55 contig_1165_pilon_703 # 717848 # 719191 # 1 # ID=1_703;partial=00;start_type=ATG;rbs_motif=None;rbs_spacer=None;gc_cont=0.357
contig_1165_pilon:1025866-1027500|+ -            545 2505at766            -            249     0.092    8.3   6.3   1   2   0.00011     0.033    9.7   1.0    12    84    18    79    13   150 0.73 contig_1165_pilon_1008 # 1025866 # 1027500 # 1 # ID=1_1008;partial=00;start_type=ATG;rbs_motif=GGA/GAG/AGG;rbs_spacer=5-10bp;gc_cont=0.345
contig_1165_pilon:1025866-1027500|+ -            545 2505at766            -            249     0.092    8.3   6.3   2   2      0.33     1e+02   -1.7   0.4    20    69   231   282   222   311 0.64 contig_1165_pilon_1008 # 1025866 # 1027500 # 1 # ID=1_1008;partial=00;start_type=ATG;rbs_motif=GGA/GAG/AGG;rbs_spacer=5-10bp;gc_cont=0.345
contig_1165_pilon:820584-822059|+   -            492 2505at766            -            249       1.2    4.7  13.7   1   3   8.4e-05     0.026   10.1   1.0     6    73   199   268   194   272 0.84 contig_1165_pilon_800 # 820584 # 822059 # 1 # ID=1_800;partial=00;start_type=ATG;rbs_motif=None;rbs_spacer=None;gc_cont=0.358
contig_1165_pilon:820584-822059|+   -            492 2505at766            -            249       1.2    4.7  13.7   2   3     0.041        13    1.3   0.4    20    67   275   322   269   334 0.84 contig_1165_pilon_800 # 820584 # 822059 # 1 # ID=1_800;partial=00;start_type=ATG;rbs_motif=None;rbs_spacer=None;gc_cont=0.358
contig_1165_pilon:820584-822059|+   -            492 2505at766            -            249       1.2    4.7  13.7   3   3     0.055        17    0.9   0.7    22    68   325   371   316   388 0.68 contig_1165_pilon_800 # 820584 # 822059 # 1 # ID=1_800;partial=00;start_type=ATG;rbs_motif=None;rbs_spacer=None;gc_cont=0.358
#
# Program:         hmmsearch
# Version:         3.4 (Aug 2023)
# Pipeline mode:   SEARCH
# Query file:      /private/groups/russelllab/jodie/Jacobs_et_al_2026_de_novo_wRi_merrill_23_assembly/busco_downloads/lineages/rickettsiales_odb10/hmms/2505at766.hmm
# Target file:     private/groups/russelllab/jodie/Jacobs_et_al_2026_de_novo_wRi_merrill_23_assembly/busco/20250828_Nanopore/wRi/polished/prodigal_output/predicted_genes/predicted.faa
# Option settings: hmmsearch --domtblout private/groups/russelllab/jodie/Jacobs_et_al_2026_de_novo_wRi_merrill_23_assembly/busco/20250828_Nanopore/wRi/polished/run_rickettsiales_odb10/hmmer_output/2505at766.out --cpu 1 /private/groups/russelllab/jodie/Jacobs_et_al_2026_de_novo_wRi_merrill_23_assembly/busco_downloads/lineages/rickettsiales_odb10/hmms/2505at766.hmm private/groups/russelllab/jodie/Jacobs_et_al_2026_de_novo_wRi_merrill_23_assembly/busco/20250828_Nanopore/wRi/polished/prodigal_output/predicted_genes/predicted.faa 
# Current dir:     /private/groups/russelllab/jodie/Jacobs_et_al_2026_de_novo_wRi_merrill_23_assembly
# Date:            Fri Aug 29 11:49:11 2025
# [ok]
