#                                                                                           --- full sequence --- -------------- this domain -------------   hmm coord   ali coord   env coord
# target name                       accession   tlen query name           accession   qlen   E-value  score  bias   #  of  c-Evalue  i-Evalue  score  bias  from    to  from    to  from    to  acc description of target
#               ------------------- ---------- ----- -------------------- ---------- ----- --------- ------ ----- --- --- --------- --------- ------ ----- ----- ----- ----- ----- ----- ----- ---- ---------------------
contig_1165_pilon:34020-35816|+     -            599 255at766             -            536  2.1e-296  979.8   1.1   1   1  1.3e-298  2.4e-296  979.6   1.1     1   536     4   598     4   598 0.94 contig_1165_pilon_32 # 34020 # 35816 # 1 # ID=1_32;partial=00;start_type=ATG;rbs_motif=None;rbs_spacer=None;gc_cont=0.378
contig_1165_pilon:472500-474575|-   -            692 255at766             -            536   9.7e-36  119.5   1.0   1   4   8.4e-23   1.5e-20   69.4   0.0     2   146     9   152     8   179 0.84 contig_1165_pilon_464 # 472500 # 474575 # -1 # ID=1_464;partial=00;start_type=ATG;rbs_motif=None;rbs_spacer=None;gc_cont=0.368
contig_1165_pilon:472500-474575|-   -            692 255at766             -            536   9.7e-36  119.5   1.0   2   4      0.44        78   -2.3   0.0   158   182   259   283   255   289 0.84 contig_1165_pilon_464 # 472500 # 474575 # -1 # ID=1_464;partial=00;start_type=ATG;rbs_motif=None;rbs_spacer=None;gc_cont=0.368
contig_1165_pilon:472500-474575|-   -            692 255at766             -            536   9.7e-36  119.5   1.0   3   4   2.1e-11   3.8e-09   31.8   0.0   184   352   312   491   298   498 0.70 contig_1165_pilon_464 # 472500 # 474575 # -1 # ID=1_464;partial=00;start_type=ATG;rbs_motif=None;rbs_spacer=None;gc_cont=0.368
contig_1165_pilon:472500-474575|-   -            692 255at766             -            536   9.7e-36  119.5   1.0   4   4   3.1e-06   0.00056   14.7   0.0   354   421   597   672   588   683 0.75 contig_1165_pilon_464 # 472500 # 474575 # -1 # ID=1_464;partial=00;start_type=ATG;rbs_motif=None;rbs_spacer=None;gc_cont=0.368
contig_1165_pilon:278330-280159|+   -            610 255at766             -            536   1.2e-32  109.3   0.1   1   2   2.9e-34   5.2e-32  107.2   0.0     1   152     7   156     7   177 0.93 contig_1165_pilon_273 # 278330 # 280159 # 1 # ID=1_273;partial=00;start_type=ATG;rbs_motif=None;rbs_spacer=None;gc_cont=0.402
contig_1165_pilon:278330-280159|+   -            610 255at766             -            536   1.2e-32  109.3   0.1   2   2      0.16        28   -0.8   0.0   305   384   356   427   338   432 0.73 contig_1165_pilon_273 # 278330 # 280159 # 1 # ID=1_273;partial=00;start_type=ATG;rbs_motif=None;rbs_spacer=None;gc_cont=0.402
contig_1165_pilon:1095747-1096919|+ -            391 255at766             -            536   4.1e-12   41.5   0.9   1   1   3.5e-14   6.3e-12   40.9   0.9     3   147    14   152    13   253 0.87 contig_1165_pilon_1074 # 1095747 # 1096919 # 1 # ID=1_1074;partial=00;start_type=ATG;rbs_motif=None;rbs_spacer=None;gc_cont=0.425
contig_1165_pilon:471316-472488|-   -            391 255at766             -            536   4.1e-12   41.5   0.9   1   1   3.5e-14   6.3e-12   40.9   0.9     3   147    14   152    13   253 0.87 contig_1165_pilon_463 # 471316 # 472488 # -1 # ID=1_463;partial=00;start_type=ATG;rbs_motif=GGA/GAG/AGG;rbs_spacer=5-10bp;gc_cont=0.425
contig_1165_pilon:495363-497687|+   -            775 255at766             -            536   2.1e-06   22.7   5.4   1   2   1.2e-08   2.1e-06   22.7   5.4    49   216   310   488   280   502 0.68 contig_1165_pilon_481 # 495363 # 497687 # 1 # ID=1_481;partial=00;start_type=ATG;rbs_motif=None;rbs_spacer=None;gc_cont=0.347
contig_1165_pilon:495363-497687|+   -            775 255at766             -            536   2.1e-06   22.7   5.4   2   2      0.15        26   -0.7   0.1   467   519   686   741   678   760 0.70 contig_1165_pilon_481 # 495363 # 497687 # 1 # ID=1_481;partial=00;start_type=ATG;rbs_motif=None;rbs_spacer=None;gc_cont=0.347
contig_1165_pilon:700496-701821|-   -            442 255at766             -            536   4.8e-05   18.2   0.1   1   2       1.1     2e+02   -3.6   0.0     5    24     5    24     3    28 0.79 contig_1165_pilon_686 # 700496 # 701821 # -1 # ID=1_686;partial=00;start_type=ATG;rbs_motif=None;rbs_spacer=None;gc_cont=0.373
contig_1165_pilon:700496-701821|-   -            442 255at766             -            536   4.8e-05   18.2   0.1   2   2   5.5e-07   9.9e-05   17.2   0.1    87   173   254   344   178   368 0.76 contig_1165_pilon_686 # 700496 # 701821 # -1 # ID=1_686;partial=00;start_type=ATG;rbs_motif=None;rbs_spacer=None;gc_cont=0.373
#
# Program:         hmmsearch
# Version:         3.4 (Aug 2023)
# Pipeline mode:   SEARCH
# Query file:      /private/groups/russelllab/jodie/Jacobs_et_al_2026_de_novo_wRi_merrill_23_assembly/busco_downloads/lineages/rickettsiales_odb10/hmms/255at766.hmm
# Target file:     private/groups/russelllab/jodie/Jacobs_et_al_2026_de_novo_wRi_merrill_23_assembly/busco/20250828_Nanopore/wRi/polished/prodigal_output/predicted_genes/predicted.faa
# Option settings: hmmsearch --domtblout private/groups/russelllab/jodie/Jacobs_et_al_2026_de_novo_wRi_merrill_23_assembly/busco/20250828_Nanopore/wRi/polished/run_rickettsiales_odb10/hmmer_output/255at766.out --cpu 1 /private/groups/russelllab/jodie/Jacobs_et_al_2026_de_novo_wRi_merrill_23_assembly/busco_downloads/lineages/rickettsiales_odb10/hmms/255at766.hmm private/groups/russelllab/jodie/Jacobs_et_al_2026_de_novo_wRi_merrill_23_assembly/busco/20250828_Nanopore/wRi/polished/prodigal_output/predicted_genes/predicted.faa 
# Current dir:     /private/groups/russelllab/jodie/Jacobs_et_al_2026_de_novo_wRi_merrill_23_assembly
# Date:            Fri Aug 29 11:49:11 2025
# [ok]
