#                                                                                         --- full sequence --- -------------- this domain -------------   hmm coord   ali coord   env coord
# target name                     accession   tlen query name           accession   qlen   E-value  score  bias   #  of  c-Evalue  i-Evalue  score  bias  from    to  from    to  from    to  acc description of target
#             ------------------- ---------- ----- -------------------- ---------- ----- --------- ------ ----- --- --- --------- --------- ------ ----- ----- ----- ----- ----- ----- ----- ---- ---------------------
contig_1165_pilon:557031-558869|+ -            613 257at766             -            501  9.7e-261  861.8  12.1   1   1  7.5e-262  1.3e-259  858.1  12.1    47   501   105   593    30   593 0.93 contig_1165_pilon_542 # 557031 # 558869 # 1 # ID=1_542;partial=00;start_type=ATG;rbs_motif=None;rbs_spacer=None;gc_cont=0.372
contig_1165_pilon:38096-39193|-   -            366 257at766             -            501   1.3e-59  198.4   0.0   1   1   8.4e-62   1.5e-59  198.2   0.0    49   337    49   353     2   362 0.80 contig_1165_pilon_35 # 38096 # 39193 # -1 # ID=1_35;partial=00;start_type=ATG;rbs_motif=GGA/GAG/AGG;rbs_spacer=5-10bp;gc_cont=0.360
contig_1165_pilon:48547-49761|+   -            405 257at766             -            501   3.9e-15   51.7   0.9   1   2      0.35        62   -1.7   0.1   261   313   101   154    94   171 0.56 contig_1165_pilon_46 # 48547 # 49761 # 1 # ID=1_46;partial=00;start_type=ATG;rbs_motif=GGAG/GAGG;rbs_spacer=5-10bp;gc_cont=0.336
contig_1165_pilon:48547-49761|+   -            405 257at766             -            501   3.9e-15   51.7   0.9   2   2   2.2e-17   3.9e-15   51.7   0.9    90   260   206   376   188   398 0.79 contig_1165_pilon_46 # 48547 # 49761 # 1 # ID=1_46;partial=00;start_type=ATG;rbs_motif=GGAG/GAGG;rbs_spacer=5-10bp;gc_cont=0.336
contig_1165_pilon:191119-192396|+ -            426 257at766             -            501   9.6e-09   30.6   0.0   1   1   9.1e-11   1.6e-08   29.9   0.0   126   199   117   196    79   221 0.80 contig_1165_pilon_184 # 191119 # 192396 # 1 # ID=1_184;partial=00;start_type=ATG;rbs_motif=GGA/GAG/AGG;rbs_spacer=5-10bp;gc_cont=0.367
contig_1165_pilon:192412-194865|+ -            818 257at766             -            501   3.1e-07   25.6   0.5   1   3   7.5e-09   1.3e-06   23.5   0.0    89   156   329   393   313   447 0.68 contig_1165_pilon_185 # 192412 # 194865 # 1 # ID=1_185;partial=00;start_type=ATG;rbs_motif=GGAG/GAGG;rbs_spacer=5-10bp;gc_cont=0.363
contig_1165_pilon:192412-194865|+ -            818 257at766             -            501   3.1e-07   25.6   0.5   2   3      0.27        49   -1.4   0.0   451   484   556   589   551   593 0.83 contig_1165_pilon_185 # 192412 # 194865 # 1 # ID=1_185;partial=00;start_type=ATG;rbs_motif=GGAG/GAGG;rbs_spacer=5-10bp;gc_cont=0.363
contig_1165_pilon:192412-194865|+ -            818 257at766             -            501   3.1e-07   25.6   0.5   3   3       1.2   2.1e+02   -3.5   0.0   227   249   763   785   761   787 0.90 contig_1165_pilon_185 # 192412 # 194865 # 1 # ID=1_185;partial=00;start_type=ATG;rbs_motif=GGAG/GAGG;rbs_spacer=5-10bp;gc_cont=0.363
contig_1165_pilon:619162-620652|- -            497 257at766             -            501   4.6e-07   25.1   0.1   1   2   7.1e-09   1.3e-06   23.6   0.0   123   178   109   166    83   173 0.91 contig_1165_pilon_599 # 619162 # 620652 # -1 # ID=1_599;partial=00;start_type=ATG;rbs_motif=GGAG/GAGG;rbs_spacer=5-10bp;gc_cont=0.371
contig_1165_pilon:619162-620652|- -            497 257at766             -            501   4.6e-07   25.1   0.1   2   2      0.99   1.8e+02   -3.3   0.0   185   196   305   316   302   329 0.79 contig_1165_pilon_599 # 619162 # 620652 # -1 # ID=1_599;partial=00;start_type=ATG;rbs_motif=GGAG/GAGG;rbs_spacer=5-10bp;gc_cont=0.371
contig_1165_pilon:688889-689869|+ -            327 257at766             -            501   0.00088   14.2   0.0   1   1   7.4e-06    0.0013   13.6   0.0   126   157    53    84    20   117 0.84 contig_1165_pilon_673 # 688889 # 689869 # 1 # ID=1_673;partial=00;start_type=ATG;rbs_motif=None;rbs_spacer=None;gc_cont=0.387
#
# Program:         hmmsearch
# Version:         3.4 (Aug 2023)
# Pipeline mode:   SEARCH
# Query file:      /private/groups/russelllab/jodie/Jacobs_et_al_2026_de_novo_wRi_merrill_23_assembly/busco_downloads/lineages/rickettsiales_odb10/hmms/257at766.hmm
# Target file:     private/groups/russelllab/jodie/Jacobs_et_al_2026_de_novo_wRi_merrill_23_assembly/busco/20250828_Nanopore/wRi/polished/prodigal_output/predicted_genes/predicted.faa
# Option settings: hmmsearch --domtblout private/groups/russelllab/jodie/Jacobs_et_al_2026_de_novo_wRi_merrill_23_assembly/busco/20250828_Nanopore/wRi/polished/run_rickettsiales_odb10/hmmer_output/257at766.out --cpu 1 /private/groups/russelllab/jodie/Jacobs_et_al_2026_de_novo_wRi_merrill_23_assembly/busco_downloads/lineages/rickettsiales_odb10/hmms/257at766.hmm private/groups/russelllab/jodie/Jacobs_et_al_2026_de_novo_wRi_merrill_23_assembly/busco/20250828_Nanopore/wRi/polished/prodigal_output/predicted_genes/predicted.faa 
# Current dir:     /private/groups/russelllab/jodie/Jacobs_et_al_2026_de_novo_wRi_merrill_23_assembly
# Date:            Fri Aug 29 11:49:11 2025
# [ok]
