#                                                                                           --- full sequence --- -------------- this domain -------------   hmm coord   ali coord   env coord
# target name                       accession   tlen query name           accession   qlen   E-value  score  bias   #  of  c-Evalue  i-Evalue  score  bias  from    to  from    to  from    to  acc description of target
#               ------------------- ---------- ----- -------------------- ---------- ----- --------- ------ ----- --- --- --------- --------- ------ ----- ----- ----- ----- ----- ----- ----- ---- ---------------------
contig_1165_pilon:104437-105060|+   -            208 2960at766            -            170   3.1e-63  208.8   1.1   1   1   4.1e-63   3.2e-61  202.3   1.1     1   166     1   190     1   194 0.87 contig_1165_pilon_93 # 104437 # 105060 # 1 # ID=1_93;partial=00;start_type=ATG;rbs_motif=None;rbs_spacer=None;gc_cont=0.361
contig_1165_pilon:56166-56807|-     -            214 2960at766            -            170   5.2e-24   81.2   0.2   1   1   8.8e-26   6.9e-24   80.8   0.2     5   165     8   177     1   181 0.86 contig_1165_pilon_54 # 56166 # 56807 # -1 # ID=1_54;partial=00;start_type=ATG;rbs_motif=GGA/GAG/AGG;rbs_spacer=5-10bp;gc_cont=0.315
contig_1165_pilon:350619-351392|+   -            258 2960at766            -            170   1.2e-20   70.2   3.5   1   2   3.2e-08   2.5e-06   23.6   0.8    10    48    14    53     9    80 0.79 contig_1165_pilon_341 # 350619 # 351392 # 1 # ID=1_341;partial=00;start_type=ATG;rbs_motif=None;rbs_spacer=None;gc_cont=0.336
contig_1165_pilon:350619-351392|+   -            258 2960at766            -            170   1.2e-20   70.2   3.5   2   2   1.6e-15   1.2e-13   47.4   0.1    55   163    81   195    65   201 0.76 contig_1165_pilon_341 # 350619 # 351392 # 1 # ID=1_341;partial=00;start_type=ATG;rbs_motif=None;rbs_spacer=None;gc_cont=0.336
contig_1165_pilon:855096-855791|-   -            232 2960at766            -            170   1.9e-20   69.5   2.2   1   1   3.5e-22   2.7e-20   69.1   2.2     9   163    19   189     9   193 0.80 contig_1165_pilon_841 # 855096 # 855791 # -1 # ID=1_841;partial=00;start_type=TTG;rbs_motif=None;rbs_spacer=None;gc_cont=0.326
contig_1165_pilon:807291-807992|-   -            234 2960at766            -            170   3.2e-20   68.8   0.4   1   1   7.5e-22   5.8e-20   68.0   0.4     9   162    16   190     8   198 0.72 contig_1165_pilon_787 # 807291 # 807992 # -1 # ID=1_787;partial=00;start_type=ATG;rbs_motif=None;rbs_spacer=None;gc_cont=0.323
contig_1165_pilon:1072256-1072930|+ -            225 2960at766            -            170   4.4e-17   58.6   1.8   1   2     9e-08     7e-06   22.2   0.3     6    47    15    56    11    80 0.84 contig_1165_pilon_1054 # 1072256 # 1072930 # 1 # ID=1_1054;partial=00;start_type=ATG;rbs_motif=GGA/GAG/AGG;rbs_spacer=5-10bp;gc_cont=0.370
contig_1165_pilon:1072256-1072930|+ -            225 2960at766            -            170   4.4e-17   58.6   1.8   2   2     5e-12   3.9e-10   36.0   0.1    54   164    87   205    80   210 0.76 contig_1165_pilon_1054 # 1072256 # 1072930 # 1 # ID=1_1054;partial=00;start_type=ATG;rbs_motif=GGA/GAG/AGG;rbs_spacer=5-10bp;gc_cont=0.370
contig_1165_pilon:140499-141257|-   -            253 2960at766            -            170   1.8e-15   53.4   0.6   1   2   4.4e-06   0.00034   16.7   0.0    10    44    18    52    11    65 0.81 contig_1165_pilon_130 # 140499 # 141257 # -1 # ID=1_130;partial=00;start_type=ATG;rbs_motif=AGGA;rbs_spacer=5-10bp;gc_cont=0.362
contig_1165_pilon:140499-141257|-   -            253 2960at766            -            170   1.8e-15   53.4   0.6   2   2     1e-11   7.9e-10   35.0   0.2    97   166   143   213   114   216 0.78 contig_1165_pilon_130 # 140499 # 141257 # -1 # ID=1_130;partial=00;start_type=ATG;rbs_motif=AGGA;rbs_spacer=5-10bp;gc_cont=0.362
contig_1165_pilon:111190-112905|-   -            572 2960at766            -            170   4.3e-13   45.6   4.1   1   3       4.1   3.2e+02   -2.8   0.1    39    71   239   271   236   275 0.82 contig_1165_pilon_101 # 111190 # 112905 # -1 # ID=1_101;partial=00;start_type=ATG;rbs_motif=None;rbs_spacer=None;gc_cont=0.356
contig_1165_pilon:111190-112905|-   -            572 2960at766            -            170   4.3e-13   45.6   4.1   2   3   5.6e-06   0.00043   16.3   0.0     9    47   345   384   340   403 0.78 contig_1165_pilon_101 # 111190 # 112905 # -1 # ID=1_101;partial=00;start_type=ATG;rbs_motif=None;rbs_spacer=None;gc_cont=0.356
contig_1165_pilon:111190-112905|-   -            572 2960at766            -            170   4.3e-13   45.6   4.1   3   3   4.3e-10   3.4e-08   29.7   0.1   103   162   469   529   459   536 0.77 contig_1165_pilon_101 # 111190 # 112905 # -1 # ID=1_101;partial=00;start_type=ATG;rbs_motif=None;rbs_spacer=None;gc_cont=0.356
contig_1165_pilon:1153680-1155455|- -            592 2960at766            -            170     2e-11   40.2   0.6   1   1   4.8e-11   3.8e-09   32.8   0.6     8   162   358   542   348   549 0.67 contig_1165_pilon_1143 # 1153680 # 1155455 # -1 # ID=1_1143;partial=00;start_type=ATG;rbs_motif=None;rbs_spacer=None;gc_cont=0.317
contig_1165_pilon:1010682-1012427|- -            582 2960at766            -            170   9.6e-11   38.0   0.0   1   2    0.0082      0.64    6.0   0.0    10    46   349   386   343   396 0.84 contig_1165_pilon_993 # 1010682 # 1012427 # -1 # ID=1_993;partial=00;start_type=GTG;rbs_motif=GGAG/GAGG;rbs_spacer=5-10bp;gc_cont=0.377
contig_1165_pilon:1010682-1012427|- -            582 2960at766            -            170   9.6e-11   38.0   0.0   2   2   5.2e-10   4.1e-08   29.4   0.0   104   162   474   534   471   541 0.80 contig_1165_pilon_993 # 1010682 # 1012427 # -1 # ID=1_993;partial=00;start_type=GTG;rbs_motif=GGAG/GAGG;rbs_spacer=5-10bp;gc_cont=0.377
contig_1165_pilon:869647-872442|-   -            932 2960at766            -            170   1.6e-10   37.3   6.0   1   4      0.13        10    2.1   0.0    20    39    21    41    10    57 0.75 contig_1165_pilon_860 # 869647 # 872442 # -1 # ID=1_860;partial=00;start_type=ATG;rbs_motif=None;rbs_spacer=None;gc_cont=0.379
contig_1165_pilon:869647-872442|-   -            932 2960at766            -            170   1.6e-10   37.3   6.0   2   4   3.7e-05    0.0029   13.6   0.1    99   165   474   543   449   547 0.74 contig_1165_pilon_860 # 869647 # 872442 # -1 # ID=1_860;partial=00;start_type=ATG;rbs_motif=None;rbs_spacer=None;gc_cont=0.379
contig_1165_pilon:869647-872442|-   -            932 2960at766            -            170   1.6e-10   37.3   6.0   3   4     0.067       5.2    3.0   0.1    12    40   612   641   604   655 0.80 contig_1165_pilon_860 # 869647 # 872442 # -1 # ID=1_860;partial=00;start_type=ATG;rbs_motif=None;rbs_spacer=None;gc_cont=0.379
contig_1165_pilon:869647-872442|-   -            932 2960at766            -            170   1.6e-10   37.3   6.0   4   4   1.5e-06   0.00012   18.2   0.1    65   164   779   883   766   888 0.74 contig_1165_pilon_860 # 869647 # 872442 # -1 # ID=1_860;partial=00;start_type=ATG;rbs_motif=None;rbs_spacer=None;gc_cont=0.379
contig_1165_pilon:526323-527420|-   -            366 2960at766            -            170   5.1e-05   19.3   3.0   1   3   1.5e-05    0.0012   14.9   0.1    15    47    19    51     9    56 0.85 contig_1165_pilon_514 # 526323 # 527420 # -1 # ID=1_514;partial=00;start_type=ATG;rbs_motif=None;rbs_spacer=None;gc_cont=0.333
contig_1165_pilon:526323-527420|-   -            366 2960at766            -            170   5.1e-05   19.3   3.0   2   3         4   3.1e+02   -2.7   0.0    52    85   151   184   137   201 0.62 contig_1165_pilon_514 # 526323 # 527420 # -1 # ID=1_514;partial=00;start_type=ATG;rbs_motif=None;rbs_spacer=None;gc_cont=0.333
contig_1165_pilon:526323-527420|-   -            366 2960at766            -            170   5.1e-05   19.3   3.0   3   3     0.033       2.6    4.0   0.1   117   151   296   333   270   339 0.76 contig_1165_pilon_514 # 526323 # 527420 # -1 # ID=1_514;partial=00;start_type=ATG;rbs_motif=None;rbs_spacer=None;gc_cont=0.333
contig_1165_pilon:191119-192396|+   -            426 2960at766            -            170    0.0015   14.6   0.2   1   2   6.4e-05     0.005   12.9   0.0    19    46   111   138    94   145 0.83 contig_1165_pilon_184 # 191119 # 192396 # 1 # ID=1_184;partial=00;start_type=ATG;rbs_motif=GGA/GAG/AGG;rbs_spacer=5-10bp;gc_cont=0.367
contig_1165_pilon:191119-192396|+   -            426 2960at766            -            170    0.0015   14.6   0.2   2   2       4.4   3.4e+02   -2.9   0.1    14    49   344   379   335   400 0.65 contig_1165_pilon_184 # 191119 # 192396 # 1 # ID=1_184;partial=00;start_type=ATG;rbs_motif=GGA/GAG/AGG;rbs_spacer=5-10bp;gc_cont=0.367
contig_1165_pilon:281437-283998|+   -            854 2960at766            -            170    0.0018   14.3   0.0   1   2    0.0034      0.27    7.2   0.0    16    45   194   223   186   230 0.86 contig_1165_pilon_276 # 281437 # 283998 # 1 # ID=1_276;partial=00;start_type=ATG;rbs_motif=None;rbs_spacer=None;gc_cont=0.377
contig_1165_pilon:281437-283998|+   -            854 2960at766            -            170    0.0018   14.3   0.0   2   2     0.033       2.6    4.0   0.0    24    47   598   621   593   627 0.89 contig_1165_pilon_276 # 281437 # 283998 # 1 # ID=1_276;partial=00;start_type=ATG;rbs_motif=None;rbs_spacer=None;gc_cont=0.377
contig_1165_pilon:38096-39193|-     -            366 2960at766            -            170    0.0036   13.3   0.2   1   2   0.00013      0.01   11.8   0.1     1    60   112   178   112   190 0.71 contig_1165_pilon_35 # 38096 # 39193 # -1 # ID=1_35;partial=00;start_type=ATG;rbs_motif=GGA/GAG/AGG;rbs_spacer=5-10bp;gc_cont=0.360
contig_1165_pilon:38096-39193|-     -            366 2960at766            -            170    0.0036   13.3   0.2   2   2       2.6   2.1e+02   -2.2   0.0   101   116   314   329   307   330 0.74 contig_1165_pilon_35 # 38096 # 39193 # -1 # ID=1_35;partial=00;start_type=ATG;rbs_motif=GGA/GAG/AGG;rbs_spacer=5-10bp;gc_cont=0.360
contig_1165_pilon:1184389-1185210|+ -            274 2960at766            -            170     0.011   11.8   0.0   1   1   0.00032     0.025   10.6   0.0    18    43     9    35     2    39 0.76 contig_1165_pilon_1168 # 1184389 # 1185210 # 1 # ID=1_1168;partial=00;start_type=ATG;rbs_motif=GGA/GAG/AGG;rbs_spacer=5-10bp;gc_cont=0.388
#
# Program:         hmmsearch
# Version:         3.4 (Aug 2023)
# Pipeline mode:   SEARCH
# Query file:      /private/groups/russelllab/jodie/Jacobs_et_al_2026_de_novo_wRi_merrill_23_assembly/busco_downloads/lineages/rickettsiales_odb10/hmms/2960at766.hmm
# Target file:     private/groups/russelllab/jodie/Jacobs_et_al_2026_de_novo_wRi_merrill_23_assembly/busco/20250828_Nanopore/wRi/polished/prodigal_output/predicted_genes/predicted.faa
# Option settings: hmmsearch --domtblout private/groups/russelllab/jodie/Jacobs_et_al_2026_de_novo_wRi_merrill_23_assembly/busco/20250828_Nanopore/wRi/polished/run_rickettsiales_odb10/hmmer_output/2960at766.out --cpu 1 /private/groups/russelllab/jodie/Jacobs_et_al_2026_de_novo_wRi_merrill_23_assembly/busco_downloads/lineages/rickettsiales_odb10/hmms/2960at766.hmm private/groups/russelllab/jodie/Jacobs_et_al_2026_de_novo_wRi_merrill_23_assembly/busco/20250828_Nanopore/wRi/polished/prodigal_output/predicted_genes/predicted.faa 
# Current dir:     /private/groups/russelllab/jodie/Jacobs_et_al_2026_de_novo_wRi_merrill_23_assembly
# Date:            Fri Aug 29 11:49:11 2025
# [ok]
