#                                                                                           --- full sequence --- -------------- this domain -------------   hmm coord   ali coord   env coord
# target name                       accession   tlen query name           accession   qlen   E-value  score  bias   #  of  c-Evalue  i-Evalue  score  bias  from    to  from    to  from    to  acc description of target
#               ------------------- ---------- ----- -------------------- ---------- ----- --------- ------ ----- --- --- --------- --------- ------ ----- ----- ----- ----- ----- ----- ----- ---- ---------------------
contig_1165_pilon:260189-260782|+   -            198 3119at766            -            167   3.2e-68  224.6   4.1   1   2   5.6e-69   1.4e-66  219.3   0.7     1   143     3   152     3   165 0.94 contig_1165_pilon_254 # 260189 # 260782 # 1 # ID=1_254;partial=00;start_type=ATG;rbs_motif=None;rbs_spacer=None;gc_cont=0.320
contig_1165_pilon:260189-260782|+   -            198 3119at766            -            167   3.2e-68  224.6   4.1   2   2    0.0011      0.27    6.9   0.1   140   166   170   196   166   197 0.90 contig_1165_pilon_254 # 260189 # 260782 # 1 # ID=1_254;partial=00;start_type=ATG;rbs_motif=None;rbs_spacer=None;gc_cont=0.320
contig_1165_pilon:700496-701821|-   -            442 3119at766            -            167   2.6e-17   59.0   1.1   1   2   2.9e-08   7.1e-06   21.8   0.2    26   116     3    92     1   118 0.63 contig_1165_pilon_686 # 700496 # 701821 # -1 # ID=1_686;partial=00;start_type=ATG;rbs_motif=None;rbs_spacer=None;gc_cont=0.373
contig_1165_pilon:700496-701821|-   -            442 3119at766            -            167   2.6e-17   59.0   1.1   2   2   1.8e-12   4.4e-10   35.5   0.0    14   140   163   297   154   314 0.76 contig_1165_pilon_686 # 700496 # 701821 # -1 # ID=1_686;partial=00;start_type=ATG;rbs_motif=None;rbs_spacer=None;gc_cont=0.373
contig_1165_pilon:813923-815251|-   -            443 3119at766            -            167     1e-05   21.3   0.0   1   1   1.2e-07   2.9e-05   19.8   0.0    27    63   220   255   215   263 0.91 contig_1165_pilon_793 # 813923 # 815251 # -1 # ID=1_793;partial=00;start_type=ATG;rbs_motif=None;rbs_spacer=None;gc_cont=0.358
contig_1165_pilon:1036645-1037529|- -            295 3119at766            -            167   6.7e-05   18.6   0.4   1   1   5.2e-07   0.00013   17.7   0.4    27   142     9   129     3   168 0.72 contig_1165_pilon_1017 # 1036645 # 1037529 # -1 # ID=1_1017;partial=00;start_type=GTG;rbs_motif=None;rbs_spacer=None;gc_cont=0.350
contig_1165_pilon:66552-67646|+     -            365 3119at766            -            167     0.003   13.2   0.2   1   1   4.9e-05     0.012   11.3   0.2    28    65     6    42     3   167 0.94 contig_1165_pilon_65 # 66552 # 67646 # 1 # ID=1_65;partial=00;start_type=ATG;rbs_motif=None;rbs_spacer=None;gc_cont=0.380
#
# Program:         hmmsearch
# Version:         3.4 (Aug 2023)
# Pipeline mode:   SEARCH
# Query file:      /private/groups/russelllab/jodie/Jacobs_et_al_2026_de_novo_wRi_merrill_23_assembly/busco_downloads/lineages/rickettsiales_odb10/hmms/3119at766.hmm
# Target file:     private/groups/russelllab/jodie/Jacobs_et_al_2026_de_novo_wRi_merrill_23_assembly/busco/20250828_Nanopore/wRi/polished/prodigal_output/predicted_genes/predicted.faa
# Option settings: hmmsearch --domtblout private/groups/russelllab/jodie/Jacobs_et_al_2026_de_novo_wRi_merrill_23_assembly/busco/20250828_Nanopore/wRi/polished/run_rickettsiales_odb10/hmmer_output/3119at766.out --cpu 1 /private/groups/russelllab/jodie/Jacobs_et_al_2026_de_novo_wRi_merrill_23_assembly/busco_downloads/lineages/rickettsiales_odb10/hmms/3119at766.hmm private/groups/russelllab/jodie/Jacobs_et_al_2026_de_novo_wRi_merrill_23_assembly/busco/20250828_Nanopore/wRi/polished/prodigal_output/predicted_genes/predicted.faa 
# Current dir:     /private/groups/russelllab/jodie/Jacobs_et_al_2026_de_novo_wRi_merrill_23_assembly
# Date:            Fri Aug 29 11:49:11 2025
# [ok]
