#                                                                                         --- full sequence --- -------------- this domain -------------   hmm coord   ali coord   env coord
# target name                     accession   tlen query name           accession   qlen   E-value  score  bias   #  of  c-Evalue  i-Evalue  score  bias  from    to  from    to  from    to  acc description of target
#             ------------------- ---------- ----- -------------------- ---------- ----- --------- ------ ----- --- --- --------- --------- ------ ----- ----- ----- ----- ----- ----- ----- ---- ---------------------
contig_1165_pilon:46009-48480|+   -            824 311at766             -            687         0 1051.7  29.6   1   3  3.1e-139  7.8e-137  453.4   1.1     8   276    16   300     2   302 0.92 contig_1165_pilon_45 # 46009 # 48480 # 1 # ID=1_45;partial=00;start_type=ATG;rbs_motif=GGA/GAG/AGG;rbs_spacer=5-10bp;gc_cont=0.384
contig_1165_pilon:46009-48480|+   -            824 311at766             -            687         0 1051.7  29.6   2   3  1.7e-177  4.1e-175  579.9  11.7   273   632   319   721   308   730 0.92 contig_1165_pilon_45 # 46009 # 48480 # 1 # ID=1_45;partial=00;start_type=ATG;rbs_motif=GGA/GAG/AGG;rbs_spacer=5-10bp;gc_cont=0.384
contig_1165_pilon:46009-48480|+   -            824 311at766             -            687         0 1051.7  29.6   3   3   8.7e-10   2.2e-07   25.6   2.1   623   677   735   800   729   807 0.74 contig_1165_pilon_45 # 46009 # 48480 # 1 # ID=1_45;partial=00;start_type=ATG;rbs_motif=GGA/GAG/AGG;rbs_spacer=5-10bp;gc_cont=0.384
contig_1165_pilon:428652-431168|- -            839 311at766             -            687   2.9e-61  203.7   9.9   1   7   1.5e-30   3.7e-28   94.3   0.0    10   166    15   167     2   170 0.85 contig_1165_pilon_425 # 428652 # 431168 # -1 # ID=1_425;partial=00;start_type=ATG;rbs_motif=GGA/GAG/AGG;rbs_spacer=5-10bp;gc_cont=0.386
contig_1165_pilon:428652-431168|- -            839 311at766             -            687   2.9e-61  203.7   9.9   2   7   1.7e-09   4.2e-07   24.7   0.5   311   358   172   219   166   223 0.95 contig_1165_pilon_425 # 428652 # 431168 # -1 # ID=1_425;partial=00;start_type=ATG;rbs_motif=GGA/GAG/AGG;rbs_spacer=5-10bp;gc_cont=0.386
contig_1165_pilon:428652-431168|- -            839 311at766             -            687   2.9e-61  203.7   9.9   3   7      0.31        77   -2.6   0.0   181   231   235   286   234   295 0.76 contig_1165_pilon_425 # 428652 # 431168 # -1 # ID=1_425;partial=00;start_type=ATG;rbs_motif=GGA/GAG/AGG;rbs_spacer=5-10bp;gc_cont=0.386
contig_1165_pilon:428652-431168|- -            839 311at766             -            687   2.9e-61  203.7   9.9   4   7   6.5e-07   0.00016   16.1   0.0   204   268   289   354   285   364 0.86 contig_1165_pilon_425 # 428652 # 431168 # -1 # ID=1_425;partial=00;start_type=ATG;rbs_motif=GGA/GAG/AGG;rbs_spacer=5-10bp;gc_cont=0.386
contig_1165_pilon:428652-431168|- -            839 311at766             -            687   2.9e-61  203.7   9.9   5   7      0.15        36   -1.6   0.0   274   295   395   416   392   423 0.86 contig_1165_pilon_425 # 428652 # 431168 # -1 # ID=1_425;partial=00;start_type=ATG;rbs_motif=GGA/GAG/AGG;rbs_spacer=5-10bp;gc_cont=0.386
contig_1165_pilon:428652-431168|- -            839 311at766             -            687   2.9e-61  203.7   9.9   6   7   3.8e-08   9.6e-06   20.2   0.4   362   400   426   460   418   508 0.87 contig_1165_pilon_425 # 428652 # 431168 # -1 # ID=1_425;partial=00;start_type=ATG;rbs_motif=GGA/GAG/AGG;rbs_spacer=5-10bp;gc_cont=0.386
contig_1165_pilon:428652-431168|- -            839 311at766             -            687   2.9e-61  203.7   9.9   7   7   7.5e-17   1.9e-14   49.0   0.0   480   630   610   764   595   825 0.73 contig_1165_pilon_425 # 428652 # 431168 # -1 # ID=1_425;partial=00;start_type=ATG;rbs_motif=GGA/GAG/AGG;rbs_spacer=5-10bp;gc_cont=0.386
contig_1165_pilon:90498-93809|-   -           1104 311at766             -            687   8.4e-60  198.9   3.2   1   2   1.7e-17   4.2e-15   51.1   0.1     7   164    22   198    17   258 0.84 contig_1165_pilon_84 # 90498 # 93809 # -1 # ID=1_84;partial=00;start_type=ATG;rbs_motif=None;rbs_spacer=None;gc_cont=0.368
contig_1165_pilon:90498-93809|-   -           1104 311at766             -            687   8.4e-60  198.9   3.2   2   2   9.4e-46   2.3e-43  144.5   0.5   228   637   349   824   338   847 0.74 contig_1165_pilon_84 # 90498 # 93809 # -1 # ID=1_84;partial=00;start_type=ATG;rbs_motif=None;rbs_spacer=None;gc_cont=0.368
contig_1165_pilon:156072-157718|- -            549 311at766             -            687   1.1e-24   82.8   2.9   1   3   4.8e-14   1.2e-11   39.7   0.1    24   138     5   111     1   141 0.80 contig_1165_pilon_144 # 156072 # 157718 # -1 # ID=1_144;partial=00;start_type=ATG;rbs_motif=None;rbs_spacer=None;gc_cont=0.401
contig_1165_pilon:156072-157718|- -            549 311at766             -            687   1.1e-24   82.8   2.9   2   3     8e-15     2e-12   42.3   0.1   313   524   149   378   139   396 0.70 contig_1165_pilon_144 # 156072 # 157718 # -1 # ID=1_144;partial=00;start_type=ATG;rbs_motif=None;rbs_spacer=None;gc_cont=0.401
contig_1165_pilon:156072-157718|- -            549 311at766             -            687   1.1e-24   82.8   2.9   3   3      0.62   1.6e+02   -3.6   0.0   655   676   503   524   479   526 0.78 contig_1165_pilon_144 # 156072 # 157718 # -1 # ID=1_144;partial=00;start_type=ATG;rbs_motif=None;rbs_spacer=None;gc_cont=0.401
contig_1165_pilon:108976-110682|- -            569 311at766             -            687    0.0003   15.3   0.0   1   2   0.00097      0.24    5.6   0.0    34    82   130   178   110   193 0.87 contig_1165_pilon_99 # 108976 # 110682 # -1 # ID=1_99;partial=00;start_type=ATG;rbs_motif=None;rbs_spacer=None;gc_cont=0.382
contig_1165_pilon:108976-110682|- -            569 311at766             -            687    0.0003   15.3   0.0   2   2   0.00031     0.076    7.3   0.0   480   512   390   422   373   437 0.85 contig_1165_pilon_99 # 108976 # 110682 # -1 # ID=1_99;partial=00;start_type=ATG;rbs_motif=None;rbs_spacer=None;gc_cont=0.382
#
# Program:         hmmsearch
# Version:         3.4 (Aug 2023)
# Pipeline mode:   SEARCH
# Query file:      /private/groups/russelllab/jodie/Jacobs_et_al_2026_de_novo_wRi_merrill_23_assembly/busco_downloads/lineages/rickettsiales_odb10/hmms/311at766.hmm
# Target file:     private/groups/russelllab/jodie/Jacobs_et_al_2026_de_novo_wRi_merrill_23_assembly/busco/20250828_Nanopore/wRi/polished/prodigal_output/predicted_genes/predicted.faa
# Option settings: hmmsearch --domtblout private/groups/russelllab/jodie/Jacobs_et_al_2026_de_novo_wRi_merrill_23_assembly/busco/20250828_Nanopore/wRi/polished/run_rickettsiales_odb10/hmmer_output/311at766.out --cpu 1 /private/groups/russelllab/jodie/Jacobs_et_al_2026_de_novo_wRi_merrill_23_assembly/busco_downloads/lineages/rickettsiales_odb10/hmms/311at766.hmm private/groups/russelllab/jodie/Jacobs_et_al_2026_de_novo_wRi_merrill_23_assembly/busco/20250828_Nanopore/wRi/polished/prodigal_output/predicted_genes/predicted.faa 
# Current dir:     /private/groups/russelllab/jodie/Jacobs_et_al_2026_de_novo_wRi_merrill_23_assembly
# Date:            Fri Aug 29 11:49:11 2025
# [ok]
