#                                                                                           --- full sequence --- -------------- this domain -------------   hmm coord   ali coord   env coord
# target name                       accession   tlen query name           accession   qlen   E-value  score  bias   #  of  c-Evalue  i-Evalue  score  bias  from    to  from    to  from    to  acc description of target
#               ------------------- ---------- ----- -------------------- ---------- ----- --------- ------ ----- --- --- --------- --------- ------ ----- ----- ----- ----- ----- ----- ----- ---- ---------------------
contig_1165_pilon:1072256-1072930|+ -            225 3233at766            -            175   9.1e-71  233.3   5.8   1   1   1.2e-70   1.4e-68  226.2   5.8     2   175     7   216     6   216 0.86 contig_1165_pilon_1054 # 1072256 # 1072930 # 1 # ID=1_1054;partial=00;start_type=ATG;rbs_motif=GGA/GAG/AGG;rbs_spacer=5-10bp;gc_cont=0.370
contig_1165_pilon:56166-56807|-     -            214 3233at766            -            175   4.4e-35  117.1   0.1   1   1   6.7e-37   7.6e-35  116.4   0.1     2   170     2   182     1   188 0.84 contig_1165_pilon_54 # 56166 # 56807 # -1 # ID=1_54;partial=00;start_type=ATG;rbs_motif=GGA/GAG/AGG;rbs_spacer=5-10bp;gc_cont=0.315
contig_1165_pilon:807291-807992|-   -            234 3233at766            -            175   1.7e-29   98.9   1.0   1   1   1.8e-30   2.1e-28   95.4   1.0     6   169    10   197     5   204 0.79 contig_1165_pilon_787 # 807291 # 807992 # -1 # ID=1_787;partial=00;start_type=ATG;rbs_motif=None;rbs_spacer=None;gc_cont=0.323
contig_1165_pilon:350619-351392|+   -            258 3233at766            -            175   1.1e-28   96.2   4.7   1   1   6.1e-30   6.9e-28   93.7   4.7    14   170    17   202     2   208 0.83 contig_1165_pilon_341 # 350619 # 351392 # 1 # ID=1_341;partial=00;start_type=ATG;rbs_motif=None;rbs_spacer=None;gc_cont=0.336
contig_1165_pilon:111190-112905|-   -            572 3233at766            -            175   1.1e-23   79.9   1.1   1   2   7.4e-11   8.3e-09   31.6   0.0    14    58   349   393   339   432 0.78 contig_1165_pilon_101 # 111190 # 112905 # -1 # ID=1_101;partial=00;start_type=ATG;rbs_motif=None;rbs_spacer=None;gc_cont=0.356
contig_1165_pilon:111190-112905|-   -            572 3233at766            -            175   1.1e-23   79.9   1.1   2   2   2.1e-15   2.4e-13   46.3   0.3   102   174   470   540   462   541 0.92 contig_1165_pilon_101 # 111190 # 112905 # -1 # ID=1_101;partial=00;start_type=ATG;rbs_motif=None;rbs_spacer=None;gc_cont=0.356
contig_1165_pilon:140499-141257|-   -            253 3233at766            -            175   1.4e-23   79.6   0.1   1   2   9.3e-08   1.1e-05   21.4   0.0    12    68    18    76     8   116 0.82 contig_1165_pilon_130 # 140499 # 141257 # -1 # ID=1_130;partial=00;start_type=ATG;rbs_motif=AGGA;rbs_spacer=5-10bp;gc_cont=0.362
contig_1165_pilon:140499-141257|-   -            253 3233at766            -            175   1.4e-23   79.6   0.1   2   2   1.8e-18     2e-16   56.3   0.2   101   170   149   216    67   221 0.89 contig_1165_pilon_130 # 140499 # 141257 # -1 # ID=1_130;partial=00;start_type=ATG;rbs_motif=AGGA;rbs_spacer=5-10bp;gc_cont=0.362
contig_1165_pilon:855096-855791|-   -            232 3233at766            -            175     6e-20   67.8   1.8   1   1   4.3e-21   4.9e-19   64.9   1.8     3   164    10   190     8   201 0.79 contig_1165_pilon_841 # 855096 # 855791 # -1 # ID=1_841;partial=00;start_type=TTG;rbs_motif=None;rbs_spacer=None;gc_cont=0.326
contig_1165_pilon:1153680-1155455|- -            592 3233at766            -            175   2.4e-18   62.6   1.0   1   2   4.8e-07   5.4e-05   19.1   0.2     5    80   351   427   348   462 0.67 contig_1165_pilon_1143 # 1153680 # 1155455 # -1 # ID=1_1143;partial=00;start_type=ATG;rbs_motif=None;rbs_spacer=None;gc_cont=0.317
contig_1165_pilon:1153680-1155455|- -            592 3233at766            -            175   2.4e-18   62.6   1.0   2   2   7.8e-14   8.8e-12   41.2   0.0   102   173   484   553   475   555 0.86 contig_1165_pilon_1143 # 1153680 # 1155455 # -1 # ID=1_1143;partial=00;start_type=ATG;rbs_motif=None;rbs_spacer=None;gc_cont=0.317
contig_1165_pilon:869647-872442|-   -            932 3233at766            -            175     9e-18   60.8   5.6   1   4    0.0014      0.16    7.8   0.0    15    41    15    41     4    47 0.90 contig_1165_pilon_860 # 869647 # 872442 # -1 # ID=1_860;partial=00;start_type=ATG;rbs_motif=None;rbs_spacer=None;gc_cont=0.379
contig_1165_pilon:869647-872442|-   -            932 3233at766            -            175     9e-18   60.8   5.6   2   4   8.1e-06   0.00091   15.1   0.0    99   171   476   549   447   553 0.76 contig_1165_pilon_860 # 869647 # 872442 # -1 # ID=1_860;partial=00;start_type=ATG;rbs_motif=None;rbs_spacer=None;gc_cont=0.379
contig_1165_pilon:869647-872442|-   -            932 3233at766            -            175     9e-18   60.8   5.6   3   4   0.00012     0.014   11.3   0.1     4    42   603   641   600   655 0.84 contig_1165_pilon_860 # 869647 # 872442 # -1 # ID=1_860;partial=00;start_type=ATG;rbs_motif=None;rbs_spacer=None;gc_cont=0.379
contig_1165_pilon:869647-872442|-   -            932 3233at766            -            175     9e-18   60.8   5.6   4   4     3e-09   3.4e-07   26.3   0.0   100   174   817   893   791   894 0.86 contig_1165_pilon_860 # 869647 # 872442 # -1 # ID=1_860;partial=00;start_type=ATG;rbs_motif=None;rbs_spacer=None;gc_cont=0.379
contig_1165_pilon:1010682-1012427|- -            582 3233at766            -            175   1.9e-16   56.4   0.9   1   2     1e-06   0.00012   18.0   0.2    15    57   353   395   347   399 0.90 contig_1165_pilon_993 # 1010682 # 1012427 # -1 # ID=1_993;partial=00;start_type=GTG;rbs_motif=GGAG/GAGG;rbs_spacer=5-10bp;gc_cont=0.377
contig_1165_pilon:1010682-1012427|- -            582 3233at766            -            175   1.9e-16   56.4   0.9   2   2   2.3e-12   2.6e-10   36.4   0.0   102   173   474   544   471   546 0.91 contig_1165_pilon_993 # 1010682 # 1012427 # -1 # ID=1_993;partial=00;start_type=GTG;rbs_motif=GGAG/GAGG;rbs_spacer=5-10bp;gc_cont=0.377
contig_1165_pilon:104437-105060|+   -            208 3233at766            -            175   2.5e-14   49.6   0.0   1   1   1.7e-15   1.9e-13   46.7   0.0    12   162    14   186     3   195 0.71 contig_1165_pilon_93 # 104437 # 105060 # 1 # ID=1_93;partial=00;start_type=ATG;rbs_motif=None;rbs_spacer=None;gc_cont=0.361
#
# Program:         hmmsearch
# Version:         3.4 (Aug 2023)
# Pipeline mode:   SEARCH
# Query file:      /private/groups/russelllab/jodie/Jacobs_et_al_2026_de_novo_wRi_merrill_23_assembly/busco_downloads/lineages/rickettsiales_odb10/hmms/3233at766.hmm
# Target file:     private/groups/russelllab/jodie/Jacobs_et_al_2026_de_novo_wRi_merrill_23_assembly/busco/20250828_Nanopore/wRi/polished/prodigal_output/predicted_genes/predicted.faa
# Option settings: hmmsearch --domtblout private/groups/russelllab/jodie/Jacobs_et_al_2026_de_novo_wRi_merrill_23_assembly/busco/20250828_Nanopore/wRi/polished/run_rickettsiales_odb10/hmmer_output/3233at766.out --cpu 1 /private/groups/russelllab/jodie/Jacobs_et_al_2026_de_novo_wRi_merrill_23_assembly/busco_downloads/lineages/rickettsiales_odb10/hmms/3233at766.hmm private/groups/russelllab/jodie/Jacobs_et_al_2026_de_novo_wRi_merrill_23_assembly/busco/20250828_Nanopore/wRi/polished/prodigal_output/predicted_genes/predicted.faa 
# Current dir:     /private/groups/russelllab/jodie/Jacobs_et_al_2026_de_novo_wRi_merrill_23_assembly
# Date:            Fri Aug 29 11:49:11 2025
# [ok]
