#                                                                                         --- full sequence --- -------------- this domain -------------   hmm coord   ali coord   env coord
# target name                     accession   tlen query name           accession   qlen   E-value  score  bias   #  of  c-Evalue  i-Evalue  score  bias  from    to  from    to  from    to  acc description of target
#             ------------------- ---------- ----- -------------------- ---------- ----- --------- ------ ----- --- --- --------- --------- ------ ----- ----- ----- ----- ----- ----- ----- ---- ---------------------
contig_1165_pilon:353251-354624|+ -            458 431at766             -            350  6.4e-152  501.8  15.0   1   3  1.2e-149  5.2e-147  485.6   3.7     2   288     3   324     2   339 0.90 contig_1165_pilon_345 # 353251 # 354624 # 1 # ID=1_345;partial=00;start_type=ATG;rbs_motif=None;rbs_spacer=None;gc_cont=0.340
contig_1165_pilon:353251-354624|+ -            458 431at766             -            350  6.4e-152  501.8  15.0   2   3   3.9e-05     0.016   10.4   0.4   276   327   334   385   322   394 0.73 contig_1165_pilon_345 # 353251 # 354624 # 1 # ID=1_345;partial=00;start_type=ATG;rbs_motif=None;rbs_spacer=None;gc_cont=0.340
contig_1165_pilon:353251-354624|+ -            458 431at766             -            350  6.4e-152  501.8  15.0   3   3   3.4e-06    0.0014   13.9   0.3   315   344   416   448   411   457 0.73 contig_1165_pilon_345 # 353251 # 354624 # 1 # ID=1_345;partial=00;start_type=ATG;rbs_motif=None;rbs_spacer=None;gc_cont=0.340
contig_1165_pilon:156072-157718|- -            549 431at766             -            350   1.8e-07   26.7   0.1   1   2   3.6e-06    0.0015   13.8   0.0    12    87     2    77     1   125 0.82 contig_1165_pilon_144 # 156072 # 157718 # -1 # ID=1_144;partial=00;start_type=ATG;rbs_motif=None;rbs_spacer=None;gc_cont=0.401
contig_1165_pilon:156072-157718|- -            549 431at766             -            350   1.8e-07   26.7   0.1   2   2   3.3e-05     0.014   10.6   0.0   179   272   281   372   268   396 0.67 contig_1165_pilon_144 # 156072 # 157718 # -1 # ID=1_144;partial=00;start_type=ATG;rbs_motif=None;rbs_spacer=None;gc_cont=0.401
contig_1165_pilon:108976-110682|- -            569 431at766             -            350   1.7e-05   20.2   0.3   1   2    0.0019       0.8    4.8   0.0    28    62   135   169   119   188 0.82 contig_1165_pilon_99 # 108976 # 110682 # -1 # ID=1_99;partial=00;start_type=ATG;rbs_motif=None;rbs_spacer=None;gc_cont=0.382
contig_1165_pilon:108976-110682|- -            569 431at766             -            350   1.7e-05   20.2   0.3   2   2   5.8e-06    0.0024   13.1   0.0   229   282   386   438   366   445 0.85 contig_1165_pilon_99 # 108976 # 110682 # -1 # ID=1_99;partial=00;start_type=ATG;rbs_motif=None;rbs_spacer=None;gc_cont=0.382
#
# Program:         hmmsearch
# Version:         3.4 (Aug 2023)
# Pipeline mode:   SEARCH
# Query file:      /private/groups/russelllab/jodie/Jacobs_et_al_2026_de_novo_wRi_merrill_23_assembly/busco_downloads/lineages/rickettsiales_odb10/hmms/431at766.hmm
# Target file:     private/groups/russelllab/jodie/Jacobs_et_al_2026_de_novo_wRi_merrill_23_assembly/busco/20250828_Nanopore/wRi/polished/prodigal_output/predicted_genes/predicted.faa
# Option settings: hmmsearch --domtblout private/groups/russelllab/jodie/Jacobs_et_al_2026_de_novo_wRi_merrill_23_assembly/busco/20250828_Nanopore/wRi/polished/run_rickettsiales_odb10/hmmer_output/431at766.out --cpu 1 /private/groups/russelllab/jodie/Jacobs_et_al_2026_de_novo_wRi_merrill_23_assembly/busco_downloads/lineages/rickettsiales_odb10/hmms/431at766.hmm private/groups/russelllab/jodie/Jacobs_et_al_2026_de_novo_wRi_merrill_23_assembly/busco/20250828_Nanopore/wRi/polished/prodigal_output/predicted_genes/predicted.faa 
# Current dir:     /private/groups/russelllab/jodie/Jacobs_et_al_2026_de_novo_wRi_merrill_23_assembly
# Date:            Fri Aug 29 11:49:11 2025
# [ok]
