#                                                                                           --- full sequence --- -------------- this domain -------------   hmm coord   ali coord   env coord
# target name                       accession   tlen query name           accession   qlen   E-value  score  bias   #  of  c-Evalue  i-Evalue  score  bias  from    to  from    to  from    to  acc description of target
#               ------------------- ---------- ----- -------------------- ---------- ----- --------- ------ ----- --- --- --------- --------- ------ ----- ----- ----- ----- ----- ----- ----- ---- ---------------------
contig_1165_pilon:700496-701821|-   -            442 452at766             -            327  3.4e-113  374.4   9.0   1   2   1.3e-79   2.4e-77  256.6   6.2     1   225     3   300     3   318 0.85 contig_1165_pilon_686 # 700496 # 701821 # -1 # ID=1_686;partial=00;start_type=ATG;rbs_motif=None;rbs_spacer=None;gc_cont=0.373
contig_1165_pilon:700496-701821|-   -            442 452at766             -            327  3.4e-113  374.4   9.0   2   2     1e-34   1.8e-32  109.1   0.0   225   327   323   439   316   439 0.93 contig_1165_pilon_686 # 700496 # 701821 # -1 # ID=1_686;partial=00;start_type=ATG;rbs_motif=None;rbs_spacer=None;gc_cont=0.373
contig_1165_pilon:1036645-1037529|- -            295 452at766             -            327   8.3e-16   54.3   3.9   1   2   3.5e-16   6.2e-14   48.2   2.1   109   226     7   131     3   142 0.76 contig_1165_pilon_1017 # 1036645 # 1037529 # -1 # ID=1_1017;partial=00;start_type=GTG;rbs_motif=None;rbs_spacer=None;gc_cont=0.350
contig_1165_pilon:1036645-1037529|- -            295 452at766             -            327   8.3e-16   54.3   3.9   2   2    0.0026      0.45    5.9   0.0    85   112   144   172   133   176 0.80 contig_1165_pilon_1017 # 1036645 # 1037529 # -1 # ID=1_1017;partial=00;start_type=GTG;rbs_motif=None;rbs_spacer=None;gc_cont=0.350
contig_1165_pilon:813923-815251|-   -            443 452at766             -            327     6e-12   41.6   0.0   1   1   1.3e-13   2.4e-11   39.7   0.0     2    50   220   267   219   278 0.88 contig_1165_pilon_793 # 813923 # 815251 # -1 # ID=1_793;partial=00;start_type=ATG;rbs_motif=None;rbs_spacer=None;gc_cont=0.358
contig_1165_pilon:260189-260782|+   -            198 452at766             -            327   2.7e-08   29.6   1.6   1   1   6.7e-10   1.2e-07   27.5   1.6   111   248    29   175    28   195 0.55 contig_1165_pilon_254 # 260189 # 260782 # 1 # ID=1_254;partial=00;start_type=ATG;rbs_motif=None;rbs_spacer=None;gc_cont=0.320
contig_1165_pilon:66552-67646|+     -            365 452at766             -            327   4.7e-08   28.8   0.2   1   3   3.4e-09     6e-07   25.2   0.0     4    36     7    39     4    66 0.91 contig_1165_pilon_65 # 66552 # 67646 # 1 # ID=1_65;partial=00;start_type=ATG;rbs_motif=None;rbs_spacer=None;gc_cont=0.380
contig_1165_pilon:66552-67646|+     -            365 452at766             -            327   4.7e-08   28.8   0.2   2   3      0.74   1.3e+02   -2.2   0.0   145   165    63    83    35   100 0.58 contig_1165_pilon_65 # 66552 # 67646 # 1 # ID=1_65;partial=00;start_type=ATG;rbs_motif=None;rbs_spacer=None;gc_cont=0.380
contig_1165_pilon:66552-67646|+     -            365 452at766             -            327   4.7e-08   28.8   0.2   3   3      0.09        16    0.8   0.1    37   105   179   248   158   250 0.79 contig_1165_pilon_65 # 66552 # 67646 # 1 # ID=1_65;partial=00;start_type=ATG;rbs_motif=None;rbs_spacer=None;gc_cont=0.380
contig_1165_pilon:34020-35816|+     -            599 452at766             -            327     5e-05   18.9   1.9   1   2   9.1e-05     0.016   10.6   0.2   178   223    89   135     2   139 0.73 contig_1165_pilon_32 # 34020 # 35816 # 1 # ID=1_32;partial=00;start_type=ATG;rbs_motif=None;rbs_spacer=None;gc_cont=0.378
contig_1165_pilon:34020-35816|+     -            599 452at766             -            327     5e-05   18.9   1.9   2   2    0.0034       0.6    5.5   0.1    84   109   152   177   140   180 0.84 contig_1165_pilon_32 # 34020 # 35816 # 1 # ID=1_32;partial=00;start_type=ATG;rbs_motif=None;rbs_spacer=None;gc_cont=0.378
contig_1165_pilon:20327-21349|+     -            341 452at766             -            327    0.0037   12.8   1.0   1   1   0.00019     0.035    9.6   0.7     2    34   162   193   161   313 0.73 contig_1165_pilon_18 # 20327 # 21349 # 1 # ID=1_18;partial=00;start_type=ATG;rbs_motif=None;rbs_spacer=None;gc_cont=0.362
#
# Program:         hmmsearch
# Version:         3.4 (Aug 2023)
# Pipeline mode:   SEARCH
# Query file:      /private/groups/russelllab/jodie/Jacobs_et_al_2026_de_novo_wRi_merrill_23_assembly/busco_downloads/lineages/rickettsiales_odb10/hmms/452at766.hmm
# Target file:     private/groups/russelllab/jodie/Jacobs_et_al_2026_de_novo_wRi_merrill_23_assembly/busco/20250828_Nanopore/wRi/polished/prodigal_output/predicted_genes/predicted.faa
# Option settings: hmmsearch --domtblout private/groups/russelllab/jodie/Jacobs_et_al_2026_de_novo_wRi_merrill_23_assembly/busco/20250828_Nanopore/wRi/polished/run_rickettsiales_odb10/hmmer_output/452at766.out --cpu 1 /private/groups/russelllab/jodie/Jacobs_et_al_2026_de_novo_wRi_merrill_23_assembly/busco_downloads/lineages/rickettsiales_odb10/hmms/452at766.hmm private/groups/russelllab/jodie/Jacobs_et_al_2026_de_novo_wRi_merrill_23_assembly/busco/20250828_Nanopore/wRi/polished/prodigal_output/predicted_genes/predicted.faa 
# Current dir:     /private/groups/russelllab/jodie/Jacobs_et_al_2026_de_novo_wRi_merrill_23_assembly
# Date:            Fri Aug 29 11:49:11 2025
# [ok]
