#                                                                                         --- full sequence --- -------------- this domain -------------   hmm coord   ali coord   env coord
# target name                     accession   tlen query name           accession   qlen   E-value  score  bias   #  of  c-Evalue  i-Evalue  score  bias  from    to  from    to  from    to  acc description of target
#             ------------------- ---------- ----- -------------------- ---------- ----- --------- ------ ----- --- --- --------- --------- ------ ----- ----- ----- ----- ----- ----- ----- ---- ---------------------
contig_1165_pilon:739699-740979|+ -            427 573at766             -            328    4e-130  429.7   1.2   1   2  2.8e-128  8.6e-126  415.5   0.2     8   312    18   379     1   390 0.85 contig_1165_pilon_727 # 739699 # 740979 # 1 # ID=1_727;partial=00;start_type=ATG;rbs_motif=None;rbs_spacer=None;gc_cont=0.364
contig_1165_pilon:739699-740979|+ -            427 573at766             -            328    4e-130  429.7   1.2   2   2   5.3e-06    0.0017   13.6   0.1   300   328   393   421   381   421 0.81 contig_1165_pilon_727 # 739699 # 740979 # 1 # ID=1_727;partial=00;start_type=ATG;rbs_motif=None;rbs_spacer=None;gc_cont=0.364
contig_1165_pilon:941003-942556|- -            518 573at766             -            328   4.9e-05   18.6   0.0   1   1   4.4e-07   0.00014   17.2   0.0    18    55   110   147    94   151 0.82 contig_1165_pilon_925 # 941003 # 942556 # -1 # ID=1_925;partial=00;start_type=ATG;rbs_motif=None;rbs_spacer=None;gc_cont=0.375
contig_1165_pilon:865095-866519|+ -            475 573at766             -            328   5.9e-05   18.4   0.0   1   2   3.3e-05      0.01   11.0   0.0    27    54   106   133    86   138 0.88 contig_1165_pilon_854 # 865095 # 866519 # 1 # ID=1_854;partial=00;start_type=ATG;rbs_motif=None;rbs_spacer=None;gc_cont=0.364
contig_1165_pilon:865095-866519|+ -            475 573at766             -            328   5.9e-05   18.4   0.0   2   2     0.002      0.63    5.1   0.0   190   286   283   377   264   392 0.73 contig_1165_pilon_854 # 865095 # 866519 # 1 # ID=1_854;partial=00;start_type=ATG;rbs_motif=None;rbs_spacer=None;gc_cont=0.364
contig_1165_pilon:17564-19060|+   -            499 573at766             -            328    0.0043   12.2  11.7   1   5     0.014       4.3    2.4   0.3    18    55    19    54     8    60 0.80 contig_1165_pilon_16 # 17564 # 19060 # 1 # ID=1_16;partial=00;start_type=ATG;rbs_motif=GGAG/GAGG;rbs_spacer=5-10bp;gc_cont=0.349
contig_1165_pilon:17564-19060|+   -            499 573at766             -            328    0.0043   12.2  11.7   2   5   0.00016     0.051    8.7   0.2    27    58   128   159   106   177 0.86 contig_1165_pilon_16 # 17564 # 19060 # 1 # ID=1_16;partial=00;start_type=ATG;rbs_motif=GGAG/GAGG;rbs_spacer=5-10bp;gc_cont=0.349
contig_1165_pilon:17564-19060|+   -            499 573at766             -            328    0.0043   12.2  11.7   3   5    0.0025      0.78    4.8   0.1   128   147   193   212   173   251 0.79 contig_1165_pilon_16 # 17564 # 19060 # 1 # ID=1_16;partial=00;start_type=ATG;rbs_motif=GGAG/GAGG;rbs_spacer=5-10bp;gc_cont=0.349
contig_1165_pilon:17564-19060|+   -            499 573at766             -            328    0.0043   12.2  11.7   4   5       0.3        92   -2.0   0.0   203   222   309   328   304   373 0.71 contig_1165_pilon_16 # 17564 # 19060 # 1 # ID=1_16;partial=00;start_type=ATG;rbs_motif=GGAG/GAGG;rbs_spacer=5-10bp;gc_cont=0.349
contig_1165_pilon:17564-19060|+   -            499 573at766             -            328    0.0043   12.2  11.7   5   5     0.052        16    0.5   0.0   215   252   375   412   368   415 0.91 contig_1165_pilon_16 # 17564 # 19060 # 1 # ID=1_16;partial=00;start_type=ATG;rbs_motif=GGAG/GAGG;rbs_spacer=5-10bp;gc_cont=0.349
#
# Program:         hmmsearch
# Version:         3.4 (Aug 2023)
# Pipeline mode:   SEARCH
# Query file:      /private/groups/russelllab/jodie/Jacobs_et_al_2026_de_novo_wRi_merrill_23_assembly/busco_downloads/lineages/rickettsiales_odb10/hmms/573at766.hmm
# Target file:     private/groups/russelllab/jodie/Jacobs_et_al_2026_de_novo_wRi_merrill_23_assembly/busco/20250828_Nanopore/wRi/polished/prodigal_output/predicted_genes/predicted.faa
# Option settings: hmmsearch --domtblout private/groups/russelllab/jodie/Jacobs_et_al_2026_de_novo_wRi_merrill_23_assembly/busco/20250828_Nanopore/wRi/polished/run_rickettsiales_odb10/hmmer_output/573at766.out --cpu 1 /private/groups/russelllab/jodie/Jacobs_et_al_2026_de_novo_wRi_merrill_23_assembly/busco_downloads/lineages/rickettsiales_odb10/hmms/573at766.hmm private/groups/russelllab/jodie/Jacobs_et_al_2026_de_novo_wRi_merrill_23_assembly/busco/20250828_Nanopore/wRi/polished/prodigal_output/predicted_genes/predicted.faa 
# Current dir:     /private/groups/russelllab/jodie/Jacobs_et_al_2026_de_novo_wRi_merrill_23_assembly
# Date:            Fri Aug 29 11:49:11 2025
# [ok]
