#                                                                                         --- full sequence --- -------------- this domain -------------   hmm coord   ali coord   env coord
# target name                     accession   tlen query name           accession   qlen   E-value  score  bias   #  of  c-Evalue  i-Evalue  score  bias  from    to  from    to  from    to  acc description of target
#             ------------------- ---------- ----- -------------------- ---------- ----- --------- ------ ----- --- --- --------- --------- ------ ----- ----- ----- ----- ----- ----- ----- ---- ---------------------
contig_1165_pilon:90498-93809|-   -           1104 60at766              -            816         0 1315.1  27.2   1   4  1.7e-135  4.2e-133  441.2   1.3     2   237     5   260     4   272 0.94 contig_1165_pilon_84 # 90498 # 93809 # -1 # ID=1_84;partial=00;start_type=ATG;rbs_motif=None;rbs_spacer=None;gc_cont=0.368
contig_1165_pilon:90498-93809|-   -           1104 60at766              -            816         0 1315.1  27.2   2   4    4e-243  9.9e-241  797.2   7.5   233   715   323   869   314   881 0.88 contig_1165_pilon_84 # 90498 # 93809 # -1 # ID=1_84;partial=00;start_type=ATG;rbs_motif=None;rbs_spacer=None;gc_cont=0.368
contig_1165_pilon:90498-93809|-   -           1104 60at766              -            816         0 1315.1  27.2   3   4   1.9e-13   4.7e-11   37.5   0.2   705   760   901   960   891   988 0.87 contig_1165_pilon_84 # 90498 # 93809 # -1 # ID=1_84;partial=00;start_type=ATG;rbs_motif=None;rbs_spacer=None;gc_cont=0.368
contig_1165_pilon:90498-93809|-   -           1104 60at766              -            816         0 1315.1  27.2   4   4   1.2e-15     3e-13   44.8   0.3   764   808  1007  1051   997  1057 0.92 contig_1165_pilon_84 # 90498 # 93809 # -1 # ID=1_84;partial=00;start_type=ATG;rbs_motif=None;rbs_spacer=None;gc_cont=0.368
contig_1165_pilon:46009-48480|+   -            824 60at766              -            816   2.2e-72  240.4  17.2   1   1   1.2e-72   3.1e-70  233.3  17.2    10   737     8   794     2   810 0.77 contig_1165_pilon_45 # 46009 # 48480 # 1 # ID=1_45;partial=00;start_type=ATG;rbs_motif=GGA/GAG/AGG;rbs_spacer=5-10bp;gc_cont=0.384
contig_1165_pilon:428652-431168|- -            839 60at766              -            816   3.5e-30  100.8  11.2   1   6   6.3e-14   1.6e-11   39.1   0.5     9   114     4   106     1   169 0.71 contig_1165_pilon_425 # 428652 # 431168 # -1 # ID=1_425;partial=00;start_type=ATG;rbs_motif=GGA/GAG/AGG;rbs_spacer=5-10bp;gc_cont=0.386
contig_1165_pilon:428652-431168|- -            839 60at766              -            816   3.5e-30  100.8  11.2   2   6   5.7e-05     0.014    9.5   0.1   339   388   170   218   168   227 0.88 contig_1165_pilon_425 # 428652 # 431168 # -1 # ID=1_425;partial=00;start_type=ATG;rbs_motif=GGA/GAG/AGG;rbs_spacer=5-10bp;gc_cont=0.386
contig_1165_pilon:428652-431168|- -            839 60at766              -            816   3.5e-30  100.8  11.2   3   6     0.042        10    0.0   0.0   256   287   314   345   296   358 0.81 contig_1165_pilon_425 # 428652 # 431168 # -1 # ID=1_425;partial=00;start_type=ATG;rbs_motif=GGA/GAG/AGG;rbs_spacer=5-10bp;gc_cont=0.386
contig_1165_pilon:428652-431168|- -            839 60at766              -            816   3.5e-30  100.8  11.2   4   6   3.7e-12   9.2e-10   33.3   0.0   375   539   407   579   391   590 0.73 contig_1165_pilon_425 # 428652 # 431168 # -1 # ID=1_425;partial=00;start_type=ATG;rbs_motif=GGA/GAG/AGG;rbs_spacer=5-10bp;gc_cont=0.386
contig_1165_pilon:428652-431168|- -            839 60at766              -            816   3.5e-30  100.8  11.2   5   6     7e-08   1.7e-05   19.1   0.0   530   573   597   641   588   666 0.86 contig_1165_pilon_425 # 428652 # 431168 # -1 # ID=1_425;partial=00;start_type=ATG;rbs_motif=GGA/GAG/AGG;rbs_spacer=5-10bp;gc_cont=0.386
contig_1165_pilon:428652-431168|- -            839 60at766              -            816   3.5e-30  100.8  11.2   6   6     0.098        25   -1.2   0.0   657   726   747   817   740   827 0.71 contig_1165_pilon_425 # 428652 # 431168 # -1 # ID=1_425;partial=00;start_type=ATG;rbs_motif=GGA/GAG/AGG;rbs_spacer=5-10bp;gc_cont=0.386
contig_1165_pilon:156072-157718|- -            549 60at766              -            816   3.7e-16   54.4   3.0   1   4     1e-10   2.6e-08   28.5   0.2    43   105    15    76     3   116 0.77 contig_1165_pilon_144 # 156072 # 157718 # -1 # ID=1_144;partial=00;start_type=ATG;rbs_motif=None;rbs_spacer=None;gc_cont=0.401
contig_1165_pilon:156072-157718|- -            549 60at766              -            816   3.7e-16   54.4   3.0   2   4     0.089        22   -1.1   0.0   121   169    72   122    62   140 0.78 contig_1165_pilon_144 # 156072 # 157718 # -1 # ID=1_144;partial=00;start_type=ATG;rbs_motif=None;rbs_spacer=None;gc_cont=0.401
contig_1165_pilon:156072-157718|- -            549 60at766              -            816   3.7e-16   54.4   3.0   3   4    0.0019      0.47    4.4   0.2   352   407   158   216   152   264 0.80 contig_1165_pilon_144 # 156072 # 157718 # -1 # ID=1_144;partial=00;start_type=ATG;rbs_motif=None;rbs_spacer=None;gc_cont=0.401
contig_1165_pilon:156072-157718|- -            549 60at766              -            816   3.7e-16   54.4   3.0   4   4   4.3e-08   1.1e-05   19.8   0.0   528   585   320   381   295   420 0.76 contig_1165_pilon_144 # 156072 # 157718 # -1 # ID=1_144;partial=00;start_type=ATG;rbs_motif=None;rbs_spacer=None;gc_cont=0.401
contig_1165_pilon:108976-110682|- -            569 60at766              -            816   6.1e-07   23.9   0.1   1   2      0.24        60   -2.5   0.0    53    78   172   197   168   282 0.67 contig_1165_pilon_99 # 108976 # 110682 # -1 # ID=1_99;partial=00;start_type=ATG;rbs_motif=None;rbs_spacer=None;gc_cont=0.382
contig_1165_pilon:108976-110682|- -            569 60at766              -            816   6.1e-07   23.9   0.1   2   2   5.8e-09   1.5e-06   22.7   0.0   498   585   343   433   320   455 0.83 contig_1165_pilon_99 # 108976 # 110682 # -1 # ID=1_99;partial=00;start_type=ATG;rbs_motif=None;rbs_spacer=None;gc_cont=0.382
#
# Program:         hmmsearch
# Version:         3.4 (Aug 2023)
# Pipeline mode:   SEARCH
# Query file:      /private/groups/russelllab/jodie/Jacobs_et_al_2026_de_novo_wRi_merrill_23_assembly/busco_downloads/lineages/rickettsiales_odb10/hmms/60at766.hmm
# Target file:     private/groups/russelllab/jodie/Jacobs_et_al_2026_de_novo_wRi_merrill_23_assembly/busco/20250828_Nanopore/wRi/polished/prodigal_output/predicted_genes/predicted.faa
# Option settings: hmmsearch --domtblout private/groups/russelllab/jodie/Jacobs_et_al_2026_de_novo_wRi_merrill_23_assembly/busco/20250828_Nanopore/wRi/polished/run_rickettsiales_odb10/hmmer_output/60at766.out --cpu 1 /private/groups/russelllab/jodie/Jacobs_et_al_2026_de_novo_wRi_merrill_23_assembly/busco_downloads/lineages/rickettsiales_odb10/hmms/60at766.hmm private/groups/russelllab/jodie/Jacobs_et_al_2026_de_novo_wRi_merrill_23_assembly/busco/20250828_Nanopore/wRi/polished/prodigal_output/predicted_genes/predicted.faa 
# Current dir:     /private/groups/russelllab/jodie/Jacobs_et_al_2026_de_novo_wRi_merrill_23_assembly
# Date:            Fri Aug 29 11:49:12 2025
# [ok]
