#                                                                                         --- full sequence --- -------------- this domain -------------   hmm coord   ali coord   env coord
# target name                     accession   tlen query name           accession   qlen   E-value  score  bias   #  of  c-Evalue  i-Evalue  score  bias  from    to  from    to  from    to  acc description of target
#             ------------------- ---------- ----- -------------------- ---------- ----- --------- ------ ----- --- --- --------- --------- ------ ----- ----- ----- ----- ----- ----- ----- ---- ---------------------
contig_1165_pilon:717848-719191|+ -            448 613at766             -            373  1.3e-158  523.9  28.8   1   2  5.5e-141  1.7e-138  457.7  21.2     1   319     1   354     1   364 0.91 contig_1165_pilon_703 # 717848 # 719191 # 1 # ID=1_703;partial=00;start_type=ATG;rbs_motif=None;rbs_spacer=None;gc_cont=0.357
contig_1165_pilon:717848-719191|+ -            448 613at766             -            373  1.3e-158  523.9  28.8   2   2   1.7e-23   5.4e-21   71.0   0.9   318   373   374   430   367   430 0.93 contig_1165_pilon_703 # 717848 # 719191 # 1 # ID=1_703;partial=00;start_type=ATG;rbs_motif=None;rbs_spacer=None;gc_cont=0.357
contig_1165_pilon:897570-898481|+ -            304 613at766             -            373   3.9e-41  137.3   2.8   1   1   1.6e-43   4.9e-41  137.0   2.8    20   267    27   301     7   303 0.82 contig_1165_pilon_888 # 897570 # 898481 # 1 # ID=1_888;partial=00;start_type=TTG;rbs_motif=AGGAG;rbs_spacer=5-10bp;gc_cont=0.361
contig_1165_pilon:191119-192396|+ -            426 613at766             -            373   0.00017   16.8   0.2   1   3   5.4e-07   0.00017   16.8   0.2    52   112    76   136    60   141 0.82 contig_1165_pilon_184 # 191119 # 192396 # 1 # ID=1_184;partial=00;start_type=ATG;rbs_motif=GGA/GAG/AGG;rbs_spacer=5-10bp;gc_cont=0.367
contig_1165_pilon:191119-192396|+ -            426 613at766             -            373   0.00017   16.8   0.2   2   3       0.2        63   -1.6   0.1    14    48   178   212   161   222 0.58 contig_1165_pilon_184 # 191119 # 192396 # 1 # ID=1_184;partial=00;start_type=ATG;rbs_motif=GGA/GAG/AGG;rbs_spacer=5-10bp;gc_cont=0.367
contig_1165_pilon:191119-192396|+ -            426 613at766             -            373   0.00017   16.8   0.2   3   3      0.53   1.7e+02   -3.0   0.0    28    58   334   364   317   381 0.60 contig_1165_pilon_184 # 191119 # 192396 # 1 # ID=1_184;partial=00;start_type=ATG;rbs_motif=GGA/GAG/AGG;rbs_spacer=5-10bp;gc_cont=0.367
contig_1165_pilon:326441-327463|+ -            341 613at766             -            373   0.00034   15.7   1.2   1   1   1.7e-06   0.00053   15.1   0.7    87   137    89   143    59   149 0.77 contig_1165_pilon_319 # 326441 # 327463 # 1 # ID=1_319;partial=00;start_type=ATG;rbs_motif=None;rbs_spacer=None;gc_cont=0.374
#
# Program:         hmmsearch
# Version:         3.4 (Aug 2023)
# Pipeline mode:   SEARCH
# Query file:      /private/groups/russelllab/jodie/Jacobs_et_al_2026_de_novo_wRi_merrill_23_assembly/busco_downloads/lineages/rickettsiales_odb10/hmms/613at766.hmm
# Target file:     private/groups/russelllab/jodie/Jacobs_et_al_2026_de_novo_wRi_merrill_23_assembly/busco/20250828_Nanopore/wRi/polished/prodigal_output/predicted_genes/predicted.faa
# Option settings: hmmsearch --domtblout private/groups/russelllab/jodie/Jacobs_et_al_2026_de_novo_wRi_merrill_23_assembly/busco/20250828_Nanopore/wRi/polished/run_rickettsiales_odb10/hmmer_output/613at766.out --cpu 1 /private/groups/russelllab/jodie/Jacobs_et_al_2026_de_novo_wRi_merrill_23_assembly/busco_downloads/lineages/rickettsiales_odb10/hmms/613at766.hmm private/groups/russelllab/jodie/Jacobs_et_al_2026_de_novo_wRi_merrill_23_assembly/busco/20250828_Nanopore/wRi/polished/prodigal_output/predicted_genes/predicted.faa 
# Current dir:     /private/groups/russelllab/jodie/Jacobs_et_al_2026_de_novo_wRi_merrill_23_assembly
# Date:            Fri Aug 29 11:49:12 2025
# [ok]
