#                                                                                         --- full sequence --- -------------- this domain -------------   hmm coord   ali coord   env coord
# target name                     accession   tlen query name           accession   qlen   E-value  score  bias   #  of  c-Evalue  i-Evalue  score  bias  from    to  from    to  from    to  acc description of target
#             ------------------- ---------- ----- -------------------- ---------- ----- --------- ------ ----- --- --- --------- --------- ------ ----- ----- ----- ----- ----- ----- ----- ---- ---------------------
contig_1165_pilon:191119-192396|+ -            426 650at766             -            324  1.5e-155  513.3  13.1   1   2   1.8e-09   2.9e-07   26.1   1.1     1    37    10    53    10    68 0.83 contig_1165_pilon_184 # 191119 # 192396 # 1 # ID=1_184;partial=00;start_type=ATG;rbs_motif=GGA/GAG/AGG;rbs_spacer=5-10bp;gc_cont=0.367
contig_1165_pilon:191119-192396|+ -            426 650at766             -            324  1.5e-155  513.3  13.1   2   2  3.3e-150  5.1e-148  488.6   5.0    31   316    73   387    60   393 0.91 contig_1165_pilon_184 # 191119 # 192396 # 1 # ID=1_184;partial=00;start_type=ATG;rbs_motif=GGA/GAG/AGG;rbs_spacer=5-10bp;gc_cont=0.367
contig_1165_pilon:619162-620652|- -            497 650at766             -            324     5e-45  150.2   4.1   1   3   2.7e-24   4.2e-22   74.8   0.0    29   132    67   176    58   191 0.87 contig_1165_pilon_599 # 619162 # 620652 # -1 # ID=1_599;partial=00;start_type=ATG;rbs_motif=GGAG/GAGG;rbs_spacer=5-10bp;gc_cont=0.371
contig_1165_pilon:619162-620652|- -            497 650at766             -            324     5e-45  150.2   4.1   2   3   1.8e-09   2.9e-07   26.1   0.1   132   207   303   364   294   369 0.84 contig_1165_pilon_599 # 619162 # 620652 # -1 # ID=1_599;partial=00;start_type=ATG;rbs_motif=GGAG/GAGG;rbs_spacer=5-10bp;gc_cont=0.371
contig_1165_pilon:619162-620652|- -            497 650at766             -            324     5e-45  150.2   4.1   3   3     3e-16   4.6e-14   48.4   0.4   235   320   371   466   366   469 0.83 contig_1165_pilon_599 # 619162 # 620652 # -1 # ID=1_599;partial=00;start_type=ATG;rbs_motif=GGAG/GAGG;rbs_spacer=5-10bp;gc_cont=0.371
contig_1165_pilon:281437-283998|+ -            854 650at766             -            324     7e-15   51.1   0.3   1   3   1.1e-05    0.0017   13.7   0.0    65   143   199   284   185   298 0.80 contig_1165_pilon_276 # 281437 # 283998 # 1 # ID=1_276;partial=00;start_type=ATG;rbs_motif=None;rbs_spacer=None;gc_cont=0.377
contig_1165_pilon:281437-283998|+ -            854 650at766             -            324     7e-15   51.1   0.3   2   3   6.3e-08   9.8e-06   21.0   0.0    31    91   561   621   555   628 0.95 contig_1165_pilon_276 # 281437 # 283998 # 1 # ID=1_276;partial=00;start_type=ATG;rbs_motif=None;rbs_spacer=None;gc_cont=0.377
contig_1165_pilon:281437-283998|+ -            854 650at766             -            324     7e-15   51.1   0.3   3   3   2.9e-05    0.0045   12.3   0.1   226   323   735   834   716   835 0.80 contig_1165_pilon_276 # 281437 # 283998 # 1 # ID=1_276;partial=00;start_type=ATG;rbs_motif=None;rbs_spacer=None;gc_cont=0.377
contig_1165_pilon:571388-573694|- -            769 650at766             -            324   1.4e-12   43.6   2.4   1   3     0.046       7.2    1.8   0.0    66   144   229   313   189   324 0.59 contig_1165_pilon_557 # 571388 # 573694 # -1 # ID=1_557;partial=00;start_type=ATG;rbs_motif=GGA/GAG/AGG;rbs_spacer=5-10bp;gc_cont=0.340
contig_1165_pilon:571388-573694|- -            769 650at766             -            324   1.4e-12   43.6   2.4   2   3   1.9e-08   2.9e-06   22.8   0.0    29   135   470   580   446   600 0.73 contig_1165_pilon_557 # 571388 # 573694 # -1 # ID=1_557;partial=00;start_type=ATG;rbs_motif=GGA/GAG/AGG;rbs_spacer=5-10bp;gc_cont=0.340
contig_1165_pilon:571388-573694|- -            769 650at766             -            324   1.4e-12   43.6   2.4   3   3   1.1e-06   0.00017   17.0   0.2   194   312   615   735   607   747 0.79 contig_1165_pilon_557 # 571388 # 573694 # -1 # ID=1_557;partial=00;start_type=ATG;rbs_motif=GGA/GAG/AGG;rbs_spacer=5-10bp;gc_cont=0.340
contig_1165_pilon:557031-558869|+ -            613 650at766             -            324   1.4e-05   20.5   0.1   1   2   2.9e-07   4.6e-05   18.8   0.0    69   147   189   261   152   265 0.76 contig_1165_pilon_542 # 557031 # 558869 # 1 # ID=1_542;partial=00;start_type=ATG;rbs_motif=None;rbs_spacer=None;gc_cont=0.372
contig_1165_pilon:557031-558869|+ -            613 650at766             -            324   1.4e-05   20.5   0.1   2   2       1.2   1.9e+02   -2.9   0.0   214   266   520   569   510   585 0.63 contig_1165_pilon_542 # 557031 # 558869 # 1 # ID=1_542;partial=00;start_type=ATG;rbs_motif=None;rbs_spacer=None;gc_cont=0.372
contig_1165_pilon:38096-39193|-   -            366 650at766             -            324   1.5e-05   20.4   0.0   1   1   1.9e-07   2.9e-05   19.5   0.0    70   153   137   214    97   232 0.80 contig_1165_pilon_35 # 38096 # 39193 # -1 # ID=1_35;partial=00;start_type=ATG;rbs_motif=GGA/GAG/AGG;rbs_spacer=5-10bp;gc_cont=0.360
contig_1165_pilon:688889-689869|+ -            327 650at766             -            324   9.7e-05   17.8   0.0   1   1   1.7e-06   0.00026   16.3   0.0    30   109    19    93    11   125 0.76 contig_1165_pilon_673 # 688889 # 689869 # 1 # ID=1_673;partial=00;start_type=ATG;rbs_motif=None;rbs_spacer=None;gc_cont=0.387
contig_1165_pilon:104437-105060|+ -            208 650at766             -            324    0.0017   13.7   0.0   1   1   1.6e-05    0.0026   13.1   0.0    60    90    20    50     7    55 0.81 contig_1165_pilon_93 # 104437 # 105060 # 1 # ID=1_93;partial=00;start_type=ATG;rbs_motif=None;rbs_spacer=None;gc_cont=0.361
#
# Program:         hmmsearch
# Version:         3.4 (Aug 2023)
# Pipeline mode:   SEARCH
# Query file:      /private/groups/russelllab/jodie/Jacobs_et_al_2026_de_novo_wRi_merrill_23_assembly/busco_downloads/lineages/rickettsiales_odb10/hmms/650at766.hmm
# Target file:     private/groups/russelllab/jodie/Jacobs_et_al_2026_de_novo_wRi_merrill_23_assembly/busco/20250828_Nanopore/wRi/polished/prodigal_output/predicted_genes/predicted.faa
# Option settings: hmmsearch --domtblout private/groups/russelllab/jodie/Jacobs_et_al_2026_de_novo_wRi_merrill_23_assembly/busco/20250828_Nanopore/wRi/polished/run_rickettsiales_odb10/hmmer_output/650at766.out --cpu 1 /private/groups/russelllab/jodie/Jacobs_et_al_2026_de_novo_wRi_merrill_23_assembly/busco_downloads/lineages/rickettsiales_odb10/hmms/650at766.hmm private/groups/russelllab/jodie/Jacobs_et_al_2026_de_novo_wRi_merrill_23_assembly/busco/20250828_Nanopore/wRi/polished/prodigal_output/predicted_genes/predicted.faa 
# Current dir:     /private/groups/russelllab/jodie/Jacobs_et_al_2026_de_novo_wRi_merrill_23_assembly
# Date:            Fri Aug 29 11:49:11 2025
# [ok]
