#                                                                                         --- full sequence --- -------------- this domain -------------   hmm coord   ali coord   env coord
# target name                     accession   tlen query name           accession   qlen   E-value  score  bias   #  of  c-Evalue  i-Evalue  score  bias  from    to  from    to  from    to  acc description of target
#             ------------------- ---------- ----- -------------------- ---------- ----- --------- ------ ----- --- --- --------- --------- ------ ----- ----- ----- ----- ----- ----- ----- ---- ---------------------
contig_1165_pilon:108976-110682|- -            569 740at766             -            464    3e-206  681.6   2.9   1   1  1.3e-206  3.3e-204  674.8   2.9     5   464    40   567    35   567 0.90 contig_1165_pilon_99 # 108976 # 110682 # -1 # ID=1_99;partial=00;start_type=ATG;rbs_motif=None;rbs_spacer=None;gc_cont=0.382
contig_1165_pilon:46009-48480|+   -            824 740at766             -            464   9.1e-06   20.6   0.0   1   2   4.5e-05     0.011   10.4   0.0    54   122    35   103    27   151 0.84 contig_1165_pilon_45 # 46009 # 48480 # 1 # ID=1_45;partial=00;start_type=ATG;rbs_motif=GGA/GAG/AGG;rbs_spacer=5-10bp;gc_cont=0.384
contig_1165_pilon:46009-48480|+   -            824 740at766             -            464   9.1e-06   20.6   0.0   2   2   0.00026     0.065    7.9   0.1   294   330   546   582   519   704 0.73 contig_1165_pilon_45 # 46009 # 48480 # 1 # ID=1_45;partial=00;start_type=ATG;rbs_motif=GGA/GAG/AGG;rbs_spacer=5-10bp;gc_cont=0.384
contig_1165_pilon:353251-354624|+ -            458 740at766             -            464   1.9e-05   19.5   0.9   1   2   4.5e-05     0.011   10.4   0.1    66   105    35    74    19   140 0.79 contig_1165_pilon_345 # 353251 # 354624 # 1 # ID=1_345;partial=00;start_type=ATG;rbs_motif=None;rbs_spacer=None;gc_cont=0.340
contig_1165_pilon:353251-354624|+ -            458 740at766             -            464   1.9e-05   19.5   0.9   2   2   0.00034     0.084    7.5   0.1   296   341   270   316   259   327 0.84 contig_1165_pilon_345 # 353251 # 354624 # 1 # ID=1_345;partial=00;start_type=ATG;rbs_motif=None;rbs_spacer=None;gc_cont=0.340
contig_1165_pilon:428652-431168|- -            839 740at766             -            464   0.00017   16.4   0.0   1   2     3e-06   0.00076   14.3   0.0    61    93    36    68    17    71 0.84 contig_1165_pilon_425 # 428652 # 431168 # -1 # ID=1_425;partial=00;start_type=ATG;rbs_motif=GGA/GAG/AGG;rbs_spacer=5-10bp;gc_cont=0.386
contig_1165_pilon:428652-431168|- -            839 740at766             -            464   0.00017   16.4   0.0   2   2      0.13        33   -1.0   0.0   291   326   606   641   597   651 0.87 contig_1165_pilon_425 # 428652 # 431168 # -1 # ID=1_425;partial=00;start_type=ATG;rbs_motif=GGA/GAG/AGG;rbs_spacer=5-10bp;gc_cont=0.386
contig_1165_pilon:156072-157718|- -            549 740at766             -            464   0.00041   15.2   0.0   1   2   7.2e-05     0.018    9.7   0.0    68   120    21    73     8   141 0.84 contig_1165_pilon_144 # 156072 # 157718 # -1 # ID=1_144;partial=00;start_type=ATG;rbs_motif=None;rbs_spacer=None;gc_cont=0.401
contig_1165_pilon:156072-157718|- -            549 740at766             -            464   0.00041   15.2   0.0   2   2     0.008         2    3.0   0.0   296   365   334   404   323   450 0.75 contig_1165_pilon_144 # 156072 # 157718 # -1 # ID=1_144;partial=00;start_type=ATG;rbs_motif=None;rbs_spacer=None;gc_cont=0.401
#
# Program:         hmmsearch
# Version:         3.4 (Aug 2023)
# Pipeline mode:   SEARCH
# Query file:      /private/groups/russelllab/jodie/Jacobs_et_al_2026_de_novo_wRi_merrill_23_assembly/busco_downloads/lineages/rickettsiales_odb10/hmms/740at766.hmm
# Target file:     private/groups/russelllab/jodie/Jacobs_et_al_2026_de_novo_wRi_merrill_23_assembly/busco/20250828_Nanopore/wRi/polished/prodigal_output/predicted_genes/predicted.faa
# Option settings: hmmsearch --domtblout private/groups/russelllab/jodie/Jacobs_et_al_2026_de_novo_wRi_merrill_23_assembly/busco/20250828_Nanopore/wRi/polished/run_rickettsiales_odb10/hmmer_output/740at766.out --cpu 1 /private/groups/russelllab/jodie/Jacobs_et_al_2026_de_novo_wRi_merrill_23_assembly/busco_downloads/lineages/rickettsiales_odb10/hmms/740at766.hmm private/groups/russelllab/jodie/Jacobs_et_al_2026_de_novo_wRi_merrill_23_assembly/busco/20250828_Nanopore/wRi/polished/prodigal_output/predicted_genes/predicted.faa 
# Current dir:     /private/groups/russelllab/jodie/Jacobs_et_al_2026_de_novo_wRi_merrill_23_assembly
# Date:            Fri Aug 29 11:49:12 2025
# [ok]
