#                                                                                         --- full sequence --- -------------- this domain -------------   hmm coord   ali coord   env coord
# target name                     accession   tlen query name           accession   qlen   E-value  score  bias   #  of  c-Evalue  i-Evalue  score  bias  from    to  from    to  from    to  acc description of target
#             ------------------- ---------- ----- -------------------- ---------- ----- --------- ------ ----- --- --- --------- --------- ------ ----- ----- ----- ----- ----- ----- ----- ---- ---------------------
contig_1165_pilon:825849-827291|- -            481 794at766             -            371  5.7e-152  502.2  64.2   1   2   8.8e-41   1.8e-38  128.7  24.1    11   138    50   185    25   198 0.82 contig_1165_pilon_807 # 825849 # 827291 # -1 # ID=1_807;partial=00;start_type=GTG;rbs_motif=None;rbs_spacer=None;gc_cont=0.351
contig_1165_pilon:825849-827291|- -            481 794at766             -            371  5.7e-152  502.2  64.2   2   2  1.4e-115  2.9e-113  374.9  31.8   130   351   201   429   189   467 0.93 contig_1165_pilon_807 # 825849 # 827291 # -1 # ID=1_807;partial=00;start_type=GTG;rbs_motif=None;rbs_spacer=None;gc_cont=0.351
contig_1165_pilon:694022-695488|- -            489 794at766             -            371     2e-34  115.5  50.7   1   3      0.39        80   -1.7   0.6     3    26     3    26     1    57 0.47 contig_1165_pilon_678 # 694022 # 695488 # -1 # ID=1_678;partial=00;start_type=ATG;rbs_motif=None;rbs_spacer=None;gc_cont=0.344
contig_1165_pilon:694022-695488|- -            489 794at766             -            371     2e-34  115.5  50.7   2   3   0.00023     0.048    8.9  15.8    29   132    68   184    29   201 0.81 contig_1165_pilon_678 # 694022 # 695488 # -1 # ID=1_678;partial=00;start_type=ATG;rbs_motif=None;rbs_spacer=None;gc_cont=0.344
contig_1165_pilon:694022-695488|- -            489 794at766             -            371     2e-34  115.5  50.7   3   3   3.1e-36   6.5e-34  113.8  24.5   134   343   211   432   197   439 0.87 contig_1165_pilon_678 # 694022 # 695488 # -1 # ID=1_678;partial=00;start_type=ATG;rbs_motif=None;rbs_spacer=None;gc_cont=0.344
contig_1165_pilon:971002-972510|- -            503 794at766             -            371   2.3e-23   79.0  54.4   1   2      0.54   1.1e+02   -2.2   0.2     8    46    27    64    21    86 0.49 contig_1165_pilon_956 # 971002 # 972510 # -1 # ID=1_956;partial=00;start_type=ATG;rbs_motif=None;rbs_spacer=None;gc_cont=0.343
contig_1165_pilon:971002-972510|- -            503 794at766             -            371   2.3e-23   79.0  54.4   2   2   1.7e-24   3.5e-22   75.2  49.8    32   365    91   469    75   475 0.66 contig_1165_pilon_956 # 971002 # 972510 # -1 # ID=1_956;partial=00;start_type=ATG;rbs_motif=None;rbs_spacer=None;gc_cont=0.343
contig_1165_pilon:824488-825852|- -            455 794at766             -            371   1.1e-21   73.5  20.6   1   4       0.2        42   -0.8   0.8   258   277    12    31     4    50 0.65 contig_1165_pilon_806 # 824488 # 825852 # -1 # ID=1_806;partial=00;start_type=ATG;rbs_motif=None;rbs_spacer=None;gc_cont=0.347
contig_1165_pilon:824488-825852|- -            455 794at766             -            371   1.1e-21   73.5  20.6   2   4     0.059        12    1.0  17.2     8   129    43   169    33   179 0.63 contig_1165_pilon_806 # 824488 # 825852 # -1 # ID=1_806;partial=00;start_type=ATG;rbs_motif=None;rbs_spacer=None;gc_cont=0.347
contig_1165_pilon:824488-825852|- -            455 794at766             -            371   1.1e-21   73.5  20.6   3   4   5.2e-24   1.1e-21   73.5  20.6   133   343   198   414   175   421 0.81 contig_1165_pilon_806 # 824488 # 825852 # -1 # ID=1_806;partial=00;start_type=ATG;rbs_motif=None;rbs_spacer=None;gc_cont=0.347
contig_1165_pilon:824488-825852|- -            455 794at766             -            371   1.1e-21   73.5  20.6   4   4      0.31        65   -1.4   0.2   103   130   424   451   420   453 0.79 contig_1165_pilon_806 # 824488 # 825852 # -1 # ID=1_806;partial=00;start_type=ATG;rbs_motif=None;rbs_spacer=None;gc_cont=0.347
contig_1165_pilon:827295-829151|- -            619 794at766             -            371   1.5e-19   66.5  39.9   1   2   2.5e-06   0.00051   15.4  16.2    17   136    59   189    46   195 0.75 contig_1165_pilon_808 # 827295 # 829151 # -1 # ID=1_808;partial=00;start_type=ATG;rbs_motif=None;rbs_spacer=None;gc_cont=0.349
contig_1165_pilon:827295-829151|- -            619 794at766             -            371   1.5e-19   66.5  39.9   2   2   8.9e-19   1.8e-16   56.3  15.7   129   336   216   419   206   438 0.81 contig_1165_pilon_808 # 827295 # 829151 # -1 # ID=1_808;partial=00;start_type=ATG;rbs_motif=None;rbs_spacer=None;gc_cont=0.349
contig_1165_pilon:716304-717863|+ -            520 794at766             -            371   9.6e-09   30.9  39.5   1   2   4.6e-11   9.6e-09   30.9  39.5    11   320    14   321     6   361 0.71 contig_1165_pilon_702 # 716304 # 717863 # 1 # ID=1_702;partial=00;start_type=GTG;rbs_motif=None;rbs_spacer=None;gc_cont=0.332
contig_1165_pilon:716304-717863|+ -            520 794at766             -            371   9.6e-09   30.9  39.5   2   2      0.65   1.4e+02   -2.5   0.6   204   233   469   501   410   513 0.57 contig_1165_pilon_702 # 716304 # 717863 # 1 # ID=1_702;partial=00;start_type=GTG;rbs_motif=None;rbs_spacer=None;gc_cont=0.332
#
# Program:         hmmsearch
# Version:         3.4 (Aug 2023)
# Pipeline mode:   SEARCH
# Query file:      /private/groups/russelllab/jodie/Jacobs_et_al_2026_de_novo_wRi_merrill_23_assembly/busco_downloads/lineages/rickettsiales_odb10/hmms/794at766.hmm
# Target file:     private/groups/russelllab/jodie/Jacobs_et_al_2026_de_novo_wRi_merrill_23_assembly/busco/20250828_Nanopore/wRi/polished/prodigal_output/predicted_genes/predicted.faa
# Option settings: hmmsearch --domtblout private/groups/russelllab/jodie/Jacobs_et_al_2026_de_novo_wRi_merrill_23_assembly/busco/20250828_Nanopore/wRi/polished/run_rickettsiales_odb10/hmmer_output/794at766.out --cpu 1 /private/groups/russelllab/jodie/Jacobs_et_al_2026_de_novo_wRi_merrill_23_assembly/busco_downloads/lineages/rickettsiales_odb10/hmms/794at766.hmm private/groups/russelllab/jodie/Jacobs_et_al_2026_de_novo_wRi_merrill_23_assembly/busco/20250828_Nanopore/wRi/polished/prodigal_output/predicted_genes/predicted.faa 
# Current dir:     /private/groups/russelllab/jodie/Jacobs_et_al_2026_de_novo_wRi_merrill_23_assembly
# Date:            Fri Aug 29 11:49:12 2025
# [ok]
