host: phoenix-23.prism
Building DAG of jobs...
Using shell: /usr/bin/bash
Provided remote nodes: 1
Provided resources: mem_mb=100000, mem_mib=95368, disk_mb=1000, disk_mib=954
Conda environments: ignored
Select jobs to execute...
Execute 1 jobs...

[Mon Mar 10 14:56:21 2025]
rule attempt_circularization:
    input: /private/groups/russelllab/jodie/merrill_23_wRi_genome/gapfilled/merrill_23_all_basecalled_AN/wRi/links_gapfilled.fasta, /private/groups/russelllab/jodie/merrill_23_wRi_genome/nanopore_data/basecalled/merrill_23_all_basecalled.wRi.fastq.gz
    output: /private/groups/russelllab/jodie/merrill_23_wRi_genome/assembly_final/merrill_23_all_basecalled_AN/wRi_final_polished_circular.fasta, /private/groups/russelllab/jodie/merrill_23_wRi_genome/assembly_final/merrill_23_all_basecalled_AN/assembly_stats.txt
    jobid: 0
    reason: Forced execution
    wildcards: sample=merrill_23_all_basecalled_AN
    threads: 10
    resources: mem_mb=100000, mem_mib=95368, disk_mb=1000, disk_mib=954, tmpdir=<TBD>, slurm_partition=medium, runtime=240

host: phoenix-23.prism
Building DAG of jobs...
Using shell: /usr/bin/bash
Provided cores: 10
Rules claiming more threads will be scaled down.
Provided resources: mem_mb=100000, mem_mib=95368, disk_mb=1000, disk_mib=954
Conda environments: ignored
Select jobs to execute...
Execute 1 jobs...

[Mon Mar 10 14:56:22 2025]
localrule attempt_circularization:
    input: /private/groups/russelllab/jodie/merrill_23_wRi_genome/gapfilled/merrill_23_all_basecalled_AN/wRi/links_gapfilled.fasta, /private/groups/russelllab/jodie/merrill_23_wRi_genome/nanopore_data/basecalled/merrill_23_all_basecalled.wRi.fastq.gz
    output: /private/groups/russelllab/jodie/merrill_23_wRi_genome/assembly_final/merrill_23_all_basecalled_AN/wRi_final_polished_circular.fasta, /private/groups/russelllab/jodie/merrill_23_wRi_genome/assembly_final/merrill_23_all_basecalled_AN/assembly_stats.txt
    jobid: 0
    reason: Forced execution
    wildcards: sample=merrill_23_all_basecalled_AN
    threads: 10
    resources: mem_mb=100000, mem_mib=95368, disk_mb=1000, disk_mib=954, tmpdir=/data/tmp, slurm_partition=medium, runtime=240

[Mon Mar 10 14:56:23 2025]
Finished job 0.
1 of 1 steps (100%) done
Storing output in storage.
[Mon Mar 10 14:56:24 2025]
Finished job 0.
1 of 1 steps (100%) done
Storing output in storage.
