host: phoenix-06.prism
Building DAG of jobs...
Using shell: /usr/bin/bash
Provided remote nodes: 1
Provided resources: mem_mb=100000, mem_mib=95368, disk_mb=5148, disk_mib=4910
Select jobs to execute...
Execute 1 jobs...

[Fri Mar  7 21:01:14 2025]
rule separate_bam_illumina:
    input: /private/groups/russelllab/jodie/merrill_23_wRi_genome/short_reads/aligned_to_dsim.bam
    output: /private/groups/russelllab/jodie/merrill_23_wRi_genome/short_reads/dsim.bam, /private/groups/russelllab/jodie/merrill_23_wRi_genome/short_reads/wRi.bam
    jobid: 0
    reason: Forced execution
    threads: 8
    resources: mem_mb=100000, mem_mib=95368, disk_mb=5148, disk_mib=4910, tmpdir=<TBD>, slurm_partition=medium, runtime=200

host: phoenix-06.prism
Building DAG of jobs...
Using shell: /usr/bin/bash
Provided cores: 8
Rules claiming more threads will be scaled down.
Provided resources: mem_mb=100000, mem_mib=95368, disk_mb=5148, disk_mib=4910
Select jobs to execute...
Execute 1 jobs...

[Fri Mar  7 21:01:15 2025]
localrule separate_bam_illumina:
    input: /private/groups/russelllab/jodie/merrill_23_wRi_genome/short_reads/aligned_to_dsim.bam
    output: /private/groups/russelllab/jodie/merrill_23_wRi_genome/short_reads/dsim.bam, /private/groups/russelllab/jodie/merrill_23_wRi_genome/short_reads/wRi.bam
    jobid: 0
    reason: Forced execution
    threads: 8
    resources: mem_mb=100000, mem_mib=95368, disk_mb=5148, disk_mib=4910, tmpdir=/data/tmp, slurm_partition=medium, runtime=200

[Fri Mar  7 21:02:14 2025]
Finished job 0.
1 of 1 steps (100%) done
Storing output in storage.
[Fri Mar  7 21:02:15 2025]
Finished job 0.
1 of 1 steps (100%) done
Storing output in storage.
