#                                                                                              --- full sequence --- -------------- this domain -------------   hmm coord   ali coord   env coord
# target name                          accession   tlen query name           accession   qlen   E-value  score  bias   #  of  c-Evalue  i-Evalue  score  bias  from    to  from    to  from    to  acc description of target
#                  ------------------- ---------- ----- -------------------- ---------- ----- --------- ------ ----- --- --- --------- --------- ------ ----- ----- ----- ----- ----- ----- ----- ---- ---------------------
wRi_Merrill23_polished:675478-677931|+ -            818 119at766             -            681         0 1112.8  16.4   1   2   4.9e-26   7.7e-24   79.8   0.2     1    75    14   101    14   125 0.84 wRi_Merrill23_polished_654 # 675478 # 677931 # 1 # ID=1_654;partial=00;start_type=ATG;rbs_motif=GGAG/GAGG;rbs_spacer=5-10bp;gc_cont=0.363
wRi_Merrill23_polished:675478-677931|+ -            818 119at766             -            681         0 1112.8  16.4   2   2         0         0 1036.4  11.0    73   681   134   782   124   782 0.95 wRi_Merrill23_polished_654 # 675478 # 677931 # 1 # ID=1_654;partial=00;start_type=ATG;rbs_motif=GGAG/GAGG;rbs_spacer=5-10bp;gc_cont=0.363
wRi_Merrill23_polished:255003-256346|+ -            448 119at766             -            681   4.7e-07   24.3   1.1   1   2      0.24        38   -1.9   0.1   270   291    83   104    78   109 0.77 wRi_Merrill23_polished_245 # 255003 # 256346 # 1 # ID=1_245;partial=00;start_type=ATG;rbs_motif=None;rbs_spacer=None;gc_cont=0.379
wRi_Merrill23_polished:255003-256346|+ -            448 119at766             -            681   4.7e-07   24.3   1.1   2   2   5.5e-09   8.6e-07   23.4   0.1   562   654   335   426   326   443 0.87 wRi_Merrill23_polished_245 # 255003 # 256346 # 1 # ID=1_245;partial=00;start_type=ATG;rbs_motif=None;rbs_spacer=None;gc_cont=0.379
wRi_Merrill23_polished:366358-367761|+ -            468 119at766             -            681   1.4e-05   19.4   1.3   1   2   6.8e-06    0.0011   13.2   0.3   569   651    24   107     7   131 0.81 wRi_Merrill23_polished_356 # 366358 # 367761 # 1 # ID=1_356;partial=00;start_type=TTG;rbs_motif=3Base/5BMM;rbs_spacer=13-15bp;gc_cont=0.390
wRi_Merrill23_polished:366358-367761|+ -            468 119at766             -            681   1.4e-05   19.4   1.3   2   2    0.0022      0.35    4.9   0.0   267   287   176   196   157   200 0.75 wRi_Merrill23_polished_356 # 366358 # 367761 # 1 # ID=1_356;partial=00;start_type=TTG;rbs_motif=3Base/5BMM;rbs_spacer=13-15bp;gc_cont=0.390
wRi_Merrill23_polished:222954-223649|- -            232 119at766             -            681   0.00029   15.0   0.1   1   2   3.4e-06   0.00053   14.2   0.0   266   290    32    56     3    64 0.89 wRi_Merrill23_polished_216 # 222954 # 223649 # -1 # ID=1_216;partial=00;start_type=TTG;rbs_motif=None;rbs_spacer=None;gc_cont=0.326
wRi_Merrill23_polished:222954-223649|- -            232 119at766             -            681   0.00029   15.0   0.1   2   2      0.68   1.1e+02   -3.3   0.1   103   129    95   121    91   134 0.62 wRi_Merrill23_polished_216 # 222954 # 223649 # -1 # ID=1_216;partial=00;start_type=TTG;rbs_motif=None;rbs_spacer=None;gc_cont=0.326
wRi_Merrill23_polished:674185-675462|+ -            426 119at766             -            681   0.00042   14.5   0.0   1   1   3.8e-06   0.00059   14.0   0.0   266   351   113   196    32   253 0.83 wRi_Merrill23_polished_653 # 674185 # 675462 # 1 # ID=1_653;partial=00;start_type=ATG;rbs_motif=GGA/GAG/AGG;rbs_spacer=5-10bp;gc_cont=0.367
wRi_Merrill23_polished:879950-881047|- -            366 119at766             -            681   0.00064   13.9   0.1   1   2   8.1e-06    0.0013   12.9   0.0   262   349   130   207   116   218 0.74 wRi_Merrill23_polished_845 # 879950 # 881047 # -1 # ID=1_845;partial=00;start_type=ATG;rbs_motif=GGA/GAG/AGG;rbs_spacer=5-10bp;gc_cont=0.360
wRi_Merrill23_polished:879950-881047|- -            366 119at766             -            681   0.00064   13.9   0.1   2   2      0.82   1.3e+02   -3.6   0.0   165   192   300   327   288   343 0.75 wRi_Merrill23_polished_845 # 879950 # 881047 # -1 # ID=1_845;partial=00;start_type=ATG;rbs_motif=GGA/GAG/AGG;rbs_spacer=5-10bp;gc_cont=0.360
wRi_Merrill23_polished:357554-358351|+ -            266 119at766             -            681    0.0019   12.4   0.0   1   1   1.5e-05    0.0024   12.0   0.0   254   293     3    42     1    68 0.82 wRi_Merrill23_polished_349 # 357554 # 358351 # 1 # ID=1_349;partial=00;start_type=ATG;rbs_motif=GGA/GAG/AGG;rbs_spacer=5-10bp;gc_cont=0.392
wRi_Merrill23_polished:894292-895023|+ -            244 119at766             -            681     0.002   12.3   2.1   1   2    0.0028      0.44    4.6   0.1   275   301     3    29     1    84 0.88 wRi_Merrill23_polished_859 # 894292 # 895023 # 1 # ID=1_859;partial=00;start_type=TTG;rbs_motif=AGGA;rbs_spacer=5-10bp;gc_cont=0.339
wRi_Merrill23_polished:894292-895023|+ -            244 119at766             -            681     0.002   12.3   2.1   2   2   0.00047     0.073    7.1   0.2    75   149   141   217    89   229 0.70 wRi_Merrill23_polished_859 # 894292 # 895023 # 1 # ID=1_859;partial=00;start_type=TTG;rbs_motif=AGGA;rbs_spacer=5-10bp;gc_cont=0.339
#
# Program:         hmmsearch
# Version:         3.4 (Aug 2023)
# Pipeline mode:   SEARCH
# Query file:      /private/groups/russelllab/jodie/Jacobs_et_al_2026_de_novo_wRi_merrill_23_assembly/busco_downloads/lineages/rickettsiales_odb10/hmms/119at766.hmm
# Target file:     private/groups/russelllab/jodie/Jacobs_et_al_2026_de_novo_wRi_merrill_23_assembly/busco/20251218_Merrill23_wRi/wRi/polished/prodigal_output/predicted_genes/predicted.faa
# Option settings: hmmsearch --domtblout private/groups/russelllab/jodie/Jacobs_et_al_2026_de_novo_wRi_merrill_23_assembly/busco/20251218_Merrill23_wRi/wRi/polished/run_rickettsiales_odb10/hmmer_output/119at766.out --cpu 1 /private/groups/russelllab/jodie/Jacobs_et_al_2026_de_novo_wRi_merrill_23_assembly/busco_downloads/lineages/rickettsiales_odb10/hmms/119at766.hmm private/groups/russelllab/jodie/Jacobs_et_al_2026_de_novo_wRi_merrill_23_assembly/busco/20251218_Merrill23_wRi/wRi/polished/prodigal_output/predicted_genes/predicted.faa 
# Current dir:     /private/groups/russelllab/jodie/Jacobs_et_al_2026_de_novo_wRi_merrill_23_assembly
# Date:            Fri Jan 16 13:08:18 2026
# [ok]
