#                                                                                              --- full sequence --- -------------- this domain -------------   hmm coord   ali coord   env coord
# target name                          accession   tlen query name           accession   qlen   E-value  score  bias   #  of  c-Evalue  i-Evalue  score  bias  from    to  from    to  from    to  acc description of target
#                  ------------------- ---------- ----- -------------------- ---------- ----- --------- ------ ----- --- --- --------- --------- ------ ----- ----- ----- ----- ----- ----- ----- ---- ---------------------
wRi_Merrill23_polished:667389-668762|+ -            458 1231at766            -            370  3.2e-158  522.8  16.3   1   1  7.3e-158  2.3e-155  513.4  16.3     1   369     5   455     5   456 0.86 wRi_Merrill23_polished_645 # 667389 # 668762 # 1 # ID=1_645;partial=00;start_type=ATG;rbs_motif=None;rbs_spacer=None;gc_cont=0.370
wRi_Merrill23_polished:396812-398182|+ -            457 1231at766            -            370   1.9e-73  243.8  16.4   1   2   9.2e-45   2.9e-42  141.2   4.5     1   197     5   233     5   248 0.82 wRi_Merrill23_polished_384 # 396812 # 398182 # 1 # ID=1_384;partial=00;start_type=ATG;rbs_motif=GGA/GAG/AGG;rbs_spacer=5-10bp;gc_cont=0.392
wRi_Merrill23_polished:396812-398182|+ -            457 1231at766            -            370   1.9e-73  243.8  16.4   2   2   1.2e-34   3.8e-32  107.9   4.3   193   368   255   452   238   453 0.87 wRi_Merrill23_polished_384 # 396812 # 398182 # 1 # ID=1_384;partial=00;start_type=ATG;rbs_motif=GGA/GAG/AGG;rbs_spacer=5-10bp;gc_cont=0.392
wRi_Merrill23_polished:538388-539326|+ -            313 1231at766            -            370   6.2e-10   34.8   6.0   1   2     3e-09   9.3e-07   24.4   2.8     2   199    10   209     9   215 0.76 wRi_Merrill23_polished_516 # 538388 # 539326 # 1 # ID=1_516;partial=00;start_type=GTG;rbs_motif=None;rbs_spacer=None;gc_cont=0.391
wRi_Merrill23_polished:538388-539326|+ -            313 1231at766            -            370   6.2e-10   34.8   6.0   2   2   0.00011     0.034    9.3   0.1   192   241   229   286   208   304 0.73 wRi_Merrill23_polished_516 # 538388 # 539326 # 1 # ID=1_516;partial=00;start_type=GTG;rbs_motif=None;rbs_spacer=None;gc_cont=0.391
wRi_Merrill23_polished:179470-180486|- -            339 1231at766            -            370    0.0023   13.2   1.9   1   3   5.8e-05     0.018   10.2   0.1     1    38     4    42     4    53 0.91 wRi_Merrill23_polished_168 # 179470 # 180486 # -1 # ID=1_168;partial=00;start_type=ATG;rbs_motif=None;rbs_spacer=None;gc_cont=0.361
wRi_Merrill23_polished:179470-180486|- -            339 1231at766            -            370    0.0023   13.2   1.9   2   3      0.55   1.7e+02   -2.9   0.0    99   117   143   161   125   181 0.61 wRi_Merrill23_polished_168 # 179470 # 180486 # -1 # ID=1_168;partial=00;start_type=ATG;rbs_motif=None;rbs_spacer=None;gc_cont=0.361
wRi_Merrill23_polished:179470-180486|- -            339 1231at766            -            370    0.0023   13.2   1.9   3   3     0.022       6.9    1.7   0.0   225   240   274   289   221   315 0.82 wRi_Merrill23_polished_168 # 179470 # 180486 # -1 # ID=1_168;partial=00;start_type=ATG;rbs_motif=None;rbs_spacer=None;gc_cont=0.361
#
# Program:         hmmsearch
# Version:         3.4 (Aug 2023)
# Pipeline mode:   SEARCH
# Query file:      /private/groups/russelllab/jodie/Jacobs_et_al_2026_de_novo_wRi_merrill_23_assembly/busco_downloads/lineages/rickettsiales_odb10/hmms/1231at766.hmm
# Target file:     private/groups/russelllab/jodie/Jacobs_et_al_2026_de_novo_wRi_merrill_23_assembly/busco/20251218_Merrill23_wRi/wRi/polished/prodigal_output/predicted_genes/predicted.faa
# Option settings: hmmsearch --domtblout private/groups/russelllab/jodie/Jacobs_et_al_2026_de_novo_wRi_merrill_23_assembly/busco/20251218_Merrill23_wRi/wRi/polished/run_rickettsiales_odb10/hmmer_output/1231at766.out --cpu 1 /private/groups/russelllab/jodie/Jacobs_et_al_2026_de_novo_wRi_merrill_23_assembly/busco_downloads/lineages/rickettsiales_odb10/hmms/1231at766.hmm private/groups/russelllab/jodie/Jacobs_et_al_2026_de_novo_wRi_merrill_23_assembly/busco/20251218_Merrill23_wRi/wRi/polished/prodigal_output/predicted_genes/predicted.faa 
# Current dir:     /private/groups/russelllab/jodie/Jacobs_et_al_2026_de_novo_wRi_merrill_23_assembly
# Date:            Fri Jan 16 13:08:18 2026
# [ok]
