#                                                                                                --- full sequence --- -------------- this domain -------------   hmm coord   ali coord   env coord
# target name                            accession   tlen query name           accession   qlen   E-value  score  bias   #  of  c-Evalue  i-Evalue  score  bias  from    to  from    to  from    to  acc description of target
#                    ------------------- ---------- ----- -------------------- ---------- ----- --------- ------ ----- --- --- --------- --------- ------ ----- ----- ----- ----- ----- ----- ----- ---- ---------------------
wRi_Merrill23_polished:1255817-1256791|+ -            325 1379at766            -            278  4.1e-134  442.4   0.9   1   1  4.8e-136  8.7e-134  441.3   0.9     2   277    15   321    14   322 0.90 wRi_Merrill23_polished_1208 # 1255817 # 1256791 # 1 # ID=1_1208;partial=00;start_type=ATG;rbs_motif=3Base/5BMM;rbs_spacer=13-15bp;gc_cont=0.389
wRi_Merrill23_polished:879950-881047|-   -            366 1379at766            -            278   3.4e-09   32.6   0.0   1   1   3.1e-11   5.6e-09   31.9   0.0     5    97   105   206   102   251 0.78 wRi_Merrill23_polished_845 # 879950 # 881047 # -1 # ID=1_845;partial=00;start_type=ATG;rbs_motif=GGA/GAG/AGG;rbs_spacer=5-10bp;gc_cont=0.360
wRi_Merrill23_polished:894292-895023|+   -            244 1379at766            -            278   7.7e-08   28.2   0.1   1   1   5.4e-09   9.8e-07   24.5   0.1    38   204     1   169     1   181 0.76 wRi_Merrill23_polished_859 # 894292 # 895023 # 1 # ID=1_859;partial=00;start_type=TTG;rbs_motif=AGGA;rbs_spacer=5-10bp;gc_cont=0.339
wRi_Merrill23_polished:674185-675462|+   -            426 1379at766            -            278   8.2e-05   18.2   0.0   1   1   1.1e-06   0.00021   16.9   0.0    35   101   117   197    99   205 0.79 wRi_Merrill23_polished_653 # 674185 # 675462 # 1 # ID=1_653;partial=00;start_type=ATG;rbs_motif=GGA/GAG/AGG;rbs_spacer=5-10bp;gc_cont=0.367
wRi_Merrill23_polished:967829-970390|+   -            854 1379at766            -            278   0.00055   15.5   0.1   1   2    0.0054      0.98    4.8   0.2     4    60   173   228   170   288 0.54 wRi_Merrill23_polished_929 # 967829 # 970390 # 1 # ID=1_929;partial=00;start_type=ATG;rbs_motif=None;rbs_spacer=None;gc_cont=0.377
wRi_Merrill23_polished:967829-970390|+   -            854 1379at766            -            278   0.00055   15.5   0.1   2   2    0.0021      0.38    6.2   0.0    30    55   594   619   580   626 0.84 wRi_Merrill23_polished_929 # 967829 # 970390 # 1 # ID=1_929;partial=00;start_type=ATG;rbs_motif=None;rbs_spacer=None;gc_cont=0.377
wRi_Merrill23_polished:675478-677931|+   -            818 1379at766            -            278   0.00082   14.9   0.0   1   2   4.5e-05    0.0081   11.7   0.0    36    62   364   390   340   401 0.75 wRi_Merrill23_polished_654 # 675478 # 677931 # 1 # ID=1_654;partial=00;start_type=ATG;rbs_motif=GGAG/GAGG;rbs_spacer=5-10bp;gc_cont=0.363
wRi_Merrill23_polished:675478-677931|+   -            818 1379at766            -            278   0.00082   14.9   0.0   2   2      0.15        26    0.2   0.0   129   171   474   514   469   526 0.74 wRi_Merrill23_polished_654 # 675478 # 677931 # 1 # ID=1_654;partial=00;start_type=ATG;rbs_motif=GGAG/GAGG;rbs_spacer=5-10bp;gc_cont=0.363
wRi_Merrill23_polished:366358-367761|+   -            468 1379at766            -            278    0.0012   14.4   0.0   1   2   0.00016     0.028    9.9   0.0     2    51   149   195   148   201 0.79 wRi_Merrill23_polished_356 # 366358 # 367761 # 1 # ID=1_356;partial=00;start_type=TTG;rbs_motif=3Base/5BMM;rbs_spacer=13-15bp;gc_cont=0.390
wRi_Merrill23_polished:366358-367761|+   -            468 1379at766            -            278    0.0012   14.4   0.0   2   2     0.058        10    1.5   0.0    81   115   257   291   228   323 0.82 wRi_Merrill23_polished_356 # 366358 # 367761 # 1 # ID=1_356;partial=00;start_type=TTG;rbs_motif=3Base/5BMM;rbs_spacer=13-15bp;gc_cont=0.390
#
# Program:         hmmsearch
# Version:         3.4 (Aug 2023)
# Pipeline mode:   SEARCH
# Query file:      /private/groups/russelllab/jodie/Jacobs_et_al_2026_de_novo_wRi_merrill_23_assembly/busco_downloads/lineages/rickettsiales_odb10/hmms/1379at766.hmm
# Target file:     private/groups/russelllab/jodie/Jacobs_et_al_2026_de_novo_wRi_merrill_23_assembly/busco/20251218_Merrill23_wRi/wRi/polished/prodigal_output/predicted_genes/predicted.faa
# Option settings: hmmsearch --domtblout private/groups/russelllab/jodie/Jacobs_et_al_2026_de_novo_wRi_merrill_23_assembly/busco/20251218_Merrill23_wRi/wRi/polished/run_rickettsiales_odb10/hmmer_output/1379at766.out --cpu 1 /private/groups/russelllab/jodie/Jacobs_et_al_2026_de_novo_wRi_merrill_23_assembly/busco_downloads/lineages/rickettsiales_odb10/hmms/1379at766.hmm private/groups/russelllab/jodie/Jacobs_et_al_2026_de_novo_wRi_merrill_23_assembly/busco/20251218_Merrill23_wRi/wRi/polished/prodigal_output/predicted_genes/predicted.faa 
# Current dir:     /private/groups/russelllab/jodie/Jacobs_et_al_2026_de_novo_wRi_merrill_23_assembly
# Date:            Fri Jan 16 13:08:18 2026
# [ok]
