#                                                                                                --- full sequence --- -------------- this domain -------------   hmm coord   ali coord   env coord
# target name                            accession   tlen query name           accession   qlen   E-value  score  bias   #  of  c-Evalue  i-Evalue  score  bias  from    to  from    to  from    to  acc description of target
#                    ------------------- ---------- ----- -------------------- ---------- ----- --------- ------ ----- --- --- --------- --------- ------ ----- ----- ----- ----- ----- ----- ----- ---- ---------------------
wRi_Merrill23_polished:862357-863451|-   -            365 1440at766            -            303  3.6e-149  492.1   5.8   1   2   5.4e-84   1.1e-81  270.5   0.4     1   161     1   166     1   174 0.95 wRi_Merrill23_polished_831 # 862357 # 863451 # -1 # ID=1_831;partial=00;start_type=ATG;rbs_motif=None;rbs_spacer=None;gc_cont=0.379
wRi_Merrill23_polished:862357-863451|-   -            365 1440at766            -            303  3.6e-149  492.1   5.8   2   2   1.1e-69   2.4e-67  223.5   1.0   145   303   180   363   163   363 0.90 wRi_Merrill23_polished_831 # 862357 # 863451 # -1 # ID=1_831;partial=00;start_type=ATG;rbs_motif=None;rbs_spacer=None;gc_cont=0.379
wRi_Merrill23_polished:921266-922288|-   -            341 1440at766            -            303   3.2e-14   49.0   2.0   1   1   1.3e-14   2.8e-12   42.6   1.7     4   113   161   253   158   278 0.82 wRi_Merrill23_polished_888 # 921266 # 922288 # -1 # ID=1_888;partial=00;start_type=ATG;rbs_motif=None;rbs_spacer=None;gc_cont=0.362
wRi_Merrill23_polished:1266763-1268088|- -            442 1440at766            -            303   6.6e-13   44.7   0.1   1   2   7.5e-10   1.6e-07   27.0   0.0     3    44     2    43     1    58 0.89 wRi_Merrill23_polished_1220 # 1266763 # 1268088 # -1 # ID=1_1220;partial=00;start_type=ATG;rbs_motif=None;rbs_spacer=None;gc_cont=0.373
wRi_Merrill23_polished:1266763-1268088|- -            442 1440at766            -            303   6.6e-13   44.7   0.1   2   2   1.1e-05    0.0023   13.3   0.1     3    29   176   202   174   269 0.81 wRi_Merrill23_polished_1220 # 1266763 # 1268088 # -1 # ID=1_1220;partial=00;start_type=ATG;rbs_motif=None;rbs_spacer=None;gc_cont=0.373
wRi_Merrill23_polished:180790-182118|-   -            443 1440at766            -            303   7.4e-06   21.5   0.0   1   1   7.3e-08   1.5e-05   20.5   0.0     3    38   218   253   216   265 0.88 wRi_Merrill23_polished_169 # 180790 # 182118 # -1 # ID=1_169;partial=00;start_type=ATG;rbs_motif=None;rbs_spacer=None;gc_cont=0.358
wRi_Merrill23_polished:944103-944696|+   -            198 1440at766            -            303    0.0016   13.8   0.0   1   1   1.4e-05     0.003   13.0   0.0     8    54    32    80    28   105 0.76 wRi_Merrill23_polished_908 # 944103 # 944696 # 1 # ID=1_908;partial=00;start_type=ATG;rbs_motif=None;rbs_spacer=None;gc_cont=0.320
wRi_Merrill23_polished:389073-389957|+   -            295 1440at766            -            303    0.0026   13.2   0.6   1   2   2.2e-05    0.0047   12.3   0.1     5    30     9    34     5    49 0.87 wRi_Merrill23_polished_377 # 389073 # 389957 # 1 # ID=1_377;partial=00;start_type=GTG;rbs_motif=None;rbs_spacer=None;gc_cont=0.351
wRi_Merrill23_polished:389073-389957|+   -            295 1440at766            -            303    0.0026   13.2   0.6   2   2       1.1   2.3e+02   -3.1   0.1   161   215   228   252   214   269 0.57 wRi_Merrill23_polished_377 # 389073 # 389957 # 1 # ID=1_377;partial=00;start_type=GTG;rbs_motif=None;rbs_spacer=None;gc_cont=0.351
#
# Program:         hmmsearch
# Version:         3.4 (Aug 2023)
# Pipeline mode:   SEARCH
# Query file:      /private/groups/russelllab/jodie/Jacobs_et_al_2026_de_novo_wRi_merrill_23_assembly/busco_downloads/lineages/rickettsiales_odb10/hmms/1440at766.hmm
# Target file:     private/groups/russelllab/jodie/Jacobs_et_al_2026_de_novo_wRi_merrill_23_assembly/busco/20251218_Merrill23_wRi/wRi/polished/prodigal_output/predicted_genes/predicted.faa
# Option settings: hmmsearch --domtblout private/groups/russelllab/jodie/Jacobs_et_al_2026_de_novo_wRi_merrill_23_assembly/busco/20251218_Merrill23_wRi/wRi/polished/run_rickettsiales_odb10/hmmer_output/1440at766.out --cpu 1 /private/groups/russelllab/jodie/Jacobs_et_al_2026_de_novo_wRi_merrill_23_assembly/busco_downloads/lineages/rickettsiales_odb10/hmms/1440at766.hmm private/groups/russelllab/jodie/Jacobs_et_al_2026_de_novo_wRi_merrill_23_assembly/busco/20251218_Merrill23_wRi/wRi/polished/prodigal_output/predicted_genes/predicted.faa 
# Current dir:     /private/groups/russelllab/jodie/Jacobs_et_al_2026_de_novo_wRi_merrill_23_assembly
# Date:            Fri Jan 16 13:08:18 2026
# [ok]
