#                                                                                                --- full sequence --- -------------- this domain -------------   hmm coord   ali coord   env coord
# target name                            accession   tlen query name           accession   qlen   E-value  score  bias   #  of  c-Evalue  i-Evalue  score  bias  from    to  from    to  from    to  acc description of target
#                    ------------------- ---------- ----- -------------------- ---------- ----- --------- ------ ----- --- --- --------- --------- ------ ----- ----- ----- ----- ----- ----- ----- ---- ---------------------
wRi_Merrill23_polished:1129213-1131729|- -            839 153at766             -            695         0 1149.0  16.2   1   2         0         0 1054.2   8.8     1   591     1   671     1   684 0.89 wRi_Merrill23_polished_1097 # 1129213 # 1131729 # -1 # ID=1_1097;partial=00;start_type=ATG;rbs_motif=GGA/GAG/AGG;rbs_spacer=5-10bp;gc_cont=0.386
wRi_Merrill23_polished:1129213-1131729|- -            839 153at766             -            695         0 1149.0  16.2   2   2     2e-27     5e-25   83.8   0.8   586   695   700   837   676   837 0.76 wRi_Merrill23_polished_1097 # 1129213 # 1131729 # -1 # ID=1_1097;partial=00;start_type=ATG;rbs_motif=GGA/GAG/AGG;rbs_spacer=5-10bp;gc_cont=0.386
wRi_Merrill23_polished:891013-893484|+   -            824 153at766             -            695   7.5e-46  152.6  13.9   1   6   9.6e-30   2.4e-27   91.5   0.1     3   153     6   184     4   200 0.74 wRi_Merrill23_polished_857 # 891013 # 893484 # 1 # ID=1_857;partial=00;start_type=ATG;rbs_motif=GGA/GAG/AGG;rbs_spacer=5-10bp;gc_cont=0.384
wRi_Merrill23_polished:891013-893484|+   -            824 153at766             -            695   7.5e-46  152.6  13.9   2   6   4.5e-07   0.00011   16.5   0.0   258   352   238   341   202   353 0.77 wRi_Merrill23_polished_857 # 891013 # 893484 # 1 # ID=1_857;partial=00;start_type=ATG;rbs_motif=GGA/GAG/AGG;rbs_spacer=5-10bp;gc_cont=0.384
wRi_Merrill23_polished:891013-893484|+   -            824 153at766             -            695   7.5e-46  152.6  13.9   3   6   4.6e-05     0.012    9.9   0.2   160   206   357   404   352   407 0.93 wRi_Merrill23_polished_857 # 891013 # 893484 # 1 # ID=1_857;partial=00;start_type=ATG;rbs_motif=GGA/GAG/AGG;rbs_spacer=5-10bp;gc_cont=0.384
wRi_Merrill23_polished:891013-893484|+   -            824 153at766             -            695   7.5e-46  152.6  13.9   4   6   7.9e-07    0.0002   15.7   0.1   363   397   409   447   406   471 0.82 wRi_Merrill23_polished_857 # 891013 # 893484 # 1 # ID=1_857;partial=00;start_type=ATG;rbs_motif=GGA/GAG/AGG;rbs_spacer=5-10bp;gc_cont=0.384
wRi_Merrill23_polished:891013-893484|+   -            824 153at766             -            695   7.5e-46  152.6  13.9   5   6   5.3e-07   0.00013   16.3   0.2   531   601   547   616   540   650 0.75 wRi_Merrill23_polished_857 # 891013 # 893484 # 1 # ID=1_857;partial=00;start_type=ATG;rbs_motif=GGA/GAG/AGG;rbs_spacer=5-10bp;gc_cont=0.384
wRi_Merrill23_polished:891013-893484|+   -            824 153at766             -            695   7.5e-46  152.6  13.9   6   6   0.00032     0.081    7.1   0.1   610   636   694   720   685   775 0.83 wRi_Merrill23_polished_857 # 891013 # 893484 # 1 # ID=1_857;partial=00;start_type=ATG;rbs_motif=GGA/GAG/AGG;rbs_spacer=5-10bp;gc_cont=0.384
wRi_Merrill23_polished:835291-838602|+   -           1104 153at766             -            695   5.2e-20   67.2  12.6   1   6   9.6e-11   2.4e-08   28.6   0.2    15   138    38   183    19   205 0.64 wRi_Merrill23_polished_813 # 835291 # 838602 # 1 # ID=1_813;partial=00;start_type=ATG;rbs_motif=None;rbs_spacer=None;gc_cont=0.368
wRi_Merrill23_polished:835291-838602|+   -           1104 153at766             -            695   5.2e-20   67.2  12.6   2   6   1.9e-05    0.0048   11.1   0.0   266   357   343   426   332   432 0.79 wRi_Merrill23_polished_813 # 835291 # 838602 # 1 # ID=1_813;partial=00;start_type=ATG;rbs_motif=None;rbs_spacer=None;gc_cont=0.368
wRi_Merrill23_polished:835291-838602|+   -           1104 153at766             -            695   5.2e-20   67.2  12.6   3   6    0.0015      0.38    4.9   0.1   157   201   434   479   423   487 0.84 wRi_Merrill23_polished_813 # 835291 # 838602 # 1 # ID=1_813;partial=00;start_type=ATG;rbs_motif=None;rbs_spacer=None;gc_cont=0.368
wRi_Merrill23_polished:835291-838602|+   -           1104 153at766             -            695   5.2e-20   67.2  12.6   4   6   1.1e-07   2.8e-05   18.5   1.2   362   445   488   577   485   633 0.66 wRi_Merrill23_polished_813 # 835291 # 838602 # 1 # ID=1_813;partial=00;start_type=ATG;rbs_motif=None;rbs_spacer=None;gc_cont=0.368
wRi_Merrill23_polished:835291-838602|+   -           1104 153at766             -            695   5.2e-20   67.2  12.6   5   6    0.0015      0.39    4.8   0.0   529   561   634   667   616   671 0.88 wRi_Merrill23_polished_813 # 835291 # 838602 # 1 # ID=1_813;partial=00;start_type=ATG;rbs_motif=None;rbs_spacer=None;gc_cont=0.368
wRi_Merrill23_polished:835291-838602|+   -           1104 153at766             -            695   5.2e-20   67.2  12.6   6   6     0.017       4.3    1.4   0.0   608   637   789   818   782   842 0.84 wRi_Merrill23_polished_813 # 835291 # 838602 # 1 # ID=1_813;partial=00;start_type=ATG;rbs_motif=None;rbs_spacer=None;gc_cont=0.368
wRi_Merrill23_polished:715925-717571|+   -            549 153at766             -            695   1.2e-17   59.4   1.3   1   3   1.2e-15   3.1e-13   44.8   0.2    20   189     6   176     2   191 0.90 wRi_Merrill23_polished_690 # 715925 # 717571 # 1 # ID=1_690;partial=00;start_type=ATG;rbs_motif=None;rbs_spacer=None;gc_cont=0.400
wRi_Merrill23_polished:715925-717571|+   -            549 153at766             -            695   1.2e-17   59.4   1.3   2   3   5.4e-06    0.0014   12.9   0.0   530   644   332   443   319   497 0.77 wRi_Merrill23_polished_690 # 715925 # 717571 # 1 # ID=1_690;partial=00;start_type=ATG;rbs_motif=None;rbs_spacer=None;gc_cont=0.400
wRi_Merrill23_polished:715925-717571|+   -            549 153at766             -            695   1.2e-17   59.4   1.3   3   3       0.2        52   -2.2   0.0   610   635   485   510   468   522 0.71 wRi_Merrill23_polished_690 # 715925 # 717571 # 1 # ID=1_690;partial=00;start_type=ATG;rbs_motif=None;rbs_spacer=None;gc_cont=0.400
wRi_Merrill23_polished:773027-774700|+   -            558 153at766             -            695   4.6e-05   17.8   0.2   1   2   7.4e-06    0.0019   12.5   0.0    28    61   118   151    92   160 0.86 wRi_Merrill23_polished_747 # 773027 # 774700 # 1 # ID=1_747;partial=00;start_type=TTG;rbs_motif=3Base/5BMM;rbs_spacer=13-15bp;gc_cont=0.381
wRi_Merrill23_polished:773027-774700|+   -            558 153at766             -            695   4.6e-05   17.8   0.2   2   2     0.005       1.3    3.1   0.1   526   561   374   410   363   429 0.84 wRi_Merrill23_polished_747 # 773027 # 774700 # 1 # ID=1_747;partial=00;start_type=TTG;rbs_motif=3Base/5BMM;rbs_spacer=13-15bp;gc_cont=0.381
#
# Program:         hmmsearch
# Version:         3.4 (Aug 2023)
# Pipeline mode:   SEARCH
# Query file:      /private/groups/russelllab/jodie/Jacobs_et_al_2026_de_novo_wRi_merrill_23_assembly/busco_downloads/lineages/rickettsiales_odb10/hmms/153at766.hmm
# Target file:     private/groups/russelllab/jodie/Jacobs_et_al_2026_de_novo_wRi_merrill_23_assembly/busco/20251218_Merrill23_wRi/wRi/polished/prodigal_output/predicted_genes/predicted.faa
# Option settings: hmmsearch --domtblout private/groups/russelllab/jodie/Jacobs_et_al_2026_de_novo_wRi_merrill_23_assembly/busco/20251218_Merrill23_wRi/wRi/polished/run_rickettsiales_odb10/hmmer_output/153at766.out --cpu 1 /private/groups/russelllab/jodie/Jacobs_et_al_2026_de_novo_wRi_merrill_23_assembly/busco_downloads/lineages/rickettsiales_odb10/hmms/153at766.hmm private/groups/russelllab/jodie/Jacobs_et_al_2026_de_novo_wRi_merrill_23_assembly/busco/20251218_Merrill23_wRi/wRi/polished/prodigal_output/predicted_genes/predicted.faa 
# Current dir:     /private/groups/russelllab/jodie/Jacobs_et_al_2026_de_novo_wRi_merrill_23_assembly
# Date:            Fri Jan 16 13:08:19 2026
# [ok]
