#                                                                                                --- full sequence --- -------------- this domain -------------   hmm coord   ali coord   env coord
# target name                            accession   tlen query name           accession   qlen   E-value  score  bias   #  of  c-Evalue  i-Evalue  score  bias  from    to  from    to  from    to  acc description of target
#                    ------------------- ---------- ----- -------------------- ---------- ----- --------- ------ ----- --- --- --------- --------- ------ ----- ----- ----- ----- ----- ----- ----- ---- ---------------------
wRi_Merrill23_polished:339470-340978|-   -            503 1561at766            -            357  4.9e-126  416.9  62.4   1   3       0.9   2.3e+02   -3.0   0.8   101   117    23    39     7    69 0.53 wRi_Merrill23_polished_326 # 339470 # 340978 # -1 # ID=1_326;partial=00;start_type=ATG;rbs_motif=None;rbs_spacer=None;gc_cont=0.343
wRi_Merrill23_polished:339470-340978|-   -            503 1561at766            -            357  4.9e-126  416.9  62.4   2   3   1.1e-69   2.7e-67  223.7  28.1    11   191    82   294    75   299 0.85 wRi_Merrill23_polished_326 # 339470 # 340978 # -1 # ID=1_326;partial=00;start_type=ATG;rbs_motif=None;rbs_spacer=None;gc_cont=0.343
wRi_Merrill23_polished:339470-340978|-   -            503 1561at766            -            357  4.9e-126  416.9  62.4   3   3     8e-64     2e-61  204.4  18.7   189   357   311   496   305   496 0.90 wRi_Merrill23_polished_326 # 339470 # 340978 # -1 # ID=1_326;partial=00;start_type=ATG;rbs_motif=None;rbs_spacer=None;gc_cont=0.343
wRi_Merrill23_polished:195624-197480|-   -            619 1561at766            -            357   1.1e-47  159.2  46.8   1   4       3.8   9.5e+02   -5.0   1.2    29    65     5    42     3    50 0.57 wRi_Merrill23_polished_185 # 195624 # 197480 # -1 # ID=1_185;partial=00;start_type=ATG;rbs_motif=None;rbs_spacer=None;gc_cont=0.350
wRi_Merrill23_polished:195624-197480|-   -            619 1561at766            -            357   1.1e-47  159.2  46.8   2   4   8.1e-08     2e-05   20.2   9.5    13   106    67   170    57   195 0.77 wRi_Merrill23_polished_185 # 195624 # 197480 # -1 # ID=1_185;partial=00;start_type=ATG;rbs_motif=None;rbs_spacer=None;gc_cont=0.350
wRi_Merrill23_polished:195624-197480|-   -            619 1561at766            -            357   1.1e-47  159.2  46.8   3   4   2.9e-48   7.2e-46  153.2  20.1    86   337   179   439   172   462 0.82 wRi_Merrill23_polished_185 # 195624 # 197480 # -1 # ID=1_185;partial=00;start_type=ATG;rbs_motif=None;rbs_spacer=None;gc_cont=0.350
wRi_Merrill23_polished:195624-197480|-   -            619 1561at766            -            357   1.1e-47  159.2  46.8   4   4      0.23        59   -1.1   0.2   268   287   598   617   580   618 0.72 wRi_Merrill23_polished_185 # 195624 # 197480 # -1 # ID=1_185;partial=00;start_type=ATG;rbs_motif=None;rbs_spacer=None;gc_cont=0.350
wRi_Merrill23_polished:1260289-1261755|- -            489 1561at766            -            357   5.4e-36  120.7  51.1   1   2      0.33        83   -1.6   0.7    52    83    17    47     5    63 0.52 wRi_Merrill23_polished_1212 # 1260289 # 1261755 # -1 # ID=1_1212;partial=00;start_type=ATG;rbs_motif=None;rbs_spacer=None;gc_cont=0.344
wRi_Merrill23_polished:1260289-1261755|- -            489 1561at766            -            357   5.4e-36  120.7  51.1   2   2   1.2e-37   2.9e-35  118.3  44.3    14   338    65   439    53   452 0.78 wRi_Merrill23_polished_1212 # 1260289 # 1261755 # -1 # ID=1_1212;partial=00;start_type=ATG;rbs_motif=None;rbs_spacer=None;gc_cont=0.344
wRi_Merrill23_polished:192817-194181|-   -            455 1561at766            -            357   7.7e-25   84.1  47.5   1   1   1.5e-26   3.8e-24   81.8  45.1    25   342    73   425    39   448 0.68 wRi_Merrill23_polished_183 # 192817 # 194181 # -1 # ID=1_183;partial=00;start_type=ATG;rbs_motif=None;rbs_spacer=None;gc_cont=0.347
wRi_Merrill23_polished:194178-195620|-   -            481 1561at766            -            357   2.7e-24   82.3  45.3   1   2       0.4     1e+02   -1.8   0.2    14    41    24    49    11    63 0.64 wRi_Merrill23_polished_184 # 194178 # 195620 # -1 # ID=1_184;partial=00;start_type=GTG;rbs_motif=None;rbs_spacer=None;gc_cont=0.351
wRi_Merrill23_polished:194178-195620|-   -            481 1561at766            -            357   2.7e-24   82.3  45.3   2   2   1.1e-26   2.7e-24   82.3  45.3    16   334    67   424    56   455 0.71 wRi_Merrill23_polished_184 # 194178 # 195620 # -1 # ID=1_184;partial=00;start_type=GTG;rbs_motif=None;rbs_spacer=None;gc_cont=0.351
#
# Program:         hmmsearch
# Version:         3.4 (Aug 2023)
# Pipeline mode:   SEARCH
# Query file:      /private/groups/russelllab/jodie/Jacobs_et_al_2026_de_novo_wRi_merrill_23_assembly/busco_downloads/lineages/rickettsiales_odb10/hmms/1561at766.hmm
# Target file:     private/groups/russelllab/jodie/Jacobs_et_al_2026_de_novo_wRi_merrill_23_assembly/busco/20251218_Merrill23_wRi/wRi/polished/prodigal_output/predicted_genes/predicted.faa
# Option settings: hmmsearch --domtblout private/groups/russelllab/jodie/Jacobs_et_al_2026_de_novo_wRi_merrill_23_assembly/busco/20251218_Merrill23_wRi/wRi/polished/run_rickettsiales_odb10/hmmer_output/1561at766.out --cpu 1 /private/groups/russelllab/jodie/Jacobs_et_al_2026_de_novo_wRi_merrill_23_assembly/busco_downloads/lineages/rickettsiales_odb10/hmms/1561at766.hmm private/groups/russelllab/jodie/Jacobs_et_al_2026_de_novo_wRi_merrill_23_assembly/busco/20251218_Merrill23_wRi/wRi/polished/prodigal_output/predicted_genes/predicted.faa 
# Current dir:     /private/groups/russelllab/jodie/Jacobs_et_al_2026_de_novo_wRi_merrill_23_assembly
# Date:            Fri Jan 16 13:08:18 2026
# [ok]
