#                                                                                                --- full sequence --- -------------- this domain -------------   hmm coord   ali coord   env coord
# target name                            accession   tlen query name           accession   qlen   E-value  score  bias   #  of  c-Evalue  i-Evalue  score  bias  from    to  from    to  from    to  acc description of target
#                    ------------------- ---------- ----- -------------------- ---------- ----- --------- ------ ----- --- --- --------- --------- ------ ----- ----- ----- ----- ----- ----- ----- ---- ---------------------
wRi_Merrill23_polished:180790-182118|-   -            443 1619at766            -            354  1.9e-148  490.3  11.1   1   1  1.7e-147  3.5e-145  479.5  11.1     2   354     6   442     5   442 0.83 wRi_Merrill23_polished_169 # 180790 # 182118 # -1 # ID=1_169;partial=00;start_type=ATG;rbs_motif=None;rbs_spacer=None;gc_cont=0.358
wRi_Merrill23_polished:1266763-1268088|- -            442 1619at766            -            354   1.7e-31  105.6   1.7   1   2   2.4e-16   5.2e-14   48.1   0.0   175   261     2    90     1    94 0.84 wRi_Merrill23_polished_1220 # 1266763 # 1268088 # -1 # ID=1_1220;partial=00;start_type=ATG;rbs_motif=None;rbs_spacer=None;gc_cont=0.373
wRi_Merrill23_polished:1266763-1268088|- -            442 1619at766            -            354   1.7e-31  105.6   1.7   2   2   6.8e-19   1.4e-16   56.5   0.4   173   259   174   266   150   334 0.78 wRi_Merrill23_polished_1220 # 1266763 # 1268088 # -1 # ID=1_1220;partial=00;start_type=ATG;rbs_motif=None;rbs_spacer=None;gc_cont=0.373
wRi_Merrill23_polished:389073-389957|+   -            295 1619at766            -            354   3.2e-14   48.8   1.1   1   3   9.2e-16   1.9e-13   46.2   0.3   173   263     5    98     2   110 0.90 wRi_Merrill23_polished_377 # 389073 # 389957 # 1 # ID=1_377;partial=00;start_type=GTG;rbs_motif=None;rbs_spacer=None;gc_cont=0.351
wRi_Merrill23_polished:389073-389957|+   -            295 1619at766            -            354   3.2e-14   48.8   1.1   2   3     0.087        18    0.3   0.1   261   261   137   137    99   174 0.54 wRi_Merrill23_polished_377 # 389073 # 389957 # 1 # ID=1_377;partial=00;start_type=GTG;rbs_motif=None;rbs_spacer=None;gc_cont=0.351
wRi_Merrill23_polished:389073-389957|+   -            295 1619at766            -            354   3.2e-14   48.8   1.1   3   3      0.12        25   -0.2   0.0   265   293   141   170   123   203 0.72 wRi_Merrill23_polished_377 # 389073 # 389957 # 1 # ID=1_377;partial=00;start_type=GTG;rbs_motif=None;rbs_spacer=None;gc_cont=0.351
wRi_Merrill23_polished:944103-944696|+   -            198 1619at766            -            354   1.4e-06   23.6   0.4   1   1   1.1e-08   2.3e-06   23.0   0.4   176   212    28    65    23   189 0.70 wRi_Merrill23_polished_908 # 944103 # 944696 # 1 # ID=1_908;partial=00;start_type=ATG;rbs_motif=None;rbs_spacer=None;gc_cont=0.320
wRi_Merrill23_polished:862357-863451|-   -            365 1619at766            -            354   0.00011   17.4   0.2   1   1   9.7e-07   0.00021   16.5   0.2   176   217     4    45     1   177 0.88 wRi_Merrill23_polished_831 # 862357 # 863451 # -1 # ID=1_831;partial=00;start_type=ATG;rbs_motif=None;rbs_spacer=None;gc_cont=0.379
wRi_Merrill23_polished:921266-922288|-   -            341 1619at766            -            354    0.0056   11.8   0.1   1   2   9.7e-05      0.02   10.0   0.0   176   234   161   218   148   264 0.81 wRi_Merrill23_polished_888 # 921266 # 922288 # -1 # ID=1_888;partial=00;start_type=ATG;rbs_motif=None;rbs_spacer=None;gc_cont=0.362
wRi_Merrill23_polished:921266-922288|-   -            341 1619at766            -            354    0.0056   11.8   0.1   2   2      0.24        51   -1.2   0.0   260   280   270   290   250   304 0.79 wRi_Merrill23_polished_888 # 921266 # 922288 # -1 # ID=1_888;partial=00;start_type=ATG;rbs_motif=None;rbs_spacer=None;gc_cont=0.362
#
# Program:         hmmsearch
# Version:         3.4 (Aug 2023)
# Pipeline mode:   SEARCH
# Query file:      /private/groups/russelllab/jodie/Jacobs_et_al_2026_de_novo_wRi_merrill_23_assembly/busco_downloads/lineages/rickettsiales_odb10/hmms/1619at766.hmm
# Target file:     private/groups/russelllab/jodie/Jacobs_et_al_2026_de_novo_wRi_merrill_23_assembly/busco/20251218_Merrill23_wRi/wRi/polished/prodigal_output/predicted_genes/predicted.faa
# Option settings: hmmsearch --domtblout private/groups/russelllab/jodie/Jacobs_et_al_2026_de_novo_wRi_merrill_23_assembly/busco/20251218_Merrill23_wRi/wRi/polished/run_rickettsiales_odb10/hmmer_output/1619at766.out --cpu 1 /private/groups/russelllab/jodie/Jacobs_et_al_2026_de_novo_wRi_merrill_23_assembly/busco_downloads/lineages/rickettsiales_odb10/hmms/1619at766.hmm private/groups/russelllab/jodie/Jacobs_et_al_2026_de_novo_wRi_merrill_23_assembly/busco/20251218_Merrill23_wRi/wRi/polished/prodigal_output/predicted_genes/predicted.faa 
# Current dir:     /private/groups/russelllab/jodie/Jacobs_et_al_2026_de_novo_wRi_merrill_23_assembly
# Date:            Fri Jan 16 13:08:18 2026
# [ok]
