#                                                                                              --- full sequence --- -------------- this domain -------------   hmm coord   ali coord   env coord
# target name                          accession   tlen query name           accession   qlen   E-value  score  bias   #  of  c-Evalue  i-Evalue  score  bias  from    to  from    to  from    to  acc description of target
#                  ------------------- ---------- ----- -------------------- ---------- ----- --------- ------ ----- --- --- --------- --------- ------ ----- ----- ----- ----- ----- ----- ----- ---- ---------------------
wRi_Merrill23_polished:179470-180486|- -            339 1655at766            -            269  4.3e-124  409.1   2.9   1   2   8.7e-49   2.7e-46  153.9   0.7     1    88     3    90     3    92 0.98 wRi_Merrill23_polished_168 # 179470 # 180486 # -1 # ID=1_168;partial=00;start_type=ATG;rbs_motif=None;rbs_spacer=None;gc_cont=0.361
wRi_Merrill23_polished:179470-180486|- -            339 1655at766            -            269  4.3e-124  409.1   2.9   2   2   2.8e-79   8.8e-77  254.0   0.1    85   269   106   329    90   329 0.83 wRi_Merrill23_polished_168 # 179470 # 180486 # -1 # ID=1_168;partial=00;start_type=ATG;rbs_motif=None;rbs_spacer=None;gc_cont=0.361
wRi_Merrill23_polished:538388-539326|+ -            313 1655at766            -            269   3.7e-14   48.6   4.3   1   2   2.2e-14   7.1e-12   41.1   2.0     2   187     9   212     8   221 0.71 wRi_Merrill23_polished_516 # 538388 # 539326 # 1 # ID=1_516;partial=00;start_type=GTG;rbs_motif=None;rbs_spacer=None;gc_cont=0.391
wRi_Merrill23_polished:538388-539326|+ -            313 1655at766            -            269   3.7e-14   48.6   4.3   2   2     0.058        18    0.4   0.0    76    97   278   299   263   307 0.59 wRi_Merrill23_polished_516 # 538388 # 539326 # 1 # ID=1_516;partial=00;start_type=GTG;rbs_motif=None;rbs_spacer=None;gc_cont=0.391
wRi_Merrill23_polished:667389-668762|+ -            458 1655at766            -            269   7.5e-07   24.6   1.6   1   3     2e-07   6.2e-05   18.3   0.0     2    41     5    44     4    72 0.92 wRi_Merrill23_polished_645 # 667389 # 668762 # 1 # ID=1_645;partial=00;start_type=ATG;rbs_motif=None;rbs_spacer=None;gc_cont=0.370
wRi_Merrill23_polished:667389-668762|+ -            458 1655at766            -            269   7.5e-07   24.6   1.6   2   3     0.049        15    0.7   0.2     3    34   175   206   173   208 0.79 wRi_Merrill23_polished_645 # 667389 # 668762 # 1 # ID=1_645;partial=00;start_type=ATG;rbs_motif=None;rbs_spacer=None;gc_cont=0.370
wRi_Merrill23_polished:667389-668762|+ -            458 1655at766            -            269   7.5e-07   24.6   1.6   3   3     0.015       4.7    2.3   0.0   222   235   296   309   267   315 0.90 wRi_Merrill23_polished_645 # 667389 # 668762 # 1 # ID=1_645;partial=00;start_type=ATG;rbs_motif=None;rbs_spacer=None;gc_cont=0.370
wRi_Merrill23_polished:396812-398182|+ -            457 1655at766            -            269   4.3e-06   22.1   7.4   1   2   4.9e-07   0.00015   17.0   2.0     2   135     5   143     4   156 0.67 wRi_Merrill23_polished_384 # 396812 # 398182 # 1 # ID=1_384;partial=00;start_type=ATG;rbs_motif=GGA/GAG/AGG;rbs_spacer=5-10bp;gc_cont=0.392
wRi_Merrill23_polished:396812-398182|+ -            457 1655at766            -            269   4.3e-06   22.1   7.4   2   2   0.00064       0.2    6.8   0.9    87   235   133   308   121   318 0.58 wRi_Merrill23_polished_384 # 396812 # 398182 # 1 # ID=1_384;partial=00;start_type=ATG;rbs_motif=GGA/GAG/AGG;rbs_spacer=5-10bp;gc_cont=0.392
#
# Program:         hmmsearch
# Version:         3.4 (Aug 2023)
# Pipeline mode:   SEARCH
# Query file:      /private/groups/russelllab/jodie/Jacobs_et_al_2026_de_novo_wRi_merrill_23_assembly/busco_downloads/lineages/rickettsiales_odb10/hmms/1655at766.hmm
# Target file:     private/groups/russelllab/jodie/Jacobs_et_al_2026_de_novo_wRi_merrill_23_assembly/busco/20251218_Merrill23_wRi/wRi/polished/prodigal_output/predicted_genes/predicted.faa
# Option settings: hmmsearch --domtblout private/groups/russelllab/jodie/Jacobs_et_al_2026_de_novo_wRi_merrill_23_assembly/busco/20251218_Merrill23_wRi/wRi/polished/run_rickettsiales_odb10/hmmer_output/1655at766.out --cpu 1 /private/groups/russelllab/jodie/Jacobs_et_al_2026_de_novo_wRi_merrill_23_assembly/busco_downloads/lineages/rickettsiales_odb10/hmms/1655at766.hmm private/groups/russelllab/jodie/Jacobs_et_al_2026_de_novo_wRi_merrill_23_assembly/busco/20251218_Merrill23_wRi/wRi/polished/prodigal_output/predicted_genes/predicted.faa 
# Current dir:     /private/groups/russelllab/jodie/Jacobs_et_al_2026_de_novo_wRi_merrill_23_assembly
# Date:            Fri Jan 16 13:08:18 2026
# [ok]
