#                                                                                                --- full sequence --- -------------- this domain -------------   hmm coord   ali coord   env coord
# target name                            accession   tlen query name           accession   qlen   E-value  score  bias   #  of  c-Evalue  i-Evalue  score  bias  from    to  from    to  from    to  acc description of target
#                    ------------------- ---------- ----- -------------------- ---------- ----- --------- ------ ----- --- --- --------- --------- ------ ----- ----- ----- ----- ----- ----- ----- ---- ---------------------
wRi_Merrill23_polished:848639-850714|-   -            692 170at766             -            547  1.3e-266  881.6  19.2   1   2  2.7e-251  8.5e-249  822.8   8.4     1   478     8   498     8   547 0.92 wRi_Merrill23_polished_823 # 848639 # 850714 # -1 # ID=1_823;partial=00;start_type=ATG;rbs_motif=None;rbs_spacer=None;gc_cont=0.364
wRi_Merrill23_polished:848639-850714|-   -            692 170at766             -            547  1.3e-266  881.6  19.2   2   2   1.8e-21   5.6e-19   64.3   3.0   455   545   576   688   562   690 0.77 wRi_Merrill23_polished_823 # 848639 # 850714 # -1 # ID=1_823;partial=00;start_type=ATG;rbs_motif=None;rbs_spacer=None;gc_cont=0.364
wRi_Merrill23_polished:1219344-1222799|- -           1152 170at766             -            547   1.5e-17   59.5   2.4   1   3   1.4e-11   4.4e-09   31.6   0.6    68   324    79   339    31   354 0.81 wRi_Merrill23_polished_1172 # 1219344 # 1222799 # -1 # ID=1_1172;partial=00;start_type=ATG;rbs_motif=3Base/5BMM;rbs_spacer=13-15bp;gc_cont=0.388
wRi_Merrill23_polished:1219344-1222799|- -           1152 170at766             -            547   1.5e-17   59.5   2.4   2   3   4.1e-10   1.3e-07   26.8   0.0    88   217   683   806   676   870 0.83 wRi_Merrill23_polished_1172 # 1219344 # 1222799 # -1 # ID=1_1172;partial=00;start_type=ATG;rbs_motif=3Base/5BMM;rbs_spacer=13-15bp;gc_cont=0.388
wRi_Merrill23_polished:1219344-1222799|- -           1152 170at766             -            547   1.5e-17   59.5   2.4   3   3       0.4   1.3e+02   -2.9   0.0   278   322   916   960   912   972 0.83 wRi_Merrill23_polished_1172 # 1219344 # 1222799 # -1 # ID=1_1172;partial=00;start_type=ATG;rbs_motif=3Base/5BMM;rbs_spacer=13-15bp;gc_cont=0.388
wRi_Merrill23_polished:1151570-1152841|- -            424 170at766             -            547   3.5e-06   22.0   0.3   1   1   1.8e-08   5.7e-06   21.3   0.3    89   200    79   190    75   201 0.88 wRi_Merrill23_polished_1117 # 1151570 # 1152841 # -1 # ID=1_1117;partial=00;start_type=ATG;rbs_motif=GGAG/GAGG;rbs_spacer=5-10bp;gc_cont=0.369
wRi_Merrill23_polished:708898-709980|-   -            361 170at766             -            547   4.9e-06   21.5   0.1   1   2   9.3e-05     0.029    9.1   0.0   478   515    77   114    44   130 0.88 wRi_Merrill23_polished_685 # 708898 # 709980 # -1 # ID=1_685;partial=00;start_type=ATG;rbs_motif=None;rbs_spacer=None;gc_cont=0.353
wRi_Merrill23_polished:708898-709980|-   -            361 170at766             -            547   4.9e-06   21.5   0.1   2   2   3.5e-05     0.011   10.5   0.1   480   512   173   205   150   237 0.80 wRi_Merrill23_polished_685 # 708898 # 709980 # -1 # ID=1_685;partial=00;start_type=ATG;rbs_motif=None;rbs_spacer=None;gc_cont=0.353
#
# Program:         hmmsearch
# Version:         3.4 (Aug 2023)
# Pipeline mode:   SEARCH
# Query file:      /private/groups/russelllab/jodie/Jacobs_et_al_2026_de_novo_wRi_merrill_23_assembly/busco_downloads/lineages/rickettsiales_odb10/hmms/170at766.hmm
# Target file:     private/groups/russelllab/jodie/Jacobs_et_al_2026_de_novo_wRi_merrill_23_assembly/busco/20251218_Merrill23_wRi/wRi/polished/prodigal_output/predicted_genes/predicted.faa
# Option settings: hmmsearch --domtblout private/groups/russelllab/jodie/Jacobs_et_al_2026_de_novo_wRi_merrill_23_assembly/busco/20251218_Merrill23_wRi/wRi/polished/run_rickettsiales_odb10/hmmer_output/170at766.out --cpu 1 /private/groups/russelllab/jodie/Jacobs_et_al_2026_de_novo_wRi_merrill_23_assembly/busco_downloads/lineages/rickettsiales_odb10/hmms/170at766.hmm private/groups/russelllab/jodie/Jacobs_et_al_2026_de_novo_wRi_merrill_23_assembly/busco/20251218_Merrill23_wRi/wRi/polished/prodigal_output/predicted_genes/predicted.faa 
# Current dir:     /private/groups/russelllab/jodie/Jacobs_et_al_2026_de_novo_wRi_merrill_23_assembly
# Date:            Fri Jan 16 13:08:19 2026
# [ok]
