#                                                                                                --- full sequence --- -------------- this domain -------------   hmm coord   ali coord   env coord
# target name                            accession   tlen query name           accession   qlen   E-value  score  bias   #  of  c-Evalue  i-Evalue  score  bias  from    to  from    to  from    to  acc description of target
#                    ------------------- ---------- ----- -------------------- ---------- ----- --------- ------ ----- --- --- --------- --------- ------ ----- ----- ----- ----- ----- ----- ----- ---- ---------------------
wRi_Merrill23_polished:174729-175430|-   -            234 1817at766            -            208   1.2e-88  292.4   5.9   1   1   1.9e-90   1.7e-88  292.0   5.9     1   208     6   230     6   230 0.93 wRi_Merrill23_polished_163 # 174729 # 175430 # -1 # ID=1_163;partial=00;start_type=ATG;rbs_motif=None;rbs_spacer=None;gc_cont=0.323
wRi_Merrill23_polished:901578-902219|-   -            214 1817at766            -            208   1.6e-38  128.7   0.7   1   1     2e-40   1.8e-38  128.5   0.7     1   201     2   207     2   213 0.85 wRi_Merrill23_polished_865 # 901578 # 902219 # -1 # ID=1_865;partial=00;start_type=ATG;rbs_motif=GGA/GAG/AGG;rbs_spacer=5-10bp;gc_cont=0.315
wRi_Merrill23_polished:1085138-1085911|- -            258 1817at766            -            208   1.2e-36  122.6   2.8   1   1   2.4e-38   2.1e-36  121.8   2.8    11   206    13   233     3   235 0.79 wRi_Merrill23_polished_1044 # 1085138 # 1085911 # -1 # ID=1_1044;partial=00;start_type=ATG;rbs_motif=None;rbs_spacer=None;gc_cont=0.335
wRi_Merrill23_polished:732683-733441|+   -            253 1817at766            -            208   2.3e-32  108.6   0.1   1   1   3.4e-33   3.1e-31  104.9   0.1     2   206     7   247     6   249 0.75 wRi_Merrill23_polished_705 # 732683 # 733441 # 1 # ID=1_705;partial=00;start_type=ATG;rbs_motif=AGGA;rbs_spacer=5-10bp;gc_cont=0.362
wRi_Merrill23_polished:766697-768406|+   -            570 1817at766            -            208   1.6e-28   96.0   2.1   1   1   7.6e-30   6.9e-28   94.0   2.1     7   200   341   559   336   565 0.81 wRi_Merrill23_polished_742 # 766697 # 768406 # 1 # ID=1_742;partial=00;start_type=ATG;rbs_motif=None;rbs_spacer=None;gc_cont=0.354
wRi_Merrill23_polished:677944-679725|-   -            594 1817at766            -            208   3.3e-26   88.5   2.3   1   2     0.025       2.2    4.1   0.0    16    59    17    62    11    85 0.79 wRi_Merrill23_polished_655 # 677944 # 679725 # -1 # ID=1_655;partial=00;start_type=ATG;rbs_motif=GGA/GAG/AGG;rbs_spacer=5-10bp;gc_cont=0.352
wRi_Merrill23_polished:677944-679725|-   -            594 1817at766            -            208   3.3e-26   88.5   2.3   2   2   3.6e-26   3.3e-24   82.0   0.6     3   200   346   569   344   574 0.77 wRi_Merrill23_polished_655 # 677944 # 679725 # -1 # ID=1_655;partial=00;start_type=ATG;rbs_motif=GGA/GAG/AGG;rbs_spacer=5-10bp;gc_cont=0.352
wRi_Merrill23_polished:482310-482984|+   -            225 1817at766            -            208   4.1e-26   88.2   1.4   1   1   1.3e-27   1.1e-25   86.7   1.4     3   174     9   209     7   219 0.76 wRi_Merrill23_polished_466 # 482310 # 482984 # 1 # ID=1_466;partial=00;start_type=ATG;rbs_motif=GGA/GAG/AGG;rbs_spacer=5-10bp;gc_cont=0.370
wRi_Merrill23_polished:54722-56497|-     -            592 1817at766            -            208   8.7e-25   83.9   4.9   1   1   3.7e-26   3.3e-24   82.0   4.9     1   198   348   571   348   578 0.76 wRi_Merrill23_polished_50 # 54722 # 56497 # -1 # ID=1_50;partial=00;start_type=ATG;rbs_motif=3Base/5BMM;rbs_spacer=13-15bp;gc_cont=0.317
wRi_Merrill23_polished:561185-562960|-   -            592 1817at766            -            208   8.7e-25   83.9   4.9   1   1   3.7e-26   3.3e-24   82.0   4.9     1   198   348   571   348   578 0.76 wRi_Merrill23_polished_538 # 561185 # 562960 # -1 # ID=1_538;partial=00;start_type=ATG;rbs_motif=3Base/5BMM;rbs_spacer=13-15bp;gc_cont=0.317
wRi_Merrill23_polished:824392-825015|-   -            208 1817at766            -            208   5.2e-21   71.5   0.0   1   1   7.1e-23   6.4e-21   71.2   0.0     4   168     5   184     2   197 0.79 wRi_Merrill23_polished_804 # 824392 # 825015 # -1 # ID=1_804;partial=00;start_type=ATG;rbs_motif=3Base/5BMM;rbs_spacer=13-15bp;gc_cont=0.364
wRi_Merrill23_polished:222954-223649|-   -            232 1817at766            -            208   1.6e-20   69.9   4.2   1   1   2.3e-22   2.1e-20   69.5   4.2     2   198    10   217     9   226 0.77 wRi_Merrill23_polished_216 # 222954 # 223649 # -1 # ID=1_216;partial=00;start_type=TTG;rbs_motif=None;rbs_spacer=None;gc_cont=0.326
wRi_Merrill23_polished:523853-525598|-   -            582 1817at766            -            208   1.7e-18   63.3   0.4   1   1   1.5e-19   1.4e-17   60.3   0.4    12   196   349   560   345   565 0.78 wRi_Merrill23_polished_502 # 523853 # 525598 # -1 # ID=1_502;partial=00;start_type=GTG;rbs_motif=GGAG/GAGG;rbs_spacer=5-10bp;gc_cont=0.377
wRi_Merrill23_polished:233797-236592|-   -            932 1817at766            -            208   3.2e-18   62.4   8.6   1   5   0.00017     0.015   11.2   0.1    14    42    13    41     5    47 0.87 wRi_Merrill23_polished_227 # 233797 # 236592 # -1 # ID=1_227;partial=00;start_type=ATG;rbs_motif=None;rbs_spacer=None;gc_cont=0.379
wRi_Merrill23_polished:233797-236592|-   -            932 1817at766            -            208   3.2e-18   62.4   8.6   2   5         4   3.6e+02   -3.1   0.1   138   157   122   140   120   153 0.70 wRi_Merrill23_polished_227 # 233797 # 236592 # -1 # ID=1_227;partial=00;start_type=ATG;rbs_motif=None;rbs_spacer=None;gc_cont=0.379
wRi_Merrill23_polished:233797-236592|-   -            932 1817at766            -            208   3.2e-18   62.4   8.6   3   5   1.7e-07   1.5e-05   21.0   0.0    97   199   462   576   422   585 0.79 wRi_Merrill23_polished_227 # 233797 # 236592 # -1 # ID=1_227;partial=00;start_type=ATG;rbs_motif=None;rbs_spacer=None;gc_cont=0.379
wRi_Merrill23_polished:233797-236592|-   -            932 1817at766            -            208   3.2e-18   62.4   8.6   4   5     0.002      0.18    7.7   0.1    14    43   612   641   602   654 0.87 wRi_Merrill23_polished_227 # 233797 # 236592 # -1 # ID=1_227;partial=00;start_type=ATG;rbs_motif=None;rbs_spacer=None;gc_cont=0.379
wRi_Merrill23_polished:233797-236592|-   -            932 1817at766            -            208   3.2e-18   62.4   8.6   5   5   1.3e-08   1.2e-06   24.6   0.0    84   196   790   914   761   926 0.71 wRi_Merrill23_polished_227 # 233797 # 236592 # -1 # ID=1_227;partial=00;start_type=ATG;rbs_motif=None;rbs_spacer=None;gc_cont=0.379
wRi_Merrill23_polished:366358-367761|+   -            468 1817at766            -            208   0.00057   15.9   0.4   1   2   1.4e-05    0.0013   14.7   0.1    20    63   171   214   156   224 0.79 wRi_Merrill23_polished_356 # 366358 # 367761 # 1 # ID=1_356;partial=00;start_type=TTG;rbs_motif=3Base/5BMM;rbs_spacer=13-15bp;gc_cont=0.390
wRi_Merrill23_polished:366358-367761|+   -            468 1817at766            -            208   0.00057   15.9   0.4   2   2       5.8   5.2e+02   -3.6   0.0   113   136   337   360   334   383 0.70 wRi_Merrill23_polished_356 # 366358 # 367761 # 1 # ID=1_356;partial=00;start_type=TTG;rbs_motif=3Base/5BMM;rbs_spacer=13-15bp;gc_cont=0.390
#
# Program:         hmmsearch
# Version:         3.4 (Aug 2023)
# Pipeline mode:   SEARCH
# Query file:      /private/groups/russelllab/jodie/Jacobs_et_al_2026_de_novo_wRi_merrill_23_assembly/busco_downloads/lineages/rickettsiales_odb10/hmms/1817at766.hmm
# Target file:     private/groups/russelllab/jodie/Jacobs_et_al_2026_de_novo_wRi_merrill_23_assembly/busco/20251218_Merrill23_wRi/wRi/polished/prodigal_output/predicted_genes/predicted.faa
# Option settings: hmmsearch --domtblout private/groups/russelllab/jodie/Jacobs_et_al_2026_de_novo_wRi_merrill_23_assembly/busco/20251218_Merrill23_wRi/wRi/polished/run_rickettsiales_odb10/hmmer_output/1817at766.out --cpu 1 /private/groups/russelllab/jodie/Jacobs_et_al_2026_de_novo_wRi_merrill_23_assembly/busco_downloads/lineages/rickettsiales_odb10/hmms/1817at766.hmm private/groups/russelllab/jodie/Jacobs_et_al_2026_de_novo_wRi_merrill_23_assembly/busco/20251218_Merrill23_wRi/wRi/polished/prodigal_output/predicted_genes/predicted.faa 
# Current dir:     /private/groups/russelllab/jodie/Jacobs_et_al_2026_de_novo_wRi_merrill_23_assembly
# Date:            Fri Jan 16 13:08:18 2026
# [ok]
