#                                                                                                --- full sequence --- -------------- this domain -------------   hmm coord   ali coord   env coord
# target name                            accession   tlen query name           accession   qlen   E-value  score  bias   #  of  c-Evalue  i-Evalue  score  bias  from    to  from    to  from    to  acc description of target
#                    ------------------- ---------- ----- -------------------- ---------- ----- --------- ------ ----- --- --- --------- --------- ------ ----- ----- ----- ----- ----- ----- ----- ---- ---------------------
wRi_Merrill23_polished:732683-733441|+   -            253 1882at766            -            186   1.9e-71  235.7   2.8   1   1   9.5e-71   8.6e-69  227.1   2.8     1   185    15   250    15   251 0.83 wRi_Merrill23_polished_705 # 732683 # 733441 # 1 # ID=1_705;partial=00;start_type=ATG;rbs_motif=AGGA;rbs_spacer=5-10bp;gc_cont=0.362
wRi_Merrill23_polished:901578-902219|-   -            214 1882at766            -            186   3.3e-57  189.3   0.5   1   1   1.1e-58     1e-56  187.7   0.5     1   181    11   211    11   213 0.80 wRi_Merrill23_polished_865 # 901578 # 902219 # -1 # ID=1_865;partial=00;start_type=ATG;rbs_motif=GGA/GAG/AGG;rbs_spacer=5-10bp;gc_cont=0.315
wRi_Merrill23_polished:174729-175430|-   -            234 1882at766            -            186   8.8e-39  129.2   2.7   1   1   1.8e-38   1.6e-36  121.8   2.7     1   184    15   230    15   232 0.75 wRi_Merrill23_polished_163 # 174729 # 175430 # -1 # ID=1_163;partial=00;start_type=ATG;rbs_motif=None;rbs_spacer=None;gc_cont=0.323
wRi_Merrill23_polished:1085138-1085911|- -            258 1882at766            -            186   5.5e-37  123.4   2.9   1   1   6.4e-38   5.7e-36  120.0   2.9     3   185    14   236    10   237 0.75 wRi_Merrill23_polished_1044 # 1085138 # 1085911 # -1 # ID=1_1044;partial=00;start_type=ATG;rbs_motif=None;rbs_spacer=None;gc_cont=0.335
wRi_Merrill23_polished:766697-768406|+   -            570 1882at766            -            186   2.6e-31  104.9   0.4   1   2   2.4e-14   2.1e-12   43.2   0.0     4    78   347   432   344   452 0.79 wRi_Merrill23_polished_742 # 766697 # 768406 # 1 # ID=1_742;partial=00;start_type=ATG;rbs_motif=None;rbs_spacer=None;gc_cont=0.354
wRi_Merrill23_polished:766697-768406|+   -            570 1882at766            -            186   2.6e-31  104.9   0.4   2   2   8.1e-19   7.3e-17   57.8   0.1    94   167   469   548   456   558 0.83 wRi_Merrill23_polished_742 # 766697 # 768406 # 1 # ID=1_742;partial=00;start_type=ATG;rbs_motif=None;rbs_spacer=None;gc_cont=0.354
wRi_Merrill23_polished:677944-679725|-   -            594 1882at766            -            186   7.4e-28   93.6   1.3   1   1   1.4e-27   1.2e-25   86.4   1.3     7   168   360   559   353   574 0.74 wRi_Merrill23_polished_655 # 677944 # 679725 # -1 # ID=1_655;partial=00;start_type=ATG;rbs_motif=GGA/GAG/AGG;rbs_spacer=5-10bp;gc_cont=0.352
wRi_Merrill23_polished:482310-482984|+   -            225 1882at766            -            186     4e-26   88.0   2.6   1   1   1.6e-26   1.4e-24   82.9   2.6     3   160    19   216    16   223 0.68 wRi_Merrill23_polished_466 # 482310 # 482984 # 1 # ID=1_466;partial=00;start_type=ATG;rbs_motif=GGA/GAG/AGG;rbs_spacer=5-10bp;gc_cont=0.370
wRi_Merrill23_polished:54722-56497|-     -            592 1882at766            -            186   5.3e-24   81.0   1.6   1   2   1.4e-10   1.2e-08   30.9   0.2     3    82   360   450   357   463 0.81 wRi_Merrill23_polished_50 # 54722 # 56497 # -1 # ID=1_50;partial=00;start_type=ATG;rbs_motif=3Base/5BMM;rbs_spacer=13-15bp;gc_cont=0.317
wRi_Merrill23_polished:54722-56497|-     -            592 1882at766            -            186   5.3e-24   81.0   1.6   2   2   6.5e-16   5.9e-14   48.3   0.1    93   168   482   563   470   575 0.79 wRi_Merrill23_polished_50 # 54722 # 56497 # -1 # ID=1_50;partial=00;start_type=ATG;rbs_motif=3Base/5BMM;rbs_spacer=13-15bp;gc_cont=0.317
wRi_Merrill23_polished:561185-562960|-   -            592 1882at766            -            186   5.3e-24   81.0   1.6   1   2   1.4e-10   1.2e-08   30.9   0.2     3    82   360   450   357   463 0.81 wRi_Merrill23_polished_538 # 561185 # 562960 # -1 # ID=1_538;partial=00;start_type=ATG;rbs_motif=3Base/5BMM;rbs_spacer=13-15bp;gc_cont=0.317
wRi_Merrill23_polished:561185-562960|-   -            592 1882at766            -            186   5.3e-24   81.0   1.6   2   2   6.5e-16   5.9e-14   48.3   0.1    93   168   482   563   470   575 0.79 wRi_Merrill23_polished_538 # 561185 # 562960 # -1 # ID=1_538;partial=00;start_type=ATG;rbs_motif=3Base/5BMM;rbs_spacer=13-15bp;gc_cont=0.317
wRi_Merrill23_polished:222954-223649|-   -            232 1882at766            -            186   2.9e-19   65.6   3.2   1   1   1.2e-20     1e-18   63.8   3.2     1   162    18   204    18   224 0.75 wRi_Merrill23_polished_216 # 222954 # 223649 # -1 # ID=1_216;partial=00;start_type=TTG;rbs_motif=None;rbs_spacer=None;gc_cont=0.326
wRi_Merrill23_polished:523853-525598|-   -            582 1882at766            -            186   6.8e-15   51.3   0.3   1   2   0.00017     0.015   11.1   0.1     3    36   349   382   346   449 0.79 wRi_Merrill23_polished_502 # 523853 # 525598 # -1 # ID=1_502;partial=00;start_type=GTG;rbs_motif=GGAG/GAGG;rbs_spacer=5-10bp;gc_cont=0.377
wRi_Merrill23_polished:523853-525598|-   -            582 1882at766            -            186   6.8e-15   51.3   0.3   2   2   1.2e-12   1.1e-10   37.7   0.0    94   167   473   553   464   566 0.82 wRi_Merrill23_polished_502 # 523853 # 525598 # -1 # ID=1_502;partial=00;start_type=GTG;rbs_motif=GGAG/GAGG;rbs_spacer=5-10bp;gc_cont=0.377
wRi_Merrill23_polished:233797-236592|-   -            932 1882at766            -            186   1.7e-14   50.1   0.2   1   4   0.00015     0.013   11.3   0.0     5    33    13    41    10    48 0.91 wRi_Merrill23_polished_227 # 233797 # 236592 # -1 # ID=1_227;partial=00;start_type=ATG;rbs_motif=None;rbs_spacer=None;gc_cont=0.379
wRi_Merrill23_polished:233797-236592|-   -            932 1882at766            -            186   1.7e-14   50.1   0.2   2   4   0.00074     0.066    9.0   0.0    93   147   477   541   448   571 0.75 wRi_Merrill23_polished_227 # 233797 # 236592 # -1 # ID=1_227;partial=00;start_type=ATG;rbs_motif=None;rbs_spacer=None;gc_cont=0.379
wRi_Merrill23_polished:233797-236592|-   -            932 1882at766            -            186   1.7e-14   50.1   0.2   3   4    0.0044       0.4    6.4   0.0     5    37   612   642   609   662 0.81 wRi_Merrill23_polished_227 # 233797 # 236592 # -1 # ID=1_227;partial=00;start_type=ATG;rbs_motif=None;rbs_spacer=None;gc_cont=0.379
wRi_Merrill23_polished:233797-236592|-   -            932 1882at766            -            186   1.7e-14   50.1   0.2   4   4   1.6e-06   0.00014   17.7   0.0    93   158   817   892   800   927 0.77 wRi_Merrill23_polished_227 # 233797 # 236592 # -1 # ID=1_227;partial=00;start_type=ATG;rbs_motif=None;rbs_spacer=None;gc_cont=0.379
wRi_Merrill23_polished:824392-825015|-   -            208 1882at766            -            186   6.9e-13   44.8   0.0   1   1   1.4e-14   1.3e-12   43.9   0.0     3   139    13   171    11   193 0.74 wRi_Merrill23_polished_804 # 824392 # 825015 # -1 # ID=1_804;partial=00;start_type=ATG;rbs_motif=3Base/5BMM;rbs_spacer=13-15bp;gc_cont=0.364
wRi_Merrill23_polished:674185-675462|+   -            426 1882at766            -            186    0.0028   13.4   0.0   1   1   7.8e-05     0.007   12.2   0.0     9    45   110   143   101   188 0.79 wRi_Merrill23_polished_653 # 674185 # 675462 # 1 # ID=1_653;partial=00;start_type=ATG;rbs_motif=GGA/GAG/AGG;rbs_spacer=5-10bp;gc_cont=0.367
#
# Program:         hmmsearch
# Version:         3.4 (Aug 2023)
# Pipeline mode:   SEARCH
# Query file:      /private/groups/russelllab/jodie/Jacobs_et_al_2026_de_novo_wRi_merrill_23_assembly/busco_downloads/lineages/rickettsiales_odb10/hmms/1882at766.hmm
# Target file:     private/groups/russelllab/jodie/Jacobs_et_al_2026_de_novo_wRi_merrill_23_assembly/busco/20251218_Merrill23_wRi/wRi/polished/prodigal_output/predicted_genes/predicted.faa
# Option settings: hmmsearch --domtblout private/groups/russelllab/jodie/Jacobs_et_al_2026_de_novo_wRi_merrill_23_assembly/busco/20251218_Merrill23_wRi/wRi/polished/run_rickettsiales_odb10/hmmer_output/1882at766.out --cpu 1 /private/groups/russelllab/jodie/Jacobs_et_al_2026_de_novo_wRi_merrill_23_assembly/busco_downloads/lineages/rickettsiales_odb10/hmms/1882at766.hmm private/groups/russelllab/jodie/Jacobs_et_al_2026_de_novo_wRi_merrill_23_assembly/busco/20251218_Merrill23_wRi/wRi/polished/prodigal_output/predicted_genes/predicted.faa 
# Current dir:     /private/groups/russelllab/jodie/Jacobs_et_al_2026_de_novo_wRi_merrill_23_assembly
# Date:            Fri Jan 16 13:08:18 2026
# [ok]
