#                                                                                              --- full sequence --- -------------- this domain -------------   hmm coord   ali coord   env coord
# target name                          accession   tlen query name           accession   qlen   E-value  score  bias   #  of  c-Evalue  i-Evalue  score  bias  from    to  from    to  from    to  acc description of target
#                  ------------------- ---------- ----- -------------------- ---------- ----- --------- ------ ----- --- --- --------- --------- ------ ----- ----- ----- ----- ----- ----- ----- ---- ---------------------
wRi_Merrill23_polished:331639-333660|- -            674 197at766             -            571  2.5e-231  765.1   5.6   1   1  6.6e-232  2.1e-229  758.7   5.6     7   560    20   646    16   662 0.87 wRi_Merrill23_polished_318 # 331639 # 333660 # -1 # ID=1_318;partial=00;start_type=ATG;rbs_motif=None;rbs_spacer=None;gc_cont=0.361
wRi_Merrill23_polished:313469-315382|+ -            638 197at766             -            571   8.4e-09   30.4   0.6   1   2   9.3e-07   0.00029   15.4   0.0   186   260    12    85     3    90 0.78 wRi_Merrill23_polished_298 # 313469 # 315382 # 1 # ID=1_298;partial=00;start_type=ATG;rbs_motif=None;rbs_spacer=None;gc_cont=0.382
wRi_Merrill23_polished:313469-315382|+ -            638 197at766             -            571   8.4e-09   30.4   0.6   2   2   3.9e-06    0.0012   13.3   0.2   242   475   452   526   381   605 0.65 wRi_Merrill23_polished_298 # 313469 # 315382 # 1 # ID=1_298;partial=00;start_type=ATG;rbs_motif=None;rbs_spacer=None;gc_cont=0.382
wRi_Merrill23_polished:570448-573975|+ -           1176 197at766             -            571     4e-05   18.3   0.1   1   2   2.2e-05    0.0068   10.9   0.0   153   245   680   775   625   790 0.76 wRi_Merrill23_polished_544 # 570448 # 573975 # 1 # ID=1_544;partial=00;start_type=ATG;rbs_motif=None;rbs_spacer=None;gc_cont=0.342
wRi_Merrill23_polished:570448-573975|+ -           1176 197at766             -            571     4e-05   18.3   0.1   2   2    0.0018      0.56    4.6   0.0   413   444  1036  1067  1024  1093 0.83 wRi_Merrill23_polished_544 # 570448 # 573975 # 1 # ID=1_544;partial=00;start_type=ATG;rbs_motif=None;rbs_spacer=None;gc_cont=0.342
wRi_Merrill23_polished:63985-67512|+   -           1176 197at766             -            571     4e-05   18.3   0.1   1   2   2.2e-05    0.0068   10.9   0.0   153   245   680   775   625   790 0.76 wRi_Merrill23_polished_56 # 63985 # 67512 # 1 # ID=1_56;partial=00;start_type=ATG;rbs_motif=None;rbs_spacer=None;gc_cont=0.342
wRi_Merrill23_polished:63985-67512|+   -           1176 197at766             -            571     4e-05   18.3   0.1   2   2    0.0018      0.56    4.6   0.0   413   444  1036  1067  1024  1093 0.83 wRi_Merrill23_polished_56 # 63985 # 67512 # 1 # ID=1_56;partial=00;start_type=ATG;rbs_motif=None;rbs_spacer=None;gc_cont=0.342
#
# Program:         hmmsearch
# Version:         3.4 (Aug 2023)
# Pipeline mode:   SEARCH
# Query file:      /private/groups/russelllab/jodie/Jacobs_et_al_2026_de_novo_wRi_merrill_23_assembly/busco_downloads/lineages/rickettsiales_odb10/hmms/197at766.hmm
# Target file:     private/groups/russelllab/jodie/Jacobs_et_al_2026_de_novo_wRi_merrill_23_assembly/busco/20251218_Merrill23_wRi/wRi/polished/prodigal_output/predicted_genes/predicted.faa
# Option settings: hmmsearch --domtblout private/groups/russelllab/jodie/Jacobs_et_al_2026_de_novo_wRi_merrill_23_assembly/busco/20251218_Merrill23_wRi/wRi/polished/run_rickettsiales_odb10/hmmer_output/197at766.out --cpu 1 /private/groups/russelllab/jodie/Jacobs_et_al_2026_de_novo_wRi_merrill_23_assembly/busco_downloads/lineages/rickettsiales_odb10/hmms/197at766.hmm private/groups/russelllab/jodie/Jacobs_et_al_2026_de_novo_wRi_merrill_23_assembly/busco/20251218_Merrill23_wRi/wRi/polished/prodigal_output/predicted_genes/predicted.faa 
# Current dir:     /private/groups/russelllab/jodie/Jacobs_et_al_2026_de_novo_wRi_merrill_23_assembly
# Date:            Fri Jan 16 13:08:19 2026
# [ok]
