#                                                                                                --- full sequence --- -------------- this domain -------------   hmm coord   ali coord   env coord
# target name                            accession   tlen query name           accession   qlen   E-value  score  bias   #  of  c-Evalue  i-Evalue  score  bias  from    to  from    to  from    to  acc description of target
#                    ------------------- ---------- ----- -------------------- ---------- ----- --------- ------ ----- --- --- --------- --------- ------ ----- ----- ----- ----- ----- ----- ----- ---- ---------------------
wRi_Merrill23_polished:192817-194181|-   -            455 2208at766            -            338  6.5e-111  367.0  58.5   1   2   0.00076      0.19    7.1   3.8     1    33     3    36     3    53 0.70 wRi_Merrill23_polished_183 # 192817 # 194181 # -1 # ID=1_183;partial=00;start_type=ATG;rbs_motif=None;rbs_spacer=None;gc_cont=0.347
wRi_Merrill23_polished:192817-194181|-   -            455 2208at766            -            338  6.5e-111  367.0  58.5   2   2  6.6e-112  1.7e-109  362.4  48.7     7   326    54   424    45   436 0.87 wRi_Merrill23_polished_183 # 192817 # 194181 # -1 # ID=1_183;partial=00;start_type=ATG;rbs_motif=None;rbs_spacer=None;gc_cont=0.347
wRi_Merrill23_polished:1260289-1261755|- -            489 2208at766            -            338   1.4e-34  116.1  44.9   1   2         1   2.6e+02   -3.2   2.6    29    60    11    44     3    57 0.39 wRi_Merrill23_polished_1212 # 1260289 # 1261755 # -1 # ID=1_1212;partial=00;start_type=ATG;rbs_motif=None;rbs_spacer=None;gc_cont=0.344
wRi_Merrill23_polished:1260289-1261755|- -            489 2208at766            -            338   1.4e-34  116.1  44.9   2   2   5.4e-37   1.4e-34  116.1  44.9    13   323    76   439    68   448 0.77 wRi_Merrill23_polished_1212 # 1260289 # 1261755 # -1 # ID=1_1212;partial=00;start_type=ATG;rbs_motif=None;rbs_spacer=None;gc_cont=0.344
wRi_Merrill23_polished:195624-197480|-   -            619 2208at766            -            338   1.5e-24   83.1  38.9   1   2      0.42   1.1e+02   -1.9   2.5    34   112    19    99     3   111 0.73 wRi_Merrill23_polished_185 # 195624 # 197480 # -1 # ID=1_185;partial=00;start_type=ATG;rbs_motif=None;rbs_spacer=None;gc_cont=0.350
wRi_Merrill23_polished:195624-197480|-   -            619 2208at766            -            338   1.5e-24   83.1  38.9   2   2   9.1e-25   2.3e-22   75.9  35.3    16   324    81   441    66   455 0.72 wRi_Merrill23_polished_185 # 195624 # 197480 # -1 # ID=1_185;partial=00;start_type=ATG;rbs_motif=None;rbs_spacer=None;gc_cont=0.350
wRi_Merrill23_polished:339470-340978|-   -            503 2208at766            -            338   6.8e-18   61.2  43.4   1   2   2.9e-05    0.0074   11.8  20.5    12   180    98   281    88   293 0.64 wRi_Merrill23_polished_326 # 339470 # 340978 # -1 # ID=1_326;partial=00;start_type=ATG;rbs_motif=None;rbs_spacer=None;gc_cont=0.343
wRi_Merrill23_polished:339470-340978|-   -            503 2208at766            -            338   6.8e-18   61.2  43.4   2   2   2.3e-18   5.7e-16   54.9  14.9   185   322   306   466   302   482 0.80 wRi_Merrill23_polished_326 # 339470 # 340978 # -1 # ID=1_326;partial=00;start_type=ATG;rbs_motif=None;rbs_spacer=None;gc_cont=0.343
wRi_Merrill23_polished:194178-195620|-   -            481 2208at766            -            338   5.4e-09   32.0  48.3   1   3       4.1     1e+03   -5.1   2.2    15    33    15    33     3    49 0.37 wRi_Merrill23_polished_184 # 194178 # 195620 # -1 # ID=1_184;partial=00;start_type=GTG;rbs_motif=None;rbs_spacer=None;gc_cont=0.351
wRi_Merrill23_polished:194178-195620|-   -            481 2208at766            -            338   5.4e-09   32.0  48.3   2   3   2.1e-11   5.4e-09   32.0  48.3    13   319    75   424    70   449 0.69 wRi_Merrill23_polished_184 # 194178 # 195620 # -1 # ID=1_184;partial=00;start_type=GTG;rbs_motif=None;rbs_spacer=None;gc_cont=0.351
wRi_Merrill23_polished:194178-195620|-   -            481 2208at766            -            338   5.4e-09   32.0  48.3   3   3     0.087        22    0.4   0.7    37    55   437   455   421   467 0.80 wRi_Merrill23_polished_184 # 194178 # 195620 # -1 # ID=1_184;partial=00;start_type=GTG;rbs_motif=None;rbs_spacer=None;gc_cont=0.351
#
# Program:         hmmsearch
# Version:         3.4 (Aug 2023)
# Pipeline mode:   SEARCH
# Query file:      /private/groups/russelllab/jodie/Jacobs_et_al_2026_de_novo_wRi_merrill_23_assembly/busco_downloads/lineages/rickettsiales_odb10/hmms/2208at766.hmm
# Target file:     private/groups/russelllab/jodie/Jacobs_et_al_2026_de_novo_wRi_merrill_23_assembly/busco/20251218_Merrill23_wRi/wRi/polished/prodigal_output/predicted_genes/predicted.faa
# Option settings: hmmsearch --domtblout private/groups/russelllab/jodie/Jacobs_et_al_2026_de_novo_wRi_merrill_23_assembly/busco/20251218_Merrill23_wRi/wRi/polished/run_rickettsiales_odb10/hmmer_output/2208at766.out --cpu 1 /private/groups/russelllab/jodie/Jacobs_et_al_2026_de_novo_wRi_merrill_23_assembly/busco_downloads/lineages/rickettsiales_odb10/hmms/2208at766.hmm private/groups/russelllab/jodie/Jacobs_et_al_2026_de_novo_wRi_merrill_23_assembly/busco/20251218_Merrill23_wRi/wRi/polished/prodigal_output/predicted_genes/predicted.faa 
# Current dir:     /private/groups/russelllab/jodie/Jacobs_et_al_2026_de_novo_wRi_merrill_23_assembly
# Date:            Fri Jan 16 13:08:19 2026
# [ok]
