#                                                                                                --- full sequence --- -------------- this domain -------------   hmm coord   ali coord   env coord
# target name                            accession   tlen query name           accession   qlen   E-value  score  bias   #  of  c-Evalue  i-Evalue  score  bias  from    to  from    to  from    to  acc description of target
#                    ------------------- ---------- ----- -------------------- ---------- ----- --------- ------ ----- --- --- --------- --------- ------ ----- ----- ----- ----- ----- ----- ----- ---- ---------------------
wRi_Merrill23_polished:1228677-1229774|- -            366 2456at766            -            272   1.2e-89  296.2   9.7   1   2   1.3e-25   2.8e-23   78.5   0.2     1    60     6    68     6    75 0.91 wRi_Merrill23_polished_1179 # 1228677 # 1229774 # -1 # ID=1_1179;partial=00;start_type=ATG;rbs_motif=None;rbs_spacer=None;gc_cont=0.333
wRi_Merrill23_polished:1228677-1229774|- -            366 2456at766            -            272   1.2e-89  296.2   9.7   2   2   5.7e-69   1.2e-66  220.8   4.5    70   272   106   340    83   340 0.85 wRi_Merrill23_polished_1179 # 1228677 # 1229774 # -1 # ID=1_1179;partial=00;start_type=ATG;rbs_motif=None;rbs_spacer=None;gc_cont=0.333
wRi_Merrill23_polished:824392-825015|-   -            208 2456at766            -            272   5.5e-07   25.1   0.1   1   2   4.9e-08     1e-05   20.9   0.0    11    44    18    52    13    87 0.83 wRi_Merrill23_polished_804 # 824392 # 825015 # -1 # ID=1_804;partial=00;start_type=ATG;rbs_motif=3Base/5BMM;rbs_spacer=13-15bp;gc_cont=0.364
wRi_Merrill23_polished:824392-825015|-   -            208 2456at766            -            272   5.5e-07   25.1   0.1   2   2     0.025       5.3    2.2   0.0   220   255   127   162   115   174 0.80 wRi_Merrill23_polished_804 # 824392 # 825015 # -1 # ID=1_804;partial=00;start_type=ATG;rbs_motif=3Base/5BMM;rbs_spacer=13-15bp;gc_cont=0.364
wRi_Merrill23_polished:1085138-1085911|- -            258 2456at766            -            272   3.9e-05   19.0   0.4   1   2     0.011       2.4    3.3   0.3    22    41    31    50    14   113 0.82 wRi_Merrill23_polished_1044 # 1085138 # 1085911 # -1 # ID=1_1044;partial=00;start_type=ATG;rbs_motif=None;rbs_spacer=None;gc_cont=0.335
wRi_Merrill23_polished:1085138-1085911|- -            258 2456at766            -            272   3.9e-05   19.0   0.4   2   2     7e-06    0.0015   13.9   0.0   214   252   128   166    94   178 0.88 wRi_Merrill23_polished_1044 # 1085138 # 1085911 # -1 # ID=1_1044;partial=00;start_type=ATG;rbs_motif=None;rbs_spacer=None;gc_cont=0.335
wRi_Merrill23_polished:482310-482984|+   -            225 2456at766            -            272   0.00011   17.6   0.3   1   2   3.8e-05    0.0079   11.5   0.2    20    50    34    65    26   100 0.72 wRi_Merrill23_polished_466 # 482310 # 482984 # 1 # ID=1_466;partial=00;start_type=ATG;rbs_motif=GGA/GAG/AGG;rbs_spacer=5-10bp;gc_cont=0.370
wRi_Merrill23_polished:482310-482984|+   -            225 2456at766            -            272   0.00011   17.6   0.3   2   2    0.0042      0.88    4.7   0.0   176   255    98   178    66   187 0.75 wRi_Merrill23_polished_466 # 482310 # 482984 # 1 # ID=1_466;partial=00;start_type=ATG;rbs_motif=GGA/GAG/AGG;rbs_spacer=5-10bp;gc_cont=0.370
wRi_Merrill23_polished:222954-223649|-   -            232 2456at766            -            272   0.00018   16.9   3.6   1   2   4.7e-05    0.0099   11.1   0.3    21    45    36    60    23    73 0.83 wRi_Merrill23_polished_216 # 222954 # 223649 # -1 # ID=1_216;partial=00;start_type=TTG;rbs_motif=None;rbs_spacer=None;gc_cont=0.326
wRi_Merrill23_polished:222954-223649|-   -            232 2456at766            -            272   0.00018   16.9   3.6   2   2   0.00098      0.21    6.8   0.2   215   258   124   166    90   180 0.84 wRi_Merrill23_polished_216 # 222954 # 223649 # -1 # ID=1_216;partial=00;start_type=TTG;rbs_motif=None;rbs_spacer=None;gc_cont=0.326
wRi_Merrill23_polished:901578-902219|-   -            214 2456at766            -            272     0.002   13.4   0.1   1   2    0.0046      0.96    4.6   0.1    14    42    20    49    11    59 0.84 wRi_Merrill23_polished_865 # 901578 # 902219 # -1 # ID=1_865;partial=00;start_type=ATG;rbs_motif=GGA/GAG/AGG;rbs_spacer=5-10bp;gc_cont=0.315
wRi_Merrill23_polished:901578-902219|-   -            214 2456at766            -            272     0.002   13.4   0.1   2   2    0.0011      0.23    6.7   0.0   210   261   105   156    61   161 0.80 wRi_Merrill23_polished_865 # 901578 # 902219 # -1 # ID=1_865;partial=00;start_type=ATG;rbs_motif=GGA/GAG/AGG;rbs_spacer=5-10bp;gc_cont=0.315
#
# Program:         hmmsearch
# Version:         3.4 (Aug 2023)
# Pipeline mode:   SEARCH
# Query file:      /private/groups/russelllab/jodie/Jacobs_et_al_2026_de_novo_wRi_merrill_23_assembly/busco_downloads/lineages/rickettsiales_odb10/hmms/2456at766.hmm
# Target file:     private/groups/russelllab/jodie/Jacobs_et_al_2026_de_novo_wRi_merrill_23_assembly/busco/20251218_Merrill23_wRi/wRi/polished/prodigal_output/predicted_genes/predicted.faa
# Option settings: hmmsearch --domtblout private/groups/russelllab/jodie/Jacobs_et_al_2026_de_novo_wRi_merrill_23_assembly/busco/20251218_Merrill23_wRi/wRi/polished/run_rickettsiales_odb10/hmmer_output/2456at766.out --cpu 1 /private/groups/russelllab/jodie/Jacobs_et_al_2026_de_novo_wRi_merrill_23_assembly/busco_downloads/lineages/rickettsiales_odb10/hmms/2456at766.hmm private/groups/russelllab/jodie/Jacobs_et_al_2026_de_novo_wRi_merrill_23_assembly/busco/20251218_Merrill23_wRi/wRi/polished/prodigal_output/predicted_genes/predicted.faa 
# Current dir:     /private/groups/russelllab/jodie/Jacobs_et_al_2026_de_novo_wRi_merrill_23_assembly
# Date:            Fri Jan 16 13:08:19 2026
# [ok]
