#                                                                                                --- full sequence --- -------------- this domain -------------   hmm coord   ali coord   env coord
# target name                            accession   tlen query name           accession   qlen   E-value  score  bias   #  of  c-Evalue  i-Evalue  score  bias  from    to  from    to  from    to  acc description of target
#                    ------------------- ---------- ----- -------------------- ---------- ----- --------- ------ ----- --- --- --------- --------- ------ ----- ----- ----- ----- ----- ----- ----- ---- ---------------------
wRi_Merrill23_polished:828781-829704|-   -            308 2551at766            -            221     2e-77  255.9  11.1   1   3   3.7e-18   1.6e-15   53.5   0.2     1    55    16    71    16    79 0.94 wRi_Merrill23_polished_808 # 828781 # 829704 # -1 # ID=1_808;partial=00;start_type=ATG;rbs_motif=None;rbs_spacer=None;gc_cont=0.347
wRi_Merrill23_polished:828781-829704|-   -            308 2551at766            -            221     2e-77  255.9  11.1   2   3   3.1e-43   1.3e-40  135.5   0.2    48   153    81   189    73   202 0.89 wRi_Merrill23_polished_808 # 828781 # 829704 # -1 # ID=1_808;partial=00;start_type=ATG;rbs_motif=None;rbs_spacer=None;gc_cont=0.347
wRi_Merrill23_polished:828781-829704|-   -            308 2551at766            -            221     2e-77  255.9  11.1   3   3   7.8e-24   3.3e-21   72.1   2.2   142   221   205   301   189   301 0.79 wRi_Merrill23_polished_808 # 828781 # 829704 # -1 # ID=1_808;partial=00;start_type=ATG;rbs_motif=None;rbs_spacer=None;gc_cont=0.347
wRi_Merrill23_polished:1049086-1049754|- -            223 2551at766            -            221    0.0029   13.4   0.1   1   2   0.00017      0.07    8.9   0.0     4    48    27    71    25    78 0.94 wRi_Merrill23_polished_1010 # 1049086 # 1049754 # -1 # ID=1_1010;partial=00;start_type=ATG;rbs_motif=GGA/GAG/AGG;rbs_spacer=5-10bp;gc_cont=0.309
wRi_Merrill23_polished:1049086-1049754|- -            223 2551at766            -            221    0.0029   13.4   0.1   2   2     0.014       5.9    2.6   0.0   107   193    95   180    84   195 0.76 wRi_Merrill23_polished_1010 # 1049086 # 1049754 # -1 # ID=1_1010;partial=00;start_type=ATG;rbs_motif=GGA/GAG/AGG;rbs_spacer=5-10bp;gc_cont=0.309
wRi_Merrill23_polished:935900-936568|-   -            223 2551at766            -            221    0.0029   13.4   0.1   1   2   0.00017      0.07    8.9   0.0     4    48    27    71    25    78 0.94 wRi_Merrill23_polished_898 # 935900 # 936568 # -1 # ID=1_898;partial=00;start_type=ATG;rbs_motif=GGA/GAG/AGG;rbs_spacer=5-10bp;gc_cont=0.309
wRi_Merrill23_polished:935900-936568|-   -            223 2551at766            -            221    0.0029   13.4   0.1   2   2     0.014       5.9    2.6   0.0   107   193    95   180    84   195 0.76 wRi_Merrill23_polished_898 # 935900 # 936568 # -1 # ID=1_898;partial=00;start_type=ATG;rbs_motif=GGA/GAG/AGG;rbs_spacer=5-10bp;gc_cont=0.309
#
# Program:         hmmsearch
# Version:         3.4 (Aug 2023)
# Pipeline mode:   SEARCH
# Query file:      /private/groups/russelllab/jodie/Jacobs_et_al_2026_de_novo_wRi_merrill_23_assembly/busco_downloads/lineages/rickettsiales_odb10/hmms/2551at766.hmm
# Target file:     private/groups/russelllab/jodie/Jacobs_et_al_2026_de_novo_wRi_merrill_23_assembly/busco/20251218_Merrill23_wRi/wRi/polished/prodigal_output/predicted_genes/predicted.faa
# Option settings: hmmsearch --domtblout private/groups/russelllab/jodie/Jacobs_et_al_2026_de_novo_wRi_merrill_23_assembly/busco/20251218_Merrill23_wRi/wRi/polished/run_rickettsiales_odb10/hmmer_output/2551at766.out --cpu 1 /private/groups/russelllab/jodie/Jacobs_et_al_2026_de_novo_wRi_merrill_23_assembly/busco_downloads/lineages/rickettsiales_odb10/hmms/2551at766.hmm private/groups/russelllab/jodie/Jacobs_et_al_2026_de_novo_wRi_merrill_23_assembly/busco/20251218_Merrill23_wRi/wRi/polished/prodigal_output/predicted_genes/predicted.faa 
# Current dir:     /private/groups/russelllab/jodie/Jacobs_et_al_2026_de_novo_wRi_merrill_23_assembly
# Date:            Fri Jan 16 13:08:19 2026
# [ok]
