#                                                                                                --- full sequence --- -------------- this domain -------------   hmm coord   ali coord   env coord
# target name                            accession   tlen query name           accession   qlen   E-value  score  bias   #  of  c-Evalue  i-Evalue  score  bias  from    to  from    to  from    to  acc description of target
#                    ------------------- ---------- ----- -------------------- ---------- ----- --------- ------ ----- --- --- --------- --------- ------ ----- ----- ----- ----- ----- ----- ----- ---- ---------------------
wRi_Merrill23_polished:874228-876024|+   -            599 255at766             -            536  2.1e-296  979.8   1.1   1   1  1.3e-298  2.4e-296  979.6   1.1     1   536     4   598     4   598 0.94 wRi_Merrill23_polished_841 # 874228 # 876024 # 1 # ID=1_841;partial=00;start_type=ATG;rbs_motif=None;rbs_spacer=None;gc_cont=0.378
wRi_Merrill23_polished:1170142-1172217|- -            692 255at766             -            536   9.8e-36  119.5   1.0   1   4   8.4e-23   1.5e-20   69.4   0.0     2   146     9   152     8   179 0.84 wRi_Merrill23_polished_1128 # 1170142 # 1172217 # -1 # ID=1_1128;partial=00;start_type=ATG;rbs_motif=None;rbs_spacer=None;gc_cont=0.368
wRi_Merrill23_polished:1170142-1172217|- -            692 255at766             -            536   9.8e-36  119.5   1.0   2   4      0.44        79   -2.3   0.0   158   182   259   283   255   289 0.84 wRi_Merrill23_polished_1128 # 1170142 # 1172217 # -1 # ID=1_1128;partial=00;start_type=ATG;rbs_motif=None;rbs_spacer=None;gc_cont=0.368
wRi_Merrill23_polished:1170142-1172217|- -            692 255at766             -            536   9.8e-36  119.5   1.0   3   4   2.1e-11   3.9e-09   31.8   0.0   184   352   312   491   298   498 0.70 wRi_Merrill23_polished_1128 # 1170142 # 1172217 # -1 # ID=1_1128;partial=00;start_type=ATG;rbs_motif=None;rbs_spacer=None;gc_cont=0.368
wRi_Merrill23_polished:1170142-1172217|- -            692 255at766             -            536   9.8e-36  119.5   1.0   4   4   3.1e-06   0.00056   14.7   0.0   354   421   597   672   588   683 0.75 wRi_Merrill23_polished_1128 # 1170142 # 1172217 # -1 # ID=1_1128;partial=00;start_type=ATG;rbs_motif=None;rbs_spacer=None;gc_cont=0.368
wRi_Merrill23_polished:964722-966551|+   -            610 255at766             -            536   1.2e-32  109.3   0.1   1   2   2.9e-34   5.3e-32  107.2   0.0     1   152     7   156     7   177 0.93 wRi_Merrill23_polished_926 # 964722 # 966551 # 1 # ID=1_926;partial=00;start_type=ATG;rbs_motif=None;rbs_spacer=None;gc_cont=0.402
wRi_Merrill23_polished:964722-966551|+   -            610 255at766             -            536   1.2e-32  109.3   0.1   2   2      0.16        29   -0.8   0.0   305   384   356   427   338   432 0.73 wRi_Merrill23_polished_926 # 964722 # 966551 # 1 # ID=1_926;partial=00;start_type=ATG;rbs_motif=None;rbs_spacer=None;gc_cont=0.402
wRi_Merrill23_polished:630883-632055|+   -            391 255at766             -            536   3.3e-12   41.9   0.8   1   1   2.8e-14   5.1e-12   41.3   0.8     3   147    14   152    13   253 0.87 wRi_Merrill23_polished_599 # 630883 # 632055 # 1 # ID=1_599;partial=00;start_type=ATG;rbs_motif=None;rbs_spacer=None;gc_cont=0.423
wRi_Merrill23_polished:1168958-1170130|- -            391 255at766             -            536   4.4e-12   41.5   0.8   1   1   3.5e-14   6.3e-12   41.0   0.8     3   147    14   152    13   251 0.88 wRi_Merrill23_polished_1127 # 1168958 # 1170130 # -1 # ID=1_1127;partial=00;start_type=ATG;rbs_motif=GGA/GAG/AGG;rbs_spacer=5-10bp;gc_cont=0.430
wRi_Merrill23_polished:1193092-1195416|+ -            775 255at766             -            536   2.1e-06   22.7   5.4   1   2   1.2e-08   2.1e-06   22.7   5.4    49   216   310   488   280   502 0.68 wRi_Merrill23_polished_1145 # 1193092 # 1195416 # 1 # ID=1_1145;partial=00;start_type=ATG;rbs_motif=None;rbs_spacer=None;gc_cont=0.347
wRi_Merrill23_polished:1193092-1195416|+ -            775 255at766             -            536   2.1e-06   22.7   5.4   2   2      0.15        26   -0.7   0.1   467   519   686   741   678   760 0.70 wRi_Merrill23_polished_1145 # 1193092 # 1195416 # 1 # ID=1_1145;partial=00;start_type=ATG;rbs_motif=None;rbs_spacer=None;gc_cont=0.347
wRi_Merrill23_polished:1266763-1268088|- -            442 255at766             -            536   4.9e-05   18.2   0.1   1   2       1.1   2.1e+02   -3.6   0.0     5    24     5    24     3    28 0.79 wRi_Merrill23_polished_1220 # 1266763 # 1268088 # -1 # ID=1_1220;partial=00;start_type=ATG;rbs_motif=None;rbs_spacer=None;gc_cont=0.373
wRi_Merrill23_polished:1266763-1268088|- -            442 255at766             -            536   4.9e-05   18.2   0.1   2   2   5.5e-07    0.0001   17.2   0.1    87   173   254   344   178   368 0.76 wRi_Merrill23_polished_1220 # 1266763 # 1268088 # -1 # ID=1_1220;partial=00;start_type=ATG;rbs_motif=None;rbs_spacer=None;gc_cont=0.373
#
# Program:         hmmsearch
# Version:         3.4 (Aug 2023)
# Pipeline mode:   SEARCH
# Query file:      /private/groups/russelllab/jodie/Jacobs_et_al_2026_de_novo_wRi_merrill_23_assembly/busco_downloads/lineages/rickettsiales_odb10/hmms/255at766.hmm
# Target file:     private/groups/russelllab/jodie/Jacobs_et_al_2026_de_novo_wRi_merrill_23_assembly/busco/20251218_Merrill23_wRi/wRi/polished/prodigal_output/predicted_genes/predicted.faa
# Option settings: hmmsearch --domtblout private/groups/russelllab/jodie/Jacobs_et_al_2026_de_novo_wRi_merrill_23_assembly/busco/20251218_Merrill23_wRi/wRi/polished/run_rickettsiales_odb10/hmmer_output/255at766.out --cpu 1 /private/groups/russelllab/jodie/Jacobs_et_al_2026_de_novo_wRi_merrill_23_assembly/busco_downloads/lineages/rickettsiales_odb10/hmms/255at766.hmm private/groups/russelllab/jodie/Jacobs_et_al_2026_de_novo_wRi_merrill_23_assembly/busco/20251218_Merrill23_wRi/wRi/polished/prodigal_output/predicted_genes/predicted.faa 
# Current dir:     /private/groups/russelllab/jodie/Jacobs_et_al_2026_de_novo_wRi_merrill_23_assembly
# Date:            Fri Jan 16 13:08:19 2026
# [ok]
