#                                                                                                --- full sequence --- -------------- this domain -------------   hmm coord   ali coord   env coord
# target name                            accession   tlen query name           accession   qlen   E-value  score  bias   #  of  c-Evalue  i-Evalue  score  bias  from    to  from    to  from    to  acc description of target
#                    ------------------- ---------- ----- -------------------- ---------- ----- --------- ------ ----- --- --- --------- --------- ------ ----- ----- ----- ----- ----- ----- ----- ---- ---------------------
wRi_Merrill23_polished:964722-966551|+   -            610 256at766             -            534  1.4e-289  956.9   0.4   1   1  1.4e-291  2.6e-289  956.1   0.4     1   533     6   603     6   604 0.94 wRi_Merrill23_polished_926 # 964722 # 966551 # 1 # ID=1_926;partial=00;start_type=ATG;rbs_motif=None;rbs_spacer=None;gc_cont=0.402
wRi_Merrill23_polished:1170142-1172217|- -            692 256at766             -            534   9.3e-43  142.4   3.1   1   3   4.3e-30   7.8e-28   93.2   0.0     2   136     8   147     7   156 0.92 wRi_Merrill23_polished_1128 # 1170142 # 1172217 # -1 # ID=1_1128;partial=00;start_type=ATG;rbs_motif=None;rbs_spacer=None;gc_cont=0.368
wRi_Merrill23_polished:1170142-1172217|- -            692 256at766             -            534   9.3e-43  142.4   3.1   2   3   1.2e-11   2.2e-09   32.3   0.4   178   346   313   493   302   510 0.69 wRi_Merrill23_polished_1128 # 1170142 # 1172217 # -1 # ID=1_1128;partial=00;start_type=ATG;rbs_motif=None;rbs_spacer=None;gc_cont=0.368
wRi_Merrill23_polished:1170142-1172217|- -            692 256at766             -            534   9.3e-43  142.4   3.1   3   3   1.2e-06   0.00021   15.8   0.0   335   410   599   675   584   682 0.86 wRi_Merrill23_polished_1128 # 1170142 # 1172217 # -1 # ID=1_1128;partial=00;start_type=ATG;rbs_motif=None;rbs_spacer=None;gc_cont=0.368
wRi_Merrill23_polished:874228-876024|+   -            599 256at766             -            534   3.5e-34  114.1   1.7   1   3   8.3e-35   1.5e-32  108.7   1.3     1   177     3   181     3   283 0.83 wRi_Merrill23_polished_841 # 874228 # 876024 # 1 # ID=1_841;partial=00;start_type=ATG;rbs_motif=None;rbs_spacer=None;gc_cont=0.378
wRi_Merrill23_polished:874228-876024|+   -            599 256at766             -            534   3.5e-34  114.1   1.7   2   3      0.05         9    0.5   0.0   290   336   326   373   318   381 0.88 wRi_Merrill23_polished_841 # 874228 # 876024 # 1 # ID=1_841;partial=00;start_type=ATG;rbs_motif=None;rbs_spacer=None;gc_cont=0.378
wRi_Merrill23_polished:874228-876024|+   -            599 256at766             -            534   3.5e-34  114.1   1.7   3   3     0.034       6.1    1.1   0.0   334   379   398   443   393   505 0.71 wRi_Merrill23_polished_841 # 874228 # 876024 # 1 # ID=1_841;partial=00;start_type=ATG;rbs_motif=None;rbs_spacer=None;gc_cont=0.378
wRi_Merrill23_polished:630883-632055|+   -            391 256at766             -            534   1.4e-19   65.9   0.2   1   1   1.3e-21   2.3e-19   65.2   0.2     4   142    14   152    12   171 0.85 wRi_Merrill23_polished_599 # 630883 # 632055 # 1 # ID=1_599;partial=00;start_type=ATG;rbs_motif=None;rbs_spacer=None;gc_cont=0.423
wRi_Merrill23_polished:1168958-1170130|- -            391 256at766             -            534   1.5e-19   65.8   0.2   1   1   1.4e-21   2.5e-19   65.1   0.2     4   142    14   152    12   172 0.83 wRi_Merrill23_polished_1127 # 1168958 # 1170130 # -1 # ID=1_1127;partial=00;start_type=ATG;rbs_motif=GGA/GAG/AGG;rbs_spacer=5-10bp;gc_cont=0.430
wRi_Merrill23_polished:1193092-1195416|+ -            775 256at766             -            534   1.5e-11   39.4   1.3   1   1   1.7e-13   3.1e-11   38.4   1.3     6   138   281   402   279   480 0.80 wRi_Merrill23_polished_1145 # 1193092 # 1195416 # 1 # ID=1_1145;partial=00;start_type=ATG;rbs_motif=None;rbs_spacer=None;gc_cont=0.347
wRi_Merrill23_polished:1266763-1268088|- -            442 256at766             -            534    0.0004   14.9   0.8   1   2     0.097        18   -0.4   0.0    64   127    51   121     2   135 0.64 wRi_Merrill23_polished_1220 # 1266763 # 1268088 # -1 # ID=1_1220;partial=00;start_type=ATG;rbs_motif=None;rbs_spacer=None;gc_cont=0.373
wRi_Merrill23_polished:1266763-1268088|- -            442 256at766             -            534    0.0004   14.9   0.8   2   2   7.6e-06    0.0014   13.1   0.3     4   144   177   322   174   327 0.74 wRi_Merrill23_polished_1220 # 1266763 # 1268088 # -1 # ID=1_1220;partial=00;start_type=ATG;rbs_motif=None;rbs_spacer=None;gc_cont=0.373
#
# Program:         hmmsearch
# Version:         3.4 (Aug 2023)
# Pipeline mode:   SEARCH
# Query file:      /private/groups/russelllab/jodie/Jacobs_et_al_2026_de_novo_wRi_merrill_23_assembly/busco_downloads/lineages/rickettsiales_odb10/hmms/256at766.hmm
# Target file:     private/groups/russelllab/jodie/Jacobs_et_al_2026_de_novo_wRi_merrill_23_assembly/busco/20251218_Merrill23_wRi/wRi/polished/prodigal_output/predicted_genes/predicted.faa
# Option settings: hmmsearch --domtblout private/groups/russelllab/jodie/Jacobs_et_al_2026_de_novo_wRi_merrill_23_assembly/busco/20251218_Merrill23_wRi/wRi/polished/run_rickettsiales_odb10/hmmer_output/256at766.out --cpu 1 /private/groups/russelllab/jodie/Jacobs_et_al_2026_de_novo_wRi_merrill_23_assembly/busco_downloads/lineages/rickettsiales_odb10/hmms/256at766.hmm private/groups/russelllab/jodie/Jacobs_et_al_2026_de_novo_wRi_merrill_23_assembly/busco/20251218_Merrill23_wRi/wRi/polished/prodigal_output/predicted_genes/predicted.faa 
# Current dir:     /private/groups/russelllab/jodie/Jacobs_et_al_2026_de_novo_wRi_merrill_23_assembly
# Date:            Fri Jan 16 13:08:19 2026
# [ok]
