#                                                                                                --- full sequence --- -------------- this domain -------------   hmm coord   ali coord   env coord
# target name                            accession   tlen query name           accession   qlen   E-value  score  bias   #  of  c-Evalue  i-Evalue  score  bias  from    to  from    to  from    to  acc description of target
#                    ------------------- ---------- ----- -------------------- ---------- ----- --------- ------ ----- --- --- --------- --------- ------ ----- ----- ----- ----- ----- ----- ----- ---- ---------------------
wRi_Merrill23_polished:879950-881047|-   -            366 257at766             -            501   1.3e-59  198.4   0.0   1   1     6e-62   1.5e-59  198.2   0.0    49   337    49   353     2   362 0.80 wRi_Merrill23_polished_845 # 879950 # 881047 # -1 # ID=1_845;partial=00;start_type=ATG;rbs_motif=GGA/GAG/AGG;rbs_spacer=5-10bp;gc_cont=0.360
wRi_Merrill23_polished:894292-895023|+   -            244 257at766             -            501   1.1e-31  106.3   0.1   1   1   5.4e-34   1.4e-31  106.0   0.1   131   310     3   178     1   193 0.86 wRi_Merrill23_polished_859 # 894292 # 895023 # 1 # ID=1_859;partial=00;start_type=TTG;rbs_motif=AGGA;rbs_spacer=5-10bp;gc_cont=0.339
wRi_Merrill23_polished:674185-675462|+   -            426 257at766             -            501   9.7e-09   30.6   0.0   1   1   6.5e-11   1.6e-08   29.9   0.0   126   199   117   196    79   221 0.80 wRi_Merrill23_polished_653 # 674185 # 675462 # 1 # ID=1_653;partial=00;start_type=ATG;rbs_motif=GGA/GAG/AGG;rbs_spacer=5-10bp;gc_cont=0.367
wRi_Merrill23_polished:675478-677931|+   -            818 257at766             -            501   3.1e-07   25.6   0.5   1   3   5.4e-09   1.4e-06   23.5   0.0    89   156   329   393   313   447 0.68 wRi_Merrill23_polished_654 # 675478 # 677931 # 1 # ID=1_654;partial=00;start_type=ATG;rbs_motif=GGAG/GAGG;rbs_spacer=5-10bp;gc_cont=0.363
wRi_Merrill23_polished:675478-677931|+   -            818 257at766             -            501   3.1e-07   25.6   0.5   2   3       0.2        49   -1.4   0.0   451   484   556   589   551   593 0.83 wRi_Merrill23_polished_654 # 675478 # 677931 # 1 # ID=1_654;partial=00;start_type=ATG;rbs_motif=GGAG/GAGG;rbs_spacer=5-10bp;gc_cont=0.363
wRi_Merrill23_polished:675478-677931|+   -            818 257at766             -            501   3.1e-07   25.6   0.5   3   3      0.84   2.1e+02   -3.5   0.0   227   249   763   785   761   787 0.90 wRi_Merrill23_polished_654 # 675478 # 677931 # 1 # ID=1_654;partial=00;start_type=ATG;rbs_motif=GGAG/GAGG;rbs_spacer=5-10bp;gc_cont=0.363
wRi_Merrill23_polished:1255817-1256791|+ -            325 257at766             -            501   0.00088   14.2   0.0   1   1   5.3e-06    0.0013   13.7   0.0   126   157    53    84    20   117 0.84 wRi_Merrill23_polished_1208 # 1255817 # 1256791 # 1 # ID=1_1208;partial=00;start_type=ATG;rbs_motif=3Base/5BMM;rbs_spacer=13-15bp;gc_cont=0.389
#
# Program:         hmmsearch
# Version:         3.4 (Aug 2023)
# Pipeline mode:   SEARCH
# Query file:      /private/groups/russelllab/jodie/Jacobs_et_al_2026_de_novo_wRi_merrill_23_assembly/busco_downloads/lineages/rickettsiales_odb10/hmms/257at766.hmm
# Target file:     private/groups/russelllab/jodie/Jacobs_et_al_2026_de_novo_wRi_merrill_23_assembly/busco/20251218_Merrill23_wRi/wRi/polished/prodigal_output/predicted_genes/predicted.faa
# Option settings: hmmsearch --domtblout private/groups/russelllab/jodie/Jacobs_et_al_2026_de_novo_wRi_merrill_23_assembly/busco/20251218_Merrill23_wRi/wRi/polished/run_rickettsiales_odb10/hmmer_output/257at766.out --cpu 1 /private/groups/russelllab/jodie/Jacobs_et_al_2026_de_novo_wRi_merrill_23_assembly/busco_downloads/lineages/rickettsiales_odb10/hmms/257at766.hmm private/groups/russelllab/jodie/Jacobs_et_al_2026_de_novo_wRi_merrill_23_assembly/busco/20251218_Merrill23_wRi/wRi/polished/prodigal_output/predicted_genes/predicted.faa 
# Current dir:     /private/groups/russelllab/jodie/Jacobs_et_al_2026_de_novo_wRi_merrill_23_assembly
# Date:            Fri Jan 16 13:08:21 2026
# [ok]
