#                                                                                                --- full sequence --- -------------- this domain -------------   hmm coord   ali coord   env coord
# target name                            accession   tlen query name           accession   qlen   E-value  score  bias   #  of  c-Evalue  i-Evalue  score  bias  from    to  from    to  from    to  acc description of target
#                    ------------------- ---------- ----- -------------------- ---------- ----- --------- ------ ----- --- --- --------- --------- ------ ----- ----- ----- ----- ----- ----- ----- ---- ---------------------
wRi_Merrill23_polished:1071438-1071926|+ -            163 2707at766            -            124   1.2e-42  141.3   7.1   1   1   2.7e-44   8.6e-42  138.6   7.1     2   124     3   151     2   151 0.85 wRi_Merrill23_polished_1033 # 1071438 # 1071926 # 1 # ID=1_1033;partial=00;start_type=GTG;rbs_motif=None;rbs_spacer=None;gc_cont=0.342
wRi_Merrill23_polished:583274-583729|+   -            152 2707at766            -            124    0.0004   16.9   0.0   1   2     0.086        27    1.3   0.0     1    19     1    18     1    29 0.75 wRi_Merrill23_polished_550 # 583274 # 583729 # 1 # ID=1_550;partial=00;start_type=ATG;rbs_motif=None;rbs_spacer=None;gc_cont=0.395
wRi_Merrill23_polished:583274-583729|+   -            152 2707at766            -            124    0.0004   16.9   0.0   2   2   1.5e-05    0.0047   13.4   0.0    79   112    89   122    76   139 0.75 wRi_Merrill23_polished_550 # 583274 # 583729 # 1 # ID=1_550;partial=00;start_type=ATG;rbs_motif=None;rbs_spacer=None;gc_cont=0.395
wRi_Merrill23_polished:76811-77266|+     -            152 2707at766            -            124    0.0004   16.9   0.0   1   2     0.086        27    1.3   0.0     1    19     1    18     1    29 0.75 wRi_Merrill23_polished_62 # 76811 # 77266 # 1 # ID=1_62;partial=00;start_type=ATG;rbs_motif=None;rbs_spacer=None;gc_cont=0.395
wRi_Merrill23_polished:76811-77266|+     -            152 2707at766            -            124    0.0004   16.9   0.0   2   2   1.5e-05    0.0047   13.4   0.0    79   112    89   122    76   139 0.75 wRi_Merrill23_polished_62 # 76811 # 77266 # 1 # ID=1_62;partial=00;start_type=ATG;rbs_motif=None;rbs_spacer=None;gc_cont=0.395
wRi_Merrill23_polished:355657-356127|-   -            157 2707at766            -            124   0.00051   16.5   0.0   1   2      0.94     3e+02   -2.1   0.0    12    19     9    16     3    26 0.75 wRi_Merrill23_polished_344 # 355657 # 356127 # -1 # ID=1_344;partial=00;start_type=ATG;rbs_motif=None;rbs_spacer=None;gc_cont=0.350
wRi_Merrill23_polished:355657-356127|-   -            157 2707at766            -            124   0.00051   16.5   0.0   2   2   4.1e-06    0.0013   15.2   0.0    79   111    91   123    80   141 0.84 wRi_Merrill23_polished_344 # 355657 # 356127 # -1 # ID=1_344;partial=00;start_type=ATG;rbs_motif=None;rbs_spacer=None;gc_cont=0.350
#
# Program:         hmmsearch
# Version:         3.4 (Aug 2023)
# Pipeline mode:   SEARCH
# Query file:      /private/groups/russelllab/jodie/Jacobs_et_al_2026_de_novo_wRi_merrill_23_assembly/busco_downloads/lineages/rickettsiales_odb10/hmms/2707at766.hmm
# Target file:     private/groups/russelllab/jodie/Jacobs_et_al_2026_de_novo_wRi_merrill_23_assembly/busco/20251218_Merrill23_wRi/wRi/polished/prodigal_output/predicted_genes/predicted.faa
# Option settings: hmmsearch --domtblout private/groups/russelllab/jodie/Jacobs_et_al_2026_de_novo_wRi_merrill_23_assembly/busco/20251218_Merrill23_wRi/wRi/polished/run_rickettsiales_odb10/hmmer_output/2707at766.out --cpu 1 /private/groups/russelllab/jodie/Jacobs_et_al_2026_de_novo_wRi_merrill_23_assembly/busco_downloads/lineages/rickettsiales_odb10/hmms/2707at766.hmm private/groups/russelllab/jodie/Jacobs_et_al_2026_de_novo_wRi_merrill_23_assembly/busco/20251218_Merrill23_wRi/wRi/polished/prodigal_output/predicted_genes/predicted.faa 
# Current dir:     /private/groups/russelllab/jodie/Jacobs_et_al_2026_de_novo_wRi_merrill_23_assembly
# Date:            Fri Jan 16 13:08:19 2026
# [ok]
