#                                                                                                --- full sequence --- -------------- this domain -------------   hmm coord   ali coord   env coord
# target name                            accession   tlen query name           accession   qlen   E-value  score  bias   #  of  c-Evalue  i-Evalue  score  bias  from    to  from    to  from    to  acc description of target
#                    ------------------- ---------- ----- -------------------- ---------- ----- --------- ------ ----- --- --- --------- --------- ------ ----- ----- ----- ----- ----- ----- ----- ---- ---------------------
wRi_Merrill23_polished:824392-825015|-   -            208 2960at766            -            170   3.1e-63  208.8   1.1   1   1   4.6e-63   3.2e-61  202.3   1.1     1   166     1   190     1   194 0.87 wRi_Merrill23_polished_804 # 824392 # 825015 # -1 # ID=1_804;partial=00;start_type=ATG;rbs_motif=3Base/5BMM;rbs_spacer=13-15bp;gc_cont=0.364
wRi_Merrill23_polished:901578-902219|-   -            214 2960at766            -            170   5.2e-24   81.2   0.2   1   1     1e-25     7e-24   80.8   0.2     5   165     8   177     1   181 0.86 wRi_Merrill23_polished_865 # 901578 # 902219 # -1 # ID=1_865;partial=00;start_type=ATG;rbs_motif=GGA/GAG/AGG;rbs_spacer=5-10bp;gc_cont=0.315
wRi_Merrill23_polished:1085138-1085911|- -            258 2960at766            -            170   1.2e-20   70.2   3.5   1   2   3.6e-08   2.5e-06   23.6   0.8    10    48    14    53     9    80 0.79 wRi_Merrill23_polished_1044 # 1085138 # 1085911 # -1 # ID=1_1044;partial=00;start_type=ATG;rbs_motif=None;rbs_spacer=None;gc_cont=0.335
wRi_Merrill23_polished:1085138-1085911|- -            258 2960at766            -            170   1.2e-20   70.2   3.5   2   2   1.8e-15   1.2e-13   47.4   0.1    55   163    81   195    65   201 0.76 wRi_Merrill23_polished_1044 # 1085138 # 1085911 # -1 # ID=1_1044;partial=00;start_type=ATG;rbs_motif=None;rbs_spacer=None;gc_cont=0.335
wRi_Merrill23_polished:222954-223649|-   -            232 2960at766            -            170   1.9e-20   69.5   2.2   1   1   3.9e-22   2.7e-20   69.1   2.2     9   163    19   189     9   193 0.80 wRi_Merrill23_polished_216 # 222954 # 223649 # -1 # ID=1_216;partial=00;start_type=TTG;rbs_motif=None;rbs_spacer=None;gc_cont=0.326
wRi_Merrill23_polished:174729-175430|-   -            234 2960at766            -            170   3.2e-20   68.8   0.4   1   1   8.4e-22   5.9e-20   68.0   0.4     9   162    16   190     8   198 0.72 wRi_Merrill23_polished_163 # 174729 # 175430 # -1 # ID=1_163;partial=00;start_type=ATG;rbs_motif=None;rbs_spacer=None;gc_cont=0.323
wRi_Merrill23_polished:482310-482984|+   -            225 2960at766            -            170   4.4e-17   58.6   1.8   1   2     1e-07   7.1e-06   22.2   0.3     6    47    15    56    11    80 0.84 wRi_Merrill23_polished_466 # 482310 # 482984 # 1 # ID=1_466;partial=00;start_type=ATG;rbs_motif=GGA/GAG/AGG;rbs_spacer=5-10bp;gc_cont=0.370
wRi_Merrill23_polished:482310-482984|+   -            225 2960at766            -            170   4.4e-17   58.6   1.8   2   2   5.6e-12     4e-10   36.0   0.1    54   164    87   205    80   210 0.76 wRi_Merrill23_polished_466 # 482310 # 482984 # 1 # ID=1_466;partial=00;start_type=ATG;rbs_motif=GGA/GAG/AGG;rbs_spacer=5-10bp;gc_cont=0.370
wRi_Merrill23_polished:732683-733441|+   -            253 2960at766            -            170   1.8e-15   53.4   0.6   1   2   4.9e-06   0.00034   16.7   0.0    10    44    18    52    11    65 0.81 wRi_Merrill23_polished_705 # 732683 # 733441 # 1 # ID=1_705;partial=00;start_type=ATG;rbs_motif=AGGA;rbs_spacer=5-10bp;gc_cont=0.362
wRi_Merrill23_polished:732683-733441|+   -            253 2960at766            -            170   1.8e-15   53.4   0.6   2   2   1.1e-11     8e-10   35.0   0.2    97   166   143   213   114   216 0.78 wRi_Merrill23_polished_705 # 732683 # 733441 # 1 # ID=1_705;partial=00;start_type=ATG;rbs_motif=AGGA;rbs_spacer=5-10bp;gc_cont=0.362
wRi_Merrill23_polished:766697-768406|+   -            570 2960at766            -            170   4.3e-13   45.6   4.1   1   3       4.6   3.2e+02   -2.8   0.1    39    71   239   271   236   275 0.82 wRi_Merrill23_polished_742 # 766697 # 768406 # 1 # ID=1_742;partial=00;start_type=ATG;rbs_motif=None;rbs_spacer=None;gc_cont=0.354
wRi_Merrill23_polished:766697-768406|+   -            570 2960at766            -            170   4.3e-13   45.6   4.1   2   3   6.2e-06   0.00044   16.3   0.0     9    47   345   384   340   403 0.78 wRi_Merrill23_polished_742 # 766697 # 768406 # 1 # ID=1_742;partial=00;start_type=ATG;rbs_motif=None;rbs_spacer=None;gc_cont=0.354
wRi_Merrill23_polished:766697-768406|+   -            570 2960at766            -            170   4.3e-13   45.6   4.1   3   3   4.8e-10   3.4e-08   29.7   0.1   103   162   469   529   459   536 0.77 wRi_Merrill23_polished_742 # 766697 # 768406 # 1 # ID=1_742;partial=00;start_type=ATG;rbs_motif=None;rbs_spacer=None;gc_cont=0.354
wRi_Merrill23_polished:54722-56497|-     -            592 2960at766            -            170     2e-11   40.2   0.6   1   1   5.4e-11   3.8e-09   32.8   0.6     8   162   358   542   348   549 0.67 wRi_Merrill23_polished_50 # 54722 # 56497 # -1 # ID=1_50;partial=00;start_type=ATG;rbs_motif=3Base/5BMM;rbs_spacer=13-15bp;gc_cont=0.317
wRi_Merrill23_polished:561185-562960|-   -            592 2960at766            -            170     2e-11   40.2   0.6   1   1   5.4e-11   3.8e-09   32.8   0.6     8   162   358   542   348   549 0.67 wRi_Merrill23_polished_538 # 561185 # 562960 # -1 # ID=1_538;partial=00;start_type=ATG;rbs_motif=3Base/5BMM;rbs_spacer=13-15bp;gc_cont=0.317
wRi_Merrill23_polished:677944-679725|-   -            594 2960at766            -            170   6.5e-11   38.5   0.7   1   2    0.0018      0.13    8.3   0.1    10    46   356   393   348   403 0.83 wRi_Merrill23_polished_655 # 677944 # 679725 # -1 # ID=1_655;partial=00;start_type=ATG;rbs_motif=GGA/GAG/AGG;rbs_spacer=5-10bp;gc_cont=0.352
wRi_Merrill23_polished:677944-679725|-   -            594 2960at766            -            170   6.5e-11   38.5   0.7   2   2   1.4e-09     1e-07   28.2   0.1   102   161   478   538   432   546 0.82 wRi_Merrill23_polished_655 # 677944 # 679725 # -1 # ID=1_655;partial=00;start_type=ATG;rbs_motif=GGA/GAG/AGG;rbs_spacer=5-10bp;gc_cont=0.352
wRi_Merrill23_polished:523853-525598|-   -            582 2960at766            -            170   9.7e-11   38.0   0.0   1   2    0.0092      0.65    6.0   0.0    10    46   349   386   343   396 0.84 wRi_Merrill23_polished_502 # 523853 # 525598 # -1 # ID=1_502;partial=00;start_type=GTG;rbs_motif=GGAG/GAGG;rbs_spacer=5-10bp;gc_cont=0.377
wRi_Merrill23_polished:523853-525598|-   -            582 2960at766            -            170   9.7e-11   38.0   0.0   2   2   5.9e-10   4.1e-08   29.4   0.0   104   162   474   534   471   541 0.80 wRi_Merrill23_polished_502 # 523853 # 525598 # -1 # ID=1_502;partial=00;start_type=GTG;rbs_motif=GGAG/GAGG;rbs_spacer=5-10bp;gc_cont=0.377
wRi_Merrill23_polished:233797-236592|-   -            932 2960at766            -            170   1.6e-10   37.3   6.0   1   4      0.15        10    2.1   0.0    20    39    21    41    10    57 0.75 wRi_Merrill23_polished_227 # 233797 # 236592 # -1 # ID=1_227;partial=00;start_type=ATG;rbs_motif=None;rbs_spacer=None;gc_cont=0.379
wRi_Merrill23_polished:233797-236592|-   -            932 2960at766            -            170   1.6e-10   37.3   6.0   2   4   4.2e-05    0.0029   13.6   0.1    99   165   474   543   449   547 0.74 wRi_Merrill23_polished_227 # 233797 # 236592 # -1 # ID=1_227;partial=00;start_type=ATG;rbs_motif=None;rbs_spacer=None;gc_cont=0.379
wRi_Merrill23_polished:233797-236592|-   -            932 2960at766            -            170   1.6e-10   37.3   6.0   3   4     0.075       5.3    3.0   0.1    12    40   612   641   604   655 0.80 wRi_Merrill23_polished_227 # 233797 # 236592 # -1 # ID=1_227;partial=00;start_type=ATG;rbs_motif=None;rbs_spacer=None;gc_cont=0.379
wRi_Merrill23_polished:233797-236592|-   -            932 2960at766            -            170   1.6e-10   37.3   6.0   4   4   1.7e-06   0.00012   18.2   0.1    65   164   779   883   766   888 0.74 wRi_Merrill23_polished_227 # 233797 # 236592 # -1 # ID=1_227;partial=00;start_type=ATG;rbs_motif=None;rbs_spacer=None;gc_cont=0.379
wRi_Merrill23_polished:1228677-1229774|- -            366 2960at766            -            170   5.2e-05   19.3   3.0   1   3   1.7e-05    0.0012   14.9   0.1    15    47    19    51     9    56 0.85 wRi_Merrill23_polished_1179 # 1228677 # 1229774 # -1 # ID=1_1179;partial=00;start_type=ATG;rbs_motif=None;rbs_spacer=None;gc_cont=0.333
wRi_Merrill23_polished:1228677-1229774|- -            366 2960at766            -            170   5.2e-05   19.3   3.0   2   3       4.5   3.1e+02   -2.7   0.0    52    85   151   184   137   201 0.62 wRi_Merrill23_polished_1179 # 1228677 # 1229774 # -1 # ID=1_1179;partial=00;start_type=ATG;rbs_motif=None;rbs_spacer=None;gc_cont=0.333
wRi_Merrill23_polished:1228677-1229774|- -            366 2960at766            -            170   5.2e-05   19.3   3.0   3   3     0.038       2.6    4.0   0.1   117   151   296   333   270   339 0.76 wRi_Merrill23_polished_1179 # 1228677 # 1229774 # -1 # ID=1_1179;partial=00;start_type=ATG;rbs_motif=None;rbs_spacer=None;gc_cont=0.333
wRi_Merrill23_polished:674185-675462|+   -            426 2960at766            -            170    0.0015   14.6   0.2   1   2   7.2e-05    0.0051   12.9   0.0    19    46   111   138    94   145 0.83 wRi_Merrill23_polished_653 # 674185 # 675462 # 1 # ID=1_653;partial=00;start_type=ATG;rbs_motif=GGA/GAG/AGG;rbs_spacer=5-10bp;gc_cont=0.367
wRi_Merrill23_polished:674185-675462|+   -            426 2960at766            -            170    0.0015   14.6   0.2   2   2       4.9   3.5e+02   -2.9   0.1    14    49   344   379   335   400 0.65 wRi_Merrill23_polished_653 # 674185 # 675462 # 1 # ID=1_653;partial=00;start_type=ATG;rbs_motif=GGA/GAG/AGG;rbs_spacer=5-10bp;gc_cont=0.367
wRi_Merrill23_polished:967829-970390|+   -            854 2960at766            -            170    0.0018   14.3   0.0   1   2    0.0039      0.27    7.2   0.0    16    45   194   223   186   230 0.86 wRi_Merrill23_polished_929 # 967829 # 970390 # 1 # ID=1_929;partial=00;start_type=ATG;rbs_motif=None;rbs_spacer=None;gc_cont=0.377
wRi_Merrill23_polished:967829-970390|+   -            854 2960at766            -            170    0.0018   14.3   0.0   2   2     0.037       2.6    4.0   0.0    24    47   598   621   593   627 0.89 wRi_Merrill23_polished_929 # 967829 # 970390 # 1 # ID=1_929;partial=00;start_type=ATG;rbs_motif=None;rbs_spacer=None;gc_cont=0.377
wRi_Merrill23_polished:879950-881047|-   -            366 2960at766            -            170    0.0036   13.3   0.2   1   2   0.00015     0.011   11.8   0.1     1    60   112   178   112   190 0.71 wRi_Merrill23_polished_845 # 879950 # 881047 # -1 # ID=1_845;partial=00;start_type=ATG;rbs_motif=GGA/GAG/AGG;rbs_spacer=5-10bp;gc_cont=0.360
wRi_Merrill23_polished:879950-881047|-   -            366 2960at766            -            170    0.0036   13.3   0.2   2   2         3   2.1e+02   -2.2   0.0   101   116   314   329   307   330 0.74 wRi_Merrill23_polished_845 # 879950 # 881047 # -1 # ID=1_845;partial=00;start_type=ATG;rbs_motif=GGA/GAG/AGG;rbs_spacer=5-10bp;gc_cont=0.360
wRi_Merrill23_polished:357554-358351|+   -            266 2960at766            -            170     0.013   11.5   0.0   1   1   0.00042      0.03   10.4   0.0    21    44    15    38     4    42 0.82 wRi_Merrill23_polished_349 # 357554 # 358351 # 1 # ID=1_349;partial=00;start_type=ATG;rbs_motif=GGA/GAG/AGG;rbs_spacer=5-10bp;gc_cont=0.392
#
# Program:         hmmsearch
# Version:         3.4 (Aug 2023)
# Pipeline mode:   SEARCH
# Query file:      /private/groups/russelllab/jodie/Jacobs_et_al_2026_de_novo_wRi_merrill_23_assembly/busco_downloads/lineages/rickettsiales_odb10/hmms/2960at766.hmm
# Target file:     private/groups/russelllab/jodie/Jacobs_et_al_2026_de_novo_wRi_merrill_23_assembly/busco/20251218_Merrill23_wRi/wRi/polished/prodigal_output/predicted_genes/predicted.faa
# Option settings: hmmsearch --domtblout private/groups/russelllab/jodie/Jacobs_et_al_2026_de_novo_wRi_merrill_23_assembly/busco/20251218_Merrill23_wRi/wRi/polished/run_rickettsiales_odb10/hmmer_output/2960at766.out --cpu 1 /private/groups/russelllab/jodie/Jacobs_et_al_2026_de_novo_wRi_merrill_23_assembly/busco_downloads/lineages/rickettsiales_odb10/hmms/2960at766.hmm private/groups/russelllab/jodie/Jacobs_et_al_2026_de_novo_wRi_merrill_23_assembly/busco/20251218_Merrill23_wRi/wRi/polished/prodigal_output/predicted_genes/predicted.faa 
# Current dir:     /private/groups/russelllab/jodie/Jacobs_et_al_2026_de_novo_wRi_merrill_23_assembly
# Date:            Fri Jan 16 13:08:21 2026
# [ok]
