#                                                                                                --- full sequence --- -------------- this domain -------------   hmm coord   ali coord   env coord
# target name                            accession   tlen query name           accession   qlen   E-value  score  bias   #  of  c-Evalue  i-Evalue  score  bias  from    to  from    to  from    to  acc description of target
#                    ------------------- ---------- ----- -------------------- ---------- ----- --------- ------ ----- --- --- --------- --------- ------ ----- ----- ----- ----- ----- ----- ----- ---- ---------------------
wRi_Merrill23_polished:482310-482984|+   -            225 3233at766            -            175   9.2e-71  233.3   5.8   1   1   1.4e-70   1.4e-68  226.2   5.8     2   175     7   216     6   216 0.86 wRi_Merrill23_polished_466 # 482310 # 482984 # 1 # ID=1_466;partial=00;start_type=ATG;rbs_motif=GGA/GAG/AGG;rbs_spacer=5-10bp;gc_cont=0.370
wRi_Merrill23_polished:901578-902219|-   -            214 3233at766            -            175   4.4e-35  117.1   0.1   1   1   7.9e-37   7.7e-35  116.4   0.1     2   170     2   182     1   188 0.84 wRi_Merrill23_polished_865 # 901578 # 902219 # -1 # ID=1_865;partial=00;start_type=ATG;rbs_motif=GGA/GAG/AGG;rbs_spacer=5-10bp;gc_cont=0.315
wRi_Merrill23_polished:174729-175430|-   -            234 3233at766            -            175   1.7e-29   98.9   1.0   1   1   2.2e-30   2.1e-28   95.4   1.0     6   169    10   197     5   204 0.79 wRi_Merrill23_polished_163 # 174729 # 175430 # -1 # ID=1_163;partial=00;start_type=ATG;rbs_motif=None;rbs_spacer=None;gc_cont=0.323
wRi_Merrill23_polished:1085138-1085911|- -            258 3233at766            -            175   1.2e-28   96.2   4.7   1   1   7.2e-30     7e-28   93.7   4.7    14   170    17   202     2   208 0.83 wRi_Merrill23_polished_1044 # 1085138 # 1085911 # -1 # ID=1_1044;partial=00;start_type=ATG;rbs_motif=None;rbs_spacer=None;gc_cont=0.335
wRi_Merrill23_polished:766697-768406|+   -            570 3233at766            -            175   1.1e-23   80.0   1.1   1   2   8.7e-11   8.4e-09   31.6   0.0    14    58   349   393   339   432 0.78 wRi_Merrill23_polished_742 # 766697 # 768406 # 1 # ID=1_742;partial=00;start_type=ATG;rbs_motif=None;rbs_spacer=None;gc_cont=0.354
wRi_Merrill23_polished:766697-768406|+   -            570 3233at766            -            175   1.1e-23   80.0   1.1   2   2   2.5e-15   2.4e-13   46.3   0.3   102   174   470   540   462   541 0.92 wRi_Merrill23_polished_742 # 766697 # 768406 # 1 # ID=1_742;partial=00;start_type=ATG;rbs_motif=None;rbs_spacer=None;gc_cont=0.354
wRi_Merrill23_polished:732683-733441|+   -            253 3233at766            -            175   1.4e-23   79.6   0.1   1   2   1.1e-07   1.1e-05   21.4   0.0    12    68    18    76     8   116 0.82 wRi_Merrill23_polished_705 # 732683 # 733441 # 1 # ID=1_705;partial=00;start_type=ATG;rbs_motif=AGGA;rbs_spacer=5-10bp;gc_cont=0.362
wRi_Merrill23_polished:732683-733441|+   -            253 3233at766            -            175   1.4e-23   79.6   0.1   2   2   2.1e-18   2.1e-16   56.3   0.2   101   170   149   216    67   221 0.89 wRi_Merrill23_polished_705 # 732683 # 733441 # 1 # ID=1_705;partial=00;start_type=ATG;rbs_motif=AGGA;rbs_spacer=5-10bp;gc_cont=0.362
wRi_Merrill23_polished:222954-223649|-   -            232 3233at766            -            175   6.1e-20   67.8   1.8   1   1   5.1e-21   4.9e-19   64.9   1.8     3   164    10   190     8   201 0.79 wRi_Merrill23_polished_216 # 222954 # 223649 # -1 # ID=1_216;partial=00;start_type=TTG;rbs_motif=None;rbs_spacer=None;gc_cont=0.326
wRi_Merrill23_polished:677944-679725|-   -            594 3233at766            -            175   4.6e-19   65.0   0.5   1   2   4.9e-07   4.7e-05   19.4   0.0     4    56   346   401   343   418 0.80 wRi_Merrill23_polished_655 # 677944 # 679725 # -1 # ID=1_655;partial=00;start_type=ATG;rbs_motif=GGA/GAG/AGG;rbs_spacer=5-10bp;gc_cont=0.352
wRi_Merrill23_polished:677944-679725|-   -            594 3233at766            -            175   4.6e-19   65.0   0.5   2   2   1.8e-14   1.8e-12   43.5   0.1   101   173   479   549   473   551 0.90 wRi_Merrill23_polished_655 # 677944 # 679725 # -1 # ID=1_655;partial=00;start_type=ATG;rbs_motif=GGA/GAG/AGG;rbs_spacer=5-10bp;gc_cont=0.352
wRi_Merrill23_polished:54722-56497|-     -            592 3233at766            -            175   2.5e-18   62.6   1.0   1   2   5.7e-07   5.5e-05   19.1   0.2     5    80   351   427   348   462 0.67 wRi_Merrill23_polished_50 # 54722 # 56497 # -1 # ID=1_50;partial=00;start_type=ATG;rbs_motif=3Base/5BMM;rbs_spacer=13-15bp;gc_cont=0.317
wRi_Merrill23_polished:54722-56497|-     -            592 3233at766            -            175   2.5e-18   62.6   1.0   2   2   9.2e-14   8.9e-12   41.2   0.0   102   173   484   553   475   555 0.86 wRi_Merrill23_polished_50 # 54722 # 56497 # -1 # ID=1_50;partial=00;start_type=ATG;rbs_motif=3Base/5BMM;rbs_spacer=13-15bp;gc_cont=0.317
wRi_Merrill23_polished:561185-562960|-   -            592 3233at766            -            175   2.5e-18   62.6   1.0   1   2   5.7e-07   5.5e-05   19.1   0.2     5    80   351   427   348   462 0.67 wRi_Merrill23_polished_538 # 561185 # 562960 # -1 # ID=1_538;partial=00;start_type=ATG;rbs_motif=3Base/5BMM;rbs_spacer=13-15bp;gc_cont=0.317
wRi_Merrill23_polished:561185-562960|-   -            592 3233at766            -            175   2.5e-18   62.6   1.0   2   2   9.2e-14   8.9e-12   41.2   0.0   102   173   484   553   475   555 0.86 wRi_Merrill23_polished_538 # 561185 # 562960 # -1 # ID=1_538;partial=00;start_type=ATG;rbs_motif=3Base/5BMM;rbs_spacer=13-15bp;gc_cont=0.317
wRi_Merrill23_polished:233797-236592|-   -            932 3233at766            -            175   9.1e-18   60.8   5.6   1   4    0.0017      0.16    7.8   0.0    15    41    15    41     4    47 0.90 wRi_Merrill23_polished_227 # 233797 # 236592 # -1 # ID=1_227;partial=00;start_type=ATG;rbs_motif=None;rbs_spacer=None;gc_cont=0.379
wRi_Merrill23_polished:233797-236592|-   -            932 3233at766            -            175   9.1e-18   60.8   5.6   2   4   9.5e-06   0.00092   15.1   0.0    99   171   476   549   447   553 0.76 wRi_Merrill23_polished_227 # 233797 # 236592 # -1 # ID=1_227;partial=00;start_type=ATG;rbs_motif=None;rbs_spacer=None;gc_cont=0.379
wRi_Merrill23_polished:233797-236592|-   -            932 3233at766            -            175   9.1e-18   60.8   5.6   3   4   0.00015     0.014   11.3   0.1     4    42   603   641   600   655 0.84 wRi_Merrill23_polished_227 # 233797 # 236592 # -1 # ID=1_227;partial=00;start_type=ATG;rbs_motif=None;rbs_spacer=None;gc_cont=0.379
wRi_Merrill23_polished:233797-236592|-   -            932 3233at766            -            175   9.1e-18   60.8   5.6   4   4   3.6e-09   3.5e-07   26.3   0.0   100   174   817   893   791   894 0.86 wRi_Merrill23_polished_227 # 233797 # 236592 # -1 # ID=1_227;partial=00;start_type=ATG;rbs_motif=None;rbs_spacer=None;gc_cont=0.379
wRi_Merrill23_polished:523853-525598|-   -            582 3233at766            -            175   1.9e-16   56.4   0.9   1   2   1.2e-06   0.00012   18.0   0.2    15    57   353   395   347   399 0.90 wRi_Merrill23_polished_502 # 523853 # 525598 # -1 # ID=1_502;partial=00;start_type=GTG;rbs_motif=GGAG/GAGG;rbs_spacer=5-10bp;gc_cont=0.377
wRi_Merrill23_polished:523853-525598|-   -            582 3233at766            -            175   1.9e-16   56.4   0.9   2   2   2.7e-12   2.7e-10   36.4   0.0   102   173   474   544   471   546 0.91 wRi_Merrill23_polished_502 # 523853 # 525598 # -1 # ID=1_502;partial=00;start_type=GTG;rbs_motif=GGAG/GAGG;rbs_spacer=5-10bp;gc_cont=0.377
wRi_Merrill23_polished:824392-825015|-   -            208 3233at766            -            175   2.5e-14   49.6   0.0   1   1     2e-15   1.9e-13   46.7   0.0    12   162    14   186     3   195 0.71 wRi_Merrill23_polished_804 # 824392 # 825015 # -1 # ID=1_804;partial=00;start_type=ATG;rbs_motif=3Base/5BMM;rbs_spacer=13-15bp;gc_cont=0.364
#
# Program:         hmmsearch
# Version:         3.4 (Aug 2023)
# Pipeline mode:   SEARCH
# Query file:      /private/groups/russelllab/jodie/Jacobs_et_al_2026_de_novo_wRi_merrill_23_assembly/busco_downloads/lineages/rickettsiales_odb10/hmms/3233at766.hmm
# Target file:     private/groups/russelllab/jodie/Jacobs_et_al_2026_de_novo_wRi_merrill_23_assembly/busco/20251218_Merrill23_wRi/wRi/polished/prodigal_output/predicted_genes/predicted.faa
# Option settings: hmmsearch --domtblout private/groups/russelllab/jodie/Jacobs_et_al_2026_de_novo_wRi_merrill_23_assembly/busco/20251218_Merrill23_wRi/wRi/polished/run_rickettsiales_odb10/hmmer_output/3233at766.out --cpu 1 /private/groups/russelllab/jodie/Jacobs_et_al_2026_de_novo_wRi_merrill_23_assembly/busco_downloads/lineages/rickettsiales_odb10/hmms/3233at766.hmm private/groups/russelllab/jodie/Jacobs_et_al_2026_de_novo_wRi_merrill_23_assembly/busco/20251218_Merrill23_wRi/wRi/polished/prodigal_output/predicted_genes/predicted.faa 
# Current dir:     /private/groups/russelllab/jodie/Jacobs_et_al_2026_de_novo_wRi_merrill_23_assembly
# Date:            Fri Jan 16 13:08:23 2026
# [ok]
