#                                                                                                --- full sequence --- -------------- this domain -------------   hmm coord   ali coord   env coord
# target name                            accession   tlen query name           accession   qlen   E-value  score  bias   #  of  c-Evalue  i-Evalue  score  bias  from    to  from    to  from    to  acc description of target
#                    ------------------- ---------- ----- -------------------- ---------- ----- --------- ------ ----- --- --- --------- --------- ------ ----- ----- ----- ----- ----- ----- ----- ---- ---------------------
wRi_Merrill23_polished:715925-717571|+   -            549 384at766             -            392    1e-189  626.8  12.7   1   3  1.8e-109  5.7e-107  354.4   3.6     1   213     7   243     7   253 0.90 wRi_Merrill23_polished_690 # 715925 # 717571 # 1 # ID=1_690;partial=00;start_type=ATG;rbs_motif=None;rbs_spacer=None;gc_cont=0.400
wRi_Merrill23_polished:715925-717571|+   -            549 384at766             -            392    1e-189  626.8  12.7   2   3     7e-67   2.2e-64  214.2   0.0   210   326   290   406   266   422 0.93 wRi_Merrill23_polished_690 # 715925 # 717571 # 1 # ID=1_690;partial=00;start_type=ATG;rbs_motif=None;rbs_spacer=None;gc_cont=0.400
wRi_Merrill23_polished:715925-717571|+   -            549 384at766             -            392    1e-189  626.8  12.7   3   3   8.5e-21   2.7e-18   62.4   0.5   328   388   449   514   427   520 0.88 wRi_Merrill23_polished_690 # 715925 # 717571 # 1 # ID=1_690;partial=00;start_type=ATG;rbs_motif=None;rbs_spacer=None;gc_cont=0.400
wRi_Merrill23_polished:891013-893484|+   -            824 384at766             -            392   1.4e-16   56.7   2.0   1   2     6e-07   0.00019   16.8   0.1     2    87    36   124    35   150 0.77 wRi_Merrill23_polished_857 # 891013 # 893484 # 1 # ID=1_857;partial=00;start_type=ATG;rbs_motif=GGA/GAG/AGG;rbs_spacer=5-10bp;gc_cont=0.384
wRi_Merrill23_polished:891013-893484|+   -            824 384at766             -            392   1.4e-16   56.7   2.0   2   2   1.2e-13   3.6e-11   38.9   0.4   218   341   510   633   498   662 0.78 wRi_Merrill23_polished_857 # 891013 # 893484 # 1 # ID=1_857;partial=00;start_type=ATG;rbs_motif=GGA/GAG/AGG;rbs_spacer=5-10bp;gc_cont=0.384
wRi_Merrill23_polished:1129213-1131729|- -            839 384at766             -            392   3.2e-10   35.8   0.3   1   2   6.6e-05     0.021   10.1   0.1     9   149    37   200    29   240 0.64 wRi_Merrill23_polished_1097 # 1129213 # 1131729 # -1 # ID=1_1097;partial=00;start_type=ATG;rbs_motif=GGA/GAG/AGG;rbs_spacer=5-10bp;gc_cont=0.386
wRi_Merrill23_polished:1129213-1131729|- -            839 384at766             -            392   3.2e-10   35.8   0.3   2   2   4.2e-08   1.3e-05   20.6   0.0   239   297   594   654   578   671 0.86 wRi_Merrill23_polished_1097 # 1129213 # 1131729 # -1 # ID=1_1097;partial=00;start_type=ATG;rbs_motif=GGA/GAG/AGG;rbs_spacer=5-10bp;gc_cont=0.386
wRi_Merrill23_polished:835291-838602|+   -           1104 384at766             -            392     4e-08   28.9   5.7   1   4   6.8e-05     0.021   10.1   0.1     9   152    53   207    48   220 0.72 wRi_Merrill23_polished_813 # 835291 # 838602 # 1 # ID=1_813;partial=00;start_type=ATG;rbs_motif=None;rbs_spacer=None;gc_cont=0.368
wRi_Merrill23_polished:835291-838602|+   -           1104 384at766             -            392     4e-08   28.9   5.7   2   4      0.14        43   -0.8   0.1   130   186   446   503   426   516 0.78 wRi_Merrill23_polished_813 # 835291 # 838602 # 1 # ID=1_813;partial=00;start_type=ATG;rbs_motif=None;rbs_spacer=None;gc_cont=0.368
wRi_Merrill23_polished:835291-838602|+   -           1104 384at766             -            392     4e-08   28.9   5.7   3   4   1.2e-07   3.8e-05   19.1   0.0   239   285   621   668   588   700 0.78 wRi_Merrill23_polished_813 # 835291 # 838602 # 1 # ID=1_813;partial=00;start_type=ATG;rbs_motif=None;rbs_spacer=None;gc_cont=0.368
wRi_Merrill23_polished:835291-838602|+   -           1104 384at766             -            392     4e-08   28.9   5.7   4   4      0.35   1.1e+02   -2.2   0.2   271   342   981  1055   975  1079 0.67 wRi_Merrill23_polished_813 # 835291 # 838602 # 1 # ID=1_813;partial=00;start_type=ATG;rbs_motif=None;rbs_spacer=None;gc_cont=0.368
#
# Program:         hmmsearch
# Version:         3.4 (Aug 2023)
# Pipeline mode:   SEARCH
# Query file:      /private/groups/russelllab/jodie/Jacobs_et_al_2026_de_novo_wRi_merrill_23_assembly/busco_downloads/lineages/rickettsiales_odb10/hmms/384at766.hmm
# Target file:     private/groups/russelllab/jodie/Jacobs_et_al_2026_de_novo_wRi_merrill_23_assembly/busco/20251218_Merrill23_wRi/wRi/polished/prodigal_output/predicted_genes/predicted.faa
# Option settings: hmmsearch --domtblout private/groups/russelllab/jodie/Jacobs_et_al_2026_de_novo_wRi_merrill_23_assembly/busco/20251218_Merrill23_wRi/wRi/polished/run_rickettsiales_odb10/hmmer_output/384at766.out --cpu 1 /private/groups/russelllab/jodie/Jacobs_et_al_2026_de_novo_wRi_merrill_23_assembly/busco_downloads/lineages/rickettsiales_odb10/hmms/384at766.hmm private/groups/russelllab/jodie/Jacobs_et_al_2026_de_novo_wRi_merrill_23_assembly/busco/20251218_Merrill23_wRi/wRi/polished/prodigal_output/predicted_genes/predicted.faa 
# Current dir:     /private/groups/russelllab/jodie/Jacobs_et_al_2026_de_novo_wRi_merrill_23_assembly
# Date:            Fri Jan 16 13:08:23 2026
# [ok]
