#                                                                                                --- full sequence --- -------------- this domain -------------   hmm coord   ali coord   env coord
# target name                            accession   tlen query name           accession   qlen   E-value  score  bias   #  of  c-Evalue  i-Evalue  score  bias  from    to  from    to  from    to  acc description of target
#                    ------------------- ---------- ----- -------------------- ---------- ----- --------- ------ ----- --- --- --------- --------- ------ ----- ----- ----- ----- ----- ----- ----- ---- ---------------------
wRi_Merrill23_polished:1081906-1083279|- -            458 431at766             -            350  6.5e-152  501.8  15.0   1   3  1.2e-149  5.2e-147  485.6   3.7     2   288     3   324     2   339 0.90 wRi_Merrill23_polished_1040 # 1081906 # 1083279 # -1 # ID=1_1040;partial=00;start_type=ATG;rbs_motif=None;rbs_spacer=None;gc_cont=0.338
wRi_Merrill23_polished:1081906-1083279|- -            458 431at766             -            350  6.5e-152  501.8  15.0   2   3   3.9e-05     0.016   10.4   0.4   276   327   334   385   322   394 0.73 wRi_Merrill23_polished_1040 # 1081906 # 1083279 # -1 # ID=1_1040;partial=00;start_type=ATG;rbs_motif=None;rbs_spacer=None;gc_cont=0.338
wRi_Merrill23_polished:1081906-1083279|- -            458 431at766             -            350  6.5e-152  501.8  15.0   3   3   3.4e-06    0.0014   13.9   0.3   315   344   416   448   411   457 0.73 wRi_Merrill23_polished_1040 # 1081906 # 1083279 # -1 # ID=1_1040;partial=00;start_type=ATG;rbs_motif=None;rbs_spacer=None;gc_cont=0.338
wRi_Merrill23_polished:715925-717571|+   -            549 431at766             -            350   1.8e-07   26.7   0.1   1   2   3.6e-06    0.0015   13.8   0.0    12    87     2    77     1   125 0.82 wRi_Merrill23_polished_690 # 715925 # 717571 # 1 # ID=1_690;partial=00;start_type=ATG;rbs_motif=None;rbs_spacer=None;gc_cont=0.400
wRi_Merrill23_polished:715925-717571|+   -            549 431at766             -            350   1.8e-07   26.7   0.1   2   2   3.3e-05     0.014   10.6   0.0   179   272   281   372   268   396 0.67 wRi_Merrill23_polished_690 # 715925 # 717571 # 1 # ID=1_690;partial=00;start_type=ATG;rbs_motif=None;rbs_spacer=None;gc_cont=0.400
wRi_Merrill23_polished:773027-774700|+   -            558 431at766             -            350   1.6e-05   20.3   0.3   1   2    0.0019      0.79    4.9   0.0    28    62   124   158   108   177 0.82 wRi_Merrill23_polished_747 # 773027 # 774700 # 1 # ID=1_747;partial=00;start_type=TTG;rbs_motif=3Base/5BMM;rbs_spacer=13-15bp;gc_cont=0.381
wRi_Merrill23_polished:773027-774700|+   -            558 431at766             -            350   1.6e-05   20.3   0.3   2   2   5.6e-06    0.0024   13.2   0.0   229   282   375   427   355   434 0.85 wRi_Merrill23_polished_747 # 773027 # 774700 # 1 # ID=1_747;partial=00;start_type=TTG;rbs_motif=3Base/5BMM;rbs_spacer=13-15bp;gc_cont=0.381
#
# Program:         hmmsearch
# Version:         3.4 (Aug 2023)
# Pipeline mode:   SEARCH
# Query file:      /private/groups/russelllab/jodie/Jacobs_et_al_2026_de_novo_wRi_merrill_23_assembly/busco_downloads/lineages/rickettsiales_odb10/hmms/431at766.hmm
# Target file:     private/groups/russelllab/jodie/Jacobs_et_al_2026_de_novo_wRi_merrill_23_assembly/busco/20251218_Merrill23_wRi/wRi/polished/prodigal_output/predicted_genes/predicted.faa
# Option settings: hmmsearch --domtblout private/groups/russelllab/jodie/Jacobs_et_al_2026_de_novo_wRi_merrill_23_assembly/busco/20251218_Merrill23_wRi/wRi/polished/run_rickettsiales_odb10/hmmer_output/431at766.out --cpu 1 /private/groups/russelllab/jodie/Jacobs_et_al_2026_de_novo_wRi_merrill_23_assembly/busco_downloads/lineages/rickettsiales_odb10/hmms/431at766.hmm private/groups/russelllab/jodie/Jacobs_et_al_2026_de_novo_wRi_merrill_23_assembly/busco/20251218_Merrill23_wRi/wRi/polished/prodigal_output/predicted_genes/predicted.faa 
# Current dir:     /private/groups/russelllab/jodie/Jacobs_et_al_2026_de_novo_wRi_merrill_23_assembly
# Date:            Fri Jan 16 13:08:23 2026
# [ok]
