#                                                                                                --- full sequence --- -------------- this domain -------------   hmm coord   ali coord   env coord
# target name                            accession   tlen query name           accession   qlen   E-value  score  bias   #  of  c-Evalue  i-Evalue  score  bias  from    to  from    to  from    to  acc description of target
#                    ------------------- ---------- ----- -------------------- ---------- ----- --------- ------ ----- --- --- --------- --------- ------ ----- ----- ----- ----- ----- ----- ----- ---- ---------------------
wRi_Merrill23_polished:1266763-1268088|- -            442 452at766             -            327  3.4e-113  374.4   9.0   1   2   1.3e-79   2.4e-77  256.6   6.2     1   225     3   300     3   318 0.85 wRi_Merrill23_polished_1220 # 1266763 # 1268088 # -1 # ID=1_1220;partial=00;start_type=ATG;rbs_motif=None;rbs_spacer=None;gc_cont=0.373
wRi_Merrill23_polished:1266763-1268088|- -            442 452at766             -            327  3.4e-113  374.4   9.0   2   2     1e-34   1.8e-32  109.1   0.0   225   327   323   439   316   439 0.93 wRi_Merrill23_polished_1220 # 1266763 # 1268088 # -1 # ID=1_1220;partial=00;start_type=ATG;rbs_motif=None;rbs_spacer=None;gc_cont=0.373
wRi_Merrill23_polished:389073-389957|+   -            295 452at766             -            327   8.4e-16   54.3   3.9   1   2   3.5e-16   6.3e-14   48.2   2.1   109   226     7   131     3   142 0.76 wRi_Merrill23_polished_377 # 389073 # 389957 # 1 # ID=1_377;partial=00;start_type=GTG;rbs_motif=None;rbs_spacer=None;gc_cont=0.351
wRi_Merrill23_polished:389073-389957|+   -            295 452at766             -            327   8.4e-16   54.3   3.9   2   2    0.0026      0.46    5.9   0.0    85   112   144   172   133   176 0.80 wRi_Merrill23_polished_377 # 389073 # 389957 # 1 # ID=1_377;partial=00;start_type=GTG;rbs_motif=None;rbs_spacer=None;gc_cont=0.351
wRi_Merrill23_polished:180790-182118|-   -            443 452at766             -            327   6.1e-12   41.6   0.0   1   1   1.3e-13   2.4e-11   39.7   0.0     2    50   220   267   219   278 0.88 wRi_Merrill23_polished_169 # 180790 # 182118 # -1 # ID=1_169;partial=00;start_type=ATG;rbs_motif=None;rbs_spacer=None;gc_cont=0.358
wRi_Merrill23_polished:944103-944696|+   -            198 452at766             -            327   2.8e-08   29.6   1.6   1   1   6.7e-10   1.2e-07   27.5   1.6   111   248    29   175    28   195 0.55 wRi_Merrill23_polished_908 # 944103 # 944696 # 1 # ID=1_908;partial=00;start_type=ATG;rbs_motif=None;rbs_spacer=None;gc_cont=0.320
wRi_Merrill23_polished:862357-863451|-   -            365 452at766             -            327   4.8e-08   28.8   0.2   1   3   3.4e-09   6.1e-07   25.2   0.0     4    36     7    39     4    66 0.91 wRi_Merrill23_polished_831 # 862357 # 863451 # -1 # ID=1_831;partial=00;start_type=ATG;rbs_motif=None;rbs_spacer=None;gc_cont=0.379
wRi_Merrill23_polished:862357-863451|-   -            365 452at766             -            327   4.8e-08   28.8   0.2   2   3      0.74   1.3e+02   -2.2   0.0   145   165    63    83    35   100 0.58 wRi_Merrill23_polished_831 # 862357 # 863451 # -1 # ID=1_831;partial=00;start_type=ATG;rbs_motif=None;rbs_spacer=None;gc_cont=0.379
wRi_Merrill23_polished:862357-863451|-   -            365 452at766             -            327   4.8e-08   28.8   0.2   3   3      0.09        16    0.8   0.1    37   105   179   248   158   250 0.79 wRi_Merrill23_polished_831 # 862357 # 863451 # -1 # ID=1_831;partial=00;start_type=ATG;rbs_motif=None;rbs_spacer=None;gc_cont=0.379
wRi_Merrill23_polished:874228-876024|+   -            599 452at766             -            327   5.1e-05   18.9   1.9   1   2   9.1e-05     0.016   10.6   0.2   178   223    89   135     2   139 0.73 wRi_Merrill23_polished_841 # 874228 # 876024 # 1 # ID=1_841;partial=00;start_type=ATG;rbs_motif=None;rbs_spacer=None;gc_cont=0.378
wRi_Merrill23_polished:874228-876024|+   -            599 452at766             -            327   5.1e-05   18.9   1.9   2   2    0.0034      0.61    5.5   0.1    84   109   152   177   140   180 0.84 wRi_Merrill23_polished_841 # 874228 # 876024 # 1 # ID=1_841;partial=00;start_type=ATG;rbs_motif=None;rbs_spacer=None;gc_cont=0.378
wRi_Merrill23_polished:921266-922288|-   -            341 452at766             -            327    0.0037   12.8   1.0   1   1   0.00019     0.035    9.6   0.7     2    34   162   193   161   313 0.73 wRi_Merrill23_polished_888 # 921266 # 922288 # -1 # ID=1_888;partial=00;start_type=ATG;rbs_motif=None;rbs_spacer=None;gc_cont=0.362
#
# Program:         hmmsearch
# Version:         3.4 (Aug 2023)
# Pipeline mode:   SEARCH
# Query file:      /private/groups/russelllab/jodie/Jacobs_et_al_2026_de_novo_wRi_merrill_23_assembly/busco_downloads/lineages/rickettsiales_odb10/hmms/452at766.hmm
# Target file:     private/groups/russelllab/jodie/Jacobs_et_al_2026_de_novo_wRi_merrill_23_assembly/busco/20251218_Merrill23_wRi/wRi/polished/prodigal_output/predicted_genes/predicted.faa
# Option settings: hmmsearch --domtblout private/groups/russelllab/jodie/Jacobs_et_al_2026_de_novo_wRi_merrill_23_assembly/busco/20251218_Merrill23_wRi/wRi/polished/run_rickettsiales_odb10/hmmer_output/452at766.out --cpu 1 /private/groups/russelllab/jodie/Jacobs_et_al_2026_de_novo_wRi_merrill_23_assembly/busco_downloads/lineages/rickettsiales_odb10/hmms/452at766.hmm private/groups/russelllab/jodie/Jacobs_et_al_2026_de_novo_wRi_merrill_23_assembly/busco/20251218_Merrill23_wRi/wRi/polished/prodigal_output/predicted_genes/predicted.faa 
# Current dir:     /private/groups/russelllab/jodie/Jacobs_et_al_2026_de_novo_wRi_merrill_23_assembly
# Date:            Fri Jan 16 13:08:24 2026
# [ok]
