#                                                                                              --- full sequence --- -------------- this domain -------------   hmm coord   ali coord   env coord
# target name                          accession   tlen query name           accession   qlen   E-value  score  bias   #  of  c-Evalue  i-Evalue  score  bias  from    to  from    to  from    to  acc description of target
#                  ------------------- ---------- ----- -------------------- ---------- ----- --------- ------ ----- --- --- --------- --------- ------ ----- ----- ----- ----- ----- ----- ----- ---- ---------------------
wRi_Merrill23_polished:150205-152139|+ -            645 538at766             -            530  1.9e-255  844.6   7.4   1   3  1.8e-229  5.7e-227  750.6   0.4     1   431     3   472     3   480 0.93 wRi_Merrill23_polished_140 # 150205 # 152139 # 1 # ID=1_140;partial=00;start_type=ATG;rbs_motif=None;rbs_spacer=None;gc_cont=0.395
wRi_Merrill23_polished:150205-152139|+ -            645 538at766             -            530  1.9e-255  844.6   7.4   2   3   3.3e-09     1e-06   23.8   0.0   423   465   484   532   474   551 0.81 wRi_Merrill23_polished_140 # 150205 # 152139 # 1 # ID=1_140;partial=00;start_type=ATG;rbs_motif=None;rbs_spacer=None;gc_cont=0.395
wRi_Merrill23_polished:150205-152139|+ -            645 538at766             -            530  1.9e-255  844.6   7.4   3   3   5.9e-24   1.9e-21   72.4   1.7   460   530   551   633   536   633 0.85 wRi_Merrill23_polished_140 # 150205 # 152139 # 1 # ID=1_140;partial=00;start_type=ATG;rbs_motif=None;rbs_spacer=None;gc_cont=0.395
wRi_Merrill23_polished:667389-668762|+ -            458 538at766             -            530   5.8e-06   21.3   0.4   1   3   1.7e-06   0.00053   14.8   0.2     1    42     3    44     3    55 0.93 wRi_Merrill23_polished_645 # 667389 # 668762 # 1 # ID=1_645;partial=00;start_type=ATG;rbs_motif=None;rbs_spacer=None;gc_cont=0.370
wRi_Merrill23_polished:667389-668762|+ -            458 538at766             -            530   5.8e-06   21.3   0.4   2   3      0.21        66   -2.0   0.0   383   420    56    93    47   112 0.73 wRi_Merrill23_polished_645 # 667389 # 668762 # 1 # ID=1_645;partial=00;start_type=ATG;rbs_motif=None;rbs_spacer=None;gc_cont=0.370
wRi_Merrill23_polished:667389-668762|+ -            458 538at766             -            530   5.8e-06   21.3   0.4   3   3     0.004       1.3    3.7   0.0     4    36   175   207   173   214 0.93 wRi_Merrill23_polished_645 # 667389 # 668762 # 1 # ID=1_645;partial=00;start_type=ATG;rbs_motif=None;rbs_spacer=None;gc_cont=0.370
wRi_Merrill23_polished:396812-398182|+ -            457 538at766             -            530   5.9e-06   21.3   0.9   1   2   9.1e-07   0.00029   15.7   0.1     2    37     4    39     3    51 0.89 wRi_Merrill23_polished_384 # 396812 # 398182 # 1 # ID=1_384;partial=00;start_type=ATG;rbs_motif=GGA/GAG/AGG;rbs_spacer=5-10bp;gc_cont=0.392
wRi_Merrill23_polished:396812-398182|+ -            457 538at766             -            530   5.9e-06   21.3   0.9   2   2    0.0037       1.2    3.8   0.0     3    31   172   200   170   212 0.88 wRi_Merrill23_polished_384 # 396812 # 398182 # 1 # ID=1_384;partial=00;start_type=ATG;rbs_motif=GGA/GAG/AGG;rbs_spacer=5-10bp;gc_cont=0.392
wRi_Merrill23_polished:538388-539326|+ -            313 538at766             -            530     0.006   11.3   1.8   1   2    0.0011      0.35    5.5   0.3     3    37     9    43     7    52 0.86 wRi_Merrill23_polished_516 # 538388 # 539326 # 1 # ID=1_516;partial=00;start_type=GTG;rbs_motif=None;rbs_spacer=None;gc_cont=0.391
wRi_Merrill23_polished:538388-539326|+ -            313 538at766             -            530     0.006   11.3   1.8   2   2    0.0015      0.46    5.1   0.1     4    36   153   185   150   190 0.90 wRi_Merrill23_polished_516 # 538388 # 539326 # 1 # ID=1_516;partial=00;start_type=GTG;rbs_motif=None;rbs_spacer=None;gc_cont=0.391
#
# Program:         hmmsearch
# Version:         3.4 (Aug 2023)
# Pipeline mode:   SEARCH
# Query file:      /private/groups/russelllab/jodie/Jacobs_et_al_2026_de_novo_wRi_merrill_23_assembly/busco_downloads/lineages/rickettsiales_odb10/hmms/538at766.hmm
# Target file:     private/groups/russelllab/jodie/Jacobs_et_al_2026_de_novo_wRi_merrill_23_assembly/busco/20251218_Merrill23_wRi/wRi/polished/prodigal_output/predicted_genes/predicted.faa
# Option settings: hmmsearch --domtblout private/groups/russelllab/jodie/Jacobs_et_al_2026_de_novo_wRi_merrill_23_assembly/busco/20251218_Merrill23_wRi/wRi/polished/run_rickettsiales_odb10/hmmer_output/538at766.out --cpu 1 /private/groups/russelllab/jodie/Jacobs_et_al_2026_de_novo_wRi_merrill_23_assembly/busco_downloads/lineages/rickettsiales_odb10/hmms/538at766.hmm private/groups/russelllab/jodie/Jacobs_et_al_2026_de_novo_wRi_merrill_23_assembly/busco/20251218_Merrill23_wRi/wRi/polished/prodigal_output/predicted_genes/predicted.faa 
# Current dir:     /private/groups/russelllab/jodie/Jacobs_et_al_2026_de_novo_wRi_merrill_23_assembly
# Date:            Fri Jan 16 13:08:25 2026
# [ok]
