#                                                                                                --- full sequence --- -------------- this domain -------------   hmm coord   ali coord   env coord
# target name                            accession   tlen query name           accession   qlen   E-value  score  bias   #  of  c-Evalue  i-Evalue  score  bias  from    to  from    to  from    to  acc description of target
#                    ------------------- ---------- ----- -------------------- ---------- ----- --------- ------ ----- --- --- --------- --------- ------ ----- ----- ----- ----- ----- ----- ----- ---- ---------------------
wRi_Merrill23_polished:674185-675462|+   -            426 650at766             -            324  1.6e-155  513.3  13.1   1   2   1.1e-09   2.9e-07   26.1   1.1     1    37    10    53    10    68 0.83 wRi_Merrill23_polished_653 # 674185 # 675462 # 1 # ID=1_653;partial=00;start_type=ATG;rbs_motif=GGA/GAG/AGG;rbs_spacer=5-10bp;gc_cont=0.367
wRi_Merrill23_polished:674185-675462|+   -            426 650at766             -            324  1.6e-155  513.3  13.1   2   2    2e-150  5.2e-148  488.6   5.0    31   316    73   387    60   393 0.91 wRi_Merrill23_polished_653 # 674185 # 675462 # 1 # ID=1_653;partial=00;start_type=ATG;rbs_motif=GGA/GAG/AGG;rbs_spacer=5-10bp;gc_cont=0.367
wRi_Merrill23_polished:967829-970390|+   -            854 650at766             -            324   7.1e-15   51.1   0.3   1   3   6.8e-06    0.0017   13.7   0.0    65   143   199   284   185   298 0.80 wRi_Merrill23_polished_929 # 967829 # 970390 # 1 # ID=1_929;partial=00;start_type=ATG;rbs_motif=None;rbs_spacer=None;gc_cont=0.377
wRi_Merrill23_polished:967829-970390|+   -            854 650at766             -            324   7.1e-15   51.1   0.3   2   3   3.9e-08   9.9e-06   21.0   0.0    31    91   561   621   555   628 0.95 wRi_Merrill23_polished_929 # 967829 # 970390 # 1 # ID=1_929;partial=00;start_type=ATG;rbs_motif=None;rbs_spacer=None;gc_cont=0.377
wRi_Merrill23_polished:967829-970390|+   -            854 650at766             -            324   7.1e-15   51.1   0.3   3   3   1.8e-05    0.0045   12.3   0.1   226   323   735   834   716   835 0.80 wRi_Merrill23_polished_929 # 967829 # 970390 # 1 # ID=1_929;partial=00;start_type=ATG;rbs_motif=None;rbs_spacer=None;gc_cont=0.377
wRi_Merrill23_polished:879950-881047|-   -            366 650at766             -            324   1.6e-05   20.4   0.0   1   1   1.2e-07     3e-05   19.5   0.0    70   153   137   214    97   232 0.80 wRi_Merrill23_polished_845 # 879950 # 881047 # -1 # ID=1_845;partial=00;start_type=ATG;rbs_motif=GGA/GAG/AGG;rbs_spacer=5-10bp;gc_cont=0.360
wRi_Merrill23_polished:1255817-1256791|+ -            325 650at766             -            324   9.7e-05   17.8   0.0   1   1     1e-06   0.00026   16.4   0.0    30   109    19    93    11   126 0.76 wRi_Merrill23_polished_1208 # 1255817 # 1256791 # 1 # ID=1_1208;partial=00;start_type=ATG;rbs_motif=3Base/5BMM;rbs_spacer=13-15bp;gc_cont=0.389
wRi_Merrill23_polished:824392-825015|-   -            208 650at766             -            324    0.0017   13.7   0.0   1   1     1e-05    0.0026   13.1   0.0    60    90    20    50     7    55 0.81 wRi_Merrill23_polished_804 # 824392 # 825015 # -1 # ID=1_804;partial=00;start_type=ATG;rbs_motif=3Base/5BMM;rbs_spacer=13-15bp;gc_cont=0.364
#
# Program:         hmmsearch
# Version:         3.4 (Aug 2023)
# Pipeline mode:   SEARCH
# Query file:      /private/groups/russelllab/jodie/Jacobs_et_al_2026_de_novo_wRi_merrill_23_assembly/busco_downloads/lineages/rickettsiales_odb10/hmms/650at766.hmm
# Target file:     private/groups/russelllab/jodie/Jacobs_et_al_2026_de_novo_wRi_merrill_23_assembly/busco/20251218_Merrill23_wRi/wRi/polished/prodigal_output/predicted_genes/predicted.faa
# Option settings: hmmsearch --domtblout private/groups/russelllab/jodie/Jacobs_et_al_2026_de_novo_wRi_merrill_23_assembly/busco/20251218_Merrill23_wRi/wRi/polished/run_rickettsiales_odb10/hmmer_output/650at766.out --cpu 1 /private/groups/russelllab/jodie/Jacobs_et_al_2026_de_novo_wRi_merrill_23_assembly/busco_downloads/lineages/rickettsiales_odb10/hmms/650at766.hmm private/groups/russelllab/jodie/Jacobs_et_al_2026_de_novo_wRi_merrill_23_assembly/busco/20251218_Merrill23_wRi/wRi/polished/prodigal_output/predicted_genes/predicted.faa 
# Current dir:     /private/groups/russelllab/jodie/Jacobs_et_al_2026_de_novo_wRi_merrill_23_assembly
# Date:            Fri Jan 16 13:08:24 2026
# [ok]
