#                                                                                                --- full sequence --- -------------- this domain -------------   hmm coord   ali coord   env coord
# target name                            accession   tlen query name           accession   qlen   E-value  score  bias   #  of  c-Evalue  i-Evalue  score  bias  from    to  from    to  from    to  acc description of target
#                    ------------------- ---------- ----- -------------------- ---------- ----- --------- ------ ----- --- --- --------- --------- ------ ----- ----- ----- ----- ----- ----- ----- ---- ---------------------
wRi_Merrill23_polished:194178-195620|-   -            481 794at766             -            371  5.7e-152  502.2  64.2   1   2   7.3e-41   1.8e-38  128.7  24.1    11   138    50   185    25   198 0.82 wRi_Merrill23_polished_184 # 194178 # 195620 # -1 # ID=1_184;partial=00;start_type=GTG;rbs_motif=None;rbs_spacer=None;gc_cont=0.351
wRi_Merrill23_polished:194178-195620|-   -            481 794at766             -            371  5.7e-152  502.2  64.2   2   2  1.2e-115    3e-113  374.9  31.8   130   351   201   429   189   467 0.93 wRi_Merrill23_polished_184 # 194178 # 195620 # -1 # ID=1_184;partial=00;start_type=GTG;rbs_motif=None;rbs_spacer=None;gc_cont=0.351
wRi_Merrill23_polished:1260289-1261755|- -            489 794at766             -            371     2e-34  115.5  50.7   1   3      0.32        81   -1.7   0.6     3    26     3    26     1    57 0.47 wRi_Merrill23_polished_1212 # 1260289 # 1261755 # -1 # ID=1_1212;partial=00;start_type=ATG;rbs_motif=None;rbs_spacer=None;gc_cont=0.344
wRi_Merrill23_polished:1260289-1261755|- -            489 794at766             -            371     2e-34  115.5  50.7   2   3   0.00019     0.049    8.9  15.8    29   132    68   184    29   201 0.81 wRi_Merrill23_polished_1212 # 1260289 # 1261755 # -1 # ID=1_1212;partial=00;start_type=ATG;rbs_motif=None;rbs_spacer=None;gc_cont=0.344
wRi_Merrill23_polished:1260289-1261755|- -            489 794at766             -            371     2e-34  115.5  50.7   3   3   2.6e-36   6.6e-34  113.8  24.5   134   343   211   432   197   439 0.87 wRi_Merrill23_polished_1212 # 1260289 # 1261755 # -1 # ID=1_1212;partial=00;start_type=ATG;rbs_motif=None;rbs_spacer=None;gc_cont=0.344
wRi_Merrill23_polished:339470-340978|-   -            503 794at766             -            371   2.4e-23   79.0  54.4   1   2      0.45   1.1e+02   -2.2   0.2     8    46    27    64    21    86 0.49 wRi_Merrill23_polished_326 # 339470 # 340978 # -1 # ID=1_326;partial=00;start_type=ATG;rbs_motif=None;rbs_spacer=None;gc_cont=0.343
wRi_Merrill23_polished:339470-340978|-   -            503 794at766             -            371   2.4e-23   79.0  54.4   2   2   1.4e-24   3.5e-22   75.2  49.8    32   365    91   469    75   475 0.66 wRi_Merrill23_polished_326 # 339470 # 340978 # -1 # ID=1_326;partial=00;start_type=ATG;rbs_motif=None;rbs_spacer=None;gc_cont=0.343
wRi_Merrill23_polished:192817-194181|-   -            455 794at766             -            371   1.1e-21   73.5  20.6   1   4      0.17        43   -0.8   0.8   258   277    12    31     4    50 0.65 wRi_Merrill23_polished_183 # 192817 # 194181 # -1 # ID=1_183;partial=00;start_type=ATG;rbs_motif=None;rbs_spacer=None;gc_cont=0.347
wRi_Merrill23_polished:192817-194181|-   -            455 794at766             -            371   1.1e-21   73.5  20.6   2   4     0.049        12    1.0  17.2     8   129    43   169    33   179 0.63 wRi_Merrill23_polished_183 # 192817 # 194181 # -1 # ID=1_183;partial=00;start_type=ATG;rbs_motif=None;rbs_spacer=None;gc_cont=0.347
wRi_Merrill23_polished:192817-194181|-   -            455 794at766             -            371   1.1e-21   73.5  20.6   3   4   4.4e-24   1.1e-21   73.5  20.6   133   343   198   414   175   421 0.81 wRi_Merrill23_polished_183 # 192817 # 194181 # -1 # ID=1_183;partial=00;start_type=ATG;rbs_motif=None;rbs_spacer=None;gc_cont=0.347
wRi_Merrill23_polished:192817-194181|-   -            455 794at766             -            371   1.1e-21   73.5  20.6   4   4      0.26        66   -1.4   0.2   103   130   424   451   420   453 0.79 wRi_Merrill23_polished_183 # 192817 # 194181 # -1 # ID=1_183;partial=00;start_type=ATG;rbs_motif=None;rbs_spacer=None;gc_cont=0.347
wRi_Merrill23_polished:195624-197480|-   -            619 794at766             -            371   1.5e-19   66.5  39.9   1   2   2.1e-06   0.00052   15.4  16.2    17   136    59   189    46   195 0.75 wRi_Merrill23_polished_185 # 195624 # 197480 # -1 # ID=1_185;partial=00;start_type=ATG;rbs_motif=None;rbs_spacer=None;gc_cont=0.350
wRi_Merrill23_polished:195624-197480|-   -            619 794at766             -            371   1.5e-19   66.5  39.9   2   2   7.4e-19   1.9e-16   56.3  15.7   129   336   216   419   206   438 0.81 wRi_Merrill23_polished_185 # 195624 # 197480 # -1 # ID=1_185;partial=00;start_type=ATG;rbs_motif=None;rbs_spacer=None;gc_cont=0.350
#
# Program:         hmmsearch
# Version:         3.4 (Aug 2023)
# Pipeline mode:   SEARCH
# Query file:      /private/groups/russelllab/jodie/Jacobs_et_al_2026_de_novo_wRi_merrill_23_assembly/busco_downloads/lineages/rickettsiales_odb10/hmms/794at766.hmm
# Target file:     private/groups/russelllab/jodie/Jacobs_et_al_2026_de_novo_wRi_merrill_23_assembly/busco/20251218_Merrill23_wRi/wRi/polished/prodigal_output/predicted_genes/predicted.faa
# Option settings: hmmsearch --domtblout private/groups/russelllab/jodie/Jacobs_et_al_2026_de_novo_wRi_merrill_23_assembly/busco/20251218_Merrill23_wRi/wRi/polished/run_rickettsiales_odb10/hmmer_output/794at766.out --cpu 1 /private/groups/russelllab/jodie/Jacobs_et_al_2026_de_novo_wRi_merrill_23_assembly/busco_downloads/lineages/rickettsiales_odb10/hmms/794at766.hmm private/groups/russelllab/jodie/Jacobs_et_al_2026_de_novo_wRi_merrill_23_assembly/busco/20251218_Merrill23_wRi/wRi/polished/prodigal_output/predicted_genes/predicted.faa 
# Current dir:     /private/groups/russelllab/jodie/Jacobs_et_al_2026_de_novo_wRi_merrill_23_assembly
# Date:            Fri Jan 16 13:08:25 2026
# [ok]
