#                                                                                              --- full sequence --- -------------- this domain -------------   hmm coord   ali coord   env coord
# target name                          accession   tlen query name           accession   qlen   E-value  score  bias   #  of  c-Evalue  i-Evalue  score  bias  from    to  from    to  from    to  acc description of target
#                  ------------------- ---------- ----- -------------------- ---------- ----- --------- ------ ----- --- --- --------- --------- ------ ----- ----- ----- ----- ----- ----- ----- ---- ---------------------
wRi_Merrill23_polished:711510-713258|- -            583 968at766             -            455  6.3e-155  512.6  12.4   1   2  1.6e-152  5.1e-150  496.4   0.5     1   364     4   406     4   412 0.91 wRi_Merrill23_polished_687 # 711510 # 713258 # -1 # ID=1_687;partial=00;start_type=ATG;rbs_motif=None;rbs_spacer=None;gc_cont=0.337
wRi_Merrill23_polished:711510-713258|- -            583 968at766             -            455  6.3e-155  512.6  12.4   2   2   4.7e-08   1.5e-05   20.1   5.7   360   448   439   529   410   540 0.75 wRi_Merrill23_polished_687 # 711510 # 713258 # -1 # ID=1_687;partial=00;start_type=ATG;rbs_motif=None;rbs_spacer=None;gc_cont=0.337
wRi_Merrill23_polished:360122-362137|+ -            672 968at766             -            455     9e-06   20.9   0.0   1   2     0.035        11    0.8   0.0    49   132    54   140    47   149 0.75 wRi_Merrill23_polished_352 # 360122 # 362137 # 1 # ID=1_352;partial=00;start_type=ATG;rbs_motif=None;rbs_spacer=None;gc_cont=0.372
wRi_Merrill23_polished:360122-362137|+ -            672 968at766             -            455     9e-06   20.9   0.0   2   2   2.9e-07   9.1e-05   17.6   0.0   213   298   161   246   153   271 0.90 wRi_Merrill23_polished_352 # 360122 # 362137 # 1 # ID=1_352;partial=00;start_type=ATG;rbs_motif=None;rbs_spacer=None;gc_cont=0.372
wRi_Merrill23_polished:576173-578368|+ -            732 968at766             -            455   3.4e-05   19.0   0.0   1   2      0.86   2.7e+02   -3.8   0.0    47   108    85   149    69   158 0.58 wRi_Merrill23_polished_546 # 576173 # 578368 # 1 # ID=1_546;partial=00;start_type=ATG;rbs_motif=AGGAG;rbs_spacer=5-10bp;gc_cont=0.381
wRi_Merrill23_polished:576173-578368|+ -            732 968at766             -            455   3.4e-05   19.0   0.0   2   2   2.3e-07   7.4e-05   17.9   0.0   212   300   195   283   182   308 0.87 wRi_Merrill23_polished_546 # 576173 # 578368 # 1 # ID=1_546;partial=00;start_type=ATG;rbs_motif=AGGAG;rbs_spacer=5-10bp;gc_cont=0.381
wRi_Merrill23_polished:69710-71905|+   -            732 968at766             -            455   3.4e-05   19.0   0.0   1   2      0.86   2.7e+02   -3.8   0.0    47   108    85   149    69   158 0.58 wRi_Merrill23_polished_58 # 69710 # 71905 # 1 # ID=1_58;partial=00;start_type=ATG;rbs_motif=AGGAG;rbs_spacer=5-10bp;gc_cont=0.381
wRi_Merrill23_polished:69710-71905|+   -            732 968at766             -            455   3.4e-05   19.0   0.0   2   2   2.3e-07   7.4e-05   17.9   0.0   212   300   195   283   182   308 0.87 wRi_Merrill23_polished_58 # 69710 # 71905 # 1 # ID=1_58;partial=00;start_type=ATG;rbs_motif=AGGAG;rbs_spacer=5-10bp;gc_cont=0.381
#
# Program:         hmmsearch
# Version:         3.4 (Aug 2023)
# Pipeline mode:   SEARCH
# Query file:      /private/groups/russelllab/jodie/Jacobs_et_al_2026_de_novo_wRi_merrill_23_assembly/busco_downloads/lineages/rickettsiales_odb10/hmms/968at766.hmm
# Target file:     private/groups/russelllab/jodie/Jacobs_et_al_2026_de_novo_wRi_merrill_23_assembly/busco/20251218_Merrill23_wRi/wRi/polished/prodigal_output/predicted_genes/predicted.faa
# Option settings: hmmsearch --domtblout private/groups/russelllab/jodie/Jacobs_et_al_2026_de_novo_wRi_merrill_23_assembly/busco/20251218_Merrill23_wRi/wRi/polished/run_rickettsiales_odb10/hmmer_output/968at766.out --cpu 1 /private/groups/russelllab/jodie/Jacobs_et_al_2026_de_novo_wRi_merrill_23_assembly/busco_downloads/lineages/rickettsiales_odb10/hmms/968at766.hmm private/groups/russelllab/jodie/Jacobs_et_al_2026_de_novo_wRi_merrill_23_assembly/busco/20251218_Merrill23_wRi/wRi/polished/prodigal_output/predicted_genes/predicted.faa 
# Current dir:     /private/groups/russelllab/jodie/Jacobs_et_al_2026_de_novo_wRi_merrill_23_assembly
# Date:            Fri Jan 16 13:08:25 2026
# [ok]
