#                                                                                              --- full sequence --- -------------- this domain -------------   hmm coord   ali coord   env coord
# target name                          accession   tlen query name           accession   qlen   E-value  score  bias   #  of  c-Evalue  i-Evalue  score  bias  from    to  from    to  from    to  acc description of target
#                  ------------------- ---------- ----- -------------------- ---------- ----- --------- ------ ----- --- --- --------- --------- ------ ----- ----- ----- ----- ----- ----- ----- ---- ---------------------
wRi_Merrill23_polished:674185-675462|+ -            426 977at766             -            391   1.5e-56  188.2   0.3   1   3   5.4e-24   2.3e-21   72.4   0.0     2   101    69   172    68   177 0.90 wRi_Merrill23_polished_653 # 674185 # 675462 # 1 # ID=1_653;partial=00;start_type=ATG;rbs_motif=GGA/GAG/AGG;rbs_spacer=5-10bp;gc_cont=0.367
wRi_Merrill23_polished:674185-675462|+ -            426 977at766             -            391   1.5e-56  188.2   0.3   2   3   4.9e-12     2e-09   33.0   0.1   204   262   179   255   170   260 0.74 wRi_Merrill23_polished_653 # 674185 # 675462 # 1 # ID=1_653;partial=00;start_type=ATG;rbs_motif=GGA/GAG/AGG;rbs_spacer=5-10bp;gc_cont=0.367
wRi_Merrill23_polished:674185-675462|+ -            426 977at766             -            391   1.5e-56  188.2   0.3   3   3   3.5e-26   1.5e-23   79.5   0.1   260   377   287   406   284   416 0.88 wRi_Merrill23_polished_653 # 674185 # 675462 # 1 # ID=1_653;partial=00;start_type=ATG;rbs_motif=GGA/GAG/AGG;rbs_spacer=5-10bp;gc_cont=0.367
wRi_Merrill23_polished:967829-970390|+ -            854 977at766             -            391   3.7e-08   28.9   1.1   1   4     0.011       4.5    2.3   0.1    44    66   201   223   183   232 0.80 wRi_Merrill23_polished_929 # 967829 # 970390 # 1 # ID=1_929;partial=00;start_type=ATG;rbs_motif=None;rbs_spacer=None;gc_cont=0.377
wRi_Merrill23_polished:967829-970390|+ -            854 977at766             -            391   3.7e-08   28.9   1.1   2   4      0.83   3.5e+02   -4.0   0.0   195   221   263   289   259   293 0.76 wRi_Merrill23_polished_929 # 967829 # 970390 # 1 # ID=1_929;partial=00;start_type=ATG;rbs_motif=None;rbs_spacer=None;gc_cont=0.377
wRi_Merrill23_polished:967829-970390|+ -            854 977at766             -            391   3.7e-08   28.9   1.1   3   4     7e-09   2.9e-06   22.6   0.0     7    67   562   620   558   640 0.84 wRi_Merrill23_polished_929 # 967829 # 970390 # 1 # ID=1_929;partial=00;start_type=ATG;rbs_motif=None;rbs_spacer=None;gc_cont=0.377
wRi_Merrill23_polished:967829-970390|+ -            854 977at766             -            391   3.7e-08   28.9   1.1   4   4     0.082        34   -0.7   0.0   268   329   743   800   737   823 0.73 wRi_Merrill23_polished_929 # 967829 # 970390 # 1 # ID=1_929;partial=00;start_type=ATG;rbs_motif=None;rbs_spacer=None;gc_cont=0.377
wRi_Merrill23_polished:879950-881047|- -            366 977at766             -            391    0.0053   11.9   0.1   1   2    0.0007       0.3    6.1   0.0    48    91   138   180   122   190 0.81 wRi_Merrill23_polished_845 # 879950 # 881047 # -1 # ID=1_845;partial=00;start_type=ATG;rbs_motif=GGA/GAG/AGG;rbs_spacer=5-10bp;gc_cont=0.360
wRi_Merrill23_polished:879950-881047|- -            366 977at766             -            391    0.0053   11.9   0.1   2   2     0.003       1.2    4.1   0.1   196   221   182   209   177   218 0.73 wRi_Merrill23_polished_845 # 879950 # 881047 # -1 # ID=1_845;partial=00;start_type=ATG;rbs_motif=GGA/GAG/AGG;rbs_spacer=5-10bp;gc_cont=0.360
#
# Program:         hmmsearch
# Version:         3.4 (Aug 2023)
# Pipeline mode:   SEARCH
# Query file:      /private/groups/russelllab/jodie/Jacobs_et_al_2026_de_novo_wRi_merrill_23_assembly/busco_downloads/lineages/rickettsiales_odb10/hmms/977at766.hmm
# Target file:     private/groups/russelllab/jodie/Jacobs_et_al_2026_de_novo_wRi_merrill_23_assembly/busco/20251218_Merrill23_wRi/wRi/polished/prodigal_output/predicted_genes/predicted.faa
# Option settings: hmmsearch --domtblout private/groups/russelllab/jodie/Jacobs_et_al_2026_de_novo_wRi_merrill_23_assembly/busco/20251218_Merrill23_wRi/wRi/polished/run_rickettsiales_odb10/hmmer_output/977at766.out --cpu 1 /private/groups/russelllab/jodie/Jacobs_et_al_2026_de_novo_wRi_merrill_23_assembly/busco_downloads/lineages/rickettsiales_odb10/hmms/977at766.hmm private/groups/russelllab/jodie/Jacobs_et_al_2026_de_novo_wRi_merrill_23_assembly/busco/20251218_Merrill23_wRi/wRi/polished/prodigal_output/predicted_genes/predicted.faa 
# Current dir:     /private/groups/russelllab/jodie/Jacobs_et_al_2026_de_novo_wRi_merrill_23_assembly
# Date:            Fri Jan 16 13:08:24 2026
# [ok]
