[2025-03-11 12:37:13] root: WARNING: --subassemblies mode is being deprecated. It will be removed in the future versions.
[2025-03-11 12:37:13] root: INFO: Starting Flye 2.9.5-b1801
[2025-03-11 12:37:13] root: DEBUG: Cmd: /private/home/jomojaco/mambaforge/envs/snakemake_v8/bin/flye --subassemblies /private/groups/russelllab/jodie/merrill_23_wRi_genome/anne_assembly/consensus_assembly.fasta /private/groups/russelllab/jodie/merrill_23_wRi_genome/flye/merrill_23_all_basecalled/wRi/assembly.fasta /private/groups/russelllab/jodie/merrill_23_wRi_genome/de_novo_wRi_merrill_23_assembly/assembly/flye/longest_contigs_bridge.fasta --genome-size 1.3Mb --threads 24 --iterations 5 -o /private/groups/russelllab/jodie/merrill_23_wRi_genome/de_novo_wRi_merrill_23_assembly/assembly/flye/merge_flye_subassembly/
[2025-03-11 12:37:13] root: DEBUG: Python version: 3.12.3 | packaged by conda-forge | (main, Apr 15 2024, 18:38:13) [GCC 12.3.0]
[2025-03-11 12:37:33] root: WARNING: --subassemblies mode is being deprecated. It will be removed in the future versions.
[2025-03-11 12:37:33] root: INFO: Starting Flye 2.9.5-b1801
[2025-03-11 12:37:33] root: DEBUG: Cmd: /private/home/jomojaco/mambaforge/envs/snakemake_v8/bin/flye --subassemblies /private/groups/russelllab/jodie/merrill_23_wRi_genome/anne_assembly/consensus_assembly.fasta /private/groups/russelllab/jodie/merrill_23_wRi_genome/flye/merrill_23_all_basecalled/wRi/assembly.fasta /private/groups/russelllab/jodie/merrill_23_wRi_genome/de_novo_wRi_merrill_23_assembly/assembly/flye/longest_contigs_bridge.fasta --genome-size 1.3m --threads 24 --iterations 5 -o /private/groups/russelllab/jodie/merrill_23_wRi_genome/de_novo_wRi_merrill_23_assembly/assembly/flye/merge_flye_subassembly/
[2025-03-11 12:37:33] root: DEBUG: Python version: 3.12.3 | packaged by conda-forge | (main, Apr 15 2024, 18:38:13) [GCC 12.3.0]
[2025-03-11 12:37:33] root: INFO: >>>STAGE: configure
[2025-03-11 12:37:33] root: INFO: Configuring run
[2025-03-11 12:37:33] root: INFO: Total read length: 4320282
[2025-03-11 12:37:33] root: INFO: Input genome size: 1300000
[2025-03-11 12:37:33] root: INFO: Estimated coverage: 3
[2025-03-11 12:37:33] root: WARNING: Expected read coverage is 3, the assembly is not guaranteed to be optimal in this setting. Are you sure that the genome size was entered correctly?
[2025-03-11 12:37:33] root: INFO: Reads N50/N90: 606948 / 291442
[2025-03-11 12:37:33] root: INFO: Minimum overlap set to 1000
[2025-03-11 12:37:33] root: INFO: >>>STAGE: assembly
[2025-03-11 12:37:33] root: INFO: Assembling disjointigs
[2025-03-11 12:37:33] root: DEBUG: -----Begin assembly log------
[2025-03-11 12:37:33] root: DEBUG: Running: flye-modules assemble --reads /private/groups/russelllab/jodie/merrill_23_wRi_genome/anne_assembly/consensus_assembly.fasta,/private/groups/russelllab/jodie/merrill_23_wRi_genome/flye/merrill_23_all_basecalled/wRi/assembly.fasta,/private/groups/russelllab/jodie/merrill_23_wRi_genome/de_novo_wRi_merrill_23_assembly/assembly/flye/longest_contigs_bridge.fasta --out-asm /private/groups/russelllab/jodie/merrill_23_wRi_genome/de_novo_wRi_merrill_23_assembly/assembly/flye/merge_flye_subassembly/00-assembly/draft_assembly.fasta --config /private/home/jomojaco/mambaforge/envs/snakemake_v8/lib/python3.12/site-packages/flye/config/bin_cfg/asm_subasm.cfg --log /private/groups/russelllab/jodie/merrill_23_wRi_genome/de_novo_wRi_merrill_23_assembly/assembly/flye/merge_flye_subassembly/flye.log --threads 24 --genome-size 1300000 --min-ovlp 1000
[2025-03-11 12:37:33] DEBUG: Build date: Aug 30 2024 21:28:54
[2025-03-11 12:37:33] DEBUG: Total RAM: 1007 Gb
[2025-03-11 12:37:33] DEBUG: Available RAM: 925 Gb
[2025-03-11 12:37:33] DEBUG: Total CPUs: 64
[2025-03-11 12:37:33] DEBUG: Loading /private/home/jomojaco/mambaforge/envs/snakemake_v8/lib/python3.12/site-packages/flye/config/bin_cfg/asm_subasm.cfg
[2025-03-11 12:37:33] DEBUG: Loading /private/home/jomojaco/mambaforge/envs/snakemake_v8/lib/python3.12/site-packages/flye/config/bin_cfg/asm_defaults.cfg
[2025-03-11 12:37:33] DEBUG: 	big_genome_threshold=29000000
[2025-03-11 12:37:33] DEBUG: 	meta_read_filter_kmer_freq=100
[2025-03-11 12:37:33] DEBUG: 	chain_large_gap_penalty=2
[2025-03-11 12:37:33] DEBUG: 	chain_small_gap_penalty=0.5
[2025-03-11 12:37:33] DEBUG: 	chain_gap_jump_threshold=100
[2025-03-11 12:37:33] DEBUG: 	max_jump_gap=500
[2025-03-11 12:37:33] DEBUG: 	max_coverage_drop_rate=5
[2025-03-11 12:37:33] DEBUG: 	max_extensions_drop_rate=5
[2025-03-11 12:37:33] DEBUG: 	chimera_window=100
[2025-03-11 12:37:33] DEBUG: 	chimera_overhang=1000
[2025-03-11 12:37:33] DEBUG: 	min_reads_in_disjointig=4
[2025-03-11 12:37:33] DEBUG: 	max_inner_reads=10
[2025-03-11 12:37:33] DEBUG: 	max_inner_fraction=0.25
[2025-03-11 12:37:33] DEBUG: 	aggressive_dup_filter=1
[2025-03-11 12:37:33] DEBUG: 	max_separation=500
[2025-03-11 12:37:33] DEBUG: 	unique_edge_length=50000
[2025-03-11 12:37:33] DEBUG: 	min_repeat_res_support=0.51
[2025-03-11 12:37:33] DEBUG: 	out_paths_ratio=5
[2025-03-11 12:37:33] DEBUG: 	graph_cov_drop_rate=5
[2025-03-11 12:37:33] DEBUG: 	coverage_estimate_window=100
[2025-03-11 12:37:33] DEBUG: 	max_bubble_length=50000
[2025-03-11 12:37:33] DEBUG: 	loop_coverage_rate=1.5
[2025-03-11 12:37:33] DEBUG: 	repeat_edge_cov_mult=1.75
[2025-03-11 12:37:33] DEBUG: 	weak_detach_rate=5
[2025-03-11 12:37:33] DEBUG: 	tip_coverage_rate=2
[2025-03-11 12:37:33] DEBUG: 	tip_length_rate=2
[2025-03-11 12:37:33] DEBUG: 	output_gfa_before_rr=1
[2025-03-11 12:37:33] DEBUG: 	remove_alt_edges=0
[2025-03-11 12:37:33] DEBUG: 	low_cutoff_warning=0
[2025-03-11 12:37:33] DEBUG: 	kmer_size=31
[2025-03-11 12:37:33] DEBUG: 	use_minimizers=1
[2025-03-11 12:37:33] DEBUG: 	minimizer_window=10
[2025-03-11 12:37:33] DEBUG: 	reads_base_alignment=1
[2025-03-11 12:37:33] DEBUG: 	meta_read_top_kmer_rate=0.75
[2025-03-11 12:37:33] DEBUG: 	maximum_jump=500
[2025-03-11 12:37:33] DEBUG: 	maximum_overhang=100
[2025-03-11 12:37:33] DEBUG: 	repeat_kmer_rate=100
[2025-03-11 12:37:33] DEBUG: 	assemble_ovlp_divergence=0.02
[2025-03-11 12:37:33] DEBUG: 	assemble_divergence_relative=0
[2025-03-11 12:37:33] DEBUG: 	repeat_graph_ovlp_divergence=0.02
[2025-03-11 12:37:33] DEBUG: 	read_align_ovlp_divergence=0.02
[2025-03-11 12:37:33] DEBUG: 	hpc_scoring_on=0
[2025-03-11 12:37:33] DEBUG: 	add_unassembled_reads=1
[2025-03-11 12:37:33] DEBUG: 	extend_contigs_with_repeats=0
[2025-03-11 12:37:33] DEBUG: 	min_read_cov_cutoff=1
[2025-03-11 12:37:33] DEBUG: 	short_tip_length=10000
[2025-03-11 12:37:33] DEBUG: 	long_tip_length=100000
[2025-03-11 12:37:33] DEBUG: Running with k-mer size: 31
[2025-03-11 12:37:33] DEBUG: Running with minimum overlap 1000
[2025-03-11 12:37:33] DEBUG: Metagenome mode: N
[2025-03-11 12:37:33] DEBUG: Short mode: N
[2025-03-11 12:37:33] INFO: Reading sequences
[2025-03-11 12:37:33] ERROR: The input contain reads with duplicated IDs. Make sure all reads have unique IDs and restart. The first problematic ID was: contig_8
-----------End assembly log------------
[2025-03-11 12:37:33] root: ERROR: Command '['flye-modules', 'assemble', '--reads', '/private/groups/russelllab/jodie/merrill_23_wRi_genome/anne_assembly/consensus_assembly.fasta,/private/groups/russelllab/jodie/merrill_23_wRi_genome/flye/merrill_23_all_basecalled/wRi/assembly.fasta,/private/groups/russelllab/jodie/merrill_23_wRi_genome/de_novo_wRi_merrill_23_assembly/assembly/flye/longest_contigs_bridge.fasta', '--out-asm', '/private/groups/russelllab/jodie/merrill_23_wRi_genome/de_novo_wRi_merrill_23_assembly/assembly/flye/merge_flye_subassembly/00-assembly/draft_assembly.fasta', '--config', '/private/home/jomojaco/mambaforge/envs/snakemake_v8/lib/python3.12/site-packages/flye/config/bin_cfg/asm_subasm.cfg', '--log', '/private/groups/russelllab/jodie/merrill_23_wRi_genome/de_novo_wRi_merrill_23_assembly/assembly/flye/merge_flye_subassembly/flye.log', '--threads', '24', '--genome-size', '1300000', '--min-ovlp', '1000']' returned non-zero exit status 1.
[2025-03-11 12:37:33] root: ERROR: Pipeline aborted
[2025-03-11 12:39:58] root: WARNING: --subassemblies mode is being deprecated. It will be removed in the future versions.
[2025-03-11 12:39:58] root: INFO: Starting Flye 2.9.5-b1801
[2025-03-11 12:39:58] root: DEBUG: Cmd: /private/home/jomojaco/mambaforge/envs/snakemake_v8/bin/flye --subassemblies /private/groups/russelllab/jodie/merrill_23_wRi_genome/anne_assembly/consensus_assembly.fasta /private/groups/russelllab/jodie/merrill_23_wRi_genome/flye/merrill_23_all_basecalled/wRi/assembly.fasta /private/groups/russelllab/jodie/merrill_23_wRi_genome/de_novo_wRi_merrill_23_assembly/assembly/flye/longest_contigs_bridge.fasta --genome-size 1.3m --threads 24 --iterations 5 -o /private/groups/russelllab/jodie/merrill_23_wRi_genome/de_novo_wRi_merrill_23_assembly/assembly/flye/merge_flye_subassembly/
[2025-03-11 12:39:58] root: DEBUG: Python version: 3.12.3 | packaged by conda-forge | (main, Apr 15 2024, 18:38:13) [GCC 12.3.0]
[2025-03-11 12:39:58] root: INFO: >>>STAGE: configure
[2025-03-11 12:39:58] root: INFO: Configuring run
[2025-03-11 12:39:58] root: INFO: Total read length: 4320282
[2025-03-11 12:39:58] root: INFO: Input genome size: 1300000
[2025-03-11 12:39:58] root: INFO: Estimated coverage: 3
[2025-03-11 12:39:58] root: WARNING: Expected read coverage is 3, the assembly is not guaranteed to be optimal in this setting. Are you sure that the genome size was entered correctly?
[2025-03-11 12:39:58] root: INFO: Reads N50/N90: 606948 / 291442
[2025-03-11 12:39:58] root: INFO: Minimum overlap set to 1000
[2025-03-11 12:39:58] root: INFO: >>>STAGE: assembly
[2025-03-11 12:39:58] root: INFO: Assembling disjointigs
[2025-03-11 12:39:58] root: DEBUG: -----Begin assembly log------
[2025-03-11 12:39:58] root: DEBUG: Running: flye-modules assemble --reads /private/groups/russelllab/jodie/merrill_23_wRi_genome/anne_assembly/consensus_assembly.fasta,/private/groups/russelllab/jodie/merrill_23_wRi_genome/flye/merrill_23_all_basecalled/wRi/assembly.fasta,/private/groups/russelllab/jodie/merrill_23_wRi_genome/de_novo_wRi_merrill_23_assembly/assembly/flye/longest_contigs_bridge.fasta --out-asm /private/groups/russelllab/jodie/merrill_23_wRi_genome/de_novo_wRi_merrill_23_assembly/assembly/flye/merge_flye_subassembly/00-assembly/draft_assembly.fasta --config /private/home/jomojaco/mambaforge/envs/snakemake_v8/lib/python3.12/site-packages/flye/config/bin_cfg/asm_subasm.cfg --log /private/groups/russelllab/jodie/merrill_23_wRi_genome/de_novo_wRi_merrill_23_assembly/assembly/flye/merge_flye_subassembly/flye.log --threads 24 --genome-size 1300000 --min-ovlp 1000
[2025-03-11 12:39:58] DEBUG: Build date: Aug 30 2024 21:28:54
[2025-03-11 12:39:58] DEBUG: Total RAM: 1007 Gb
[2025-03-11 12:39:58] DEBUG: Available RAM: 923 Gb
[2025-03-11 12:39:58] DEBUG: Total CPUs: 64
[2025-03-11 12:39:58] DEBUG: Loading /private/home/jomojaco/mambaforge/envs/snakemake_v8/lib/python3.12/site-packages/flye/config/bin_cfg/asm_subasm.cfg
[2025-03-11 12:39:58] DEBUG: Loading /private/home/jomojaco/mambaforge/envs/snakemake_v8/lib/python3.12/site-packages/flye/config/bin_cfg/asm_defaults.cfg
[2025-03-11 12:39:58] DEBUG: 	big_genome_threshold=29000000
[2025-03-11 12:39:58] DEBUG: 	meta_read_filter_kmer_freq=100
[2025-03-11 12:39:58] DEBUG: 	chain_large_gap_penalty=2
[2025-03-11 12:39:58] DEBUG: 	chain_small_gap_penalty=0.5
[2025-03-11 12:39:58] DEBUG: 	chain_gap_jump_threshold=100
[2025-03-11 12:39:58] DEBUG: 	max_jump_gap=500
[2025-03-11 12:39:58] DEBUG: 	max_coverage_drop_rate=5
[2025-03-11 12:39:58] DEBUG: 	max_extensions_drop_rate=5
[2025-03-11 12:39:58] DEBUG: 	chimera_window=100
[2025-03-11 12:39:58] DEBUG: 	chimera_overhang=1000
[2025-03-11 12:39:58] DEBUG: 	min_reads_in_disjointig=4
[2025-03-11 12:39:58] DEBUG: 	max_inner_reads=10
[2025-03-11 12:39:58] DEBUG: 	max_inner_fraction=0.25
[2025-03-11 12:39:58] DEBUG: 	aggressive_dup_filter=1
[2025-03-11 12:39:58] DEBUG: 	max_separation=500
[2025-03-11 12:39:58] DEBUG: 	unique_edge_length=50000
[2025-03-11 12:39:58] DEBUG: 	min_repeat_res_support=0.51
[2025-03-11 12:39:58] DEBUG: 	out_paths_ratio=5
[2025-03-11 12:39:58] DEBUG: 	graph_cov_drop_rate=5
[2025-03-11 12:39:58] DEBUG: 	coverage_estimate_window=100
[2025-03-11 12:39:58] DEBUG: 	max_bubble_length=50000
[2025-03-11 12:39:58] DEBUG: 	loop_coverage_rate=1.5
[2025-03-11 12:39:58] DEBUG: 	repeat_edge_cov_mult=1.75
[2025-03-11 12:39:58] DEBUG: 	weak_detach_rate=5
[2025-03-11 12:39:58] DEBUG: 	tip_coverage_rate=2
[2025-03-11 12:39:58] DEBUG: 	tip_length_rate=2
[2025-03-11 12:39:58] DEBUG: 	output_gfa_before_rr=1
[2025-03-11 12:39:58] DEBUG: 	remove_alt_edges=0
[2025-03-11 12:39:58] DEBUG: 	low_cutoff_warning=0
[2025-03-11 12:39:58] DEBUG: 	kmer_size=31
[2025-03-11 12:39:58] DEBUG: 	use_minimizers=1
[2025-03-11 12:39:58] DEBUG: 	minimizer_window=10
[2025-03-11 12:39:58] DEBUG: 	reads_base_alignment=1
[2025-03-11 12:39:58] DEBUG: 	meta_read_top_kmer_rate=0.75
[2025-03-11 12:39:58] DEBUG: 	maximum_jump=500
[2025-03-11 12:39:58] DEBUG: 	maximum_overhang=100
[2025-03-11 12:39:58] DEBUG: 	repeat_kmer_rate=100
[2025-03-11 12:39:58] DEBUG: 	assemble_ovlp_divergence=0.02
[2025-03-11 12:39:58] DEBUG: 	assemble_divergence_relative=0
[2025-03-11 12:39:58] DEBUG: 	repeat_graph_ovlp_divergence=0.02
[2025-03-11 12:39:58] DEBUG: 	read_align_ovlp_divergence=0.02
[2025-03-11 12:39:58] DEBUG: 	hpc_scoring_on=0
[2025-03-11 12:39:58] DEBUG: 	add_unassembled_reads=1
[2025-03-11 12:39:58] DEBUG: 	extend_contigs_with_repeats=0
[2025-03-11 12:39:58] DEBUG: 	min_read_cov_cutoff=1
[2025-03-11 12:39:58] DEBUG: 	short_tip_length=10000
[2025-03-11 12:39:58] DEBUG: 	long_tip_length=100000
[2025-03-11 12:39:58] DEBUG: Running with k-mer size: 31
[2025-03-11 12:39:58] DEBUG: Running with minimum overlap 1000
[2025-03-11 12:39:58] DEBUG: Metagenome mode: N
[2025-03-11 12:39:58] DEBUG: Short mode: N
[2025-03-11 12:39:58] INFO: Reading sequences
[2025-03-11 12:39:58] ERROR: The input contain reads with duplicated IDs. Make sure all reads have unique IDs and restart. The first problematic ID was: contig_8
-----------End assembly log------------
[2025-03-11 12:39:58] root: ERROR: Command '['flye-modules', 'assemble', '--reads', '/private/groups/russelllab/jodie/merrill_23_wRi_genome/anne_assembly/consensus_assembly.fasta,/private/groups/russelllab/jodie/merrill_23_wRi_genome/flye/merrill_23_all_basecalled/wRi/assembly.fasta,/private/groups/russelllab/jodie/merrill_23_wRi_genome/de_novo_wRi_merrill_23_assembly/assembly/flye/longest_contigs_bridge.fasta', '--out-asm', '/private/groups/russelllab/jodie/merrill_23_wRi_genome/de_novo_wRi_merrill_23_assembly/assembly/flye/merge_flye_subassembly/00-assembly/draft_assembly.fasta', '--config', '/private/home/jomojaco/mambaforge/envs/snakemake_v8/lib/python3.12/site-packages/flye/config/bin_cfg/asm_subasm.cfg', '--log', '/private/groups/russelllab/jodie/merrill_23_wRi_genome/de_novo_wRi_merrill_23_assembly/assembly/flye/merge_flye_subassembly/flye.log', '--threads', '24', '--genome-size', '1300000', '--min-ovlp', '1000']' returned non-zero exit status 1.
[2025-03-11 12:39:58] root: ERROR: Pipeline aborted
[2025-03-11 12:40:54] root: WARNING: --subassemblies mode is being deprecated. It will be removed in the future versions.
[2025-03-11 12:40:54] root: INFO: Starting Flye 2.9.5-b1801
[2025-03-11 12:40:54] root: DEBUG: Cmd: /private/home/jomojaco/mambaforge/envs/snakemake_v8/bin/flye --subassemblies /private/groups/russelllab/jodie/merrill_23_wRi_genome/anne_assembly/consensus_assembly.fasta --genome-size 1.3m --threads 24 --iterations 5 -o /private/groups/russelllab/jodie/merrill_23_wRi_genome/de_novo_wRi_merrill_23_assembly/assembly/flye/merge_flye_subassembly/
[2025-03-11 12:40:54] root: DEBUG: Python version: 3.12.3 | packaged by conda-forge | (main, Apr 15 2024, 18:38:13) [GCC 12.3.0]
[2025-03-11 12:40:54] root: INFO: >>>STAGE: configure
[2025-03-11 12:40:54] root: INFO: Configuring run
[2025-03-11 12:40:54] root: INFO: Total read length: 1481127
[2025-03-11 12:40:54] root: INFO: Input genome size: 1300000
[2025-03-11 12:40:54] root: INFO: Estimated coverage: 1
[2025-03-11 12:40:54] root: WARNING: Expected read coverage is 1, the assembly is not guaranteed to be optimal in this setting. Are you sure that the genome size was entered correctly?
[2025-03-11 12:40:54] root: INFO: Reads N50/N90: 941043 / 475222
[2025-03-11 12:40:54] root: INFO: Minimum overlap set to 1000
[2025-03-11 12:40:54] root: INFO: >>>STAGE: assembly
[2025-03-11 12:40:54] root: INFO: Assembling disjointigs
[2025-03-11 12:40:54] root: DEBUG: -----Begin assembly log------
[2025-03-11 12:40:54] root: DEBUG: Running: flye-modules assemble --reads /private/groups/russelllab/jodie/merrill_23_wRi_genome/anne_assembly/consensus_assembly.fasta --out-asm /private/groups/russelllab/jodie/merrill_23_wRi_genome/de_novo_wRi_merrill_23_assembly/assembly/flye/merge_flye_subassembly/00-assembly/draft_assembly.fasta --config /private/home/jomojaco/mambaforge/envs/snakemake_v8/lib/python3.12/site-packages/flye/config/bin_cfg/asm_subasm.cfg --log /private/groups/russelllab/jodie/merrill_23_wRi_genome/de_novo_wRi_merrill_23_assembly/assembly/flye/merge_flye_subassembly/flye.log --threads 24 --genome-size 1300000 --min-ovlp 1000
[2025-03-11 12:40:54] DEBUG: Build date: Aug 30 2024 21:28:54
[2025-03-11 12:40:54] DEBUG: Total RAM: 1007 Gb
[2025-03-11 12:40:54] DEBUG: Available RAM: 923 Gb
[2025-03-11 12:40:54] DEBUG: Total CPUs: 64
[2025-03-11 12:40:54] DEBUG: Loading /private/home/jomojaco/mambaforge/envs/snakemake_v8/lib/python3.12/site-packages/flye/config/bin_cfg/asm_subasm.cfg
[2025-03-11 12:40:54] DEBUG: Loading /private/home/jomojaco/mambaforge/envs/snakemake_v8/lib/python3.12/site-packages/flye/config/bin_cfg/asm_defaults.cfg
[2025-03-11 12:40:54] DEBUG: 	big_genome_threshold=29000000
[2025-03-11 12:40:54] DEBUG: 	meta_read_filter_kmer_freq=100
[2025-03-11 12:40:54] DEBUG: 	chain_large_gap_penalty=2
[2025-03-11 12:40:54] DEBUG: 	chain_small_gap_penalty=0.5
[2025-03-11 12:40:54] DEBUG: 	chain_gap_jump_threshold=100
[2025-03-11 12:40:54] DEBUG: 	max_jump_gap=500
[2025-03-11 12:40:54] DEBUG: 	max_coverage_drop_rate=5
[2025-03-11 12:40:54] DEBUG: 	max_extensions_drop_rate=5
[2025-03-11 12:40:54] DEBUG: 	chimera_window=100
[2025-03-11 12:40:54] DEBUG: 	chimera_overhang=1000
[2025-03-11 12:40:54] DEBUG: 	min_reads_in_disjointig=4
[2025-03-11 12:40:54] DEBUG: 	max_inner_reads=10
[2025-03-11 12:40:54] DEBUG: 	max_inner_fraction=0.25
[2025-03-11 12:40:54] DEBUG: 	aggressive_dup_filter=1
[2025-03-11 12:40:54] DEBUG: 	max_separation=500
[2025-03-11 12:40:54] DEBUG: 	unique_edge_length=50000
[2025-03-11 12:40:54] DEBUG: 	min_repeat_res_support=0.51
[2025-03-11 12:40:54] DEBUG: 	out_paths_ratio=5
[2025-03-11 12:40:54] DEBUG: 	graph_cov_drop_rate=5
[2025-03-11 12:40:54] DEBUG: 	coverage_estimate_window=100
[2025-03-11 12:40:54] DEBUG: 	max_bubble_length=50000
[2025-03-11 12:40:54] DEBUG: 	loop_coverage_rate=1.5
[2025-03-11 12:40:54] DEBUG: 	repeat_edge_cov_mult=1.75
[2025-03-11 12:40:54] DEBUG: 	weak_detach_rate=5
[2025-03-11 12:40:54] DEBUG: 	tip_coverage_rate=2
[2025-03-11 12:40:54] DEBUG: 	tip_length_rate=2
[2025-03-11 12:40:54] DEBUG: 	output_gfa_before_rr=1
[2025-03-11 12:40:54] DEBUG: 	remove_alt_edges=0
[2025-03-11 12:40:54] DEBUG: 	low_cutoff_warning=0
[2025-03-11 12:40:54] DEBUG: 	kmer_size=31
[2025-03-11 12:40:54] DEBUG: 	use_minimizers=1
[2025-03-11 12:40:54] DEBUG: 	minimizer_window=10
[2025-03-11 12:40:54] DEBUG: 	reads_base_alignment=1
[2025-03-11 12:40:54] DEBUG: 	meta_read_top_kmer_rate=0.75
[2025-03-11 12:40:54] DEBUG: 	maximum_jump=500
[2025-03-11 12:40:54] DEBUG: 	maximum_overhang=100
[2025-03-11 12:40:54] DEBUG: 	repeat_kmer_rate=100
[2025-03-11 12:40:54] DEBUG: 	assemble_ovlp_divergence=0.02
[2025-03-11 12:40:54] DEBUG: 	assemble_divergence_relative=0
[2025-03-11 12:40:54] DEBUG: 	repeat_graph_ovlp_divergence=0.02
[2025-03-11 12:40:54] DEBUG: 	read_align_ovlp_divergence=0.02
[2025-03-11 12:40:54] DEBUG: 	hpc_scoring_on=0
[2025-03-11 12:40:54] DEBUG: 	add_unassembled_reads=1
[2025-03-11 12:40:54] DEBUG: 	extend_contigs_with_repeats=0
[2025-03-11 12:40:54] DEBUG: 	min_read_cov_cutoff=1
[2025-03-11 12:40:54] DEBUG: 	short_tip_length=10000
[2025-03-11 12:40:54] DEBUG: 	long_tip_length=100000
[2025-03-11 12:40:54] DEBUG: Running with k-mer size: 31
[2025-03-11 12:40:54] DEBUG: Running with minimum overlap 1000
[2025-03-11 12:40:54] DEBUG: Metagenome mode: N
[2025-03-11 12:40:54] DEBUG: Short mode: N
[2025-03-11 12:40:54] INFO: Reading sequences
[2025-03-11 12:40:54] DEBUG: Building positional index
[2025-03-11 12:40:54] DEBUG: Total sequence: 1480421 bp
[2025-03-11 12:40:54] INFO: Building minimizer index
[2025-03-11 12:40:54] INFO: Pre-calculating index storage
[2025-03-11 12:40:54] DEBUG: Mean k-mer frequency: 1.16369
[2025-03-11 12:40:54] DEBUG: Repetitive k-mer frequency: 116
[2025-03-11 12:40:54] DEBUG: Filtered 0 repetitive k-mers (0)
[2025-03-11 12:40:54] INFO: Filling index
[2025-03-11 12:40:54] DEBUG: Sorting k-mer index
[2025-03-11 12:40:55] DEBUG: Selected k-mers: 231061
[2025-03-11 12:40:55] DEBUG: K-mer index size: 268885
[2025-03-11 12:40:55] DEBUG: Mean k-mer frequency: 1.1637
[2025-03-11 12:40:55] DEBUG: Minimizer rate: 5.50578
[2025-03-11 12:40:55] DEBUG: Peak RAM usage: 0 Gb
[2025-03-11 12:40:55] DEBUG: Estimating k-mer identity bias
[2025-03-11 12:40:59] DEBUG: Initial divergence estimate : 0
[2025-03-11 12:40:59] DEBUG: Relative threshold: N
[2025-03-11 12:40:59] DEBUG: Max divergence threshold set to 0.02
[2025-03-11 12:40:59] INFO: Extending reads
[2025-03-11 12:40:59] DEBUG: Estimating overlap coverage
[2025-03-11 12:41:00] INFO: Overlap-based coverage: 0
[2025-03-11 12:41:00] INFO: Median overlap divergence: 0
[2025-03-11 12:41:00] DEBUG: Sequence divergence distribution: 

    |*   |                                                                                               
    |*   |                                                                                               
    |*   |                                                                                               
    |*   |                                                                                               
    |*   |                                                                                               
    |*   |                                                                                               
    |*   |                                                                                               
    |*   |                                                                                               
    |*   |                                                                                               
    |*   |                                                                                               
    |*   *                                                                                               
    |*   *                                                                                               
    |*   *                                                                                               
    |*   *                                                                                               
    |*   *                                                                                               
    |*   *                                                                                               
    |*   *                                                                                               
    |*   *                                                                                               
    |*   *                                                                                               
    |*   *                                                                                               
    ----------------------------------------------------------------------------------------------------
    0%        5%        10%       15%       20%       25%       30%       35%       40%       45%       

    Q25 = 0, Q50 = 0, Q75 = 0.023

[2025-03-11 12:41:00] DEBUG: Assembled disjointig 1
	With 2 reads
	Start read: +12
	At position: 1
	leftTip: 1 rightTip: 1
	Suspicious: 1
	Short ext: 0
	Mean extensions: 1
	Avg overlap len: 2223
	Min overlap len: 2223
	Inner reads: 0
	Length: 38187
[2025-03-11 12:41:00] DEBUG: Inner: 4 covered: 24 total: 24
[2025-03-11 12:41:01] INFO: Assembled 1 disjointigs
[2025-03-11 12:41:01] INFO: Generating sequence
[2025-03-11 12:41:01] DEBUG: Building positional index
[2025-03-11 12:41:01] DEBUG: Total sequence: 38187 bp
[2025-03-11 12:41:01] DEBUG: Mean k-mer frequency: 0.999855
[2025-03-11 12:41:01] DEBUG: Repetitive k-mer frequency: 99
[2025-03-11 12:41:01] DEBUG: Filtered 0 repetitive k-mers (0)
[2025-03-11 12:41:01] DEBUG: Sorting k-mer index
[2025-03-11 12:41:01] DEBUG: Selected k-mers: 6914
[2025-03-11 12:41:01] DEBUG: K-mer index size: 6914
[2025-03-11 12:41:01] DEBUG: Mean k-mer frequency: 1
[2025-03-11 12:41:01] DEBUG: Minimizer rate: 5.52314
[2025-03-11 12:41:01] INFO: Filtering contained disjointigs
[2025-03-11 12:41:01] DEBUG: Computing transitive closure for overlaps
[2025-03-11 12:41:01] DEBUG: Found 0 overlaps
[2025-03-11 12:41:01] DEBUG: Left 0 overlaps after filtering
[2025-03-11 12:41:01] INFO: Contained seqs: 0
[2025-03-11 12:41:01] DEBUG: Writing FASTA
[2025-03-11 12:41:01] DEBUG: Peak RAM usage: 0 Gb
-----------End assembly log------------
[2025-03-11 12:41:01] root: DEBUG: Disjointigs length: 38187, N50: 38187
[2025-03-11 12:41:01] root: INFO: >>>STAGE: repeat
[2025-03-11 12:41:01] root: INFO: Building and resolving repeat graph
[2025-03-11 12:41:01] root: DEBUG: -----Begin repeat analyser log------
[2025-03-11 12:41:01] root: DEBUG: Running: flye-modules repeat --disjointigs /private/groups/russelllab/jodie/merrill_23_wRi_genome/de_novo_wRi_merrill_23_assembly/assembly/flye/merge_flye_subassembly/00-assembly/draft_assembly.fasta --reads /private/groups/russelllab/jodie/merrill_23_wRi_genome/anne_assembly/consensus_assembly.fasta --out-dir /private/groups/russelllab/jodie/merrill_23_wRi_genome/de_novo_wRi_merrill_23_assembly/assembly/flye/merge_flye_subassembly/20-repeat --config /private/home/jomojaco/mambaforge/envs/snakemake_v8/lib/python3.12/site-packages/flye/config/bin_cfg/asm_subasm.cfg --log /private/groups/russelllab/jodie/merrill_23_wRi_genome/de_novo_wRi_merrill_23_assembly/assembly/flye/merge_flye_subassembly/flye.log --threads 24 --min-ovlp 1000
[2025-03-11 12:41:01] DEBUG: Build date: Aug 30 2024 21:29:19
[2025-03-11 12:41:01] DEBUG: Total RAM: 1007 Gb
[2025-03-11 12:41:01] DEBUG: Available RAM: 923 Gb
[2025-03-11 12:41:01] DEBUG: Total CPUs: 64
[2025-03-11 12:41:01] DEBUG: Loading /private/home/jomojaco/mambaforge/envs/snakemake_v8/lib/python3.12/site-packages/flye/config/bin_cfg/asm_subasm.cfg
[2025-03-11 12:41:01] DEBUG: Loading /private/home/jomojaco/mambaforge/envs/snakemake_v8/lib/python3.12/site-packages/flye/config/bin_cfg/asm_defaults.cfg
[2025-03-11 12:41:01] DEBUG: 	big_genome_threshold=29000000
[2025-03-11 12:41:01] DEBUG: 	meta_read_filter_kmer_freq=100
[2025-03-11 12:41:01] DEBUG: 	chain_large_gap_penalty=2
[2025-03-11 12:41:01] DEBUG: 	chain_small_gap_penalty=0.5
[2025-03-11 12:41:01] DEBUG: 	chain_gap_jump_threshold=100
[2025-03-11 12:41:01] DEBUG: 	max_jump_gap=500
[2025-03-11 12:41:01] DEBUG: 	max_coverage_drop_rate=5
[2025-03-11 12:41:01] DEBUG: 	max_extensions_drop_rate=5
[2025-03-11 12:41:01] DEBUG: 	chimera_window=100
[2025-03-11 12:41:01] DEBUG: 	chimera_overhang=1000
[2025-03-11 12:41:01] DEBUG: 	min_reads_in_disjointig=4
[2025-03-11 12:41:01] DEBUG: 	max_inner_reads=10
[2025-03-11 12:41:01] DEBUG: 	max_inner_fraction=0.25
[2025-03-11 12:41:01] DEBUG: 	aggressive_dup_filter=1
[2025-03-11 12:41:01] DEBUG: 	max_separation=500
[2025-03-11 12:41:01] DEBUG: 	unique_edge_length=50000
[2025-03-11 12:41:01] DEBUG: 	min_repeat_res_support=0.51
[2025-03-11 12:41:01] DEBUG: 	out_paths_ratio=5
[2025-03-11 12:41:01] DEBUG: 	graph_cov_drop_rate=5
[2025-03-11 12:41:01] DEBUG: 	coverage_estimate_window=100
[2025-03-11 12:41:01] DEBUG: 	max_bubble_length=50000
[2025-03-11 12:41:01] DEBUG: 	loop_coverage_rate=1.5
[2025-03-11 12:41:01] DEBUG: 	repeat_edge_cov_mult=1.75
[2025-03-11 12:41:01] DEBUG: 	weak_detach_rate=5
[2025-03-11 12:41:01] DEBUG: 	tip_coverage_rate=2
[2025-03-11 12:41:01] DEBUG: 	tip_length_rate=2
[2025-03-11 12:41:01] DEBUG: 	output_gfa_before_rr=1
[2025-03-11 12:41:01] DEBUG: 	remove_alt_edges=0
[2025-03-11 12:41:01] DEBUG: 	low_cutoff_warning=0
[2025-03-11 12:41:01] DEBUG: 	kmer_size=31
[2025-03-11 12:41:01] DEBUG: 	use_minimizers=1
[2025-03-11 12:41:01] DEBUG: 	minimizer_window=10
[2025-03-11 12:41:01] DEBUG: 	reads_base_alignment=1
[2025-03-11 12:41:01] DEBUG: 	meta_read_top_kmer_rate=0.75
[2025-03-11 12:41:01] DEBUG: 	maximum_jump=500
[2025-03-11 12:41:01] DEBUG: 	maximum_overhang=100
[2025-03-11 12:41:01] DEBUG: 	repeat_kmer_rate=100
[2025-03-11 12:41:01] DEBUG: 	assemble_ovlp_divergence=0.02
[2025-03-11 12:41:01] DEBUG: 	assemble_divergence_relative=0
[2025-03-11 12:41:01] DEBUG: 	repeat_graph_ovlp_divergence=0.02
[2025-03-11 12:41:01] DEBUG: 	read_align_ovlp_divergence=0.02
[2025-03-11 12:41:01] DEBUG: 	hpc_scoring_on=0
[2025-03-11 12:41:01] DEBUG: 	add_unassembled_reads=1
[2025-03-11 12:41:01] DEBUG: 	extend_contigs_with_repeats=0
[2025-03-11 12:41:01] DEBUG: 	min_read_cov_cutoff=1
[2025-03-11 12:41:01] DEBUG: 	short_tip_length=10000
[2025-03-11 12:41:01] DEBUG: 	long_tip_length=100000
[2025-03-11 12:41:01] DEBUG: Running with k-mer size: 31
[2025-03-11 12:41:01] DEBUG: Selected minimum overlap 1000
[2025-03-11 12:41:01] DEBUG: Metagenome mode: N
[2025-03-11 12:41:01] INFO: Parsing disjointigs
[2025-03-11 12:41:01] DEBUG: Building positional index
[2025-03-11 12:41:01] DEBUG: Total sequence: 38187 bp
[2025-03-11 12:41:01] INFO: Building repeat graph
[2025-03-11 12:41:02] DEBUG: Mean k-mer frequency: 0.999855
[2025-03-11 12:41:02] DEBUG: Repetitive k-mer frequency: 99
[2025-03-11 12:41:02] DEBUG: Filtered 0 repetitive k-mers (0)
[2025-03-11 12:41:02] DEBUG: Sorting k-mer index
[2025-03-11 12:41:02] DEBUG: Selected k-mers: 6914
[2025-03-11 12:41:02] DEBUG: K-mer index size: 6914
[2025-03-11 12:41:02] DEBUG: Mean k-mer frequency: 1
[2025-03-11 12:41:02] DEBUG: Minimizer rate: 5.52314
[2025-03-11 12:41:02] DEBUG: Computing transitive closure for overlaps
[2025-03-11 12:41:02] DEBUG: Found 0 overlaps
[2025-03-11 12:41:02] DEBUG: Left 0 overlaps after filtering
[2025-03-11 12:41:02] INFO: Median overlap divergence: 0
[2025-03-11 12:41:02] DEBUG: Sequence divergence distribution: 

    |    |                                                                                               
    |    |                                                                                               
    |    |                                                                                               
    |    |                                                                                               
    |    |                                                                                               
    |    |                                                                                               
    |    |                                                                                               
    |    |                                                                                               
    |    |                                                                                               
    |    |                                                                                               
    |    |                                                                                               
    |    |                                                                                               
    |    |                                                                                               
    |    |                                                                                               
    |    |                                                                                               
    |    |                                                                                               
    |    |                                                                                               
    |    |                                                                                               
    |    |                                                                                               
    |    |                                                                                               
    ----------------------------------------------------------------------------------------------------
    0%        5%        10%       15%       20%       25%       30%       35%       40%       45%       

    Q25 = 0, Q50 = 0, Q75 = 0

[2025-03-11 12:41:02] DEBUG: Computing gluepoints
[2025-03-11 12:41:02] DEBUG: Added 0 gluepoint projections
[2025-03-11 12:41:02] DEBUG: Created 4 gluepoints
[2025-03-11 12:41:02] DEBUG: Artificial loops removed: 0 left, 0 right, 0 both
[2025-03-11 12:41:02] DEBUG: Initializing edges
[2025-03-11 12:41:02] DEBUG: Edges length checksum: 1458170596
[2025-03-11 12:41:02] DEBUG: Filtered 0 singleton segments
[2025-03-11 12:41:02] DEBUG: Removed 0 simple and 0 double chimeric junctions
[2025-03-11 12:41:02] DEBUG: Collapsed 0 edges
[2025-03-11 12:41:02] DEBUG: *	1	+disjointig_1	0	38186	38186	
[2025-03-11 12:41:02] DEBUG: Total edges: 1
[2025-03-11 12:41:02] INFO: Parsing reads
[2025-03-11 12:41:02] DEBUG: Building positional index
[2025-03-11 12:41:02] DEBUG: Total sequence: 1481127 bp
[2025-03-11 12:41:02] DEBUG: Building positional index
[2025-03-11 12:41:02] DEBUG: Total sequence: 38186 bp
[2025-03-11 12:41:02] INFO: Aligning reads to the graph
[2025-03-11 12:41:02] DEBUG: Mean k-mer frequency: 0.999855
[2025-03-11 12:41:02] DEBUG: Repetitive k-mer frequency: 99
[2025-03-11 12:41:02] DEBUG: Filtered 0 repetitive k-mers (0)
[2025-03-11 12:41:02] DEBUG: Sorting k-mer index
[2025-03-11 12:41:02] DEBUG: Selected k-mers: 6914
[2025-03-11 12:41:02] DEBUG: K-mer index size: 6914
[2025-03-11 12:41:02] DEBUG: Mean k-mer frequency: 1
[2025-03-11 12:41:02] DEBUG: Minimizer rate: 5.523
[2025-03-11 12:41:02] DEBUG: Total reads : 12
[2025-03-11 12:41:02] DEBUG: Read with aligned parts : 3
[2025-03-11 12:41:02] DEBUG: Aligned in one piece : 1
[2025-03-11 12:41:02] INFO: Aligned read sequence: 94634 / 1480421 (0.0639237)
[2025-03-11 12:41:02] INFO: Median overlap divergence: 0
[2025-03-11 12:41:02] DEBUG: Sequence divergence distribution: 

    |*   |                                                                                               
    |*   |                                                                                               
    |*   |                                                                                               
    |*   |                                                                                               
    |*   |                                                                                               
    |*   |                                                                                               
    |*   |                                                                                               
    |*   |                                                                                               
    |*   |                                                                                               
    |*   |                                                                                               
    |*   |                                                                                               
    |*   |                                                                                               
    |*   |                                                                                               
    |*   |                                                                                               
    |*   |                                                                                               
    |*   |                                                                                               
    |*   |                                                                                               
    |*   |                                                                                               
    |*   |            *                                                                                  
    |* **| *          *           *                                                                      
    ----------------------------------------------------------------------------------------------------
    0%        5%        10%       15%       20%       25%       30%       35%       40%       45%       

    Q25 = 0, Q50 = 0, Q75 = 0

[2025-03-11 12:41:02] INFO: Mean edge coverage: 2
[2025-03-11 12:41:02] DEBUG: 1	len:38186	cov:1	mult:0.5
[2025-03-11 12:41:02] DEBUG: -1	len:38186	cov:1	mult:0.5
[2025-03-11 12:41:02] DEBUG: Unique coverage threshold 1
[2025-03-11 12:41:02] INFO: Simplifying the graph
[2025-03-11 12:41:02] DEBUG: Read coverage cutoff: 1
[2025-03-11 12:41:02] DEBUG: [SIMPL] Removed 0 paths with low coverage
[2025-03-11 12:41:02] DEBUG: [SIMPL] Masked 0 heterozygous loops
[2025-03-11 12:41:02] DEBUG: [SIMPL] Masked 0 simple bubbles
[2025-03-11 12:41:02] DEBUG: Finding repeats
[2025-03-11 12:41:02] DEBUG: Read coverage cutoff: 1
[2025-03-11 12:41:02] DEBUG: Repeat detection iteration 1
[2025-03-11 12:41:02] DEBUG: Writing Dot
[2025-03-11 12:41:02] DEBUG: Writing FASTA
[2025-03-11 12:41:02] DEBUG: Writing Gfa
[2025-03-11 12:41:02] DEBUG: [SIMPL] == Iteration 1 ==
[2025-03-11 12:41:02] DEBUG: Splitting nodes
[2025-03-11 12:41:02] DEBUG: [SIMPL] Split 0 nodes
[2025-03-11 12:41:02] DEBUG: [SIMPL] Clipped 0 short and 0 long tips
[2025-03-11 12:41:02] DEBUG: [SIMPL] Masked 0 heterozygous loops
[2025-03-11 12:41:02] DEBUG: [SIMPL] Masked 0 simple bubbles
[2025-03-11 12:41:02] DEBUG: Finding repeats
[2025-03-11 12:41:02] DEBUG: Read coverage cutoff: 1
[2025-03-11 12:41:02] DEBUG: Repeat detection iteration 1
[2025-03-11 12:41:02] DEBUG: Total unique edges: 1
[2025-03-11 12:41:02] DEBUG: [SIMPL] Resolved repeats: 0
[2025-03-11 12:41:02] DEBUG: RR links: 0
[2025-03-11 12:41:02] DEBUG: Unresolved: 0
[2025-03-11 12:41:02] DEBUG: Removed 0 simple and 0 double chimeric junctions
[2025-03-11 12:41:02] DEBUG: [SIMPL] Collapsed 0 haplotypes
[2025-03-11 12:41:02] DEBUG: [SIMPL] Resolved 0 simple repeats
[2025-03-11 12:41:02] DEBUG: Read coverage cutoff: 1
[2025-03-11 12:41:02] DEBUG: [SIMPL] Removed 0 paths with low coverage
[2025-03-11 12:41:02] DEBUG: Finding repeats
[2025-03-11 12:41:02] DEBUG: Read coverage cutoff: 1
[2025-03-11 12:41:02] DEBUG: Repeat detection iteration 1
[2025-03-11 12:41:02] DEBUG: Writing Dot
[2025-03-11 12:41:02] DEBUG: Writing FASTA
[2025-03-11 12:41:02] DEBUG: Peak RAM usage: 0 Gb
-----------End assembly log------------
[2025-03-11 12:41:02] root: INFO: >>>STAGE: contigger
[2025-03-11 12:41:02] root: INFO: Generating contigs
[2025-03-11 12:41:02] root: DEBUG: -----Begin contigger analyser log------
[2025-03-11 12:41:02] root: DEBUG: Running: flye-modules contigger --graph-edges /private/groups/russelllab/jodie/merrill_23_wRi_genome/de_novo_wRi_merrill_23_assembly/assembly/flye/merge_flye_subassembly/20-repeat/repeat_graph_edges.fasta --reads /private/groups/russelllab/jodie/merrill_23_wRi_genome/anne_assembly/consensus_assembly.fasta --out-dir /private/groups/russelllab/jodie/merrill_23_wRi_genome/de_novo_wRi_merrill_23_assembly/assembly/flye/merge_flye_subassembly/30-contigger --config /private/home/jomojaco/mambaforge/envs/snakemake_v8/lib/python3.12/site-packages/flye/config/bin_cfg/asm_subasm.cfg --repeat-graph /private/groups/russelllab/jodie/merrill_23_wRi_genome/de_novo_wRi_merrill_23_assembly/assembly/flye/merge_flye_subassembly/20-repeat/repeat_graph_dump --graph-aln /private/groups/russelllab/jodie/merrill_23_wRi_genome/de_novo_wRi_merrill_23_assembly/assembly/flye/merge_flye_subassembly/20-repeat/read_alignment_dump --log /private/groups/russelllab/jodie/merrill_23_wRi_genome/de_novo_wRi_merrill_23_assembly/assembly/flye/merge_flye_subassembly/flye.log --threads 24 --min-ovlp 1000
[2025-03-11 12:41:02] DEBUG: Build date: Aug 30 2024 21:29:44
[2025-03-11 12:41:02] DEBUG: Total RAM: 1007 Gb
[2025-03-11 12:41:02] DEBUG: Available RAM: 923 Gb
[2025-03-11 12:41:02] DEBUG: Total CPUs: 64
[2025-03-11 12:41:02] DEBUG: Loading /private/home/jomojaco/mambaforge/envs/snakemake_v8/lib/python3.12/site-packages/flye/config/bin_cfg/asm_subasm.cfg
[2025-03-11 12:41:02] DEBUG: Loading /private/home/jomojaco/mambaforge/envs/snakemake_v8/lib/python3.12/site-packages/flye/config/bin_cfg/asm_defaults.cfg
[2025-03-11 12:41:02] DEBUG: 	big_genome_threshold=29000000
[2025-03-11 12:41:02] DEBUG: 	meta_read_filter_kmer_freq=100
[2025-03-11 12:41:02] DEBUG: 	chain_large_gap_penalty=2
[2025-03-11 12:41:02] DEBUG: 	chain_small_gap_penalty=0.5
[2025-03-11 12:41:02] DEBUG: 	chain_gap_jump_threshold=100
[2025-03-11 12:41:02] DEBUG: 	max_jump_gap=500
[2025-03-11 12:41:02] DEBUG: 	max_coverage_drop_rate=5
[2025-03-11 12:41:02] DEBUG: 	max_extensions_drop_rate=5
[2025-03-11 12:41:02] DEBUG: 	chimera_window=100
[2025-03-11 12:41:02] DEBUG: 	chimera_overhang=1000
[2025-03-11 12:41:02] DEBUG: 	min_reads_in_disjointig=4
[2025-03-11 12:41:02] DEBUG: 	max_inner_reads=10
[2025-03-11 12:41:02] DEBUG: 	max_inner_fraction=0.25
[2025-03-11 12:41:02] DEBUG: 	aggressive_dup_filter=1
[2025-03-11 12:41:02] DEBUG: 	max_separation=500
[2025-03-11 12:41:02] DEBUG: 	unique_edge_length=50000
[2025-03-11 12:41:02] DEBUG: 	min_repeat_res_support=0.51
[2025-03-11 12:41:02] DEBUG: 	out_paths_ratio=5
[2025-03-11 12:41:02] DEBUG: 	graph_cov_drop_rate=5
[2025-03-11 12:41:02] DEBUG: 	coverage_estimate_window=100
[2025-03-11 12:41:02] DEBUG: 	max_bubble_length=50000
[2025-03-11 12:41:02] DEBUG: 	loop_coverage_rate=1.5
[2025-03-11 12:41:02] DEBUG: 	repeat_edge_cov_mult=1.75
[2025-03-11 12:41:02] DEBUG: 	weak_detach_rate=5
[2025-03-11 12:41:02] DEBUG: 	tip_coverage_rate=2
[2025-03-11 12:41:02] DEBUG: 	tip_length_rate=2
[2025-03-11 12:41:02] DEBUG: 	output_gfa_before_rr=1
[2025-03-11 12:41:02] DEBUG: 	remove_alt_edges=0
[2025-03-11 12:41:02] DEBUG: 	low_cutoff_warning=0
[2025-03-11 12:41:02] DEBUG: 	kmer_size=31
[2025-03-11 12:41:02] DEBUG: 	use_minimizers=1
[2025-03-11 12:41:02] DEBUG: 	minimizer_window=10
[2025-03-11 12:41:02] DEBUG: 	reads_base_alignment=1
[2025-03-11 12:41:02] DEBUG: 	meta_read_top_kmer_rate=0.75
[2025-03-11 12:41:02] DEBUG: 	maximum_jump=500
[2025-03-11 12:41:02] DEBUG: 	maximum_overhang=100
[2025-03-11 12:41:02] DEBUG: 	repeat_kmer_rate=100
[2025-03-11 12:41:02] DEBUG: 	assemble_ovlp_divergence=0.02
[2025-03-11 12:41:02] DEBUG: 	assemble_divergence_relative=0
[2025-03-11 12:41:02] DEBUG: 	repeat_graph_ovlp_divergence=0.02
[2025-03-11 12:41:02] DEBUG: 	read_align_ovlp_divergence=0.02
[2025-03-11 12:41:02] DEBUG: 	hpc_scoring_on=0
[2025-03-11 12:41:02] DEBUG: 	add_unassembled_reads=1
[2025-03-11 12:41:02] DEBUG: 	extend_contigs_with_repeats=0
[2025-03-11 12:41:02] DEBUG: 	min_read_cov_cutoff=1
[2025-03-11 12:41:02] DEBUG: 	short_tip_length=10000
[2025-03-11 12:41:02] DEBUG: 	long_tip_length=100000
[2025-03-11 12:41:02] DEBUG: Running with k-mer size: 31
[2025-03-11 12:41:02] DEBUG: Selected minimum overlap 1000
[2025-03-11 12:41:02] INFO: Reading sequences
[2025-03-11 12:41:02] DEBUG: Building positional index
[2025-03-11 12:41:02] DEBUG: Total sequence: 1481127 bp
[2025-03-11 12:41:02] DEBUG: Flipped 0
[2025-03-11 12:41:02] DEBUG: UPath 1: 1
[2025-03-11 12:41:02] DEBUG: Final graph contains 1 egdes
[2025-03-11 12:41:02] DEBUG: Extending contigs into repeats
[2025-03-11 12:41:02] DEBUG: Covered 0 repetitive contigs
[2025-03-11 12:41:02] INFO: Generated 1 contigs
[2025-03-11 12:41:02] DEBUG: Writing FASTA
[2025-03-11 12:41:02] DEBUG: Generating scaffold connections
[2025-03-11 12:41:02] INFO: Added 0 scaffold connections
[2025-03-11 12:41:02] DEBUG: Writing Dot
[2025-03-11 12:41:02] DEBUG: Writing FASTA
[2025-03-11 12:41:02] DEBUG: Writing Gfa
[2025-03-11 12:41:02] DEBUG: Peak RAM usage: 0 Gb
-----------End assembly log------------
[2025-03-11 12:41:02] root: INFO: >>>STAGE: polishing
[2025-03-11 12:41:02] root: INFO: Polishing genome (1/5)
[2025-03-11 12:41:02] root: INFO: Running minimap2
[2025-03-11 12:41:03] root: INFO: Separating alignment into bubbles
[2025-03-11 12:41:04] root: DEBUG: Generated 2417 bubbles
[2025-03-11 12:41:04] root: DEBUG: Split 0 long bubbles
[2025-03-11 12:41:04] root: DEBUG: Skipped 0 empty bubbles
[2025-03-11 12:41:04] root: DEBUG: Skipped 0 bubbles with long branches
[2025-03-11 12:41:04] root: INFO: Alignment error rate: 0.023332
[2025-03-11 12:41:04] root: INFO: Correcting bubbles
[2025-03-11 12:41:04] root: INFO: Polishing genome (2/5)
[2025-03-11 12:41:04] root: INFO: Running minimap2
[2025-03-11 12:41:04] root: INFO: Separating alignment into bubbles
[2025-03-11 12:41:05] root: DEBUG: Generated 2416 bubbles
[2025-03-11 12:41:05] root: DEBUG: Split 0 long bubbles
[2025-03-11 12:41:05] root: DEBUG: Skipped 0 empty bubbles
[2025-03-11 12:41:05] root: DEBUG: Skipped 0 bubbles with long branches
[2025-03-11 12:41:05] root: INFO: Alignment error rate: 0.021359
[2025-03-11 12:41:05] root: INFO: Correcting bubbles
[2025-03-11 12:41:06] root: INFO: Polishing genome (3/5)
[2025-03-11 12:41:06] root: INFO: Running minimap2
[2025-03-11 12:41:06] root: INFO: Separating alignment into bubbles
[2025-03-11 12:41:06] root: DEBUG: Generated 2412 bubbles
[2025-03-11 12:41:06] root: DEBUG: Split 0 long bubbles
[2025-03-11 12:41:06] root: DEBUG: Skipped 0 empty bubbles
[2025-03-11 12:41:06] root: DEBUG: Skipped 0 bubbles with long branches
[2025-03-11 12:41:06] root: INFO: Alignment error rate: 0.021369
[2025-03-11 12:41:06] root: INFO: Correcting bubbles
[2025-03-11 12:41:07] root: INFO: Polishing genome (4/5)
[2025-03-11 12:41:07] root: INFO: Running minimap2
[2025-03-11 12:41:07] root: INFO: Separating alignment into bubbles
[2025-03-11 12:41:08] root: DEBUG: Generated 2411 bubbles
[2025-03-11 12:41:08] root: DEBUG: Split 0 long bubbles
[2025-03-11 12:41:08] root: DEBUG: Skipped 0 empty bubbles
[2025-03-11 12:41:08] root: DEBUG: Skipped 0 bubbles with long branches
[2025-03-11 12:41:08] root: INFO: Alignment error rate: 0.021370
[2025-03-11 12:41:08] root: INFO: Correcting bubbles
[2025-03-11 12:41:08] root: INFO: Polishing genome (5/5)
[2025-03-11 12:41:08] root: INFO: Running minimap2
[2025-03-11 12:41:09] root: INFO: Separating alignment into bubbles
[2025-03-11 12:41:09] root: DEBUG: Generated 2411 bubbles
[2025-03-11 12:41:09] root: DEBUG: Split 0 long bubbles
[2025-03-11 12:41:09] root: DEBUG: Skipped 0 empty bubbles
[2025-03-11 12:41:09] root: DEBUG: Skipped 0 bubbles with long branches
[2025-03-11 12:41:09] root: INFO: Alignment error rate: 0.021370
[2025-03-11 12:41:09] root: INFO: Correcting bubbles
[2025-03-11 12:41:10] root: DEBUG: Mean contig coverage: 1, selected threshold: 1
[2025-03-11 12:41:10] root: DEBUG: Filtered 0 contigs of total length 0
[2025-03-11 12:41:10] root: DEBUG: Generating polished GFA
[2025-03-11 12:41:10] root: DEBUG: 0 sequences remained unpolished
[2025-03-11 12:41:10] root: INFO: >>>STAGE: finalize
[2025-03-11 12:41:10] root: DEBUG: ---Output dir contents:----
[2025-03-11 12:41:10] root: DEBUG: merge_flye_subassembly/
[2025-03-11 12:41:10] root: DEBUG:     363.0 B     assembly_graph.gv
[2025-03-11 12:41:10] root: DEBUG:     37.0 K      assembly.fasta
[2025-03-11 12:41:10] root: DEBUG:     92.0 B      params.json
[2025-03-11 12:41:10] root: DEBUG:     46.0 K      flye.log
[2025-03-11 12:41:10] root: DEBUG:     37.0 K      assembly_graph.gfa
[2025-03-11 12:41:10] root: DEBUG:     30-contigger/
[2025-03-11 12:41:10] root: DEBUG:         24.0 B      contigs.fasta.fai
[2025-03-11 12:41:10] root: DEBUG:         0.0 B       scaffolds_links.txt
[2025-03-11 12:41:10] root: DEBUG:         37.0 K      graph_final.gfa
[2025-03-11 12:41:10] root: DEBUG:         37.0 K      contigs.fasta
[2025-03-11 12:41:10] root: DEBUG:         119.0 B     contigs_stats.txt
[2025-03-11 12:41:10] root: DEBUG:         363.0 B     graph_final.gv
[2025-03-11 12:41:10] root: DEBUG:         37.0 K      graph_final.fasta
[2025-03-11 12:41:10] root: DEBUG:     00-assembly/
[2025-03-11 12:41:10] root: DEBUG:         37.0 K      draft_assembly.fasta
[2025-03-11 12:41:10] root: DEBUG:     40-polishing/
[2025-03-11 12:41:10] root: DEBUG:         37.0 K      polished_3.fasta
[2025-03-11 12:41:10] root: DEBUG:         43.0 B      filtered_stats.txt
[2025-03-11 12:41:10] root: DEBUG:         24.0 B      polished_4.fasta.fai
[2025-03-11 12:41:10] root: DEBUG:         112.0 B     edges_aln.bam.bai
[2025-03-11 12:41:10] root: DEBUG:         37.0 K      polished_1.fasta
[2025-03-11 12:41:10] root: DEBUG:         10.0 K      base_coverage.bed.gz
[2025-03-11 12:41:10] root: DEBUG:         37.0 K      polished_edges.gfa
[2025-03-11 12:41:10] root: DEBUG:         24.0 B      filtered_contigs.fasta.fai
[2025-03-11 12:41:10] root: DEBUG:         24.0 B      polished_3.fasta.fai
[2025-03-11 12:41:10] root: DEBUG:         152.0 B     minimap_4.bam.bai
[2025-03-11 12:41:10] root: DEBUG:         37.0 K      filtered_contigs.fasta
[2025-03-11 12:41:10] root: DEBUG:         24.0 B      polished_2.fasta.fai
[2025-03-11 12:41:10] root: DEBUG:         152.0 B     minimap_1.bam.bai
[2025-03-11 12:41:10] root: DEBUG:         24.0 B      polished_1.fasta.fai
[2025-03-11 12:41:10] root: DEBUG:         152.0 B     minimap_2.bam.bai
[2025-03-11 12:41:10] root: DEBUG:         1.0 K       minimap.stderr
[2025-03-11 12:41:10] root: DEBUG:         152.0 B     minimap_3.bam.bai
[2025-03-11 12:41:10] root: DEBUG:         37.0 K      polished_4.fasta
[2025-03-11 12:41:10] root: DEBUG:         37.0 K      polished_2.fasta
[2025-03-11 12:41:10] root: DEBUG:         43.0 B      contigs_stats.txt
[2025-03-11 12:41:10] root: DEBUG:         152.0 B     minimap_5.bam.bai
[2025-03-11 12:41:10] root: DEBUG:     20-repeat/
[2025-03-11 12:41:10] root: DEBUG:         37.0 K      graph_before_rr.gfa
[2025-03-11 12:41:10] root: DEBUG:         363.0 B     graph_after_rr.gv
[2025-03-11 12:41:10] root: DEBUG:         37.0 K      repeat_graph_edges.fasta
[2025-03-11 12:41:10] root: DEBUG:         37.0 K      graph_before_rr.fasta
[2025-03-11 12:41:10] root: DEBUG:         173.0 B     repeat_graph_dump
[2025-03-11 12:41:10] root: DEBUG:         7.0 K       read_alignment_dump
[2025-03-11 12:41:10] root: DEBUG:         363.0 B     graph_before_rr.gv
[2025-03-11 12:41:10] root: DEBUG: --------------------------
[2025-03-11 12:41:10] root: INFO: Assembly statistics:

	Total length:	38176
	Fragments:	1
	Fragments N50:	38176
	Largest frg:	38176
	Scaffolds:	0
	Mean coverage:	1

[2025-03-11 12:41:10] root: INFO: Final assembly: /private/groups/russelllab/jodie/merrill_23_wRi_genome/de_novo_wRi_merrill_23_assembly/assembly/flye/merge_flye_subassembly/assembly.fasta
