#                                                                                     --- full sequence --- -------------- this domain -------------   hmm coord   ali coord   env coord
# target name                 accession   tlen query name           accession   qlen   E-value  score  bias   #  of  c-Evalue  i-Evalue  score  bias  from    to  from    to  from    to  acc description of target
#         ------------------- ---------- ----- -------------------- ---------- ----- --------- ------ ----- --- --- --------- --------- ------ ----- ----- ----- ----- ----- ----- ----- ---- ---------------------
contig_1165:196010-198463|+   -            818 119at766             -            681         0 1110.2  16.9   1   2   5.5e-26   7.7e-24   79.8   0.2     1    75    14   101    14   125 0.84 contig_1165_189 # 196010 # 198463 # 1 # ID=1_189;partial=00;start_type=ATG;rbs_motif=GGAG/GAGG;rbs_spacer=5-10bp;gc_cont=0.363
contig_1165:196010-198463|+   -            818 119at766             -            681         0 1110.2  16.9   2   2         0         0 1033.9  11.4    73   681   134   782   124   782 0.95 contig_1165_189 # 196010 # 198463 # 1 # ID=1_189;partial=00;start_type=ATG;rbs_motif=GGAG/GAGG;rbs_spacer=5-10bp;gc_cont=0.363
contig_1165:577623-579929|-   -            769 119at766             -            681   2.4e-10   35.2   0.5   1   3     0.041       5.8    0.8   0.0   273   288   235   250   220   265 0.84 contig_1165_577 # 577623 # 579929 # -1 # ID=1_577;partial=00;start_type=ATG;rbs_motif=GGA/GAG/AGG;rbs_spacer=5-10bp;gc_cont=0.339
contig_1165:577623-579929|-   -            769 119at766             -            681   2.4e-10   35.2   0.5   2   3   1.7e-12   2.4e-10   35.2   0.5   202   393   439   627   351   634 0.71 contig_1165_577 # 577623 # 579929 # -1 # ID=1_577;partial=00;start_type=ATG;rbs_motif=GGA/GAG/AGG;rbs_spacer=5-10bp;gc_cont=0.339
contig_1165:577623-579929|-   -            769 119at766             -            681   2.4e-10   35.2   0.5   3   3     0.033       4.6    1.2   1.7   399   486   660   748   651   767 0.62 contig_1165_577 # 577623 # 579929 # -1 # ID=1_577;partial=00;start_type=ATG;rbs_motif=GGA/GAG/AGG;rbs_spacer=5-10bp;gc_cont=0.339
contig_1165:906551-907894|-   -            448 119at766             -            681   1.2e-07   26.3   1.1   1   2      0.27        39   -1.9   0.1   270   291    83   104    78   109 0.77 contig_1165_910 # 906551 # 907894 # -1 # ID=1_910;partial=00;start_type=ATG;rbs_motif=None;rbs_spacer=None;gc_cont=0.380
contig_1165:906551-907894|-   -            448 119at766             -            681   1.2e-07   26.3   1.1   2   2   1.6e-09   2.2e-07   25.4   0.1   559   654   333   426   326   443 0.87 contig_1165_910 # 906551 # 907894 # -1 # ID=1_910;partial=00;start_type=ATG;rbs_motif=None;rbs_spacer=None;gc_cont=0.380
contig_1165:1064937-1066445|- -            503 119at766             -            681   1.2e-06   22.9   1.5   1   2   5.7e-07   8.1e-05   16.9   0.3   569   652    59   143    41   166 0.79 contig_1165_1058 # 1064937 # 1066445 # -1 # ID=1_1058;partial=00;start_type=ATG;rbs_motif=None;rbs_spacer=None;gc_cont=0.386
contig_1165:1064937-1066445|- -            503 119at766             -            681   1.2e-06   22.9   1.5   2   2    0.0027      0.38    4.8   0.0   267   287   211   231   192   235 0.76 contig_1165_1058 # 1064937 # 1066445 # -1 # ID=1_1058;partial=00;start_type=ATG;rbs_motif=None;rbs_spacer=None;gc_cont=0.386
contig_1165:563268-565109|+   -            614 119at766             -            681   1.2e-05   19.6   1.4   1   3   2.1e-07   2.9e-05   18.4   0.0   232   300   145   219   134   302 0.72 contig_1165_562 # 563268 # 565109 # 1 # ID=1_562;partial=00;start_type=ATG;rbs_motif=None;rbs_spacer=None;gc_cont=0.370
contig_1165:563268-565109|+   -            614 119at766             -            681   1.2e-05   19.6   1.4   2   3      0.39        55   -2.4   0.0   430   489   461   521   450   525 0.77 contig_1165_562 # 563268 # 565109 # 1 # ID=1_562;partial=00;start_type=ATG;rbs_motif=None;rbs_spacer=None;gc_cont=0.370
contig_1165:563268-565109|+   -            614 119at766             -            681   1.2e-05   19.6   1.4   3   3      0.19        28   -1.4   0.1   232   257   553   578   540   588 0.86 contig_1165_562 # 563268 # 565109 # 1 # ID=1_562;partial=00;start_type=ATG;rbs_motif=None;rbs_spacer=None;gc_cont=0.370
contig_1165:862940-863635|-   -            232 119at766             -            681   0.00015   16.0   0.0   1   1   1.8e-06   0.00026   15.2   0.0   266   296    32    61     3    68 0.85 contig_1165_863 # 862940 # 863635 # -1 # ID=1_863;partial=00;start_type=TTG;rbs_motif=None;rbs_spacer=None;gc_cont=0.318
contig_1165:194717-195994|+   -            426 119at766             -            681   0.00034   14.8   0.1   1   1   3.4e-06   0.00048   14.4   0.1   266   353   113   198    40   252 0.83 contig_1165_188 # 194717 # 195994 # 1 # ID=1_188;partial=00;start_type=ATG;rbs_motif=GGA/GAG/AGG;rbs_spacer=5-10bp;gc_cont=0.365
contig_1165:39298-40398|-     -            367 119at766             -            681    0.0006   14.0   0.1   1   2     9e-06    0.0013   12.9   0.0   262   349   130   207   115   218 0.74 contig_1165_36 # 39298 # 40398 # -1 # ID=1_36;partial=00;start_type=ATG;rbs_motif=GGA/GAG/AGG;rbs_spacer=5-10bp;gc_cont=0.359
contig_1165:39298-40398|-     -            367 119at766             -            681    0.0006   14.0   0.1   2   2      0.61        86   -3.0   0.0   161   192   296   327   283   344 0.75 contig_1165_36 # 39298 # 40398 # -1 # ID=1_36;partial=00;start_type=ATG;rbs_motif=GGA/GAG/AGG;rbs_spacer=5-10bp;gc_cont=0.359
contig_1165:1192424-1193245|+ -            274 119at766             -            681    0.0033   11.6   0.0   1   1   3.3e-05    0.0047   11.1   0.0   260   292     7    39     1    54 0.85 contig_1165_1191 # 1192424 # 1193245 # 1 # ID=1_1191;partial=00;start_type=ATG;rbs_motif=GGA/GAG/AGG;rbs_spacer=5-10bp;gc_cont=0.380
#
# Program:         hmmsearch
# Version:         3.4 (Aug 2023)
# Pipeline mode:   SEARCH
# Query file:      /private/groups/russelllab/jodie/Jacobs_et_al_2026_de_novo_wRi_merrill_23_assembly/busco_downloads/lineages/rickettsiales_odb10/hmms/119at766.hmm
# Target file:     private/groups/russelllab/jodie/Jacobs_et_al_2026_de_novo_wRi_merrill_23_assembly/busco/20250828_Nanopore/wRi/assembly/prodigal_output/predicted_genes/predicted.faa
# Option settings: hmmsearch --domtblout private/groups/russelllab/jodie/Jacobs_et_al_2026_de_novo_wRi_merrill_23_assembly/busco/20250828_Nanopore/wRi/assembly/run_rickettsiales_odb10/hmmer_output/119at766.out --cpu 1 /private/groups/russelllab/jodie/Jacobs_et_al_2026_de_novo_wRi_merrill_23_assembly/busco_downloads/lineages/rickettsiales_odb10/hmms/119at766.hmm private/groups/russelllab/jodie/Jacobs_et_al_2026_de_novo_wRi_merrill_23_assembly/busco/20250828_Nanopore/wRi/assembly/prodigal_output/predicted_genes/predicted.faa 
# Current dir:     /private/groups/russelllab/jodie/Jacobs_et_al_2026_de_novo_wRi_merrill_23_assembly
# Date:            Fri Aug 29 11:53:21 2025
# [ok]
