#                                                                                     --- full sequence --- -------------- this domain -------------   hmm coord   ali coord   env coord
# target name                 accession   tlen query name           accession   qlen   E-value  score  bias   #  of  c-Evalue  i-Evalue  score  bias  from    to  from    to  from    to  acc description of target
#         ------------------- ---------- ----- -------------------- ---------- ----- --------- ------ ----- --- --- --------- --------- ------ ----- ----- ----- ----- ----- ----- ----- ---- ---------------------
contig_1165:332534-333682|+   -            383 1297at766            -            320  2.3e-109  361.6   3.4   1   1  2.6e-109  8.3e-107  353.2   3.4     1   320     3   380     3   380 0.84 contig_1165_332 # 332534 # 333682 # 1 # ID=1_332;partial=00;start_type=ATG;rbs_motif=None;rbs_spacer=None;gc_cont=0.345
contig_1165:187921-189294|+   -            458 1297at766            -            320   2.6e-06   23.0   3.0   1   2   1.6e-05    0.0049   12.2   0.0     1    34     4    37     4    91 0.87 contig_1165_180 # 187921 # 189294 # 1 # ID=1_180;partial=00;start_type=ATG;rbs_motif=None;rbs_spacer=None;gc_cont=0.368
contig_1165:187921-189294|+   -            458 1297at766            -            320   2.6e-06   23.0   3.0   2   2     6e-05     0.019   10.3   1.1     3    75   175   247   173   284 0.76 contig_1165_180 # 187921 # 189294 # 1 # ID=1_180;partial=00;start_type=ATG;rbs_motif=None;rbs_spacer=None;gc_cont=0.368
contig_1165:1036491-1037870|- -            460 1297at766            -            320    0.0012   14.2   1.0   1   2   2.1e-05    0.0067   11.8   0.1     1    52     4    55     4   144 0.63 contig_1165_1030 # 1036491 # 1037870 # -1 # ID=1_1030;partial=00;start_type=ATG;rbs_motif=GGA/GAG/AGG;rbs_spacer=5-10bp;gc_cont=0.388
contig_1165:1036491-1037870|- -            460 1297at766            -            320    0.0012   14.2   1.0   2   2     0.043        14    0.9   0.1     3    56   173   226   171   255 0.78 contig_1165_1030 # 1036491 # 1037870 # -1 # ID=1_1030;partial=00;start_type=ATG;rbs_motif=GGA/GAG/AGG;rbs_spacer=5-10bp;gc_cont=0.388
contig_1165:228330-228920|-   -            197 1297at766            -            320    0.0046   12.3   0.7   1   2      0.34   1.1e+02   -2.1   0.0    57    80    16    41     4    43 0.70 contig_1165_217 # 228330 # 228920 # -1 # ID=1_217;partial=00;start_type=ATG;rbs_motif=GGAG/GAGG;rbs_spacer=5-10bp;gc_cont=0.372
contig_1165:228330-228920|-   -            197 1297at766            -            320    0.0046   12.3   0.7   2   2   2.3e-05    0.0072   11.7   0.1    42   108    95   162    80   185 0.81 contig_1165_217 # 228330 # 228920 # -1 # ID=1_217;partial=00;start_type=ATG;rbs_motif=GGAG/GAGG;rbs_spacer=5-10bp;gc_cont=0.372
#
# Program:         hmmsearch
# Version:         3.4 (Aug 2023)
# Pipeline mode:   SEARCH
# Query file:      /private/groups/russelllab/jodie/Jacobs_et_al_2026_de_novo_wRi_merrill_23_assembly/busco_downloads/lineages/rickettsiales_odb10/hmms/1297at766.hmm
# Target file:     private/groups/russelllab/jodie/Jacobs_et_al_2026_de_novo_wRi_merrill_23_assembly/busco/20250828_Nanopore/wRi/assembly/prodigal_output/predicted_genes/predicted.faa
# Option settings: hmmsearch --domtblout private/groups/russelllab/jodie/Jacobs_et_al_2026_de_novo_wRi_merrill_23_assembly/busco/20250828_Nanopore/wRi/assembly/run_rickettsiales_odb10/hmmer_output/1297at766.out --cpu 1 /private/groups/russelllab/jodie/Jacobs_et_al_2026_de_novo_wRi_merrill_23_assembly/busco_downloads/lineages/rickettsiales_odb10/hmms/1297at766.hmm private/groups/russelllab/jodie/Jacobs_et_al_2026_de_novo_wRi_merrill_23_assembly/busco/20250828_Nanopore/wRi/assembly/prodigal_output/predicted_genes/predicted.faa 
# Current dir:     /private/groups/russelllab/jodie/Jacobs_et_al_2026_de_novo_wRi_merrill_23_assembly
# Date:            Fri Aug 29 11:53:21 2025
# [ok]
