#                                                                                     --- full sequence --- -------------- this domain -------------   hmm coord   ali coord   env coord
# target name                 accession   tlen query name           accession   qlen   E-value  score  bias   #  of  c-Evalue  i-Evalue  score  bias  from    to  from    to  from    to  acc description of target
#         ------------------- ---------- ----- -------------------- ---------- ----- --------- ------ ----- --- --- --------- --------- ------ ----- ----- ----- ----- ----- ----- ----- ---- ---------------------
contig_1165:77514-78935|-     -            474 1306at766            -            363  4.6e-158  522.2   6.1   1   4   3.1e-61     2e-58  194.4   0.0     1   110     4   113     4   117 0.98 contig_1165_73 # 77514 # 78935 # -1 # ID=1_73;partial=00;start_type=ATG;rbs_motif=None;rbs_spacer=None;gc_cont=0.398
contig_1165:77514-78935|-     -            474 1306at766            -            363  4.6e-158  522.2   6.1   2   4   1.2e-91   7.6e-89  294.4   0.6   116   294   169   346   138   355 0.90 contig_1165_73 # 77514 # 78935 # -1 # ID=1_73;partial=00;start_type=ATG;rbs_motif=None;rbs_spacer=None;gc_cont=0.398
contig_1165:77514-78935|-     -            474 1306at766            -            363  4.6e-158  522.2   6.1   3   4   9.3e-07   0.00059   15.2   0.1   284   329   358   403   348   412 0.80 contig_1165_73 # 77514 # 78935 # -1 # ID=1_73;partial=00;start_type=ATG;rbs_motif=None;rbs_spacer=None;gc_cont=0.398
contig_1165:77514-78935|-     -            474 1306at766            -            363  4.6e-158  522.2   6.1   4   4   7.9e-08     5e-05   18.7   0.0   321   363   425   471   414   471 0.75 contig_1165_73 # 77514 # 78935 # -1 # ID=1_73;partial=00;start_type=ATG;rbs_motif=None;rbs_spacer=None;gc_cont=0.398
contig_1165:1010399-1011721|- -            441 1306at766            -            363   5.8e-80  265.2   2.0   1   3   2.1e-41   1.4e-38  129.1   0.0     2   112     2   111     1   120 0.94 contig_1165_1005 # 1010399 # 1011721 # -1 # ID=1_1005;partial=00;start_type=ATG;rbs_motif=None;rbs_spacer=None;gc_cont=0.370
contig_1165:1010399-1011721|- -            441 1306at766            -            363   5.8e-80  265.2   2.0   2   3     2e-42   1.3e-39  132.5   0.2   105   280   146   320   118   332 0.92 contig_1165_1005 # 1010399 # 1011721 # -1 # ID=1_1005;partial=00;start_type=ATG;rbs_motif=None;rbs_spacer=None;gc_cont=0.370
contig_1165:1010399-1011721|- -            441 1306at766            -            363   5.8e-80  265.2   2.0   3   3     0.011       6.9    1.8   0.0   329   363   401   438   367   438 0.75 contig_1165_1005 # 1010399 # 1011721 # -1 # ID=1_1005;partial=00;start_type=ATG;rbs_motif=None;rbs_spacer=None;gc_cont=0.370
#
# Program:         hmmsearch
# Version:         3.4 (Aug 2023)
# Pipeline mode:   SEARCH
# Query file:      /private/groups/russelllab/jodie/Jacobs_et_al_2026_de_novo_wRi_merrill_23_assembly/busco_downloads/lineages/rickettsiales_odb10/hmms/1306at766.hmm
# Target file:     private/groups/russelllab/jodie/Jacobs_et_al_2026_de_novo_wRi_merrill_23_assembly/busco/20250828_Nanopore/wRi/assembly/prodigal_output/predicted_genes/predicted.faa
# Option settings: hmmsearch --domtblout private/groups/russelllab/jodie/Jacobs_et_al_2026_de_novo_wRi_merrill_23_assembly/busco/20250828_Nanopore/wRi/assembly/run_rickettsiales_odb10/hmmer_output/1306at766.out --cpu 1 /private/groups/russelllab/jodie/Jacobs_et_al_2026_de_novo_wRi_merrill_23_assembly/busco_downloads/lineages/rickettsiales_odb10/hmms/1306at766.hmm private/groups/russelllab/jodie/Jacobs_et_al_2026_de_novo_wRi_merrill_23_assembly/busco/20250828_Nanopore/wRi/assembly/prodigal_output/predicted_genes/predicted.faa 
# Current dir:     /private/groups/russelllab/jodie/Jacobs_et_al_2026_de_novo_wRi_merrill_23_assembly
# Date:            Fri Aug 29 11:53:21 2025
# [ok]
