#                                                                                     --- full sequence --- -------------- this domain -------------   hmm coord   ali coord   env coord
# target name                 accession   tlen query name           accession   qlen   E-value  score  bias   #  of  c-Evalue  i-Evalue  score  bias  from    to  from    to  from    to  acc description of target
#         ------------------- ---------- ----- -------------------- ---------- ----- --------- ------ ----- --- --- --------- --------- ------ ----- ----- ----- ----- ----- ----- ----- ---- ---------------------
contig_1165:695891-696871|+   -            327 1379at766            -            278  4.2e-134  442.3   0.9   1   1  6.3e-136  8.9e-134  441.3   0.9     2   277    15   321    14   322 0.90 contig_1165_693 # 695891 # 696871 # 1 # ID=1_693;partial=00;start_type=ATG;rbs_motif=GGA/GAG/AGG;rbs_spacer=11-12bp;gc_cont=0.379
contig_1165:39298-40398|-     -            367 1379at766            -            278     1e-08   31.0   0.0   1   1   1.2e-10   1.7e-08   30.3   0.0     6    97   106   206   102   251 0.76 contig_1165_36 # 39298 # 40398 # -1 # ID=1_36;partial=00;start_type=ATG;rbs_motif=GGA/GAG/AGG;rbs_spacer=5-10bp;gc_cont=0.359
contig_1165:740828-742429|-   -            534 1379at766            -            278   1.6e-06   23.8   0.5   1   1   5.9e-08   8.3e-06   21.5   0.5     7   235     8   254     2   295 0.66 contig_1165_739 # 740828 # 742429 # -1 # ID=1_739;partial=00;start_type=ATG;rbs_motif=None;rbs_spacer=None;gc_cont=0.345
contig_1165:577623-579929|-   -            769 1379at766            -            278   2.8e-06   23.0   1.6   1   2    0.0013      0.18    7.2   0.1    35    94   232   311   203   316 0.56 contig_1165_577 # 577623 # 579929 # -1 # ID=1_577;partial=00;start_type=ATG;rbs_motif=GGA/GAG/AGG;rbs_spacer=5-10bp;gc_cont=0.339
contig_1165:577623-579929|-   -            769 1379at766            -            278   2.8e-06   23.0   1.6   2   2   5.5e-05    0.0078   11.7   0.1    29    61   504   536   467   611 0.73 contig_1165_577 # 577623 # 579929 # -1 # ID=1_577;partial=00;start_type=ATG;rbs_motif=GGA/GAG/AGG;rbs_spacer=5-10bp;gc_cont=0.339
contig_1165:194717-195994|+   -            426 1379at766            -            278   9.5e-05   18.0   0.0   1   1   1.7e-06   0.00024   16.7   0.0    35   101   117   197    99   203 0.78 contig_1165_188 # 194717 # 195994 # 1 # ID=1_188;partial=00;start_type=ATG;rbs_motif=GGA/GAG/AGG;rbs_spacer=5-10bp;gc_cont=0.365
contig_1165:285329-287890|+   -            854 1379at766            -            278   0.00021   16.9   0.1   1   2    0.0034      0.49    5.9   0.1     4    96   173   285   170   289 0.53 contig_1165_287 # 285329 # 287890 # 1 # ID=1_287;partial=00;start_type=ATG;rbs_motif=None;rbs_spacer=None;gc_cont=0.377
contig_1165:285329-287890|+   -            854 1379at766            -            278   0.00021   16.9   0.1   2   2    0.0021      0.29    6.6   0.0    28    55   592   619   580   626 0.85 contig_1165_287 # 285329 # 287890 # 1 # ID=1_287;partial=00;start_type=ATG;rbs_motif=None;rbs_spacer=None;gc_cont=0.377
contig_1165:563268-565109|+   -            614 1379at766            -            278   0.00039   16.0   0.0   1   2   2.1e-05    0.0029   13.1   0.0    36    93   190   255   185   264 0.68 contig_1165_562 # 563268 # 565109 # 1 # ID=1_562;partial=00;start_type=ATG;rbs_motif=None;rbs_spacer=None;gc_cont=0.370
contig_1165:563268-565109|+   -            614 1379at766            -            278   0.00039   16.0   0.0   2   2      0.23        32   -0.1   0.0   135   194   295   357   288   380 0.82 contig_1165_562 # 563268 # 565109 # 1 # ID=1_562;partial=00;start_type=ATG;rbs_motif=None;rbs_spacer=None;gc_cont=0.370
contig_1165:196010-198463|+   -            818 1379at766            -            278   0.00077   15.0   0.0   1   2   5.8e-05    0.0081   11.7   0.0    36    62   364   390   340   401 0.75 contig_1165_189 # 196010 # 198463 # 1 # ID=1_189;partial=00;start_type=ATG;rbs_motif=GGAG/GAGG;rbs_spacer=5-10bp;gc_cont=0.363
contig_1165:196010-198463|+   -            818 1379at766            -            278   0.00077   15.0   0.0   2   2      0.17        25    0.3   0.0   128   171   473   514   467   525 0.74 contig_1165_189 # 196010 # 198463 # 1 # ID=1_189;partial=00;start_type=ATG;rbs_motif=GGAG/GAGG;rbs_spacer=5-10bp;gc_cont=0.363
contig_1165:1064937-1066445|- -            503 1379at766            -            278    0.0015   14.1   0.0   1   2   0.00022     0.031    9.8   0.0     2    51   184   230   183   236 0.79 contig_1165_1058 # 1064937 # 1066445 # -1 # ID=1_1058;partial=00;start_type=ATG;rbs_motif=None;rbs_spacer=None;gc_cont=0.386
contig_1165:1064937-1066445|- -            503 1379at766            -            278    0.0015   14.1   0.0   2   2     0.082        12    1.3   0.0    81   115   292   326   263   358 0.82 contig_1165_1058 # 1064937 # 1066445 # -1 # ID=1_1058;partial=00;start_type=ATG;rbs_motif=None;rbs_spacer=None;gc_cont=0.386
#
# Program:         hmmsearch
# Version:         3.4 (Aug 2023)
# Pipeline mode:   SEARCH
# Query file:      /private/groups/russelllab/jodie/Jacobs_et_al_2026_de_novo_wRi_merrill_23_assembly/busco_downloads/lineages/rickettsiales_odb10/hmms/1379at766.hmm
# Target file:     private/groups/russelllab/jodie/Jacobs_et_al_2026_de_novo_wRi_merrill_23_assembly/busco/20250828_Nanopore/wRi/assembly/prodigal_output/predicted_genes/predicted.faa
# Option settings: hmmsearch --domtblout private/groups/russelllab/jodie/Jacobs_et_al_2026_de_novo_wRi_merrill_23_assembly/busco/20250828_Nanopore/wRi/assembly/run_rickettsiales_odb10/hmmer_output/1379at766.out --cpu 1 /private/groups/russelllab/jodie/Jacobs_et_al_2026_de_novo_wRi_merrill_23_assembly/busco_downloads/lineages/rickettsiales_odb10/hmms/1379at766.hmm private/groups/russelllab/jodie/Jacobs_et_al_2026_de_novo_wRi_merrill_23_assembly/busco/20250828_Nanopore/wRi/assembly/prodigal_output/predicted_genes/predicted.faa 
# Current dir:     /private/groups/russelllab/jodie/Jacobs_et_al_2026_de_novo_wRi_merrill_23_assembly
# Date:            Fri Aug 29 11:53:21 2025
# [ok]
