#                                                                                     --- full sequence --- -------------- this domain -------------   hmm coord   ali coord   env coord
# target name                 accession   tlen query name           accession   qlen   E-value  score  bias   #  of  c-Evalue  i-Evalue  score  bias  from    to  from    to  from    to  acc description of target
#         ------------------- ---------- ----- -------------------- ---------- ----- --------- ------ ----- --- --- --------- --------- ------ ----- ----- ----- ----- ----- ----- ----- ---- ---------------------
contig_1165:67917-69011|+     -            365 1440at766            -            303  1.7e-148  489.9   6.2   1   2   1.1e-83   2.8e-81  269.2   0.3     1   161     1   166     1   172 0.95 contig_1165_66 # 67917 # 69011 # 1 # ID=1_66;partial=00;start_type=ATG;rbs_motif=None;rbs_spacer=None;gc_cont=0.380
contig_1165:67917-69011|+     -            365 1440at766            -            303  1.7e-148  489.9   6.2   2   2   1.7e-69   4.3e-67  222.6   1.3   144   303   179   363   163   363 0.90 contig_1165_66 # 67917 # 69011 # 1 # ID=1_66;partial=00;start_type=ATG;rbs_motif=None;rbs_spacer=None;gc_cont=0.380
contig_1165:20269-21291|+     -            341 1440at766            -            303   5.5e-14   48.2   2.2   1   1   1.6e-14     4e-12   42.1   2.2     4   113   161   253   158   308 0.81 contig_1165_18 # 20269 # 21291 # 1 # ID=1_18;partial=00;start_type=ATG;rbs_motif=None;rbs_spacer=None;gc_cont=0.361
contig_1165:707490-708815|-   -            442 1440at766            -            303   6.5e-13   44.7   0.1   1   2   6.3e-10   1.6e-07   27.0   0.0     3    44     2    43     1    58 0.89 contig_1165_706 # 707490 # 708815 # -1 # ID=1_706;partial=00;start_type=ATG;rbs_motif=None;rbs_spacer=None;gc_cont=0.370
contig_1165:707490-708815|-   -            442 1440at766            -            303   6.5e-13   44.7   0.1   2   2   9.2e-06    0.0023   13.3   0.1     3    29   176   202   174   269 0.81 contig_1165_706 # 707490 # 708815 # -1 # ID=1_706;partial=00;start_type=ATG;rbs_motif=None;rbs_spacer=None;gc_cont=0.370
contig_1165:821282-822808|-   -            509 1440at766            -            303   9.8e-06   21.1   0.0   1   1   7.3e-08   1.9e-05   20.2   0.0     3    38   218   253   216   265 0.88 contig_1165_815 # 821282 # 822808 # -1 # ID=1_815;partial=00;start_type=ATG;rbs_motif=None;rbs_spacer=None;gc_cont=0.361
contig_1165:1044727-1045611|- -            295 1440at766            -            303    0.0027   13.1   0.6   1   2   1.8e-05    0.0047   12.3   0.1     5    30     9    34     5    49 0.87 contig_1165_1037 # 1044727 # 1045611 # -1 # ID=1_1037;partial=00;start_type=GTG;rbs_motif=None;rbs_spacer=None;gc_cont=0.350
contig_1165:1044727-1045611|- -            295 1440at766            -            303    0.0027   13.1   0.6   2   2      0.92   2.3e+02   -3.1   0.1   161   215   228   252   214   269 0.57 contig_1165_1037 # 1044727 # 1045611 # -1 # ID=1_1037;partial=00;start_type=GTG;rbs_motif=None;rbs_spacer=None;gc_cont=0.350
#
# Program:         hmmsearch
# Version:         3.4 (Aug 2023)
# Pipeline mode:   SEARCH
# Query file:      /private/groups/russelllab/jodie/Jacobs_et_al_2026_de_novo_wRi_merrill_23_assembly/busco_downloads/lineages/rickettsiales_odb10/hmms/1440at766.hmm
# Target file:     private/groups/russelllab/jodie/Jacobs_et_al_2026_de_novo_wRi_merrill_23_assembly/busco/20250828_Nanopore/wRi/assembly/prodigal_output/predicted_genes/predicted.faa
# Option settings: hmmsearch --domtblout private/groups/russelllab/jodie/Jacobs_et_al_2026_de_novo_wRi_merrill_23_assembly/busco/20250828_Nanopore/wRi/assembly/run_rickettsiales_odb10/hmmer_output/1440at766.out --cpu 1 /private/groups/russelllab/jodie/Jacobs_et_al_2026_de_novo_wRi_merrill_23_assembly/busco_downloads/lineages/rickettsiales_odb10/hmms/1440at766.hmm private/groups/russelllab/jodie/Jacobs_et_al_2026_de_novo_wRi_merrill_23_assembly/busco/20250828_Nanopore/wRi/assembly/prodigal_output/predicted_genes/predicted.faa 
# Current dir:     /private/groups/russelllab/jodie/Jacobs_et_al_2026_de_novo_wRi_merrill_23_assembly
# Date:            Fri Aug 29 11:53:21 2025
# [ok]
