#                                                                                   --- full sequence --- -------------- this domain -------------   hmm coord   ali coord   env coord
# target name               accession   tlen query name           accession   qlen   E-value  score  bias   #  of  c-Evalue  i-Evalue  score  bias  from    to  from    to  from    to  acc description of target
#       ------------------- ---------- ----- -------------------- ---------- ----- --------- ------ ----- --- --- --------- --------- ------ ----- ----- ----- ----- ----- ----- ----- ---- ---------------------
contig_1165:701016-702482|- -            489 1476at766            -            429  2.8e-146  484.0  54.9   1   1  3.6e-148  7.6e-146  482.6  54.9     5   425     2   487     1   488 0.87 contig_1165_698 # 701016 # 702482 # -1 # ID=1_698;partial=00;start_type=ATG;rbs_motif=None;rbs_spacer=None;gc_cont=0.343
contig_1165:832372-833736|- -            455 1476at766            -            429   1.3e-32  109.5  52.1   1   1     2e-34   4.2e-32  107.8  52.1    26   409    30   438     2   453 0.70 contig_1165_828 # 832372 # 833736 # -1 # ID=1_828;partial=00;start_type=ATG;rbs_motif=None;rbs_spacer=None;gc_cont=0.349
contig_1165:835179-837026|- -            616 1476at766            -            429   5.8e-31  104.0  42.7   1   1   5.6e-33   1.2e-30  103.0  42.7     7   421     5   475     1   484 0.79 contig_1165_830 # 835179 # 837026 # -1 # ID=1_830;partial=00;start_type=ATG;rbs_motif=None;rbs_spacer=None;gc_cont=0.349
contig_1165:833733-835175|- -            481 1476at766            -            429   1.3e-27   93.0  54.9   1   1   1.8e-29   3.9e-27   91.5  54.9    11   415     7   460     1   474 0.74 contig_1165_829 # 833733 # 835175 # -1 # ID=1_829;partial=00;start_type=GTG;rbs_motif=GGA/GAG/AGG;rbs_spacer=11-12bp;gc_cont=0.348
contig_1165:979090-980598|- -            503 1476at766            -            429   2.7e-26   88.6  55.6   1   1     4e-28   8.5e-26   87.0  55.6     4   385    20   461    17   502 0.74 contig_1165_976 # 979090 # 980598 # -1 # ID=1_976;partial=00;start_type=ATG;rbs_motif=None;rbs_spacer=None;gc_cont=0.345
contig_1165:723429-724988|+ -            520 1476at766            -            429   9.9e-16   53.9  24.0   1   3       1.1   2.3e+02   -3.4   9.2    71   140    40   108     6   129 0.74 contig_1165_722 # 723429 # 724988 # 1 # ID=1_722;partial=00;start_type=GTG;rbs_motif=None;rbs_spacer=None;gc_cont=0.326
contig_1165:723429-724988|+ -            520 1476at766            -            429   9.9e-16   53.9  24.0   2   3   4.7e-18   9.9e-16   53.9  24.0   195   365   138   329   124   406 0.78 contig_1165_722 # 723429 # 724988 # 1 # ID=1_722;partial=00;start_type=GTG;rbs_motif=None;rbs_spacer=None;gc_cont=0.326
contig_1165:723429-724988|+ -            520 1476at766            -            429   9.9e-16   53.9  24.0   3   3     0.058        12    0.8   2.0   241   302   450   511   443   519 0.75 contig_1165_722 # 723429 # 724988 # 1 # ID=1_722;partial=00;start_type=GTG;rbs_motif=None;rbs_spacer=None;gc_cont=0.326
#
# Program:         hmmsearch
# Version:         3.4 (Aug 2023)
# Pipeline mode:   SEARCH
# Query file:      /private/groups/russelllab/jodie/Jacobs_et_al_2026_de_novo_wRi_merrill_23_assembly/busco_downloads/lineages/rickettsiales_odb10/hmms/1476at766.hmm
# Target file:     private/groups/russelllab/jodie/Jacobs_et_al_2026_de_novo_wRi_merrill_23_assembly/busco/20250828_Nanopore/wRi/assembly/prodigal_output/predicted_genes/predicted.faa
# Option settings: hmmsearch --domtblout private/groups/russelllab/jodie/Jacobs_et_al_2026_de_novo_wRi_merrill_23_assembly/busco/20250828_Nanopore/wRi/assembly/run_rickettsiales_odb10/hmmer_output/1476at766.out --cpu 1 /private/groups/russelllab/jodie/Jacobs_et_al_2026_de_novo_wRi_merrill_23_assembly/busco_downloads/lineages/rickettsiales_odb10/hmms/1476at766.hmm private/groups/russelllab/jodie/Jacobs_et_al_2026_de_novo_wRi_merrill_23_assembly/busco/20250828_Nanopore/wRi/assembly/prodigal_output/predicted_genes/predicted.faa 
# Current dir:     /private/groups/russelllab/jodie/Jacobs_et_al_2026_de_novo_wRi_merrill_23_assembly
# Date:            Fri Aug 29 11:53:21 2025
# [ok]
