#                                                                                     --- full sequence --- -------------- this domain -------------   hmm coord   ali coord   env coord
# target name                 accession   tlen query name           accession   qlen   E-value  score  bias   #  of  c-Evalue  i-Evalue  score  bias  from    to  from    to  from    to  acc description of target
#         ------------------- ---------- ----- -------------------- ---------- ----- --------- ------ ----- --- --- --------- --------- ------ ----- ----- ----- ----- ----- ----- ----- ---- ---------------------
contig_1165:478912-480987|-   -            692 150at766             -            576         0 1040.7   9.6   1   2  1.1e-132  2.8e-130  431.8   2.7     1   240     9   286     9   290 0.92 contig_1165_484 # 478912 # 480987 # -1 # ID=1_484;partial=00;start_type=ATG;rbs_motif=None;rbs_spacer=None;gc_cont=0.367
contig_1165:478912-480987|-   -            692 150at766             -            576         0 1040.7   9.6   2   2  2.5e-187  6.5e-185  612.2   0.6   237   576   306   680   294   680 0.93 contig_1165_484 # 478912 # 480987 # -1 # ID=1_484;partial=00;start_type=ATG;rbs_motif=None;rbs_spacer=None;gc_cont=0.367
contig_1165:282222-284051|+   -            610 150at766             -            576   4.6e-41  137.3   0.9   1   3   8.5e-30   2.1e-27   92.1   0.0     1   125     8   137     8   164 0.93 contig_1165_285 # 282222 # 284051 # 1 # ID=1_285;partial=00;start_type=ATG;rbs_motif=None;rbs_spacer=None;gc_cont=0.401
contig_1165:282222-284051|+   -            610 150at766             -            576   4.6e-41  137.3   0.9   2   3   1.8e-13   4.6e-11   38.2   0.1   218   400   183   394   174   399 0.73 contig_1165_285 # 282222 # 284051 # 1 # ID=1_285;partial=00;start_type=ATG;rbs_motif=None;rbs_spacer=None;gc_cont=0.401
contig_1165:282222-284051|+   -            610 150at766             -            576   4.6e-41  137.3   0.9   3   3    0.0034      0.85    4.3   0.0   504   534   400   430   396   477 0.71 contig_1165_285 # 282222 # 284051 # 1 # ID=1_285;partial=00;start_type=ATG;rbs_motif=None;rbs_spacer=None;gc_cont=0.401
contig_1165:34906-36702|+     -            599 150at766             -            576   4.4e-40  134.0   0.1   1   3   2.6e-22   6.5e-20   67.4   0.0     1   127     5   140     5   162 0.82 contig_1165_33 # 34906 # 36702 # 1 # ID=1_33;partial=00;start_type=ATG;rbs_motif=None;rbs_spacer=None;gc_cont=0.380
contig_1165:34906-36702|+     -            599 150at766             -            576   4.4e-40  134.0   0.1   2   3   6.6e-17   1.7e-14   49.5   0.0   213   412   162   385   142   390 0.73 contig_1165_33 # 34906 # 36702 # 1 # ID=1_33;partial=00;start_type=ATG;rbs_motif=None;rbs_spacer=None;gc_cont=0.380
contig_1165:34906-36702|+     -            599 150at766             -            576   4.4e-40  134.0   0.1   3   3   4.5e-06    0.0011   13.8   0.0   504   571   400   477   392   482 0.80 contig_1165_33 # 34906 # 36702 # 1 # ID=1_33;partial=00;start_type=ATG;rbs_motif=None;rbs_spacer=None;gc_cont=0.380
contig_1165:477728-478900|-   -            391 150at766             -            576   2.6e-12   42.3   0.3   1   1   1.7e-14   4.2e-12   41.6   0.3     2   138    14   151    13   173 0.88 contig_1165_483 # 477728 # 478900 # -1 # ID=1_483;partial=00;start_type=ATG;rbs_motif=GGA/GAG/AGG;rbs_spacer=5-10bp;gc_cont=0.431
contig_1165:1103790-1104962|+ -            391 150at766             -            576   2.6e-12   42.3   0.3   1   1   1.7e-14   4.2e-12   41.6   0.3     2   138    14   151    13   173 0.88 contig_1165_1096 # 1103790 # 1104962 # 1 # ID=1_1096;partial=00;start_type=ATG;rbs_motif=None;rbs_spacer=None;gc_cont=0.430
#
# Program:         hmmsearch
# Version:         3.4 (Aug 2023)
# Pipeline mode:   SEARCH
# Query file:      /private/groups/russelllab/jodie/Jacobs_et_al_2026_de_novo_wRi_merrill_23_assembly/busco_downloads/lineages/rickettsiales_odb10/hmms/150at766.hmm
# Target file:     private/groups/russelllab/jodie/Jacobs_et_al_2026_de_novo_wRi_merrill_23_assembly/busco/20250828_Nanopore/wRi/assembly/prodigal_output/predicted_genes/predicted.faa
# Option settings: hmmsearch --domtblout private/groups/russelllab/jodie/Jacobs_et_al_2026_de_novo_wRi_merrill_23_assembly/busco/20250828_Nanopore/wRi/assembly/run_rickettsiales_odb10/hmmer_output/150at766.out --cpu 1 /private/groups/russelllab/jodie/Jacobs_et_al_2026_de_novo_wRi_merrill_23_assembly/busco_downloads/lineages/rickettsiales_odb10/hmms/150at766.hmm private/groups/russelllab/jodie/Jacobs_et_al_2026_de_novo_wRi_merrill_23_assembly/busco/20250828_Nanopore/wRi/assembly/prodigal_output/predicted_genes/predicted.faa 
# Current dir:     /private/groups/russelllab/jodie/Jacobs_et_al_2026_de_novo_wRi_merrill_23_assembly
# Date:            Fri Aug 29 11:53:21 2025
# [ok]
