#                                                                                     --- full sequence --- -------------- this domain -------------   hmm coord   ali coord   env coord
# target name                 accession   tlen query name           accession   qlen   E-value  score  bias   #  of  c-Evalue  i-Evalue  score  bias  from    to  from    to  from    to  acc description of target
#         ------------------- ---------- ----- -------------------- ---------- ----- --------- ------ ----- --- --- --------- --------- ------ ----- ----- ----- ----- ----- ----- ----- ---- ---------------------
contig_1165:1032895-1033842|+ -            316 1528at766            -            256  2.1e-123  406.7  10.2   1   2   2.5e-36   8.1e-34  113.2   0.2     1    74     8    83     8    89 0.92 contig_1165_1026 # 1032895 # 1033842 # 1 # ID=1_1026;partial=00;start_type=GTG;rbs_motif=None;rbs_spacer=None;gc_cont=0.389
contig_1165:1032895-1033842|+ -            316 1528at766            -            256  2.1e-123  406.7  10.2   2   2   6.2e-92     2e-89  295.4   4.8    75   256   110   313    89   313 0.91 contig_1165_1026 # 1032895 # 1033842 # 1 # ID=1_1026;partial=00;start_type=GTG;rbs_motif=None;rbs_spacer=None;gc_cont=0.389
contig_1165:819962-820978|-   -            339 1528at766            -            256   6.3e-12   41.5   0.6   1   3   3.1e-05    0.0098   11.4   0.1     1    67     3    72     3   119 0.88 contig_1165_814 # 819962 # 820978 # -1 # ID=1_814;partial=00;start_type=ATG;rbs_motif=None;rbs_spacer=None;gc_cont=0.363
contig_1165:819962-820978|-   -            339 1528at766            -            256   6.3e-12   41.5   0.6   2   3   4.2e-09   1.3e-06   24.0   0.0   113   177   148   217   134   232 0.80 contig_1165_814 # 819962 # 820978 # -1 # ID=1_814;partial=00;start_type=ATG;rbs_motif=None;rbs_spacer=None;gc_cont=0.363
contig_1165:819962-820978|-   -            339 1528at766            -            256   6.3e-12   41.5   0.6   3   3     0.011       3.4    3.0   0.0   207   231   265   289   245   315 0.78 contig_1165_814 # 819962 # 820978 # -1 # ID=1_814;partial=00;start_type=ATG;rbs_motif=None;rbs_spacer=None;gc_cont=0.363
contig_1165:1036491-1037870|- -            460 1528at766            -            256   3.9e-05   19.2  10.6   1   3    0.0023      0.73    5.2   0.2     2    32     5    35     4    46 0.84 contig_1165_1030 # 1036491 # 1037870 # -1 # ID=1_1030;partial=00;start_type=ATG;rbs_motif=GGA/GAG/AGG;rbs_spacer=5-10bp;gc_cont=0.388
contig_1165:1036491-1037870|- -            460 1528at766            -            256   3.9e-05   19.2  10.6   2   3   9.7e-07   0.00031   16.3   1.1    72   231   130   311   107   320 0.64 contig_1165_1030 # 1036491 # 1037870 # -1 # ID=1_1030;partial=00;start_type=ATG;rbs_motif=GGA/GAG/AGG;rbs_spacer=5-10bp;gc_cont=0.388
contig_1165:1036491-1037870|- -            460 1528at766            -            256   3.9e-05   19.2  10.6   3   3     0.024       7.6    1.9   0.2   167   244   347   427   343   435 0.80 contig_1165_1030 # 1036491 # 1037870 # -1 # ID=1_1030;partial=00;start_type=ATG;rbs_motif=GGA/GAG/AGG;rbs_spacer=5-10bp;gc_cont=0.388
contig_1165:187921-189294|+   -            458 1528at766            -            256   0.00029   16.4   4.5   1   2   0.00019     0.059    8.8   0.1     2    36     5    39     4    46 0.84 contig_1165_180 # 187921 # 189294 # 1 # ID=1_180;partial=00;start_type=ATG;rbs_motif=None;rbs_spacer=None;gc_cont=0.368
contig_1165:187921-189294|+   -            458 1528at766            -            256   0.00029   16.4   4.5   2   2   0.00047      0.15    7.5   1.0    38   231   101   309    83   313 0.69 contig_1165_180 # 187921 # 189294 # 1 # ID=1_180;partial=00;start_type=ATG;rbs_motif=None;rbs_spacer=None;gc_cont=0.368
#
# Program:         hmmsearch
# Version:         3.4 (Aug 2023)
# Pipeline mode:   SEARCH
# Query file:      /private/groups/russelllab/jodie/Jacobs_et_al_2026_de_novo_wRi_merrill_23_assembly/busco_downloads/lineages/rickettsiales_odb10/hmms/1528at766.hmm
# Target file:     private/groups/russelllab/jodie/Jacobs_et_al_2026_de_novo_wRi_merrill_23_assembly/busco/20250828_Nanopore/wRi/assembly/prodigal_output/predicted_genes/predicted.faa
# Option settings: hmmsearch --domtblout private/groups/russelllab/jodie/Jacobs_et_al_2026_de_novo_wRi_merrill_23_assembly/busco/20250828_Nanopore/wRi/assembly/run_rickettsiales_odb10/hmmer_output/1528at766.out --cpu 1 /private/groups/russelllab/jodie/Jacobs_et_al_2026_de_novo_wRi_merrill_23_assembly/busco_downloads/lineages/rickettsiales_odb10/hmms/1528at766.hmm private/groups/russelllab/jodie/Jacobs_et_al_2026_de_novo_wRi_merrill_23_assembly/busco/20250828_Nanopore/wRi/assembly/prodigal_output/predicted_genes/predicted.faa 
# Current dir:     /private/groups/russelllab/jodie/Jacobs_et_al_2026_de_novo_wRi_merrill_23_assembly
# Date:            Fri Aug 29 11:53:21 2025
# [ok]
