#                                                                                   --- full sequence --- -------------- this domain -------------   hmm coord   ali coord   env coord
# target name               accession   tlen query name           accession   qlen   E-value  score  bias   #  of  c-Evalue  i-Evalue  score  bias  from    to  from    to  from    to  acc description of target
#       ------------------- ---------- ----- -------------------- ---------- ----- --------- ------ ----- --- --- --------- --------- ------ ----- ----- ----- ----- ----- ----- ----- ---- ---------------------
contig_1165:435075-437591|- -            839 153at766             -            695         0 1155.5  17.7   1   3  3.5e-144  8.9e-142  469.7   1.0     1   253     1   271     1   278 0.92 contig_1165_441 # 435075 # 437591 # -1 # ID=1_441;partial=00;start_type=ATG;rbs_motif=GGA/GAG/AGG;rbs_spacer=5-10bp;gc_cont=0.380
contig_1165:435075-437591|- -            839 153at766             -            695         0 1155.5  17.7   2   3    4e-185    1e-182  605.0   2.0   246   591   288   671   278   679 0.91 contig_1165_441 # 435075 # 437591 # -1 # ID=1_441;partial=00;start_type=ATG;rbs_motif=GGA/GAG/AGG;rbs_spacer=5-10bp;gc_cont=0.380
contig_1165:435075-437591|- -            839 153at766             -            695         0 1155.5  17.7   3   3     8e-28     2e-25   85.1   1.1   586   695   700   837   676   837 0.75 contig_1165_441 # 435075 # 437591 # -1 # ID=1_441;partial=00;start_type=ATG;rbs_motif=GGA/GAG/AGG;rbs_spacer=5-10bp;gc_cont=0.380
contig_1165:47213-49807|+   -            865 153at766             -            695     2e-44  147.9  19.1   1   7   5.7e-30   1.4e-27   92.2   0.1     3   153     6   184     4   193 0.76 contig_1165_45 # 47213 # 49807 # 1 # ID=1_45;partial=00;start_type=ATG;rbs_motif=GGA/GAG/AGG;rbs_spacer=5-10bp;gc_cont=0.389
contig_1165:47213-49807|+   -            865 153at766             -            695     2e-44  147.9  19.1   2   7   7.6e-07   0.00019   15.8   0.0   259   316   239   296   199   309 0.81 contig_1165_45 # 47213 # 49807 # 1 # ID=1_45;partial=00;start_type=ATG;rbs_motif=GGA/GAG/AGG;rbs_spacer=5-10bp;gc_cont=0.389
contig_1165:47213-49807|+   -            865 153at766             -            695     2e-44  147.9  19.1   3   7      0.11        27   -1.2   0.0   331   357   361   387   349   395 0.83 contig_1165_45 # 47213 # 49807 # 1 # ID=1_45;partial=00;start_type=ATG;rbs_motif=GGA/GAG/AGG;rbs_spacer=5-10bp;gc_cont=0.389
contig_1165:47213-49807|+   -            865 153at766             -            695     2e-44  147.9  19.1   4   7     3e-05    0.0077   10.5   0.2   160   206   398   445   392   448 0.94 contig_1165_45 # 47213 # 49807 # 1 # ID=1_45;partial=00;start_type=ATG;rbs_motif=GGA/GAG/AGG;rbs_spacer=5-10bp;gc_cont=0.389
contig_1165:47213-49807|+   -            865 153at766             -            695     2e-44  147.9  19.1   5   7     6e-06    0.0015   12.8   0.1   363   396   450   487   446   500 0.75 contig_1165_45 # 47213 # 49807 # 1 # ID=1_45;partial=00;start_type=ATG;rbs_motif=GGA/GAG/AGG;rbs_spacer=5-10bp;gc_cont=0.389
contig_1165:47213-49807|+   -            865 153at766             -            695     2e-44  147.9  19.1   6   7   2.1e-07   5.3e-05   17.6   0.2   531   591   588   648   581   692 0.76 contig_1165_45 # 47213 # 49807 # 1 # ID=1_45;partial=00;start_type=ATG;rbs_motif=GGA/GAG/AGG;rbs_spacer=5-10bp;gc_cont=0.389
contig_1165:47213-49807|+   -            865 153at766             -            695     2e-44  147.9  19.1   7   7   0.00035      0.09    6.9   0.0   610   636   735   761   726   813 0.85 contig_1165_45 # 47213 # 49807 # 1 # ID=1_45;partial=00;start_type=ATG;rbs_motif=GGA/GAG/AGG;rbs_spacer=5-10bp;gc_cont=0.389
contig_1165:92025-95360|-   -           1112 153at766             -            695   3.2e-20   67.9  11.8   1   6   1.3e-10   3.4e-08   28.2   0.1    15   109    38   141    19   202 0.64 contig_1165_85 # 92025 # 95360 # -1 # ID=1_85;partial=00;start_type=ATG;rbs_motif=None;rbs_spacer=None;gc_cont=0.376
contig_1165:92025-95360|-   -           1112 153at766             -            695   3.2e-20   67.9  11.8   2   6   9.9e-06    0.0025   12.1   0.0   266   357   351   434   343   441 0.79 contig_1165_85 # 92025 # 95360 # -1 # ID=1_85;partial=00;start_type=ATG;rbs_motif=None;rbs_spacer=None;gc_cont=0.376
contig_1165:92025-95360|-   -           1112 153at766             -            695   3.2e-20   67.9  11.8   3   6    0.0015      0.38    4.9   0.1   157   201   442   487   431   495 0.84 contig_1165_85 # 92025 # 95360 # -1 # ID=1_85;partial=00;start_type=ATG;rbs_motif=None;rbs_spacer=None;gc_cont=0.376
contig_1165:92025-95360|-   -           1112 153at766             -            695   3.2e-20   67.9  11.8   4   6   1.9e-07   4.9e-05   17.7   1.6   362   444   496   584   491   641 0.65 contig_1165_85 # 92025 # 95360 # -1 # ID=1_85;partial=00;start_type=ATG;rbs_motif=None;rbs_spacer=None;gc_cont=0.376
contig_1165:92025-95360|-   -           1112 153at766             -            695   3.2e-20   67.9  11.8   5   6    0.0017      0.44    4.7   0.0   529   562   642   676   635   680 0.87 contig_1165_85 # 92025 # 95360 # -1 # ID=1_85;partial=00;start_type=ATG;rbs_motif=None;rbs_spacer=None;gc_cont=0.376
contig_1165:92025-95360|-   -           1112 153at766             -            695   3.2e-20   67.9  11.8   6   6     0.017       4.4    1.4   0.0   608   637   797   826   790   847 0.84 contig_1165_85 # 92025 # 95360 # -1 # ID=1_85;partial=00;start_type=ATG;rbs_motif=None;rbs_spacer=None;gc_cont=0.376
contig_1165:159680-161317|- -            546 153at766             -            695   3.1e-17   58.1   2.1   1   3     7e-16   1.8e-13   45.6   0.2    20   189     6   176     2   191 0.90 contig_1165_148 # 159680 # 161317 # -1 # ID=1_148;partial=00;start_type=ATG;rbs_motif=None;rbs_spacer=None;gc_cont=0.398
contig_1165:159680-161317|- -            546 153at766             -            695   3.1e-17   58.1   2.1   2   3   1.6e-05    0.0041   11.4   0.0   530   602   329   400   316   459 0.76 contig_1165_148 # 159680 # 161317 # -1 # ID=1_148;partial=00;start_type=ATG;rbs_motif=None;rbs_spacer=None;gc_cont=0.398
contig_1165:159680-161317|- -            546 153at766             -            695   3.1e-17   58.1   2.1   3   3      0.21        53   -2.2   0.0   610   635   482   507   466   519 0.71 contig_1165_148 # 159680 # 161317 # -1 # ID=1_148;partial=00;start_type=ATG;rbs_motif=None;rbs_spacer=None;gc_cont=0.398
contig_1165:110493-112199|- -            569 153at766             -            695   4.4e-05   17.9   0.2   1   2   7.3e-06    0.0018   12.5   0.0    28    61   129   162   100   170 0.84 contig_1165_100 # 110493 # 112199 # -1 # ID=1_100;partial=00;start_type=ATG;rbs_motif=None;rbs_spacer=None;gc_cont=0.388
contig_1165:110493-112199|- -            569 153at766             -            695   4.4e-05   17.9   0.2   2   2    0.0051       1.3    3.1   0.1   526   561   385   421   374   440 0.84 contig_1165_100 # 110493 # 112199 # -1 # ID=1_100;partial=00;start_type=ATG;rbs_motif=None;rbs_spacer=None;gc_cont=0.388
#
# Program:         hmmsearch
# Version:         3.4 (Aug 2023)
# Pipeline mode:   SEARCH
# Query file:      /private/groups/russelllab/jodie/Jacobs_et_al_2026_de_novo_wRi_merrill_23_assembly/busco_downloads/lineages/rickettsiales_odb10/hmms/153at766.hmm
# Target file:     private/groups/russelllab/jodie/Jacobs_et_al_2026_de_novo_wRi_merrill_23_assembly/busco/20250828_Nanopore/wRi/assembly/prodigal_output/predicted_genes/predicted.faa
# Option settings: hmmsearch --domtblout private/groups/russelllab/jodie/Jacobs_et_al_2026_de_novo_wRi_merrill_23_assembly/busco/20250828_Nanopore/wRi/assembly/run_rickettsiales_odb10/hmmer_output/153at766.out --cpu 1 /private/groups/russelllab/jodie/Jacobs_et_al_2026_de_novo_wRi_merrill_23_assembly/busco_downloads/lineages/rickettsiales_odb10/hmms/153at766.hmm private/groups/russelllab/jodie/Jacobs_et_al_2026_de_novo_wRi_merrill_23_assembly/busco/20250828_Nanopore/wRi/assembly/prodigal_output/predicted_genes/predicted.faa 
# Current dir:     /private/groups/russelllab/jodie/Jacobs_et_al_2026_de_novo_wRi_merrill_23_assembly
# Date:            Fri Aug 29 11:53:22 2025
# [ok]
