#                                                                                   --- full sequence --- -------------- this domain -------------   hmm coord   ali coord   env coord
# target name               accession   tlen query name           accession   qlen   E-value  score  bias   #  of  c-Evalue  i-Evalue  score  bias  from    to  from    to  from    to  acc description of target
#       ------------------- ---------- ----- -------------------- ---------- ----- --------- ------ ----- --- --- --------- --------- ------ ----- ----- ----- ----- ----- ----- ----- ---- ---------------------
contig_1165:979090-980598|- -            503 1561at766            -            357  3.2e-127  420.8  59.1   1   3       1.3   2.8e+02   -3.3   0.4   100   117    22    39     9    65 0.62 contig_1165_976 # 979090 # 980598 # -1 # ID=1_976;partial=00;start_type=ATG;rbs_motif=None;rbs_spacer=None;gc_cont=0.345
contig_1165:979090-980598|- -            503 1561at766            -            357  3.2e-127  420.8  59.1   2   3   3.8e-70   8.1e-68  225.4  26.5    11   191    82   294    75   300 0.84 contig_1165_976 # 979090 # 980598 # -1 # ID=1_976;partial=00;start_type=ATG;rbs_motif=None;rbs_spacer=None;gc_cont=0.345
contig_1165:979090-980598|- -            503 1561at766            -            357  3.2e-127  420.8  59.1   3   3   4.2e-64   8.9e-62  205.6  18.1   189   357   311   496   304   496 0.90 contig_1165_976 # 979090 # 980598 # -1 # ID=1_976;partial=00;start_type=ATG;rbs_motif=None;rbs_spacer=None;gc_cont=0.345
contig_1165:835179-837026|- -            616 1561at766            -            357   1.8e-49  165.1  40.6   1   3   7.7e-08   1.6e-05   20.5   9.4    13   107    64   168    54   195 0.76 contig_1165_830 # 835179 # 837026 # -1 # ID=1_830;partial=00;start_type=ATG;rbs_motif=None;rbs_spacer=None;gc_cont=0.349
contig_1165:835179-837026|- -            616 1561at766            -            357   1.8e-49  165.1  40.6   2   3   6.4e-48   1.4e-45  152.3  20.3    86   337   176   436   169   459 0.82 contig_1165_830 # 835179 # 837026 # -1 # ID=1_830;partial=00;start_type=ATG;rbs_motif=None;rbs_spacer=None;gc_cont=0.349
contig_1165:835179-837026|- -            616 1561at766            -            357   1.8e-49  165.1  40.6   3   3      0.26        55   -1.0   0.1   268   287   595   614   576   615 0.72 contig_1165_830 # 835179 # 837026 # -1 # ID=1_830;partial=00;start_type=ATG;rbs_motif=None;rbs_spacer=None;gc_cont=0.349
contig_1165:701016-702482|- -            489 1561at766            -            357   7.2e-36  120.3  51.7   1   2      0.36        76   -1.4   0.7    52    83    17    47     4    61 0.51 contig_1165_698 # 701016 # 702482 # -1 # ID=1_698;partial=00;start_type=ATG;rbs_motif=None;rbs_spacer=None;gc_cont=0.343
contig_1165:701016-702482|- -            489 1561at766            -            357   7.2e-36  120.3  51.7   2   2   2.4e-37   5.2e-35  117.5  45.0    14   337    65   438    53   447 0.78 contig_1165_698 # 701016 # 702482 # -1 # ID=1_698;partial=00;start_type=ATG;rbs_motif=None;rbs_spacer=None;gc_cont=0.343
contig_1165:832372-833736|- -            455 1561at766            -            357   3.1e-25   85.3  45.5   1   1     1e-26   2.1e-24   82.6  43.4    29   342    74   425    39   448 0.67 contig_1165_828 # 832372 # 833736 # -1 # ID=1_828;partial=00;start_type=ATG;rbs_motif=None;rbs_spacer=None;gc_cont=0.349
contig_1165:833733-835175|- -            481 1561at766            -            357   3.1e-24   82.1  46.5   1   2      0.28        59   -1.1   0.2    14    51    24    58    11    72 0.63 contig_1165_829 # 833733 # 835175 # -1 # ID=1_829;partial=00;start_type=GTG;rbs_motif=GGA/GAG/AGG;rbs_spacer=11-12bp;gc_cont=0.348
contig_1165:833733-835175|- -            481 1561at766            -            357   3.1e-24   82.1  46.5   2   2   1.4e-26   3.1e-24   82.1  46.5    16   334    67   424    58   455 0.73 contig_1165_829 # 833733 # 835175 # -1 # ID=1_829;partial=00;start_type=GTG;rbs_motif=GGA/GAG/AGG;rbs_spacer=11-12bp;gc_cont=0.348
contig_1165:723429-724988|+ -            520 1561at766            -            357   1.2e-07   27.5  42.6   1   3   5.8e-10   1.2e-07   27.5  42.6    26   304    41   325    11   386 0.75 contig_1165_722 # 723429 # 724988 # 1 # ID=1_722;partial=00;start_type=GTG;rbs_motif=None;rbs_spacer=None;gc_cont=0.326
contig_1165:723429-724988|+ -            520 1561at766            -            357   1.2e-07   27.5  42.6   2   3      0.55   1.2e+02   -2.0   0.0    94   123   407   437   398   448 0.70 contig_1165_722 # 723429 # 724988 # 1 # ID=1_722;partial=00;start_type=GTG;rbs_motif=None;rbs_spacer=None;gc_cont=0.326
contig_1165:723429-724988|+ -            520 1561at766            -            357   1.2e-07   27.5  42.6   3   3      0.52   1.1e+02   -2.0   0.3   201   221   486   506   472   515 0.71 contig_1165_722 # 723429 # 724988 # 1 # ID=1_722;partial=00;start_type=GTG;rbs_motif=None;rbs_spacer=None;gc_cont=0.326
#
# Program:         hmmsearch
# Version:         3.4 (Aug 2023)
# Pipeline mode:   SEARCH
# Query file:      /private/groups/russelllab/jodie/Jacobs_et_al_2026_de_novo_wRi_merrill_23_assembly/busco_downloads/lineages/rickettsiales_odb10/hmms/1561at766.hmm
# Target file:     private/groups/russelllab/jodie/Jacobs_et_al_2026_de_novo_wRi_merrill_23_assembly/busco/20250828_Nanopore/wRi/assembly/prodigal_output/predicted_genes/predicted.faa
# Option settings: hmmsearch --domtblout private/groups/russelllab/jodie/Jacobs_et_al_2026_de_novo_wRi_merrill_23_assembly/busco/20250828_Nanopore/wRi/assembly/run_rickettsiales_odb10/hmmer_output/1561at766.out --cpu 1 /private/groups/russelllab/jodie/Jacobs_et_al_2026_de_novo_wRi_merrill_23_assembly/busco_downloads/lineages/rickettsiales_odb10/hmms/1561at766.hmm private/groups/russelllab/jodie/Jacobs_et_al_2026_de_novo_wRi_merrill_23_assembly/busco/20250828_Nanopore/wRi/assembly/prodigal_output/predicted_genes/predicted.faa 
# Current dir:     /private/groups/russelllab/jodie/Jacobs_et_al_2026_de_novo_wRi_merrill_23_assembly
# Date:            Fri Aug 29 11:53:22 2025
# [ok]
