#                                                                                     --- full sequence --- -------------- this domain -------------   hmm coord   ali coord   env coord
# target name                 accession   tlen query name           accession   qlen   E-value  score  bias   #  of  c-Evalue  i-Evalue  score  bias  from    to  from    to  from    to  acc description of target
#         ------------------- ---------- ----- -------------------- ---------- ----- --------- ------ ----- --- --- --------- --------- ------ ----- ----- ----- ----- ----- ----- ----- ---- ---------------------
contig_1165:821282-822808|-   -            509 1619at766            -            354  3.2e-147  486.3  13.7   1   2    2e-126  3.6e-124  410.4   3.4     2   263     6   309     5   335 0.87 contig_1165_815 # 821282 # 822808 # -1 # ID=1_815;partial=00;start_type=ATG;rbs_motif=None;rbs_spacer=None;gc_cont=0.361
contig_1165:821282-822808|-   -            509 1619at766            -            354  3.2e-147  486.3  13.7   2   2   3.9e-24     7e-22   74.0   2.7   264   354   412   508   376   508 0.74 contig_1165_815 # 821282 # 822808 # -1 # ID=1_815;partial=00;start_type=ATG;rbs_motif=None;rbs_spacer=None;gc_cont=0.361
contig_1165:707490-708815|-   -            442 1619at766            -            354   9.3e-32  106.5   1.9   1   2   1.3e-16   2.4e-14   49.2   0.0   175   261     2    90     1    94 0.87 contig_1165_706 # 707490 # 708815 # -1 # ID=1_706;partial=00;start_type=ATG;rbs_motif=None;rbs_spacer=None;gc_cont=0.370
contig_1165:707490-708815|-   -            442 1619at766            -            354   9.3e-32  106.5   1.9   2   2   7.9e-19   1.4e-16   56.5   0.4   173   259   174   266   150   334 0.78 contig_1165_706 # 707490 # 708815 # -1 # ID=1_706;partial=00;start_type=ATG;rbs_motif=None;rbs_spacer=None;gc_cont=0.370
contig_1165:1044727-1045611|- -            295 1619at766            -            354   3.3e-14   48.8   1.3   1   2   9.2e-16   1.7e-13   46.4   0.7   173   263     5    98     2   143 0.89 contig_1165_1037 # 1044727 # 1045611 # -1 # ID=1_1037;partial=00;start_type=GTG;rbs_motif=None;rbs_spacer=None;gc_cont=0.350
contig_1165:1044727-1045611|- -            295 1619at766            -            354   3.3e-14   48.8   1.3   2   2      0.14        25   -0.2   0.0   265   293   141   170   122   203 0.72 contig_1165_1037 # 1044727 # 1045611 # -1 # ID=1_1037;partial=00;start_type=GTG;rbs_motif=None;rbs_spacer=None;gc_cont=0.350
contig_1165:263926-264519|+   -            198 1619at766            -            354   1.2e-06   23.9   0.6   1   1   1.2e-08   2.2e-06   23.1   0.6   176   213    28    66    23   191 0.64 contig_1165_265 # 263926 # 264519 # 1 # ID=1_265;partial=00;start_type=ATG;rbs_motif=None;rbs_spacer=None;gc_cont=0.318
contig_1165:67917-69011|+     -            365 1619at766            -            354   0.00012   17.3   0.2   1   1   1.2e-06   0.00023   16.4   0.2   176   216     4    44     1   173 0.89 contig_1165_66 # 67917 # 69011 # 1 # ID=1_66;partial=00;start_type=ATG;rbs_motif=None;rbs_spacer=None;gc_cont=0.380
contig_1165:565264-565857|+   -            198 1619at766            -            354    0.0014   13.8   0.4   1   1     1e-05    0.0018   13.4   0.4   262   351    81   163    69   166 0.78 contig_1165_563 # 565264 # 565857 # 1 # ID=1_563;partial=00;start_type=ATG;rbs_motif=GGAG/GAGG;rbs_spacer=5-10bp;gc_cont=0.327
contig_1165:20269-21291|+     -            341 1619at766            -            354    0.0046   12.1   0.1   1   2    0.0001     0.019   10.1   0.0   176   234   161   218   148   257 0.78 contig_1165_18 # 20269 # 21291 # 1 # ID=1_18;partial=00;start_type=ATG;rbs_motif=None;rbs_spacer=None;gc_cont=0.361
contig_1165:20269-21291|+     -            341 1619at766            -            354    0.0046   12.1   0.1   2   2      0.26        47   -1.1   0.0   260   280   270   290   253   308 0.78 contig_1165_18 # 20269 # 21291 # 1 # ID=1_18;partial=00;start_type=ATG;rbs_motif=None;rbs_spacer=None;gc_cont=0.361
#
# Program:         hmmsearch
# Version:         3.4 (Aug 2023)
# Pipeline mode:   SEARCH
# Query file:      /private/groups/russelllab/jodie/Jacobs_et_al_2026_de_novo_wRi_merrill_23_assembly/busco_downloads/lineages/rickettsiales_odb10/hmms/1619at766.hmm
# Target file:     private/groups/russelllab/jodie/Jacobs_et_al_2026_de_novo_wRi_merrill_23_assembly/busco/20250828_Nanopore/wRi/assembly/prodigal_output/predicted_genes/predicted.faa
# Option settings: hmmsearch --domtblout private/groups/russelllab/jodie/Jacobs_et_al_2026_de_novo_wRi_merrill_23_assembly/busco/20250828_Nanopore/wRi/assembly/run_rickettsiales_odb10/hmmer_output/1619at766.out --cpu 1 /private/groups/russelllab/jodie/Jacobs_et_al_2026_de_novo_wRi_merrill_23_assembly/busco_downloads/lineages/rickettsiales_odb10/hmms/1619at766.hmm private/groups/russelllab/jodie/Jacobs_et_al_2026_de_novo_wRi_merrill_23_assembly/busco/20250828_Nanopore/wRi/assembly/prodigal_output/predicted_genes/predicted.faa 
# Current dir:     /private/groups/russelllab/jodie/Jacobs_et_al_2026_de_novo_wRi_merrill_23_assembly
# Date:            Fri Aug 29 11:53:22 2025
# [ok]
