#                                                                                   --- full sequence --- -------------- this domain -------------   hmm coord   ali coord   env coord
# target name               accession   tlen query name           accession   qlen   E-value  score  bias   #  of  c-Evalue  i-Evalue  score  bias  from    to  from    to  from    to  acc description of target
#       ------------------- ---------- ----- -------------------- ---------- ----- --------- ------ ----- --- --- --------- --------- ------ ----- ----- ----- ----- ----- ----- ----- ---- ---------------------
contig_1165:285329-287890|+ -            854 162at766             -            717         0 1188.6  19.2   1   2   1.1e-12   3.5e-10   34.9   0.1     1    45     1    51     1    68 0.90 contig_1165_287 # 285329 # 287890 # 1 # ID=1_287;partial=00;start_type=ATG;rbs_motif=None;rbs_spacer=None;gc_cont=0.377
contig_1165:285329-287890|+ -            854 162at766             -            717         0 1188.6  19.2   2   2         0         0 1149.9  15.6    58   717   101   837    87   837 0.91 contig_1165_287 # 285329 # 287890 # 1 # ID=1_287;partial=00;start_type=ATG;rbs_motif=None;rbs_spacer=None;gc_cont=0.377
contig_1165:577623-579929|- -            769 162at766             -            717  5.3e-169  559.9   8.9   1   3   3.5e-96   1.1e-93  310.9   0.7    89   333   181   433   102   437 0.93 contig_1165_577 # 577623 # 579929 # -1 # ID=1_577;partial=00;start_type=ATG;rbs_motif=GGA/GAG/AGG;rbs_spacer=5-10bp;gc_cont=0.339
contig_1165:577623-579929|- -            769 162at766             -            717  5.3e-169  559.9   8.9   2   3   8.6e-73   2.7e-70  233.6   0.5   440   684   440   700   432   704 0.86 contig_1165_577 # 577623 # 579929 # -1 # ID=1_577;partial=00;start_type=ATG;rbs_motif=GGA/GAG/AGG;rbs_spacer=5-10bp;gc_cont=0.339
contig_1165:577623-579929|- -            769 162at766             -            717  5.3e-169  559.9   8.9   3   3   4.3e-08   1.4e-05   19.7   0.1   673   716   706   749   702   750 0.91 contig_1165_577 # 577623 # 579929 # -1 # ID=1_577;partial=00;start_type=ATG;rbs_motif=GGA/GAG/AGG;rbs_spacer=5-10bp;gc_cont=0.339
contig_1165:194717-195994|+ -            426 162at766             -            717   6.5e-05   17.5   0.0   1   1   3.2e-07    0.0001   16.8   0.0   465   529    68   138    58   185 0.83 contig_1165_188 # 194717 # 195994 # 1 # ID=1_188;partial=00;start_type=ATG;rbs_motif=GGA/GAG/AGG;rbs_spacer=5-10bp;gc_cont=0.365
contig_1165:695891-696871|+ -            327 162at766             -            717    0.0022   12.4   0.1   1   1   3.2e-05      0.01   10.2   0.1   101   214     8   114     2   121 0.73 contig_1165_693 # 695891 # 696871 # 1 # ID=1_693;partial=00;start_type=ATG;rbs_motif=GGA/GAG/AGG;rbs_spacer=11-12bp;gc_cont=0.379
#
# Program:         hmmsearch
# Version:         3.4 (Aug 2023)
# Pipeline mode:   SEARCH
# Query file:      /private/groups/russelllab/jodie/Jacobs_et_al_2026_de_novo_wRi_merrill_23_assembly/busco_downloads/lineages/rickettsiales_odb10/hmms/162at766.hmm
# Target file:     private/groups/russelllab/jodie/Jacobs_et_al_2026_de_novo_wRi_merrill_23_assembly/busco/20250828_Nanopore/wRi/assembly/prodigal_output/predicted_genes/predicted.faa
# Option settings: hmmsearch --domtblout private/groups/russelllab/jodie/Jacobs_et_al_2026_de_novo_wRi_merrill_23_assembly/busco/20250828_Nanopore/wRi/assembly/run_rickettsiales_odb10/hmmer_output/162at766.out --cpu 1 /private/groups/russelllab/jodie/Jacobs_et_al_2026_de_novo_wRi_merrill_23_assembly/busco_downloads/lineages/rickettsiales_odb10/hmms/162at766.hmm private/groups/russelllab/jodie/Jacobs_et_al_2026_de_novo_wRi_merrill_23_assembly/busco/20250828_Nanopore/wRi/assembly/prodigal_output/predicted_genes/predicted.faa 
# Current dir:     /private/groups/russelllab/jodie/Jacobs_et_al_2026_de_novo_wRi_merrill_23_assembly
# Date:            Fri Aug 29 11:53:22 2025
# [ok]
