#                                                                                     --- full sequence --- -------------- this domain -------------   hmm coord   ali coord   env coord
# target name                 accession   tlen query name           accession   qlen   E-value  score  bias   #  of  c-Evalue  i-Evalue  score  bias  from    to  from    to  from    to  acc description of target
#         ------------------- ---------- ----- -------------------- ---------- ----- --------- ------ ----- --- --- --------- --------- ------ ----- ----- ----- ----- ----- ----- ----- ---- ---------------------
contig_1165:819962-820978|-   -            339 1655at766            -            269  1.3e-124  410.9   2.9   1   2   1.1e-49   3.6e-47  156.8   0.4     1    88     3    90     3    92 0.98 contig_1165_814 # 819962 # 820978 # -1 # ID=1_814;partial=00;start_type=ATG;rbs_motif=None;rbs_spacer=None;gc_cont=0.363
contig_1165:819962-820978|-   -            339 1655at766            -            269  1.3e-124  410.9   2.9   2   2   4.9e-79   1.5e-76  253.1   0.1    84   269   105   329    90   329 0.83 contig_1165_814 # 819962 # 820978 # -1 # ID=1_814;partial=00;start_type=ATG;rbs_motif=None;rbs_spacer=None;gc_cont=0.363
contig_1165:1032895-1033842|+ -            316 1655at766            -            269     4e-14   48.5   4.5   1   1   8.6e-14   2.7e-11   39.2   4.5     2   188     9   213     8   310 0.78 contig_1165_1026 # 1032895 # 1033842 # 1 # ID=1_1026;partial=00;start_type=GTG;rbs_motif=None;rbs_spacer=None;gc_cont=0.389
contig_1165:187921-189294|+   -            458 1655at766            -            269   8.6e-07   24.4   2.0   1   3   1.9e-07   5.9e-05   18.4   0.0     2    41     5    44     4    90 0.93 contig_1165_180 # 187921 # 189294 # 1 # ID=1_180;partial=00;start_type=ATG;rbs_motif=None;rbs_spacer=None;gc_cont=0.368
contig_1165:187921-189294|+   -            458 1655at766            -            269   8.6e-07   24.4   2.0   2   3     0.046        15    0.7   0.2     3    34   175   206   173   209 0.80 contig_1165_180 # 187921 # 189294 # 1 # ID=1_180;partial=00;start_type=ATG;rbs_motif=None;rbs_spacer=None;gc_cont=0.368
contig_1165:187921-189294|+   -            458 1655at766            -            269   8.6e-07   24.4   2.0   3   3     0.013       4.1    2.5   0.0   221   235   295   309   246   317 0.90 contig_1165_180 # 187921 # 189294 # 1 # ID=1_180;partial=00;start_type=ATG;rbs_motif=None;rbs_spacer=None;gc_cont=0.368
contig_1165:1036491-1037870|- -            460 1655at766            -            269   3.4e-05   19.2   7.7   1   3   3.2e-07    0.0001   17.6   1.4     2   135     5   143     4   156 0.67 contig_1165_1030 # 1036491 # 1037870 # -1 # ID=1_1030;partial=00;start_type=ATG;rbs_motif=GGA/GAG/AGG;rbs_spacer=5-10bp;gc_cont=0.388
contig_1165:1036491-1037870|- -            460 1655at766            -            269   3.4e-05   19.2   7.7   2   3      0.16        51   -1.0   0.1     3    15   173   185   171   208 0.70 contig_1165_1030 # 1036491 # 1037870 # -1 # ID=1_1030;partial=00;start_type=ATG;rbs_motif=GGA/GAG/AGG;rbs_spacer=5-10bp;gc_cont=0.388
contig_1165:1036491-1037870|- -            460 1655at766            -            269   3.4e-05   19.2   7.7   3   3    0.0071       2.2    3.4   0.0   222   235   298   311   277   320 0.86 contig_1165_1030 # 1036491 # 1037870 # -1 # ID=1_1030;partial=00;start_type=ATG;rbs_motif=GGA/GAG/AGG;rbs_spacer=5-10bp;gc_cont=0.388
#
# Program:         hmmsearch
# Version:         3.4 (Aug 2023)
# Pipeline mode:   SEARCH
# Query file:      /private/groups/russelllab/jodie/Jacobs_et_al_2026_de_novo_wRi_merrill_23_assembly/busco_downloads/lineages/rickettsiales_odb10/hmms/1655at766.hmm
# Target file:     private/groups/russelllab/jodie/Jacobs_et_al_2026_de_novo_wRi_merrill_23_assembly/busco/20250828_Nanopore/wRi/assembly/prodigal_output/predicted_genes/predicted.faa
# Option settings: hmmsearch --domtblout private/groups/russelllab/jodie/Jacobs_et_al_2026_de_novo_wRi_merrill_23_assembly/busco/20250828_Nanopore/wRi/assembly/run_rickettsiales_odb10/hmmer_output/1655at766.out --cpu 1 /private/groups/russelllab/jodie/Jacobs_et_al_2026_de_novo_wRi_merrill_23_assembly/busco_downloads/lineages/rickettsiales_odb10/hmms/1655at766.hmm private/groups/russelllab/jodie/Jacobs_et_al_2026_de_novo_wRi_merrill_23_assembly/busco/20250828_Nanopore/wRi/assembly/prodigal_output/predicted_genes/predicted.faa 
# Current dir:     /private/groups/russelllab/jodie/Jacobs_et_al_2026_de_novo_wRi_merrill_23_assembly
# Date:            Fri Aug 29 11:53:21 2025
# [ok]
