#                                                                                   --- full sequence --- -------------- this domain -------------   hmm coord   ali coord   env coord
# target name               accession   tlen query name           accession   qlen   E-value  score  bias   #  of  c-Evalue  i-Evalue  score  bias  from    to  from    to  from    to  acc description of target
#       ------------------- ---------- ----- -------------------- ---------- ----- --------- ------ ----- --- --- --------- --------- ------ ----- ----- ----- ----- ----- ----- ----- ---- ---------------------
contig_1165:740828-742429|- -            534 1675at766            -            358  1.4e-131  435.0  15.1   1   3  3.1e-122  9.9e-120  396.0   3.9     2   262     1   287     1   296 0.90 contig_1165_739 # 740828 # 742429 # -1 # ID=1_739;partial=00;start_type=ATG;rbs_motif=None;rbs_spacer=None;gc_cont=0.345
contig_1165:740828-742429|- -            534 1675at766            -            358  1.4e-131  435.0  15.1   2   3   9.8e-16   3.1e-13   45.6   0.3   264   321   314   376   293   394 0.82 contig_1165_739 # 740828 # 742429 # -1 # ID=1_739;partial=00;start_type=ATG;rbs_motif=None;rbs_spacer=None;gc_cont=0.345
contig_1165:740828-742429|- -            534 1675at766            -            358  1.4e-131  435.0  15.1   3   3     0.078        25   -0.1   0.3   310   327   433   450   423   492 0.87 contig_1165_739 # 740828 # 742429 # -1 # ID=1_739;partial=00;start_type=ATG;rbs_motif=None;rbs_spacer=None;gc_cont=0.345
contig_1165:976673-977494|+ -            274 1675at766            -            358   1.1e-15   53.7   4.7   1   1     5e-17   1.6e-14   49.9   4.7    29   175    13   147     7   259 0.89 contig_1165_973 # 976673 # 977494 # 1 # ID=1_973;partial=00;start_type=ATG;rbs_motif=AGGAG;rbs_spacer=5-10bp;gc_cont=0.314
contig_1165:695891-696871|+ -            327 1675at766            -            358   8.4e-08   27.8   0.1   1   2   1.3e-09   4.2e-07   25.5   0.0     8    61    19    76    15    83 0.80 contig_1165_693 # 695891 # 696871 # 1 # ID=1_693;partial=00;start_type=ATG;rbs_motif=GGA/GAG/AGG;rbs_spacer=11-12bp;gc_cont=0.379
contig_1165:695891-696871|+ -            327 1675at766            -            358   8.4e-08   27.8   0.1   2   2      0.14        44   -0.9   0.0   115   137   105   127    96   132 0.80 contig_1165_693 # 695891 # 696871 # 1 # ID=1_693;partial=00;start_type=ATG;rbs_motif=GGA/GAG/AGG;rbs_spacer=11-12bp;gc_cont=0.379
contig_1165:563268-565109|+ -            614 1675at766            -            358    0.0023   13.2   0.0   1   1   1.4e-05    0.0044   12.2   0.0    27    58   178   209   164   214 0.83 contig_1165_562 # 563268 # 565109 # 1 # ID=1_562;partial=00;start_type=ATG;rbs_motif=None;rbs_spacer=None;gc_cont=0.370
#
# Program:         hmmsearch
# Version:         3.4 (Aug 2023)
# Pipeline mode:   SEARCH
# Query file:      /private/groups/russelllab/jodie/Jacobs_et_al_2026_de_novo_wRi_merrill_23_assembly/busco_downloads/lineages/rickettsiales_odb10/hmms/1675at766.hmm
# Target file:     private/groups/russelllab/jodie/Jacobs_et_al_2026_de_novo_wRi_merrill_23_assembly/busco/20250828_Nanopore/wRi/assembly/prodigal_output/predicted_genes/predicted.faa
# Option settings: hmmsearch --domtblout private/groups/russelllab/jodie/Jacobs_et_al_2026_de_novo_wRi_merrill_23_assembly/busco/20250828_Nanopore/wRi/assembly/run_rickettsiales_odb10/hmmer_output/1675at766.out --cpu 1 /private/groups/russelllab/jodie/Jacobs_et_al_2026_de_novo_wRi_merrill_23_assembly/busco_downloads/lineages/rickettsiales_odb10/hmms/1675at766.hmm private/groups/russelllab/jodie/Jacobs_et_al_2026_de_novo_wRi_merrill_23_assembly/busco/20250828_Nanopore/wRi/assembly/prodigal_output/predicted_genes/predicted.faa 
# Current dir:     /private/groups/russelllab/jodie/Jacobs_et_al_2026_de_novo_wRi_merrill_23_assembly
# Date:            Fri Aug 29 11:53:22 2025
# [ok]
