#                                                                                   --- full sequence --- -------------- this domain -------------   hmm coord   ali coord   env coord
# target name               accession   tlen query name           accession   qlen   E-value  score  bias   #  of  c-Evalue  i-Evalue  score  bias  from    to  from    to  from    to  acc description of target
#       ------------------- ---------- ----- -------------------- ---------- ----- --------- ------ ----- --- --- --------- --------- ------ ----- ----- ----- ----- ----- ----- ----- ---- ---------------------
contig_1165:79913-81988|+   -            692 170at766             -            547  2.1e-266  880.9  18.4   1   2  5.4e-251  1.7e-248  821.8   8.4     1   478     8   498     8   547 0.92 contig_1165_75 # 79913 # 81988 # 1 # ID=1_75;partial=00;start_type=ATG;rbs_motif=None;rbs_spacer=None;gc_cont=0.365
contig_1165:79913-81988|+   -            692 170at766             -            547  2.1e-266  880.9  18.4   2   2   1.4e-21   4.5e-19   64.6   2.3   455   545   576   688   557   690 0.77 contig_1165_75 # 79913 # 81988 # 1 # ID=1_75;partial=00;start_type=ATG;rbs_motif=None;rbs_spacer=None;gc_cont=0.365
contig_1165:525289-528744|- -           1152 170at766             -            547     5e-17   57.8   2.4   1   3   2.2e-11     7e-09   30.9   0.6    68   324    79   339    31   354 0.81 contig_1165_526 # 525289 # 528744 # -1 # ID=1_526;partial=00;start_type=ATG;rbs_motif=None;rbs_spacer=None;gc_cont=0.388
contig_1165:525289-528744|- -           1152 170at766             -            547     5e-17   57.8   2.4   2   3   8.4e-10   2.7e-07   25.7   0.0    88   216   683   805   676   870 0.83 contig_1165_526 # 525289 # 528744 # -1 # ID=1_526;partial=00;start_type=ATG;rbs_motif=None;rbs_spacer=None;gc_cont=0.388
contig_1165:525289-528744|- -           1152 170at766             -            547     5e-17   57.8   2.4   3   3       0.4   1.3e+02   -2.9   0.0   278   322   916   960   912   972 0.83 contig_1165_526 # 525289 # 528744 # -1 # ID=1_526;partial=00;start_type=ATG;rbs_motif=None;rbs_spacer=None;gc_cont=0.388
contig_1165:461120-462391|- -            424 170at766             -            547   3.5e-06   22.0   0.3   1   1   1.8e-08   5.8e-06   21.3   0.3    89   200    79   190    76   201 0.88 contig_1165_471 # 461120 # 462391 # -1 # ID=1_471;partial=00;start_type=ATG;rbs_motif=GGAG/GAGG;rbs_spacer=5-10bp;gc_cont=0.372
contig_1165:167303-168337|+ -            345 170at766             -            547   4.4e-06   21.7   0.1   1   2   8.8e-05     0.028    9.1   0.0   478   515    61    98    32   114 0.88 contig_1165_153 # 167303 # 168337 # 1 # ID=1_153;partial=00;start_type=ATG;rbs_motif=None;rbs_spacer=None;gc_cont=0.354
contig_1165:167303-168337|+ -            345 170at766             -            547   4.4e-06   21.7   0.1   2   2   3.3e-05      0.01   10.6   0.1   480   512   157   189   134   221 0.80 contig_1165_153 # 167303 # 168337 # 1 # ID=1_153;partial=00;start_type=ATG;rbs_motif=None;rbs_spacer=None;gc_cont=0.354
#
# Program:         hmmsearch
# Version:         3.4 (Aug 2023)
# Pipeline mode:   SEARCH
# Query file:      /private/groups/russelllab/jodie/Jacobs_et_al_2026_de_novo_wRi_merrill_23_assembly/busco_downloads/lineages/rickettsiales_odb10/hmms/170at766.hmm
# Target file:     private/groups/russelllab/jodie/Jacobs_et_al_2026_de_novo_wRi_merrill_23_assembly/busco/20250828_Nanopore/wRi/assembly/prodigal_output/predicted_genes/predicted.faa
# Option settings: hmmsearch --domtblout private/groups/russelllab/jodie/Jacobs_et_al_2026_de_novo_wRi_merrill_23_assembly/busco/20250828_Nanopore/wRi/assembly/run_rickettsiales_odb10/hmmer_output/170at766.out --cpu 1 /private/groups/russelllab/jodie/Jacobs_et_al_2026_de_novo_wRi_merrill_23_assembly/busco_downloads/lineages/rickettsiales_odb10/hmms/170at766.hmm private/groups/russelllab/jodie/Jacobs_et_al_2026_de_novo_wRi_merrill_23_assembly/busco/20250828_Nanopore/wRi/assembly/prodigal_output/predicted_genes/predicted.faa 
# Current dir:     /private/groups/russelllab/jodie/Jacobs_et_al_2026_de_novo_wRi_merrill_23_assembly
# Date:            Fri Aug 29 11:53:22 2025
# [ok]
