#                                                                                     --- full sequence --- -------------- this domain -------------   hmm coord   ali coord   env coord
# target name                 accession   tlen query name           accession   qlen   E-value  score  bias   #  of  c-Evalue  i-Evalue  score  bias  from    to  from    to  from    to  acc description of target
#         ------------------- ---------- ----- -------------------- ---------- ----- --------- ------ ----- --- --- --------- --------- ------ ----- ----- ----- ----- ----- ----- ----- ---- ---------------------
contig_1165:814553-815254|-   -            234 1817at766            -            208   1.1e-88  292.6   5.7   1   1   1.4e-90   1.5e-88  292.1   5.7     1   208     6   230     6   230 0.93 contig_1165_808 # 814553 # 815254 # -1 # ID=1_808;partial=00;start_type=ATG;rbs_motif=None;rbs_spacer=None;gc_cont=0.323
contig_1165:57467-58108|-     -            214 1817at766            -            208   7.6e-39  129.8   0.9   1   1   8.2e-41   8.6e-39  129.6   0.9     1   201     2   207     2   213 0.85 contig_1165_55 # 57467 # 58108 # -1 # ID=1_55;partial=00;start_type=ATG;rbs_motif=GGA/GAG/AGG;rbs_spacer=5-10bp;gc_cont=0.324
contig_1165:354612-355385|+   -            258 1817at766            -            208   1.2e-36  122.6   2.8   1   1     2e-38   2.2e-36  121.8   2.8    11   206    13   233     3   235 0.79 contig_1165_352 # 354612 # 355385 # 1 # ID=1_352;partial=00;start_type=ATG;rbs_motif=None;rbs_spacer=None;gc_cont=0.337
contig_1165:143675-144433|-   -            253 1817at766            -            208   3.2e-32  108.1   0.1   1   1     4e-33   4.2e-31  104.5   0.1     2   203     7   243     6   249 0.76 contig_1165_134 # 143675 # 144433 # -1 # ID=1_134;partial=00;start_type=ATG;rbs_motif=AGGA;rbs_spacer=5-10bp;gc_cont=0.361
contig_1165:112707-114413|-   -            569 1817at766            -            208   9.2e-30  100.1   1.1   1   1   2.8e-31     3e-29   98.5   1.1     1   200   332   556   332   562 0.82 contig_1165_102 # 112707 # 114413 # -1 # ID=1_102;partial=00;start_type=ATG;rbs_motif=None;rbs_spacer=None;gc_cont=0.357
contig_1165:1080248-1080922|+ -            225 1817at766            -            208   4.6e-26   88.0   1.4   1   1   1.2e-27   1.3e-25   86.6   1.4     3   174     9   209     7   219 0.76 contig_1165_1075 # 1080248 # 1080922 # 1 # ID=1_1075;partial=00;start_type=ATG;rbs_motif=GGA/GAG/AGG;rbs_spacer=5-10bp;gc_cont=0.372
contig_1165:1161719-1163494|- -            592 1817at766            -            208   8.8e-25   83.8   4.9   1   1   3.1e-26   3.3e-24   82.0   4.9     1   198   348   571   348   578 0.76 contig_1165_1165 # 1161719 # 1163494 # -1 # ID=1_1165;partial=00;start_type=ATG;rbs_motif=GGA/GAG/AGG;rbs_spacer=11-12bp;gc_cont=0.317
contig_1165:862940-863635|-   -            232 1817at766            -            208   4.2e-21   71.8   3.4   1   1   4.9e-23   5.2e-21   71.5   3.4     2   198    10   217     9   226 0.81 contig_1165_863 # 862940 # 863635 # -1 # ID=1_863;partial=00;start_type=TTG;rbs_motif=None;rbs_spacer=None;gc_cont=0.318
contig_1165:105945-106568|+   -            208 1817at766            -            208   5.3e-21   71.5   0.0   1   1   6.1e-23   6.4e-21   71.2   0.0     4   168     5   184     2   197 0.79 contig_1165_95 # 105945 # 106568 # 1 # ID=1_95;partial=00;start_type=ATG;rbs_motif=GGA/GAG/AGG;rbs_spacer=11-12bp;gc_cont=0.365
contig_1165:1018725-1020470|- -            582 1817at766            -            208     2e-18   63.1   0.4   1   1   1.5e-19   1.6e-17   60.1   0.4    12   196   349   560   344   565 0.77 contig_1165_1012 # 1018725 # 1020470 # -1 # ID=1_1012;partial=00;start_type=GTG;rbs_motif=GGAG/GAGG;rbs_spacer=5-10bp;gc_cont=0.375
contig_1165:877612-880407|-   -            932 1817at766            -            208     2e-17   59.8   8.9   1   5   0.00014     0.015   11.2   0.1    14    42    13    41     5    47 0.87 contig_1165_880 # 877612 # 880407 # -1 # ID=1_880;partial=00;start_type=ATG;rbs_motif=None;rbs_spacer=None;gc_cont=0.379
contig_1165:877612-880407|-   -            932 1817at766            -            208     2e-17   59.8   8.9   2   5       3.4   3.6e+02   -3.1   0.1   138   157   122   140   120   153 0.70 contig_1165_880 # 877612 # 880407 # -1 # ID=1_880;partial=00;start_type=ATG;rbs_motif=None;rbs_spacer=None;gc_cont=0.379
contig_1165:877612-880407|-   -            932 1817at766            -            208     2e-17   59.8   8.9   3   5     4e-07   4.3e-05   19.5   0.0    94   199   459   576   421   585 0.79 contig_1165_880 # 877612 # 880407 # -1 # ID=1_880;partial=00;start_type=ATG;rbs_motif=None;rbs_spacer=None;gc_cont=0.379
contig_1165:877612-880407|-   -            932 1817at766            -            208     2e-17   59.8   8.9   4   5    0.0022      0.24    7.3   0.1    14    43   612   641   602   653 0.87 contig_1165_880 # 877612 # 880407 # -1 # ID=1_880;partial=00;start_type=ATG;rbs_motif=None;rbs_spacer=None;gc_cont=0.379
contig_1165:877612-880407|-   -            932 1817at766            -            208     2e-17   59.8   8.9   5   5   1.6e-08   1.7e-06   24.1   0.0    85   196   791   914   763   926 0.74 contig_1165_880 # 877612 # 880407 # -1 # ID=1_880;partial=00;start_type=ATG;rbs_motif=None;rbs_spacer=None;gc_cont=0.379
contig_1165:1064937-1066445|- -            503 1817at766            -            208   0.00062   15.7   0.3   1   2   1.4e-05    0.0014   14.6   0.1    20    63   206   249   191   259 0.79 contig_1165_1058 # 1064937 # 1066445 # -1 # ID=1_1058;partial=00;start_type=ATG;rbs_motif=None;rbs_spacer=None;gc_cont=0.386
contig_1165:1064937-1066445|- -            503 1817at766            -            208   0.00062   15.7   0.3   2   2       5.7   6.1e+02   -3.8   0.0   113   136   372   395   369   417 0.71 contig_1165_1058 # 1064937 # 1066445 # -1 # ID=1_1058;partial=00;start_type=ATG;rbs_motif=None;rbs_spacer=None;gc_cont=0.386
#
# Program:         hmmsearch
# Version:         3.4 (Aug 2023)
# Pipeline mode:   SEARCH
# Query file:      /private/groups/russelllab/jodie/Jacobs_et_al_2026_de_novo_wRi_merrill_23_assembly/busco_downloads/lineages/rickettsiales_odb10/hmms/1817at766.hmm
# Target file:     private/groups/russelllab/jodie/Jacobs_et_al_2026_de_novo_wRi_merrill_23_assembly/busco/20250828_Nanopore/wRi/assembly/prodigal_output/predicted_genes/predicted.faa
# Option settings: hmmsearch --domtblout private/groups/russelllab/jodie/Jacobs_et_al_2026_de_novo_wRi_merrill_23_assembly/busco/20250828_Nanopore/wRi/assembly/run_rickettsiales_odb10/hmmer_output/1817at766.out --cpu 1 /private/groups/russelllab/jodie/Jacobs_et_al_2026_de_novo_wRi_merrill_23_assembly/busco_downloads/lineages/rickettsiales_odb10/hmms/1817at766.hmm private/groups/russelllab/jodie/Jacobs_et_al_2026_de_novo_wRi_merrill_23_assembly/busco/20250828_Nanopore/wRi/assembly/prodigal_output/predicted_genes/predicted.faa 
# Current dir:     /private/groups/russelllab/jodie/Jacobs_et_al_2026_de_novo_wRi_merrill_23_assembly
# Date:            Fri Aug 29 11:53:22 2025
# [ok]
