#                                                                                     --- full sequence --- -------------- this domain -------------   hmm coord   ali coord   env coord
# target name                 accession   tlen query name           accession   qlen   E-value  score  bias   #  of  c-Evalue  i-Evalue  score  bias  from    to  from    to  from    to  acc description of target
#         ------------------- ---------- ----- -------------------- ---------- ----- --------- ------ ----- --- --- --------- --------- ------ ----- ----- ----- ----- ----- ----- ----- ---- ---------------------
contig_1165:143675-144433|-   -            253 1882at766            -            186   3.7e-71  234.8   3.3   1   1   1.6e-70   1.6e-68  226.1   3.3     1   185    15   250    15   251 0.83 contig_1165_134 # 143675 # 144433 # -1 # ID=1_134;partial=00;start_type=ATG;rbs_motif=AGGA;rbs_spacer=5-10bp;gc_cont=0.361
contig_1165:57467-58108|-     -            214 1882at766            -            186   2.1e-57  189.9   0.7   1   1   7.3e-59   7.8e-57  188.1   0.7     1   181    11   211    11   213 0.81 contig_1165_55 # 57467 # 58108 # -1 # ID=1_55;partial=00;start_type=ATG;rbs_motif=GGA/GAG/AGG;rbs_spacer=5-10bp;gc_cont=0.324
contig_1165:814553-815254|-   -            234 1882at766            -            186   7.9e-39  129.4   2.4   1   1   1.4e-38   1.5e-36  122.0   2.4     1   184    15   230    15   232 0.75 contig_1165_808 # 814553 # 815254 # -1 # ID=1_808;partial=00;start_type=ATG;rbs_motif=None;rbs_spacer=None;gc_cont=0.323
contig_1165:354612-355385|+   -            258 1882at766            -            186   5.6e-37  123.4   2.9   1   1   5.5e-38   5.8e-36  120.0   2.9     3   185    14   236    10   237 0.75 contig_1165_352 # 354612 # 355385 # 1 # ID=1_352;partial=00;start_type=ATG;rbs_motif=None;rbs_spacer=None;gc_cont=0.337
contig_1165:112707-114413|-   -            569 1882at766            -            186   8.7e-32  106.4   0.7   1   1   3.4e-31   3.6e-29   97.9   0.7     1   168   341   546   341   557 0.71 contig_1165_102 # 112707 # 114413 # -1 # ID=1_102;partial=00;start_type=ATG;rbs_motif=None;rbs_spacer=None;gc_cont=0.357
contig_1165:1080248-1080922|+ -            225 1882at766            -            186     3e-26   88.4   2.2   1   1     1e-26   1.1e-24   83.3   2.2     3   160    19   216    16   223 0.68 contig_1165_1075 # 1080248 # 1080922 # 1 # ID=1_1075;partial=00;start_type=ATG;rbs_motif=GGA/GAG/AGG;rbs_spacer=5-10bp;gc_cont=0.372
contig_1165:1161719-1163494|- -            592 1882at766            -            186   4.5e-23   78.0   4.7   1   3       3.7   3.9e+02   -3.3   0.1    70   167    47    65    19    71 0.60 contig_1165_1165 # 1161719 # 1163494 # -1 # ID=1_1165;partial=00;start_type=ATG;rbs_motif=GGA/GAG/AGG;rbs_spacer=11-12bp;gc_cont=0.317
contig_1165:1161719-1163494|- -            592 1882at766            -            186   4.5e-23   78.0   4.7   2   3   1.2e-10   1.2e-08   30.9   0.2     3    82   360   450   357   463 0.81 contig_1165_1165 # 1161719 # 1163494 # -1 # ID=1_1165;partial=00;start_type=ATG;rbs_motif=GGA/GAG/AGG;rbs_spacer=11-12bp;gc_cont=0.317
contig_1165:1161719-1163494|- -            592 1882at766            -            186   4.5e-23   78.0   4.7   3   3   5.6e-16   5.9e-14   48.3   0.1    93   168   482   563   470   575 0.79 contig_1165_1165 # 1161719 # 1163494 # -1 # ID=1_1165;partial=00;start_type=ATG;rbs_motif=GGA/GAG/AGG;rbs_spacer=11-12bp;gc_cont=0.317
contig_1165:862940-863635|-   -            232 1882at766            -            186   4.4e-19   65.0   3.3   1   1   1.4e-20   1.5e-18   63.2   3.3     1   162    18   204    18   224 0.74 contig_1165_863 # 862940 # 863635 # -1 # ID=1_863;partial=00;start_type=TTG;rbs_motif=None;rbs_spacer=None;gc_cont=0.318
contig_1165:1018725-1020470|- -            582 1882at766            -            186   8.4e-15   51.0   0.2   1   2   0.00015     0.015   11.1   0.1     3    36   349   382   346   449 0.79 contig_1165_1012 # 1018725 # 1020470 # -1 # ID=1_1012;partial=00;start_type=GTG;rbs_motif=GGAG/GAGG;rbs_spacer=5-10bp;gc_cont=0.375
contig_1165:1018725-1020470|- -            582 1882at766            -            186   8.4e-15   51.0   0.2   2   2   1.3e-12   1.4e-10   37.3   0.0    94   167   473   553   469   566 0.82 contig_1165_1012 # 1018725 # 1020470 # -1 # ID=1_1012;partial=00;start_type=GTG;rbs_motif=GGAG/GAGG;rbs_spacer=5-10bp;gc_cont=0.375
contig_1165:877612-880407|-   -            932 1882at766            -            186   2.6e-14   49.4   0.2   1   4   0.00014     0.015   11.1   0.0     5    33    13    41    10    48 0.91 contig_1165_880 # 877612 # 880407 # -1 # ID=1_880;partial=00;start_type=ATG;rbs_motif=None;rbs_spacer=None;gc_cont=0.379
contig_1165:877612-880407|-   -            932 1882at766            -            186   2.6e-14   49.4   0.2   2   4   0.00084     0.089    8.6   0.0    93   147   477   541   449   571 0.75 contig_1165_880 # 877612 # 880407 # -1 # ID=1_880;partial=00;start_type=ATG;rbs_motif=None;rbs_spacer=None;gc_cont=0.379
contig_1165:877612-880407|-   -            932 1882at766            -            186   2.6e-14   49.4   0.2   3   4    0.0045      0.47    6.2   0.0     5    34   612   641   609   662 0.82 contig_1165_880 # 877612 # 880407 # -1 # ID=1_880;partial=00;start_type=ATG;rbs_motif=None;rbs_spacer=None;gc_cont=0.379
contig_1165:877612-880407|-   -            932 1882at766            -            186   2.6e-14   49.4   0.2   4   4   1.2e-06   0.00012   17.9   0.0    93   158   817   892   790   927 0.77 contig_1165_880 # 877612 # 880407 # -1 # ID=1_880;partial=00;start_type=ATG;rbs_motif=None;rbs_spacer=None;gc_cont=0.379
contig_1165:105945-106568|+   -            208 1882at766            -            186     7e-13   44.8   0.0   1   1   1.2e-14   1.3e-12   43.9   0.0     3   139    13   171    11   193 0.74 contig_1165_95 # 105945 # 106568 # 1 # ID=1_95;partial=00;start_type=ATG;rbs_motif=GGA/GAG/AGG;rbs_spacer=11-12bp;gc_cont=0.365
contig_1165:194717-195994|+   -            426 1882at766            -            186    0.0029   13.4   0.0   1   1   6.8e-05    0.0072   12.1   0.0     9    45   110   143   101   187 0.80 contig_1165_188 # 194717 # 195994 # 1 # ID=1_188;partial=00;start_type=ATG;rbs_motif=GGA/GAG/AGG;rbs_spacer=5-10bp;gc_cont=0.365
#
# Program:         hmmsearch
# Version:         3.4 (Aug 2023)
# Pipeline mode:   SEARCH
# Query file:      /private/groups/russelllab/jodie/Jacobs_et_al_2026_de_novo_wRi_merrill_23_assembly/busco_downloads/lineages/rickettsiales_odb10/hmms/1882at766.hmm
# Target file:     private/groups/russelllab/jodie/Jacobs_et_al_2026_de_novo_wRi_merrill_23_assembly/busco/20250828_Nanopore/wRi/assembly/prodigal_output/predicted_genes/predicted.faa
# Option settings: hmmsearch --domtblout private/groups/russelllab/jodie/Jacobs_et_al_2026_de_novo_wRi_merrill_23_assembly/busco/20250828_Nanopore/wRi/assembly/run_rickettsiales_odb10/hmmer_output/1882at766.out --cpu 1 /private/groups/russelllab/jodie/Jacobs_et_al_2026_de_novo_wRi_merrill_23_assembly/busco_downloads/lineages/rickettsiales_odb10/hmms/1882at766.hmm private/groups/russelllab/jodie/Jacobs_et_al_2026_de_novo_wRi_merrill_23_assembly/busco/20250828_Nanopore/wRi/assembly/prodigal_output/predicted_genes/predicted.faa 
# Current dir:     /private/groups/russelllab/jodie/Jacobs_et_al_2026_de_novo_wRi_merrill_23_assembly
# Date:            Fri Aug 29 11:53:22 2025
# [ok]
