#                                                                                     --- full sequence --- -------------- this domain -------------   hmm coord   ali coord   env coord
# target name                 accession   tlen query name           accession   qlen   E-value  score  bias   #  of  c-Evalue  i-Evalue  score  bias  from    to  from    to  from    to  acc description of target
#         ------------------- ---------- ----- -------------------- ---------- ----- --------- ------ ----- --- --- --------- --------- ------ ----- ----- ----- ----- ----- ----- ----- ---- ---------------------
contig_1165:971361-973382|-   -            674 197at766             -            571  2.1e-230  762.0   7.3   1   1  6.6e-231  1.7e-228  755.7   7.3     7   560    20   646    16   662 0.87 contig_1165_967 # 971361 # 973382 # -1 # ID=1_967;partial=00;start_type=ATG;rbs_motif=None;rbs_spacer=None;gc_cont=0.364
contig_1165:614268-616610|-   -            781 197at766             -            571   2.8e-14   48.5   7.9   1   3   9.5e-07   0.00024   15.7   0.1   168   231   114   177    95   203 0.78 contig_1165_609 # 614268 # 616610 # -1 # ID=1_609;partial=00;start_type=ATG;rbs_motif=None;rbs_spacer=None;gc_cont=0.356
contig_1165:614268-616610|-   -            781 197at766             -            571   2.8e-14   48.5   7.9   2   3   2.2e-10   5.5e-08   27.7   0.4   229   392   284   459   278   462 0.72 contig_1165_609 # 614268 # 616610 # -1 # ID=1_609;partial=00;start_type=ATG;rbs_motif=None;rbs_spacer=None;gc_cont=0.356
contig_1165:614268-616610|-   -            781 197at766             -            571   2.8e-14   48.5   7.9   3   3   0.00025     0.063    7.7   0.4   421   518   545   653   531   660 0.73 contig_1165_609 # 614268 # 616610 # -1 # ID=1_609;partial=00;start_type=ATG;rbs_motif=None;rbs_spacer=None;gc_cont=0.356
contig_1165:580133-581359|-   -            409 197at766             -            571   6.5e-14   47.3   1.9   1   1   1.6e-15   4.1e-13   44.6   1.9   211   494    48   340    28   359 0.71 contig_1165_578 # 580133 # 581359 # -1 # ID=1_578;partial=00;start_type=GTG;rbs_motif=AGGA;rbs_spacer=5-10bp;gc_cont=0.391
contig_1165:955494-957401|+   -            636 197at766             -            571   5.8e-09   30.9   0.7   1   2     1e-06   0.00026   15.6   0.0   184   260    10    85     2    90 0.78 contig_1165_953 # 955494 # 957401 # 1 # ID=1_953;partial=00;start_type=ATG;rbs_motif=None;rbs_spacer=None;gc_cont=0.380
contig_1165:955494-957401|+   -            636 197at766             -            571   5.8e-09   30.9   0.7   2   2   3.4e-06   0.00085   13.9   0.2   241   475   451   526   381   605 0.65 contig_1165_953 # 955494 # 957401 # 1 # ID=1_953;partial=00;start_type=ATG;rbs_motif=None;rbs_spacer=None;gc_cont=0.380
contig_1165:1170982-1174509|+ -           1176 197at766             -            571   4.7e-05   18.0   0.0   1   2   3.2e-05    0.0082   10.6   0.0   174   245   699   775   638   790 0.76 contig_1165_1171 # 1170982 # 1174509 # 1 # ID=1_1171;partial=00;start_type=ATG;rbs_motif=None;rbs_spacer=None;gc_cont=0.342
contig_1165:1170982-1174509|+ -           1176 197at766             -            571   4.7e-05   18.0   0.0   2   2    0.0022      0.56    4.6   0.0   413   444  1036  1067  1024  1093 0.83 contig_1165_1171 # 1170982 # 1174509 # 1 # ID=1_1171;partial=00;start_type=ATG;rbs_motif=None;rbs_spacer=None;gc_cont=0.342
#
# Program:         hmmsearch
# Version:         3.4 (Aug 2023)
# Pipeline mode:   SEARCH
# Query file:      /private/groups/russelllab/jodie/Jacobs_et_al_2026_de_novo_wRi_merrill_23_assembly/busco_downloads/lineages/rickettsiales_odb10/hmms/197at766.hmm
# Target file:     private/groups/russelllab/jodie/Jacobs_et_al_2026_de_novo_wRi_merrill_23_assembly/busco/20250828_Nanopore/wRi/assembly/prodigal_output/predicted_genes/predicted.faa
# Option settings: hmmsearch --domtblout private/groups/russelllab/jodie/Jacobs_et_al_2026_de_novo_wRi_merrill_23_assembly/busco/20250828_Nanopore/wRi/assembly/run_rickettsiales_odb10/hmmer_output/197at766.out --cpu 1 /private/groups/russelllab/jodie/Jacobs_et_al_2026_de_novo_wRi_merrill_23_assembly/busco_downloads/lineages/rickettsiales_odb10/hmms/197at766.hmm private/groups/russelllab/jodie/Jacobs_et_al_2026_de_novo_wRi_merrill_23_assembly/busco/20250828_Nanopore/wRi/assembly/prodigal_output/predicted_genes/predicted.faa 
# Current dir:     /private/groups/russelllab/jodie/Jacobs_et_al_2026_de_novo_wRi_merrill_23_assembly
# Date:            Fri Aug 29 11:53:22 2025
# [ok]
