#                                                                                     --- full sequence --- -------------- this domain -------------   hmm coord   ali coord   env coord
# target name                 accession   tlen query name           accession   qlen   E-value  score  bias   #  of  c-Evalue  i-Evalue  score  bias  from    to  from    to  from    to  acc description of target
#         ------------------- ---------- ----- -------------------- ---------- ----- --------- ------ ----- --- --- --------- --------- ------ ----- ----- ----- ----- ----- ----- ----- ---- ---------------------
contig_1165:1044727-1045611|- -            295 2000at766            -            235   1.5e-91  302.2  13.7   1   1   1.5e-91   3.2e-89  294.5  13.7     1   235     9   283     9   283 0.86 contig_1165_1037 # 1044727 # 1045611 # -1 # ID=1_1037;partial=00;start_type=GTG;rbs_motif=None;rbs_spacer=None;gc_cont=0.350
contig_1165:707490-708815|-   -            442 2000at766            -            235   2.2e-25   85.6   0.4   1   2   4.5e-15   9.5e-13   44.2   0.0     1    89     4    94     4   132 0.86 contig_1165_706 # 707490 # 708815 # -1 # ID=1_706;partial=00;start_type=ATG;rbs_motif=None;rbs_spacer=None;gc_cont=0.370
contig_1165:707490-708815|-   -            442 2000at766            -            235   2.2e-25   85.6   0.4   2   2   2.3e-13   4.9e-11   38.6   0.1     1    86   178   269   178   320 0.88 contig_1165_706 # 707490 # 708815 # -1 # ID=1_706;partial=00;start_type=ATG;rbs_motif=None;rbs_spacer=None;gc_cont=0.370
contig_1165:821282-822808|-   -            509 2000at766            -            235   5.8e-11   38.4   0.0   1   2   2.8e-11   5.9e-09   31.8   0.0     2    74   221   296   220   306 0.79 contig_1165_815 # 821282 # 822808 # -1 # ID=1_815;partial=00;start_type=ATG;rbs_motif=None;rbs_spacer=None;gc_cont=0.361
contig_1165:821282-822808|-   -            509 2000at766            -            235   5.8e-11   38.4   0.0   2   2    0.0097       2.1    3.9   0.1    96   140   400   444   376   468 0.78 contig_1165_815 # 821282 # 822808 # -1 # ID=1_815;partial=00;start_type=ATG;rbs_motif=None;rbs_spacer=None;gc_cont=0.361
contig_1165:263926-264519|+   -            198 2000at766            -            235     3e-09   32.8   0.4   1   1   2.8e-11     6e-09   31.8   0.4     2   136    30   172    29   194 0.67 contig_1165_265 # 263926 # 264519 # 1 # ID=1_265;partial=00;start_type=ATG;rbs_motif=None;rbs_spacer=None;gc_cont=0.318
contig_1165:20269-21291|+     -            341 2000at766            -            235   4.2e-07   25.7   0.1   1   1   9.3e-09     2e-06   23.6   0.1     1    85   162   247   162   335 0.86 contig_1165_18 # 20269 # 21291 # 1 # ID=1_18;partial=00;start_type=ATG;rbs_motif=None;rbs_spacer=None;gc_cont=0.361
contig_1165:67917-69011|+     -            365 2000at766            -            235    0.0014   14.2   1.9   1   1   2.5e-05    0.0054   12.3   1.9     2    43     6    49     5   240 0.54 contig_1165_66 # 67917 # 69011 # 1 # ID=1_66;partial=00;start_type=ATG;rbs_motif=None;rbs_spacer=None;gc_cont=0.380
#
# Program:         hmmsearch
# Version:         3.4 (Aug 2023)
# Pipeline mode:   SEARCH
# Query file:      /private/groups/russelllab/jodie/Jacobs_et_al_2026_de_novo_wRi_merrill_23_assembly/busco_downloads/lineages/rickettsiales_odb10/hmms/2000at766.hmm
# Target file:     private/groups/russelllab/jodie/Jacobs_et_al_2026_de_novo_wRi_merrill_23_assembly/busco/20250828_Nanopore/wRi/assembly/prodigal_output/predicted_genes/predicted.faa
# Option settings: hmmsearch --domtblout private/groups/russelllab/jodie/Jacobs_et_al_2026_de_novo_wRi_merrill_23_assembly/busco/20250828_Nanopore/wRi/assembly/run_rickettsiales_odb10/hmmer_output/2000at766.out --cpu 1 /private/groups/russelllab/jodie/Jacobs_et_al_2026_de_novo_wRi_merrill_23_assembly/busco_downloads/lineages/rickettsiales_odb10/hmms/2000at766.hmm private/groups/russelllab/jodie/Jacobs_et_al_2026_de_novo_wRi_merrill_23_assembly/busco/20250828_Nanopore/wRi/assembly/prodigal_output/predicted_genes/predicted.faa 
# Current dir:     /private/groups/russelllab/jodie/Jacobs_et_al_2026_de_novo_wRi_merrill_23_assembly
# Date:            Fri Aug 29 11:53:22 2025
# [ok]
