#                                                                                   --- full sequence --- -------------- this domain -------------   hmm coord   ali coord   env coord
# target name               accession   tlen query name           accession   qlen   E-value  score  bias   #  of  c-Evalue  i-Evalue  score  bias  from    to  from    to  from    to  acc description of target
#       ------------------- ---------- ----- -------------------- ---------- ----- --------- ------ ----- --- --- --------- --------- ------ ----- ----- ----- ----- ----- ----- ----- ---- ---------------------
contig_1165:832372-833736|- -            455 2208at766            -            338  7.4e-111  366.9  57.2   1   2    0.0031      0.65    5.4   7.4     1    48     3    58     3    76 0.58 contig_1165_828 # 832372 # 833736 # -1 # ID=1_828;partial=00;start_type=ATG;rbs_motif=None;rbs_spacer=None;gc_cont=0.349
contig_1165:832372-833736|- -            455 2208at766            -            338  7.4e-111  366.9  57.2   2   2  1.6e-111  3.5e-109  361.4  48.1     7   326    54   424    44   436 0.87 contig_1165_828 # 832372 # 833736 # -1 # ID=1_828;partial=00;start_type=ATG;rbs_motif=None;rbs_spacer=None;gc_cont=0.349
contig_1165:701016-702482|- -            489 2208at766            -            338   2.3e-34  115.3  45.7   1   2       1.1   2.3e+02   -3.0   2.5    30    61    12    45     3    58 0.39 contig_1165_698 # 701016 # 702482 # -1 # ID=1_698;partial=00;start_type=ATG;rbs_motif=None;rbs_spacer=None;gc_cont=0.343
contig_1165:701016-702482|- -            489 2208at766            -            338   2.3e-34  115.3  45.7   2   2   1.1e-36   2.3e-34  115.3  45.7    13   323    76   439    68   444 0.77 contig_1165_698 # 701016 # 702482 # -1 # ID=1_698;partial=00;start_type=ATG;rbs_motif=None;rbs_spacer=None;gc_cont=0.343
contig_1165:835179-837026|- -            616 2208at766            -            338   2.6e-25   85.6  36.9   1   1   4.6e-25   9.7e-23   77.2  34.7    16   324    78   438    62   452 0.72 contig_1165_830 # 835179 # 837026 # -1 # ID=1_830;partial=00;start_type=ATG;rbs_motif=None;rbs_spacer=None;gc_cont=0.349
contig_1165:979090-980598|- -            503 2208at766            -            338   7.5e-18   61.1  41.6   1   2   3.5e-05    0.0074   11.8  19.6    12   180    98   281    89   293 0.62 contig_1165_976 # 979090 # 980598 # -1 # ID=1_976;partial=00;start_type=ATG;rbs_motif=None;rbs_spacer=None;gc_cont=0.345
contig_1165:979090-980598|- -            503 2208at766            -            338   7.5e-18   61.1  41.6   2   2     3e-18   6.3e-16   54.8  14.0   185   322   306   466   302   482 0.80 contig_1165_976 # 979090 # 980598 # -1 # ID=1_976;partial=00;start_type=ATG;rbs_motif=None;rbs_spacer=None;gc_cont=0.345
contig_1165:723429-724988|+ -            520 2208at766            -            338     6e-09   31.8  39.9   1   1   9.2e-11   1.9e-08   30.1  36.3    13   297    32   329    18   338 0.71 contig_1165_722 # 723429 # 724988 # 1 # ID=1_722;partial=00;start_type=GTG;rbs_motif=None;rbs_spacer=None;gc_cont=0.326
contig_1165:833733-835175|- -            481 2208at766            -            338   8.9e-09   31.3  50.7   1   3       4.9     1e+03   -5.1   2.2    15    33    15    33     3    49 0.37 contig_1165_829 # 833733 # 835175 # -1 # ID=1_829;partial=00;start_type=GTG;rbs_motif=GGA/GAG/AGG;rbs_spacer=11-12bp;gc_cont=0.348
contig_1165:833733-835175|- -            481 2208at766            -            338   8.9e-09   31.3  50.7   2   3   4.2e-11   8.9e-09   31.3  50.7    13   319    75   424    70   448 0.70 contig_1165_829 # 833733 # 835175 # -1 # ID=1_829;partial=00;start_type=GTG;rbs_motif=GGA/GAG/AGG;rbs_spacer=11-12bp;gc_cont=0.348
contig_1165:833733-835175|- -            481 2208at766            -            338   8.9e-09   31.3  50.7   3   3      0.12        26    0.1   0.4    38    55   438   455   431   466 0.84 contig_1165_829 # 833733 # 835175 # -1 # ID=1_829;partial=00;start_type=GTG;rbs_motif=GGA/GAG/AGG;rbs_spacer=11-12bp;gc_cont=0.348
#
# Program:         hmmsearch
# Version:         3.4 (Aug 2023)
# Pipeline mode:   SEARCH
# Query file:      /private/groups/russelllab/jodie/Jacobs_et_al_2026_de_novo_wRi_merrill_23_assembly/busco_downloads/lineages/rickettsiales_odb10/hmms/2208at766.hmm
# Target file:     private/groups/russelllab/jodie/Jacobs_et_al_2026_de_novo_wRi_merrill_23_assembly/busco/20250828_Nanopore/wRi/assembly/prodigal_output/predicted_genes/predicted.faa
# Option settings: hmmsearch --domtblout private/groups/russelllab/jodie/Jacobs_et_al_2026_de_novo_wRi_merrill_23_assembly/busco/20250828_Nanopore/wRi/assembly/run_rickettsiales_odb10/hmmer_output/2208at766.out --cpu 1 /private/groups/russelllab/jodie/Jacobs_et_al_2026_de_novo_wRi_merrill_23_assembly/busco_downloads/lineages/rickettsiales_odb10/hmms/2208at766.hmm private/groups/russelllab/jodie/Jacobs_et_al_2026_de_novo_wRi_merrill_23_assembly/busco/20250828_Nanopore/wRi/assembly/prodigal_output/predicted_genes/predicted.faa 
# Current dir:     /private/groups/russelllab/jodie/Jacobs_et_al_2026_de_novo_wRi_merrill_23_assembly
# Date:            Fri Aug 29 11:53:22 2025
# [ok]
