#                                                                                     --- full sequence --- -------------- this domain -------------   hmm coord   ali coord   env coord
# target name                 accession   tlen query name           accession   qlen   E-value  score  bias   #  of  c-Evalue  i-Evalue  score  bias  from    to  from    to  from    to  acc description of target
#         ------------------- ---------- ----- -------------------- ---------- ----- --------- ------ ----- --- --- --------- --------- ------ ----- ----- ----- ----- ----- ----- ----- ---- ---------------------
contig_1165:532663-533760|-   -            366 2456at766            -            272   2.2e-89  295.3  10.2   1   2   1.3e-25   2.8e-23   78.5   0.2     1    60     6    68     6    75 0.91 contig_1165_534 # 532663 # 533760 # -1 # ID=1_534;partial=00;start_type=ATG;rbs_motif=None;rbs_spacer=None;gc_cont=0.333
contig_1165:532663-533760|-   -            366 2456at766            -            272   2.2e-89  295.3  10.2   2   2   1.1e-68   2.3e-66  219.9   5.0    70   272   106   340    83   340 0.84 contig_1165_534 # 532663 # 533760 # -1 # ID=1_534;partial=00;start_type=ATG;rbs_motif=None;rbs_spacer=None;gc_cont=0.333
contig_1165:105945-106568|+   -            208 2456at766            -            272   5.5e-07   25.1   0.1   1   2   4.9e-08     1e-05   20.9   0.0    11    44    18    52    13    87 0.83 contig_1165_95 # 105945 # 106568 # 1 # ID=1_95;partial=00;start_type=ATG;rbs_motif=GGA/GAG/AGG;rbs_spacer=11-12bp;gc_cont=0.365
contig_1165:105945-106568|+   -            208 2456at766            -            272   5.5e-07   25.1   0.1   2   2     0.025       5.3    2.2   0.0   220   255   127   162   115   174 0.80 contig_1165_95 # 105945 # 106568 # 1 # ID=1_95;partial=00;start_type=ATG;rbs_motif=GGA/GAG/AGG;rbs_spacer=11-12bp;gc_cont=0.365
contig_1165:354612-355385|+   -            258 2456at766            -            272   3.9e-05   19.0   0.4   1   2     0.011       2.4    3.3   0.3    22    41    31    50    14   113 0.82 contig_1165_352 # 354612 # 355385 # 1 # ID=1_352;partial=00;start_type=ATG;rbs_motif=None;rbs_spacer=None;gc_cont=0.337
contig_1165:354612-355385|+   -            258 2456at766            -            272   3.9e-05   19.0   0.4   2   2     7e-06    0.0015   13.9   0.0   214   252   128   166    94   178 0.88 contig_1165_352 # 354612 # 355385 # 1 # ID=1_352;partial=00;start_type=ATG;rbs_motif=None;rbs_spacer=None;gc_cont=0.337
contig_1165:1080248-1080922|+ -            225 2456at766            -            272   0.00011   17.5   0.3   1   2   3.8e-05     0.008   11.5   0.2    20    50    34    65    26   100 0.72 contig_1165_1075 # 1080248 # 1080922 # 1 # ID=1_1075;partial=00;start_type=ATG;rbs_motif=GGA/GAG/AGG;rbs_spacer=5-10bp;gc_cont=0.372
contig_1165:1080248-1080922|+ -            225 2456at766            -            272   0.00011   17.5   0.3   2   2    0.0044      0.92    4.7   0.0   176   255    98   178    66   187 0.75 contig_1165_1075 # 1080248 # 1080922 # 1 # ID=1_1075;partial=00;start_type=ATG;rbs_motif=GGA/GAG/AGG;rbs_spacer=5-10bp;gc_cont=0.372
contig_1165:862940-863635|-   -            232 2456at766            -            272   0.00039   15.8   4.3   1   2     7e-05     0.015   10.6   0.5    21    44    36    59    24    84 0.82 contig_1165_863 # 862940 # 863635 # -1 # ID=1_863;partial=00;start_type=TTG;rbs_motif=None;rbs_spacer=None;gc_cont=0.318
contig_1165:862940-863635|-   -            232 2456at766            -            272   0.00039   15.8   4.3   2   2    0.0011      0.23    6.7   0.2   216   258   125   166   100   178 0.84 contig_1165_863 # 862940 # 863635 # -1 # ID=1_863;partial=00;start_type=TTG;rbs_motif=None;rbs_spacer=None;gc_cont=0.318
contig_1165:57467-58108|-     -            214 2456at766            -            272    0.0048   12.2   0.1   1   2    0.0049         1    4.5   0.1    14    42    20    49    11    55 0.83 contig_1165_55 # 57467 # 58108 # -1 # ID=1_55;partial=00;start_type=ATG;rbs_motif=GGA/GAG/AGG;rbs_spacer=5-10bp;gc_cont=0.324
contig_1165:57467-58108|-     -            214 2456at766            -            272    0.0048   12.2   0.1   2   2    0.0024      0.51    5.5   0.0   210   262   105   157    58   162 0.79 contig_1165_55 # 57467 # 58108 # -1 # ID=1_55;partial=00;start_type=ATG;rbs_motif=GGA/GAG/AGG;rbs_spacer=5-10bp;gc_cont=0.324
#
# Program:         hmmsearch
# Version:         3.4 (Aug 2023)
# Pipeline mode:   SEARCH
# Query file:      /private/groups/russelllab/jodie/Jacobs_et_al_2026_de_novo_wRi_merrill_23_assembly/busco_downloads/lineages/rickettsiales_odb10/hmms/2456at766.hmm
# Target file:     private/groups/russelllab/jodie/Jacobs_et_al_2026_de_novo_wRi_merrill_23_assembly/busco/20250828_Nanopore/wRi/assembly/prodigal_output/predicted_genes/predicted.faa
# Option settings: hmmsearch --domtblout private/groups/russelllab/jodie/Jacobs_et_al_2026_de_novo_wRi_merrill_23_assembly/busco/20250828_Nanopore/wRi/assembly/run_rickettsiales_odb10/hmmer_output/2456at766.out --cpu 1 /private/groups/russelllab/jodie/Jacobs_et_al_2026_de_novo_wRi_merrill_23_assembly/busco_downloads/lineages/rickettsiales_odb10/hmms/2456at766.hmm private/groups/russelllab/jodie/Jacobs_et_al_2026_de_novo_wRi_merrill_23_assembly/busco/20250828_Nanopore/wRi/assembly/prodigal_output/predicted_genes/predicted.faa 
# Current dir:     /private/groups/russelllab/jodie/Jacobs_et_al_2026_de_novo_wRi_merrill_23_assembly
# Date:            Fri Aug 29 11:53:22 2025
# [ok]
