#                                                                                     --- full sequence --- -------------- this domain -------------   hmm coord   ali coord   env coord
# target name                 accession   tlen query name           accession   qlen   E-value  score  bias   #  of  c-Evalue  i-Evalue  score  bias  from    to  from    to  from    to  acc description of target
#         ------------------- ---------- ----- -------------------- ---------- ----- --------- ------ ----- --- --- --------- --------- ------ ----- ----- ----- ----- ----- ----- ----- ---- ---------------------
contig_1165:34906-36702|+     -            599 255at766             -            536  3.4e-296  979.1   1.0   1   1  2.1e-298  3.9e-296  978.9   1.0     1   536     4   598     4   598 0.94 contig_1165_33 # 34906 # 36702 # 1 # ID=1_33;partial=00;start_type=ATG;rbs_motif=None;rbs_spacer=None;gc_cont=0.380
contig_1165:478912-480987|-   -            692 255at766             -            536   9.9e-36  119.5   1.0   1   4   8.4e-23   1.5e-20   69.4   0.0     2   146     9   152     8   179 0.84 contig_1165_484 # 478912 # 480987 # -1 # ID=1_484;partial=00;start_type=ATG;rbs_motif=None;rbs_spacer=None;gc_cont=0.367
contig_1165:478912-480987|-   -            692 255at766             -            536   9.9e-36  119.5   1.0   2   4      0.44        79   -2.3   0.0   158   182   259   283   255   289 0.84 contig_1165_484 # 478912 # 480987 # -1 # ID=1_484;partial=00;start_type=ATG;rbs_motif=None;rbs_spacer=None;gc_cont=0.367
contig_1165:478912-480987|-   -            692 255at766             -            536   9.9e-36  119.5   1.0   3   4   2.1e-11   3.9e-09   31.8   0.0   184   352   312   491   298   498 0.70 contig_1165_484 # 478912 # 480987 # -1 # ID=1_484;partial=00;start_type=ATG;rbs_motif=None;rbs_spacer=None;gc_cont=0.367
contig_1165:478912-480987|-   -            692 255at766             -            536   9.9e-36  119.5   1.0   4   4   3.1e-06   0.00057   14.7   0.0   354   421   597   672   588   683 0.75 contig_1165_484 # 478912 # 480987 # -1 # ID=1_484;partial=00;start_type=ATG;rbs_motif=None;rbs_spacer=None;gc_cont=0.367
contig_1165:282222-284051|+   -            610 255at766             -            536   1.5e-32  109.0   0.1   1   2   3.1e-34   5.7e-32  107.1   0.0     1   151     7   155     7   170 0.93 contig_1165_285 # 282222 # 284051 # 1 # ID=1_285;partial=00;start_type=ATG;rbs_motif=None;rbs_spacer=None;gc_cont=0.401
contig_1165:282222-284051|+   -            610 255at766             -            536   1.5e-32  109.0   0.1   2   2       0.2        37   -1.2   0.0   305   384   356   427   340   432 0.71 contig_1165_285 # 282222 # 284051 # 1 # ID=1_285;partial=00;start_type=ATG;rbs_motif=None;rbs_spacer=None;gc_cont=0.401
contig_1165:1103790-1104962|+ -            391 255at766             -            536   4.2e-12   41.5   0.9   1   1   3.5e-14   6.4e-12   40.9   0.9     3   147    14   152    13   253 0.87 contig_1165_1096 # 1103790 # 1104962 # 1 # ID=1_1096;partial=00;start_type=ATG;rbs_motif=None;rbs_spacer=None;gc_cont=0.430
contig_1165:477728-478900|-   -            391 255at766             -            536   4.2e-12   41.5   0.9   1   1   3.5e-14   6.4e-12   40.9   0.9     3   147    14   152    13   253 0.87 contig_1165_483 # 477728 # 478900 # -1 # ID=1_483;partial=00;start_type=ATG;rbs_motif=GGA/GAG/AGG;rbs_spacer=5-10bp;gc_cont=0.431
contig_1165:501718-504042|+   -            775 255at766             -            536   4.1e-08   28.4   4.7   1   2   2.2e-10   4.1e-08   28.4   4.7    44   218   304   490   280   503 0.71 contig_1165_501 # 501718 # 504042 # 1 # ID=1_501;partial=00;start_type=ATG;rbs_motif=None;rbs_spacer=None;gc_cont=0.348
contig_1165:501718-504042|+   -            775 255at766             -            536   4.1e-08   28.4   4.7   2   2      0.16        29   -0.8   0.1   467   518   686   740   678   760 0.69 contig_1165_501 # 501718 # 504042 # 1 # ID=1_501;partial=00;start_type=ATG;rbs_motif=None;rbs_spacer=None;gc_cont=0.348
contig_1165:707490-708815|-   -            442 255at766             -            536   4.8e-05   18.3   0.1   1   2       1.1   2.1e+02   -3.6   0.0     5    24     5    24     3    28 0.79 contig_1165_706 # 707490 # 708815 # -1 # ID=1_706;partial=00;start_type=ATG;rbs_motif=None;rbs_spacer=None;gc_cont=0.370
contig_1165:707490-708815|-   -            442 255at766             -            536   4.8e-05   18.3   0.1   2   2   5.5e-07    0.0001   17.2   0.1    87   173   254   344   178   368 0.76 contig_1165_706 # 707490 # 708815 # -1 # ID=1_706;partial=00;start_type=ATG;rbs_motif=None;rbs_spacer=None;gc_cont=0.370
#
# Program:         hmmsearch
# Version:         3.4 (Aug 2023)
# Pipeline mode:   SEARCH
# Query file:      /private/groups/russelllab/jodie/Jacobs_et_al_2026_de_novo_wRi_merrill_23_assembly/busco_downloads/lineages/rickettsiales_odb10/hmms/255at766.hmm
# Target file:     private/groups/russelllab/jodie/Jacobs_et_al_2026_de_novo_wRi_merrill_23_assembly/busco/20250828_Nanopore/wRi/assembly/prodigal_output/predicted_genes/predicted.faa
# Option settings: hmmsearch --domtblout private/groups/russelllab/jodie/Jacobs_et_al_2026_de_novo_wRi_merrill_23_assembly/busco/20250828_Nanopore/wRi/assembly/run_rickettsiales_odb10/hmmer_output/255at766.out --cpu 1 /private/groups/russelllab/jodie/Jacobs_et_al_2026_de_novo_wRi_merrill_23_assembly/busco_downloads/lineages/rickettsiales_odb10/hmms/255at766.hmm private/groups/russelllab/jodie/Jacobs_et_al_2026_de_novo_wRi_merrill_23_assembly/busco/20250828_Nanopore/wRi/assembly/prodigal_output/predicted_genes/predicted.faa 
# Current dir:     /private/groups/russelllab/jodie/Jacobs_et_al_2026_de_novo_wRi_merrill_23_assembly
# Date:            Fri Aug 29 11:53:22 2025
# [ok]
