#                                                                                     --- full sequence --- -------------- this domain -------------   hmm coord   ali coord   env coord
# target name                 accession   tlen query name           accession   qlen   E-value  score  bias   #  of  c-Evalue  i-Evalue  score  bias  from    to  from    to  from    to  acc description of target
#         ------------------- ---------- ----- -------------------- ---------- ----- --------- ------ ----- --- --- --------- --------- ------ ----- ----- ----- ----- ----- ----- ----- ---- ---------------------
contig_1165:282222-284051|+   -            610 256at766             -            534  2.8e-289  956.0   0.5   1   1  2.8e-291  5.1e-289  955.1   0.5     1   533     6   603     6   604 0.94 contig_1165_285 # 282222 # 284051 # 1 # ID=1_285;partial=00;start_type=ATG;rbs_motif=None;rbs_spacer=None;gc_cont=0.401
contig_1165:478912-480987|-   -            692 256at766             -            534   9.4e-43  142.4   3.1   1   3   4.3e-30   7.9e-28   93.2   0.0     2   136     8   147     7   156 0.92 contig_1165_484 # 478912 # 480987 # -1 # ID=1_484;partial=00;start_type=ATG;rbs_motif=None;rbs_spacer=None;gc_cont=0.367
contig_1165:478912-480987|-   -            692 256at766             -            534   9.4e-43  142.4   3.1   2   3   1.2e-11   2.2e-09   32.3   0.4   178   346   313   493   302   510 0.69 contig_1165_484 # 478912 # 480987 # -1 # ID=1_484;partial=00;start_type=ATG;rbs_motif=None;rbs_spacer=None;gc_cont=0.367
contig_1165:478912-480987|-   -            692 256at766             -            534   9.4e-43  142.4   3.1   3   3   1.2e-06   0.00021   15.8   0.0   335   410   599   675   584   682 0.86 contig_1165_484 # 478912 # 480987 # -1 # ID=1_484;partial=00;start_type=ATG;rbs_motif=None;rbs_spacer=None;gc_cont=0.367
contig_1165:34906-36702|+     -            599 256at766             -            534   8.6e-34  112.8   2.4   1   3   1.2e-34   2.2e-32  108.2   1.6     1   177     3   181     3   277 0.85 contig_1165_33 # 34906 # 36702 # 1 # ID=1_33;partial=00;start_type=ATG;rbs_motif=None;rbs_spacer=None;gc_cont=0.380
contig_1165:34906-36702|+     -            599 256at766             -            534   8.6e-34  112.8   2.4   2   3      0.05         9    0.6   0.0   290   336   326   373   319   382 0.88 contig_1165_33 # 34906 # 36702 # 1 # ID=1_33;partial=00;start_type=ATG;rbs_motif=None;rbs_spacer=None;gc_cont=0.380
contig_1165:34906-36702|+     -            599 256at766             -            534   8.6e-34  112.8   2.4   3   3     0.045       8.1    0.7   0.0   334   379   398   443   393   505 0.71 contig_1165_33 # 34906 # 36702 # 1 # ID=1_33;partial=00;start_type=ATG;rbs_motif=None;rbs_spacer=None;gc_cont=0.380
contig_1165:1103790-1104962|+ -            391 256at766             -            534   1.5e-19   65.8   0.2   1   1   1.4e-21   2.5e-19   65.1   0.2     4   142    14   152    12   172 0.83 contig_1165_1096 # 1103790 # 1104962 # 1 # ID=1_1096;partial=00;start_type=ATG;rbs_motif=None;rbs_spacer=None;gc_cont=0.430
contig_1165:477728-478900|-   -            391 256at766             -            534   1.5e-19   65.8   0.2   1   1   1.4e-21   2.5e-19   65.1   0.2     4   142    14   152    12   172 0.83 contig_1165_483 # 477728 # 478900 # -1 # ID=1_483;partial=00;start_type=ATG;rbs_motif=GGA/GAG/AGG;rbs_spacer=5-10bp;gc_cont=0.431
contig_1165:501718-504042|+   -            775 256at766             -            534   1.9e-12   42.4   1.6   1   1   2.5e-14   4.5e-12   41.1   1.5     6   138   281   402   279   468 0.83 contig_1165_501 # 501718 # 504042 # 1 # ID=1_501;partial=00;start_type=ATG;rbs_motif=None;rbs_spacer=None;gc_cont=0.348
contig_1165:707490-708815|-   -            442 256at766             -            534   0.00053   14.5   0.8   1   2      0.14        25   -0.9   0.0    64   126    51   120     2   133 0.61 contig_1165_706 # 707490 # 708815 # -1 # ID=1_706;partial=00;start_type=ATG;rbs_motif=None;rbs_spacer=None;gc_cont=0.370
contig_1165:707490-708815|-   -            442 256at766             -            534   0.00053   14.5   0.8   2   2   7.6e-06    0.0014   13.1   0.3     4   144   177   322   174   327 0.74 contig_1165_706 # 707490 # 708815 # -1 # ID=1_706;partial=00;start_type=ATG;rbs_motif=None;rbs_spacer=None;gc_cont=0.370
#
# Program:         hmmsearch
# Version:         3.4 (Aug 2023)
# Pipeline mode:   SEARCH
# Query file:      /private/groups/russelllab/jodie/Jacobs_et_al_2026_de_novo_wRi_merrill_23_assembly/busco_downloads/lineages/rickettsiales_odb10/hmms/256at766.hmm
# Target file:     private/groups/russelllab/jodie/Jacobs_et_al_2026_de_novo_wRi_merrill_23_assembly/busco/20250828_Nanopore/wRi/assembly/prodigal_output/predicted_genes/predicted.faa
# Option settings: hmmsearch --domtblout private/groups/russelllab/jodie/Jacobs_et_al_2026_de_novo_wRi_merrill_23_assembly/busco/20250828_Nanopore/wRi/assembly/run_rickettsiales_odb10/hmmer_output/256at766.out --cpu 1 /private/groups/russelllab/jodie/Jacobs_et_al_2026_de_novo_wRi_merrill_23_assembly/busco_downloads/lineages/rickettsiales_odb10/hmms/256at766.hmm private/groups/russelllab/jodie/Jacobs_et_al_2026_de_novo_wRi_merrill_23_assembly/busco/20250828_Nanopore/wRi/assembly/prodigal_output/predicted_genes/predicted.faa 
# Current dir:     /private/groups/russelllab/jodie/Jacobs_et_al_2026_de_novo_wRi_merrill_23_assembly
# Date:            Fri Aug 29 11:53:22 2025
# [ok]
