#                                                                                   --- full sequence --- -------------- this domain -------------   hmm coord   ali coord   env coord
# target name               accession   tlen query name           accession   qlen   E-value  score  bias   #  of  c-Evalue  i-Evalue  score  bias  from    to  from    to  from    to  acc description of target
#       ------------------- ---------- ----- -------------------- ---------- ----- --------- ------ ----- --- --- --------- --------- ------ ----- ----- ----- ----- ----- ----- ----- ---- ---------------------
contig_1165:563268-565109|+ -            614 257at766             -            501  2.2e-256  847.5  14.2   1   2       0.1        18    0.0   0.0    10    31    35    59    29    66 0.77 contig_1165_562 # 563268 # 565109 # 1 # ID=1_562;partial=00;start_type=ATG;rbs_motif=None;rbs_spacer=None;gc_cont=0.370
contig_1165:563268-565109|+ -            614 257at766             -            501  2.2e-256  847.5  14.2   2   2  3.4e-258  6.2e-256  846.0  10.9    47   501   105   594    72   594 0.93 contig_1165_562 # 563268 # 565109 # 1 # ID=1_562;partial=00;start_type=ATG;rbs_motif=None;rbs_spacer=None;gc_cont=0.370
contig_1165:39298-40398|-   -            367 257at766             -            501   6.5e-61  202.7   0.1   1   1   4.3e-63   7.8e-61  202.5   0.1    53   339    57   355     3   362 0.83 contig_1165_36 # 39298 # 40398 # -1 # ID=1_36;partial=00;start_type=ATG;rbs_motif=GGA/GAG/AGG;rbs_spacer=5-10bp;gc_cont=0.359
contig_1165:49874-51088|+   -            405 257at766             -            501     5e-14   48.0   0.6   1   2      0.21        39   -1.1   0.2   263   313   103   154    93   188 0.54 contig_1165_46 # 49874 # 51088 # 1 # ID=1_46;partial=00;start_type=ATG;rbs_motif=GGAG/GAGG;rbs_spacer=5-10bp;gc_cont=0.341
contig_1165:49874-51088|+   -            405 257at766             -            501     5e-14   48.0   0.6   2   2   2.8e-16     5e-14   48.0   0.6    90   260   206   376   186   398 0.79 contig_1165_46 # 49874 # 51088 # 1 # ID=1_46;partial=00;start_type=ATG;rbs_motif=GGAG/GAGG;rbs_spacer=5-10bp;gc_cont=0.341
contig_1165:194717-195994|+ -            426 257at766             -            501   6.1e-09   31.3   0.0   1   1     6e-11   1.1e-08   30.5   0.0   126   199   117   196    96   223 0.75 contig_1165_188 # 194717 # 195994 # 1 # ID=1_188;partial=00;start_type=ATG;rbs_motif=GGA/GAG/AGG;rbs_spacer=5-10bp;gc_cont=0.365
contig_1165:196010-198463|+ -            818 257at766             -            501   3.1e-07   25.7   0.8   1   3   7.5e-09   1.4e-06   23.5   0.0    89   156   329   393   313   447 0.68 contig_1165_189 # 196010 # 198463 # 1 # ID=1_189;partial=00;start_type=ATG;rbs_motif=GGAG/GAGG;rbs_spacer=5-10bp;gc_cont=0.363
contig_1165:196010-198463|+ -            818 257at766             -            501   3.1e-07   25.7   0.8   2   3      0.19        34   -0.9   0.1   450   484   555   589   550   593 0.85 contig_1165_189 # 196010 # 198463 # 1 # ID=1_189;partial=00;start_type=ATG;rbs_motif=GGAG/GAGG;rbs_spacer=5-10bp;gc_cont=0.363
contig_1165:196010-198463|+ -            818 257at766             -            501   3.1e-07   25.7   0.8   3   3       1.2   2.1e+02   -3.5   0.0   227   249   763   785   761   787 0.90 contig_1165_189 # 196010 # 198463 # 1 # ID=1_189;partial=00;start_type=ATG;rbs_motif=GGAG/GAGG;rbs_spacer=5-10bp;gc_cont=0.363
contig_1165:625675-627165|- -            497 257at766             -            501   4.7e-07   25.1   0.1   1   2   7.1e-09   1.3e-06   23.6   0.0   123   178   109   166    83   173 0.91 contig_1165_618 # 625675 # 627165 # -1 # ID=1_618;partial=00;start_type=ATG;rbs_motif=AGGAG;rbs_spacer=3-4bp;gc_cont=0.371
contig_1165:625675-627165|- -            497 257at766             -            501   4.7e-07   25.1   0.1   2   2      0.99   1.8e+02   -3.3   0.0   185   196   305   316   302   329 0.79 contig_1165_618 # 625675 # 627165 # -1 # ID=1_618;partial=00;start_type=ATG;rbs_motif=AGGAG;rbs_spacer=3-4bp;gc_cont=0.371
contig_1165:695891-696871|+ -            327 257at766             -            501    0.0009   14.2   0.0   1   1   7.4e-06    0.0013   13.6   0.0   126   157    53    84    20   117 0.84 contig_1165_693 # 695891 # 696871 # 1 # ID=1_693;partial=00;start_type=ATG;rbs_motif=GGA/GAG/AGG;rbs_spacer=11-12bp;gc_cont=0.379
#
# Program:         hmmsearch
# Version:         3.4 (Aug 2023)
# Pipeline mode:   SEARCH
# Query file:      /private/groups/russelllab/jodie/Jacobs_et_al_2026_de_novo_wRi_merrill_23_assembly/busco_downloads/lineages/rickettsiales_odb10/hmms/257at766.hmm
# Target file:     private/groups/russelllab/jodie/Jacobs_et_al_2026_de_novo_wRi_merrill_23_assembly/busco/20250828_Nanopore/wRi/assembly/prodigal_output/predicted_genes/predicted.faa
# Option settings: hmmsearch --domtblout private/groups/russelllab/jodie/Jacobs_et_al_2026_de_novo_wRi_merrill_23_assembly/busco/20250828_Nanopore/wRi/assembly/run_rickettsiales_odb10/hmmer_output/257at766.out --cpu 1 /private/groups/russelllab/jodie/Jacobs_et_al_2026_de_novo_wRi_merrill_23_assembly/busco_downloads/lineages/rickettsiales_odb10/hmms/257at766.hmm private/groups/russelllab/jodie/Jacobs_et_al_2026_de_novo_wRi_merrill_23_assembly/busco/20250828_Nanopore/wRi/assembly/prodigal_output/predicted_genes/predicted.faa 
# Current dir:     /private/groups/russelllab/jodie/Jacobs_et_al_2026_de_novo_wRi_merrill_23_assembly
# Date:            Fri Aug 29 11:53:22 2025
# [ok]
