#                                                                                     --- full sequence --- -------------- this domain -------------   hmm coord   ali coord   env coord
# target name                 accession   tlen query name           accession   qlen   E-value  score  bias   #  of  c-Evalue  i-Evalue  score  bias  from    to  from    to  from    to  acc description of target
#         ------------------- ---------- ----- -------------------- ---------- ----- --------- ------ ----- --- --- --------- --------- ------ ----- ----- ----- ----- ----- ----- ----- ---- ---------------------
contig_1165:105945-106568|+   -            208 2960at766            -            170   3.1e-63  208.8   1.1   1   1   4.1e-63   3.2e-61  202.3   1.1     1   166     1   190     1   194 0.87 contig_1165_95 # 105945 # 106568 # 1 # ID=1_95;partial=00;start_type=ATG;rbs_motif=GGA/GAG/AGG;rbs_spacer=11-12bp;gc_cont=0.365
contig_1165:57467-58108|-     -            214 2960at766            -            170   3.8e-24   81.6   0.3   1   1   6.3e-26     5e-24   81.2   0.3     5   165     8   177     1   181 0.86 contig_1165_55 # 57467 # 58108 # -1 # ID=1_55;partial=00;start_type=ATG;rbs_motif=GGA/GAG/AGG;rbs_spacer=5-10bp;gc_cont=0.324
contig_1165:354612-355385|+   -            258 2960at766            -            170   1.2e-20   70.2   3.5   1   2   3.2e-08   2.6e-06   23.6   0.8    10    48    14    53     9    80 0.79 contig_1165_352 # 354612 # 355385 # 1 # ID=1_352;partial=00;start_type=ATG;rbs_motif=None;rbs_spacer=None;gc_cont=0.337
contig_1165:354612-355385|+   -            258 2960at766            -            170   1.2e-20   70.2   3.5   2   2   1.6e-15   1.2e-13   47.4   0.1    55   163    81   195    65   201 0.76 contig_1165_352 # 354612 # 355385 # 1 # ID=1_352;partial=00;start_type=ATG;rbs_motif=None;rbs_spacer=None;gc_cont=0.337
contig_1165:814553-815254|-   -            234 2960at766            -            170   3.2e-20   68.8   0.4   1   1   7.5e-22   5.9e-20   68.0   0.4     9   162    16   190     8   198 0.72 contig_1165_808 # 814553 # 815254 # -1 # ID=1_808;partial=00;start_type=ATG;rbs_motif=None;rbs_spacer=None;gc_cont=0.323
contig_1165:862940-863635|-   -            232 2960at766            -            170   7.5e-20   67.6   2.2   1   1   1.3e-21   1.1e-19   67.2   2.2     9   163    19   189     9   193 0.80 contig_1165_863 # 862940 # 863635 # -1 # ID=1_863;partial=00;start_type=TTG;rbs_motif=None;rbs_spacer=None;gc_cont=0.318
contig_1165:1080248-1080922|+ -            225 2960at766            -            170   4.9e-17   58.5   1.7   1   2   9.5e-08   7.5e-06   22.1   0.3     6    47    15    56    12    78 0.84 contig_1165_1075 # 1080248 # 1080922 # 1 # ID=1_1075;partial=00;start_type=ATG;rbs_motif=GGA/GAG/AGG;rbs_spacer=5-10bp;gc_cont=0.372
contig_1165:1080248-1080922|+ -            225 2960at766            -            170   4.9e-17   58.5   1.7   2   2   5.8e-12   4.6e-10   35.8   0.1    54   164    87   205    80   210 0.75 contig_1165_1075 # 1080248 # 1080922 # 1 # ID=1_1075;partial=00;start_type=ATG;rbs_motif=GGA/GAG/AGG;rbs_spacer=5-10bp;gc_cont=0.372
contig_1165:143675-144433|-   -            253 2960at766            -            170   1.8e-15   53.4   0.6   1   2   4.4e-06   0.00035   16.7   0.0    10    44    18    52    11    65 0.81 contig_1165_134 # 143675 # 144433 # -1 # ID=1_134;partial=00;start_type=ATG;rbs_motif=AGGA;rbs_spacer=5-10bp;gc_cont=0.361
contig_1165:143675-144433|-   -            253 2960at766            -            170   1.8e-15   53.4   0.6   2   2     1e-11     8e-10   35.0   0.2    97   166   143   213   114   216 0.78 contig_1165_134 # 143675 # 144433 # -1 # ID=1_134;partial=00;start_type=ATG;rbs_motif=AGGA;rbs_spacer=5-10bp;gc_cont=0.361
contig_1165:112707-114413|-   -            569 2960at766            -            170   8.2e-14   48.0   2.3   1   3       3.3   2.6e+02   -2.5   0.1    39    71   239   271   236   280 0.82 contig_1165_102 # 112707 # 114413 # -1 # ID=1_102;partial=00;start_type=ATG;rbs_motif=None;rbs_spacer=None;gc_cont=0.357
contig_1165:112707-114413|-   -            569 2960at766            -            170   8.2e-14   48.0   2.3   2   3   9.1e-06   0.00072   15.6   0.0    13    47   346   381   339   400 0.79 contig_1165_102 # 112707 # 114413 # -1 # ID=1_102;partial=00;start_type=ATG;rbs_motif=None;rbs_spacer=None;gc_cont=0.357
contig_1165:112707-114413|-   -            569 2960at766            -            170   8.2e-14   48.0   2.3   3   3   1.8e-10   1.4e-08   31.0   0.1   103   163   466   526   439   533 0.81 contig_1165_102 # 112707 # 114413 # -1 # ID=1_102;partial=00;start_type=ATG;rbs_motif=None;rbs_spacer=None;gc_cont=0.357
contig_1165:1161719-1163494|- -            592 2960at766            -            170   2.1e-11   40.2   0.6   1   1   4.8e-11   3.8e-09   32.8   0.6     8   162   358   542   348   549 0.67 contig_1165_1165 # 1161719 # 1163494 # -1 # ID=1_1165;partial=00;start_type=ATG;rbs_motif=GGA/GAG/AGG;rbs_spacer=11-12bp;gc_cont=0.317
contig_1165:1018725-1020470|- -            582 2960at766            -            170   9.5e-11   38.0   0.0   1   2    0.0082      0.65    6.0   0.0    10    46   349   386   343   396 0.84 contig_1165_1012 # 1018725 # 1020470 # -1 # ID=1_1012;partial=00;start_type=GTG;rbs_motif=GGAG/GAGG;rbs_spacer=5-10bp;gc_cont=0.375
contig_1165:1018725-1020470|- -            582 2960at766            -            170   9.5e-11   38.0   0.0   2   2   5.1e-10   4.1e-08   29.5   0.0   104   162   474   534   470   541 0.81 contig_1165_1012 # 1018725 # 1020470 # -1 # ID=1_1012;partial=00;start_type=GTG;rbs_motif=GGAG/GAGG;rbs_spacer=5-10bp;gc_cont=0.375
contig_1165:877612-880407|-   -            932 2960at766            -            170   2.2e-10   36.8   6.0   1   4      0.12       9.6    2.2   0.0    19    39    20    41     9    57 0.75 contig_1165_880 # 877612 # 880407 # -1 # ID=1_880;partial=00;start_type=ATG;rbs_motif=None;rbs_spacer=None;gc_cont=0.379
contig_1165:877612-880407|-   -            932 2960at766            -            170   2.2e-10   36.8   6.0   2   4   0.00011    0.0085   12.1   0.0   100   165   475   543   454   547 0.75 contig_1165_880 # 877612 # 880407 # -1 # ID=1_880;partial=00;start_type=ATG;rbs_motif=None;rbs_spacer=None;gc_cont=0.379
contig_1165:877612-880407|-   -            932 2960at766            -            170   2.2e-10   36.8   6.0   3   4     0.095       7.6    2.5   0.1    12    40   612   641   604   655 0.80 contig_1165_880 # 877612 # 880407 # -1 # ID=1_880;partial=00;start_type=ATG;rbs_motif=None;rbs_spacer=None;gc_cont=0.379
contig_1165:877612-880407|-   -            932 2960at766            -            170   2.2e-10   36.8   6.0   4   4   5.1e-07     4e-05   19.7   0.1    65   164   779   883   765   888 0.76 contig_1165_880 # 877612 # 880407 # -1 # ID=1_880;partial=00;start_type=ATG;rbs_motif=None;rbs_spacer=None;gc_cont=0.379
contig_1165:532663-533760|-   -            366 2960at766            -            170   5.1e-05   19.4   3.4   1   4   1.5e-05    0.0012   14.9   0.1    15    47    19    51     9    56 0.85 contig_1165_534 # 532663 # 533760 # -1 # ID=1_534;partial=00;start_type=ATG;rbs_motif=None;rbs_spacer=None;gc_cont=0.333
contig_1165:532663-533760|-   -            366 2960at766            -            170   5.1e-05   19.4   3.4   2   4       4.2   3.3e+02   -2.8   0.0    52    80   151   179   137   201 0.62 contig_1165_534 # 532663 # 533760 # -1 # ID=1_534;partial=00;start_type=ATG;rbs_motif=None;rbs_spacer=None;gc_cont=0.333
contig_1165:532663-533760|-   -            366 2960at766            -            170   5.1e-05   19.4   3.4   3   4       2.4   1.9e+02   -2.0   0.0   134   164   228   261   225   265 0.68 contig_1165_534 # 532663 # 533760 # -1 # ID=1_534;partial=00;start_type=ATG;rbs_motif=None;rbs_spacer=None;gc_cont=0.333
contig_1165:532663-533760|-   -            366 2960at766            -            170   5.1e-05   19.4   3.4   4   4     0.041       3.3    3.7   0.1   117   151   296   333   270   339 0.75 contig_1165_534 # 532663 # 533760 # -1 # ID=1_534;partial=00;start_type=ATG;rbs_motif=None;rbs_spacer=None;gc_cont=0.333
contig_1165:194717-195994|+   -            426 2960at766            -            170    0.0016   14.5   0.2   1   2   6.4e-05    0.0051   12.9   0.0    19    46   111   138    94   145 0.83 contig_1165_188 # 194717 # 195994 # 1 # ID=1_188;partial=00;start_type=ATG;rbs_motif=GGA/GAG/AGG;rbs_spacer=5-10bp;gc_cont=0.365
contig_1165:194717-195994|+   -            426 2960at766            -            170    0.0016   14.5   0.2   2   2       4.4   3.5e+02   -2.9   0.1    14    49   344   379   335   400 0.65 contig_1165_188 # 194717 # 195994 # 1 # ID=1_188;partial=00;start_type=ATG;rbs_motif=GGA/GAG/AGG;rbs_spacer=5-10bp;gc_cont=0.365
contig_1165:285329-287890|+   -            854 2960at766            -            170    0.0018   14.3   0.0   1   2    0.0034      0.27    7.2   0.0    16    45   194   223   186   230 0.86 contig_1165_287 # 285329 # 287890 # 1 # ID=1_287;partial=00;start_type=ATG;rbs_motif=None;rbs_spacer=None;gc_cont=0.377
contig_1165:285329-287890|+   -            854 2960at766            -            170    0.0018   14.3   0.0   2   2     0.032       2.6    4.1   0.0    24    47   598   621   593   627 0.89 contig_1165_287 # 285329 # 287890 # 1 # ID=1_287;partial=00;start_type=ATG;rbs_motif=None;rbs_spacer=None;gc_cont=0.377
contig_1165:39298-40398|-     -            367 2960at766            -            170    0.0034   13.4   0.2   1   2   0.00013     0.011   11.8   0.1     1    60   112   178   112   190 0.71 contig_1165_36 # 39298 # 40398 # -1 # ID=1_36;partial=00;start_type=ATG;rbs_motif=GGA/GAG/AGG;rbs_spacer=5-10bp;gc_cont=0.359
contig_1165:39298-40398|-     -            367 2960at766            -            170    0.0034   13.4   0.2   2   2       2.7   2.1e+02   -2.2   0.0   101   116   314   329   307   330 0.74 contig_1165_36 # 39298 # 40398 # -1 # ID=1_36;partial=00;start_type=ATG;rbs_motif=GGA/GAG/AGG;rbs_spacer=5-10bp;gc_cont=0.359
contig_1165:1192424-1193245|+ -            274 2960at766            -            170      0.01   11.9   0.1   1   1   0.00025      0.02   10.9   0.1    18    44     9    36     2    39 0.76 contig_1165_1191 # 1192424 # 1193245 # 1 # ID=1_1191;partial=00;start_type=ATG;rbs_motif=GGA/GAG/AGG;rbs_spacer=5-10bp;gc_cont=0.380
#
# Program:         hmmsearch
# Version:         3.4 (Aug 2023)
# Pipeline mode:   SEARCH
# Query file:      /private/groups/russelllab/jodie/Jacobs_et_al_2026_de_novo_wRi_merrill_23_assembly/busco_downloads/lineages/rickettsiales_odb10/hmms/2960at766.hmm
# Target file:     private/groups/russelllab/jodie/Jacobs_et_al_2026_de_novo_wRi_merrill_23_assembly/busco/20250828_Nanopore/wRi/assembly/prodigal_output/predicted_genes/predicted.faa
# Option settings: hmmsearch --domtblout private/groups/russelllab/jodie/Jacobs_et_al_2026_de_novo_wRi_merrill_23_assembly/busco/20250828_Nanopore/wRi/assembly/run_rickettsiales_odb10/hmmer_output/2960at766.out --cpu 1 /private/groups/russelllab/jodie/Jacobs_et_al_2026_de_novo_wRi_merrill_23_assembly/busco_downloads/lineages/rickettsiales_odb10/hmms/2960at766.hmm private/groups/russelllab/jodie/Jacobs_et_al_2026_de_novo_wRi_merrill_23_assembly/busco/20250828_Nanopore/wRi/assembly/prodigal_output/predicted_genes/predicted.faa 
# Current dir:     /private/groups/russelllab/jodie/Jacobs_et_al_2026_de_novo_wRi_merrill_23_assembly
# Date:            Fri Aug 29 11:53:22 2025
# [ok]
