#                                                                                     --- full sequence --- -------------- this domain -------------   hmm coord   ali coord   env coord
# target name                 accession   tlen query name           accession   qlen   E-value  score  bias   #  of  c-Evalue  i-Evalue  score  bias  from    to  from    to  from    to  acc description of target
#         ------------------- ---------- ----- -------------------- ---------- ----- --------- ------ ----- --- --- --------- --------- ------ ----- ----- ----- ----- ----- ----- ----- ---- ---------------------
contig_1165:263926-264519|+   -            198 3119at766            -            167   1.3e-68  226.0   4.2   1   2   1.9e-69   4.9e-67  220.8   0.7     1   143     3   152     3   168 0.93 contig_1165_265 # 263926 # 264519 # 1 # ID=1_265;partial=00;start_type=ATG;rbs_motif=None;rbs_spacer=None;gc_cont=0.318
contig_1165:263926-264519|+   -            198 3119at766            -            167   1.3e-68  226.0   4.2   2   2     0.001      0.26    6.9   0.2   140   166   170   196   163   197 0.91 contig_1165_265 # 263926 # 264519 # 1 # ID=1_265;partial=00;start_type=ATG;rbs_motif=None;rbs_spacer=None;gc_cont=0.318
contig_1165:707490-708815|-   -            442 3119at766            -            167   1.6e-17   59.7   0.9   1   2   1.9e-08   4.9e-06   22.3   0.2    26   117     3    93     1   117 0.65 contig_1165_706 # 707490 # 708815 # -1 # ID=1_706;partial=00;start_type=ATG;rbs_motif=None;rbs_spacer=None;gc_cont=0.370
contig_1165:707490-708815|-   -            442 3119at766            -            167   1.6e-17   59.7   0.9   2   2   1.8e-12   4.5e-10   35.5   0.0    14   140   163   297   154   314 0.76 contig_1165_706 # 707490 # 708815 # -1 # ID=1_706;partial=00;start_type=ATG;rbs_motif=None;rbs_spacer=None;gc_cont=0.370
contig_1165:821282-822808|-   -            509 3119at766            -            167   1.3e-05   21.0   0.0   1   1   1.4e-07   3.5e-05   19.5   0.0    27    63   220   255   215   262 0.91 contig_1165_815 # 821282 # 822808 # -1 # ID=1_815;partial=00;start_type=ATG;rbs_motif=None;rbs_spacer=None;gc_cont=0.361
contig_1165:1044727-1045611|- -            295 3119at766            -            167   0.00041   16.1   0.9   1   1     4e-06     0.001   14.8   0.7    27   121     9   103     3   132 0.60 contig_1165_1037 # 1044727 # 1045611 # -1 # ID=1_1037;partial=00;start_type=GTG;rbs_motif=None;rbs_spacer=None;gc_cont=0.350
contig_1165:67917-69011|+     -            365 3119at766            -            167     0.003   13.3   0.2   1   2   6.3e-05     0.016   10.9   0.0    28    65     6    42     3    52 0.83 contig_1165_66 # 67917 # 69011 # 1 # ID=1_66;partial=00;start_type=ATG;rbs_motif=None;rbs_spacer=None;gc_cont=0.380
contig_1165:67917-69011|+     -            365 3119at766            -            167     0.003   13.3   0.2   2   2      0.18        45   -0.3   0.1   124   162   123   163    40   167 0.63 contig_1165_66 # 67917 # 69011 # 1 # ID=1_66;partial=00;start_type=ATG;rbs_motif=None;rbs_spacer=None;gc_cont=0.380
#
# Program:         hmmsearch
# Version:         3.4 (Aug 2023)
# Pipeline mode:   SEARCH
# Query file:      /private/groups/russelllab/jodie/Jacobs_et_al_2026_de_novo_wRi_merrill_23_assembly/busco_downloads/lineages/rickettsiales_odb10/hmms/3119at766.hmm
# Target file:     private/groups/russelllab/jodie/Jacobs_et_al_2026_de_novo_wRi_merrill_23_assembly/busco/20250828_Nanopore/wRi/assembly/prodigal_output/predicted_genes/predicted.faa
# Option settings: hmmsearch --domtblout private/groups/russelllab/jodie/Jacobs_et_al_2026_de_novo_wRi_merrill_23_assembly/busco/20250828_Nanopore/wRi/assembly/run_rickettsiales_odb10/hmmer_output/3119at766.out --cpu 1 /private/groups/russelllab/jodie/Jacobs_et_al_2026_de_novo_wRi_merrill_23_assembly/busco_downloads/lineages/rickettsiales_odb10/hmms/3119at766.hmm private/groups/russelllab/jodie/Jacobs_et_al_2026_de_novo_wRi_merrill_23_assembly/busco/20250828_Nanopore/wRi/assembly/prodigal_output/predicted_genes/predicted.faa 
# Current dir:     /private/groups/russelllab/jodie/Jacobs_et_al_2026_de_novo_wRi_merrill_23_assembly
# Date:            Fri Aug 29 11:53:22 2025
# [ok]
