#                                                                                   --- full sequence --- -------------- this domain -------------   hmm coord   ali coord   env coord
# target name               accession   tlen query name           accession   qlen   E-value  score  bias   #  of  c-Evalue  i-Evalue  score  bias  from    to  from    to  from    to  acc description of target
#       ------------------- ---------- ----- -------------------- ---------- ----- --------- ------ ----- --- --- --------- --------- ------ ----- ----- ----- ----- ----- ----- ----- ---- ---------------------
contig_1165:47213-49807|+   -            865 311at766             -            687         0 1054.6  31.7   1   3  1.4e-139  3.5e-137  454.6   1.0     8   278    16   302     2   308 0.92 contig_1165_45 # 47213 # 49807 # 1 # ID=1_45;partial=00;start_type=ATG;rbs_motif=GGA/GAG/AGG;rbs_spacer=5-10bp;gc_cont=0.389
contig_1165:47213-49807|+   -            865 311at766             -            687         0 1054.6  31.7   2   3  2.9e-177  7.4e-175  579.1  14.4   273   632   360   762   351   771 0.93 contig_1165_45 # 47213 # 49807 # 1 # ID=1_45;partial=00;start_type=ATG;rbs_motif=GGA/GAG/AGG;rbs_spacer=5-10bp;gc_cont=0.389
contig_1165:47213-49807|+   -            865 311at766             -            687         0 1054.6  31.7   3   3   3.9e-10     1e-07   26.8   1.9   623   678   776   842   768   849 0.78 contig_1165_45 # 47213 # 49807 # 1 # ID=1_45;partial=00;start_type=ATG;rbs_motif=GGA/GAG/AGG;rbs_spacer=5-10bp;gc_cont=0.389
contig_1165:435075-437591|- -            839 311at766             -            687     5e-63  209.5   4.3   1   6   7.5e-31   1.9e-28   95.2   0.1     9   166    14   167     2   171 0.86 contig_1165_441 # 435075 # 437591 # -1 # ID=1_441;partial=00;start_type=ATG;rbs_motif=GGA/GAG/AGG;rbs_spacer=5-10bp;gc_cont=0.380
contig_1165:435075-437591|- -            839 311at766             -            687     5e-63  209.5   4.3   2   6   1.8e-09   4.5e-07   24.6   0.5   311   358   172   219   168   223 0.95 contig_1165_441 # 435075 # 437591 # -1 # ID=1_441;partial=00;start_type=ATG;rbs_motif=GGA/GAG/AGG;rbs_spacer=5-10bp;gc_cont=0.380
contig_1165:435075-437591|- -            839 311at766             -            687     5e-63  209.5   4.3   3   6      0.31        79   -2.6   0.0   181   231   235   286   234   295 0.76 contig_1165_441 # 435075 # 437591 # -1 # ID=1_441;partial=00;start_type=ATG;rbs_motif=GGA/GAG/AGG;rbs_spacer=5-10bp;gc_cont=0.380
contig_1165:435075-437591|- -            839 311at766             -            687     5e-63  209.5   4.3   4   6   6.5e-07   0.00016   16.1   0.0   204   268   289   354   285   364 0.86 contig_1165_441 # 435075 # 437591 # -1 # ID=1_441;partial=00;start_type=ATG;rbs_motif=GGA/GAG/AGG;rbs_spacer=5-10bp;gc_cont=0.380
contig_1165:435075-437591|- -            839 311at766             -            687     5e-63  209.5   4.3   5   6   1.2e-08   3.1e-06   21.8   0.0   357   400   421   460   395   473 0.80 contig_1165_441 # 435075 # 437591 # -1 # ID=1_441;partial=00;start_type=ATG;rbs_motif=GGA/GAG/AGG;rbs_spacer=5-10bp;gc_cont=0.380
contig_1165:435075-437591|- -            839 311at766             -            687     5e-63  209.5   4.3   6   6   1.5e-16   3.9e-14   48.0   0.0   480   630   610   764   595   824 0.73 contig_1165_441 # 435075 # 437591 # -1 # ID=1_441;partial=00;start_type=ATG;rbs_motif=GGA/GAG/AGG;rbs_spacer=5-10bp;gc_cont=0.380
contig_1165:92025-95360|-   -           1112 311at766             -            687   3.1e-60  200.3   2.8   1   2     3e-17   7.6e-15   50.3   0.1     6   164    21   198    16   255 0.84 contig_1165_85 # 92025 # 95360 # -1 # ID=1_85;partial=00;start_type=ATG;rbs_motif=None;rbs_spacer=None;gc_cont=0.376
contig_1165:92025-95360|-   -           1112 311at766             -            687   3.1e-60  200.3   2.8   2   2     2e-46   5.1e-44  146.7   0.6   228   638   357   833   349   860 0.75 contig_1165_85 # 92025 # 95360 # -1 # ID=1_85;partial=00;start_type=ATG;rbs_motif=None;rbs_spacer=None;gc_cont=0.376
contig_1165:159680-161317|- -            546 311at766             -            687   2.1e-25   85.2   1.0   1   2   2.2e-14   5.5e-12   40.8   0.1    24   139     5   112     1   145 0.81 contig_1165_148 # 159680 # 161317 # -1 # ID=1_148;partial=00;start_type=ATG;rbs_motif=None;rbs_spacer=None;gc_cont=0.398
contig_1165:159680-161317|- -            546 311at766             -            687   2.1e-25   85.2   1.0   2   2   1.2e-14     3e-12   41.7   0.1   314   524   150   375   144   396 0.66 contig_1165_148 # 159680 # 161317 # -1 # ID=1_148;partial=00;start_type=ATG;rbs_motif=None;rbs_spacer=None;gc_cont=0.398
contig_1165:110493-112199|- -            569 311at766             -            687   0.00031   15.2   0.0   1   2    0.0012      0.31    5.3   0.0    34    81   130   177   110   192 0.87 contig_1165_100 # 110493 # 112199 # -1 # ID=1_100;partial=00;start_type=ATG;rbs_motif=None;rbs_spacer=None;gc_cont=0.388
contig_1165:110493-112199|- -            569 311at766             -            687   0.00031   15.2   0.0   2   2   0.00031     0.078    7.3   0.0   480   512   390   422   373   437 0.85 contig_1165_100 # 110493 # 112199 # -1 # ID=1_100;partial=00;start_type=ATG;rbs_motif=None;rbs_spacer=None;gc_cont=0.388
#
# Program:         hmmsearch
# Version:         3.4 (Aug 2023)
# Pipeline mode:   SEARCH
# Query file:      /private/groups/russelllab/jodie/Jacobs_et_al_2026_de_novo_wRi_merrill_23_assembly/busco_downloads/lineages/rickettsiales_odb10/hmms/311at766.hmm
# Target file:     private/groups/russelllab/jodie/Jacobs_et_al_2026_de_novo_wRi_merrill_23_assembly/busco/20250828_Nanopore/wRi/assembly/prodigal_output/predicted_genes/predicted.faa
# Option settings: hmmsearch --domtblout private/groups/russelllab/jodie/Jacobs_et_al_2026_de_novo_wRi_merrill_23_assembly/busco/20250828_Nanopore/wRi/assembly/run_rickettsiales_odb10/hmmer_output/311at766.out --cpu 1 /private/groups/russelllab/jodie/Jacobs_et_al_2026_de_novo_wRi_merrill_23_assembly/busco_downloads/lineages/rickettsiales_odb10/hmms/311at766.hmm private/groups/russelllab/jodie/Jacobs_et_al_2026_de_novo_wRi_merrill_23_assembly/busco/20250828_Nanopore/wRi/assembly/prodigal_output/predicted_genes/predicted.faa 
# Current dir:     /private/groups/russelllab/jodie/Jacobs_et_al_2026_de_novo_wRi_merrill_23_assembly
# Date:            Fri Aug 29 11:53:22 2025
# [ok]
