#                                                                                   --- full sequence --- -------------- this domain -------------   hmm coord   ali coord   env coord
# target name               accession   tlen query name           accession   qlen   E-value  score  bias   #  of  c-Evalue  i-Evalue  score  bias  from    to  from    to  from    to  acc description of target
#       ------------------- ---------- ----- -------------------- ---------- ----- --------- ------ ----- --- --- --------- --------- ------ ----- ----- ----- ----- ----- ----- ----- ---- ---------------------
contig_1165:902475-904223|- -            583 322at766             -            435  5.3e-167  552.3  26.7   1   4   4.4e-21   1.9e-18   62.8   0.4     1    72     1    90     1   105 0.79 contig_1165_905 # 902475 # 904223 # -1 # ID=1_905;partial=00;start_type=ATG;rbs_motif=AGGAG;rbs_spacer=5-10bp;gc_cont=0.358
contig_1165:902475-904223|- -            583 322at766             -            435  5.3e-167  552.3  26.7   2   4   1.1e-62   4.6e-60  199.9   0.7    67   206   106   263   100   276 0.85 contig_1165_905 # 902475 # 904223 # -1 # ID=1_905;partial=00;start_type=ATG;rbs_motif=AGGAG;rbs_spacer=5-10bp;gc_cont=0.358
contig_1165:902475-904223|- -            583 322at766             -            435  5.3e-167  552.3  26.7   3   4   2.1e-92     9e-90  297.8   4.6   196   401   283   507   270   510 0.91 contig_1165_905 # 902475 # 904223 # -1 # ID=1_905;partial=00;start_type=ATG;rbs_motif=AGGAG;rbs_spacer=5-10bp;gc_cont=0.358
contig_1165:902475-904223|- -            583 322at766             -            435  5.3e-167  552.3  26.7   4   4   0.00061      0.26    6.3   1.8   390   434   513   562   504   563 0.77 contig_1165_905 # 902475 # 904223 # -1 # ID=1_905;partial=00;start_type=ATG;rbs_motif=AGGAG;rbs_spacer=5-10bp;gc_cont=0.358
contig_1165:869415-871337|+ -            641 322at766             -            435  2.1e-108  359.3   9.0   1   3   4.1e-09   1.8e-06   23.4   0.0    12    64     4    55     2    91 0.85 contig_1165_872 # 869415 # 871337 # 1 # ID=1_872;partial=00;start_type=ATG;rbs_motif=None;rbs_spacer=None;gc_cont=0.369
contig_1165:869415-871337|+ -            641 322at766             -            435  2.1e-108  359.3   9.0   2   3   2.4e-48     1e-45  152.7   0.3    81   188   130   240   101   267 0.91 contig_1165_872 # 869415 # 871337 # 1 # ID=1_872;partial=00;start_type=ATG;rbs_motif=None;rbs_spacer=None;gc_cont=0.369
contig_1165:869415-871337|+ -            641 322at766             -            435  2.1e-108  359.3   9.0   3   3   1.6e-58   6.7e-56  186.2   1.5   195   400   292   515   283   567 0.83 contig_1165_872 # 869415 # 871337 # 1 # ID=1_872;partial=00;start_type=ATG;rbs_motif=None;rbs_spacer=None;gc_cont=0.369
contig_1165:558499-559575|- -            359 322at766             -            435   2.8e-13   45.8   0.2   1   1   3.3e-15   1.4e-12   43.5   0.2    13   187    25   216    22   231 0.75 contig_1165_558 # 558499 # 559575 # -1 # ID=1_558;partial=00;start_type=ATG;rbs_motif=GGA/GAG/AGG;rbs_spacer=5-10bp;gc_cont=0.383
#
# Program:         hmmsearch
# Version:         3.4 (Aug 2023)
# Pipeline mode:   SEARCH
# Query file:      /private/groups/russelllab/jodie/Jacobs_et_al_2026_de_novo_wRi_merrill_23_assembly/busco_downloads/lineages/rickettsiales_odb10/hmms/322at766.hmm
# Target file:     private/groups/russelllab/jodie/Jacobs_et_al_2026_de_novo_wRi_merrill_23_assembly/busco/20250828_Nanopore/wRi/assembly/prodigal_output/predicted_genes/predicted.faa
# Option settings: hmmsearch --domtblout private/groups/russelllab/jodie/Jacobs_et_al_2026_de_novo_wRi_merrill_23_assembly/busco/20250828_Nanopore/wRi/assembly/run_rickettsiales_odb10/hmmer_output/322at766.out --cpu 1 /private/groups/russelllab/jodie/Jacobs_et_al_2026_de_novo_wRi_merrill_23_assembly/busco_downloads/lineages/rickettsiales_odb10/hmms/322at766.hmm private/groups/russelllab/jodie/Jacobs_et_al_2026_de_novo_wRi_merrill_23_assembly/busco/20250828_Nanopore/wRi/assembly/prodigal_output/predicted_genes/predicted.faa 
# Current dir:     /private/groups/russelllab/jodie/Jacobs_et_al_2026_de_novo_wRi_merrill_23_assembly
# Date:            Fri Aug 29 11:53:22 2025
# [ok]
