#                                                                                     --- full sequence --- -------------- this domain -------------   hmm coord   ali coord   env coord
# target name                 accession   tlen query name           accession   qlen   E-value  score  bias   #  of  c-Evalue  i-Evalue  score  bias  from    to  from    to  from    to  acc description of target
#         ------------------- ---------- ----- -------------------- ---------- ----- --------- ------ ----- --- --- --------- --------- ------ ----- ----- ----- ----- ----- ----- ----- ---- ---------------------
contig_1165:1080248-1080922|+ -            225 3233at766            -            175   6.9e-71  233.8   5.8   1   1   9.1e-71   1.1e-68  226.6   5.8     2   175     7   216     6   216 0.86 contig_1165_1075 # 1080248 # 1080922 # 1 # ID=1_1075;partial=00;start_type=ATG;rbs_motif=GGA/GAG/AGG;rbs_spacer=5-10bp;gc_cont=0.372
contig_1165:57467-58108|-     -            214 3233at766            -            175   3.1e-35  117.6   0.2   1   1   4.5e-37   5.2e-35  116.9   0.2     2   170     2   182     1   188 0.83 contig_1165_55 # 57467 # 58108 # -1 # ID=1_55;partial=00;start_type=ATG;rbs_motif=GGA/GAG/AGG;rbs_spacer=5-10bp;gc_cont=0.324
contig_1165:814553-815254|-   -            234 3233at766            -            175   1.7e-29   98.9   1.0   1   1   1.8e-30   2.1e-28   95.4   1.0     6   169    10   197     5   204 0.79 contig_1165_808 # 814553 # 815254 # -1 # ID=1_808;partial=00;start_type=ATG;rbs_motif=None;rbs_spacer=None;gc_cont=0.323
contig_1165:354612-355385|+   -            258 3233at766            -            175   1.2e-28   96.2   4.7   1   1   6.1e-30     7e-28   93.7   4.7    14   170    17   202     2   208 0.83 contig_1165_352 # 354612 # 355385 # 1 # ID=1_352;partial=00;start_type=ATG;rbs_motif=None;rbs_spacer=None;gc_cont=0.337
contig_1165:112707-114413|-   -            569 3233at766            -            175   1.7e-24   82.6   1.3   1   2   5.9e-11   6.9e-09   31.9   0.0    13    58   345   390   332   429 0.78 contig_1165_102 # 112707 # 114413 # -1 # ID=1_102;partial=00;start_type=ATG;rbs_motif=None;rbs_spacer=None;gc_cont=0.357
contig_1165:112707-114413|-   -            569 3233at766            -            175   1.7e-24   82.6   1.3   2   2   3.3e-16   3.8e-14   49.0   0.4   102   174   467   537   459   538 0.92 contig_1165_102 # 112707 # 114413 # -1 # ID=1_102;partial=00;start_type=ATG;rbs_motif=None;rbs_spacer=None;gc_cont=0.357
contig_1165:143675-144433|-   -            253 3233at766            -            175   1.4e-23   79.7   0.1   1   2   9.3e-08   1.1e-05   21.4   0.0    12    68    18    76     8   116 0.82 contig_1165_134 # 143675 # 144433 # -1 # ID=1_134;partial=00;start_type=ATG;rbs_motif=AGGA;rbs_spacer=5-10bp;gc_cont=0.361
contig_1165:143675-144433|-   -            253 3233at766            -            175   1.4e-23   79.7   0.1   2   2   1.8e-18   2.1e-16   56.3   0.2   101   170   149   216    67   221 0.89 contig_1165_134 # 143675 # 144433 # -1 # ID=1_134;partial=00;start_type=ATG;rbs_motif=AGGA;rbs_spacer=5-10bp;gc_cont=0.361
contig_1165:862940-863635|-   -            232 3233at766            -            175   3.7e-20   68.6   1.8   1   1   6.3e-21   7.3e-19   64.3   1.8     3   164    10   190     8   201 0.74 contig_1165_863 # 862940 # 863635 # -1 # ID=1_863;partial=00;start_type=TTG;rbs_motif=None;rbs_spacer=None;gc_cont=0.318
contig_1165:1161719-1163494|- -            592 3233at766            -            175   2.5e-18   62.6   1.0   1   2   4.8e-07   5.5e-05   19.1   0.2     5    80   351   427   348   462 0.67 contig_1165_1165 # 1161719 # 1163494 # -1 # ID=1_1165;partial=00;start_type=ATG;rbs_motif=GGA/GAG/AGG;rbs_spacer=11-12bp;gc_cont=0.317
contig_1165:1161719-1163494|- -            592 3233at766            -            175   2.5e-18   62.6   1.0   2   2   7.8e-14     9e-12   41.2   0.0   102   173   484   553   475   555 0.86 contig_1165_1165 # 1161719 # 1163494 # -1 # ID=1_1165;partial=00;start_type=ATG;rbs_motif=GGA/GAG/AGG;rbs_spacer=11-12bp;gc_cont=0.317
contig_1165:877612-880407|-   -            932 3233at766            -            175   1.7e-17   59.9   6.5   1   4    0.0014      0.16    7.9   0.0    15    41    15    41     4    47 0.89 contig_1165_880 # 877612 # 880407 # -1 # ID=1_880;partial=00;start_type=ATG;rbs_motif=None;rbs_spacer=None;gc_cont=0.379
contig_1165:877612-880407|-   -            932 3233at766            -            175   1.7e-17   59.9   6.5   2   4   1.1e-05    0.0013   14.7   0.1    93   171   462   549   436   553 0.70 contig_1165_880 # 877612 # 880407 # -1 # ID=1_880;partial=00;start_type=ATG;rbs_motif=None;rbs_spacer=None;gc_cont=0.379
contig_1165:877612-880407|-   -            932 3233at766            -            175   1.7e-17   59.9   6.5   3   4   0.00014     0.016   11.1   0.1     4    42   603   641   600   655 0.84 contig_1165_880 # 877612 # 880407 # -1 # ID=1_880;partial=00;start_type=ATG;rbs_motif=None;rbs_spacer=None;gc_cont=0.379
contig_1165:877612-880407|-   -            932 3233at766            -            175   1.7e-17   59.9   6.5   4   4   2.1e-09   2.4e-07   26.8   0.1   100   174   817   893   791   894 0.86 contig_1165_880 # 877612 # 880407 # -1 # ID=1_880;partial=00;start_type=ATG;rbs_motif=None;rbs_spacer=None;gc_cont=0.379
contig_1165:1018725-1020470|- -            582 3233at766            -            175     2e-16   56.4   0.9   1   2     1e-06   0.00012   18.0   0.2    15    57   353   395   347   399 0.90 contig_1165_1012 # 1018725 # 1020470 # -1 # ID=1_1012;partial=00;start_type=GTG;rbs_motif=GGAG/GAGG;rbs_spacer=5-10bp;gc_cont=0.375
contig_1165:1018725-1020470|- -            582 3233at766            -            175     2e-16   56.4   0.9   2   2   2.3e-12   2.7e-10   36.4   0.0   102   173   474   544   471   546 0.91 contig_1165_1012 # 1018725 # 1020470 # -1 # ID=1_1012;partial=00;start_type=GTG;rbs_motif=GGAG/GAGG;rbs_spacer=5-10bp;gc_cont=0.375
contig_1165:105945-106568|+   -            208 3233at766            -            175   2.5e-14   49.6   0.0   1   1   1.7e-15   1.9e-13   46.7   0.0    12   162    14   186     3   195 0.71 contig_1165_95 # 105945 # 106568 # 1 # ID=1_95;partial=00;start_type=ATG;rbs_motif=GGA/GAG/AGG;rbs_spacer=11-12bp;gc_cont=0.365
#
# Program:         hmmsearch
# Version:         3.4 (Aug 2023)
# Pipeline mode:   SEARCH
# Query file:      /private/groups/russelllab/jodie/Jacobs_et_al_2026_de_novo_wRi_merrill_23_assembly/busco_downloads/lineages/rickettsiales_odb10/hmms/3233at766.hmm
# Target file:     private/groups/russelllab/jodie/Jacobs_et_al_2026_de_novo_wRi_merrill_23_assembly/busco/20250828_Nanopore/wRi/assembly/prodigal_output/predicted_genes/predicted.faa
# Option settings: hmmsearch --domtblout private/groups/russelllab/jodie/Jacobs_et_al_2026_de_novo_wRi_merrill_23_assembly/busco/20250828_Nanopore/wRi/assembly/run_rickettsiales_odb10/hmmer_output/3233at766.out --cpu 1 /private/groups/russelllab/jodie/Jacobs_et_al_2026_de_novo_wRi_merrill_23_assembly/busco_downloads/lineages/rickettsiales_odb10/hmms/3233at766.hmm private/groups/russelllab/jodie/Jacobs_et_al_2026_de_novo_wRi_merrill_23_assembly/busco/20250828_Nanopore/wRi/assembly/prodigal_output/predicted_genes/predicted.faa 
# Current dir:     /private/groups/russelllab/jodie/Jacobs_et_al_2026_de_novo_wRi_merrill_23_assembly
# Date:            Fri Aug 29 11:53:23 2025
# [ok]
