#                                                                                   --- full sequence --- -------------- this domain -------------   hmm coord   ali coord   env coord
# target name               accession   tlen query name           accession   qlen   E-value  score  bias   #  of  c-Evalue  i-Evalue  score  bias  from    to  from    to  from    to  acc description of target
#       ------------------- ---------- ----- -------------------- ---------- ----- --------- ------ ----- --- --- --------- --------- ------ ----- ----- ----- ----- ----- ----- ----- ---- ---------------------
contig_1165:159680-161317|- -            546 384at766             -            392  1.9e-189  625.9  12.1   1   3  2.2e-109    7e-107  354.1   2.3     1   213     7   243     7   253 0.91 contig_1165_148 # 159680 # 161317 # -1 # ID=1_148;partial=00;start_type=ATG;rbs_motif=None;rbs_spacer=None;gc_cont=0.398
contig_1165:159680-161317|- -            546 384at766             -            392  1.9e-189  625.9  12.1   2   3   5.4e-67   1.7e-64  214.5   0.1   211   329   288   406   279   437 0.92 contig_1165_148 # 159680 # 161317 # -1 # ID=1_148;partial=00;start_type=ATG;rbs_motif=None;rbs_spacer=None;gc_cont=0.398
contig_1165:159680-161317|- -            546 384at766             -            392  1.9e-189  625.9  12.1   3   3   8.1e-21   2.6e-18   62.5   0.5   328   388   446   511   425   517 0.88 contig_1165_148 # 159680 # 161317 # -1 # ID=1_148;partial=00;start_type=ATG;rbs_motif=None;rbs_spacer=None;gc_cont=0.398
contig_1165:47213-49807|+   -            865 384at766             -            392   3.7e-16   55.4   2.1   1   2   3.6e-06    0.0011   14.3   0.0     2    74    36   111    35   147 0.74 contig_1165_45 # 47213 # 49807 # 1 # ID=1_45;partial=00;start_type=ATG;rbs_motif=GGA/GAG/AGG;rbs_spacer=5-10bp;gc_cont=0.389
contig_1165:47213-49807|+   -            865 384at766             -            392   3.7e-16   55.4   2.1   2   2   4.6e-14   1.4e-11   40.3   0.5   218   339   551   672   539   705 0.79 contig_1165_45 # 47213 # 49807 # 1 # ID=1_45;partial=00;start_type=ATG;rbs_motif=GGA/GAG/AGG;rbs_spacer=5-10bp;gc_cont=0.389
contig_1165:435075-437591|- -            839 384at766             -            392   2.5e-10   36.2   0.2   1   2   3.9e-05     0.012   10.9   0.1     9   149    37   200    29   218 0.63 contig_1165_441 # 435075 # 437591 # -1 # ID=1_441;partial=00;start_type=ATG;rbs_motif=GGA/GAG/AGG;rbs_spacer=5-10bp;gc_cont=0.380
contig_1165:435075-437591|- -            839 384at766             -            392   2.5e-10   36.2   0.2   2   2   6.2e-08     2e-05   20.1   0.0   241   297   596   654   590   671 0.84 contig_1165_441 # 435075 # 437591 # -1 # ID=1_441;partial=00;start_type=ATG;rbs_motif=GGA/GAG/AGG;rbs_spacer=5-10bp;gc_cont=0.380
contig_1165:92025-95360|-   -           1112 384at766             -            392   4.2e-09   32.2   1.2   1   3    0.0001     0.033    9.5   0.1     9   114    53   164    48   219 0.66 contig_1165_85 # 92025 # 95360 # -1 # ID=1_85;partial=00;start_type=ATG;rbs_motif=None;rbs_spacer=None;gc_cont=0.376
contig_1165:92025-95360|-   -           1112 384at766             -            392   4.2e-09   32.2   1.2   2   3      0.14        46   -0.9   0.0   130   186   454   511   442   524 0.76 contig_1165_85 # 92025 # 95360 # -1 # ID=1_85;partial=00;start_type=ATG;rbs_motif=None;rbs_spacer=None;gc_cont=0.376
contig_1165:92025-95360|-   -           1112 384at766             -            392   4.2e-09   32.2   1.2   3   3   1.2e-07   3.7e-05   19.2   0.0   239   286   629   677   596   708 0.78 contig_1165_85 # 92025 # 95360 # -1 # ID=1_85;partial=00;start_type=ATG;rbs_motif=None;rbs_spacer=None;gc_cont=0.376
#
# Program:         hmmsearch
# Version:         3.4 (Aug 2023)
# Pipeline mode:   SEARCH
# Query file:      /private/groups/russelllab/jodie/Jacobs_et_al_2026_de_novo_wRi_merrill_23_assembly/busco_downloads/lineages/rickettsiales_odb10/hmms/384at766.hmm
# Target file:     private/groups/russelllab/jodie/Jacobs_et_al_2026_de_novo_wRi_merrill_23_assembly/busco/20250828_Nanopore/wRi/assembly/prodigal_output/predicted_genes/predicted.faa
# Option settings: hmmsearch --domtblout private/groups/russelllab/jodie/Jacobs_et_al_2026_de_novo_wRi_merrill_23_assembly/busco/20250828_Nanopore/wRi/assembly/run_rickettsiales_odb10/hmmer_output/384at766.out --cpu 1 /private/groups/russelllab/jodie/Jacobs_et_al_2026_de_novo_wRi_merrill_23_assembly/busco_downloads/lineages/rickettsiales_odb10/hmms/384at766.hmm private/groups/russelllab/jodie/Jacobs_et_al_2026_de_novo_wRi_merrill_23_assembly/busco/20250828_Nanopore/wRi/assembly/prodigal_output/predicted_genes/predicted.faa 
# Current dir:     /private/groups/russelllab/jodie/Jacobs_et_al_2026_de_novo_wRi_merrill_23_assembly
# Date:            Fri Aug 29 11:53:23 2025
# [ok]
