#                                                                                   --- full sequence --- -------------- this domain -------------   hmm coord   ali coord   env coord
# target name               accession   tlen query name           accession   qlen   E-value  score  bias   #  of  c-Evalue  i-Evalue  score  bias  from    to  from    to  from    to  acc description of target
#       ------------------- ---------- ----- -------------------- ---------- ----- --------- ------ ----- --- --- --------- --------- ------ ----- ----- ----- ----- ----- ----- ----- ---- ---------------------
contig_1165:357244-358617|+ -            458 431at766             -            350  2.1e-152  503.4  14.3   1   3  1.1e-149  4.7e-147  485.8   3.3     2   288     3   324     2   339 0.90 contig_1165_356 # 357244 # 358617 # 1 # ID=1_356;partial=00;start_type=ATG;rbs_motif=None;rbs_spacer=None;gc_cont=0.344
contig_1165:357244-358617|+ -            458 431at766             -            350  2.1e-152  503.4  14.3   2   3   4.2e-05     0.018   10.3   0.3   277   327   335   385   324   395 0.74 contig_1165_356 # 357244 # 358617 # 1 # ID=1_356;partial=00;start_type=ATG;rbs_motif=None;rbs_spacer=None;gc_cont=0.344
contig_1165:357244-358617|+ -            458 431at766             -            350  2.1e-152  503.4  14.3   3   3   1.4e-06   0.00061   15.1   0.2   315   346   416   450   405   457 0.76 contig_1165_356 # 357244 # 358617 # 1 # ID=1_356;partial=00;start_type=ATG;rbs_motif=None;rbs_spacer=None;gc_cont=0.344
contig_1165:159680-161317|- -            546 431at766             -            350   5.6e-07   25.1   0.1   1   2   5.3e-06    0.0023   13.2   0.0    12    85     2    75     1   130 0.79 contig_1165_148 # 159680 # 161317 # -1 # ID=1_148;partial=00;start_type=ATG;rbs_motif=None;rbs_spacer=None;gc_cont=0.398
contig_1165:159680-161317|- -            546 431at766             -            350   5.6e-07   25.1   0.1   2   2   6.4e-05     0.027    9.7   0.0   221   272   319   369   276   393 0.68 contig_1165_148 # 159680 # 161317 # -1 # ID=1_148;partial=00;start_type=ATG;rbs_motif=None;rbs_spacer=None;gc_cont=0.398
contig_1165:110493-112199|- -            569 431at766             -            350     2e-05   20.0   0.3   1   2    0.0022      0.93    4.7   0.0    28    62   135   169   119   186 0.83 contig_1165_100 # 110493 # 112199 # -1 # ID=1_100;partial=00;start_type=ATG;rbs_motif=None;rbs_spacer=None;gc_cont=0.388
contig_1165:110493-112199|- -            569 431at766             -            350     2e-05   20.0   0.3   2   2   5.8e-06    0.0024   13.1   0.0   229   282   386   438   366   445 0.85 contig_1165_100 # 110493 # 112199 # -1 # ID=1_100;partial=00;start_type=ATG;rbs_motif=None;rbs_spacer=None;gc_cont=0.388
#
# Program:         hmmsearch
# Version:         3.4 (Aug 2023)
# Pipeline mode:   SEARCH
# Query file:      /private/groups/russelllab/jodie/Jacobs_et_al_2026_de_novo_wRi_merrill_23_assembly/busco_downloads/lineages/rickettsiales_odb10/hmms/431at766.hmm
# Target file:     private/groups/russelllab/jodie/Jacobs_et_al_2026_de_novo_wRi_merrill_23_assembly/busco/20250828_Nanopore/wRi/assembly/prodigal_output/predicted_genes/predicted.faa
# Option settings: hmmsearch --domtblout private/groups/russelllab/jodie/Jacobs_et_al_2026_de_novo_wRi_merrill_23_assembly/busco/20250828_Nanopore/wRi/assembly/run_rickettsiales_odb10/hmmer_output/431at766.out --cpu 1 /private/groups/russelllab/jodie/Jacobs_et_al_2026_de_novo_wRi_merrill_23_assembly/busco_downloads/lineages/rickettsiales_odb10/hmms/431at766.hmm private/groups/russelllab/jodie/Jacobs_et_al_2026_de_novo_wRi_merrill_23_assembly/busco/20250828_Nanopore/wRi/assembly/prodigal_output/predicted_genes/predicted.faa 
# Current dir:     /private/groups/russelllab/jodie/Jacobs_et_al_2026_de_novo_wRi_merrill_23_assembly
# Date:            Fri Aug 29 11:53:23 2025
# [ok]
