#                                                                                     --- full sequence --- -------------- this domain -------------   hmm coord   ali coord   env coord
# target name                 accession   tlen query name           accession   qlen   E-value  score  bias   #  of  c-Evalue  i-Evalue  score  bias  from    to  from    to  from    to  acc description of target
#         ------------------- ---------- ----- -------------------- ---------- ----- --------- ------ ----- --- --- --------- --------- ------ ----- ----- ----- ----- ----- ----- ----- ---- ---------------------
contig_1165:707490-708815|-   -            442 452at766             -            327  5.2e-113  373.8   9.5   1   2   1.9e-79   3.4e-77  256.1   6.7     1   225     3   300     3   319 0.86 contig_1165_706 # 707490 # 708815 # -1 # ID=1_706;partial=00;start_type=ATG;rbs_motif=None;rbs_spacer=None;gc_cont=0.370
contig_1165:707490-708815|-   -            442 452at766             -            327  5.2e-113  373.8   9.5   2   2     1e-34   1.8e-32  109.1   0.0   225   327   323   439   316   439 0.93 contig_1165_706 # 707490 # 708815 # -1 # ID=1_706;partial=00;start_type=ATG;rbs_motif=None;rbs_spacer=None;gc_cont=0.370
contig_1165:1044727-1045611|- -            295 452at766             -            327   8.5e-15   51.0   4.0   1   2   3.5e-15   6.4e-13   44.9   2.2   109   226     7   131     3   143 0.78 contig_1165_1037 # 1044727 # 1045611 # -1 # ID=1_1037;partial=00;start_type=GTG;rbs_motif=None;rbs_spacer=None;gc_cont=0.350
contig_1165:1044727-1045611|- -            295 452at766             -            327   8.5e-15   51.0   4.0   2   2    0.0025      0.46    5.9   0.0    85   112   144   172   133   176 0.80 contig_1165_1037 # 1044727 # 1045611 # -1 # ID=1_1037;partial=00;start_type=GTG;rbs_motif=None;rbs_spacer=None;gc_cont=0.350
contig_1165:821282-822808|-   -            509 452at766             -            327   7.8e-12   41.3   0.0   1   1   1.1e-13     2e-11   39.9   0.0     2    50   220   267   216   296 0.75 contig_1165_815 # 821282 # 822808 # -1 # ID=1_815;partial=00;start_type=ATG;rbs_motif=None;rbs_spacer=None;gc_cont=0.361
contig_1165:263926-264519|+   -            198 452at766             -            327   1.8e-08   30.2   2.2   1   1   4.6e-10   8.3e-08   28.0   2.2   111   250    29   177    28   195 0.69 contig_1165_265 # 263926 # 264519 # 1 # ID=1_265;partial=00;start_type=ATG;rbs_motif=None;rbs_spacer=None;gc_cont=0.318
contig_1165:67917-69011|+     -            365 452at766             -            327   1.1e-07   27.7   0.5   1   3   3.7e-09   6.8e-07   25.1   0.0     4    36     7    39     4    49 0.90 contig_1165_66 # 67917 # 69011 # 1 # ID=1_66;partial=00;start_type=ATG;rbs_motif=None;rbs_spacer=None;gc_cont=0.380
contig_1165:67917-69011|+     -            365 452at766             -            327   1.1e-07   27.7   0.5   2   3      0.56     1e+02   -1.8   0.0   145   169    63    87    38   103 0.58 contig_1165_66 # 67917 # 69011 # 1 # ID=1_66;partial=00;start_type=ATG;rbs_motif=None;rbs_spacer=None;gc_cont=0.380
contig_1165:67917-69011|+     -            365 452at766             -            327   1.1e-07   27.7   0.5   3   3      0.28        51   -0.8   0.1    61   105   203   248   177   250 0.69 contig_1165_66 # 67917 # 69011 # 1 # ID=1_66;partial=00;start_type=ATG;rbs_motif=None;rbs_spacer=None;gc_cont=0.380
contig_1165:34906-36702|+     -            599 452at766             -            327   5.3e-05   18.8   1.9   1   2   9.1e-05     0.016   10.6   0.2   178   223    89   135     2   139 0.73 contig_1165_33 # 34906 # 36702 # 1 # ID=1_33;partial=00;start_type=ATG;rbs_motif=None;rbs_spacer=None;gc_cont=0.380
contig_1165:34906-36702|+     -            599 452at766             -            327   5.3e-05   18.8   1.9   2   2    0.0034      0.61    5.5   0.1    84   109   152   177   140   180 0.84 contig_1165_33 # 34906 # 36702 # 1 # ID=1_33;partial=00;start_type=ATG;rbs_motif=None;rbs_spacer=None;gc_cont=0.380
contig_1165:20269-21291|+     -            341 452at766             -            327    0.0032   13.0   0.9   1   1   0.00019     0.034    9.6   0.7     2    34   162   193   161   314 0.72 contig_1165_18 # 20269 # 21291 # 1 # ID=1_18;partial=00;start_type=ATG;rbs_motif=None;rbs_spacer=None;gc_cont=0.361
#
# Program:         hmmsearch
# Version:         3.4 (Aug 2023)
# Pipeline mode:   SEARCH
# Query file:      /private/groups/russelllab/jodie/Jacobs_et_al_2026_de_novo_wRi_merrill_23_assembly/busco_downloads/lineages/rickettsiales_odb10/hmms/452at766.hmm
# Target file:     private/groups/russelllab/jodie/Jacobs_et_al_2026_de_novo_wRi_merrill_23_assembly/busco/20250828_Nanopore/wRi/assembly/prodigal_output/predicted_genes/predicted.faa
# Option settings: hmmsearch --domtblout private/groups/russelllab/jodie/Jacobs_et_al_2026_de_novo_wRi_merrill_23_assembly/busco/20250828_Nanopore/wRi/assembly/run_rickettsiales_odb10/hmmer_output/452at766.out --cpu 1 /private/groups/russelllab/jodie/Jacobs_et_al_2026_de_novo_wRi_merrill_23_assembly/busco_downloads/lineages/rickettsiales_odb10/hmms/452at766.hmm private/groups/russelllab/jodie/Jacobs_et_al_2026_de_novo_wRi_merrill_23_assembly/busco/20250828_Nanopore/wRi/assembly/prodigal_output/predicted_genes/predicted.faa 
# Current dir:     /private/groups/russelllab/jodie/Jacobs_et_al_2026_de_novo_wRi_merrill_23_assembly
# Date:            Fri Aug 29 11:53:23 2025
# [ok]
