#                                                                                   --- full sequence --- -------------- this domain -------------   hmm coord   ali coord   env coord
# target name               accession   tlen query name           accession   qlen   E-value  score  bias   #  of  c-Evalue  i-Evalue  score  bias  from    to  from    to  from    to  acc description of target
#       ------------------- ---------- ----- -------------------- ---------- ----- --------- ------ ----- --- --- --------- --------- ------ ----- ----- ----- ----- ----- ----- ----- ---- ---------------------
contig_1165:614268-616610|- -            781 483at766             -            515  2.5e-193  639.4  22.1   1   4   1.3e-13   5.4e-11   37.8   0.1    11    69    29   102    19   111 0.77 contig_1165_609 # 614268 # 616610 # -1 # ID=1_609;partial=00;start_type=ATG;rbs_motif=None;rbs_spacer=None;gc_cont=0.356
contig_1165:614268-616610|- -            781 483at766             -            515  2.5e-193  639.4  22.1   2   4   9.7e-11   4.1e-08   28.3   0.1    77   107   146   176   123   180 0.86 contig_1165_609 # 614268 # 616610 # -1 # ID=1_609;partial=00;start_type=ATG;rbs_motif=None;rbs_spacer=None;gc_cont=0.356
contig_1165:614268-616610|- -            781 483at766             -            515  2.5e-193  639.4  22.1   3   4  5.7e-175  2.4e-172  570.2  10.8   106   509   285   751   275   757 0.89 contig_1165_609 # 614268 # 616610 # -1 # ID=1_609;partial=00;start_type=ATG;rbs_motif=None;rbs_spacer=None;gc_cont=0.356
contig_1165:614268-616610|- -            781 483at766             -            515  2.5e-193  639.4  22.1   4   4      0.12        50   -1.7   0.0   500   515   765   780   750   780 0.74 contig_1165_609 # 614268 # 616610 # -1 # ID=1_609;partial=00;start_type=ATG;rbs_motif=None;rbs_spacer=None;gc_cont=0.356
contig_1165:971361-973382|- -            674 483at766             -            515     1e-09   33.6   4.6   1   2   1.1e-11   4.7e-09   31.4   0.7    70   255   269   464   263   474 0.69 contig_1165_967 # 971361 # 973382 # -1 # ID=1_967;partial=00;start_type=ATG;rbs_motif=None;rbs_spacer=None;gc_cont=0.364
contig_1165:971361-973382|- -            674 483at766             -            515     1e-09   33.6   4.6   2   2     0.003       1.3    3.6   0.2   343   383   514   554   469   579 0.76 contig_1165_967 # 971361 # 973382 # -1 # ID=1_967;partial=00;start_type=ATG;rbs_motif=None;rbs_spacer=None;gc_cont=0.364
contig_1165:955494-957401|+ -            636 483at766             -            515   4.2e-09   31.6   0.1   1   2   0.00028      0.12    7.0   0.0    80   126    31    75    25    83 0.84 contig_1165_953 # 955494 # 957401 # 1 # ID=1_953;partial=00;start_type=ATG;rbs_motif=None;rbs_spacer=None;gc_cont=0.380
contig_1165:955494-957401|+ -            636 483at766             -            515   4.2e-09   31.6   0.1   2   2     6e-09   2.5e-06   22.4   0.1   335   430   474   564   444   601 0.78 contig_1165_953 # 955494 # 957401 # 1 # ID=1_953;partial=00;start_type=ATG;rbs_motif=None;rbs_spacer=None;gc_cont=0.380
#
# Program:         hmmsearch
# Version:         3.4 (Aug 2023)
# Pipeline mode:   SEARCH
# Query file:      /private/groups/russelllab/jodie/Jacobs_et_al_2026_de_novo_wRi_merrill_23_assembly/busco_downloads/lineages/rickettsiales_odb10/hmms/483at766.hmm
# Target file:     private/groups/russelllab/jodie/Jacobs_et_al_2026_de_novo_wRi_merrill_23_assembly/busco/20250828_Nanopore/wRi/assembly/prodigal_output/predicted_genes/predicted.faa
# Option settings: hmmsearch --domtblout private/groups/russelllab/jodie/Jacobs_et_al_2026_de_novo_wRi_merrill_23_assembly/busco/20250828_Nanopore/wRi/assembly/run_rickettsiales_odb10/hmmer_output/483at766.out --cpu 1 /private/groups/russelllab/jodie/Jacobs_et_al_2026_de_novo_wRi_merrill_23_assembly/busco_downloads/lineages/rickettsiales_odb10/hmms/483at766.hmm private/groups/russelllab/jodie/Jacobs_et_al_2026_de_novo_wRi_merrill_23_assembly/busco/20250828_Nanopore/wRi/assembly/prodigal_output/predicted_genes/predicted.faa 
# Current dir:     /private/groups/russelllab/jodie/Jacobs_et_al_2026_de_novo_wRi_merrill_23_assembly
# Date:            Fri Aug 29 11:53:23 2025
# [ok]
