#                                                                                     --- full sequence --- -------------- this domain -------------   hmm coord   ali coord   env coord
# target name                 accession   tlen query name           accession   qlen   E-value  score  bias   #  of  c-Evalue  i-Evalue  score  bias  from    to  from    to  from    to  acc description of target
#         ------------------- ---------- ----- -------------------- ---------- ----- --------- ------ ----- --- --- --------- --------- ------ ----- ----- ----- ----- ----- ----- ----- ---- ---------------------
contig_1165:792461-794395|+   -            645 538at766             -            530  3.3e-256  847.1   8.3   1   3  3.1e-230  9.9e-228  753.2   0.8     1   431     3   472     3   480 0.94 contig_1165_786 # 792461 # 794395 # 1 # ID=1_786;partial=00;start_type=ATG;rbs_motif=None;rbs_spacer=None;gc_cont=0.395
contig_1165:792461-794395|+   -            645 538at766             -            530  3.3e-256  847.1   8.3   2   3   4.1e-09   1.3e-06   23.4   0.0   423   465   484   532   476   546 0.84 contig_1165_786 # 792461 # 794395 # 1 # ID=1_786;partial=00;start_type=ATG;rbs_motif=None;rbs_spacer=None;gc_cont=0.395
contig_1165:792461-794395|+   -            645 538at766             -            530  3.3e-256  847.1   8.3   3   3   4.1e-24   1.3e-21   72.9   1.8   461   530   552   633   537   633 0.86 contig_1165_786 # 792461 # 794395 # 1 # ID=1_786;partial=00;start_type=ATG;rbs_motif=None;rbs_spacer=None;gc_cont=0.395
contig_1165:187921-189294|+   -            458 538at766             -            530     6e-06   21.3   0.4   1   3   1.6e-06   0.00051   14.9   0.2     1    42     3    44     3    62 0.92 contig_1165_180 # 187921 # 189294 # 1 # ID=1_180;partial=00;start_type=ATG;rbs_motif=None;rbs_spacer=None;gc_cont=0.368
contig_1165:187921-189294|+   -            458 538at766             -            530     6e-06   21.3   0.4   2   3       0.2        63   -1.9   0.0   383   420    56    93    46   113 0.73 contig_1165_180 # 187921 # 189294 # 1 # ID=1_180;partial=00;start_type=ATG;rbs_motif=None;rbs_spacer=None;gc_cont=0.368
contig_1165:187921-189294|+   -            458 538at766             -            530     6e-06   21.3   0.4   3   3    0.0041       1.3    3.6   0.0     4    36   175   207   173   213 0.93 contig_1165_180 # 187921 # 189294 # 1 # ID=1_180;partial=00;start_type=ATG;rbs_motif=None;rbs_spacer=None;gc_cont=0.368
contig_1165:1036491-1037870|- -            460 538at766             -            530   1.6e-05   19.9   0.9   1   2   9.2e-07   0.00029   15.7   0.1     2    37     4    39     3    51 0.89 contig_1165_1030 # 1036491 # 1037870 # -1 # ID=1_1030;partial=00;start_type=ATG;rbs_motif=GGA/GAG/AGG;rbs_spacer=5-10bp;gc_cont=0.388
contig_1165:1036491-1037870|- -            460 538at766             -            530   1.6e-05   19.9   0.9   2   2      0.01       3.2    2.3   0.0     3    31   172   200   170   211 0.88 contig_1165_1030 # 1036491 # 1037870 # -1 # ID=1_1030;partial=00;start_type=ATG;rbs_motif=GGA/GAG/AGG;rbs_spacer=5-10bp;gc_cont=0.388
contig_1165:1032895-1033842|+ -            316 538at766             -            530     0.006   11.3   1.8   1   2    0.0011      0.36    5.5   0.3     3    37     9    43     7    52 0.86 contig_1165_1026 # 1032895 # 1033842 # 1 # ID=1_1026;partial=00;start_type=GTG;rbs_motif=None;rbs_spacer=None;gc_cont=0.389
contig_1165:1032895-1033842|+ -            316 538at766             -            530     0.006   11.3   1.8   2   2    0.0015      0.47    5.1   0.1     4    36   153   185   150   190 0.90 contig_1165_1026 # 1032895 # 1033842 # 1 # ID=1_1026;partial=00;start_type=GTG;rbs_motif=None;rbs_spacer=None;gc_cont=0.389
#
# Program:         hmmsearch
# Version:         3.4 (Aug 2023)
# Pipeline mode:   SEARCH
# Query file:      /private/groups/russelllab/jodie/Jacobs_et_al_2026_de_novo_wRi_merrill_23_assembly/busco_downloads/lineages/rickettsiales_odb10/hmms/538at766.hmm
# Target file:     private/groups/russelllab/jodie/Jacobs_et_al_2026_de_novo_wRi_merrill_23_assembly/busco/20250828_Nanopore/wRi/assembly/prodigal_output/predicted_genes/predicted.faa
# Option settings: hmmsearch --domtblout private/groups/russelllab/jodie/Jacobs_et_al_2026_de_novo_wRi_merrill_23_assembly/busco/20250828_Nanopore/wRi/assembly/run_rickettsiales_odb10/hmmer_output/538at766.out --cpu 1 /private/groups/russelllab/jodie/Jacobs_et_al_2026_de_novo_wRi_merrill_23_assembly/busco_downloads/lineages/rickettsiales_odb10/hmms/538at766.hmm private/groups/russelllab/jodie/Jacobs_et_al_2026_de_novo_wRi_merrill_23_assembly/busco/20250828_Nanopore/wRi/assembly/prodigal_output/predicted_genes/predicted.faa 
# Current dir:     /private/groups/russelllab/jodie/Jacobs_et_al_2026_de_novo_wRi_merrill_23_assembly
# Date:            Fri Aug 29 11:53:23 2025
# [ok]
