#                                                                                   --- full sequence --- -------------- this domain -------------   hmm coord   ali coord   env coord
# target name               accession   tlen query name           accession   qlen   E-value  score  bias   #  of  c-Evalue  i-Evalue  score  bias  from    to  from    to  from    to  acc description of target
#       ------------------- ---------- ----- -------------------- ---------- ----- --------- ------ ----- --- --- --------- --------- ------ ----- ----- ----- ----- ----- ----- ----- ---- ---------------------
contig_1165:746966-748255|+ -            430 573at766             -            328  1.5e-129  427.9   0.8   1   2  3.1e-128  9.9e-126  415.3   0.2     2   310     3   380     2   393 0.83 contig_1165_747 # 746966 # 748255 # 1 # ID=1_747;partial=00;start_type=ATG;rbs_motif=None;rbs_spacer=None;gc_cont=0.367
contig_1165:746966-748255|+ -            430 573at766             -            328  1.5e-129  427.9   0.8   2   2   2.4e-05    0.0078   11.4   0.1   300   328   396   424   382   424 0.77 contig_1165_747 # 746966 # 748255 # 1 # ID=1_747;partial=00;start_type=ATG;rbs_motif=None;rbs_spacer=None;gc_cont=0.367
contig_1165:948977-950530|- -            518 573at766             -            328     5e-05   18.6   0.0   1   1   4.4e-07   0.00014   17.2   0.0    18    55   110   147    94   151 0.82 contig_1165_946 # 948977 # 950530 # -1 # ID=1_946;partial=00;start_type=ATG;rbs_motif=None;rbs_spacer=None;gc_cont=0.374
contig_1165:872917-874491|+ -            525 573at766             -            328   0.00023   16.4   0.0   1   2   3.8e-05     0.012   10.8   0.0    27    54   150   177   131   184 0.88 contig_1165_875 # 872917 # 874491 # 1 # ID=1_875;partial=00;start_type=ATG;rbs_motif=None;rbs_spacer=None;gc_cont=0.379
contig_1165:872917-874491|+ -            525 573at766             -            328   0.00023   16.4   0.0   2   2    0.0076       2.4    3.2   0.0   199   286   339   427   311   441 0.71 contig_1165_875 # 872917 # 874491 # 1 # ID=1_875;partial=00;start_type=ATG;rbs_motif=None;rbs_spacer=None;gc_cont=0.379
contig_1165:17506-19002|+   -            499 573at766             -            328     0.021   10.0  10.6   1   5     0.076        24   -0.0   0.1    18    55    19    54     9    65 0.78 contig_1165_16 # 17506 # 19002 # 1 # ID=1_16;partial=00;start_type=ATG;rbs_motif=GGAG/GAGG;rbs_spacer=5-10bp;gc_cont=0.353
contig_1165:17506-19002|+   -            499 573at766             -            328     0.021   10.0  10.6   2   5   6.8e-05     0.022   10.0   0.2    27    62   128   163   118   185 0.84 contig_1165_16 # 17506 # 19002 # 1 # ID=1_16;partial=00;start_type=ATG;rbs_motif=GGAG/GAGG;rbs_spacer=5-10bp;gc_cont=0.353
contig_1165:17506-19002|+   -            499 573at766             -            328     0.021   10.0  10.6   3   5     0.015       4.7    2.3   0.1   131   147   196   212   183   231 0.85 contig_1165_16 # 17506 # 19002 # 1 # ID=1_16;partial=00;start_type=ATG;rbs_motif=GGAG/GAGG;rbs_spacer=5-10bp;gc_cont=0.353
contig_1165:17506-19002|+   -            499 573at766             -            328     0.021   10.0  10.6   4   5      0.57   1.8e+02   -2.9   0.0   204   222   310   328   305   373 0.70 contig_1165_16 # 17506 # 19002 # 1 # ID=1_16;partial=00;start_type=ATG;rbs_motif=GGAG/GAGG;rbs_spacer=5-10bp;gc_cont=0.353
contig_1165:17506-19002|+   -            499 573at766             -            328     0.021   10.0  10.6   5   5     0.048        15    0.6   0.0   215   252   375   412   366   415 0.90 contig_1165_16 # 17506 # 19002 # 1 # ID=1_16;partial=00;start_type=ATG;rbs_motif=GGAG/GAGG;rbs_spacer=5-10bp;gc_cont=0.353
#
# Program:         hmmsearch
# Version:         3.4 (Aug 2023)
# Pipeline mode:   SEARCH
# Query file:      /private/groups/russelllab/jodie/Jacobs_et_al_2026_de_novo_wRi_merrill_23_assembly/busco_downloads/lineages/rickettsiales_odb10/hmms/573at766.hmm
# Target file:     private/groups/russelllab/jodie/Jacobs_et_al_2026_de_novo_wRi_merrill_23_assembly/busco/20250828_Nanopore/wRi/assembly/prodigal_output/predicted_genes/predicted.faa
# Option settings: hmmsearch --domtblout private/groups/russelllab/jodie/Jacobs_et_al_2026_de_novo_wRi_merrill_23_assembly/busco/20250828_Nanopore/wRi/assembly/run_rickettsiales_odb10/hmmer_output/573at766.out --cpu 1 /private/groups/russelllab/jodie/Jacobs_et_al_2026_de_novo_wRi_merrill_23_assembly/busco_downloads/lineages/rickettsiales_odb10/hmms/573at766.hmm private/groups/russelllab/jodie/Jacobs_et_al_2026_de_novo_wRi_merrill_23_assembly/busco/20250828_Nanopore/wRi/assembly/prodigal_output/predicted_genes/predicted.faa 
# Current dir:     /private/groups/russelllab/jodie/Jacobs_et_al_2026_de_novo_wRi_merrill_23_assembly
# Date:            Fri Aug 29 11:53:23 2025
# [ok]
