#                                                                                   --- full sequence --- -------------- this domain -------------   hmm coord   ali coord   env coord
# target name               accession   tlen query name           accession   qlen   E-value  score  bias   #  of  c-Evalue  i-Evalue  score  bias  from    to  from    to  from    to  acc description of target
#       ------------------- ---------- ----- -------------------- ---------- ----- --------- ------ ----- --- --- --------- --------- ------ ----- ----- ----- ----- ----- ----- ----- ---- ---------------------
contig_1165:150436-153705|+ -           1090 59at766              -            625  9.6e-215  710.9  36.3   1   3   1.6e-34     1e-31  106.3   0.4     2    71    18    90    17   101 0.90 contig_1165_142 # 150436 # 153705 # 1 # ID=1_142;partial=00;start_type=ATG;rbs_motif=None;rbs_spacer=None;gc_cont=0.361
contig_1165:150436-153705|+ -           1090 59at766              -            625  9.6e-215  710.9  36.3   2   3   1.5e-16   9.5e-14   46.9   2.4    71   202   115   255   101   281 0.71 contig_1165_142 # 150436 # 153705 # 1 # ID=1_142;partial=00;start_type=ATG;rbs_motif=None;rbs_spacer=None;gc_cont=0.361
contig_1165:150436-153705|+ -           1090 59at766              -            625  9.6e-215  710.9  36.3   3   3  3.4e-171  2.1e-168  557.8  20.3   138   624   283   863   269   864 0.85 contig_1165_142 # 150436 # 153705 # 1 # ID=1_142;partial=00;start_type=ATG;rbs_motif=None;rbs_spacer=None;gc_cont=0.361
contig_1165:838658-840574|+ -            639 59at766              -            625   3.4e-39  131.0  32.6   1   4   4.9e-12   3.1e-09   32.0   0.1     6    57    19    74    12    80 0.85 contig_1165_834 # 838658 # 840574 # 1 # ID=1_834;partial=00;start_type=ATG;rbs_motif=GGA/GAG/AGG;rbs_spacer=5-10bp;gc_cont=0.357
contig_1165:838658-840574|+ -            639 59at766              -            625   3.4e-39  131.0  32.6   2   4    0.0028       1.8    3.1   0.2    88   138    84   139    75   154 0.72 contig_1165_834 # 838658 # 840574 # 1 # ID=1_834;partial=00;start_type=ATG;rbs_motif=GGA/GAG/AGG;rbs_spacer=5-10bp;gc_cont=0.357
contig_1165:838658-840574|+ -            639 59at766              -            625   3.4e-39  131.0  32.6   3   4   1.2e-27   7.6e-25   83.6  19.3   192   549   168   558   154   562 0.72 contig_1165_834 # 838658 # 840574 # 1 # ID=1_834;partial=00;start_type=ATG;rbs_motif=GGA/GAG/AGG;rbs_spacer=5-10bp;gc_cont=0.357
contig_1165:838658-840574|+ -            639 59at766              -            625   3.4e-39  131.0  32.6   4   4   4.6e-06    0.0029   12.3   0.1   585   614   574   603   566   612 0.84 contig_1165_834 # 838658 # 840574 # 1 # ID=1_834;partial=00;start_type=ATG;rbs_motif=GGA/GAG/AGG;rbs_spacer=5-10bp;gc_cont=0.357
#
# Program:         hmmsearch
# Version:         3.4 (Aug 2023)
# Pipeline mode:   SEARCH
# Query file:      /private/groups/russelllab/jodie/Jacobs_et_al_2026_de_novo_wRi_merrill_23_assembly/busco_downloads/lineages/rickettsiales_odb10/hmms/59at766.hmm
# Target file:     private/groups/russelllab/jodie/Jacobs_et_al_2026_de_novo_wRi_merrill_23_assembly/busco/20250828_Nanopore/wRi/assembly/prodigal_output/predicted_genes/predicted.faa
# Option settings: hmmsearch --domtblout private/groups/russelllab/jodie/Jacobs_et_al_2026_de_novo_wRi_merrill_23_assembly/busco/20250828_Nanopore/wRi/assembly/run_rickettsiales_odb10/hmmer_output/59at766.out --cpu 1 /private/groups/russelllab/jodie/Jacobs_et_al_2026_de_novo_wRi_merrill_23_assembly/busco_downloads/lineages/rickettsiales_odb10/hmms/59at766.hmm private/groups/russelllab/jodie/Jacobs_et_al_2026_de_novo_wRi_merrill_23_assembly/busco/20250828_Nanopore/wRi/assembly/prodigal_output/predicted_genes/predicted.faa 
# Current dir:     /private/groups/russelllab/jodie/Jacobs_et_al_2026_de_novo_wRi_merrill_23_assembly
# Date:            Fri Aug 29 11:53:23 2025
# [ok]
