#                                                                                   --- full sequence --- -------------- this domain -------------   hmm coord   ali coord   env coord
# target name               accession   tlen query name           accession   qlen   E-value  score  bias   #  of  c-Evalue  i-Evalue  score  bias  from    to  from    to  from    to  acc description of target
#       ------------------- ---------- ----- -------------------- ---------- ----- --------- ------ ----- --- --- --------- --------- ------ ----- ----- ----- ----- ----- ----- ----- ---- ---------------------
contig_1165:92025-95360|-   -           1112 60at766              -            816         0 1314.6  27.7   1   5  2.5e-135  6.4e-133  440.7   0.5     2   248     5   270     4   290 0.92 contig_1165_85 # 92025 # 95360 # -1 # ID=1_85;partial=00;start_type=ATG;rbs_motif=None;rbs_spacer=None;gc_cont=0.376
contig_1165:92025-95360|-   -           1112 60at766              -            816         0 1314.6  27.7   2   5  1.6e-219  4.1e-217  719.1   2.4   233   635   331   753   322   762 0.94 contig_1165_85 # 92025 # 95360 # -1 # ID=1_85;partial=00;start_type=ATG;rbs_motif=None;rbs_spacer=None;gc_cont=0.376
contig_1165:92025-95360|-   -           1112 60at766              -            816         0 1314.6  27.7   3   5   2.6e-29   6.6e-27   90.0   0.5   608   715   744   877   742   886 0.78 contig_1165_85 # 92025 # 95360 # -1 # ID=1_85;partial=00;start_type=ATG;rbs_motif=None;rbs_spacer=None;gc_cont=0.376
contig_1165:92025-95360|-   -           1112 60at766              -            816         0 1314.6  27.7   4   5     7e-14   1.8e-11   38.9   0.2   705   760   909   968   902   995 0.87 contig_1165_85 # 92025 # 95360 # -1 # ID=1_85;partial=00;start_type=ATG;rbs_motif=None;rbs_spacer=None;gc_cont=0.376
contig_1165:92025-95360|-   -           1112 60at766              -            816         0 1314.6  27.7   5   5   1.2e-15     3e-13   44.8   1.0   764   809  1015  1060   974  1066 0.88 contig_1165_85 # 92025 # 95360 # -1 # ID=1_85;partial=00;start_type=ATG;rbs_motif=None;rbs_spacer=None;gc_cont=0.376
contig_1165:47213-49807|+   -            865 60at766              -            816   2.4e-70  233.7  20.6   1   2   3.4e-34   8.6e-32  106.1   0.4    10   287     8   283     2   305 0.88 contig_1165_45 # 47213 # 49807 # 1 # ID=1_45;partial=00;start_type=ATG;rbs_motif=GGA/GAG/AGG;rbs_spacer=5-10bp;gc_cont=0.389
contig_1165:47213-49807|+   -            865 60at766              -            816   2.4e-70  233.7  20.6   2   2   3.6e-39   9.2e-37  122.6  14.5   295   736   352   834   339   848 0.72 contig_1165_45 # 47213 # 49807 # 1 # ID=1_45;partial=00;start_type=ATG;rbs_motif=GGA/GAG/AGG;rbs_spacer=5-10bp;gc_cont=0.389
contig_1165:435075-437591|- -            839 60at766              -            816   3.6e-29   97.5  12.7   1   6     2e-13     5e-11   37.5   0.6    14   116     9   108     1   170 0.65 contig_1165_441 # 435075 # 437591 # -1 # ID=1_441;partial=00;start_type=ATG;rbs_motif=GGA/GAG/AGG;rbs_spacer=5-10bp;gc_cont=0.380
contig_1165:435075-437591|- -            839 60at766              -            816   3.6e-29   97.5  12.7   2   6   4.1e-05      0.01   10.0   0.2   338   388   169   218   157   227 0.86 contig_1165_441 # 435075 # 437591 # -1 # ID=1_441;partial=00;start_type=ATG;rbs_motif=GGA/GAG/AGG;rbs_spacer=5-10bp;gc_cont=0.380
contig_1165:435075-437591|- -            839 60at766              -            816   3.6e-29   97.5  12.7   3   6     0.042        11    0.0   0.0   256   287   314   345   296   358 0.81 contig_1165_441 # 435075 # 437591 # -1 # ID=1_441;partial=00;start_type=ATG;rbs_motif=GGA/GAG/AGG;rbs_spacer=5-10bp;gc_cont=0.380
contig_1165:435075-437591|- -            839 60at766              -            816   3.6e-29   97.5  12.7   4   6   4.1e-12     1e-09   33.1   0.1   378   539   410   579   398   589 0.71 contig_1165_441 # 435075 # 437591 # -1 # ID=1_441;partial=00;start_type=ATG;rbs_motif=GGA/GAG/AGG;rbs_spacer=5-10bp;gc_cont=0.380
contig_1165:435075-437591|- -            839 60at766              -            816   3.6e-29   97.5  12.7   5   6   7.2e-08   1.8e-05   19.1   0.0   530   573   597   641   589   666 0.85 contig_1165_441 # 435075 # 437591 # -1 # ID=1_441;partial=00;start_type=ATG;rbs_motif=GGA/GAG/AGG;rbs_spacer=5-10bp;gc_cont=0.380
contig_1165:435075-437591|- -            839 60at766              -            816   3.6e-29   97.5  12.7   6   6      0.18        45   -2.1   0.0   657   725   747   816   740   825 0.65 contig_1165_441 # 435075 # 437591 # -1 # ID=1_441;partial=00;start_type=ATG;rbs_motif=GGA/GAG/AGG;rbs_spacer=5-10bp;gc_cont=0.380
contig_1165:159680-161317|- -            546 60at766              -            816   7.7e-16   53.4   3.7   1   3   9.8e-11   2.5e-08   28.5   0.3    43   102    15    73     3   141 0.79 contig_1165_148 # 159680 # 161317 # -1 # ID=1_148;partial=00;start_type=ATG;rbs_motif=None;rbs_spacer=None;gc_cont=0.398
contig_1165:159680-161317|- -            546 60at766              -            816   7.7e-16   53.4   3.7   2   3    0.0025      0.63    4.1   0.2   352   407   158   216   152   255 0.83 contig_1165_148 # 159680 # 161317 # -1 # ID=1_148;partial=00;start_type=ATG;rbs_motif=None;rbs_spacer=None;gc_cont=0.398
contig_1165:159680-161317|- -            546 60at766              -            816   7.7e-16   53.4   3.7   3   3   4.6e-08   1.2e-05   19.7   0.0   528   584   317   377   285   414 0.79 contig_1165_148 # 159680 # 161317 # -1 # ID=1_148;partial=00;start_type=ATG;rbs_motif=None;rbs_spacer=None;gc_cont=0.398
contig_1165:110493-112199|- -            569 60at766              -            816   6.8e-07   23.8   0.1   1   1   4.8e-09   1.2e-06   23.0   0.1   497   585   342   433   316   455 0.81 contig_1165_100 # 110493 # 112199 # -1 # ID=1_100;partial=00;start_type=ATG;rbs_motif=None;rbs_spacer=None;gc_cont=0.388
#
# Program:         hmmsearch
# Version:         3.4 (Aug 2023)
# Pipeline mode:   SEARCH
# Query file:      /private/groups/russelllab/jodie/Jacobs_et_al_2026_de_novo_wRi_merrill_23_assembly/busco_downloads/lineages/rickettsiales_odb10/hmms/60at766.hmm
# Target file:     private/groups/russelllab/jodie/Jacobs_et_al_2026_de_novo_wRi_merrill_23_assembly/busco/20250828_Nanopore/wRi/assembly/prodigal_output/predicted_genes/predicted.faa
# Option settings: hmmsearch --domtblout private/groups/russelllab/jodie/Jacobs_et_al_2026_de_novo_wRi_merrill_23_assembly/busco/20250828_Nanopore/wRi/assembly/run_rickettsiales_odb10/hmmer_output/60at766.out --cpu 1 /private/groups/russelllab/jodie/Jacobs_et_al_2026_de_novo_wRi_merrill_23_assembly/busco_downloads/lineages/rickettsiales_odb10/hmms/60at766.hmm private/groups/russelllab/jodie/Jacobs_et_al_2026_de_novo_wRi_merrill_23_assembly/busco/20250828_Nanopore/wRi/assembly/prodigal_output/predicted_genes/predicted.faa 
# Current dir:     /private/groups/russelllab/jodie/Jacobs_et_al_2026_de_novo_wRi_merrill_23_assembly
# Date:            Fri Aug 29 11:53:23 2025
# [ok]
