#                                                                                   --- full sequence --- -------------- this domain -------------   hmm coord   ali coord   env coord
# target name               accession   tlen query name           accession   qlen   E-value  score  bias   #  of  c-Evalue  i-Evalue  score  bias  from    to  from    to  from    to  acc description of target
#       ------------------- ---------- ----- -------------------- ---------- ----- --------- ------ ----- --- --- --------- --------- ------ ----- ----- ----- ----- ----- ----- ----- ---- ---------------------
contig_1165:194717-195994|+ -            426 650at766             -            324  7.4e-155  511.1  13.2   1   2   1.8e-09   2.9e-07   26.1   1.1     1    37    10    53    10    68 0.83 contig_1165_188 # 194717 # 195994 # 1 # ID=1_188;partial=00;start_type=ATG;rbs_motif=GGA/GAG/AGG;rbs_spacer=5-10bp;gc_cont=0.365
contig_1165:194717-195994|+ -            426 650at766             -            324  7.4e-155  511.1  13.2   2   2  1.5e-149  2.4e-147  486.4   5.1    31   316    73   387    60   393 0.91 contig_1165_188 # 194717 # 195994 # 1 # ID=1_188;partial=00;start_type=ATG;rbs_motif=GGA/GAG/AGG;rbs_spacer=5-10bp;gc_cont=0.365
contig_1165:625675-627165|- -            497 650at766             -            324   5.1e-45  150.2   4.1   1   3   2.7e-24   4.3e-22   74.8   0.0    29   132    67   176    58   191 0.87 contig_1165_618 # 625675 # 627165 # -1 # ID=1_618;partial=00;start_type=ATG;rbs_motif=AGGAG;rbs_spacer=3-4bp;gc_cont=0.371
contig_1165:625675-627165|- -            497 650at766             -            324   5.1e-45  150.2   4.1   2   3   1.8e-09   2.9e-07   26.1   0.1   132   207   303   364   294   369 0.84 contig_1165_618 # 625675 # 627165 # -1 # ID=1_618;partial=00;start_type=ATG;rbs_motif=AGGAG;rbs_spacer=3-4bp;gc_cont=0.371
contig_1165:625675-627165|- -            497 650at766             -            324   5.1e-45  150.2   4.1   3   3     3e-16   4.7e-14   48.4   0.4   235   320   371   466   366   469 0.83 contig_1165_618 # 625675 # 627165 # -1 # ID=1_618;partial=00;start_type=ATG;rbs_motif=AGGAG;rbs_spacer=3-4bp;gc_cont=0.371
contig_1165:285329-287890|+ -            854 650at766             -            324   6.3e-14   48.0   0.5   1   3   2.5e-05    0.0039   12.5   0.0    65   143   199   284   185   298 0.79 contig_1165_287 # 285329 # 287890 # 1 # ID=1_287;partial=00;start_type=ATG;rbs_motif=None;rbs_spacer=None;gc_cont=0.377
contig_1165:285329-287890|+ -            854 650at766             -            324   6.3e-14   48.0   0.5   2   3   5.5e-08   8.7e-06   21.2   0.0    31    91   561   621   555   628 0.94 contig_1165_287 # 285329 # 287890 # 1 # ID=1_287;partial=00;start_type=ATG;rbs_motif=None;rbs_spacer=None;gc_cont=0.377
contig_1165:285329-287890|+ -            854 650at766             -            324   6.3e-14   48.0   0.5   3   3   0.00012     0.019   10.2   0.2   226   323   735   834   716   835 0.80 contig_1165_287 # 285329 # 287890 # 1 # ID=1_287;partial=00;start_type=ATG;rbs_motif=None;rbs_spacer=None;gc_cont=0.377
contig_1165:577623-579929|- -            769 650at766             -            324   3.6e-13   45.5   2.4   1   3      0.02       3.1    3.0   0.0    66   144   229   313   189   325 0.63 contig_1165_577 # 577623 # 579929 # -1 # ID=1_577;partial=00;start_type=ATG;rbs_motif=GGA/GAG/AGG;rbs_spacer=5-10bp;gc_cont=0.339
contig_1165:577623-579929|- -            769 650at766             -            324   3.6e-13   45.5   2.4   2   3   1.8e-08   2.8e-06   22.8   0.0    29   135   470   580   444   600 0.73 contig_1165_577 # 577623 # 579929 # -1 # ID=1_577;partial=00;start_type=ATG;rbs_motif=GGA/GAG/AGG;rbs_spacer=5-10bp;gc_cont=0.339
contig_1165:577623-579929|- -            769 650at766             -            324   3.6e-13   45.5   2.4   3   3   6.3e-07    0.0001   17.7   0.2   193   312   614   735   607   747 0.81 contig_1165_577 # 577623 # 579929 # -1 # ID=1_577;partial=00;start_type=ATG;rbs_motif=GGA/GAG/AGG;rbs_spacer=5-10bp;gc_cont=0.339
contig_1165:39298-40398|-   -            367 650at766             -            324   1.5e-05   20.4   0.0   1   1   1.8e-07   2.8e-05   19.5   0.0    70   153   137   214    95   232 0.79 contig_1165_36 # 39298 # 40398 # -1 # ID=1_36;partial=00;start_type=ATG;rbs_motif=GGA/GAG/AGG;rbs_spacer=5-10bp;gc_cont=0.359
contig_1165:563268-565109|+ -            614 650at766             -            324   1.7e-05   20.3   0.0   1   1   2.7e-07   4.3e-05   19.0   0.0    69   147   189   261   152   280 0.79 contig_1165_562 # 563268 # 565109 # 1 # ID=1_562;partial=00;start_type=ATG;rbs_motif=None;rbs_spacer=None;gc_cont=0.370
contig_1165:695891-696871|+ -            327 650at766             -            324   9.9e-05   17.8   0.0   1   1   1.7e-06   0.00027   16.3   0.0    30   109    19    93    11   125 0.76 contig_1165_693 # 695891 # 696871 # 1 # ID=1_693;partial=00;start_type=ATG;rbs_motif=GGA/GAG/AGG;rbs_spacer=11-12bp;gc_cont=0.379
contig_1165:105945-106568|+ -            208 650at766             -            324    0.0017   13.7   0.0   1   1   1.6e-05    0.0026   13.1   0.0    60    90    20    50     7    55 0.81 contig_1165_95 # 105945 # 106568 # 1 # ID=1_95;partial=00;start_type=ATG;rbs_motif=GGA/GAG/AGG;rbs_spacer=11-12bp;gc_cont=0.365
#
# Program:         hmmsearch
# Version:         3.4 (Aug 2023)
# Pipeline mode:   SEARCH
# Query file:      /private/groups/russelllab/jodie/Jacobs_et_al_2026_de_novo_wRi_merrill_23_assembly/busco_downloads/lineages/rickettsiales_odb10/hmms/650at766.hmm
# Target file:     private/groups/russelllab/jodie/Jacobs_et_al_2026_de_novo_wRi_merrill_23_assembly/busco/20250828_Nanopore/wRi/assembly/prodigal_output/predicted_genes/predicted.faa
# Option settings: hmmsearch --domtblout private/groups/russelllab/jodie/Jacobs_et_al_2026_de_novo_wRi_merrill_23_assembly/busco/20250828_Nanopore/wRi/assembly/run_rickettsiales_odb10/hmmer_output/650at766.out --cpu 1 /private/groups/russelllab/jodie/Jacobs_et_al_2026_de_novo_wRi_merrill_23_assembly/busco_downloads/lineages/rickettsiales_odb10/hmms/650at766.hmm private/groups/russelllab/jodie/Jacobs_et_al_2026_de_novo_wRi_merrill_23_assembly/busco/20250828_Nanopore/wRi/assembly/prodigal_output/predicted_genes/predicted.faa 
# Current dir:     /private/groups/russelllab/jodie/Jacobs_et_al_2026_de_novo_wRi_merrill_23_assembly
# Date:            Fri Aug 29 11:53:23 2025
# [ok]
