#                                                                                   --- full sequence --- -------------- this domain -------------   hmm coord   ali coord   env coord
# target name               accession   tlen query name           accession   qlen   E-value  score  bias   #  of  c-Evalue  i-Evalue  score  bias  from    to  from    to  from    to  acc description of target
#       ------------------- ---------- ----- -------------------- ---------- ----- --------- ------ ----- --- --- --------- --------- ------ ----- ----- ----- ----- ----- ----- ----- ---- ---------------------
contig_1165:110493-112199|- -            569 740at766             -            464  9.1e-208  686.6   2.5   1   1  3.9e-208    1e-205  679.9   2.5     6   464    41   567    34   567 0.90 contig_1165_100 # 110493 # 112199 # -1 # ID=1_100;partial=00;start_type=ATG;rbs_motif=None;rbs_spacer=None;gc_cont=0.388
contig_1165:47213-49807|+   -            865 740at766             -            464     2e-06   22.8   0.2   1   2   5.6e-05     0.014   10.1   0.0    61   122    42   103    28   151 0.84 contig_1165_45 # 47213 # 49807 # 1 # ID=1_45;partial=00;start_type=ATG;rbs_motif=GGA/GAG/AGG;rbs_spacer=5-10bp;gc_cont=0.389
contig_1165:47213-49807|+   -            865 740at766             -            464     2e-06   22.8   0.2   2   2     5e-05     0.013   10.3   0.3   294   404   587   695   560   745 0.76 contig_1165_45 # 47213 # 49807 # 1 # ID=1_45;partial=00;start_type=ATG;rbs_motif=GGA/GAG/AGG;rbs_spacer=5-10bp;gc_cont=0.389
contig_1165:357244-358617|+ -            458 740at766             -            464   9.4e-06   20.6   0.5   1   2   3.4e-05    0.0086   10.8   0.1    66   105    35    74    18   129 0.74 contig_1165_356 # 357244 # 358617 # 1 # ID=1_356;partial=00;start_type=ATG;rbs_motif=None;rbs_spacer=None;gc_cont=0.344
contig_1165:357244-358617|+ -            458 740at766             -            464   9.4e-06   20.6   0.5   2   2   0.00032     0.082    7.6   0.0   296   341   270   316   258   327 0.84 contig_1165_356 # 357244 # 358617 # 1 # ID=1_356;partial=00;start_type=ATG;rbs_motif=None;rbs_spacer=None;gc_cont=0.344
contig_1165:435075-437591|- -            839 740at766             -            464   7.4e-05   17.6   0.0   1   2   1.4e-06   0.00037   15.3   0.0    44    93    19    68    15    71 0.83 contig_1165_441 # 435075 # 437591 # -1 # ID=1_441;partial=00;start_type=ATG;rbs_motif=GGA/GAG/AGG;rbs_spacer=5-10bp;gc_cont=0.380
contig_1165:435075-437591|- -            839 740at766             -            464   7.4e-05   17.6   0.0   2   2      0.14        36   -1.1   0.0   292   326   607   641   598   651 0.87 contig_1165_441 # 435075 # 437591 # -1 # ID=1_441;partial=00;start_type=ATG;rbs_motif=GGA/GAG/AGG;rbs_spacer=5-10bp;gc_cont=0.380
contig_1165:159680-161317|- -            546 740at766             -            464    0.0003   15.6   0.0   1   2   5.8e-05     0.015   10.0   0.0    68   121    21    74     9   141 0.86 contig_1165_148 # 159680 # 161317 # -1 # ID=1_148;partial=00;start_type=ATG;rbs_motif=None;rbs_spacer=None;gc_cont=0.398
contig_1165:159680-161317|- -            546 740at766             -            464    0.0003   15.6   0.0   2   2    0.0073       1.9    3.1   0.0   296   365   331   401   319   449 0.74 contig_1165_148 # 159680 # 161317 # -1 # ID=1_148;partial=00;start_type=ATG;rbs_motif=None;rbs_spacer=None;gc_cont=0.398
#
# Program:         hmmsearch
# Version:         3.4 (Aug 2023)
# Pipeline mode:   SEARCH
# Query file:      /private/groups/russelllab/jodie/Jacobs_et_al_2026_de_novo_wRi_merrill_23_assembly/busco_downloads/lineages/rickettsiales_odb10/hmms/740at766.hmm
# Target file:     private/groups/russelllab/jodie/Jacobs_et_al_2026_de_novo_wRi_merrill_23_assembly/busco/20250828_Nanopore/wRi/assembly/prodigal_output/predicted_genes/predicted.faa
# Option settings: hmmsearch --domtblout private/groups/russelllab/jodie/Jacobs_et_al_2026_de_novo_wRi_merrill_23_assembly/busco/20250828_Nanopore/wRi/assembly/run_rickettsiales_odb10/hmmer_output/740at766.out --cpu 1 /private/groups/russelllab/jodie/Jacobs_et_al_2026_de_novo_wRi_merrill_23_assembly/busco_downloads/lineages/rickettsiales_odb10/hmms/740at766.hmm private/groups/russelllab/jodie/Jacobs_et_al_2026_de_novo_wRi_merrill_23_assembly/busco/20250828_Nanopore/wRi/assembly/prodigal_output/predicted_genes/predicted.faa 
# Current dir:     /private/groups/russelllab/jodie/Jacobs_et_al_2026_de_novo_wRi_merrill_23_assembly
# Date:            Fri Aug 29 11:53:23 2025
# [ok]
