#                                                                                   --- full sequence --- -------------- this domain -------------   hmm coord   ali coord   env coord
# target name               accession   tlen query name           accession   qlen   E-value  score  bias   #  of  c-Evalue  i-Evalue  score  bias  from    to  from    to  from    to  acc description of target
#       ------------------- ---------- ----- -------------------- ---------- ----- --------- ------ ----- --- --- --------- --------- ------ ----- ----- ----- ----- ----- ----- ----- ---- ---------------------
contig_1165:833733-835175|- -            481 794at766             -            371  1.7e-152  504.0  67.3   1   2   6.2e-41   1.3e-38  129.2  26.7     8   138    47   185    26   198 0.83 contig_1165_829 # 833733 # 835175 # -1 # ID=1_829;partial=00;start_type=GTG;rbs_motif=GGA/GAG/AGG;rbs_spacer=11-12bp;gc_cont=0.348
contig_1165:833733-835175|- -            481 794at766             -            371  1.7e-152  504.0  67.3   2   2  5.2e-116  1.1e-113  376.3  32.4   129   351   200   429   187   467 0.92 contig_1165_829 # 833733 # 835175 # -1 # ID=1_829;partial=00;start_type=GTG;rbs_motif=GGA/GAG/AGG;rbs_spacer=11-12bp;gc_cont=0.348
contig_1165:701016-702482|- -            489 794at766             -            371   5.3e-35  117.4  51.3   1   3      0.38        79   -1.7   0.8     3    27     3    27     1    62 0.48 contig_1165_698 # 701016 # 702482 # -1 # ID=1_698;partial=00;start_type=ATG;rbs_motif=None;rbs_spacer=None;gc_cont=0.343
contig_1165:701016-702482|- -            489 794at766             -            371   5.3e-35  117.4  51.3   2   3   0.00011     0.024    9.9  15.2    29   134    68   186    29   204 0.79 contig_1165_698 # 701016 # 702482 # -1 # ID=1_698;partial=00;start_type=ATG;rbs_motif=None;rbs_spacer=None;gc_cont=0.343
contig_1165:701016-702482|- -            489 794at766             -            371   5.3e-35  117.4  51.3   3   3   1.2e-36   2.5e-34  115.2  25.0   134   342   211   431   202   437 0.87 contig_1165_698 # 701016 # 702482 # -1 # ID=1_698;partial=00;start_type=ATG;rbs_motif=None;rbs_spacer=None;gc_cont=0.343
contig_1165:979090-980598|- -            503 794at766             -            371   1.3e-22   76.6  54.5   1   2      0.27        57   -1.2   0.3    92   117    36    62     4    73 0.54 contig_1165_976 # 979090 # 980598 # -1 # ID=1_976;partial=00;start_type=ATG;rbs_motif=None;rbs_spacer=None;gc_cont=0.345
contig_1165:979090-980598|- -            503 794at766             -            371   1.3e-22   76.6  54.5   2   2   6.3e-24   1.3e-21   73.3  49.0    30   365    89   469    70   475 0.68 contig_1165_976 # 979090 # 980598 # -1 # ID=1_976;partial=00;start_type=ATG;rbs_motif=None;rbs_spacer=None;gc_cont=0.345
contig_1165:835179-837026|- -            616 794at766             -            371   1.6e-19   66.4  39.6   1   2   1.8e-06   0.00037   15.9  15.9    17   136    56   186    44   192 0.75 contig_1165_830 # 835179 # 837026 # -1 # ID=1_830;partial=00;start_type=ATG;rbs_motif=None;rbs_spacer=None;gc_cont=0.349
contig_1165:835179-837026|- -            616 794at766             -            371   1.6e-19   66.4  39.6   2   2   1.4e-18     3e-16   55.7  15.8   129   336   213   416   203   435 0.81 contig_1165_830 # 835179 # 837026 # -1 # ID=1_830;partial=00;start_type=ATG;rbs_motif=None;rbs_spacer=None;gc_cont=0.349
contig_1165:832372-833736|- -            455 794at766             -            371     7e-18   61.0  55.0   1   3      0.22        47   -0.9   0.8   258   277    12    31     4    50 0.66 contig_1165_828 # 832372 # 833736 # -1 # ID=1_828;partial=00;start_type=ATG;rbs_motif=None;rbs_spacer=None;gc_cont=0.349
contig_1165:832372-833736|- -            455 794at766             -            371     7e-18   61.0  55.0   2   3   2.8e-19   5.9e-17   58.0  46.0     7   345    42   416    33   422 0.69 contig_1165_828 # 832372 # 833736 # -1 # ID=1_828;partial=00;start_type=ATG;rbs_motif=None;rbs_spacer=None;gc_cont=0.349
contig_1165:832372-833736|- -            455 794at766             -            371     7e-18   61.0  55.0   3   3      0.32        68   -1.5   0.4   102   130   423   451   415   453 0.81 contig_1165_828 # 832372 # 833736 # -1 # ID=1_828;partial=00;start_type=ATG;rbs_motif=None;rbs_spacer=None;gc_cont=0.349
contig_1165:723429-724988|+ -            520 794at766             -            371   9.9e-07   24.3  41.3   1   2   4.7e-09   9.9e-07   24.3  41.3    11   322    14   323     6   362 0.68 contig_1165_722 # 723429 # 724988 # 1 # ID=1_722;partial=00;start_type=GTG;rbs_motif=None;rbs_spacer=None;gc_cont=0.326
contig_1165:723429-724988|+ -            520 794at766             -            371   9.9e-07   24.3  41.3   2   2      0.52   1.1e+02   -2.1   0.6   200   237   465   505   436   513 0.63 contig_1165_722 # 723429 # 724988 # 1 # ID=1_722;partial=00;start_type=GTG;rbs_motif=None;rbs_spacer=None;gc_cont=0.326
#
# Program:         hmmsearch
# Version:         3.4 (Aug 2023)
# Pipeline mode:   SEARCH
# Query file:      /private/groups/russelllab/jodie/Jacobs_et_al_2026_de_novo_wRi_merrill_23_assembly/busco_downloads/lineages/rickettsiales_odb10/hmms/794at766.hmm
# Target file:     private/groups/russelllab/jodie/Jacobs_et_al_2026_de_novo_wRi_merrill_23_assembly/busco/20250828_Nanopore/wRi/assembly/prodigal_output/predicted_genes/predicted.faa
# Option settings: hmmsearch --domtblout private/groups/russelllab/jodie/Jacobs_et_al_2026_de_novo_wRi_merrill_23_assembly/busco/20250828_Nanopore/wRi/assembly/run_rickettsiales_odb10/hmmer_output/794at766.out --cpu 1 /private/groups/russelllab/jodie/Jacobs_et_al_2026_de_novo_wRi_merrill_23_assembly/busco_downloads/lineages/rickettsiales_odb10/hmms/794at766.hmm private/groups/russelllab/jodie/Jacobs_et_al_2026_de_novo_wRi_merrill_23_assembly/busco/20250828_Nanopore/wRi/assembly/prodigal_output/predicted_genes/predicted.faa 
# Current dir:     /private/groups/russelllab/jodie/Jacobs_et_al_2026_de_novo_wRi_merrill_23_assembly
# Date:            Fri Aug 29 11:53:23 2025
# [ok]
