#                                                                                   --- full sequence --- -------------- this domain -------------   hmm coord   ali coord   env coord
# target name               accession   tlen query name           accession   qlen   E-value  score  bias   #  of  c-Evalue  i-Evalue  score  bias  from    to  from    to  from    to  acc description of target
#       ------------------- ---------- ----- -------------------- ---------- ----- --------- ------ ----- --- --- --------- --------- ------ ----- ----- ----- ----- ----- ----- ----- ---- ---------------------
contig_1165:625675-627165|- -            497 977at766             -            391  1.6e-202  668.7  20.3   1   2   1.5e-61   3.2e-59  197.0   1.5     1   104    64   170    64   185 0.95 contig_1165_618 # 625675 # 627165 # -1 # ID=1_618;partial=00;start_type=ATG;rbs_motif=AGGAG;rbs_spacer=3-4bp;gc_cont=0.371
contig_1165:625675-627165|- -            497 977at766             -            391  1.6e-202  668.7  20.3   2   2  1.2e-146  2.5e-144  477.1  11.6   101   391   189   496   180   496 0.94 contig_1165_618 # 625675 # 627165 # -1 # ID=1_618;partial=00;start_type=ATG;rbs_motif=AGGAG;rbs_spacer=3-4bp;gc_cont=0.371
contig_1165:194717-195994|+ -            426 977at766             -            391   1.7e-56  188.1   0.5   1   3     1e-23   2.2e-21   72.4   0.0     2   101    69   172    68   177 0.90 contig_1165_188 # 194717 # 195994 # 1 # ID=1_188;partial=00;start_type=ATG;rbs_motif=GGA/GAG/AGG;rbs_spacer=5-10bp;gc_cont=0.365
contig_1165:194717-195994|+ -            426 977at766             -            391   1.7e-56  188.1   0.5   2   3     1e-11   2.2e-09   32.9   0.1   204   262   179   255   170   260 0.74 contig_1165_188 # 194717 # 195994 # 1 # ID=1_188;partial=00;start_type=ATG;rbs_motif=GGA/GAG/AGG;rbs_spacer=5-10bp;gc_cont=0.365
contig_1165:194717-195994|+ -            426 977at766             -            391   1.7e-56  188.1   0.5   3   3   7.1e-26   1.5e-23   79.5   0.1   260   377   287   406   284   416 0.88 contig_1165_188 # 194717 # 195994 # 1 # ID=1_188;partial=00;start_type=ATG;rbs_motif=GGA/GAG/AGG;rbs_spacer=5-10bp;gc_cont=0.365
contig_1165:285329-287890|+ -            854 977at766             -            391   3.2e-08   29.1   0.6   1   4     0.021       4.5    2.3   0.1    44    66   201   223   183   232 0.80 contig_1165_287 # 285329 # 287890 # 1 # ID=1_287;partial=00;start_type=ATG;rbs_motif=None;rbs_spacer=None;gc_cont=0.377
contig_1165:285329-287890|+ -            854 977at766             -            391   3.2e-08   29.1   0.6   2   4       1.6   3.5e+02   -4.0   0.0   196   221   264   289   259   293 0.75 contig_1165_287 # 285329 # 287890 # 1 # ID=1_287;partial=00;start_type=ATG;rbs_motif=None;rbs_spacer=None;gc_cont=0.377
contig_1165:285329-287890|+ -            854 977at766             -            391   3.2e-08   29.1   0.6   3   4   1.2e-08   2.6e-06   22.8   0.0     7    67   562   620   558   640 0.84 contig_1165_287 # 285329 # 287890 # 1 # ID=1_287;partial=00;start_type=ATG;rbs_motif=None;rbs_spacer=None;gc_cont=0.377
contig_1165:285329-287890|+ -            854 977at766             -            391   3.2e-08   29.1   0.6   4   4       0.3        64   -1.5   0.0   269   304   744   779   738   820 0.74 contig_1165_287 # 285329 # 287890 # 1 # ID=1_287;partial=00;start_type=ATG;rbs_motif=None;rbs_spacer=None;gc_cont=0.377
contig_1165:563268-565109|+ -            614 977at766             -            391   3.4e-07   25.7   2.1   1   3   4.3e-09   9.2e-07   24.3   0.0    16    99   158   240   153   243 0.73 contig_1165_562 # 563268 # 565109 # 1 # ID=1_562;partial=00;start_type=ATG;rbs_motif=None;rbs_spacer=None;gc_cont=0.370
contig_1165:563268-565109|+ -            614 977at766             -            391   3.4e-07   25.7   2.1   2   3      0.29        61   -1.5   0.0   207   219   248   260   235   272 0.82 contig_1165_562 # 563268 # 565109 # 1 # ID=1_562;partial=00;start_type=ATG;rbs_motif=None;rbs_spacer=None;gc_cont=0.370
contig_1165:563268-565109|+ -            614 977at766             -            391   3.4e-07   25.7   2.1   3   3      0.28        58   -1.4   0.6   315   382   536   601   529   610 0.64 contig_1165_562 # 563268 # 565109 # 1 # ID=1_562;partial=00;start_type=ATG;rbs_motif=None;rbs_spacer=None;gc_cont=0.370
contig_1165:577623-579929|- -            769 977at766             -            391   1.7e-06   23.4   0.6   1   3      0.35        74   -1.7   0.0    46    62   232   248   223   255 0.85 contig_1165_577 # 577623 # 579929 # -1 # ID=1_577;partial=00;start_type=ATG;rbs_motif=GGA/GAG/AGG;rbs_spacer=5-10bp;gc_cont=0.339
contig_1165:577623-579929|- -            769 977at766             -            391   1.7e-06   23.4   0.6   2   3      0.13        27   -0.3   0.0   196   223   290   319   284   330 0.71 contig_1165_577 # 577623 # 579929 # -1 # ID=1_577;partial=00;start_type=ATG;rbs_motif=GGA/GAG/AGG;rbs_spacer=5-10bp;gc_cont=0.339
contig_1165:577623-579929|- -            769 977at766             -            391   1.7e-06   23.4   0.6   3   3   1.1e-07   2.4e-05   19.6   0.0     5    89   471   553   467   654 0.88 contig_1165_577 # 577623 # 579929 # -1 # ID=1_577;partial=00;start_type=ATG;rbs_motif=GGA/GAG/AGG;rbs_spacer=5-10bp;gc_cont=0.339
contig_1165:39298-40398|-   -            367 977at766             -            391    0.0052   11.9   0.1   1   2    0.0014       0.3    6.1   0.0    48    91   138   180   122   190 0.81 contig_1165_36 # 39298 # 40398 # -1 # ID=1_36;partial=00;start_type=ATG;rbs_motif=GGA/GAG/AGG;rbs_spacer=5-10bp;gc_cont=0.359
contig_1165:39298-40398|-   -            367 977at766             -            391    0.0052   11.9   0.1   2   2     0.006       1.3    4.1   0.1   196   221   182   209   177   218 0.73 contig_1165_36 # 39298 # 40398 # -1 # ID=1_36;partial=00;start_type=ATG;rbs_motif=GGA/GAG/AGG;rbs_spacer=5-10bp;gc_cont=0.359
#
# Program:         hmmsearch
# Version:         3.4 (Aug 2023)
# Pipeline mode:   SEARCH
# Query file:      /private/groups/russelllab/jodie/Jacobs_et_al_2026_de_novo_wRi_merrill_23_assembly/busco_downloads/lineages/rickettsiales_odb10/hmms/977at766.hmm
# Target file:     private/groups/russelllab/jodie/Jacobs_et_al_2026_de_novo_wRi_merrill_23_assembly/busco/20250828_Nanopore/wRi/assembly/prodigal_output/predicted_genes/predicted.faa
# Option settings: hmmsearch --domtblout private/groups/russelllab/jodie/Jacobs_et_al_2026_de_novo_wRi_merrill_23_assembly/busco/20250828_Nanopore/wRi/assembly/run_rickettsiales_odb10/hmmer_output/977at766.out --cpu 1 /private/groups/russelllab/jodie/Jacobs_et_al_2026_de_novo_wRi_merrill_23_assembly/busco_downloads/lineages/rickettsiales_odb10/hmms/977at766.hmm private/groups/russelllab/jodie/Jacobs_et_al_2026_de_novo_wRi_merrill_23_assembly/busco/20250828_Nanopore/wRi/assembly/prodigal_output/predicted_genes/predicted.faa 
# Current dir:     /private/groups/russelllab/jodie/Jacobs_et_al_2026_de_novo_wRi_merrill_23_assembly
# Date:            Fri Aug 29 11:53:23 2025
# [ok]
